1655062164334341375 0
1655062165335567181 0
1655062166336778940 0
1655062167337973120 0
1655062168339363288 0
1655062169340568991 0
1655062170341741259 0
1655062171342926765 0
1655062172344170284 0
1655062173345454899 17
1655062174346802030 22
1655062175347930999 13
1655062176349196757 20
1655062177350424198 23
1655062178351676473 23
1655062179352442252 21
1655062180353714054 17
1655062181354942938 17
1655062182356205731 14
1655062183357475597 23
1655062184358696058 22
1655062185359884510 21
1655062186361055603 16
1655062187362524909 17
1655062188364174987 18
1655062189365379850 20
1655062190366631654 14
1655062191367863611 24
1655062192368420635 21
1655062193370149277 14
1655062194371647384 22
1655062195372857333 17
1655062196374030427 27
1655062197375403270 22
1655062198376623152 21
1655062199377816916 21
1655062200378991164 20
1655062201380128746 20
1655062202381283202 15
1655062203382444713 21
1655062204383623658 20
1655062205384975177 20
1655062206386488542 19
1655062207387458923 21
1655062208388381122 22
1655062209389563207 16
1655062210390717424 24
1655062211391859431 15
1655062212393052034 19
1655062213394357744 16
1655062214395555918 24
1655062215396735367 25
1655062216397912163 15
1655062217399092667 24
1655062218400545560 21
1655062219401911125 14
1655062220403223993 18
1655062221404418493 14
1655062222405409851 26
1655062223406626716 21
1655062224407855295 21
1655062225409067695 19
1655062226410031370 18
1655062227410444746 18
1655062228411677812 21
1655062229412399402 18
1655062230413565064 23
1655062231414835969 25
1655062232416395707 17
1655062233417594172 13
1655062234418775822 23
1655062235420044788 13
1655062236420403865 16
1655062237421685155 25
1655062238422926386 22
1655062239424242574 21
1655062240425479480 15
1655062241426679056 16
1655062242427860454 21
1655062243429021910 11
1655062244430366015 25
1655062245431696559 20
1655062246432379855 21
1655062247433573874 22
1655062248435089347 24
1655062249436336035 19
1655062250437500620 15
1655062251438710472 18
1655062252439896178 27
1655062253441173041 26
1655062254442365058 21
1655062255443568648 20
1655062256444806474 24
1655062257446359262 23
1655062258447405164 21
1655062259448595024 19
1655062260449791999 18
1655062261450979814 28
1655062262452177722 17
1655062263453382995 0
1655062264454590314 0
1655062265456149414 0
1655062266457604505 0
