time,operation,name,city
1653773727572474288,INSERT,auez,ausly
1653773727572515653,INSERT,ips,aihn
1653773727572527796,INSERT,auefy,aiows
1653773727572537548,INSERT,oungly,irly
1653773727572546441,INSERT,ieugh,uierf
1653773727572555456,INSERT,oehl,eums
1653773727572564881,INSERT,aoth,eolls
1653773727572573021,INSERT,eauc,iry
1653773727572581653,INSERT,iish,uaws
1653773727572592833,INSERT,ough,eoty
1653773727572601792,INSERT,oih,eiays
1653773727572610154,INSERT,iump,oirm
1653773727572620878,INSERT,eiantz,uars
1653773727572629677,INSERT,eingly,aisch
1653773727572666643,INSERT,uers,aiann
1653773727572677193,INSERT,ourf,oans
1653773727572685937,INSERT,auesp,aiasly
1653773727572697296,INSERT,oul,uirf
1653773727572706013,INSERT,oify,iaoss
1653773727572721774,INSERT,iaont,aorr
1653773727572730354,INSERT,uiends,oab
1653773727572738405,INSERT,uask,idy
1653773727572746668,INSERT,eg,uld
1653773727572754953,INSERT,eiangs,aiaft
1653773727572763196,INSERT,uieg,iash
1653773727572771965,INSERT,aueld,aintz
1653773727572790756,INSERT,oild,aex
1653773727572801558,INSERT,ueff,iops
1653773727572820829,INSERT,eik,oiarr
1653773727572830081,INSERT,auss,uiew
1653773727572838283,INSERT,oiarth,euld
1653773727572846973,INSERT,oiar,aesly
1653773727572855588,INSERT,uesly,oong
1653773727572863793,INSERT,aian,aeks
1653773727572871591,INSERT,aiart,iaott
1653773727572889142,INSERT,uett,ary
1653773727572908846,INSERT,eac,uix
1653773727572919862,INSERT,iaonds,uotz
1653773727572927953,INSERT,eart,eutz
1653773727572936601,INSERT,iaohn,int
1653773727572945448,INSERT,eem,itts
1653773727572957097,INSERT,irth,iuls
1653773727572964673,INSERT,uieff,eias
1653773727572973313,INSERT,aacy,oint
1653773727572983927,INSERT,ep,eacs
1653773727572992284,INSERT,eiys,auely
1653773727573000779,INSERT,iuc,ieng
1653773727573009016,INSERT,otch,iaors
1653773727573017902,INSERT,oorts,uds
1653773727573026446,INSERT,iucy,eull
1653773728430613023,INSERT,oiarr,ouly
1653773728430746405,INSERT,iourry,aul
1653773728430761652,INSERT,eisp,iiks
1653773728430770915,INSERT,oiarly,iosk
1653773728430780604,INSERT,iulls,uiett
1653773728430790237,INSERT,uiry,iaonds
1653773728430798646,INSERT,uiews,ild
1653773728430806849,INSERT,aoft,eoks
1653773728430815283,INSERT,eiaps,az
1653773728430832478,INSERT,iaoght,oob
1653773728430855181,INSERT,og,ect
1653773728430875899,INSERT,uirs,aiost
1653773728430884536,INSERT,eur,oengly
1653773728430892420,INSERT,uien,eall
1653773728430900966,INSERT,oity,iuncy
1653773728430909027,INSERT,eiam,uann
1653773728430916997,INSERT,ourf,eah
1653773728430926059,INSERT,uav,eady
1653773728430934199,INSERT,ieuz,en
1653773728430943079,INSERT,ieugy,uarf
1653773728430951057,INSERT,ioucks,aitt
1653773728430959318,INSERT,oogs,aaly
1653773728430967923,INSERT,iads,uands
1653773728430976070,INSERT,oancy,ec
1653773728431001875,INSERT,aeng,uirr
1653773728431010919,INSERT,oiys,uierth
1653773728431027008,INSERT,oupp,oopt
1653773728431037902,INSERT,uiry,eec
1653773728431045944,INSERT,iaorn,ioucks
1653773728431054546,INSERT,iucts,iirly
1653773728431063047,INSERT,asts,uorry
1653773728431071688,INSERT,iif,iengs
1653773728431079871,INSERT,eaps,oift
1653773728431088183,INSERT,eorn,oeps
1653773728431096244,INSERT,aty,oimp
1653773728431104427,INSERT,uoz,iard
1653773728431122683,INSERT,aiops,ed
1653773728431133771,INSERT,emp,auw
1653773728431141943,INSERT,uws,uing
1653773728431150183,INSERT,oust,icy
1653773728431157853,INSERT,een,iintz
1653773728431166107,INSERT,uirs,iuws
1653773728431174149,INSERT,eihn,auedy
1653773728431181739,INSERT,uantz,aiorf
1653773728431190326,INSERT,uold,eorry
1653773728431198811,INSERT,uarf,uck
1653773728431207716,INSERT,uangly,id
1653773728431216195,INSERT,enn,oers
1653773728431224512,INSERT,eip,oal
1653773728431232867,INSERT,em,ish
1653773728644061502,INSERT,igh,iatt
1653773728644163380,INSERT,aics,air
1653773728644181790,INSERT,eck,eaungs
1653773728644191407,INSERT,iaorn,iouks
1653773728644203538,INSERT,icy,int
1653773728644212713,INSERT,eentz,aaly
1653773728644234170,INSERT,oep,aak
1653773728644254981,INSERT,ueh,ols
1653773728644263578,INSERT,oians,aop
1653773728644292430,INSERT,ousp,aiaf
1653773728644304396,INSERT,iol,iours
1653773728644315603,INSERT,iort,eff
1653773728644335352,INSERT,auesp,iom
1653773728644343449,INSERT,aion,iind
1653773728644352083,INSERT,eauy,oat
1653773728644359880,INSERT,uows,aueng
1653773728644368798,INSERT,euch,un
1653773728644377249,INSERT,eund,aor
1653773728644385346,INSERT,ells,eught
1653773728644405517,INSERT,oss,eiard
1653773728644414505,INSERT,aipp,oiats
1653773728644422479,INSERT,iet,ih
1653773728644431239,INSERT,iaonts,oid
1653773728644439017,INSERT,uv,etz
1653773728644447686,INSERT,oox,uiengly
1653773728644456956,INSERT,iorm,auecks
1653773728644475730,INSERT,oahl,oiats
1653773728644487215,INSERT,eaugy,aatt
1653773728644495692,INSERT,ial,eunt
1653773728644515221,INSERT,aiold,eacy
1653773728644524248,INSERT,oecs,eurth
1653773728644533062,INSERT,oosh,aons
1653773728644541186,INSERT,auerly,iaotts
1653773728644550121,INSERT,aont,aak
1653773728644557817,INSERT,eiangly,eab
1653773728644566468,INSERT,iehl,uicts
1653773728644583975,INSERT,aiaws,uiez
1653773728644595341,INSERT,ointly,aut
1653773728644603431,INSERT,eiff,oets
1653773728644611454,INSERT,aings,ancy
1653773728644619952,INSERT,ieuv,enn
1653773728644627829,INSERT,ends,iands
1653773728644670416,INSERT,aatch,eiar
1653773728644678578,INSERT,auelly,uant
1653773728644688078,INSERT,oesp,auesly
1653773728644696088,INSERT,uort,iountz
1653773728644704827,INSERT,ieny,eiaty
1653773728644716910,INSERT,eauhn,uopp
1653773728644725370,INSERT,uiedy,aup
1653773728644734325,INSERT,aoh,aav
1653773744837969071,INSERT,orth,eauhl
1653773744838043460,INSERT,oials,ieurth
1653773744838053808,INSERT,oasts,ieuch
1653773744838061209,INSERT,aest,aoty
1653773744838071775,INSERT,iond,oirr
1653773744838082027,INSERT,uiesly,aec
1653773744838091671,INSERT,iust,auecs
1653773744838097686,INSERT,ointly,eausp
1653773744838102744,INSERT,ieuhn,iouly
1653773744838116921,INSERT,euth,iins
1653773744838124077,INSERT,auerly,iond
1653773744838129732,INSERT,oibly,ex
1653773744838135001,INSERT,ay,oums
1653773744838140021,INSERT,iaols,iocs
1653773744838145266,INSERT,eaux,iic
1653773744838150253,INSERT,aasly,auell
1653773744838155328,INSERT,eurs,auty
1653773744838161862,INSERT,ieut,iaght
1653773744838171347,INSERT,ur,eaks
1653773744838176677,INSERT,oucy,aight
1653773744838181762,INSERT,isk,eiacks
1653773744838186487,INSERT,eern,uengs
1653773744838191462,INSERT,eoms,ieutts
1653773744838196638,INSERT,aasly,oirr
1653773744838201650,INSERT,ointly,ucs
1653773744838206562,INSERT,eiaff,iohn
1653773744838221809,INSERT,eork,eians
1653773744838229396,INSERT,uasts,ahn
1653773744838234639,INSERT,eiaw,eials
1653773744838239783,INSERT,oery,ogs
1653773744838244811,INSERT,eeb,uont
1653773744838249756,INSERT,iiy,iown
1653773744838254554,INSERT,iounk,eiatch
1653773744838259487,INSERT,aerg,uahl
1653773744838264316,INSERT,uny,augy
1653773744838269318,INSERT,aiacs,aihl
1653773744838283464,INSERT,eiats,iouch
1653773744838290635,INSERT,uaz,eings
1653773744838295925,INSERT,eow,iuds
1653773744838301182,INSERT,aiard,aity
1653773744838306534,INSERT,uiely,oidly
1653773744838311822,INSERT,euv,uieds
1653773744838316645,INSERT,ings,eaunk
1653773744838321577,INSERT,uieft,ierly
1653773744838338418,INSERT,eiath,ierly
1653773744838344030,INSERT,eaurf,ieubly
1653773744838362802,INSERT,aov,ielt
1653773744838371897,INSERT,eeys,aioy
1653773744838377585,INSERT,iaosch,ieuntz
1653773744838383426,INSERT,aeb,ieurf
1653773756539988012,INSERT,uantly,eurg
1653773756540079026,INSERT,earst,iaok
1653773756540103403,INSERT,aiach,aihl
1653773756540117764,INSERT,ioush,eilt
1653773756540128997,INSERT,iets,aiorf
1653773756540138657,INSERT,aior,euk
1653773756540147050,INSERT,iify,unds
1653773756540159651,INSERT,aty,aund
1653773756540169622,INSERT,eeght,iirn
1653773756540179837,INSERT,oiahn,aost
1653773756540190457,INSERT,oiawn,oily
1653773756540198168,INSERT,aows,auerts
1653773756540206152,INSERT,aiasp,ich
1653773756540216015,INSERT,oagh,eak
1653773756540223519,INSERT,ihl,iaob
1653773756540232998,INSERT,oang,oantz
1653773756540251569,INSERT,eell,eehl
1653773756540259957,INSERT,iiks,aarm
1653773756540268524,INSERT,alt,itts
1653773756540276683,INSERT,oild,aiarty
1653773756540284626,INSERT,eontly,iiv
1653773756540292248,INSERT,aiont,uily
1653773756540300086,INSERT,eirth,iorth
1653773756540317013,INSERT,ubly,engly
1653773756540324998,INSERT,oangs,iats
1653773756540333168,INSERT,ast,oarly
1653773756540348940,INSERT,aaft,oirg
1653773756540358549,INSERT,eegs,oaf
1653773756540366457,INSERT,arts,uok
1653773756540374700,INSERT,oels,od
1653773756540382437,INSERT,eerry,iaonk
1653773756540390461,INSERT,aact,aiarly
1653773756540397966,INSERT,ioubs,urds
1653773756540407708,INSERT,oon,of
1653773756540415977,INSERT,oiatts,oiarr
1653773756540431755,INSERT,iaost,uants
1653773756540449041,INSERT,oacy,osp
1653773756540465261,INSERT,uienk,eery
1653773756540474885,INSERT,iaty,uams
1653773756540482772,INSERT,eotz,auerry
1653773756540490662,INSERT,aiops,aiods
1653773756540506797,INSERT,uerts,iaorly
1653773756540514949,INSERT,uopt,ang
1653773756540522893,INSERT,aiag,ieully
1653773756540539537,INSERT,aarr,uiects
1653773756540547880,INSERT,ieupt,uiebs
1653773756540555962,INSERT,ieps,aion
1653773756540566603,INSERT,iilly,auerry
1653773756540574637,INSERT,uerts,aiax
1653773756540583001,INSERT,aald,eots
1653773761040155561,INSERT,iiff,oep
1653773761040265723,INSERT,uilly,ausly
1653773761040282821,INSERT,oiaz,eaur
1653773761040292645,INSERT,ieng,eims
1653773761040301204,INSERT,eorn,eotts
1653773761040310764,INSERT,uacks,iin
1653773761040319516,INSERT,oiatz,ith
1653773761040328895,INSERT,oag,euts
1653773761040337003,INSERT,urly,eaun
1653773761040355997,INSERT,oosly,oial
1653773761040368112,INSERT,uintly,oot
1653773761040377091,INSERT,eick,aes
1653773761040385681,INSERT,oek,aek
1653773761040394538,INSERT,oirds,oony
1653773761040403307,INSERT,aary,oann
1653773761040411382,INSERT,eells,oll
1653773761040419534,INSERT,ieuf,iuks
1653773761040428339,INSERT,iipt,oatz
1653773761040436967,INSERT,aerly,aasch
1653773761040445349,INSERT,ealt,eiatt
1653773761040453585,INSERT,eaurth,uang
1653773761040462149,INSERT,ieuff,eils
1653773761040471665,INSERT,uield,auety
1653773761040479672,INSERT,iip,end
1653773761040489143,INSERT,auend,iantly
1653773761040498341,INSERT,uotz,iaop
1653773761040517510,INSERT,uegy,iuss
1653773761040528901,INSERT,eigs,aahl
1653773761040538000,INSERT,aohn,oicy
1653773761040546607,INSERT,aish,aegy
1653773761040558714,INSERT,oisp,eauly
1653773761040567926,INSERT,iirst,eihl
1653773761040576121,INSERT,uft,aosk
1653773761040585157,INSERT,outts,oum
1653773761040593763,INSERT,uap,uon
1653773761040602983,INSERT,iels,eauck
1653773761040621364,INSERT,eiank,uany
1653773761040632267,INSERT,uird,oez
1653773761040658355,INSERT,eust,al
1653773761040666392,INSERT,eonn,ealls
1653773761040675379,INSERT,iogs,earr
1653773761040691246,INSERT,iaoc,auesm
1653773761040700012,INSERT,ins,uesp
1653773761040708081,INSERT,uarth,iasch
1653773761040716833,INSERT,eerg,ountz
1653773761040725470,INSERT,eiars,oks
1653773761040734098,INSERT,oell,uorr
1653773761040744880,INSERT,eurm,uez
1653773761040753462,INSERT,iism,auects
1653773761040762165,INSERT,aiall,iaohn
1653773761444025585,INSERT,iaonts,oic
1653773761444137097,INSERT,aach,eism
1653773761444196933,INSERT,oalt,oocks
1653773761444207825,INSERT,iaocs,iaoc
1653773761444217633,INSERT,aetts,eort
1653773761444237957,INSERT,uoty,eoch
1653773761444247177,INSERT,oiats,audly
1653773761444257000,INSERT,iaort,auem
1653773761444265541,INSERT,ap,iiws
1653773761444284313,INSERT,eot,ists
1653773761444295517,INSERT,eiacts,oently
1653773761444304615,INSERT,oeck,euct
1653773761444313633,INSERT,at,uold
1653773761444321814,INSERT,ic,eingly
1653773761444330275,INSERT,am,ioums
1653773761444338900,INSERT,eauly,eoll
1653773761444347638,INSERT,etch,oep
1653773761444355934,INSERT,iict,uiett
1653773761444398058,INSERT,oorf,eirt
1653773761444412918,INSERT,oufy,oiafy
1653773761444422661,INSERT,aants,eiancy
1653773761444431259,INSERT,aerty,outy
1653773761444452015,INSERT,auep,eigs
1653773761444460356,INSERT,iull,oetts
1653773761444468924,INSERT,uip,auesk
1653773761444477718,INSERT,ung,oush
1653773761444504086,INSERT,eely,auety
1653773761444515219,INSERT,aiwn,iamp
1653773761444523662,INSERT,uem,uawn
1653773761444532313,INSERT,auwn,eaux
1653773761444540588,INSERT,uads,eild
1653773761444548331,INSERT,uims,iirg
1653773761444556154,INSERT,eerm,auentz
1653773761444563477,INSERT,iaont,eik
1653773761444570994,INSERT,iep,ior
1653773761444578890,INSERT,auek,eck
1653773761444599550,INSERT,iibs,ags
1653773761444609819,INSERT,urg,eurn
1653773761444617228,INSERT,aidly,osch
1653773761444626082,INSERT,eatts,iouncy
1653773761444657545,INSERT,aif,oiac
1653773761444667437,INSERT,ieuws,aats
1653773761444675196,INSERT,eirg,aey
1653773761444683355,INSERT,uot,eil
1653773761444690949,INSERT,auedly,aiaz
1653773761444698243,INSERT,oincy,iaor
1653773761444705663,INSERT,own,uh
1653773761444728417,INSERT,iuk,uins
1653773761444738726,INSERT,iegh,ew
1653773761444746873,INSERT,eiaf,eiards
1653773763735028237,INSERT,eians,ouft
1653773763735117350,INSERT,iar,aily
1653773763735131877,INSERT,iaontly,eingly
1653773763735141885,INSERT,uasts,ars
1653773763735151635,INSERT,eedy,eort
1653773763735160939,INSERT,eart,ews
1653773763735170346,INSERT,eb,ong
1653773763735179345,INSERT,iintly,urt
1653773763735188911,INSERT,iuss,oern
1653773763735200895,INSERT,aued,aufy
1653773763735209806,INSERT,ud,ist
1653773763735218847,INSERT,oags,eints
1653773763735228516,INSERT,aiohn,uacts
1653773763735237749,INSERT,auews,iouny
1653773763735246770,INSERT,eaurr,aiox
1653773763735256274,INSERT,eem,iontz
1653773763735265503,INSERT,aks,oogs
1653773763735274948,INSERT,ieurr,uil
1653773763735283442,INSERT,aiarly,uieks
1653773763735292537,INSERT,ourr,oiacks
1653773763735301000,INSERT,eosly,iency
1653773763735310318,INSERT,auegy,uints
1653773763735319353,INSERT,ood,oef
1653773763735328255,INSERT,eoft,ierst
1653773763735337139,INSERT,uiz,oill
1653773763735345897,INSERT,oiaf,aiask
1653773763735363926,INSERT,olly,eaubly
1653773763735374548,INSERT,iaock,uerty
1653773763735383499,INSERT,eialls,aaf
1653773763735391990,INSERT,eiands,eih
1653773763735400455,INSERT,iopp,auf
1653773763735408896,INSERT,iands,ount
1653773763735417511,INSERT,eeds,aueys
1653773763735426420,INSERT,uoft,eind
1653773763735435243,INSERT,iurm,uigy
1653773763735443518,INSERT,iaov,uam
1653773763735469055,INSERT,aaz,iogh
1653773763735480185,INSERT,ausp,aall
1653773763735488704,INSERT,auehn,uiebs
1653773763735497407,INSERT,eins,og
1653773763735505616,INSERT,iuc,uiehn
1653773763735514247,INSERT,outt,ietts
1653773763735521726,INSERT,oust,uect
1653773763735530268,INSERT,auengly,ousts
1653773763735538463,INSERT,aiafy,ean
1653773763735546868,INSERT,eoz,oitts
1653773763735555325,INSERT,auw,er
1653773763735567403,INSERT,eiars,eauts
1653773763735576127,INSERT,uirst,eiacy
1653773763735584947,INSERT,ouls,aong
1653773763955978637,INSERT,iehn,eegh
1653773763956076085,INSERT,uisk,aft
1653773763956089844,INSERT,ieuv,is
1653773763956098947,INSERT,iicy,osm
1653773764028044004,INSERT,iith,aurty
1653773764028067484,INSERT,aably,ooss
1653773764028077486,INSERT,eaups,aug
1653773764028086384,INSERT,iet,ends
1653773764028095252,INSERT,ieusm,ialy
1653773764028115444,INSERT,oiarst,uath
1653773764028126071,INSERT,aafy,aald
1653773764028135729,INSERT,ieurry,aioys
1653773764028145049,INSERT,oerk,auers
1653773764028153724,INSERT,uight,aiaz
1653773764028163134,INSERT,uobly,iour
1653773764028172775,INSERT,eusm,aock
1653773764028181685,INSERT,aiosh,ieusly
1653773764028191058,INSERT,oiach,oiak
1653773764028199607,INSERT,iounn,aiods
1653773764028208956,INSERT,aerth,aiosts
1653773764028217280,INSERT,ess,oirt
1653773764028226393,INSERT,oag,ucy
1653773764028235308,INSERT,uad,oupt
1653773764028243814,INSERT,aopt,aueds
1653773764028252500,INSERT,uieds,oiady
1653773764028261452,INSERT,aety,eontly
1653773764028280087,INSERT,oars,ault
1653773764028290949,INSERT,iougs,oods
1653773764028299488,INSERT,iird,oars
1653773764028307880,INSERT,uatts,aech
1653773764028317159,INSERT,oency,aufy
1653773764028325838,INSERT,iedly,aiors
1653773764028334046,INSERT,uetts,aiog
1653773764028342574,INSERT,ieuts,eurn
1653773764028351286,INSERT,eiasly,aiors
1653773764028360105,INSERT,aaly,eid
1653773764028377553,INSERT,es,aents
1653773764028389276,INSERT,ieunk,iour
1653773764028397890,INSERT,eauw,uells
1653773764028406912,INSERT,aioncy,uer
1653773764028415146,INSERT,eaght,oarts
1653773764028424588,INSERT,oocks,aiotts
1653773764028433665,INSERT,eirm,eautts
1653773764028442140,INSERT,oarth,uac
1653773764028450867,INSERT,ieght,oatz
1653773764028459395,INSERT,uit,uiys
1653773764028468136,INSERT,ouff,ieul
1653773764028481522,INSERT,oert,uars
1653773764028490524,INSERT,ahl,ooy
1653773764028498600,INSERT,iims,oiff
1653773764341049667,INSERT,iaps,iourt
1653773764341170921,INSERT,iigs,uot
1653773764341186316,INSERT,ody,ieurk
1653773764341207969,INSERT,uic,ung
1653773764341228651,INSERT,oubs,eeng
1653773764341241525,INSERT,eoc,aarn
1653773764341251017,INSERT,outs,uiks
1653773764341271224,INSERT,aosch,oialls
1653773764341280984,INSERT,aongs,auck
1653773764341299477,INSERT,iouts,ek
1653773764341318305,INSERT,uihl,iuhn
1653773764341339604,INSERT,eauny,aurts
1653773764341351268,INSERT,it,iaow
1653773764341359894,INSERT,ieh,aends
1653773764341369147,INSERT,eaup,epp
1653773764341388228,INSERT,uenk,eeg
1653773764341408875,INSERT,uirk,aonds
1653773764341417667,INSERT,uas,eemp
1653773764341426260,INSERT,aenk,eiantz
1653773764341435678,INSERT,aoys,eiarts
1653773764341444068,INSERT,ioups,iaonds
1653773764341452797,INSERT,eiamp,uieps
1653773764341461770,INSERT,eurly,aelly
1653773764341470527,INSERT,oibs,ity
1653773764341479033,INSERT,eorg,auesly
1653773764341487646,INSERT,aep,ieurly
1653773764341506117,INSERT,eeps,iugy
1653773764341516817,INSERT,uierty,iaosp
1653773764341525185,INSERT,eads,iabs
1653773764341533827,INSERT,eerst,oaly
1653773764341542285,INSERT,aags,iaoncy
1653773764341550564,INSERT,oiac,eaup
1653773764341558710,INSERT,ark,eent
1653773764341566749,INSERT,uk,aeft
1653773764341574645,INSERT,uierds,uidly
1653773764341582773,INSERT,ock,uacs
1653773764341600783,INSERT,eauncy,oiarts
1653773764341612029,INSERT,eosh,eelly
1653773764341620300,INSERT,oiark,auks
1653773764341628257,INSERT,aialy,erm
1653773764341652965,INSERT,aiast,uads
1653773764341661446,INSERT,aent,ueny
1653773764341670201,INSERT,iaops,eald
1653773764341678466,INSERT,iesm,ieudy
1653773764341687247,INSERT,eof,iob
1653773764341702480,INSERT,eomp,einy
1653773764341710856,INSERT,irly,earst
1653773764341734232,INSERT,uerts,iops
1653773764341745498,INSERT,iontly,ieuhl
1653773764341754474,INSERT,eiks,aesm
