1655518134423162529 0
1655518135424334601 0
1655518136425460643 0
1655518137426596569 0
1655518138427721766 0
1655518139428846408 0
1655518140429973226 0
1655518141431098834 0
1655518142432225674 0
1655518143433348235 67
1655518144434472649 69
1655518145435597002 61
1655518146436719830 70
1655518147437844764 70
1655518148438968136 68
1655518149440093657 68
1655518150441222414 70
1655518151442353613 68
1655518152443482404 63
1655518153444611033 69
1655518154445737545 70
1655518155446856969 69
1655518156447990479 67
1655518157449120954 70
1655518158450250529 69
1655518159451370132 63
1655518160452498393 68
1655518161453619854 70
1655518162454737203 69
1655518163455860114 68
1655518164456983343 69
1655518165458116765 70
1655518166459237444 64
1655518167460371663 66
1655518168461495320 70
1655518169462614662 70
1655518170463737598 67
1655518171464864313 69
1655518172465990685 70
1655518173467079770 66
1655518174468206920 64
1655518175469335316 70
1655518176470464935 70
1655518177471592219 67
1655518178472714978 69
1655518179473836929 70
1655518180474962136 67
1655518181476092659 63
1655518182477224050 70
1655518183478350908 70
1655518184479477488 69
1655518185480599983 67
1655518186481730586 70
1655518187482850447 70
1655518188483987942 60
1655518189485120088 70
1655518190486250348 70
1655518191487373698 69
1655518192488496891 68
1655518193489621552 69
1655518194490738291 70
1655518195491856959 63
1655518196492982828 67
1655518197494104749 70
1655518198495232635 69
1655518199496362562 68
1655518200497488066 69
1655518201498626921 70
1655518202499743877 61
1655518203500872467 69
1655518204502000173 70
1655518205503118046 69
1655518206504235231 69
1655518207505361545 68
1655518208506485074 70
1655518209507601764 64
1655518210508733722 66
1655518211509862060 70
1655518212510989506 70
1655518213512119532 69
1655518214513248931 68
1655518215514379149 69
1655518216515499108 66
1655518217516628150 64
1655518218517755760 70
1655518219518875837 70
1655518220520006146 69
1655518221521130854 68
1655518222522252847 69
1655518223522633770 66
1655518224523757601 65
1655518225524881579 69
1655518226526005559 70
1655518227527128233 69
1655518228528251033 68
1655518229529372863 69
1655518230530498180 68
1655518231531622466 63
1655518232532748462 67
1655518233533871466 0