1655858814979346910 0
1655858815980593525 0
1655858816981756415 0
1655858817982921055 0
1655858818983712589 0
1655858819984905245 0
1655858820986073710 0
1655858821986345806 0
1655858822987519880 0
1655858823988716898 17
1655858824989671466 50
1655858825990839213 46
1655858826991680602 46
1655858827992841543 48
1655858828994010366 48
1655858829995202928 45
1655858830995724144 48
1655858831997141348 46
1655858832998366214 47
1655858833999535825 46
1655858835000771662 47
1655858836001932290 50
1655858837003092557 46
1655858838003718711 45
1655858839004897658 49
1655858840005604263 47
1655858841007033329 45
1655858842008184668 49
1655858843009333718 47
1655858844010473606 47
1655858845011640102 46
1655858846012802185 48
1655858847013985604 47
1655858848015688406 47
1655858849017114558 47
1655858850018407616 46
1655858851019655048 48
1655858852020835033 47
1655858853022049286 45
1655858854023202967 50
1655858855023745648 45
1655858856025648650 47
1655858857027114153 48
1655858858027791773 48
1655858859029223261 47
1655858860030432922 47
1655858861031690220 48
1655858862032835521 48
1655858863034061345 46
1655858864035801370 46
1655858865036959147 50
1655858866038156017 47
1655858867039658992 44
1655858868039849112 49
1655858869041270496 49
1655858870042511636 45
1655858871043676893 47
1655858872044835410 49
1655858873045996468 48
1655858874047139772 45
1655858875047680694 48
1655858876048844309 48
1655858877049990941 47
1655858878051155498 47
1655858879051691980 48
1655858880052846606 47
1655858881053523949 47
1655858882054729427 47
1655858883055700529 48
1655858884056860868 46
1655858885057994546 48
1655858886059141350 47
1655858887059684106 48
1655858888060410194 46
1655858889061967054 48
1655858890063137581 48
1655858891064304865 46
1655858892065480589 48
1655858893066640005 48
1655858894067723146 48
1655858895068874504 45
1655858896070023689 49
1655858897071223550 47
1655858898071727747 48
1655858899072893216 45
1655858900074053926 45
1655858901075202098 48
1655858902076356268 47
1655858903077507083 48
1655858904078679858 45
1655858905079790470 47
1655858906081129158 48
1655858907082279980 46
1655858908083454732 49
1655858909084610193 46
1655858910085753635 49
1655858911086927701 45
1655858912087693080 48
1655858913088838072 48
