1655858971560048743 0
1655858972561302052 0
1655858973562480076 0
1655858974563644853 0
1655858975564813012 0
1655858976565987506 0
1655858977566743852 0
1655858978567931095 0
1655858979569104982 0
1655858980570277802 0
1655858981570720950 51
1655858982571883592 56
1655858983573066097 57
1655858984574325838 56
1655858985576703176 56
1655858986577851513 59
1655858987578692489 56
1655858988579847227 54
1655858989581004256 59
1655858990582213609 56
1655858991584010525 59
1655858992585202092 54
1655858993586340671 58
1655858994587494195 57
1655858995588652321 55
1655858996589805916 58
1655858997591012110 58
1655858998592151492 53
1655858999593309350 58
1655859000594464348 59
1655859001594739645 52
1655859002596682141 58
1655859003597839794 53
1655859004598787653 54
1655859005600757443 55
1655859006601917008 59
1655859007603079690 54
1655859008604254483 54
1655859009605427771 54
1655859010606787032 56
1655859011608744626 53
1655859012609909511 59
1655859013611066800 56
1655859014612215918 55
1655859015613364696 57
1655859016614527143 57
1655859017614714789 55
1655859018615856425 57
1655859019617171547 57
1655859020618778050 58
1655859021620326909 56
1655859022621475638 57
1655859023622615135 57
1655859024623805128 56
1655859025625016012 57
1655859026626706487 57
1655859027628271576 57
1655859028630104285 57
1655859029631275929 55
1655859030632446532 58
1655859031633606934 54
1655859032634719320 58
1655859033634946016 53
1655859034636858708 58
1655859035638719124 53
1655859036639882573 56
1655859037641025916 58
1655859038642243337 55
1655859039643442858 58
1655859040644590365 57
1655859041645738878 56
1655859042646902168 56
1655859043648058721 58
1655859044649203411 55
1655859045650354865 57
1655859046651516824 55
1655859047652662268 56
1655859048653831932 54
1655859049654685140 59
1655859050655846068 56
1655859051656991010 57
1655859052658204228 53
1655859053660036442 59
1655859054661189991 57
1655859055662383653 56
1655859056663634794 56
1655859057664784338 58
1655859058665932359 58
1655859059666765241 54
1655859060668259620 58
1655859061669522297 57
1655859062670710909 54
1655859063671909844 58
1655859064673965915 57
1655859065674725501 54
1655859066675882027 58
1655859067677052463 57
1655859068677454425 55
