1655506606924025267 0
1655506607925195798 0
1655506608926318151 0
1655506609927448009 0
1655506610928572489 0
1655506611929694494 0
1655506612930819029 0
1655506613931941281 0
1655506614933066364 4
1655506615934201423 89
1655506616935325888 96
1655506617936448473 100
1655506618937578550 100
1655506619938697897 93
1655506620939842855 92
1655506621940996850 99
1655506622942158043 100
1655506623943307603 96
1655506624944444947 100
1655506625945575362 100
1655506626946662634 96
1655506627947785653 89
1655506628948913714 99
1655506629950038749 100
1655506630951132888 96
1655506631952270481 100
1655506632953389264 100
1655506633954508940 97
1655506634955601464 91
1655506635956747159 96
1655506636957867202 100
1655506637958980619 98
1655506638960097295 98
1655506639961221592 98
1655506640962335484 100
1655506641963459311 92
1655506642964573860 95
1655506643965696919 99
1655506644966610527 99
1655506645967749121 97
1655506646968880700 100
1655506647970009863 98
1655506648971128988 94
1655506649972275658 95
1655506650973388896 97
1655506651974511885 100
1655506652975625577 97
1655506653976743380 99
1655506654977858854 98
1655506655978986646 98
1655506656980122353 91
1655506657981243730 97
1655506658982358796 100
1655506659983455435 97
1655506660984582256 99
1655506661985709156 98
1655506662986804637 95
1655506663987941890 94
1655506664989066307 97
1655506665990189947 100
1655506666991314198 97
1655506667992428898 99
1655506668993553062 98
1655506669994668980 97
1655506670995790575 94
1655506671996915806 95
1655506672998038603 100
1655506673999165987 100
1655506675000289547 97
1655506676001404744 98
1655506677002530918 99
1655506678003665590 93
1655506679004787518 94
1655506680005921240 99
1655506681007066342 100
1655506682008193159 97
1655506683009320864 99
1655506684010446250 98
1655506685011568782 94
1655506686012683586 94
1655506687013807014 98
1655506688014926873 100
1655506689016054078 97
1655506690017175296 100
1655506691018300729 97
1655506692019423488 99
1655506693020545957 90
1655506694021677504 97
1655506695022795814 100
1655506696023920559 100
1655506697025048391 97
1655506698026174368 98
1655506699026647691 99
1655506700027781604 91
1655506701028907486 96
1655506702030030363 99
1655506703030643391 100
1655506704031768820 97
1655506705032897937 81