1655526357981193175 0
1655526358982347297 0
1655526359983473317 0
1655526360984597507 0
1655526361985720283 0
1655526362986834312 0
1655526363987946372 0
1655526364989069804 0
1655526365990193490 0
1655526366991274763 53
1655526367992408426 112
1655526368993535255 120
1655526369994622744 119
1655526370995754015 112
1655526371996878014 117
1655526372998002043 120
1655526373999117402 112
1655526375000245576 116
1655526376001367055 120
1655526377002489911 120
1655526378003613830 110
1655526379004730340 118
1655526380005855384 120
1655526381006973000 111
1655526382008102891 117
1655526383009231874 120
1655526384010356877 116
1655526385011471289 113
1655526386012596137 118
1655526387013730223 119
1655526388014636499 114
1655526389015762966 116
1655526390016889106 119
1655526391018012266 117
1655526392019151265 113
1655526393020272763 118
1655526394021396497 117
1655526395022517432 116
1655526396023656410 116
1655526397024775148 118
1655526398025897067 114
1655526399027019096 117
1655526400028146190 119
1655526401029271146 116
1655526402030393686 117
1655526403031508159 115
1655526404032634550 117
1655526405033765512 114
1655526406035003635 118
1655526407036129195 119
1655526408037258622 116
1655526409038392178 117
1655526410039514146 114
1655526411040641972 115
1655526412041769236 116
1655526413042885873 119
1655526414044008602 118
1655526415045133330 117
1655526416046222949 117
1655526417047346267 112
1655526418048470635 118
1655526419049595945 115
1655526420050714427 119
1655526421051839847 118
1655526422052962456 117
1655526423054079553 115
1655526424055198165 115
1655526425056329001 117
1655526426057454601 116
1655526427058593316 118
1655526428059716567 119
1655526429060838592 116
1655526430061966578 115
1655526431062646154 115
1655526432063772638 117
1655526433064896426 115
1655526434066020821 119
1655526435067139963 118
1655526436068266707 117
1655526437069381616 115
1655526438070507126 115
1655526439070652181 117
1655526440071778639 116
1655526441072903972 118
1655526442074028277 118
1655526443075143191 117
1655526444076268348 115
1655526445077394836 115
1655526446078516349 117
1655526447079660424 117
1655526448080788607 117
1655526449081905938 119
1655526450083027794 116
1655526451084148709 115
1655526452085253616 116
1655526453086381298 116
1655526454087498509 118
1655526455088624751 116
1655526456089751209 119
1655526457090879490 33