1655506842783245887 0
1655506843784417734 0
1655506844785545439 0
1655506845786676074 0
1655506846787801647 0
1655506847788920609 0
1655506848790041010 0
1655506849791165638 0
1655506850792289384 0
1655506851793411903 52
1655506852794547032 133
1655506853795686892 140
1655506854796809697 133
1655506855797943169 134
1655506856799073903 140
1655506857800224963 131
1655506858801348661 134
1655506859802480528 140
1655506860803600820 140
1655506861804721819 128
1655506862805849976 139
1655506863806648045 140
1655506864807766151 127
1655506865808892462 138
1655506866810021109 138
1655506867810646627 139
1655506868811790772 130
1655506869812920117 140
1655506870814038102 139
1655506871815175123 127
1655506872816312371 139
1655506873817433026 138
1655506874818546029 137
1655506875819704484 132
1655506876820818655 138
1655506877821942470 137
1655506878822638265 131
1655506879823757899 139
1655506880824872704 137
1655506881825999082 134
1655506882827115293 137
1655506883828238771 137
1655506884829364732 134
1655506885830489582 134
1655506886831619047 139
1655506887832744731 136
1655506888833863227 135
1655506889834989005 135
1655506890836120753 136
1655506891837251693 137
1655506892838379137 133
1655506893839501847 138
1655506894840624822 139
1655506895841752298 130
1655506896842866022 136
1655506897844006954 137
1655506898845127409 137
1655506899846251919 135
1655506900846649156 138
1655506901847767265 134
1655506902848888321 133
1655506903850002519 138
1655506904850643698 137
1655506905851712790 135
1655506906852828363 137
1655506907853949862 138
1655506908854647897 133
1655506909855760029 134
1655506910856881939 138
1655506911858007026 137
1655506912859122406 135
1655506913860244856 137
1655506914861369676 136
1655506915862495728 137
1655506916863624306 131
1655506917864747684 138
1655506918865862206 137
1655506919866983726 136
1655506920868104037 135
1655506921869226137 137
1655506922870346746 134
1655506923871469637 135
1655506924872573544 138
1655506925873698130 137
1655506926874815218 136
1655506927875937565 135
1655506928877059305 136
1655506929878145334 137
1655506930878636290 134
1655506931879758741 135
1655506932880879616 139
1655506933881992069 133
1655506934883123000 138
1655506935884250190 136
1655506936885377677 136
1655506937886497237 133
1655506938886610608 137
1655506939887736065 138
1655506940888863025 130