1655527787624043037 0
1655527788625199536 0
1655527789626323704 0
1655527790627448569 0
1655527791628570414 0
1655527792629693109 0
1655527793630805623 0
1655527794631926404 0
1655527795633050149 0
1655527796634167402 0
1655527797635289085 12
1655527798636410084 39
1655527799637539894 61
1655527800638664917 106
1655527801639787585 65
1655527802640907681 96
1655527803642033664 88
1655527804642297603 79
1655527805643428042 83
1655527806644554236 83
1655527807645682672 85
1655527808646810325 105
1655527809647932262 92
1655527810649052800 94
1655527811650177018 86
1655527812651316683 86
1655527813652432649 84
1655527814653564148 85
1655527815654692863 88
1655527816655817879 78
1655527817656950220 89
1655527818658079861 88
1655527819659203455 72
1655527820660325608 79
1655527821661450717 104
1655527822662574264 82
1655527823663713239 88
1655527824664844496 77
1655527825665964546 80
1655527826667086910 82
1655527827668207867 86
1655527828669331320 82
1655527829670448437 87
1655527830671566159 81
1655527831672687203 100
1655527832673809483 85
1655527833674941346 83
1655527834676066912 84
1655527835677188635 84
1655527836678299990 99
1655527837679430363 84
1655527838680548183 85
1655527839681669921 82
1655527840682794164 78
1655527841683916070 88
1655527842685039190 85
1655527843686174100 97
1655527844687320667 86
1655527845688443444 85
1655527846689568786 89
1655527847690692404 89
1655527848691816686 89
1655527849692976548 90
1655527850694111850 79
1655527851695242565 93
1655527852696374027 85
1655527853697495958 81
1655527854698617658 79
1655527855699740843 92
1655527856700867529 87
1655527857701982122 89
1655527858702275302 81
1655527859703391900 89
1655527860704503105 80
1655527861705589717 79
1655527862706704576 96
1655527863707832371 86
1655527864708949380 91
1655527865710037013 87
1655527866711163919 81
1655527867712289385 94
1655527868713414196 91
1655527869714297190 91
1655527870715420898 80
1655527871716542678 80
1655527872717665790 91
1655527873718790877 80
1655527874719907577 99
1655527875721025205 88
1655527876722150727 83
1655527877723272213 86
1655527878724393378 77
1655527879725519268 85
1655527880726603841 53
1655527881727734187 108
1655527882728855336 92
1655527883729991514 89
1655527884731120763 93
1655527885732239706 93
1655527886733363322 92
1655527887734446413 67