1655859126265243317 0
1655859127266469911 0
1655859128267624763 0
1655859129268787249 0
1655859130269957382 0
1655859131271114370 0
1655859132272276851 0
1655859133273438018 0
1655859134274600677 0
1655859135275790895 4
1655859136276534076 34
1655859137277715018 64
1655859138278701819 99
1655859139279862839 103
1655859140281017061 68
1655859141282178841 60
1655859142282905012 93
1655859143284544907 97
1655859144285784096 105
1655859145287993142 90
1655859146289455840 115
1655859147290648798 103
1655859148291809452 99
1655859149293102172 101
1655859150294586086 102
1655859151295758166 85
1655859152296938186 107
1655859153298835532 101
1655859154300040139 103
1655859155301199747 107
1655859156302360497 93
1655859157302702718 112
1655859158303870644 87
1655859159305070839 114
1655859160306238226 89
1655859161307415912 105
1655859162308576315 88
1655859163309742868 117
1655859164310783187 105
1655859165311938547 102
1655859166313119364 109
1655859167316655377 103
1655859168318553604 91
1655859169321399789 89
1655859170322677955 102
1655859171323853142 91
1655859172325035211 93
1655859173326727253 96
1655859174327912886 95
1655859175329820800 98
1655859176330742771 86
1655859177331909558 95
1655859178334136747 82
1655859179334741052 104
1655859180336096174 102
1655859181337370815 113
1655859182338760593 104
1655859183340363587 65
1655859184341522269 98
1655859185342764130 54
1655859186343934957 103
1655859187345101659 110
1655859188346373464 103
1655859189347529623 71
1655859190348680102 101
1655859191349826820 99
1655859192350837286 110
1655859193352063980 102
1655859194353232268 99
1655859195354559612 98
1655859196355773742 115
1655859197356916695 107
1655859198358062227 96
1655859199358806642 99
1655859200359970496 99
1655859201361116045 83
1655859202362384040 92
1655859203363556728 96
1655859204364734935 90
1655859205365879622 109
1655859206366714652 94
1655859207366945615 89
1655859208368103092 111
1655859209369268803 107
1655859210370427139 91
1655859211371634178 94
1655859212373259435 68
1655859213374408896 97
1655859214374786526 103
1655859215375942344 108
1655859216377113176 100
1655859217378263182 107
1655859218379411028 96
1655859219380583908 88
1655859220381740245 113
1655859221383646879 80
1655859222385427637 61
1655859223386724842 88
