1655698257592793011 0
1655698258594114274 0
1655698259594308789 0
1655698260595491297 0
1655698261596687266 0
1655698262597840930 0
1655698263599264808 0
1655698264600410395 0
1655698265601554040 0
1655698266602728287 42
1655698267603326621 65
1655698268604914801 67
1655698269606199424 70
1655698270607371310 70
1655698271608327967 66
1655698272609480008 68
1655698273610740106 66
1655698274611892111 70
1655698275613296076 67
1655698276614467914 70
1655698277615622396 70
1655698278617331353 69
1655698279618599546 67
1655698280619345196 69
1655698281620632381 64
1655698282621963145 70
1655698283623225357 67
1655698284624514717 70
1655698285625312155 70
1655698286626326712 70
1655698287627478666 65
1655698288628319174 69
1655698289629467767 65
1655698290630721103 70
1655698291631856912 67
1655698292632973178 68
1655698293633291350 68
1655698294633556130 69
1655698295634907992 70
1655698296636047852 70
1655698297637415193 64
1655698298638295574 70
1655698299639459353 67
1655698300640588684 70
1655698301641903454 70
1655698302643044147 68
1655698303644400809 64
1655698304645391250 69
1655698305646289245 70
1655698306647589521 68
1655698307648331921 70
1655698308649497207 68
1655698309650822229 69
1655698310651300016 70
1655698311652323112 66
1655698312653948885 66
1655698313654623180 70
1655698314655780109 67
1655698315657147018 70
1655698316658296617 70
1655698317659771965 68
1655698318660332548 68
1655698319661633800 66
1655698320663292150 70
1655698321664936411 67
1655698322666223490 67
1655698323667313898 70
1655698324668421603 70
1655698325669731844 65
1655698326670872305 70
1655698327672043139 67
1655698328673299154 68
1655698329675141125 67
1655698330676316550 70
1655698331677555787 64
1655698332678727113 70
1655698333684124044 70
1655698334685298274 70
1655698335686445751 65
1655698336687727493 68
1655698337688862884 70
1655698338689925986 70
1655698339691084743 70
1655698340692452147 66
1655698341693326380 69
1655698342694445283 68
1655698343695616756 70
1655698344696290369 68
1655698345697453719 66
1655698346698616098 69
1655698347699309029 70
1655698348700294180 70
1655698349701461664 63
1655698350702340055 70
1655698351703493830 70
1655698352704659831 70
1655698353705301307 65
1655698354706674810 69
1655698355707817590 70
