1655696706070445476 0
1655696707071303838 0
1655696708072329916 0
1655696709073494047 0
1655696710074698837 0
1655696711075845316 0
1655696712076991304 0
1655696713078674066 0
1655696714079838892 0
1655696715080365601 37
1655696716081354588 88
1655696717082667343 90
1655696718083333185 81
1655696719084330232 90
1655696720085297696 86
1655696721087113901 90
1655696722088441226 90
1655696723089732611 90
1655696724091015149 82
1655696725091328555 90
1655696726092319492 89
1655696727093447958 88
1655696728094659462 86
1655696729095924412 88
1655696730097494854 90
1655696731098834889 81
1655696732100010133 90
1655696733101416474 90
1655696734102608033 90
1655696735103370129 85
1655696736104638494 88
1655696737105800245 90
1655696738106930065 87
1655696739108200869 84
1655696740109402087 89
1655696741110879706 89
1655696742112212097 90
1655696743113386277 87
1655696744114319821 90
1655696745115466956 83
1655696746116755805 89
1655696747117333385 89
1655696748118978892 86
1655696749120147545 90
1655696750120324450 90
1655696751121481592 86
1655696752122619033 85
1655696753123903241 87
1655696754125184719 90
1655696755126308789 90
1655696756127502784 84
1655696757128947109 90
1655696758130457616 85
1655696759131310383 88
1655696760132440086 90
1655696761133316567 87
1655696762134438848 88
1655696763135737351 87
1655696764137040283 90
1655696765138302664 86
1655696766139300647 89
1655696767140461964 85
1655696768141741663 90
1655696769142915805 85
1655696770144066376 89
1655696771145178926 88
1655696772145319045 85
1655696773146313002 89
1655696774147329796 90
1655696775148318382 86
1655696776149555929 88
1655696777150330544 89
1655696778151497969 81
1655696779152670787 90
1655696780153838578 90
1655696781155409599 90
1655696782156578950 88
1655696783157315266 84
1655696784158335503 88
1655696785159382556 90
1655696786160306931 87
1655696787161493177 85
1655696788162673793 90
1655696789164406041 90
1655696790165605152 87
1655696791167266333 90
1655696792168440019 83
1655696793169776018 90
1655696794170300677 87
1655696795171559771 85
1655696796172948772 90
1655696797174129093 90
1655696798175422024 85
1655696799176632284 87
1655696800177946655 89
1655696801178410283 85
1655696802179712228 89
1655696803180348407 90
1655696804181541209 87
