1655670059581902277 0
1655670060583098409 0
1655670061584302346 0
1655670062585472032 0
1655670063586828222 0
1655670064587995405 0
1655670065588833105 0
1655670066589300091 0
1655670067590436127 2
1655670068591715101 8
1655670069592979140 10
1655670070594166886 10
1655670071595340279 10
1655670072596519253 10
1655670073597879926 10
1655670074598315349 10
1655670075599475929 10
1655670076600644468 10
1655670077601759748 10
1655670078602908070 8
1655670079604063760 10
1655670080605265880 10
1655670081606404919 10
1655670082607555725 10
1655670083608865608 10
1655670084609828073 10
1655670085610950031 10
1655670086612068452 10
1655670087613349297 8
1655670088614559641 10
1655670089615725491 10
1655670090616935011 10
1655670091618159511 10
1655670092619320126 10
1655670093620489145 10
1655670094621392578 10
1655670095622570511 10
1655670096623729415 10
1655670097624871699 8
1655670098625902082 10
1655670099626852018 10
1655670100627994149 10
1655670101629150633 10
1655670102630305217 10
1655670103631464950 10
1655670104632591662 10
1655670105633749543 10
1655670106634295821 10
1655670107635445907 8
1655670108636599784 10
1655670109637770409 10
1655670110638927870 10
1655670111640076306 10
1655670112641392922 10
1655670113642550892 10
1655670114643702141 10
1655670115644570065 10
1655670116645357616 10
1655670117646472885 8
1655670118647613569 10
1655670119648744781 10
1655670120649914245 10
1655670121650382085 10
1655670122651548494 10
1655670123652712441 10
1655670124653873000 10
1655670125655297277 10
1655670126656417128 8
1655670127657570426 10
1655670128658726695 10
1655670129659859461 10
1655670130661027647 10
1655670131662174791 10
1655670132663329679 10
1655670133664499074 10
1655670134665646793 10
1655670135666782981 8
1655670136667815279 10
1655670137668990947 10
1655670138670189987 10
1655670139671144012 10
1655670140672306600 10
1655670141673473414 10
1655670142674670049 10
1655670143675836173 10
1655670144677121660 10
1655670145678300530 8
1655670146679461271 10
1655670147680627471 10
1655670148681797113 10
1655670149682957652 10
1655670150684100911 10
1655670151685318718 10
1655670152686318245 10
1655670153687474975 10
1655670154689501080 8
1655670155690700692 10
1655670156691325757 10
1655670157692480167 8
