1655671129888508740 0
1655671130889711674 0
1655671131890823236 0
1655671132891501312 0
1655671133892315104 0
1655671134893482531 0
1655671135894648166 0
1655671136895812341 0
1655671137896885458 0
1655671138898637561 0
1655671139899801883 0
1655671140900298718 44
1655671141901306591 110
1655671142902467620 118
1655671143903754745 120
1655671144905042878 120
1655671145906369337 116
1655671146907486455 113
1655671147908750244 119
1655671148910014136 113
1655671149910323635 118
1655671150911318690 119
1655671151912719543 118
1655671152913967967 113
1655671153914319695 118
1655671154915542237 118
1655671155916696298 116
1655671156917316760 120
1655671157918474378 113
1655671158919352617 120
1655671159920310802 120
1655671160921305860 109
1655671161922425930 118
1655671162923613336 118
1655671163924771642 120
1655671164925315688 110
1655671165926548775 117
1655671166927370169 120
1655671167928590898 116
1655671168929859327 119
1655671169931169378 116
1655671170932466218 114
1655671171933728084 120
1655671172934315467 117
1655671173935351506 115
1655671174936449431 119
1655671175937880448 111
1655671176938308340 120
1655671177939578468 116
1655671178940469348 120
1655671179941057833 120
1655671180941886766 110
1655671181943072842 120
1655671182943302616 119
1655671183944312343 116
1655671184945689384 115
1655671185946813400 120
1655671186947297073 114
1655671187948313485 118
1655671188949291694 118
1655671189950296778 119
1655671190951305269 115
1655671191952623373 117
1655671192953822263 116
1655671193955292561 118
1655671194956307315 117
1655671195957548671 118
1655671196958677888 115
1655671197959980597 117
1655671198960280630 117
1655671199961511382 119
1655671200962303349 115
1655671201963665778 119
1655671202964779121 115
1655671203966430112 116
1655671204967611325 120
1655671205968740791 117
1655671206969882479 114
1655671207971192327 120
1655671208972290311 112
1655671209973592529 120
1655671210974874032 120
1655671211975334897 114
1655671212976572989 115
1655671213977709050 114
1655671214978314705 119
1655671215979998040 118
1655671216980996155 119
1655671217982227805 117
1655671218983452248 111
1655671219984461987 114
1655671220985306402 116
1655671221986584377 119
1655671222987988609 120
1655671223988331449 111
1655671224989562460 118
1655671225990342373 119
1655671226991316146 117
1655671227992589517 115
1655671228993725276 117
1655671229994611050 115
