1655694129859436279 0
1655694130860946701 0
1655694131861889122 0
1655694132862900760 0
1655694133864066731 0
1655694134865278238 0
1655694135866439041 0
1655694136867665087 0
1655694137868840289 0
1655694138870030468 31
1655694139871235265 137
1655694140872043644 150
1655694141873341498 147
1655694142874352710 145
1655694143875336827 146
1655694144876336677 146
1655694145877593553 147
1655694146878734002 142
1655694147880330074 149
1655694148881293874 139
1655694149882480614 147
1655694150883304432 148
1655694151885307117 149
1655694152886596455 149
1655694153887876487 142
1655694154888330566 146
1655694155889694473 145
1655694156890306086 145
1655694157891306506 148
1655694158892328845 144
1655694159893482654 147
1655694160894326283 149
1655694161895319008 144
1655694162896306512 144
1655694163897555625 148
1655694164898717470 143
1655694165899327027 150
1655694166900347360 145
1655694167901594568 137
1655694168903278480 148
1655694169904339537 141
1655694170905501160 150
1655694171906341462 145
1655694172907454106 148
1655694173908598507 142
1655694174909876213 140
1655694175910350335 150
1655694176911516252 147
1655694177912782504 149
1655694178914049204 140
1655694179914294950 142
1655694180915313032 146
1655694181916572911 148
1655694182917934213 149
1655694183919103296 145
1655694184920294609 147
1655694185921535910 145
1655694186922310858 147
1655694187923534923 138
1655694188924302631 147
1655694189925298272 147
1655694190926305985 150
1655694191927525958 141
1655694192928338418 145
1655694193929369806 145
1655694194930543239 145
1655694195931748455 150
1655694196933022545 146
1655694197934310111 146
1655694198935447512 135
1655694199936631200 149
1655694200937927443 148
1655694201939459841 146
1655694202940708210 150
1655694203941310015 146
1655694204942344505 143
1655694205943619906 141
1655694206944352662 148
1655694207945587609 145
1655694208946457783 149
1655694209948165365 145
1655694210949436847 145
1655694211950661811 143
1655694212951318539 145
1655694213952324405 143
1655694214953308228 143
1655694215954950397 145
1655694216955354067 139
1655694217956501419 141
1655694218958163934 148
1655694219959315229 143
1655694220960318158 146
1655694221961305364 145
1655694222962328790 142
1655694223963602136 149
1655694224964752279 150
1655694225965998156 145
1655694226966335365 143
1655694227967626788 145
