1655671592055399777 0
1655671593056625578 0
1655671594057820679 0
1655671595058980164 0
1655671596059963513 0
1655671597061130455 0
1655671598062294433 0
1655671599063450961 0
1655671600064593293 0
1655671601065871383 1
1655671602067045593 102
1655671603068285222 155
1655671604069444292 147
1655671605070317777 158
1655671606071573731 156
1655671607073391572 159
1655671608074325990 160
1655671609075301089 151
1655671610076328674 155
1655671611077593999 157
1655671612078329096 158
1655671613079504298 151
1655671614080309756 155
1655671615081344405 153
1655671616082302103 159
1655671617083331796 158
1655671618084643131 152
1655671619086008859 160
1655671620087281037 153
1655671621089090118 156
1655671622090289618 157
1655671623091562278 156
1655671624092829226 155
1655671625094522120 159
1655671626095824327 154
1655671627097000056 151
1655671628098325697 160
1655671629099341393 156
1655671630100611769 155
1655671631101306136 153
1655671632102648890 154
1655671633103832848 157
1655671634104318728 159
1655671635105305726 158
1655671636106534112 157
1655671637107348981 140
1655671638108640424 144
1655671639109904631 160
1655671640110313923 160
1655671641111521142 150
1655671642112804284 157
1655671643114067638 156
1655671644115326888 150
1655671645116455675 159
1655671646117318069 156
1655671647118423380 157
1655671648119710366 158
1655671649121163084 153
1655671650122317423 157
1655671651123340433 154
1655671652124469361 158
1655671653125306111 155
1655671654126330812 146
1655671655127303145 158
1655671656128336326 159
1655671657129493180 155
1655671658130641609 160
1655671659131331395 147
1655671660132330190 156
1655671661133333215 153
1655671662134335746 159
1655671663135487465 160
1655671664136321515 145
1655671665137324608 156
1655671666138572628 151
1655671667139311034 155
1655671668140338193 156
1655671669141317057 159
1655671670142369212 157
1655671671143300349 150
1655671672144356499 155
1655671673145328203 156
1655671674146334029 159
1655671675147329612 152
1655671676148315781 153
1655671677149307027 158
1655671678150358623 152
1655671679151305363 158
1655671680152434530 155
1655671681153328327 160
1655671682154320403 152
1655671683155642610 157
1655671684156923168 156
1655671685158422740 153
1655671686159570981 159
1655671687161093110 152
1655671688162299483 157
1655671689163532502 150
1655671690164695593 154
