1655670365980867717 0
1655670366982043884 0
1655670367983210321 0
1655670368984339610 0
1655670369985453440 0
1655670370986592723 0
1655670371987712289 0
1655670372988837964 0
1655670373989973562 0
1655670374990328921 21
1655670375991451952 37
1655670376992576634 40
1655670377993734451 40
1655670378994861682 40
1655670379995971290 40
1655670380997073397 39
1655670381998332943 40
1655670382999664162 39
1655670384000906195 38
1655670385002303499 37
1655670386003422611 40
1655670387004284831 40
1655670388005430725 39
1655670389006580160 40
1655670390008234024 40
1655670391009299525 40
1655670392010293249 39
1655670393011644507 34
1655670394012774135 40
1655670395013377408 40
1655670396014333806 40
1655670397015454874 40
1655670398016587798 40
1655670399017703593 35
1655670400018325656 40
1655670401019678756 37
1655670402020627764 40
1655670403021752204 40
1655670404022181302 40
1655670405023337516 40
1655670406024303198 40
1655670407025576288 37
1655670408026731177 39
1655670409027300519 40
1655670410027903745 37
1655670411029190039 39
1655670412030379903 40
1655670413031564944 40
1655670414032299480 40
1655670415033445463 37
1655670416034586547 40
1655670417035739765 40
1655670418036316033 36
1655670419037401177 40
1655670420038581241 40
1655670421039870523 40
1655670422041146945 39
1655670423042479960 40
1655670424043597100 40
1655670425044978060 34
1655670426046094621 40
1655670427046305996 39
1655670428047430420 40
1655670429048580999 40
1655670430050023397 40
1655670431051387063 40
1655670432052525746 40
1655670433053298230 40
1655670434054311206 39
1655670435055427689 36
1655670436056559004 38
1655670437057701123 40
1655670438058972509 39
1655670439060110874 40
1655670440061256982 40
1655670441062473552 40
1655670442063686381 40
1655670443064801321 37
1655670444065927970 39
1655670445066287706 39
1655670446067430605 38
1655670447068562300 40
1655670448069683864 40
1655670449070600760 40
1655670450071707758 39
1655670451072941512 37
1655670452074101390 40
1655670453075386240 36
1655670454076582265 40
1655670455077952590 40
1655670456078334763 40
1655670457080163481 40
1655670458080441899 40
1655670459081308143 39
1655670460082848062 34
1655670461083962798 40
1655670462085187001 39
1655670463086463850 40
1655670464087618060 40
