1655670518773549575 0
1655670519774756565 0
1655670520775896282 0
1655670521777050930 0
1655670522777303612 0
1655670523778471848 0
1655670524779636929 0
1655670525780325099 0
1655670526781483719 0
1655670527782638067 24
1655670528783598803 40
1655670529784761616 40
1655670530785309683 40
1655670531786418232 38
1655670532787343669 36
1655670533788500883 38
1655670534789689435 40
1655670535790327472 40
1655670536791312934 40
1655670537792458866 40
1655670538793361104 40
1655670539794513656 37
1655670540795645096 36
1655670541796808971 40
1655670542798292121 40
1655670543799450515 39
1655670544800753572 40
1655670545802005124 40
1655670546802298996 40
1655670547803413651 35
1655670548804561778 39
1655670549806020424 40
1655670550807428861 39
1655670551808596894 40
1655670552809852647 40
1655670553810965866 40
1655670554812112666 36
1655670555813283808 40
1655670556814300312 40
1655670557815643988 38
1655670558816303227 40
1655670559817460102 39
1655670560818799935 40
1655670561819936293 40
1655670562821408865 39
1655670563822551738 38
1655670564823303589 38
1655670565824419400 40
1655670566825579907 38
1655670567826721937 40
1655670568827971199 40
1655670569829102017 40
1655670570830393120 40
1655670571831532856 39
1655670572832329253 40
1655670573833458739 38
1655670574834328939 40
1655670575835452855 35
1655670576836594223 40
1655670577837748945 40
1655670578839003304 40
1655670579840137458 40
1655670580841510289 40
1655670581842634635 40
1655670582843785110 40
1655670583844320201 37
1655670584845356728 37
1655670585846508779 38
1655670586847638334 40
1655670587848876013 40
1655670588850307072 40
1655670589851422509 40
1655670590852532552 40
1655670591853332316 37
1655670592854504434 40
1655670593855652571 35
1655670594856784187 40
1655670595858061196 40
1655670596859186572 40
1655670597860314989 40
1655670598861430995 40
1655670599862307549 40
1655670600863307731 38
1655670601864482922 39
1655670602865617678 37
1655670603866787426 39
1655670604868295548 40
1655670605869591403 39
1655670606870331537 40
1655670607871489527 40
1655670608872542399 37
1655670609873720422 40
1655670610875193246 40
1655670611876738197 40
1655670612877661053 38
1655670613878813776 38
1655670614880434618 40
1655670615881593221 40
1655670616882740614 37
