1655867703122726270 301167845
1655867703422938302 11004936
1655867703633504393 10150911
1655867703843491432 9565572
1655867704053243307 9311127
1655867704262935287 9282154
1655867704472835104 9481671
1655867704682506682 9229575
1655867704892519356 9591893
1655867705102589752 9389867
1655867705313135931 9554414
1655867705522729331 9161548
1655867705732418194 9286240
1655867705942150070 9333230
1655867706152248426 9666536
1655867706362137078 9474954
1655867706573325645 10784191
1655867706783113687 9371496
1655867706993287238 9722150
1655867707203251014 9531256
1655867707413150308 9480047
1655867707635044821 21451308
1655867707844993257 9535411
1655867708055628259 10232176
1655867708265577822 9549750
1655867708475707407 9626868
1655867708685480617 9363145
1655867708895225847 9333496
1655867709105261461 9348063
1655867709314963736 9304222
1655867709524790386 9409469
1655867709734529891 9332604
1655867709944232545 9305312
1655867710154155857 9515401
1655867710364248564 9665486
1655867710574302276 9614796
1655867710784154245 9419495
1655867710993812452 9245998
1655867711203570909 9360348
1655867711413406627 9401221
1655867711627308419 13500958
1655867711839835297 11581042
1655867712052207078 11558847
1655867712263280709 10651152
1655867712474239924 10379118
1655867712685339887 10115818
1655867712895982091 9638269
1655867713106919181 10058371
1655867713317348059 9994573
1655867713531288137 13644381
1655867713745808512 14054590
1655867713956688426 10071251
1655867714169095487 11598790
1655867714379376665 9182025
1655867714589129692 9360920
1655867714798987618 9398532
1655867715008897328 9509145
1655867715218600071 9297756
1655867715430731876 11715304
1655867715640475164 9275421
1655867715850095425 9201987
1655867716059930803 9413993
1655867716272242341 11907809
1655867716484365897 11710343
1655867716694980633 10181107
1655867716905786960 10404444
1655867717118039586 11840235
1655867717328319102 9880632
1655867717538917203 10191934
1655867717748855424 9532617
1655867717958773891 9512545
1655867718168761029 9574805
1655867718378460731 9289623
1655867718589160601 10299350
1655867718799100943 9522511
1655867719008827484 9281734
1655867719218500451 9189033
1655867719428888414 9962042
1655867719638717414 9416996
1655867719849799945 10685779
1655867720059553686 9353628
1655867720269979222 10021100
1655867720480364448 9931665
1655867720689944063 9196100
1655867720900040742 9686063
1655867721109718588 9295881
1655867721319362056 9245305
1655867721528999184 9218075
1655867721738591601 9179831
1655867721948381103 9397678
1655867722158413859 9633225
1655867722369506749 10666844
1655867722579366956 9472055
1655867722789059190 9314561
1655867722998678128 9216532
1655867723208362109 9283124
1655867723418171024 9406294
1655867723627814847 9241715
1655867723837485432 9244906
1655867724047163862 9263091
1655867724257054341 9410693
1655867724466943335 9425788
1655867724678464894 11128801
1655867724888211202 9340719
1655867725097975112 9334568
1655867725307726265 9371090
1655867725517390531 9275184
1655867725727069533 9273295
1655867725936943895 9452863
1655867726146658819 9287677
1655867726360074206 13002028
1655867726570221106 9749765
1655867726780077915 9451205
1655867726990175169 9692649
1655867727200472214 9904413
1655867727410509406 9631777
1655867727630311020 19405383
1655867727839873939 9141782
1655867728049656313 9370090
1655867728259477033 9421074
1655867728470626742 10737161
1655867728680373497 9335476
1655867728890109756 9327127
1655867729099750170 9241570
1655867729309515096 9360293
1655867729519102068 9186772
1655867729729069570 9480623
1655867729941011353 11526967
1655867730150742539 9312102
1655867730360503677 9354970
1655867730570358315 9411018
1655867730787870306 17062205
1655867730998392375 9382581
1655867731208578931 9758337
1655867731418468671 9492097
1655867731628245722 9356701
1655867731842890682 14232245
1655867732052702437 9401530
1655867732262594995 9490491
1655867732477043145 14014595
1655867732687811905 10360897
1655867732897449369 9246595
1655867733107021672 9155937
1655867733316920261 9503420
1655867733526667520 9341376
1655867733736402117 9339764
1655867733946314635 9510704
1655867734156172931 9437969
1655867734367730054 11144805
1655867734577434976 9305337
1655867734787145561 9302251
1655867734997008064 9433519
1655867735206753744 9344505
1655867735416656164 9480117
1655867735626323835 9252332
1655867735836127882 9383488
1655867736045867781 9345019
1655867736255570530 9279009
1655867736467578151 11588201
1655867736677483547 9488764
1655867736887259590 9380830
1655867737097385214 9723610
1655867737308709113 10912201
1655867737518660705 9534146
1655867737728868350 9783515
1655867737938867483 9612332
1655867738148729254 9458849
1655867738358487399 9359962
1655867738568487588 9590818
1655867738778365183 9467816
1655867738988139748 9342679
1655867739197641131 9096648
1655867739407395256 9331822
1655867739620992837 13198645
1655867739830931325 9512504
1655867740041128602 9798302
1655867740251057471 9511391
1655867740460966557 9492776
1655867740670669410 9297012
1655867740880366397 9296297
1655867741090109474 9326222
1655867741299814392 9299302
1655867741509519052 9297029
1655867741719282110 9369885
1655867741928935966 9244309
1655867742138838590 9506611
1655867742348872401 9834071
1655867742558754742 9481328
1655867742771776977 12630289
1655867742981601156 9396903
1655867743191519305 9435108
1655867743401529002 9513496
1655867743611655097 9735587
1655867743821613174 9559248
1655867744031680757 9665794
1655867744251239548 19120184
1655867744461714796 9815077
1655867744671522949 9416023
1655867744881193825 9285633
1655867745091099388 9523867
1655867745300997819 9430568
1655867745510720017 9296358
1655867745722820360 11728574
1655867745932634383 9410565
1655867746144168499 11151072
1655867746354116027 9546722
1655867746563966595 9434605
1655867746773802959 9446814
1655867746983449153 9233627
1655867747193336463 9498808
1655867747403663153 9934341
1655867747630088050 26026894
1655867747843930942 13456947
1655867748056502500 11418717
1655867748269449545 11849458
1655867748481328045 10739266
1655867748692095241 9679070
1655867748904029819 11512653
1655867749114141542 9690126
1655867749323968163 9398660
1655867749533698994 9328985
1655867749751984182 17794111
1655867749964038667 11053982
1655867750173764655 9090234
1655867750383436095 9249256
1655867750593055198 9219356
1655867750802610275 9157820
1655867751012284459 9249587
1655867751222052022 9375537
1655867751434821971 12354082
1655867751644479429 9203762
1655867751854234717 9342972
1655867752063774728 9110063
1655867752275074634 10902023
1655867752486501451 11000408
1655867752697049006 10140983
1655867752907007254 9564253
1655867753117001293 9600638
1655867753326763315 9373513
1655867753537097956 9911682
1655867753747581505 10095515
1655867753957642506 9581402
1655867754167597529 9566669
1655867754377669783 9670496
1655867754587733761 9682098
1655867754797629011 9517591
1655867755007499555 9485841
1655867755217402392 9516671
1655867755427906100 10121921
1655867755637940141 9636412
1655867755847728878 9390912
1655867756060464178 12305129
1655867756270834806 9975663
1655867756480922715 9673616
1655867756690502954 9189514
1655867756900608335 9705351
1655867757110363112 9357469
1655867757320183565 9422627
1655867757532053021 11452902
1655867757741742827 9287365
1655867757951653740 9506277
1655867758161406655 9340270
1655867758371392731 9560271
1655867758581589409 9804031
1655867758791355047 9367650
1655867759001050150 9294020
1655867759210850606 9388051
1655867759421049952 9802257
1655867759634673371 13226191
1655867759845552623 10477447
1655867760055336035 9400812
1655867760265248636 9524681
1655867760475288865 9618206
1655867760685463486 9781775
1655867760895155980 9288254
1655867761105013094 9409134
1655867761314721730 9310273
1655867761524499070 9386902
1655867761734386498 9478756
1655867761944120894 9332714
1655867762153687733 9159068
1655867762363312322 9237269
1655867762573283658 9544091
1655867762782947887 9278307
1655867762999633638 16283705
1655867763209396963 9366399
1655867763419382170 9572472
1655867763629089767 9322365
1655867763839003805 9518170
1655867764048775046 9517881
1655867764258523499 9334514
1655867764468430493 9498202
1655867764678373473 9558299
1655867764888303585 9519821
1655867765098142857 9429367
1655867765308875583 10322215
1655867765518737184 9464876
1655867765728547495 9409379
1655867765938345501 9397945
1655867766148228175 9473620
1655867766358136476 9517363
1655867766567939495 9388655
1655867766777689708 9358655
1655867766987548787 9465862
1655867767197419234 9493821
1655867767407211134 9390611
1655867767639595306 31999054
1655867767849263463 9282093
1655867768059104482 9444657
1655867768269012449 9477362
1655867768478727838 9322794
1655867768688688092 9583362
1655867768898859365 9797585
1655867769108635571 9393577
1655867769318419675 9398568
1655867769528154220 9355558
1655867769738008442 9464043
1655867769947835764 9420981
1655867770157430994 9203977
1655867770367124161 9264485
1655867770577025411 9432803
1655867770786638120 9206842
1655867770996573997 9527594
1655867771206509414 9506404
1655867771416174798 9266682
1655867771626324421 9755590
1655867771836370893 9640599
1655867772046293727 9498596
1655867772256018463 9336543
1655867772465866734 9437233
1655867772675576666 9329370
1655867772886566847 10552879
1655867773096282766 9325882
1655867773306123069 9457207
1655867773516344355 9823554
1655867773725843381 9115951
1655867773935628833 9402675
1655867774145347006 9334554
1655867774356016155 10184585
1655867774566032070 9590682
1655867774775869713 9394867
1655867774985569255 9281088
1655867775195741545 9733006
1655867775406593712 10472265
1655867775617499160 10457542
1655867775828485016 10569434
1655867776038494869 9746178
1655867776248402442 9515927
1655867776462031145 13207224
1655867776672932360 10523900
1655867776884093374 10907850
1655867777095690001 11216832
1655867777307098829 10967776
1655867777519005021 11481151
1655867777728844377 9583834
1655867777938495852 9270190
1655867778148264313 9394309
1655867778357961377 9284971
1655867778568888309 10538922
1655867778778531597 9241838
1655867778988777640 9850148
1655867779198513216 9329358
1655867779408260459 9339671
1655867779618913733 10266038
1655867779828694300 9437903
1655867780038393991 9293794
1655867780248422995 9634616
1655867780458678502 9865486
1655867780668860998 9808280
1655867780878668522 9416772
1655867781088575913 9510586
1655867781298138279 9176391
1655867781507986861 9458475
1655867781717622977 9252043
1655867781927119071 9098107
1655867782136660148 9094255
1655867782346259783 9207394
1655867782555886754 9234302
1655867782765503845 9239921
1655867782974942528 9056531
1655867783185265987 10015806
1655867783394987457 9326483
1655867783606682997 11437065
1655867783816609004 9530982
1655867784027128697 10137194
1655867784236857368 9298728
1655867784467567583 30266212
1655867784677069436 9128294
1655867784886820394 9345389
1655867785096500558 9275763
1655867785306526767 9595643
1655867785516374803 9418660
1655867785726647695 9854383
1655867785936594893 9536549
1655867786146606460 9607655
1655867786356498460 9507416
1655867786566317591 9422076
1655867786776183214 9443726
1655867786985752734 9165385
1655867787195305242 9162623
1655867787405233054 9497864
1655867787635078971 29457744
1655867787844931077 9350090
1655867788054716691 9373112
1655867788264599522 9479038
1655867788475089620 10079279
1655867788684985256 9436201
1655867788894703459 9322072
1655867789104449774 9341321
1655867789314341149 9500253
1655867789523967111 9225644
1655867789733593323 9232554
1655867789944330522 10363286
1655867790154250479 9537517
1655867790364752488 10115706
1655867790574548435 9407254
1655867790784153591 9186648
1655867790994726212 10169350
1655867791204662560 9256396
1655867791414996034 9926798
1655867791626763196 11335631
1655867791837103448 9930134
1655867792046841249 9342629
1655867792256905345 9665909
1655867792466745202 9428081
1655867792676607511 9425880
