1655869227018500247 381275889
1655869227232989600 12883949
1655869227450619479 17208967
1655869227666052087 15020787
1655869227881013175 13975664
1655869228095499360 13855583
1655869228310858561 14972389
1655869228528087243 14600714
1655869228745458487 14177923
1655869228960519876 14623907
1655869229184268321 21921539
1655869229406521095 21828730
1655869229623517975 16219508
1655869229842611368 17570697
1655869230064075406 19715469
1655869230281251879 16391283
1655869230502790796 17853439
1655869230724565708 18693030
1655869230940292029 15327143
1655869231156951304 15848321
1655869231375979326 18148701
1655869231593371359 14131552
1655869231809145936 15033704
1655869232045983366 34608164
1655869232268507264 18174757
1655869232485827531 16755989
1655869232700821680 14569799
1655869232913998355 12785066
1655869233131500736 15739939
1655869233345134409 13015019
1655869233560296320 14751389
1655869233781609490 20875305
1655869233998921391 16440576
1655869234212283275 13004385
1655869234425084701 12366095
1655869234638791186 13273080
1655869234852757530 13487490
1655869235069135436 15502424
1655869235284954050 14474957
1655869235506735130 21108582
1655869235726599624 19301495
1655869235943859572 16768922
1655869236161425590 16353677
1655869236377201614 14606508
1655869236595122753 17124559
1655869236810330771 14715793
1655869237027823506 16280857
1655869237244555538 15648797
1655869237462247792 16865037
1655869237678979971 14728390
1655869237896253693 16865705
1655869238112648570 15383395
1655869238327781399 14686628
1655869238545130830 16925325
1655869238768540644 21981993
1655869238989947155 20079314
1655869239210390303 19082432
1655869239427691029 16837062
1655869239643778406 15694158
1655869239864992429 20056146
1655869240080196833 14772578
1655869240307254902 26661571
1655869240523449209 15765373
1655869240738941360 14828846
1655869240950857218 11474154
1655869241164649393 13339843
1655869241378548124 13097323
1655869241598812638 19484517
1655869241814899010 14790368
1655869242038364476 23234757
1655869242260920282 19383423
1655869242478217925 16892926
1655869242696609454 17850642
1655869242913027708 15198399
1655869243133462323 20181781
1655869243349495944 14683174
1655869243565375783 15444062
1655869243781269037 15459113
1655869243997681052 15992019
1655869244218060140 19963755
1655869244441490437 19267026
1655869244659921063 17748638
1655869244881822258 20999964
1655869245102285189 19159846
1655869245320059186 16714411
1655869245536542872 16099665
1655869245760651995 23700562
1655869245980128441 19072031
1655869246197015051 16152827
1655869246412721154 14373926
1655869246629455490 15210979
1655869246846027357 15618245
1655869247061995102 15558570
1655869247280318625 17884818
1655869247499121614 17428204
1655869247723039598 20393015
1655869247946472690 21959758
1655869248170636163 22169949
1655869248398383445 26215309
1655869248620030660 16691447
1655869248841331090 20898311
1655869249061699268 19950093
1655869249279275694 16430639
1655869249497617957 17601270
1655869249723893800 25131340
1655869249940198143 15905543
1655869250155983293 15324066
1655869250374119196 16837591
1655869250591335857 14466005
1655869250813238951 18350018
1655869251029437491 15444982
1655869251247725025 17905166
1655869251468763489 20650175
1655869251689318966 19319586
1655869251909499366 19706055
1655869252132187746 22271324
1655869252351916557 19325481
1655869252567509891 12720504
1655869252782062836 13462138
1655869252995827833 12775785
1655869253209772808 12549599
1655869253425632428 14360033
1655869253639269524 12522112
1655869253854301003 13490407
1655869254069743448 14479910
1655869254287817216 17109183
1655869254500110807 11478851
1655869254711809946 11271209
1655869254924824184 12620546
1655869255135382059 10148182
1655869255345580934 9800218
1655869255555095509 9103252
1655869255765052464 9531088
1655869255974628129 9093180
1655869256184372932 9345932
1655869256394270352 9502825
1655869256607759955 13095590
1655869256818936820 10757143
1655869257034669955 15300754
1655869257246348525 11288457
1655869257457254970 10458861
1655869257668536903 10148072
1655869257880027426 10329889
1655869258091264240 10070823
1655869258302313759 9875052
1655869258512762840 9451755
1655869258722515918 9331626
1655869258932598117 9642258
1655869259142381460 9364514
1655869259352236724 9454432
1655869259561924441 9279033
1655869259772199623 9867118
1655869259981814505 9215876
1655869260191512222 9302911
1655869260408914125 16997510
1655869260620054754 10608620
1655869260830151541 9267844
1655869261040095149 9423698
1655869261250241819 9729660
1655869261460143908 9470718
1655869261669887335 9317746
1655869261879433280 9147014
1655869262089101151 9268946
1655869262310961568 15553493
1655869262520663512 9300956
1655869262730224975 9134817
1655869262939696471 9058434
1655869263151139780 11035745
1655869263360814266 9236943
1655869263570308741 9089471
1655869263779872178 9158934
1655869263989301572 9040490
1655869264198846390 9146564
1655869264408553546 9268413
1655869264621826369 12844475
1655869264916725051 94479106
1655869265129158587 12042067
1655869265341315890 11731098
1655869265553806940 11644385
1655869265766272671 11827636
1655869265978643577 11292127
1655869266190373072 10791566
1655869266400669824 9378840
1655869266611405120 10349920
1655869266821332602 9516436
1655869267031395339 9691366
1655869267241164498 9378966
1655869267450947052 9385294
1655869267660851071 9502451
1655869267871810288 10565250
1655869268081981841 9789196
1655869268297411336 14844529
1655869268506947177 9157308
1655869268716488767 9143268
1655869268926567649 9674127
1655869269136744369 9802773
1655869269346348871 9205717
1655869269556039592 9293435
1655869269765375944 8952806
1655869269975226301 9464182
1655869270184945724 9330524
1655869270394549755 9216131
1655869270604873489 9936322
1655869270815085223 9783511
1655869271027031187 11501556
1655869271241117710 13655507
1655869271456327249 14809131
1655869271670223922 13476524
1655869271884592248 13921441
1655869272099022077 13575388
1655869272315213485 15409726
1655869272530655640 14305502
1655869272746712770 13408678
1655869272958699989 11612968
1655869273169461706 10351836
1655869273381696321 11239670
1655869273592744781 9999029
1655869273803997176 10178847
1655869274015113886 10035431
1655869274226182565 9952479
1655869274442478511 15221310
1655869274653826731 10601206
1655869274865550197 10746303
1655869275076625314 10049436
1655869275288045645 10480854
1655869275497930044 9185002
1655869275707559068 9220898
1655869275917335910 9322674
1655869276126989638 9195466
1655869276336871288 9460616
1655869276547952097 10665664
1655869276757960947 9572194
1655869276967696733 9331465
1655869277177478749 9387025
1655869277387306097 9427786
1655869277596891344 9189150
1655869277807409488 10107039
1655869278017093344 9242450
1655869278226671091 9127563
1655869278443856003 11740226
1655869278655144161 10912376
1655869278865086917 9430237
1655869279074783202 9309679
1655869279285711224 10512859
1655869279495776281 9675706
1655869279707491634 11324379
1655869279917127976 9251432
1655869280126719250 9185148
1655869280338624513 11481788
1655869280548435581 9388529
1655869280758563796 9677499
1655869280969413463 10435208
1655869281179283320 9477392
1655869281394353086 14639957
1655869281604363573 9580329
1655869281815612567 10850674
1655869282025471506 9462212
1655869282236848845 10876945
1655869282447704190 10399662
1655869282657440194 9362268
1655869282867348595 9520650
1655869283077001595 9279307
1655869283293080951 15385708
1655869283502766664 9302818
1655869283712741404 9551206
1655869283928959041 15793464
1655869284144290870 14928175
1655869284363900641 18403740
1655869284588295325 23287789
1655869284803637483 14933170
1655869285021645308 16801413
1655869285235816479 13237944
1655869285447138824 10942640
1655869285658509179 10201878
1655869285869822208 10258888
1655869286080937076 10118041
1655869286298957401 16955565
1655869286513092986 12552388
1655869286726626944 12300763
1655869286939398261 12387270
1655869287153440397 13653943
1655869287368625670 14489938
1655869287582071541 13028982
1655869287796133081 12933995
1655869288009297724 12372295
1655869288222215520 12469377
1655869288436685221 12894336
1655869288651504624 13355212
1655869288866780641 14416368
1655869289081829805 13940925
1655869289298470854 16220407
1655869289518703084 18571256
1655869289736324940 17194311
1655869289952585141 14859036
1655869290168082339 14813502
1655869290382141282 13632150
1655869290593730168 11176074
1655869290804488853 10333894
1655869291014394348 9490671
1655869291224444067 9628618
1655869291453625998 28760516
1655869291664325073 10256665
1655869291874626728 9471513
1655869292084650667 9622535
1655869292295330504 10342043
1655869292505139628 9378409
1655869292714881278 9306095
1655869292924620752 9325107
1655869293134283383 9249996
1655869293344023182 9329363
1655869293553697540 9269799
1655869293763288320 9171068
1655869293972925782 9214554
1655869294182447406 9115081
1655869294392148769 9280242
1655869294601611259 9034454
1655869294812958815 9252923
1655869295024128899 10772171
1655869295234278082 9766753
1655869295450629231 15939290
1655869295661599468 10567169
1655869295877980993 15975313
1655869296089784735 11410857
1655869296301417271 11226513
1655869296518421364 16201259
1655869296732093943 13000820
1655869296945223304 12697931
1655869297158616449 12347613
1655869297370503736 11501568
1655869297591392049 20078982
1655869297803845603 11993372
1655869298016858956 12606175
1655869298231563027 14101358
1655869298447962528 15181558
1655869298660528040 12081652
1655869298874334465 12479991
1655869299086026020 11216102
1655869299300584801 13446720
1655869299514141582 13172112
1655869299727472033 12211624
1655869299941082099 12853503
1655869300154857530 12473054
1655869300368655096 13029247
1655869300581823704 12758577
1655869300795777483 12927251
1655869301009016006 12837826
1655869301220539055 11086695
1655869301439048571 18081936
1655869301649390204 9300618
1655869301859414076 9619555
1655869302071248468 11409253
1655869302282326514 10385504
1655869302492954243 9965511
1655869302702703373 9347787
1655869302912640311 9535722
1655869303122657168 9631841
1655869303334794106 11576587
1655869303544962442 9753831
1655869303755390245 10022010
1655869303965306852 9528823
1655869304175650244 9944560
1655869304385599517 9544595
1655869304595400314 9410590
1655869304805927185 10104332
1655869305015643281 9343018
1655869305225446597 9420898
1655869305435486553 9634689
1655869305645357003 9485189
1655869305855292781 9543627
1655869306065402685 9704614
1655869306275714154 9931402
1655869306486180084 9472421
1655869306696072351 9428836
1655869306905785405 9303054
1655869307116019763 9805322
1655869307325667221 9244256
1655869307535717228 9626921
1655869307745844425 9725131
1655869307955508138 9261477
1655869308165122823 9234981
1655869308375185270 9641959
1655869308585891958 10265961
1655869308795523715 9230435
1655869309005127241 9218008
1655869309214698985 9169726
1655869309426215552 11118803
1655869309637524157 10901975
1655869309847308539 9378810
1655869310061455689 13714610
1655869310274878172 13019390
1655869310484776848 9486581
1655869310694411608 9177968
1655869310904979354 10172846
1655869311115301037 9915725
1655869311325024273 9319862
1655869311534918102 9476802
1655869311745251128 9936803
1655869311954795472 9155549
1655869312164642624 9619079
1655869312374924987 9870667
1655869312584912511 9583221
1655869312795126605 9721927
1655869313005329900 9509602
1655869313215432762 9395680
1655869313426258741 10329130
1655869313636099221 9219401
1655869313846317031 9443726
1655869314056372603 9348138
1655869314266393470 9400319
1655869314478985905 12091350
1655869314688621832 9314653
1655869314899060884 10037915
1655869315108677183 9210665
1655869315318241233 9156408
1655869315527735812 9097806
1655869315737428170 9275914
1655869315947076951 9210405
1655869316158117963 10634458
1655869316367729628 9206928
1655869316577505527 9351589
