1655869421132265824 514172778
1655869421545279441 129858845
1655869421760868561 15182146
1655869422039901457 76587754
1655869422318671127 75389361
1655869422549875849 25170166
1655869422763027803 9257417
1655869422972616129 9346073
1655869423182314004 9294763
1655869423393077370 10351682
1655869423625537538 32034583
1655869423856794291 26798298
1655869424081485049 24256541
1655869424306116152 23877620
1655869424521400882 14665384
1655869424735890695 14081267
1655869424958509396 20718847
1655869425220668501 61237848
1655869425523454453 100031347
1655869425828766395 95939755
1655869426193976558 164109296
1655869426514786452 95118760
1655869426750965691 35132673
1655869426967875613 16581941
1655869427221111935 52823971
1655869427455951580 32994419
1655869427678690312 22306376
1655869427928018316 48900916
1655869428166839897 35916590
1655869428414744416 43283508
1655869428632510313 17302867
1655869428869563434 34260410
1655869429095061019 24576077
1655869429318321535 22238919
1655869429542040384 23022740
1655869429753420430 10980701
1655869429964999659 11159460
1655869430177157416 10930401
1655869430430489058 17196364
1655869430659985626 29079428
1655869430890044456 29619481
1655869431125919863 34825840
1655869431342485261 15560483
1655869431556483536 12934472
1655869431814149365 57004934
1655869432045893936 30627850
1655869432330098722 83379778
1655869432629990060 98985822
1655869432867436410 28046218
1655869433084885861 16523720
1655869433307679381 21553205
1655869433552709020 44741012
1655869433778684374 15112724
1655869434025831862 46684766
1655869434244563658 16849096
1655869434528247873 79029852
1655869434772258364 29270542
1655869435019475470 46786665
1655869435324627439 104726278
1655869435614992552 88914487
1655869435914873263 91532280
1655869436219049308 93368321
1655869436451622642 31496633
1655869436665045587 12725361
1655869436932449637 66458895
1655869437166075773 32802119
1655869437379967193 13461875
1655869437633798700 20523423
1655869437932317749 97019768
1655869438162174855 27616455
1655869438449988944 31913488
1655869438729143652 78058726
1655869439012679026 79257382
1655869439236277956 23140038
1655869439460762930 13982126
1655869439673690732 11209829
1655869439949940106 38342082
1655869440169398927 16432322
1655869440416052180 46222797
1655869440634191764 17708467
1655869440847734766 12391270
1655869442075439073 1027286824
1655869442318338631 42490298
1655869442548086559 28653576
1655869442777929624 22629091
1655869443019072121 39727353
1655869443248282860 28744579
1655869443493165360 33195915
1655869443721010854 27396256
1655869443940447097 17112997
1655869444219250291 78077847
1655869444452346728 31839833
1655869444675533010 21381601
1655869444886361066 9704108
1655869445125438156 13871648
1655869445336264509 10421209
1655869445548654585 11189741
1655869445762789364 13241584
1655869445978204183 14938739
1655869446193626899 14377572
1655869446414248307 20207621
1655869446643324386 28614647
1655869446861495141 17042805
1655869447072041578 10128089
1655869447317499668 45033088
1655869447529232886 11323844
1655869447740405606 10789187
1655869447952284940 11440632
1655869448177001130 22928439
1655869448420995230 43555317
1655869448662076516 40642963
1655869448925201883 57901408
1655869449145563565 18971919
1655869449430163941 78400081
1655869449723635946 92347861
1655869449981116175 56322447
1655869450330567411 106895693
1655869450573670461 34527426
1655869450791382385 16184760
1655869451018342803 24914167
1655869451240480892 21716320
1655869451524365343 82307106
1655869451745592286 17818211
1655869451963737566 15482263
1655869452220807942 55018227
1655869452444910534 21618329
1655869452659820832 14476474
1655869452875385369 14774211
1655869453123050749 47244590
1655869453334899798 11373626
1655869453549428660 12346563
1655869453768087237 18252096
1655869454027525781 54911269
1655869454260345330 27176806
1655869454522714952 59413107
1655869454745936634 22656251
1655869455018228841 71863932
1655869455316188441 93350654
1655869455531913944 13283825
1655869455745329877 9542649
1655869455958937234 11648257
1655869456168770294 9500398
1655869456378594698 9402905
1655869456589817623 10778394
1655869456805631519 15409838
1655869457022058772 15997448
1655869457319094314 96610873
1655869457640845135 112318878
1655869458019741191 176190512
1655869459360207134 1132251485
1655869459639549146 27949306
1655869459857400946 17423347
1655869460074996242 17182481
1655869460298134243 22824316
1655869460520391041 19401968
1655869460737149521 13677346
1655869460965235012 26720963
1655869461195067876 28828455
1655869461431362978 32750919
1655869461649597714 14198979
1655869461868210538 18160812
1655869462080959609 12319087
1655869462327012416 43733301
1655869462617311923 88268436
1655869462835890208 18136179
1655869463048195654 11023326
1655869463322201129 73272752
1655869463538220969 15599578
1655869463787409302 47979000
1655869464003741012 15950593
1655869464220737487 16013406
1655869464446021337 24819176
1655869464715737817 64444324
1655869464935825985 17379529
1655869465159138099 22568438
1655869465427733520 68086018
1655869465640185424 12035185
1655869465923013302 80977123
1655869466156146032 26537910
1655869466377234135 20650562
1655869466623081539 45439811
1655869466863658290 28125913
1655869467083489784 19431991
1655869467328516809 44640081
1655869467554107765 19364471
1655869467812041972 55242925
1655869468034425887 21692591
1655869468253959824 18634096
1655869468518029837 62425090
1655869468734796988 15545771
1655869468953214909 16257613
1655869469166277849 11995174
1655869469432176225 65438453
1655869469661279717 25968726
1655869469924308868 60018777
1655869470227443670 100161767
1655869470458628228 30104667
1655869470689550011 21782181
1655869470900955994 10909188
1655869471130410469 18813912
1655869471353865981 23002710
1655869471627077725 72771774
1655869471849434823 18761219
1655869472075543198 25664626
1655869472322932133 46685510
1655869472552504865 28815660
1655869472771932175 18985485
1655869473017962815 43461481
1655869473242349894 21975599
1655869473462486219 18931124
1655869473717132805 54203862
1655869473933647906 13746784
1655869474152223371 18146996
1655869474369343612 15710147
1655869474614682128 44735048
1655869474837295548 22156931
1655869475057211206 19479792
1655869475313433694 52932046
1655869475539651685 24158263
1655869475773653732 33581051
1655869475987453747 13401395
1655869476228053868 39925840
1655869476512896886 80385401
1655869476732176689 16348198
1655869476950017457 17417334
1655869477167050634 16067445
1655869477442005950 30080248
1655869477738291047 22322477
1655869477948695018 9992153
1655869478165294702 16108957
1655869478375282582 9591580
1655869478625399680 49895819
1655869478842910086 16399397
1655869479093178297 41177031
1655869479326771430 32325369
1655869479557991941 30749780
1655869479783942935 25313105
1655869480041921454 28081809
1655869480269680529 27334706
1655869480483560203 13454675
1655869480723067761 39114374
1655869480953439856 25219946
1655869481168697595 14852782
1655869481424104217 54785700
1655869481718197269 91804859
1655869481930797366 11335496
1655869482151273701 18231630
1655869482416426183 62614211
1655869482646409268 24465393
1655869482913955176 65955376
1655869483136488477 21156841
1655869483431949075 94348125
1655869483661568502 27902481
1655869483920770752 52727140
1655869484217479203 79637657
1655869484540780844 122555606
1655869484832509347 20390734
1655869485044998519 9270429
1655869485257836819 12268547
1655869485537120292 77774805
1655869485833407224 94527068
1655869486064244521 20665473
1655869486275116697 10087221
1655869486485283905 9542081
1655869486724868301 39197181
1655869486956032752 28704240
1655869487217062286 57764626
1655869487450045989 32550275
1655869487682128998 30398087
1655869487895009828 11901012
1655869488117595566 22270621
1655869488346025691 27873415
1655869488616314682 69029935
1655869488837379834 20626354
1655869489113687687 75882976
1655869489358811506 39484350
1655869489616682851 57391711
1655869489851381167 34249424
1655869490114395355 59109580
1655869490358095654 38060598
1655869490571518733 12926046
1655869490781568004 9248044
1655869491020386685 38387953
1655869491251676370 11351684
1655869491463948141 11125056
1655869491674936183 10588497
1655869491921618901 45022670
1655869492132674559 10597657
1655869492396036429 62338772
1655869492626760489 27464937
1655869492862214017 30760747
1655869493118582388 55297291
1655869493352815455 33787659
1655869493587085630 29856732
1655869493854988478 43035883
1655869494077490382 22142081
1655869494425415769 113806169
1655869494721882934 90561449
1655869495033450749 104061161
1655869495258650761 24769103
1655869495515553053 56187778
1655869495726697000 10036431
1655869495941449830 9375963
1655869496166715048 23401576
1655869496397382240 30239751
1655869496620785350 21496808
1655869496842248549 19605570
1655869497068388963 25712284
1655869497321766244 50756989
1655869497541252953 17136558
1655869497771828595 29704410
1655869498036466133 64218158
1655869498316591700 79165979
1655869498549982890 32980146
1655869498773048476 17278488
1655869499026631668 52904583
1655869499257949255 30678234
1655869499485269859 22995504
1655869499720921127 35218296
1655869499990624769 67337860
1655869500205607259 14331106
1655869500425892789 17557499
1655869500638114784 11262103
1655869500857235443 17293037
1655869501067618622 9961037
1655869501335792923 67778334
1655869501557111025 14323614
1655869501860427075 101119894
1655869502084432899 21096350
1655869502319144964 33796836
1655869502544763354 24876767
1655869502768695291 23510091
1655869502989757406 19872135
1655869503212807318 21838160
1655869503427580220 14341234
1655869503648131880 20144255
1655869503929769812 78469950
1655869504217041762 77756296
1655869504434134140 16655684
1655869504653033633 18464466
1655869504913445306 59693978
1655869505133645594 19764715
1655869505362219398 26901855
1655869506651877830 1087927439
1655869506872613287 19437673
1655869507124546209 49233340
1655869507350243012 25286661
1655869507561274837 10646899
1655869507829912165 66568507
1655869508116519348 85444851
1655869508337957579 18674950
1655869508613553432 74204524
1655869508828484531 14493547
1655869509044873948 15667446
1655869509260647650 15343632
