1655518142576417540 187811640
1655518142784413311 6569051
1655518142991412637 5686150
1655518143196805745 5069637
1655518143403216110 5115854
1655518143608571108 5033646
1655518143813802687 4911404
1655518144020158549 4988621
1655518144225545531 5064975
1655518144431887875 5000485
1655518144637266289 5057144
1655518144843665178 5101982
1655518145049157285 5161931
1655518145255584556 5129968
1655518145462013103 5089725
1655518145667400501 5053322
1655518145872943851 5215173
1655518146079243331 5035722
1655518146285582299 5094853
1655518146492074516 5192453
1655518146697575790 5172367
1655518146903018468 5112424
1655518147108490041 5139188
1655518147314903139 5130077
1655518147521228991 5029521
1655518147727647059 5135921
1655518147933992563 5087752
1655518148140405003 5155624
1655518148346793339 5050259
1655518148552350377 5227250
1655518148758756682 5062046
1655518148964214055 5131023
1655518149170692274 5132147
1655518149376125635 5102326
1655518149581630080 5169203
1655518149787099038 5137370
1655518149992543018 5105162
1655518150197974529 5096759
1655518150403540204 5233800
1655518150609937788 5076112
1655518150815360885 5085352
1655518151021776182 5164134
1655518151227234564 5126981
1655518151433648850 5155013
1655518151639091219 5107889
1655518151845539701 5170534
1655518152051987360 5180102
1655518152258231807 4947220
1655518152464616726 5124097
1655518152670714832 4859135
1655518152876929192 4951836
1655518153083182919 4942434
1655518153289559309 5104572
1655518153495931792 5096562
1655518153701324600 5057380
1655518153906414683 4754735
1655518154112654657 4997267
1655518154318833948 4909633
1655518154524281313 5109671
1655518154730490109 4937702
1655518154936678858 4967724
1655518155142983013 5031523
1655518155348439682 5137496
1655518155553741465 4954418
1655518155760040858 5051924
1655518155966144758 4847453
1655518156171420222 4944610
1655518156376674314 4920609
1655518156582939565 4979851
1655518156789262739 5061562
1655518156994723663 5125535
1655518157200058011 5003471
1655518157405540527 5146327
1655518157611907869 5108913
1655518157818196961 4961170
1655518158024560711 5054690
1655518158230895548 5035125
1655518158437185905 5001606
1655518158642558652 5043198
1655518158848968704 5151903
1655518159055164169 4931756
1655518159260561729 5067105
1655518159465820721 4927647
1655518159671165988 5006254
1655518159877444803 4968871
1655518160082615970 4847234
1655518160288046470 5101091
1655518160493469375 5095618
1655518160698760766 4961129
1655518160904169000 5073045
1655518161110560233 5080327
1655518161315960550 5072260
1655518161522248384 4999861
1655518161728604070 5082840
1655518161933909497 4985708
1655518162139179407 4938159
1655518162344567103 5055908
1655518162550724753 4907784
1655518162756946837 4959380
1655518162963165227 4980027
1655518163169647201 5093822
1655518163374983564 5009788
1655518163581017140 5705139
1655518163786402190 5055575
1655518163992668118 5929976
1655518164197966879 4965427
1655518164404340941 6043093
1655518164609678018 5007769
1655518164814895718 4889934
1655518165020302865 5060203
1655518165226445437 4880676
1655518165431704089 4916491
1655518165637832257 4859858
1655518165844146120 5066938
1655518166050135292 4764057
1655518166256491858 5069945
1655518166462786365 5019356
1655518166669109577 5060484
1655518166875359712 4959617
1655518167080746555 5050499
1655518167286172760 5005754
1655518167491500051 5004178
1655518167696760814 4930407
1655518167903012533 5000145
1655518168109411325 5105052
1655518168315768569 5067385
1655518168521958305 4848669
1655518168728304329 5093392
1655518168933756836 5157233
1655518169140111543 5095374
1655518169345563747 5121508
1655518169550973772 5080470
1655518169757268006 5043941
1655518169962529099 4935706
1655518170168807521 5003121
1655518170374289997 5152927
1655518170580578304 5956306
1655518170786885270 5972782
1655518170993233133 5045147
1655518171199510046 5008780
1655518171405775184 5029414
1655518171612094080 5045283
1655518171818453569 5051393
1655518172024675589 4976847
1655518172229907375 4899513
1655518172436239096 5061218
1655518172641667646 5094386
1655518172849198721 6254875
1655518173055350904 4863266
1655518173260821656 5138861
1655518173466924541 5769099
1655518173672324138 5067088
1655518173878572917 4924354
1655518174084946401 5027182
1655518174290301109 5024676
1655518174495713477 5078348
1655518174701107250 5058878
1655518174907392454 5013817
1655518175112694174 4973220
1655518175317827304 4807112
1655518175522988774 4835500
1655518175728418328 5097197
1655518175934689112 4981920
1655518176140042635 5032538
1655518176345411216 5032035
1655518176551723728 5051163
1655518176757170804 5115007
1655518176963476091 5013180
1655518177169841015 5059910
1655518177376100118 4988922
1655518177581529517 5096209
1655518177786933330 5074894
1655518177992355508 5093282
1655518178197763026 5085206
1655518178404336728 5287366
1655518178610512329 5845215
1655518178816581188 5739493
1655518179022677559 5764164
1655518179228935960 5018578
1655518179434283377 5014384
1655518179640248474 5634278
1655518179846381991 5803140
1655518180051704247 4981473
1655518180257110430 5075732
1655518180462464964 5023632
1655518180667982142 5184460
1655518180874269063 5958765
1655518181079824780 5230771
1655518181285195515 5041195
1655518181491527339 5056296
1655518181697813386 4995796
1655518181904165093 5057270
1655518182110506718 5073739
1655518182316915830 5107294
1655518182523202944 5027886
1655518182729601589 5129510
1655518182935828326 4998600
1655518183141965120 4822115
1655518183348326573 5094473
1655518183555409782 5760440
1655518183760759484 5015683
1655518183965900343 4783648
1655518184172230314 5080631
1655518184377447527 4882668
1655518184582825752 5050689
1655518184789179939 5074441
1655518184994499668 5017284
1655518185200799751 5031697
1655518185407097199 4997110
1655518185612473284 5040741
1655518185818815753 5085954
1655518186024234534 5083010
1655518186229677370 5109457
1655518186435103559 5084562
1655518186641447965 5093112
1655518186847795503 5086134
1655518187052999222 4873334
1655518187259188387 4911705
1655518187464428977 4909845
1655518187669816738 5062022
1655518187875018362 4865260
1655518188080387432 5043488
1655518188286832722 5140276
1655518188492502444 5326075
1655518188697916003 5080374
1655518188903292801 5044712
1655518189109687189 5129975
1655518189321739377 11724260
1655518189529689354 7366787
1655518189736265449 5135868
1655518189942286804 5686772
1655518190147720075 5107268
1655518190354195786 5135571
1655518190559748155 5159972
1655518190765981698 4923242
1655518190972113226 4854326
1655518191177604975 5156752
1655518191385103270 6190731
1655518191591461854 5047406
1655518191796935712 5143724
1655518192002289998 5030095
1655518192208227636 5606602
1655518192414439060 4920865
1655518192621804719 6091526
1655518192828082798 5945747
1655518193034385199 4978339
1655518193240802925 5109043
1655518193447103238 5023134
1655518193653439247 5043504
1655518193858733912 4962111
1655518194065054316 5045707
1655518194270267204 4872357
1655518194475551802 4960516
1655518194680911805 5027636
1655518194885786540 4535097
1655518195090939136 4818721
1655518195297243929 5959280
1655518195503674128 5185759
1655518195709846553 4867107
1655518195916264906 5083363
1655518196122425369 4857786
1655518196328666316 4919248
1655518196533824930 4824328
1655518196739156196 4999844
1655518196945117251 4743946
1655518197151318862 5860702
1655518197357796588 6140462
1655518197564176195 5110659
1655518197770095152 4655188
1655518197975260492 4827855
1655518198181585394 5057557
1655518198386912369 4995846
1655518198593279997 5101271
1655518198798542881 4931318
1655518199004667924 4833355
1655518199210973430 5018422
1655518199416969341 4752269
1655518199623941891 5708841
1655518199830307860 6045699
1655518200035751777 5122629
1655518200242049791 4969556
1655518200448416412 5056232
1655518200654766579 5020281
1655518200861150179 5066668
1655518201067380825 4930537
1655518201273846833 5187057
1655518201480714804 5527233
1655518201686049615 5008514
1655518201891348296 4960057
1655518202097631557 5036369
1655518202303824270 5857545
1655518202510188032 5036192
1655518202715769193 5241647
1655518202921189509 5098108
1655518203127481669 5000728
1655518203333772582 4975042
1655518203538904545 4801969
1655518203744158480 4920563
1655518203949469011 4979600
1655518204155746289 4934792
1655518204361088113 5012835
1655518204566419146 5002083
1655518204772712835 5039399
1655518204977977041 4971131
1655518205184091753 5782889
1655518205389458277 5035962
1655518205595019523 5230176
1655518205800445056 5095438
1655518206005859064 5050129
1655518206212268918 5095515
1655518206417534588 4934862
1655518206622881223 5014167
1655518206828626512 5348464
1655518207034823282 4905952
1655518207241172942 5041775
1655518207446473219 4969125
1655518207652836307 5081769
1655518207858242515 5091877
1655518208064852155 5313213
1655518208270120508 4937024
1655518208476485763 5087422
1655518208683795788 6034698
1655518208889070178 4942991
1655518209095366998 4994614
1655518209300845441 5150425
1655518209506174245 4994585
1655518209712613709 5122773
1655518209917877244 4932600
1655518210124283907 5129598
1655518210330716140 5111838
1655518210538358288 6365356
1655518210744480535 5792314
1655518210949754158 4939608
1655518211155106883 5021776
1655518211361508891 5097944
1655518211569002526 6179000
1655518211775319647 5013943
1655518211981675763 5043090
1655518212186988885 4989515
1655518212393267891 4998329
1655518212599623018 5028945
1655518212805668757 5714911
1655518213011099402 5101721
1655518213217560201 5118264
1655518213422910544 5015219
1655518213628356753 5116943
1655518213834663244 5007023
1655518214039952485 4962397
1655518214246286434 5013520
1655518214451438174 4817538
1655518214656927572 5158911
1655518214862293139 5029492
1655518215067688019 5063477
1655518215273938194 4906863
1655518215480271570 5071150
1655518215686612883 5014934
1655518215892022116 5075118
1655518216097463296 5107182
1655518216303673984 4955340
1655518216509991794 4982818
1655518216716371068 5075484
1655518216923979178 7282067
1655518217130064777 5763397
1655518217336413224 5048243
1655518217543889252 6175599
1655518217750201146 4988875
1655518217956307885 5768560
1655518218162373858 5730639
1655518218368255458 5551552
1655518218573801827 5213779
1655518218780102668 5970480
1655518218986374108 4950768
1655518219191696370 5001028
1655518219397954743 4905538
1655518219604307697 6022352
1655518219809707362 5061355
1655518220016101772 5097587
1655518220222470925 5042179
1655518220427725567 4918120
1655518220634856987 5841951
1655518220841377262 5180380
1655518221046642794 4943609
1655518221253880239 5966665
1655518221459083781 4813021
1655518221665429694 5013319
1655518221871098649 5003338
1655518222077523939 5115000
1655518222282900201 5043581
1655518222488324852 5096119
1655518222693834138 5179936
1655518222900275092 5110088
1655518223105716508 5106895
1655518223311057369 5022678
1655518223517477945 5125670
1655518223722822345 4284041
1655518223929204621 5096149
1655518224134853142 5315085
1655518224341990672 5829576
1655518224547301419 4989359
1655518224753729369 5143640
1655518224958999926 4949663
1655518225164626010 5334791
1655518225371738734 5043361
1655518225577262168 5194712
1655518225782698883 5098591
1655518225988706685 5610039
1655518226194053513 5012215
1655518226400325988 4966876
1655518226606691026 5033416
1655518226812036649 5015899
1655518227017416665 5050242
1655518227222696326 4944783
1655518227428185491 5159919
1655518227634435581 5919181
1655518227840786279 5034408
1655518228045952575 4832438
1655518228251209954 4925919
1655518228456542351 4998072
1655518228661895083 5018359
1655518228868205471 5972498
1655518229074490447 4959231
1655518229279932761 5108924
1655518229485396588 5134616
1655518229691611746 4926936
1655518229897897225 4981062
1655518230103134977 4856325
1655518230308507701 5043597
1655518230514805058 5023211
1655518230720233921 5106878
1655518230925695111 5133135
1655518231132066189 5090599
1655518231338432133 5018602
1655518231544797203 5090615
1655518231750065974 4974972
1655518231955443572 5043749
1655518232161789434 4976400
1655518232368975952 5875193