1655506379602730382 461690659
1655506379810662909 6556064
1655506380017474629 6473912
1655506380224661852 5248758
1655506380431549971 5159379
1655506380638317608 5476835
1655506380844077241 5458789
1655506381049400044 5014545
1655506381256645378 5420403
1655506381462317995 5366034
1655506381670330601 5895541
1655506381877137682 6502832
1655506382086113492 6903378
1655506382291845373 5435719
1655506382497677127 5500907
1655506382702986799 5002752
1655506382910307706 6093227
1655506383116598275 5971264
1655506383322807883 5914560
1655506383528379236 5253277
1655506383734928587 5271338
1655506383940918236 4731188
1655506384146635087 4549170
1655506384351667979 4738080
1655506384557440974 4525443
1655506384763269638 4564420
1655506384967790304 4238645
1655506385173281491 4422569
1655506385379074729 4574942
1655506385584843268 5480124
1655506385789878068 4726623
1655506385995439182 5243594
1655506386201287674 4605853
1655506386406844545 4418410
1655506386612257538 4427434
1655506386817708858 5265364
1655506387023839377 4871111
1655506387228770713 4635785
1655506387434420000 5312158
1655506387640948795 5258416
1655506387846377007 5089867
1655506388052914562 5216691
1655506388258467110 5220470
1655506388464034962 5243586
1655506388669449270 5068203
1655506388875917604 5162145
1655506389081417351 5177309
1655506389287273884 4710644
1655506389493552035 5002882
1655506389699948937 5113408
1655506389905375919 5100087
1655506390111937121 5261497
1655506390318277912 5017902
1655506390525398452 5886911
1655506390730759088 5036296
1655506390936067538 4983412
1655506391141993994 5600641
1655506391348665950 5309732
1655506391553878706 4890055
1655506391759359304 5155417
1655506391965767449 5157911
1655506392172323495 5285838
1655506392378579836 4921611
1655506392585114964 5155000
1655506392790551780 5108734
1655506392996166721 5321789
1655506393202466317 4946693
1655506393408853542 4998190
1655506393615409905 5192347
1655506393820820155 5113906
1655506394026135472 5024586
1655506394232329607 4970884
1655506394438540124 5001093
1655506394644402754 4670814
1655506394849656516 4968602
1655506395054411358 4432314
1655506395259095059 4379527
1655506395464590293 4310322
1655506395670668653 4789542
1655506395876578265 4733708
1655506396081496899 3998196
1655506396287097362 4338033
1655506396492078892 4675693
1655506396698263120 4885386
1655506396903490423 4904541
1655506397108719078 4904202
1655506397314592290 4605025
1655506397520616503 4863535
1655506397727012053 5111026
1655506397932278608 4940740
1655506398138515068 4999267
1655506398343839547 5026893
1655506398550199126 5082536
1655506398755833328 5315669
1655506398962377721 5094861
1655506399168690663 5103765
1655506399373990814 4994545
1655506399579343585 5057878
1655506399785910429 5132074
1655506399992283133 4960680
1655506400197867687 5290954
1655506400404744065 5436491
1655506400611651893 5667505
1655506400817500576 5516133
1655506401023879107 6051117
1655506401231417236 6053713
1655506401437384419 5608090
1655506401643860547 5128251
1655506401850007453 5799854
1655506402055948977 5649901
1655506402261582294 5249145
1655506402468805800 5873472
1655506402674325036 5193628
1655506402880602184 5953942
1655506403087052274 5093716
1655506403293401658 4915374
1655506403498965058 5157249
1655506403704754130 5465512
1655506403909941026 4860997
1655506404116406377 5232032
1655506404322758742 5082506
1655506404528079897 4993334
1655506404734463190 5121995
1655506404941059306 5297134
1655506405147468599 5087739
1655506405353852125 5108143
1655506405559352520 5167935
1655506405765772308 5048791
1655506405971207617 5107395
1655506406176595466 5061292
1655506406383083239 5092501
1655506406588587178 5175631
1655506406794025738 5115165
1655506406999266144 4914598
1655506407204602872 5021513
1655506407410811033 4925676
1655506407617114089 5034541
1655506407823440974 5081513
1655506408028808344 5042610
1655506408234871819 5739258
1655506408441270079 5114417
1655506408647668643 5111076
1655506408854071759 5072682
1655506409059610488 5213645
1655506409265100778 5167001
1655506409471512003 5110252
1655506409677852016 5078953
1655506409884323901 5195600
1655506410089602199 4931983
1655506410295925836 5060528
1655506410501300342 5044025
1655506410706591883 4965989
1655506410912771342 4909983
1655506411118096105 4997342
1655506411323364319 4941651
1655506411529524052 4855708
1655506411734856782 5009576
1655506411941119293 5936886
1655506412147451634 5049325
1655506412353779943 5066371
1655506412560148152 5083601
1655506412766408767 4973271
1655506412971963955 5228939
1655506413177258922 4967754
1655506413383405951 4887435
1655506413588839700 5107128
1655506413795252130 5128112
1655506414000744211 5194412
1655506414207068369 5011821
1655506414413416793 5085734
1655506414618847583 5002394
1655506414824295037 5121602
1655506415030477211 4913952
1655506415236908103 5163681
1655506415442774380 5537121
1655506415649473947 5362520
1655506415855650008 4899642
1655506416060865307 4890408
1655506416267014487 4854283
1655506416473313730 5974796
1655506416679049249 5410121
1655506416885216296 5841759
1655506417091615559 5110623
1655506417298014212 5096373
1655506417504446758 5150125
1655506417710767089 5084616
1655506417917108518 5064759
1655506418122568785 5113429
1655506418327931664 5039557
1655506418534276152 5035452
1655506418740649030 5079987
1655506418946002399 5024113
1655506419151362615 5032238
1655506419357945945 5296740
1655506419564300936 5067716
1655506419770562408 4977114
1655506419975897104 5010149
1655506420182147798 4905235
1655506420387569699 5096863
1655506420592906825 5010293
1655506420799263621 5074431
1655506421005601946 5060615
1655506421211820638 4977104
1655506421418041518 4950658
1655506421623457989 5088344
1655506421829539424 4806004
1655506422034950675 5033471
1655506422241203788 4977346
1655506422446421326 4893855
1655506422651694532 4949643
1655506422857630259 5610356
1655506423062856003 4899929
1655506423269255492 5097845
1655506423474418200 4837240
1655506423679808452 5064672
1655506423886079182 4979825
1655506424091426491 5020948
1655506424297977832 5210491
1655506424503677007 5358602
1655506424708984409 4977495
1655506424914199412 4889888
1655506425120965012 6429837
1655506425333401165 11103586
1655506425541324528 7358823
1655506425747464250 5796123
1655506425953854325 6046505
1655506426160714247 6508207
1655506426366675275 5617394
1655506426572874295 5806365
1655506426778436177 5236962
1655506426984897750 6113650
1655506427191458000 5194302
1655506427397163345 5358331
1655506427603538275 5086214
1655506427808820371 4954836
1655506428014082057 4937470
1655506428220466962 5117304
1655506428426786665 5036640
1655506428633119096 5085457
1655506428838476416 5034291
1655506429043831816 5031347
1655506429249184940 5027943
1655506429454517218 5009333
1655506429660796601 5008665
1655506429867208604 5100057
1655506430073441964 4958180
1655506430278751478 4983379
1655506430484161445 5085620
1655506430690432662 5024399
1655506430895695986 4932653
1655506431101959508 5006572
1655506431307390706 5106664
1655506431513891673 5157870
1655506431720265008 5115194
1655506431926643233 5107396
1655506432132097330 5129741
1655506432337414254 4980035
1655506432542950656 5198764
1655506432748413477 5071530
1655506432954657677 4990624
1655506433159966160 4982261
1655506433365375610 5084366
1655506433571696778 5088466
1655506433778005903 5045134
1655506433983268217 4936502
1655506434189477540 4916308
1655506434394883338 5080641
1655506434600287241 5074097
1655506434806464129 4904050
1655506435012826863 5060879
1655506435219111001 4999383
1655506435424272792 4840831
1655506435630353220 5756989
1655506435836695822 5068870
1655506436043024569 5098582
1655506436248427027 5078114
1655506436453829896 5080361
1655506436660185286 5029959
1655506436866498520 5013444
1655506437071832068 5008724
1655506437278074649 4951882
1655506437483409198 5029555
1655506437689873235 5173842
1655506437896329689 5181758
1655506438101438659 4795226
1655506438306673493 4910995
1655506438511956591 4957753
1655506438718247057 5012966
1655506438923740949 5166517
1655506439130007961 4980389
1655506439336320362 5017822
1655506439541389625 4945669
1655506439746711497 4997332
1655506439952991594 5053984
1655506440159274088 5030868
1655506440364255528 3916997
1655506440570197289 4804757
1655506440775489964 4970166
1655506440980309790 4501649
1655506441185315457 4717247
1655506441391726077 5086085
1655506441597118230 5059764
1655506441803260353 4879872
1655506442008795553 5199863
1655506442215213899 5087913
1655506442421322603 4816992
1655506442627394162 4788037
1655506442833799664 5047453
1655506443038894472 4758374
1655506443244315714 5096850
1655506443449971756 4547673
1655506443656271598 5035602
1655506443862304434 5052051
1655506444067747442 5105276
1655506444273209953 5137363
1655506444478416232 4872532
1655506444684852796 5138144
1655506444891238402 5123024
1655506445095989687 4417241
1655506445301191402 4879813
1655506445507607150 5159065
1655506445713010510 5065624
1655506445919431246 5115358
1655506446125836742 5102053
1655506446331302423 5130929
1655506446536793970 5160550
1655506446743034531 5004291
1655506446948591506 5233845
1655506447155726351 5842699
1655506447363274629 5451528
1655506447569847085 5259381
1655506447776511689 5388801
1655506447983074765 5235353
1655506448189729542 5166500
1655506448395000801 4961947
1655506448601272806 5030744
1655506448807409913 4892812
1655506449013221993 4470860
1655506449219288316 4581365
1655506449425773834 5048834
1655506449631844251 4878090
1655506449837178178 5029519
1655506450042477245 5004308
1655506450248825119 5070586
1655506450455019857 4976627
1655506450659981358 4627585
1655506450865443368 5035375
1655506451071096115 5311848
1655506451275917366 4494094
1655506451481995161 4864031
1655506451687588782 5278859
1655506451892833745 4936657
1655506452098461673 5337256
1655506452304008189 5268213
1655506452510738225 5282327
1655506452716946422 4700148
1655506452922866580 4706718
1655506453129120389 5055763
1655506453335503585 5110479
1655506453540554522 4752082
1655506453746209916 4466230
1655506453952664343 5217682
1655506454157896921 4897796
1655506454364240599 4998330
1655506454570510324 5043438
1655506454775958896 5117100
1655506454982353249 5107873
1655506455187754559 5057694
1655506455393665582 4671644
1655506455600046994 5077347
1655506455806203893 4851777
1655506456012552723 5122566
1655506456218977434 5145910
1655506456424459968 5150338
1655506456630636909 4874195
1655506456836656099 4826424
1655506457041735321 4744083
1655506457247048225 4981719
1655506457452482625 5105751
1655506457658767961 5024693
1655506457865136938 5113272
1655506458070534271 5065340
1655506458275962011 5076008
1655506458482387370 5088611
1655506458688640369 5016194
1655506458894058822 5083411
1655506459100452083 5118424
1655506459306730766 5025084
1655506459513121106 5133532
1655506459718456314 4998920
1655506459924810637 5065053
1655506460130205964 5068667
1655506460336562146 5110019
1655506460542960626 5127963
1655506460749290310 5082350
1655506460955663691 5114016
1655506461161993936 5001936
1655506461367460732 5134270
1655506461572852698 5056716
1655506461778260760 5075078
1655506461984672939 5173661
1655506462190016276 5011558
1655506462395411583 5070253
1655506462600875211 5093102
1655506462807353558 5238851
1655506463013649717 4951228
1655506463219030971 5042587
1655506463424409278 5064223
1655506463630751617 5072288
1655506463836147976 5040525
1655506464042381353 5008728
1655506464247856862 5139282
1655506464454075389 4928940
1655506464660527140 5146793
1655506464865935729 5080311
1655506465071500537 5168795
1655506465278008612 5040205
1655506465483527865 5199712
1655506465689188281 5354594
1655506465894541586 4965222
1655506466100775006 4893041
1655506466307111750 5084606
1655506466513425039 5059173
1655506466719697491 5014662
1655506466925158646 5130755
1655506467132197750 5758817
1655506467337461791 4924847
1655506467542799185 5001967
1655506467748072628 4940393
1655506467953345486 4938039
1655506468159808809 5172270
1655506468365253673 5108937
1655506468571603747 5040121
1655506468777970581 5065279
1655506468984180485 4937967