1655334641807930179 301209161
1655334642296076934 201182235
1655334642599515614 98133974
1655334642816908197 16995499
1655334643041836486 21897077
1655334643296051842 49714651
1655334643519072701 18273674
1655334643738549536 18475268
1655334643958666817 15264134
1655334644175682035 12504890
1655334644395670428 17039900
1655334644611960636 13644130
1655334644823582089 10906885
1655334645039179391 11043635
1655334645253471996 11084581
1655334645467018416 10429016
1655334645678791908 10918362
1655334645891978834 10321989
1655334646109392001 13148546
1655334646320191555 10389511
1655334646591487414 70293088
1655334646804878152 10664770
1655334647018163570 10653424
1655334647229161996 10532169
1655334647443505737 9243781
1655334647661842216 14088235
1655334647878877415 16596083
1655334648103169250 19802876
1655334648321759866 14573614
1655334648537381920 15245320
1655334648791451298 50261283
1655334649014545506 22069695
1655334649232328936 13417061
1655334649453354699 16773538
1655334649674084441 15463683
1655334649892452842 17887710
1655334650115316236 19294580
1655334650342160764 23252128
1655334650576781730 34195846
1655334650794304595 13055043
1655334651007523341 12821079
1655334651221577361 12867446
1655334651435000556 13014101
1655334651652008275 16206183
1655334651863541756 10835797
1655334652077108964 10855805
1655334652290110599 9864814
1655334652504889735 10261638
1655334652715161518 9306254
1655334652924445435 8883996
1655334653136473916 9284226
1655334653348647526 9298262
1655334653558033602 8989282
1655334653767439609 9127894
1655334653976987680 9145090
1655334654190531393 13083915
1655334654402584136 9372140
1655334654614533421 9229081
1655334654823961821 9058824
1655334655035991077 9178566
1655334655248100937 11717312
1655334655460287816 9396269
1655334655672137093 9093306
1655334655884122804 9243920
1655334656096071173 9216360
1655334656305857079 9406694
1655334656518059025 9392971
1655334656727407916 9126118
1655334656936857585 9071090
1655334657148024108 10785494
1655334657361544173 10767178
1655334657573702775 9387582
1655334657801477828 9838937
1655334658015582073 10553213
1655334658229024170 10054178
1655334658442590992 10028456
1655334658653045489 10004105
1655334658864001042 10520354
1655334659089500166 25062868
1655334659301664192 9313422
1655334659513926179 9411418
1655334659724852165 10556741
1655334659934900175 9494829
1655334660144531251 9260459
1655334660394534018 49541808
1655334660610673823 12532715
1655334660845508178 27508955
1655334661066162822 20279406
1655334661294158915 17704152
1655334661517026850 17819737
1655334661734122330 16688190
1655334661964165096 25566060
1655334662215157224 23672717
1655334662433758034 17345373
1655334662660657405 23366928
1655334662873402539 12328257
1655334663090630955 12618876
1655334663302622567 11584388
1655334663513890455 10847103
1655334663731025329 12622731
1655334663943496991 9689232
1655334664153076006 9111310
1655334664365163435 9185958
1655334664575288013 9748302
1655334664787549616 9464336
1655334665004541639 14173098
1655334665215985017 10505249
1655334665427382009 10607613
1655334665637718853 9855774
1655334665852200164 11740575
1655334666062633353 10017166
1655334666273629400 10573217
1655334666487232043 10818222
1655334666696680306 9161113
1655334666910173729 9273317
1655334667120939425 10315418
1655334667332122055 10773273
1655334667541667912 9151809
1655334667753378961 9035100
1655334667966592164 10427955
1655334668176017183 9040565
1655334668387975843 9150123
1655334668597604445 9251519
1655334668809447359 9052842
1655334669021457345 9276986
1655334669233844129 9610201
1655334669443571161 9312302
1655334669660813160 13424570
1655334669870344350 9150864
1655334670079948707 9231484
1655334670289526079 9193580
1655334670501743018 9343571
1655334670715136069 9472721
1655334670928012222 9227848
1655334671141491971 9788235
1655334671353825096 9473918
1655334671564164487 9223592
1655334671773609530 9018899
1655334671989022857 11100842
1655334672201816728 9220236
1655334672411831922 9543308
1655334672623891787 9269478
1655334672837803646 11090285
1655334673052296258 11072751
1655334673268582818 13071454
1655334673482027306 12561343
1655334673701594660 15194119
1655334673915915093 13888302
1655334674136007714 15526257
1655334674351607959 15042919
1655334674569628793 13544245
1655334674785018378 11030536
1655334674998630835 13171599
1655334675209583671 10564685
1655334675420527224 10512058
1655334675632377021 11407054
1655334675843231463 10400010
1655334676067222296 18546969
1655334676279507832 9246162
1655334676489145006 9241033
1655334676702165663 10134503
1655334676916099722 9265781
1655334677125817633 9247029
1655334677335699087 9401139
1655334677545461262 9372098
1655334677757402011 9160637
1655334677967118797 9324389
1655334678178069795 10557707
1655334678391701542 10457888
1655334678602075826 9989682
1655334678811421455 9113091
1655334679093734053 78268772
1655334679313305453 16041734
1655334679531909473 15940655
1655334679757221010 22183636
1655334679990822129 33207837
1655334680207887096 16662577
1655334680428813444 17562513
1655334680646436074 17228132
1655334680871475334 22323375
1655334681103572847 12374255
1655334681404754451 96655346
1655334681620465006 11266103
1655334681832126040 11250677
1655334682092264771 59743730
1655334682306259753 13567053
1655334682523010538 12136266
1655334682735902304 11807242
1655334682950980878 11554594
1655334683162626151 10816575
1655334683375481169 12076644
1655334683601850982 25634262
1655334683818793912 16256726
1655334684036426928 17077238
1655334684302562959 65715330
1655334684517639598 14604887
1655334684736350979 14184259
1655334684956601185 16620288
1655334685172983568 15361435
1655334685389955183 14191626
1655334685601663086 10607475
1655334685811117007 9030670
1655334686020495924 8980122
1655334686232275504 9041086
1655334686442125784 9459932
1655334686692639650 50084348
1655334686902603659 9566681
1655334687114749879 9246329
1655334687324202400 9059165
1655334687533582030 8989575
1655334687743043899 9078807
1655334687957514351 14186209
1655334688201549011 39883589
1655334688419519607 17372418
1655334688634853570 14950030
1655334688850451438 15171383
1655334689066056542 11270936
1655334689280194367 13835549
1655334689492047595 10751265
1655334689706464976 11688193
1655334689919432105 11998291
1655334690133459476 12771781
1655334690351837588 15481365
1655334690566523306 13738516
1655334690778250987 11324557
1655334690989640047 11011250
1655334691202915501 10519542
1655334691416289822 10685207
1655334691626662095 9962746
1655334691836291843 9229530
1655334692049664218 10512514
1655334692267656566 15097646
1655334692490638587 20052976
1655334692703231820 12203402
1655334692916848168 10519863
1655334693127546559 9978369
1655334693337964911 9654071
1655334693550176172 9422110
1655334693759780113 9174444
1655334693992680144 30101944
1655334694203249816 10177332
1655334694416127371 10126485
1655334694625610973 9085980
1655334694837385069 9090427
1655334695047423680 9642558
1655334695258522859 10716313
1655334695496288920 37387294
1655334695705810410 9114762
1655334695918436013 9788242
1655334696208898144 81526822
1655334696495821890 85821764
1655334696807088338 110884357
1655334697108386801 89521153
1655334697402680335 89930719
1655334697692498972 86176368
1655334697997022835 94476305
1655334698306555275 109101766
1655334698651357760 141806186
1655334698862172594 10103732
1655334699074177189 9242441
1655334699306121782 17379355
1655334699551216672 44643430
1655334699777434817 25259713
1655334700001578589 19214186
1655334700220970317 18325914
1655334700432503295 10285573
1655334700646064546 9792588
1655334700860125596 10102863
1655334701072060072 11488597
1655334701295735886 19900679
1655334701511743909 12245529
1655334701724121477 9033787
1655334701937309774 9296585
1655334702148532247 10524919
1655334702360739189 11556273
1655334702584624306 16931057
1655334702797759282 12635333
1655334703015710319 12628505
1655334704234067886 1014630945
1655334704445868043 9142100
1655334704655732923 9459242
1655334704867622352 9026232
1655334705090013658 19458584
1655334705299812019 9227129
1655334705509380121 9174045
1655334705720732853 10629585
1655334705932687112 9247705
1655334706145028726 9504669
1655334706389357228 40347028
1655334706617945072 25732333
1655334706833104626 14819019
1655334707052820106 15920658
1655334707264117957 10866151
1655334707479578643 10080481
1655334707691810200 9273830
1655334707904870821 10354954
1655334708114506526 9259725
1655334708323991251 9089435
1655334708534150710 9776970
1655334708744503541 9897972
1655334708956852808 9560187
1655334709166514204 9271359
1655334709388789385 19606927
1655334709598336264 9128817
1655334709811744612 13021056
1655334710026784669 12302019
1655334710236246283 9077488
1655334710445885633 9249672
1655334710693773095 43700394
1655334710949346337 49481083
1655334711168973573 14971604
1655334711391448017 18063833
1655334711610749572 15378363
1655334711833520904 18366427
1655334712053499765 15483419
1655334712270661635 15990285
1655334712487526661 15389669
1655334712709895495 21707977
1655334712927303779 17225711
1655334713153808010 14792625
1655334713369916056 15640420
1655334713587253410 16929044
1655334713808545904 20898094
1655334714029373269 16606682
1655334714244471846 14229873
1655334714504325581 12269560
1655334714719425786 14718848
1655334714938149824 11703422
1655334715154188221 11835513
1655334715367081597 12320536
1655334715606100361 38622809
1655334715830995288 24422911
1655334716092431791 61043986
1655334716305307276 12495106
1655334716517744932 12039060
1655334716733227471 11012914
1655334716949059726 11615694
1655334717161572663 12108489
1655334717379831244 13801829
1655334717591795293 11475413
1655334717804247352 11978426
1655334718017884985 9461293
1655334718227751101 9291404
1655334718441110873 9141887
1655334718655300565 9423959
1655334718866648254 10977014
1655334719084105494 13385863
1655334719293642586 9148028
1655334719503870254 9585148
1655334719716590791 9550151
1655334719928644780 9300084
1655334720142850554 11060696
1655334720352425340 9181228
1655334720562496465 9599637
1655334720776154623 13289036
1655334720988318652 9288269
1655334721200094321 9057132
1655334721412044024 9232983
1655334721623631653 8929623
1655334721833073013 9070531
1655334722044916890 9095791
1655334722254369720 9061266
1655334722466101689 11351810
1655334722692778050 26249269
1655334722904489350 8969473
1655334723114090785 9210833
1655334723325854523 9238470
1655334723537829078 9216740
1655334723749956490 9356701
1655334723959523073 9163910
1655334724171774312 9560742
1655334724383052898 10895682
1655334724595403562 9444143
1655334724804851586 9045531
1655334725016701074 9040223
1655334725228567408 9103739
1655334725438103951 9146422
1655334725650288648 9438679
1655334725859926758 9253224
1655334726069624024 9304768
1655334726297862071 25448234
1655334726507869140 9573979
1655334726720545919 12266586
1655334726999325439 72624539
1655334727227883702 22398447
1655334727446423202 13908089
1655334727660868050 14058108
1655334727877937721 16654128
1655334728098527785 15325669
1655334728315890757 16944431
1655334728535147978 18576996
1655334728755748560 19803535
1655334728974928509 14642193
1655334729195408139 19410615
1655334729413621081 16904405
1655334729631502349 17493369
1655334729851693661 19788919
1655334730061306860 9211334
1655334730272221467 10510432
1655334730496430770 23819065
1655334730708509042 9319299
1655334730920387560 9136882
1655334731143378112 20090856
1655334731355362540 9236619
