1655524458270815117 77204522
1655524458476627182 5413661
1655524458683449121 5493642
1655524458889797866 5087668
1655524459096213075 5137341
1655524459302510446 5030055
1655524459509121060 5277343
1655524459715477336 5023176
1655524459922951106 6190362
1655524460129268032 5987799
1655524460335469526 4964199
1655524460541817277 5107010
1655524460748246654 5173781
1655524460954613335 5127480
1655524461160966537 5225323
1655524461366340527 5048252
1655524461571692738 5054803
1655524461777158973 5139477
1655524461983482144 5021959
1655524462188958621 5147159
1655524462395328049 5082792
1655524462601648236 5091942
1655524462807940908 5034003
1655524463013356127 5111833
1655524463220589942 5978365
1655524463426003350 5084237
1655524463631431457 5088552
1655524463838683937 5999466
1655524464045131361 5138665
1655524464250538270 5071642
1655524464456060783 5185891
1655524464661574427 5169709
1655524464867945783 5087474
1655524465074450768 5091953
1655524465280878629 5138623
1655524465485989519 4767181
1655524465692341396 5087254
1655524465898834926 5228500
1655524466104336626 5163676
1655524466310750218 5149930
1655524466516280741 5195559
1655524466721854599 5236396
1655524466927242238 5053428
1655524467133636344 5119121
1655524467340774974 5891174
1655524467547148696 5050979
1655524467753544320 5127430
1655524467959930567 5087468
1655524468165401619 5142048
1655524468370854708 5120305
1655524468576271747 5082889
1655524468781730495 5120195
1655524468988126539 5121157
1655524469193541471 5076672
1655524469398987258 5112293
1655524469604412981 5089750
1655524469810768953 5081791
1655524470017100215 5089186
1655524470223408116 5039159
1655524470429790967 5130103
1655524470635107415 4975021
1655524470841378624 5933663
1655524471046799454 5085035
1655524471252270767 5137132
1655524471457785791 5181980
1655524471663115487 4993783
1655524471868589164 5141936
1655524472073875413 4957084
1655524472279211746 5010182
1655524472484665814 5124576
1655524472691085386 5152613
1655524472897213918 4912557
1655524473103596467 5115353
1655524473309876908 5046514
1655524473515201758 4995568
1655524473721068462 5537817
1655524473926585957 5182965
1655524474131991695 5068186
1655524474338021895 5701402
1655524474543308077 4960087
1655524474748690058 5060315
1655524474955014620 5012508
1655524475161404561 5158637
1655524475366666983 4936977
1655524475572158110 5163197
1655524475778497903 5116611
1655524475984920819 5132917
1655524476191188035 5000822
1655524476397284590 4905861
1655524476603577006 4985640
1655524476809882841 5040460
1655524477016288900 5118700
1655524477221565032 4935909
1655524477426936239 5040390
1655524477632384821 5107885
1655524477839410084 5783533
1655524478044853097 5115674
1655524478251229818 5118286
1655524478457639772 5132677
1655524478664148149 5216643
1655524478869653020 5170220
1655524479076101464 5191053
1655524479281422047 4984440
1655524479487792224 5100643
1655524479694151162 5075650
1655524479899524537 5027339
1655524480104950327 5091195
1655524480311271478 5004575
1655524480518491156 5268133
1655524480724005146 5166412
1655524480930426169 5124984
1655524481135935495 5174518
1655524481341566310 5136227
1655524481548041296 5145785
1655524481753431140 5052054
1655524481958835077 5068376
1655524482164327603 5148294
1655524482370646421 5053715
1655524482576040487 5058998
1655524482782388086 5059519
1655524482988697750 5073204
1655524483195019870 5069811
1655524483401545871 5200221
1655524483607836760 5030058
1655524483813164090 4982828
1655524484019588122 5153107
1655524484226148339 5251680
1655524484432439572 5052787
1655524484637705631 4942991
1655524484843091641 5056783
1655524485049371434 5024848
1655524485254792208 5086683
1655524485460362527 5176250
1655524485665826848 5135350
1655524485871288114 5128952
1655524486077715171 5206868
1655524486284149389 5156573
1655524486490155742 4719129
1655524486695372154 4885140
1655524486901846967 5210309
1655524487107249500 5074452
1655524487312641027 5063981
1655524487517932438 4967870
1655524487723222991 4963027
1655524487929599653 5123836
1655524488134992618 5064327
1655524488342251858 5178833
1655524488548621389 5087358
1655524488754902099 5096648
1655524488960311576 5080366
1655524489165828160 5182236
1655524489371230033 5072437
1655524489576523462 4959894
1655524489782872302 5076895
1655524489988943045 4757851
1655524490195236671 5008810
1655524490400573547 5004331
1655524490606802169 4974781
1655524490813169007 5101788
1655524491019465511 5050962
1655524491225591547 4872594
1655524491430973776 5058104
1655524491636330929 5035644
1655524491842599884 5002934
1655524492048624897 4766828
1655524492254858590 5010005
1655524492460876346 4739364
1655524492667127497 5011026
1655524492873495366 5108959
1655524493079898331 5148678
1655524493285775724 4575207
1655524493491140109 5035494
1655524493696305874 4832429
1655524493901755158 5114058
1655524494108159239 5143232
1655524494313661787 5167076
1655524494518942755 4940334
1655524494724307525 5032144
1655524494929730936 5082375
1655524495136170679 5153370
1655524495342458985 5025866
1655524495547925765 5124517
1655524495753411499 5066320
1655524495959773282 5099949
1655524496165173685 5061203
1655524496371496440 5001158
1655524496577822035 5048226
1655524496783179008 5013395
1655524496988524442 5003727
1655524497193834561 4965804
1655524497400296013 5164412
1655524497606611028 4997227
1655524497812064309 5113558
1655524498018574394 5083993
1655524498224975821 5138082
1655524498430384461 5068183
1655524498635783787 5065506
1655524498841449794 5061651
1655524499047919025 5166114
1655524499254381606 5066927
1655524499460742734 5064511
1655524499666756011 4759631
1655524499872216923 5123463
1655524500077661770 5102164
1655524500283996074 5092190
1655524500490411338 5117652
1655524500695875224 5117876
1655524500902313044 5037043
1655524501107812558 5069144
1655524501313299948 5148571
1655524501519689315 5132613
1655524501725067643 5033739
1655524501931420558 5097913
1655524502136876913 5109603
1655524502343167414 5016432
1655524502548634484 5122521
1655524502754956327 5071146
1655524502960343231 5039963
1655524503165766356 5090744
1655524503371121781 5014607
1655524503576605881 5144317
1655524503781833476 4891792
1655524503988261804 5163188
1655524504193736363 5133971
1655524504399159266 5079485
1655524504611412407 10954837
1655524504820459091 7319997
1655524505025871288 5057861
1655524505232293733 5135893
1655524505437487304 4850861
1655524505643849035 5143662
1655524505850199033 5074530
1655524506056568635 5131665
1655524506261886501 4987205
1655524506467178970 4958082
1655524506673668251 5155386
1655524506879082527 5079154
1655524507084429819 5011082
1655524507289820921 5046263
1655524507496200576 5120088
1655524507701688300 5151274
1655524507908058631 5089606
1655524508113513821 5120035
1655524508318891802 5039115
1655524508525305045 5115096
1655524508731453928 4871475
1655524508936771839 4984093
1655524509143118379 5100587
1655524509349380424 5041255
1655524509555729906 5050698
1655524509761774438 4760795
1655524509967144601 5038588
1655524510173444157 5033482
1655524510379828798 5105785
1655524510586111621 4998385
1655524510792475485 5089300
1655524510997829775 4997123
1655524511204300441 5226872
1655524511410599697 5030586
1655524511616960881 5062535
1655524511823093444 4849310
1655524512029384018 5031950
1655524512234699827 4979593
1655524512441106511 5130508
1655524512646527350 5081253
1655524512852011467 5144192
1655524513057402026 5056342
1655524513263709862 5048676
1655524513469098849 5049945
1655524513675317534 4977047
1655524513881511943 4827344
1655524514086903786 5050601
1655524514292311281 5074105
1655524514498690098 5081224
1655524514705174792 5217000
1655524514911407742 4937151
1655524515117803863 5123205
1655524515323222488 5079495
1655524515529617904 5121767
1655524515735018262 5059476
1655524515940551427 5193807
1655524516147026447 5203624
1655524516353447648 5078193
1655524516559783048 5085538
1655524516766025829 4904510
1655524516972326537 5047678
1655524517178595502 4988998
1655524517384055843 5120232
1655524517589453835 5063120
1655524517794889511 5100386
1655524518000362008 5137672
1655524518205817729 5110498
1655524518412154342 5080863
1655524518617725466 5236195
1655524518823052864 4992802
1655524519028453941 5062769
1655524519234732337 4975919
1655524519440996439 4981973
1655524519647341785 5066526
1655524519852755977 5077099
1655524520058181122 5075902
1655524520263503818 4987263
1655524520468958693 5115577
1655524520675199798 5013623
1655524520881398260 4919104
1655524521087647878 4996770
1655524521293134868 5144647
1655524521499513946 5073021
1655524521705831020 5073135
1655524521911146525 4978812
1655524522117556486 5124213
1655524522323976799 5151872
1655524522530293078 5015371
1655524522735805716 5112076
1655524522941271512 5115724
1655524523147510510 4990012
1655524523352957783 5112426
1655524523558393343 5096468
1655524523763835891 5106206
1655524523970168215 5043567
1655524524175534197 5030766
1655524524381042493 5159387
1655524524586428626 5066316
1655524524791915736 5152582
1655524524997363103 5110107
1655524525202793150 5101167
1655524525408281615 5156180
1655524525614574433 4998304
1655524525820017983 5123910
1655524526025328980 4980021
1655524526230727407 5070705
1655524526436997861 5021545
1655524526642413786 5093534
1655524526848709081 5043557
1655524527054728170 4777536
1655524527260233635 5175029
1655524527466582679 5072384
1655524527672860944 5003307
1655524527879130092 4967499
1655524528084545443 5099184
1655524528290919929 5074603
1655524528496234035 4974990
1655524528702684824 5157338
1655524528908172974 5156403
1655524529114532993 5109343
1655524529320010964 5147724
1655524529525541978 5125902
1655524529731032602 5163615
1655524529937370189 5085248
1655524530143714877 5079945
1655524530348934082 4880856
1655524530554291800 5007565
1655524530760659184 5086767
1655524530966906313 4985653
1655524531172383708 5135619
1655524531378753125 5106132
1655524531584806313 4893987
1655524531790211240 5004108
1655524531996634188 5156033
1655524532202973110 5080166
1655524532409242920 4999506
1655524532614595198 5021241
1655524532819994612 5065849
1655524533026284531 5034393
1655524533232565800 5027729
1655524533437853317 4959430
1655524533643192293 5000794
1655524533848586491 5055731
1655524534053848053 4956200
1655524534260222702 5096658
1655524534465658557 5107201
1655524534671039624 5051689
1655524534876434238 5067165
1655524535082841705 5091262
1655524535288600316 4716876
1655524535494891936 5070392
1655524535700288344 5067679
1655524535906674740 5086603
1655524536112093569 5098516
1655524536318440550 5051056
1655524536523923882 5151394
1655524536730346884 5092367
1655524536935855822 5157705
1655524537142176723 5026504
1655524537347586814 5077509
1655524537553054102 5137562
1655524537759367588 5028676
1655524537964720153 5023912
1655524538171024827 5062162
1655524538376610125 5256079
1655524538581820212 4881673
1655524538787103467 4952793
1655524538993442563 5060584
1655524539199781692 5082902
1655524539405951942 4885808
1655524539612345073 5123299
1655524539818798617 5099479
1655524540024858932 4834390
1655524540231138406 5059692
1655524540436563281 5084467
1655524540641961425 5008566
1655524540847306250 5013376
1655524541053613876 5062382
1655524541259950725 5132139
1655524541465950612 4753464
1655524541672853019 5678135
1655524541879134186 5050482
1655524542085587894 5162735
1655524542292013750 5143616
1655524542497920224 4648131
1655524542704270532 5078167
1655524542909411906 4800136
1655524543115815066 5117739
1655524543322101090 4975047
1655524543528407805 5043734
1655524543734672691 5021945
1655524543941050361 5133835
1655524544146459006 5069620
1655524544352753406 5013446
1655524544558110180 5006328
1655524544764470049 5101423
1655524544969722522 4903351
1655524545175106595 5058711
1655524545381454921 5094519
1655524545587871415 5107707
1655524545794032639 4885459
1655524545999296154 4934775
1655524546204581475 4954488
1655524546409835076 4929569
1655524546615168115 5012264
1655524546821534536 5139401
1655524547026872503 5013032
1655524547233200821 5095180
1655524547438545141 5015475
1655524547644856518 5063940
1655524547850266514 5086426
1655524548056565293 5033816