1655525824879959369 14517531
1655525825087305214 5988522
1655525825292895687 5235977
1655525825499356239 5161457
1655525825704950716 5257377
1655525825910402806 5113376
1655525826116950274 5204137
1655525826322819514 5524454
1655525826528622942 5398226
1655525826735341865 5370624
1655525826941675218 5051911
1655525827147115543 5105954
1655525827352571831 5119536
1655525827558069508 5165012
1655525827763568081 5172420
1655525827968999672 5104903
1655525828175300241 5049565
1655525828380741113 5109421
1655525828587215326 5151072
1655525828792686405 5072992
1655525828999092762 5078213
1655525829204894080 4757523
1655525829411270620 5076520
1655525829616686688 5075352
1655525829822056172 5041870
1655525830028517779 5188963
1655525830234918083 5135181
1655525830440391779 5148699
1655525830645685247 4957660
1655525830851112498 5096130
1655525831056570473 5131664
1655525831262875341 5060127
1655525831469129263 4980606
1655525831675518088 5128764
1655525831881899383 5045010
1655525832088335749 5152030
1655525832293663950 4995947
1655525832499975099 5057392
1655525832706290791 5031972
1655525832912630403 5097190
1655525833117989652 5021036
1655525833323404283 5080962
1655525833529724807 5053626
1655525833736198954 5163313
1655525833942402002 4974366
1655525834148753493 5083044
1655525834354077431 4995800
1655525834559489890 5095736
1655525834765819158 4962322
1655525834971231811 5075111
1655525835176675027 5114517
1655525835383036606 5027353
1655525835588461772 5086925
1655525835794852929 5096993
1655525836000339780 5145816
1655525836206578439 4995957
1655525836413024558 5200008
1655525836618341356 4982505
1655525836823735135 5063421
1655525837029142685 5064213
1655525837235495452 5069923
1655525837440776201 4944126
1655525837646122457 5019791
1655525837852523668 5175224
1655525838058876068 5072612
1655525838265181934 4985742
1655525838471578931 5101055
1655525838677991923 5067240
1655525838883373248 5052131
1655525839088793256 5091761
1655525839294192215 5059164
1655525839500553938 5096277
1655525839706932898 5101388
1655525839913218292 4973402
1655525840119596301 5108433
1655525840325023184 5098656
1655525840531403567 5100571
1655525840736902951 5156071
1655525840942277691 5048160
1655525841148750320 5192730
1655525841354198448 5122480
1655525841560581501 5108967
1655525841766893935 5056236
1655525841972385539 5161665
1655525842178580877 4936312
1655525842384881783 4964151
1655525842590418198 5188749
1655525842795791641 5050034
1655525843002179482 5073190
1655525843207619979 5111043
1655525843413976232 5039878
1655525843620449606 5189423
1655525843826726382 5005802
1655525844033048169 5056240
1655525844238389632 5006373
1655525844443822728 5103765
1655525844650181450 5056207
1655525844855557605 5048972
1655525845061830319 4990928
1655525845268321596 5192450
1655525845473725677 5069115
1655525845680291427 5257191
1655525845885638741 5009670
1655525846090957549 4994246
1655525846296560834 5280248
1655525846502963981 5089642
1655525846709433885 5085603
1655525846915813841 5099123
1655525847121005184 4854988
1655525847327477652 5203109
1655525847533810068 5022304
1655525847740332972 5237174
1655525847945708832 5040359
1655525848151110489 5068594
1655525848357416977 5013307
1655525848563663037 4959478
1655525848770113384 5143567
1655525848976479816 5107749
1655525849181830825 5020805
1655525849387271606 5112464
1655525849592757990 5137266
1655525849799115201 5085637
1655525850005377920 4991339
1655525850211739255 5090940
1655525850418076276 5021633
1655525850624496477 5146868
1655525850829807522 4981531
1655525851036212014 5104566
1655525851242482913 4997236
1655525851447870639 5052105
1655525851654215935 5082597
1655525851859679482 5114847
1655525852066062455 5123338
1655525852272551835 5191572
1655525852477903785 5023840
1655525852683323535 5088047
1655525852889672458 5055699
1655525853095089963 5080918
1655525853301265783 4926511
1655525853506663301 5045133
1655525853713031764 5068401
1655525853920107636 5840040
1655525854125409312 4966131
1655525854331739977 5049569
1655525854537640112 5550568
1655525854742998729 5029196
1655525854949392944 5089609
1655525855155891383 5175429
1655525855361159002 4938074
1655525855566513555 5024597
1655525855771910409 5063448
1655525855977247944 5000566
1655525856182522981 4944608
1655525856387873679 5020922
1655525856594168646 5034971
1655525856799545301 5044731
1655525857004981006 5108503
1655525857211394108 5111221
1655525857417764356 5030727
1655525857624115714 5070687
1655525857829540016 5018273
1655525858034968563 5100044
1655525858241394332 5081308
1655525858446709980 4984858
1655525858653035127 5071141
1655525858859458700 5135651
1655525859064859209 5064393
1655525859270217776 5030080
1655525859475630111 5081041
1655525859681926182 4990654
1655525859888342918 5111828
1655525860094537902 4908980
1655525860300842232 5039787
1655525860507172726 5062441
1655525860713551206 5073710
1655525860920008640 5231312
1655525861124866699 3938926
1655525861330228880 5027202
1655525861536666967 5163746
1655525861742958416 5046920
1655525861948367956 5080815
1655525862153687493 4994883
1655525862360112189 5135051
1655525862565631257 5175834
1655525862770997410 5037656
1655525862977277339 4981608
1655525863182532100 4920023
1655525863388970835 5130975
1655525863595318044 5077395
1655525863801509379 5057856
1655525864007927506 5132384
1655525864213269927 5010658
1655525864419461235 5860819
1655525864624880951 5085580
1655525864831210609 5081232
1655525865036489553 4879438
1655525865242769052 4999852
1655525865449082280 4988163
1655525865654441317 5022101
1655525865859819136 5040539
1655525866065135288 4993705
1655525866270399490 4936506
1655525866476837875 5182942
1655525866683283004 5136068
1655525866889600896 5021197
1655525867095092441 5100141
1655525867300571715 5143527
1655525867506994751 5142666
1655525867712467346 5142366
1655525867917845950 5043826
1655525868124297572 5169844
1655525868330499802 4923988
1655525868536879247 5117316
1655525868742189653 4981744
1655525868948570940 5084379
1655525869154866317 5035413
1655525869360352798 5154089
1655525869566678379 5039844
1655525869772951564 4998110
1655525869978254380 4964575
1655525870184618929 5072338
1655525870390011995 5070579
1655525870596424668 5137397
1655525870802675346 4998406
1655525871009079865 5074454
1655525871214445958 5031534
1655525871428805877 14027210
1655525871636549002 6154678
1655525871842981534 5140117
1655525872048551305 5248988
1655525872254884332 5053020
1655525872460205946 4998086
1655525872666558522 5062113
1655525872872008902 5121358
1655525873078292334 4954166
1655525873284708046 5141542
1655525873491025268 5050013
1655525873697380595 5020829
1655525873902711051 4999151
1655525874108211721 5172473
1655525874314502917 4995410
1655525874520866914 5103125
1655525874726258923 5062808
1655525874932595327 5088241
1655525875138924856 5041897
1655525875345215140 4997937
1655525875551595148 5076847
1655525875757933204 5020468
1655525875964385721 5169084
1655525876169735548 5018931
1655525876376098883 5067006
1655525876581937703 4669986
1655525876788367418 5182074
1655525876993704928 5008882
1655525877199135028 5100110
1655525877404608618 5126098
1655525877609999963 5064523
1655525877816508374 5222037
1655525878021831995 4988872
1655525878227283943 5124888
1655525878433663302 5055409
1655525878639080203 5086825
1655525878844508139 5096536
1655525879050779198 5010079
1655525879256241728 5133629
1655525879462756104 5180346
1655525879668270994 5177700
1655525879873650072 5047103
1655525880079052679 5072385
1655525880284501907 5115605
1655525880489861932 5032295
1655525880695218883 5025845
1655525880901572097 5043793
1655525881107021889 5116943
1655525881313466653 5108767
1655525881518839207 5042280
1655525881725194213 5023650
1655525881931609063 5115755
1655525882138006421 5075396
1655525882343395906 5055856
1655525882548836000 5107179
1655525882754148887 4986190
1655525882959448493 4970929
1655525883164904083 5118648
1655525883371311438 5126640
1655525883576782799 5141468
1655525883783143017 5040775
1655525883988652311 5174433
1655525884193925049 4937166
1655525884400452883 5259570
1655525884605799734 5016434
1655525884812095648 5069786
1655525885018271626 4941432
1655525885224618433 5049489
1655525885429998592 5051868
1655525885635354091 5012496
1655525885841606151 4989250
1655525886046977949 5040002
1655525886253277736 4998174
1655525886458694897 5081823
1655525886664224447 5198239
1655525886870536483 5026779
1655525887075983975 5125353
1655525887281346414 5022959
1655525887487669162 5030955
1655525887694038538 4988301
1655525887899454682 5081792
1655525888104877278 5092942
1655525888310232616 5027604
1655525888515577439 5013704
1655525888721005676 5091688
1655525888926280348 4944442
1655525889131640412 5030697
1655525889337080535 5111671
1655525889542407704 4995981
1655525889748841910 5146768
1655525889954280808 5100297
1655525890160741427 5164915
1655525890366110039 5032499
1655525890572518889 5141148
1655525890778872913 5097047
1655525890985171258 4999338
1655525891190424381 4922207
1655525891395834440 5079804
1655525891602142351 5025935
1655525891807594605 5114420
1655525892013007784 5086462
1655525892219342155 5062190
1655525892424791210 5104415
1655525892630148907 5027737
1655525892836426363 4987988
1655525893042674785 4961494
1655525893248142706 5133909
1655525893453503492 5029983
1655525893658840860 5002902
1655525893864235848 5066088
1655525894069661735 5093035
1655525894276069072 5133680
1655525894481342131 4981424
1655525894687661511 5048932
1655525894893006134 5006080
1655525895099320108 5052536
1655525895304745438 5096386
1655525895510104339 5033534
1655525895716549569 5162168
1655525895923740390 5942061
1655525896130166226 5110673
1655525896336581571 5151205
1655525896541980810 5067420
1655525896748457358 5163754
1655525896954732001 5008978
1655525897161076761 5042290
1655525897367458146 5065741
1655525897573838147 5035527
1655525897779167960 4992176
1655525897984615509 5107105
1655525898190909845 4999652
1655525898396471429 5156555
1655525898602762639 5027884
1655525898808227368 5069051
1655525899013584242 5021274
1655525899218924242 4983469
1655525899424392449 5081976
1655525899629767436 5036170
1655525899836262685 5214001
1655525900042568416 5020271
1655525900247993219 5091623
1655525900454278922 4974397
1655525900659718726 5078902
1655525900865124421 5003122
1655525901070399456 4938665
1655525901275888530 5152314
1655525901482062364 4972815
1655525901687532682 5134831
1655525901893882512 5041156
1655525902099250955 5036427
1655525902305574597 5020104
1655525902512085779 5201984
1655525902718406183 4982723
1655525902924558785 5201490
1655525903130952313 5085280
1655525903337238976 4964578
1655525903543590000 5066889
1655525903748869665 4942030
1655525903954354092 5150866
1655525904160756311 5072723
1655525904366151357 5045898
1655525904572628353 5214262
1655525904778973313 5079991
1655525904985366125 5092252
1655525905190738464 5022882
1655525905397077058 5008903
1655525905603423938 5085570
1655525905809791028 5031188
1655525906016243117 5109655
1655525906222633596 5046956
1655525906428136107 5164237
1655525906633531704 5056070
1655525906838900315 5031024
1655525907044470708 5229660
1655525907249899956 5092328
1655525907455303972 5070870
1655525907660808331 5160119
1655525907868084568 6023906
1655525908074111125 4797688
1655525908279548544 5101692
1655525908485878433 5005315
1655525908691353680 5138842
1655525908897709417 5000102
1655525909103077402 5040071
1655525909309464901 5077054
1655525909514974986 5169684
1655525909720449446 5141704
1655525909926902718 5116416
1655525910132407620 5168509
1655525910337877679 5061130
1655525910543278984 5062374
1655525910749613460 5035917
1655525910955946260 5058249
1655525911162300554 5037796
1655525911367730315 5094026
1655525911573091236 5006259
1655525911779495361 5095882
1655525911984725021 4888685
1655525912190117013 5058035
1655525912395596413 5144876
1655525912600990989 5057018
1655525912807308460 5038320
1655525913012538068 4890506
1655525913217977699 5105256
1655525913424265598 5949574
1655525913630434705 4906180
1655525913836842484 5069636
1655525914042247258 5070529
1655525914247656644 5074248
1655525914454056741 5059921
1655525914660470940 5200879
1655525914865825679 5014404