1655526366280654448 273577008
1655526366578355466 97294490
1655526366788042494 8333625
1655526366996240874 6739779
1655526367204289674 6276072
1655526367411260169 5133938
1655526367617151532 5587427
1655526367824692717 5327438
1655526368031800230 6971356
1655526368237493172 5352834
1655526368442410363 4586859
1655526368650304295 7577297
1655526368858326732 6836667
1655526369064934046 6304148
1655526369272714752 5584509
1655526369478849088 6006219
1655526369686400567 5740912
1655526369893842957 5536718
1655526370100185084 6040467
1655526370306412840 5922203
1655526370514672010 6463379
1655526370720681743 5711539
1655526370926956473 6127341
1655526371133136471 5883148
1655526371340372277 5739639
1655526371546666041 5003350
1655526371752726925 4929714
1655526371957795504 4722631
1655526372164161234 5088479
1655526372370652724 5145619
1655526372576147659 5161688
1655526372782504493 5102620
1655526372989120126 5264493
1655526373195581705 5207861
1655526373401395888 4533467
1655526373607931607 5279400
1655526373814492861 5230764
1655526374020975694 5212867
1655526374227417630 5184657
1655526374433829388 5148436
1655526374639238500 5078384
1655526374844436401 4889633
1655526375049662970 4902013
1655526375256060988 5165772
1655526375462069833 4690712
1655526375667513712 5117249
1655526375873909156 5113559
1655526376079309437 5072074
1655526376284715765 4160603
1655526376490384638 5366151
1655526376696010607 5292909
1655526376901520383 5116474
1655526377106979842 5127311
1655526377312455584 5146209
1655526377518007885 5218637
1655526377724027429 5691460
1655526377930378173 6051649
1655526378138095312 5865035
1655526378345098670 5742680
1655526378552585053 5834792
1655526378760537552 6531278
1655526378968195467 5576804
1655526379174081065 4271103
1655526379381040160 6658630
1655526379587604964 6273023
1655526379794616469 6718229
1655526380000987036 6082834
1655526380207929341 5379822
1655526380414709038 5096597
1655526380620604329 5548017
1655526380828300996 6048002
1655526381034829793 6222403
1655526381241749967 6565452
1655526381448979436 5940185
1655526381655704749 6387358
1655526381864469574 7229709
1655526382071421749 6587482
1655526382278631246 6859233
1655526382486597128 6591427
1655526382695504183 7499911
1655526382904151674 6577371
1655526383112034412 7557073
1655526383320381084 6176264
1655526383528400354 6151836
1655526383736307270 6209475
1655526383942807718 6167291
1655526384149454327 6324792
1655526384356002118 6234494
1655526384562959257 6636826
1655526384770992967 5744188
1655526384978967088 6256337
1655526385186205881 5484224
1655526385392333941 5816622
1655526385599654327 5784251
1655526385806369643 5480772
1655526386013455280 5640862
1655526386219811752 6026817
1655526386427142723 5210180
1655526386633408087 5095919
1655526386839966406 5333286
1655526387045468468 5152363
1655526387251029039 5219745
1655526387457655244 5271507
1655526387664297115 5366628
1655526387869843232 5201497
1655526388075411822 5215183
1655526388281816575 5107208
1655526388487386864 5227664
1655526388693764149 5092689
1655526388899226385 5119279
1655526389105800300 5223532
1655526389312349413 5262283
1655526389517725686 5028919
1655526389723183416 5121525
1655526389929802847 5247901
1655526390136372090 5285444
1655526390342594514 4902561
1655526390549124964 5269321
1655526390755617309 5174656
1655526390962096165 5127612
1655526391167658414 5214296
1655526391372953660 4951791
1655526391579428585 5178297
1655526391786015565 5265981
1655526391992672457 5300562
1655526392197466765 4489071
1655526392403924258 5173144
1655526392610374013 5133458
1655526392816879396 5204100
1655526393023325103 5165472
1655526393228923411 5257909
1655526393435345243 5154092
1655526393640883795 5200559
1655526393847266286 5110859
1655526394053781837 5209679
1655526394259220363 5099632
1655526394465089083 4604690
1655526394670627058 5195700
1655526394876228909 5261903
1655526395082766916 5244723
1655526395289282818 5266185
1655526395494703450 5084702
1655526395700343542 5302039
1655526395905802745 5125231
1655526396112278651 5191756
1655526396318040808 4607199
1655526396524335620 5048623
1655526396729426049 4749529
1655526396934871668 5115254
1655526397140420555 5212263
1655526397345875362 5115539
1655526397552302342 5113375
1655526397758790192 5196855
1655526397965083809 5029384
1655526398171533307 5165865
1655526398377185580 5314530
1655526398582787762 5266318
1655526398789309945 5275196
1655526398994844695 5197062
1655526399201401224 5283816
1655526399407908025 5231975
1655526399613539341 5288534
1655526399819098847 5220472
1655526400025635312 5265177
1655526400231989049 6013595
1655526400437556765 5229606
1655526400643111476 5218340
1655526400848690460 5243362
1655526401054200980 4475114
1655526401260654566 5153692
1655526401465611907 4653164
1655526401672184576 5209716
1655526401877010524 4481585
1655526402083313770 5031238
1655526402288943096 5285657
1655526402494490191 5211742
1655526402700960705 5197534
1655526402907517122 5317918
1655526403115132735 6314500
1655526403321634317 5246923
1655526403528140661 5239571
1655526403733543050 4167048
1655526403939066059 5191799
1655526404145583615 5233557
1655526404352169461 5292321
1655526404558682116 5196635
1655526404764326870 5298565
1655526404970863212 5259817
1655526405177369397 5218474
1655526405383940211 5316092
1655526405589493733 5208137
1655526405796057444 5291318
1655526406002669196 5202465
1655526406208602451 4658409
1655526406415056417 5199427
1655526406620680001 5280779
1655526406827988636 6032038
1655526407034352137 5045240
1655526407240036104 5338452
1655526407445739507 5349141
1655526407652395450 5365246
1655526407858932289 5237966
1655526408064868827 5586021
1655526408271251171 5077656
1655526408478141479 5238863
1655526408684729087 6257882
1655526408893350880 6396582
1655526409101804885 6455783
1655526409308396925 6275211
1655526409514823530 6085258
1655526409722242091 5117112
1655526409928851956 5229730
1655526410135377838 5221066
1655526410341793972 5138542
1655526410547304510 5150086
1655526410753662335 5051312
1655526410960335630 5363481
1655526411166631277 5128637
1655526411373284470 5374550
1655526411579884549 5292592
1655526411785626910 5390412
1655526411992221776 5313336
1655526412198783467 5241236
1655526412405207259 5097212
1655526412611756193 5263472
1655526412818253306 5174519
1655526413024898550 5355338
1655526413231010948 5776759
1655526413437027354 4694385
1655526413643481059 5182645
1655526413849464106 4639850
1655526414056017156 5231582
1655526414261044763 4688596
1655526414467491165 5160867
1655526414673937670 5118371
1655526414879392401 5116312
1655526415085049009 5318969
1655526415290654718 5252162
1655526415497153737 5233180
1655526415703663775 5219150
1655526415909384721 4599815
1655526416114953087 5244042
1655526416320391227 5101786
1655526416526268662 4713565
1655526416732588461 5984976
1655526416937725746 4824277
1655526417144300416 5276564
1655526417349791006 5151437
1655526417555314743 5186560
1655526417761778237 5193527
1655526417967238766 5127519
1655526418173307259 4785839
1655526418379772319 5237808
1655526418586277479 5196919
1655526418792855469 5260238
1655526418999295145 5193864
1655526419204892659 5262497
1655526419411429735 5234468
1655526419616736923 4958927
1655526419822108334 5037500
1655526420027630193 5186980
1655526420233224880 5256577
1655526420439752188 5261569
1655526420645367491 4351624
1655526420851858248 5218914
1655526421057464070 5274287
1655526421263022716 5222258
1655526421468519022 5161881
1655526421673486375 4618328
1655526421880135572 5360894
1655526422085781318 5298399
1655526422292311232 5253076
1655526422497834770 5179725
1655526422704345605 5220104
1655526422910841788 5155093
1655526423116398087 5213284
1655526423322032613 5293230
1655526423527650539 5277484
1655526423733687045 4691542
1655526423939162783 5143991
1655526424144738214 5229176
1655526424350647307 4810359
1655526424557279260 5333056
1655526424762855885 5232125
1655526424968368620 5176104
1655526425174937387 5205341
1655526425380535541 5253918
1655526425585776951 4906335
1655526425792226173 5192643
1655526425998832196 5257915
1655526426204398526 5226712
1655526426409885969 5144071
1655526426615485654 5266783
1655526426821157521 4425423
1655526427026733182 5267080
1655526427233129140 5101600
1655526427438384739 4926672
1655526427644908915 5235591
1655526427851343078 5155568
1655526428056884489 5202197
1655526428262313358 5113512
1655526428468409394 5753372
1655526428675770746 5737456
1655526428882380756 5022816
1655526429089332652 5253370
1655526429294865598 5203523
1655526429500456733 5255002
1655526429705889126 5075612
1655526429911727541 5521671
1655526430118898128 5144760
1655526430324289491 5089114
1655526430531374744 5178267
1655526430737327858 5634120
1655526430943450262 5801875
1655526431149540833 4868679
1655526431355043478 5179365
1655526431561299538 5860517
1655526431767853552 5245708
1655526431973385626 5199478
1655526432179668575 5953967
1655526432386160269 5176595
1655526432591630949 5141817
1655526432797771933 4820773
1655526433004450613 5445355
1655526433210867637 5135764
1655526433416473717 5275606
1655526433622917042 5127312
1655526433829927713 6680885
1655526434036818167 5580542
1655526434242402986 5282341
1655526434449068333 5351934
1655526434655527195 5256670
1655526434861208729 5351083
1655526435066777186 5246323
1655526435272241508 5128282
1655526435478586088 5011877
1655526435685190346 5351441
1655526435891808081 5336519
1655526436098348138 5230214
1655526436305631999 6024734
1655526436512258353 6307098
1655526436718609948 4988399
1655526436923937369 5007899
1655526437130445665 5183669
1655526437336010110 5233040
1655526437541492557 5097279
1655526437747055080 5245846
1655526437953268179 5012663
1655526438159687932 5099476
1655526438365709093 4729102
1655526438572132226 5161391
1655526438778176476 4679443
1655526438984335103 5029023
1655526439190740842 5139322
1655526439396392631 5318255
1655526439602875471 5174846
1655526439808420988 5216725
1655526440014981507 5240909
1655526440221473354 5216720
1655526440428016348 5287233
1655526440633578864 5237327
1655526440840179844 5306242
1655526441045776506 5266822
1655526441252331306 5288587
1655526441458817410 5175243
1655526441664338204 5181697
1655526441869879886 5203402
1655526442076373546 5217075
1655526442281862860 5153328
1655526442488373556 5246145
1655526442694881785 5200953
1655526442901270944 5117073
1655526443108873061 6281235
1655526443315280340 5145205
1655526443521835531 5268975
1655526443727327142 5162669
1655526443932878722 5219034
1655526444139473528 5343174
1655526444345084674 5280098
1655526444550764575 5347739
1655526444756353892 5259640
1655526444962899278 5213554
1655526445168455884 5213881
1655526445373853463 5046802
1655526445580352211 5232482
1655526445785836093 5154362
1655526445991309293 5142773
1655526446197722158 6084003
1655526446403178596 5123147
1655526446609610426 5125328
1655526446816160247 5235433
1655526447022643624 5152606
1655526447228246297 5270093
1655526447433853255 5274001
1655526447639346277 5162121
1655526447845848153 5218464
1655526448051360818 5181241
1655526448256887599 5193294
1655526448462403862 5215760
1655526448668886952 5187617
1655526448875385073 5263055
1655526449083399327 7679688
1655526449289780169 5080790
1655526449495970107 5856828
1655526449702421334 5146956
1655526449908002468 5248524
1655526450114408967 5137593
1655526450320109412 5367299
1655526450525525933 5087219
1655526450732601575 6745405
1655526450939115368 5201718
1655526451144705732 5261851
1655526451350200119 5193624
1655526451555910140 5378375
1655526451761603517 5360578
1655526451967263773 5328027
1655526452173855526 5303008
1655526452379346302 5145219
1655526452585855066 5185743
1655526452791290418 5085222
1655526452997800036 5201133
1655526453203296008 5151275
1655526453409835480 5237201
1655526453615352818 5168189
1655526453821264050 5567840
1655526454026819985 5212199
1655526454233350334 5227897
1655526454438918483 5220395
1655526454644500245 5227991
1655526454850018673 5161163
1655526455055484908 5120063
1655526455261838689 5984583
1655526455468405556 5283081
1655526455673932364 5189666
1655526455880090650 5815350