1655330964807311738 488503376
1655330965101644635 93379009
1655330965323039623 20218931
1655330965537051923 11101977
1655330965749502772 9398024
1655330965959833655 9418051
1655330966169345870 9110578
1655330966381298734 9149577
1655330966593164829 9090837
1655330966845573870 49604529
1655330967074597176 27695284
1655330967288229930 12931457
1655330967500193063 11584191
1655330967712455934 11153442
1655330967928415711 15536457
1655330968140569318 11713199
1655330968359048934 14114921
1655330968582571099 18856717
1655330968802613521 19642386
1655330969022677095 17161007
1655330969243186159 18796871
1655330969460156220 16130233
1655330969677403048 16825252
1655330969897418118 16524153
1655330970116905333 19086315
1655330970338959734 20075004
1655330970558021201 14615548
1655330970780513184 22206234
1655330970995106703 14135566
1655330971213415473 13923516
1655330971433895889 16119942
1655330971652780625 18479127
1655330971890663047 35110288
1655330972103758870 9168834
1655330972314823629 10638886
1655330972529986774 14762912
1655330972748903591 14126117
1655330972967157947 16887573
1655330973190736973 15453349
1655330973413968200 22835639
1655330973630119481 15754824
1655330973853492211 22931082
1655330974069029412 15133753
1655330974289746219 19723556
1655330974512011158 18839335
1655330974731802188 15329726
1655330974949633853 16996337
1655330975170289762 16881563
1655330975385555215 13637708
1655330975601256953 12598832
1655330975811847104 9863565
1655330976025450453 10535255
1655330976234985287 9134241
1655330976444446184 9085510
1655330976654300073 9462237
1655330976902638484 44071985
1655330977122587726 17104841
1655330977345407941 19243411
1655330977555315195 9498766
1655330977765048434 9331675
1655330977974924811 9492257
1655330978192632691 13813767
1655330978406992308 10726641
1655330978622094894 11268796
1655330978891706960 65004481
1655330979103603787 9165348
1655330979315675532 9215737
1655330979527958045 11903824
1655330979742259429 11456390
1655330979954953973 9978714
1655330980167227068 9545546
1655330980493349255 98372614
1655330980719317284 25193685
1655330980941973809 13799150
1655330981156181665 11400750
1655330981370002032 11038769
1655330981580651578 10032545
1655330981790648819 9569268
1655330982000307097 9257887
1655330982209702248 8993404
1655330982421567089 9076422
1655330982631349324 9384958
1655330982891450143 56066100
1655330983203830585 110608223
1655330983427895418 20489215
1655330983640335330 11354107
1655330983850330637 9576047
1655330984060142734 9430333
1655330984272399512 9393756
1655330984482157945 9358632
1655330984696651135 14031486
1655330984906357159 9293499
1655330985116546052 9793875
1655330985326330530 9398043
1655330985538498542 9381524
1655330985818843620 27727575
1655330986033818028 14531362
1655330986253901394 15761428
1655330986476206013 17308012
1655330986709255502 30831267
1655330986920781409 10871504
1655330987139702339 14343101
1655330987354042509 13935001
1655330987576984643 18817510
1655330987790268425 12869932
1655330988010931209 14829622
1655330988229795166 14381747
1655330988447374567 14143157
1655330988660689744 12243789
1655330988904157247 13385673
1655330989123349461 14795219
1655330989336211968 12445151
1655330989551781535 11708231
1655330989890650242 101902538
1655330990108076803 14451359
1655330990323940533 11381992
1655330990535889210 11506897
1655330990771780165 35480180
1655330990984126265 9585416
1655330991193791712 9281924
1655330991403551728 9309913
1655330991615613291 9375301
1655330991827935083 9581879
1655330992061049747 30271565
1655330992276694031 15242067
1655330992495005798 15574688
1655330992724790317 23975512
1655330992935785710 10567060
1655330993145359602 9160185
1655330993412124517 18597386
1655330993712716616 95760373
1655330993993076623 79948387
1655330994222079323 22803651
1655330994597002525 99014637
1655330994818252553 12713009
1655330995031031365 11598266
1655330995244853307 13128615
1655330995459490331 11221521
1655330995674423260 11350676
1655330995889513028 10872782
1655330996101326673 9080099
1655330996311805642 10075004
1655330996524496500 9835119
1655330996735597726 10651064
1655330996945038240 9045884
1655330998203130188 1057642790
1655330998415506662 10026361
1655330998625279804 9381845
1655330998837614626 9370597
1655330999047376528 9389886
1655330999292557360 44793541
1655330999502635143 9244419
1655330999712236730 9232725
1655330999922113424 9467740
1655331000134982706 10007912
1655331000393748874 53028621
1655331000603456980 9317662
1655331000825442446 16660249
1655331001039277947 11045166
1655331001251862001 9771045
1655331001461643397 9405710
1655331001692920024 30907566
1655331001914667993 18842641
1655331002126904100 9594155
1655331002340055975 12618070
1655331002557219802 16774720
1655331002789352337 31730271
1655331003003617595 13872045
1655331003217818950 9236176
1655331003436920749 14176343
1655331003647370364 10025865
1655331003858074686 10266385
1655331004101518300 39713393
1655331004311766988 9668118
1655331004523972171 9383989
1655331004733384886 9013013
1655331004945578411 9327494
1655331005155415491 9431585
1655331005398440559 9193759
1655331005607870328 9032216
1655331005818960599 10674886
1655331006033392671 10672959
1655331006251143120 17319734
1655331006461136121 9605566
1655331006671202427 9668168
1655331006880809004 9215210
1655331007092968996 9261302
1655331007304998256 9329028
1655331007514640758 9241192
1655331007724179623 9151646
1655331007933962775 9384750
1655331008146338932 9758821
1655331008358509825 9449597
1655331008568352591 9474512
1655331008778182972 9429811
1655331008993769287 12753093
1655331009207179993 10473476
1655331009424205030 16625314
1655331009661723076 34613636
1655331009875260252 13115256
1655331010095738071 20069358
1655331010311218320 12661203
1655331010526690684 12681555
1655331010745669917 15623783
1655331010966476061 17695078
1655331011220234846 21838528
1655331011506519019 12739484
1655331011778959793 67999394
1655331011995866116 16395925
1655331012222998199 26512270
1655331012490503814 66970093
1655331012710078505 16039061
1655331012930695794 20159869
1655331013152554073 21197967
1655331013402069640 49109760
1655331013692661517 89576443
1655331013908477124 14053482
1655331014131177625 13501025
1655331014348401127 14547849
1655331014567290896 16126155
1655331014799770726 31844933
1655331015021813196 20588265
1655331015243015615 20730094
1655331015463412881 15962387
1655331015678456178 11038212
1655331015899466017 18267246
1655331016121112641 20958258
1655331016341064345 16998271
1655331016557885100 13864040
1655331016775476766 14665018
1655331016994754659 16619306
1655331017210013706 11962414
1655331017424119945 10650052
1655331017634940339 9678303
1655331017849017326 10283205
1655331018060310894 10139785
1655331018298870228 35157201
1655331018513209335 11568817
1655331018726362199 10394479
1655331018937166547 10411997
1655331019147823645 10155012
1655331019357302051 9094540
1655331019566880515 9200295
1655331019777644693 10364952
1655331019991598324 13495120
1655331020205170929 9261717
1655331020435189094 26378246
1655331020647477173 11333196
1655331020864238920 11818450
1655331021077771602 13120709
1655331021294168788 13687655
1655331021509837868 12975754
1655331021720423356 10176368
1655331021932750459 9306502
1655331022149733206 14139013
1655331022364478471 11420790
1655331022583536240 14442655
1655331022797109958 13191892
1655331023009852591 12106253
1655331023220781075 10508754
1655331023432549725 10682220
1655331023644033659 10421268
1655331023854437273 9283946
1655331024068509545 10698911
1655331024305650048 34067151
1655331024515700683 9586373
1655331024730433475 11123377
1655331024944455186 11161082
1655331025157516254 10148426
1655331025370373444 9810281
1655331025580423332 9174861
1655331025792756685 9296772
1655331026004915017 9327394
1655331026216923846 9311735
1655331026429002611 9331968
1655331026640758735 9014407
1655331026852299645 11149648
1655331027061516030 8845401
1655331027271036147 9144961
1655331027483140919 9291449
1655331027692848880 9292760
1655331027903138045 9891934
1655331028115353935 9564935
1655331028344191494 28448796
1655331028556566116 11213008
1655331028769469612 9480712
1655331028979528997 9329377
1655331029193069949 10735882
1655331029410386136 14540826
1655331029621744766 10441390
1655331029867773393 45193404
1655331030095723897 25153652
1655331030397264763 98825650
1655331030691574985 89874467
1655331031002847074 110863556
1655331031216160703 10531509
1655331031428581761 9625403
1655331031638089501 9097062
1655331031904598106 15839622
1655331032202969668 94011496
1655331032420461148 13124116
1655331032644445987 19601794
1655331032861766681 16911641
1655331033097152608 34692941
1655331033314537986 16688218
1655331033527261416 12237185
1655331033740077655 12223492
1655331033955550441 11591329
1655331034166966694 10710630
1655331034382735136 11539974
1655331034592596440 9467763
1655331034803370802 10218302
1655331035016313295 12531976
1655331035228510552 9217730
1655331035439331165 10441299
1655331035652173414 10089143
1655331035861658742 9067527
1655331036074398315 9566636
1655331036284872059 10080925
1655331036563610197 72920813
1655331036809481218 45464919
1655331037036639303 19317061
1655331037248623603 9193093
1655331037497286869 48186439
1655331037792301443 94604705
1655331038014565454 17671433
1655331038224534638 8976133
1655331038435391129 10421742
1655331038647860337 9324572
1655331038891859440 41176487
1655331039103086836 10842023
1655331039315471834 9701301
1655331039525106835 9229451
1655331039734747521 9256913
1655331039989945155 50977903
1655331040213407791 18235933
1655331040429518112 15711984
1655331040647104777 16397336
1655331040869747815 18522877
1655331041082598667 9777131
1655331041295111873 9602493
1655331041504693558 9151887
1655331041716771424 9301426
1655331041926786734 9623191
1655331042140239962 13057405
1655331042352303250 9244491
1655331042564364129 9301855
1655331042776328446 9159297
1655331042996400921 17236252
1655331043207215045 10415684
1655331043417050502 9420029
1655331043627094207 9640794
1655331043839144202 9330694
1655331044049341223 9776546
1655331044262560537 10560813
1655331044472443467 9481085
1655331044683744541 10920374
1655331044898514235 13785926
1655331045110524587 9239029
1655331045322551504 9248980
1655331045532222851 9289739
1655331045744194031 9338303
1655331045953657353 9084240
1655331046166880124 10345488
1655331046379037801 9368672
1655331046588442921 9032888
1655331046797794825 9080151
1655331047011108279 9445520
1655331047222417176 10893542
1655331047437883300 11050412
1655331047649483816 11114942
1655331047862115972 12205608
1655331048073696151 11128683
1655331048289009718 14898803
1655331048504182172 14769148
1655331048721509068 12922590
1655331048939767414 13787580
1655331049154085458 10873289
1655331049368499235 11151521
1655331049585137149 13405132
1655331049799035314 12601766
1655331050011030803 10884035
1655331050223310898 11246973
1655331050437495956 10861869
1655331050651595943 10980667
1655331050866521979 11833385
1655331051078032820 10831225
1655331051289400369 11049483
1655331051504036854 10720367
1655331051716245825 11503606
1655331051931326974 10378202
1655331052147162647 14829275
1655331052359976828 9533645
1655331052569609271 9043550
1655331052780256360 10234275
1655331052992125344 11489290
1655331053210613890 15503720
1655331053420708051 9509089
1655331053630960452 9872563
1655331053842865657 9207317
1655331054052867225 9417986
1655331054266651442 11118882
