1655529256955032041 199867736
1655529257256599718 100096216
1655529257466763487 8769664
1655529257673485207 5403964
1655529257879487642 5674594
1655529258085841684 5043792
1655529258293117148 5984830
1655529258499030406 5583262
1655529258707582931 7230849
1655529258913708363 4742122
1655529259120411736 5440128
1655529259325676099 4935822
1655529259532585035 5643065
1655529259739310697 5404754
1655529259956034407 15418766
1655529260161095821 4714998
1655529260367107433 4729140
1655529260573477070 4984464
1655529260778486890 4713285
1655529260983500111 4673947
1655529261189081802 5244126
1655529261394352119 4945766
1655529261600880701 5219254
1655529261806773029 5583035
1655529262013222801 6120176
1655529262219316373 4828281
1655529262425532364 4879057
1655529262631610549 4991272
1655529262837141158 5201367
1655529263043305174 5838446
1655529263249092121 5472849
1655529263453981886 4566450
1655529263658910310 4597349
1655529263864096343 4865320
1655529264069014368 3933883
1655529264275300395 5016805
1655529264481523246 4900564
1655529264686714999 4879643
1655529264891678137 4639151
1655529265097340507 5352624
1655529265303344683 5722078
1655529265508926937 5243348
1655529265714251850 4968986
1655529265920719366 5203829
1655529266126161236 5112688
1655529266331667837 5162218
1655529266537341744 5279593
1655529266744842916 6156023
1655529266951421243 5341024
1655529267157278791 5533249
1655529267363672361 5082736
1655529267570868901 5867308
1655529267777145995 4393957
1655529267982439008 4995638
1655529268188921233 4767678
1655529268395217449 6015980
1655529268602770373 5908695
1655529268809088498 4752658
1655529269015586575 6210380
1655529269221074077 5105314
1655529269425878833 4494337
1655529269632155619 5061396
1655529269838276629 4903261
1655529270043577438 5005014
1655529270249587587 4431039
1655529270454179286 4288051
1655529270660583576 5074219
1655529270867750081 5706260
1655529271072953895 4874832
1655529271278657996 5414498
1655529271485706862 5517402
1655529271691128745 5124930
1655529271896998556 5536021
1655529272103093137 5774662
1655529272309384032 5995665
1655529272514976255 5290324
1655529272720655383 5322219
1655529272925927782 4931079
1655529273131785123 5527872
1655529273337989959 4942976
1655529273543090608 4767782
1655529273748910313 5489185
1655529273954985176 4817028
1655529274161141644 4827019
1655529274366513602 5039331
1655529274571865285 5022064
1655529274776910392 4787859
1655529274982181474 4983376
1655529275187385381 4876129
1655529275393735545 5001393
1655529275599873699 4925386
1655529275804877247 4713279
1655529276012270743 6157856
1655529276218365847 5753614
1655529276425052705 5434678
1655529276631064414 5685020
1655529276837421138 5029926
1655529277042927857 5183849
1655529277250052204 6807790
1655529277455326675 4962473
1655529277660341628 4700561
1655529277866555592 5866031
1655529278072979303 5159130
1655529278277931913 4622960
1655529278484404539 5220425
1655529278689370494 4627579
1655529278895215391 4617994
1655529279101073025 4609755
1655529279306129900 4733319
1655529279512386857 4962439
1655529279719592260 5910438
1655529279925321739 4535868
1655529280131655769 5051137
1655529280337402064 4527766
1655529280543933796 5273099
1655529280749233447 4995227
1655529280954192646 4625753
1655529281160613283 5101324
1655529281366015295 5065003
1655529281572432703 5150345
1655529281777809832 5043305
1655529281984141716 5081446
1655529282189515645 5038179
1655529282395890490 5093963
1655529282602768912 5584244
1655529282808283128 5177388
1655529283014639293 5061536
1655529283220112873 5139519
1655529283425415881 5013745
1655529283630823385 5068230
1655529283837128351 4936709
1655529284042539216 5004057
1655529284249306676 5480043
1655529284455054755 5322246
1655529284661451580 5100808
1655529284868964554 6238552
1655529285075163014 4936024
1655529285281409102 4964388
1655529285487924059 5230707
1655529285694225093 5013357
1655529285899567143 5015373
1655529286104923451 5034728
1655529286311405010 5164878
1655529286516884797 5155567
1655529286723149593 4982568
1655529286928520179 5050607
1655529287134843329 5999874
1655529287341163038 5043352
1655529287547422965 4995977
1655529287753279132 5534309
1655529287959535752 4932829
1655529288166088381 5205250
1655529288371681810 5259584
1655529288578450755 5432439
1655529288785300907 5574229
1655529288991256274 5634558
1655529289197281438 5683558
1655529289404245338 5635373
1655529289612201043 6630979
1655529289819477462 5986856
1655529290026185104 6372245
1655529290233581648 5993260
1655529290442027467 7126859
1655529290648457794 6105940
1655529290856085909 6327674
1655529291063950720 6422820
1655529291271491103 6083945
1655529291477333453 5520650
1655529291684218772 5601233
1655529291891064673 5492395
1655529292098543464 6121701
1655529292306059237 6230115
1655529292513023737 5658719
1655529292719670936 6291673
1655529292925450897 5438482
1655529293131309781 5506020
1655529293336634033 4978251
1655529293543088614 5161464
1655529293749675183 6243034
1655529293955126871 5107285
1655529294162973595 6499789
1655529294368406695 5088020
1655529294573937811 5174335
1655529294779242807 4966410
1655529294985280172 5695765
1655529295191578466 5022441
1655529295398044356 5132000
1655529295604556880 5225707
1655529295809997720 5089618
1655529296016673855 5379321
1655529296221937254 4911570
1655529296427332985 5057791
1655529296632711263 5041507
1655529296839033117 5022898
1655529297044372253 4995977
1655529297250588336 5867679
1655529297457323145 5477039
1655529297663209050 5526471
1655529297868444997 4885480
1655529298074796183 5033381
1655529298280149044 5018113
1655529298485168535 4709221
1655529298691284123 4806836
1655529298897473766 4912952
1655529299102719004 4908594
1655529299309035680 5026256
1655529299515300143 4972527
1655529299721791745 5171859
1655529299926840097 4695966
1655529300132963123 4823179
1655529300339235582 4986667
1655529300545531017 4966737
1655529300751130051 5233193
1655529300957136137 4663115
1655529301163397922 5006492
1655529301368717859 4990457
1655529301575082387 5061056
1655529301781890056 5477110
1655529301988925968 5766906
1655529302195424510 6146563
1655529302402000076 5268239
1655529302607708360 5350792
1655529302812881615 5008141
1655529303018299595 5065971
1655529303223763728 5031428
1655529303429002461 4895378
1655529303636380380 6094667
1655529303842702402 5009089
1655529304048295376 5247293
1655529304254401576 4832810
1655529304460732138 5052445
1655529304666070621 4991336
1655529304871598406 5182141
1655529305077751781 4830123
1655529305284131623 5072589
1655529305489410463 4943641
1655529305697039981 6240648
1655529305902954077 4681067
1655529306109096359 5795432
1655529306315491882 5016925
1655529306522152096 5324048
1655529306728386607 5888796
1655529306935611980 5906997
1655529307142995749 6101157
1655529307348928323 4666345
1655529307555173513 4869055
1655529307761531492 5031074
1655529307967628395 4785729
1655529308173830986 4896056
1655529308380181264 6023201
1655529308586047395 4636888
1655529308792236417 5859292
1655529308998032552 5488607
1655529309203592378 4318229
1655529309409704585 4800836
1655529309616593135 5614402
1655529309822628928 5708333
1655529310028974143 6017087
1655529310235382197 6079219
1655529310442538263 6829350
1655529310648884860 5063685
1655529310855047456 4935936
1655529311061020540 5644873
1655529311267042234 5695224
1655529311473444204 5116963
1655529311679755982 5131133
1655529311885123202 5029776
1655529312091338428 4952010
1655529312297430536 4760854
1655529312502908314 5089150
1655529312708341335 5095175
1655529312914645279 5004757
1655529313120120531 5139886
1655529313326438284 5000499
1655529313531923982 5093603
1655529313737124531 4972307
1655529313943875328 5164814
1655529314151163861 5988511
1655529314356988459 5496423
1655529314563459055 5167147
1655529314768830785 5034371
1655529314975142876 5037826
1655529315181403287 4993294
1655529315386801684 5064136
1655529315592324954 5117964
1655529315798514932 4900622
1655529316003981353 5124978
1655529316209515924 5096820
1655529316415872652 5107369
1655529316621257440 5053066
1655529316827464273 4924098
1655529317033650976 4904789
1655529317238912746 4929517
1655529317445164548 4942783
1655529317650548138 5043916
1655529317856880165 5060145
1655529318063261041 5050493
1655529318268670945 5070760
1655529318473948319 4949524
1655529318680430248 5204530
1655529318885870470 5102246
1655529319092341850 5153659
1655529319297539727 4860768
1655529319503630083 4817171
1655529319709976714 5039955
1655529319915348480 5036470
1655529320121698424 5057228
1655529320328003046 5051411
1655529320534105213 4992848
1655529320739516602 5010845
1655529320945803270 5013928
1655529321152306300 5132207
1655529321357713892 5003620
1655529321564027230 5038526
1655529321770329002 5025191
1655529321976695919 5057394
1655529322182044843 5005117
1655529322388479165 5162963
1655529322594102097 5272352
1655529322799428465 4985118
1655529323005855895 5083395
1655529323212436853 5186239
1655529323418870831 5149668
1655529323625194535 4960547
1655529323831577125 5049025
1655529324036927501 5017169
1655529324243171653 4971249
1655529324449496655 5011408
1655529324654773108 4935481
1655529324860243095 5133726
1655529325065547227 4958985
1655529325271776058 4947011
1655529325477074727 4967781
1655529325683406087 5054344
1655529325889712371 4943801
1655529326095224082 5171619
1655529326300784562 5208635
1655529326507014198 4910786
1655529326713277109 4961804
1655529326918622652 5003432
1655529327124979828 5097771
1655529327330328525 4998584
1655529327535734658 5071250
1655529327741128780 5043915
1655529327946485139 5023085
1655529328152881183 5095265
1655529328358075398 4870170
1655529328564497099 5154196
1655529328769923779 5080068
1655529328976345755 5151272
1655529329182728954 5099910
1655529329388215920 5155614
1655529329593661071 5098505
1655529329800116342 5148292
1655529330006442309 4998003
1655529330212756082 5058619
1655529330419152626 5081452
1655529330624778538 5289648
1655529330831213977 5095935
1655529331037575377 5084415
1655529331243963245 5133325
1655529331450274371 5030721
1655529331656650769 5116462
1655529331862059582 5068294
1655529332067555452 5087680
1655529332272943751 5049526
1655529332479346432 5124973
1655529332685674234 5004597
1655529332892011657 5051814
1655529333097408469 5044292
1655529333303928062 5158380
1655529333510316481 5082183
1655529333716673280 5065137
1655529333922076743 5063368
1655529334127482913 5069452
1655529334332906873 5087709
1655529334539374255 5180282
1655529334745747189 5066281
1655529334951164558 5081392
1655529335157530190 5055316
1655529335362928197 5067276
1655529335569186265 4939669
1655529335774530143 5017849
1655529335979869913 5008445
1655529336185162882 4958758
1655529336391798312 5261416
1655529336598071000 4990862
1655529336804501871 5152241
1655529337009959003 5126580
1655529337216417392 5165970
1655529337422717695 5021584
1655529337628170833 5114998
1655529337833531877 5033751
1655529338039985456 5161684
1655529338246192019 4933492
1655529338452411757 5016518
1655529338658752958 5077754
1655529338864220963 5131934
1655529339070490595 4997186
1655529339276726277 4970194
1655529339482082349 5022561
1655529339687491476 5074894
1655529339893780333 5040776
1655529340099003995 4827362
1655529340304338938 5006032
1655529340510353950 5677293
1655529340716894781 5268805
1655529340922564837 5316649
1655529341127924573 5030073
1655529341334188428 4997188
1655529341539551038 5036137
1655529341744942501 5060923
1655529341951340377 5094478
1655529342157620621 5019538
1655529342363977232 5078115
1655529342570331601 5000799
1655529342776726701 5109812
1655529342982134916 5071124
1655529343188548409 5113011
1655529343394818226 4972037
1655529343601072196 4947865
1655529343806298452 4894301
1655529344012579414 5012544
1655529344218081016 5147047
1655529344423436601 5021833
1655529344629743987 5964043
1655529344838879265 8792614
1655529345044148076 4928857
1655529345251278517 6797801
1655529345457567759 4931848
1655529345664036012 5164114
1655529345870386957 4976405
1655529346075825937 5093636
1655529346281134572 4977132
1655529346486903959 5432135
1655529346693364363 5146767