1655527797101686456 195895165
1655527797602840851 300725846
1655527797930604545 127405765
1655527798211826050 10902066
1655527798508190309 6215867
1655527799318816173 517917572
1655527799524522376 5346792
1655527799730037959 5113599
1655527799936560404 5246893
1655527800142120793 5178981
1655527800502617645 101748251
1655527800806624469 103677277
1655527801330293991 323341724
1655527801535898750 5267376
1655527801741446654 5222100
1655527801947877828 5090830
1655527802153378168 5184444
1655527802359232738 5517375
1655527802608557696 7687001
1655527802903407230 94519890
1655527803206980349 6095091
1655527803511620493 8669444
1655527803900934092 99191341
1655527804206593474 105245254
1655527804605240661 104369213
1655527804907844016 6960683
1655527805307967607 107105020
1655527805805280068 201372456
1655527806103493690 97912574
1655527806403503381 98645164
1655527806902749090 201100371
1655527807207906981 104830423
1655527807503404552 94077269
1655527807709955720 5222351
1655527807915445019 5151953
1655527808122311621 6535596
1655527808407926719 85296529
1655527809902031608 1199443320
1655527810111236223 8880731
1655527810606309539 203548194
1655527811101187276 197791893
1655527811405184532 103673675
1655527811807669293 104810907
1655527812108197775 100191941
1655527812407358183 6495022
1655527812707710131 6901765
1655527813203018600 200957945
1655527813603729570 200353176
1655527814001045345 98141627
1655527814305970220 103543704
1655527814608053205 101773526
1655527814909945771 8068882
1655527815302352118 101472596
1655527815607773259 105071881
1655527816002930364 194808365
1655527816307386640 6436015
1655527816611698111 9558516
1655527816911352471 9772040
1655527817208184308 6794736
1655527817503442966 94080278
1655527817903615650 102284266
1655527818204181704 100265567
1655527818602347260 196569640
1655527818904544355 99740827
1655527819302643709 195827686
1655527820838760654 1335761258
1655527821045518918 5438748
1655527821310979890 7729727
1655527821613165632 12288375
1655527822009412351 108037970
1655527822401231027 100338190
1655527822613539599 10599624
1655527822906237917 92368798
1655527823303675783 196178930
1655527823606438141 102430925
1655527823910317017 9438832
1655527824401724634 198757997
1655527824803946723 201888336
1655527825104538036 99191261
1655527825503213894 100434302
1655527825908150878 105963713
1655527826302765764 101867015
1655527826705250611 202159061
1655527827010189014 9302711
1655527827310248147 8860602
1655527827703601751 100798058
1655527828101292520 197359089
1655527828407386077 103947047
1655527828802441592 101573539
1655527829010764020 6907342
1655527829501711393 198968060
1655527829807537723 103772774
1655527830208211831 106029990
1655527830606343376 104358791
1655527830901328662 94662336
1655527831107999170 5276520
1655527831314551613 5209526
1655527831611190250 9085484
1655527831911579387 10675639
1655527832210040296 98111181
1655527832509410865 97985710
1655527832804065071 94306204
1655527833201820405 197326376
1655527833508134068 105994909
1655527833805365208 96907743
1655527834105818488 100156911
1655527834507286767 199334530
1655527834902431369 99861190
1655527835302482546 198757445
1655527835509965421 7139629
1655527835806408920 95145500
1655527836105293701 98568145
1655527836404217108 98581791
1655527836703251996 98804081
1655527837003206638 98221833
1655527837310078568 8245996
1655527837606414275 95028168
1655527837908119851 99874556
1655527838301902074 101016059
1655527838511469281 7016564
1655527838811468908 10579955
1655527839401251485 299029042
1655527839802439180 200863143
1655527840108210930 105432680
1655527840409342647 6573784
1655527840718306789 107586312
1655527841011747914 10867440
1655527841304995763 92908930
1655527841705377259 104239858
1655527842107623588 104817481
1655527842314543872 6579637
1655527842605880615 90998505
1655527842811960847 5783201
1655527843108065150 6100611
1655527843404326681 94931306
1655527843709173437 8317378
1655527844003311922 93822351
1655527844403854689 199173684
1655527844802395517 196463494
1655527845207455861 203605527
1655527845607341070 106013677
1655527845903336145 94670663
1655527846206858476 103207621
1655527846507578081 99441062
1655527847104833151 203362690
1655527847403272586 98118844
1655527847613193642 9606582
1655527848001899181 188371086
1655527848306682575 103500963
1655527848606409317 99411545
1655527848906616855 99872917
1655527849302321422 195381553
1655527849606430597 103789926
1655527850201457039 298555188
1655527850601887798 200089814
1655527850810665595 8451245
1655527851108900477 97902451
1655527851406176256 95945880
1655527851805718762 103300942
1655527852108052905 102002304
1655527852408417690 7550927
1655527852711274888 8761267
1655527853402038576 399535649
1655527853707486125 105131483
1655527854106103268 104148927
1655527854502192747 195770698
1655527854909221294 204960965
1655527855205634061 95146336
1655527855505084390 99124820
1655527855903537485 196820246
1655527856210723400 8382263
1655527856510460127 99398600
1655527856810696471 99894522
1655527857111197891 99032538
1655527857501823326 189340895
1655527857711136339 7126474
1655527858100941968 98389736
1655527858601968862 299246979
1655527858906684658 104393446
1655527859301146043 194138462
1655527859601678273 98960778
1655527859907752250 105724480
1655527860203949458 94827590
1655527860602521186 196452679
1655527861102474808 298281108
1655527861503728961 199866314
1655527861804057972 100032512
1655527862105380529 99220401
1655527862311521567 5806197
1655527862701931493 99163242
1655527863005514257 103240211
1655527863401239777 195378025
1655527863806758661 203736765
1655527864111584672 8088834
1655527864504283827 192369012
1655527864803420975 98808209
1655527865105662423 100664981
1655527865502187403 101305096
1655527865906924417 203070510
1655527866303721474 102835345
1655527866701906638 197846910
1655527866910097862 7872872
1655527867301419179 189174583
1655527867510117621 6777895
1655527867810088122 8127072
1655527868113298946 11304023
1655527868403621433 89981824
1655527868701442494 97493440
1655527869007864640 104782731
1655527869501278531 293049633
1655527870002623943 301011058
1655527870307327534 104359223
1655527870610769850 103101321
1655527871006846172 104897227
1655527871403753640 195614099
1655527871802381031 198307611
1655527872104087690 100404483
1655527872405808819 100223815
1655527872804531122 197286883
1655527873107483532 102657352
1655527873408077524 7188129
1655527873703182564 94762181
1655527873911383916 6775085
1655527874207305957 5910462
1655527874414360135 5686015
1655527874705308769 89645669
1655527875003041732 97426188
1655527875211305506 6963309
1655527875510343090 9439802
1655527876007800604 205378886
1655527876401879112 192807114
1655527876707081675 104850369
1655527877007045454 99647764
1655527877402830925 195484135
1655527877710982133 106706057
1655527878103501074 192173842
1655527878602864359 299025002
1655527878809571144 5261603
1655527879106570737 95466353
1655527879407203295 98920138
1655527879831374257 222885054
1655527880037140991 5432563
1655527880243354760 5824206
1655527880449691678 5015179
1655527880656026277 5098805
1655527880861803779 5424644
1655527881105370648 42272951
1655527881408261347 102551837
1655527881615632398 6847132
1655527881907293817 5437149
1655527882205684907 98055046
1655527882506876847 99223321
1655527882806437038 99228811
1655527883103202455 96468950
1655527883404307615 99194782
1655527883801067693 195232422
1655527884011320163 8777079
1655527884303200266 91569515
1655527884510294697 5825270
1655527884809153726 8269976
1655527885106427350 95988750
1655527885406977376 99247309
1655527885802674968 101784485
1655527886102187904 97417454
1655527886309868266 5443306
1655527886612034763 9494069
1655527886909012812 6530774