1655182743687966360 14957979
1655182743895798625 7261210
1655182744101458720 5502239
1655182744308267327 6454980
1655182744515467272 6826630
1655182744720858567 5076110
1655182744928951143 6909599
1655182745135332127 5956220
1655182745341099276 5328240
1655182745547496478 5756870
1655182745753715567 5158570
1655182745959747123 5499640
1655182746167602329 7241990
1655182746374034174 5043589
1655182746580074941 5540750
1655182746787260575 5962739
1655182746994531791 6691030
1655182747200804997 4913809
1655182747407687463 5443730
1655182747614257744 5222740
1655182747818969113 4114260
1655182748023618841 4222000
1655182748228781336 4817740
1655182748435195002 5164540
1655182748643809758 7410289
1655182748850935003 5288650
1655182749056963927 4771190
1655182749262703155 4484600
1655182749468683161 4771190
1655182749675142696 5458239
1655182749880550021 4705400
1655182750086893288 5087670
1655182750293043414 4998350
1655182750497731379 4188230
1655182750705706005 6122969
1655182750911725061 4018030
1655182751117569837 4542530
1655182751323349732 5127880
1655182751529972308 5130029
1655182751735504264 4554840
1655182751941637168 4699469
1655182752147138086 5137190
1655182752352207831 4731990
1655182752558215637 4956349
1655182752764021502 5235080
1655182752970191878 5752920
1655182753175817303 5151900
1655182753381678670 5377980
1655182753588714875 5212760
1655182753794170130 5067329
1655182754001238816 5764000
1655182754207497631 5835280
1655182754413830718 5094819
1655182754620444874 5332430
1655182754825887670 4908280
1655182755031411246 5168650
1655182755237220861 5298210
1655182755443254527 5517829
1655182755650220561 5923160
1655182755856057178 5495430
1655182756062540045 6096320
1655182756269062170 5244599
1655182756474966966 5186020
1655182756681368942 5270969
1655182756888497217 6135540
1655182757095159473 6349210
1655182757300193958 4815010
1655182757506743685 5533019
1655182757713067549 5298569
1655182757918229556 4805940
1655182758124318602 4784009
1655182758330618125 5255900
1655182758537010654 5241070
1655182758742719530 5274170
1655182758950402384 6352810
1655182759157057681 5504930
1655182759362709057 5293270
1655182759569104063 5446700
1655182759774446638 4976160
1655182759980311691 5322200
1655182760186307500 4876030
1655182760393475663 6050269
1655182760599764491 4931799
1655182760806083156 5028909
1655182761011733703 4748890
1655182761217267268 5134080
1655182761423796292 4887830
1655182761629915770 4772240
1655182761836180295 4569709
1655182762044746251 6415950
1655182762252189854 6218100
1655182762459573992 5031939
1655182762666054318 5204860
1655182762871996854 4852480
1655182763077563549 5296800
1655182763283556550 5318599
1655182763489521449 4915390
1655182763695497077 4768430
1655182763901782672 5774169
1655182764108246187 5401970
1655182764313707452 5065230
1655182764519580629 4655089
1655182764726637415 6054409
1655182764934055471 5476460
1655182765140243177 4296210
1655182765346148242 5288400
1655182765550975948 4507950
1655182765757290032 5327100
1655182765964138079 6539289
1655182766170902505 6275330
1655182766379016181 6368460
1655182766585312816 4617999
1655182766790662283 5104190
1655182766996784548 4840230
1655182767202851714 4886599
1655182767408633499 5606390
1655182767615160965 5388089
1655182767821046131 5081530
1655182768027187965 4908459
1655182768232975221 4505869
1655182768438627538 5295930
1655182768644185603 5186360
1655182768849735400 5191130
1655182769056207475 5216900
1655182769262322300 5748660
1655182769468604666 5153240
1655182769675206572 6229428
1655182769881489288 5120359
1655182770087243104 5283090
1655182770294027868 5502850
1655182770499628056 5236310
1655182770704841079 4888480
1655182770911226997 5264269
1655182771117156162 5072680
1655182771323196407 5004879
1655182771528685444 4926809
1655182771735473310 5663359
1655182771941401264 5032580
1655182772148247641 6212679
1655182772354417602 5018270
1655182772560963391 5434810
1655182772767231009 5220790
1655182772974319134 6057410
1655182773179974418 5317730
1655182773386348926 5158889
1655182773592605242 5872199
1655182773799731838 5876640
1655182774006164543 5741380
1655182774211942939 5016259
1655182774418669445 5602660
1655182774625192691 6145179
1655182774831618156 5419490
1655182775039150311 6314660
1655182775246836437 6078960
1655182775454611922 5453110
1655182775660227908 5071199
1655182775865943945 5205960
1655182776072628250 5582199
1655182776280625686 4803220
1655182776486996132 5102080
1655182776692770885 5247300
1655182776899325153 4726939
1655182777105912499 5982990
1655182777312076863 5736630
1655182777518764220 6333469
1655182777727008284 7052160
1655182777934922138 6309349
1655182778146697717 8979690
1655182778353774532 5295490
1655182778561215138 5955200
1655182778769055194 6055090
1655182778978092339 7837979
1655182779185031284 6077250
1655182779392006800 5600509
1655182779601226316 6087709
1655182779807905412 5951750
1655182780015210328 6063120
1655182780223798923 7854670
1655182780429860268 5764140
1655182780637189414 5460439
1655182780847322130 7331030
1655182781054837213 6312799
1655182781261350681 5873210
1655182781469901574 7312660
1655182781678401822 8093239
1655182781884219378 5289700
1655182782090996243 5746789
1655182782299584399 7228210
1655182782506275864 5512000
1655182782713015691 5463940
1655182782922430416 8132890
1655182783129420301 5633120
1655182783335708696 5920340
1655182783542994883 5779739
1655182783751309569 6332810
1655182783957710103 5211659
1655182784168206390 9762150
1655182784375796946 6575900
1655182784585775951 8547529
1655182784793051197 5129510
1655182784999521832 5309010
1655182785208624338 6387310
1655182785414015371 5049929
1655182785622263200 5475560
1655182785829420222 5449030
1655182786037051091 5358200
1655182786243469546 4876469
1655182786449086362 4274790
1655182786654481098 5088389
1655182786860351212 5587640
1655182787066194390 5510200
1655182787272725325 5261830
1655182787480155520 7203969
1655182787686921946 5551890
1655182787893424892 4794479
1655182788100071607 5482200
1655182788306080792 5704590
1655182788515021499 8005179
1655182788721200863 4938690
1655182788927377571 4439510
1655182789134803645 5372010
1655182789343521436 7943340
1655182789550260695 4645880
1655182789756208843 5371999
1655182789964294299 7076990
1655182790171790415 5365230
1655182790380033060 7287649
1655182790587895676 6821559
1655182790795457638 5870489
1655182791001026707 5110260
1655182791206922263 5535870
1655182791414485178 6189759
1655182791621480994 5541189
1655182791827419410 5427419
1655182792033925746 6080130
1655182792241204341 5405090
1655182792447137197 4487359
1655182792652917092 5322889
1655182792865641268 5581209
1655182793072911694 5138310
1655182793278582819 4548799
1655182793484484003 5557829
1655182793690796911 5829069
1655182793897435697 5477920
1655182794102621552 4811160
1655182794308715658 4915590
1655182794514609313 4959780
1655182794720431508 5483229
1655182794926732405 5786890
1655182795131911851 4963239
1655182795337654386 5403379
1655182795543213052 5225740
1655182795748694935 5059699
1655182795955477674 6194130
1655182796161410380 5489510
1655182796367336996 4795980
1655182796573113021 4666069
1655182796778543336 5084409
1655182796984392091 4719890
1655182797190286989 4921990
1655182797395698074 4780250
1655182797601512570 5557360
1655182797806771134 4857119
1655182798012070852 5072350
1655182798217323378 4884260
1655182798423953523 5588390
1655182798630099468 4861990
1655182798835494271 4879610
1655182799040666280 4828860
1655182799246823065 4915569
1655182799453221601 5764409
1655182799658726478 5137570
1655182799865051807 5137400
1655182800070946285 5407669
1655182800277534754 5239889
1655182800483854281 5197929
1655182800690503706 5442020
1655182800896699163 5035320
1655182801103052127 5984470
1655182801308499024 5058089
1655182801513726840 4799780
1655182801720997883 6895169
1655182801928341871 6202930
1655182802133714127 5015670
1655182802341734213 6800460
1655182802549772839 5621510
1655182802755325943 4650220
1655182802962651020 6874230
1655182803168791845 4998889
1655182803376318841 6418949
1655182803583263607 5597349
1655182803790952302 7219399
1655182803999423798 7319460
1655182804208492800 6927790
1655182804415686939 6016570
1655182804622108135 4323770
1655182804829075130 4515040
1655182805035591586 5609680
1655182805241006490 4928590
1655182805446215295 4857090
1655182805654796723 7436750
1655182805863479559 5243400
1655182806069845473 5119809
1655182806275702819 5351570
1655182806481299696 5082410
1655182806686779510 4974339
1655182806892221767 5188089
1655182807100399043 7167080
1655182807306358878 4919450
1655182807514004314 6449250
1655182807720842060 6226150
1655182807927371986 6133040
1655182808132811901 5055800
1655182808340367517 6353300
1655182808546842372 5297959
1655182808753818618 5793739
1655182808959699684 5456720
1655182809166179399 4863990
1655182809371755675 5117890
1655182809578343861 5495990
1655182809785047752 5439139
1655182809991024491 5291850
1655182810196503337 5107059
1655182810403892524 6399250
1655182810610375999 5277619
1655182810817023055 6029770
1655182811022764771 4777409
1655182811228646516 4533500
1655182811435720763 5398730
1655182811641661588 4726189
1655182811847002604 5051030
1655182812054003520 5963820
1655182812260116596 5632860
1655182812466026762 5311000
1655182812671897968 5425190
1655182812878334282 5418409
1655182813084407579 5024969
1655182813289632905 4878820
1655182813494737491 4965810
1655182813700640946 4935279
1655182813906977632 5072040
1655182814112539905 5171719
1655182814318128913 5182799
1655182814524332079 5168640
1655182814730775895 5256739
1655182814936926060 5142149
1655182815145664636 6702250
1655182815350852342 4896989
1655182815556654758 5447110
1655182815763139778 6202620
1655182815969593657 5625070
1655182816175094305 5198829
1655182816382133010 5976289
1655182816587935045 5220620
1655182816795403732 6328400
1655182817000934618 4124609
1655182817206163854 4810809
1655182817411720540 5143310
1655182817617755725 5718920
1655182817825352061 5797990
1655182818033182244 7231470
1655182818239829380 5851500
1655182818448209948 7120200
1655182818654831254 5441600
1655182818861213019 4481419
1655182819066593025 4637860
1655182819273195629 6144230
1655182819479966766 6325869
1655182819685777521 4769300
1655182819892490538 5093710
1655182820098402434 5413070
1655182820304213600 4260490
1655182820510515794 4737340
1655182820716885091 5908690
1655182820923124607 4988790
1655182821129468792 6031470
1655182821335589847 4699209
1655182821541001044 5017110
1655182821748183499 5591019
1655182821955292925 6010429
1655182822161529228 4603609
1655182822367617797 5616970
1655182822573201293 5230640
1655182822779304287 5348390
1655182822985531092 5561970
1655182823191706518 4770130
1655182823398384035 5590080
1655182823604311541 5324020
1655182823810190345 5531709
1655182824016787361 5586080
1655182824222137017 5179210
1655182824428395474 5253510
1655182824633807189 5037929
1655182824841126574 6227490
1655182825047218951 5064090
1655182825254373076 6825440
1655182825459696912 4988080
1655182825665715358 5641620
1655182825870961953 4596239
1655182826077344258 5221850
1655182826284227255 5374849
1655182826490130041 5135679
1655182826695928327 4988480
1655182826902446891 5135240
1655182827107562107 3922280
1655182827312404294 4487409
1655182827517123760 4531010
1655182827721979255 4531609
1655182827927842612 4900940
1655182828135051356 6813570
1655182828341557770 4772380
1655182828548985249 6290560
1655182828754892404 5575390
1655182828962451400 4866320
1655182829169049405 6233060
1655182829375209201 5794269
1655182829581059975 4715850
1655182829788039013 6360490
1655182829994248495 4965200
1655182830201287814 5684129
1655182830407780270 4701340
1655182830613622924 4708690
1655182830822060022 7433999
1655182831028235837 5297190
1655182831234947562 4188680
1655182831443356542 7107870
1655182831652213580 7282359
1655182831860731829 4976420
1655182832066654455 4959069
1655182832271976897 4428720
1655182832477819426 5522860
1655182832685784283 6927320
1655182832891244987 5032550
1655182833096356034 4731720
1655182833301405729 4650390
1655182833506859684 5098039
