1655506143402396920 190167143
1655506143609480656 5685873
1655506143815869261 5096556
1655506144022319015 5169870
1655506144230189442 6623412
1655506144436546348 5060825
1655506144642842512 5046785
1655506144849044963 4955677
1655506145054471388 5100875
1655506145260550280 5749720
1655506145466795834 4981297
1655506145673081191 5034310
1655506145879481111 5108834
1655506146085897974 5150465
1655506146293718963 6539498
1655506146500420055 5424788
1655506146706027149 5309374
1655506146912547577 5212254
1655506147118056869 5178280
1655506147324613728 5189430
1655506147530201369 5290994
1655506147736742861 5197933
1655506147942133766 5085046
1655506148147498418 5074471
1655506148353942162 6147946
1655506148559322404 5084185
1655506148765785996 5110926
1655506148971152422 5069532
1655506149176565439 5080822
1655506149382975980 5057064
1655506149588422611 5150601
1655506149794701000 5033911
1655506150001181515 5195293
1655506150207606669 5166681
1655506150413126328 5197345
1655506150618911598 4610334
1655506150824791852 5549367
1655506151029943332 4866324
1655506151234685628 3939398
1655506151438706203 3737064
1655506151644606494 5620469
1655506151849915101 5019501
1655506152055356113 5112945
1655506152260753530 5069348
1655506152465863864 4811838
1655506152672156431 5020495
1655506152877230510 4781716
1655506153083778126 5216828
1655506153290144916 5068227
1655506153495750678 5268401
1655506153702196156 5154930
1655506153907660015 5127973
1655506154113042875 5058369
1655506154318594767 5228284
1655506154525071799 5215474
1655506154730629959 5222732
1655506154936821449 4933379
1655506155143253261 5165822
1655506155348816038 5235126
1655506155555250253 5161244
1655506155760662251 5076390
1655506155967050363 5159933
1655506156172575368 5191002
1655506156378907902 5078882
1655506156585319457 5124161
1655506156792708050 6110956
1655506156999054974 5096669
1655506157205376833 4997115
1655506157411732781 5079330
1655506157617865084 5826545
1655506157824194761 6008438
1655506158029577153 5055799
1655506158235731608 5830312
1655506158442026539 4968529
1655506158647477359 5127045
1655506158853831544 6029696
1655506159060307010 5161318
1655506159265666274 5035158
1655506159472924179 5959671
1655506159679440272 5231001
1655506159885871443 5131426
1655506160092287703 5152761
1655506160297804878 5190267
1655506160503352138 5212971
1655506160709707138 5108674
1655506160915153115 5115424
1655506161120679075 5194946
1655506161326938628 4968719
1655506161532427599 5157981
1655506161738828606 5114360
1655506161945094110 4961615
1655506162151662331 5173108
1655506162358852795 5129898
1655506162566057069 5994754
1655506162772621159 5290897
1655506162978914945 5025761
1655506163184300063 5060408
1655506163389589366 4965915
1655506163594912192 4997549
1655506163800996256 5761510
1655506164006363931 5043552
1655506164212626033 5937269
1655506164418822965 4950024
1655506164625277813 5183613
1655506164831727859 5214529
1655506165037217000 5166143
1655506165242692742 5149834
1655506165449123763 5147247
1655506165655595525 5150328
1655506165861149383 5172053
1655506166066609077 5134333
1655506166273104269 5202608
1655506166479657865 5164968
1655506166686076995 5090445
1655506166892516673 5177947
1655506167098098434 5280522
1655506167304688391 5213670
1655506167511147018 5211475
1655506167717509133 5102883
1655506167922903569 5062811
1655506168129357363 5149491
1655506168335836676 5213544
1655506168542389514 5194456
1655506168748914997 5231815
1655506168955279869 5059880
1655506169160889112 5280385
1655506169367428057 5228741
1655506169573845827 5171820
1655506169780254666 5155378
1655506169986382037 4928838
1655506170191887563 5174313
1655506170397243470 5023224
1655506170603645972 5146928
1655506170809935126 4978399
1655506171016270517 5091050
1655506171222629167 5090062
1655506171427992604 5031475
1655506171634310311 5015266
1655506171840871518 5236901
1655506172046292041 5098478
1655506172252758246 5187761
1655506172459052162 4993470
1655506172665435398 5106975
1655506172870940694 5173301
1655506173077333664 5106847
1655506173283744292 5142623
1655506173489800987 4833285
1655506173695164704 5029765
1655506173900677573 5179802
1655506174106067990 5060007
1655506174312577032 5274025
1655506174518855089 5011975
1655506174725360586 5165772
1655506174930703142 5010123
1655506175136024433 4991461
1655506175342362894 5020706
1655506175548783750 5229246
1655506175755190777 5124335
1655506175960642564 5122015
1655506176166063450 5090853
1655506176372575451 5228655
1655506176578015642 5107231
1655506176784434242 5186089
1655506176989838215 5071367
1655506177196370469 5285464
1655506177402679413 5033197
1655506177608055086 5041482
1655506177813419191 5024580
1655506178018769381 5021773
1655506178225164774 5123557
1655506178430631947 5128604
1655506178637166774 5284276
1655506178842398301 4909877
1655506179048835040 5178585
1655506179255235501 5101404
1655506179460701056 5137957
1655506179666159441 5107312
1655506179871565340 5075482
1655506180077989573 5155755
1655506180283460270 5140613
1655506180489025192 5231789
1655506180695493182 5169691
1655506180900913788 5089182
1655506181106286961 5045998
1655506181311746364 5128312
1655506181518333339 5300398
1655506181723775199 5112301
1655506181929260669 5155714
1655506182135759845 5211756
1655506182342150974 5075385
1655506182547639711 5153682
1655506182754010309 5034134
1655506182960518152 5238680
1655506183165878745 5029979
1655506183371255340 5046292
1655506183577434530 4888890
1655506183783913783 5198026
1655506183989316574 5073079
1655506184195728551 5110115
1655506184401285832 5224715
1655506184606715804 5097610
1655506184812102814 5051634
1655506185017448210 5023432
1655506185223898003 5131122
1655506185429206162 4973972
1655506185634614316 5067593
1655506185841098759 5199141
1655506186047537392 5122576
1655506186253999216 5111667
1655506186460473040 5240626
1655506186665910057 5104839
1655506186872299224 5116155
1655506187077601370 4970001
1655506187284107628 5182282
1655506187489893985 4637800
1655506187696322109 5163380
1655506187901353019 4680794
1655506188106719060 5035228
1655506188312171096 5120668
1655506188518531529 5126327
1655506188732295161 12468906
1655506188938372910 5480740
1655506189144802609 5080221
1655506189351203499 5112495
1655506189556609694 5070329
1655506189762855041 4979855
1655506189969213654 5106746
1655506190175739256 5232255
1655506190381071880 5003816
1655506190586522988 5113833
1655506190792341519 5451069
1655506190997894995 5186507
1655506191203396079 5167134
1655506191409837853 5161084
1655506191615363015 5195283
1655506191820832491 5135951
1655506192026193335 5035556
1655506192232412024 4979808
1655506192437801256 5058165
1655506192643189989 5054969
1655506192849587011 5011912
1655506193055037654 5119506
1655506193261335512 5047744
1655506193467694800 5122736
1655506193673979572 4998265
1655506193880283330 5030667
1655506194086213386 4875453
1655506194291625949 5082804
1655506194498174089 5189093
1655506194704546022 5122036
1655506194910785064 4942771
1655506195116240925 5122107
1655506195321555103 4983262
1655506195526986287 5101425
1655506195733347414 5146561
1655506195939892903 5299093
1655506196145365559 5142559
1655506196351772416 5143027
1655506196558073664 5039871
1655506196763480330 5075866
1655506196968980331 5161705
1655506197175233837 5024029
1655506197380807770 5244076
1655506197586163286 5022327
1655506197792499535 5058586
1655506197997894687 5046465
1655506198203367006 5135291
1655506198408924726 5222301
1655506198614283216 5018499
1655506198819844571 5221940
1655506199025407858 5162652
1655506199231871137 5170445
1655506199437300175 5086511
1655506199642666765 5037632
1655506199849079559 5134497
1655506200054491191 5080247
1655506200260031995 5208178
1655506200466425863 5081996
1655506200672911420 5183743
1655506200879352383 5187231
1655506201084782466 5097461
1655506201290148028 5034067
1655506201495639572 5157733
1655506201702185790 5225879
1655506201907621866 5099866
1655506202113947445 5045527
1655506202320316622 5096403
1655506202525515824 4829534
1655506202731856651 5044019
1655506202938232787 5004006
1655506203143794302 5230110
1655506203350136795 5046155
1655506203556545196 5151403
1655506203762867565 5025040
1655506203968274348 5078218
1655506204174587997 5015797
1655506204380018352 5096169
1655506204586488471 5169754
1655506204792912811 5159766
1655506204999190478 5058676
1655506205204673295 5155704
1655506205410076431 5074434
1655506205615548166 5144071
1655506205820933037 5044023
1655506206026332812 5064192
1655506206231776614 5110061
1655506206438041536 4980165
1655506206643505922 5131947
1655506206849839804 5038092
1655506207055226989 5057174
1655506207260700084 5148796
1655506207466173464 5148146
1655506207671429928 4909221
1655506207877846527 5091163
1655506208083335381 5157360
1655506208288808341 5123071
1655506208495175688 5080828
1655506208700732821 5218894
1655506208905802717 4742438
1655506209111220601 5089154
1655506209317488557 4978414
1655506209523845970 5086140
1655506209729320434 5073332
1655506209935810632 5150144
1655506210142209519 5087535
1655506210348811893 5306128
1655506210555122401 5051451
1655506210760611636 5160030
1655506210966026615 5073854
1655506211172450638 5144268
1655506211377898317 5111003
1655506211583339343 5108705
1655506211789816969 5188553
1655506211996186515 5105590
1655506212201583637 5050784
1655506212406912133 4990491
1655506212613342010 5144425
1655506212819687122 5064396
1655506213025186187 5163259
1655506213231728056 5248028
1655506213437151504 5085727
1655506213642597243 5106864
1655506213848065919 5129734
1655506214054371896 5036133
1655506214259895824 5188115
1655506214465321582 5089101
1655506214670866501 5188866
1655506214876305772 5102310
1655506215082636114 5062113
1655506215289284236 5313547
1655506215494655448 5031545
1655506215701170028 5210477
1655506215907550872 5138254
1655506216113219704 5316737
1655506216319052680 4795223
1655506216524525924 5138551
1655506216729924121 5061775
1655506216935399950 5138014
1655506217140521318 4801270
1655506217345922876 5072702
1655506217552507395 5281239
1655506217758883602 5034788
1655506217965346002 5149427
1655506218171745855 5101045
1655506218377206924 5123013
1655506218582619500 5076653
1655506218789042232 5194627
1655506218995596455 5265685
1655506219201073917 5144158
1655506219406595970 5189707
1655506219611988970 5059660
1655506219817446264 5125856
1655506220023861127 5120685
1655506220230245538 5067422
1655506220436837959 5295389
1655506220643148362 5041219
1655506220849461016 5007360
1655506221055837264 5119569
1655506221262183200 5049622
1655506221467618308 5100774
1655506221674025585 5101231
1655506221879564468 5203660
1655506222085966205 5073773
1655506222292474519 5220302
1655506222497895638 5088560
1655506222703273164 5049738
1655506222908725029 5121117
1655506223114105179 5044229
1655506223319754718 5315019
1655506223526093179 5012629
1655506223732557112 5158788
1655506223937994063 5112024
1655506224144425401 5183356
1655506224349943493 5186444
1655506224555217076 4937596
1655506224760744875 5199107
1655506224967001228 5028615
1655506225173398621 5113418
1655506225379809571 5099900
1655506225585306354 5161033
1655506225790726206 5091621
1655506225997089732 5113115
1655506226202578223 5154550
1655506226408086399 5167578
1655506226613401312 4987353
1655506226818720701 4989846
1655506227025136364 5140894
1655506227231558161 5144304
1655506227437905453 5060508
1655506227643385264 5139803
1655506227848782596 5067376
1655506228055070932 5038459
1655506228261436537 5063180
1655506228467836386 5084249
1655506228674133887 5019164
1655506228879544137 5078746
1655506229085043257 5165142
1655506229291513667 5167835
1655506229496951359 5106128
1655506229702339624 5054912
1655506229908658233 5017611
1655506230114074349 5085243
1655506230320521429 5181315
1655506230525846604 4992286
1655506230731272085 5088323
1655506230937546038 4964630
1655506231142938288 5055689
1655506231349332524 5154487
1655506231555736227 5150128
1655506231762144842 5105670
1655506231968574552 5146625
1655506232174871799 5051698
1655506232381289162 5121628
1655506232587647671 5110235
1655506232793970682 5022594
1655506233000236515 5015940
1655506233205514582 4945248