time,operation,name,city
1653844733583998321,INSERT,aungly,iaotch
1653844733584082176,INSERT,uorty,aewn
1653844733584106576,INSERT,eiarm,eerd
1653844733584121342,INSERT,iouff,oigs
1653844733584136577,INSERT,oolls,iept
1653844733584142006,INSERT,aiapp,eoty
1653844733584183319,INSERT,uoy,eells
1653844733584189382,INSERT,oics,aoll
1653844733584194326,INSERT,aorn,iont
1653844733584199370,INSERT,aork,uirts
1653844733584204051,INSERT,ieuth,ix
1653844733584208895,INSERT,oialls,iaodly
1653844733584213703,INSERT,eov,iect
1653844733584218547,INSERT,iang,aentz
1653844733584223299,INSERT,aod,eosly
1653844733584227855,INSERT,eurd,eirty
1653844733584232552,INSERT,uelt,iong
1653844733584240137,INSERT,eeght,ieush
1653844733584245091,INSERT,uaty,err
1653844733584271166,INSERT,ohn,iuws
1653844733584276130,INSERT,ears,igy
1653844733584280751,INSERT,iusk,urf
1653844733584285445,INSERT,aigh,eity
1653844733584289998,INSERT,uamp,aiots
1653844733584294601,INSERT,eaurf,eiably
1653844733584299426,INSERT,eehl,eom
1653844733584363306,INSERT,oiart,oiask
1653844733584372651,INSERT,oigh,aers
1653844733584377871,INSERT,aasts,eerry
1653844733584382608,INSERT,oahl,ex
1653844733584387547,INSERT,iick,uep
1653844733584392135,INSERT,ieury,oom
1653844733584396655,INSERT,oengs,uetts
1653844733584401245,INSERT,uast,iuss
1653844733584405898,INSERT,oild,oesk
1653844733584410511,INSERT,eautt,uiems
1653844733584422945,INSERT,off,uaght
1653844733584428686,INSERT,irm,eialls
1653844733584433425,INSERT,aubs,osk
1653844733584438062,INSERT,eotch,olls
1653844733584442804,INSERT,aotch,ieuty
1653844733584447351,INSERT,aors,aink
1653844733584452005,INSERT,aisly,uieks
1653844733584456684,INSERT,aedy,oask
1653844733584461402,INSERT,aons,aebly
1653844733584466030,INSERT,ourst,auelt
1653844733584470759,INSERT,iougy,iand
1653844733584475592,INSERT,eows,uilly
1653844733584480186,INSERT,uongs,uink
1653844733584484755,INSERT,oiall,eutch
1653844735519998847,INSERT,eig,uiech
1653844735520061614,INSERT,urst,oosm
1653844735520073013,INSERT,iuty,oabs
1653844735520079053,INSERT,oey,oift
1653844735520084313,INSERT,iewn,air
1653844735520089184,INSERT,eauz,aorts
1653844735520094036,INSERT,ierk,oost
1653844735520098861,INSERT,aots,uls
1653844735520112576,INSERT,iord,ow
1653844735520125896,INSERT,uogs,auem
1653844735520132042,INSERT,igy,uocks
1653844735520136729,INSERT,aors,eauf
1653844735520141401,INSERT,oorg,oesm
1653844735520146056,INSERT,oard,iipp
1653844735520151129,INSERT,uerg,eaully
1653844735520156141,INSERT,aiogh,aild
1653844735520161076,INSERT,oords,uienn
1653844735520166043,INSERT,ieurts,eut
1653844735520170786,INSERT,ucts,ooc
1653844735520175670,INSERT,aipt,aests
1653844735520180216,INSERT,aurk,ousm
1653844735520184878,INSERT,aiangly,iagy
1653844735520189760,INSERT,aert,iaort
1653844735520194570,INSERT,aueght,eips
1653844735520199452,INSERT,aioch,uny
1653844735520204338,INSERT,os,aepp
1653844735520223503,INSERT,eucts,oord
1653844735520237728,INSERT,oeb,aiack
1653844735520243231,INSERT,eaully,eorth
1653844735520248001,INSERT,uel,eantz
1653844735520252640,INSERT,uolt,airly
1653844735520257385,INSERT,eack,aong
1653844735520262075,INSERT,eiw,uies
1653844735520266600,INSERT,eengly,ieunts
1653844735520271522,INSERT,aegs,eiz
1653844735520276314,INSERT,ously,eagh
1653844735520288233,INSERT,ouns,aach
1653844735520294081,INSERT,aew,iact
1653844735520298666,INSERT,uants,uarr
1653844735520303382,INSERT,eod,uieght
1653844735520317360,INSERT,aiock,uolly
1653844735520331202,INSERT,iisk,oz
1653844735520336047,INSERT,iaots,eiapp
1653844735520340900,INSERT,uily,eiaft
1653844735520345831,INSERT,arm,aiotts
1653844735520350635,INSERT,uiess,eiay
1653844735520355951,INSERT,isp,iaonts
1653844735520360807,INSERT,ooks,uops
1653844735520365613,INSERT,uots,uamp
1653844735520370200,INSERT,eiath,oantly
1653844740277059201,INSERT,eaug,aast
1653844740277130140,INSERT,oh,uiy
1653844740277139249,INSERT,iably,aialt
1653844740277154019,INSERT,eerm,oiwn
1653844740277159344,INSERT,ieuhn,iacks
1653844740277164553,INSERT,oeds,earm
1653844740277169402,INSERT,iutts,ietz
1653844740277183276,INSERT,ieuy,oidly
1653844740277188282,INSERT,ir,eorm
1653844740277200603,INSERT,eiang,uasm
1653844740277206806,INSERT,iins,auedy
1653844740277211747,INSERT,ufy,oiany
1653844740277223997,INSERT,eoth,aocks
1653844740277229775,INSERT,aolly,oatch
1653844740277234458,INSERT,oirn,auess
1653844740277239124,INSERT,aex,ipp
1653844740277243656,INSERT,egh,aiod
1653844740277248516,INSERT,aiosp,eesm
1653844740277253179,INSERT,aarf,odly
1653844740277257764,INSERT,iuy,oiants
1653844740277262419,INSERT,aos,iourf
1653844740277267102,INSERT,aep,iebly
1653844740277271836,INSERT,aerg,otts
1653844740277276445,INSERT,eoms,eaur
1653844740277280935,INSERT,iab,uiently
1653844740277285713,INSERT,uarts,oisly
1653844740277306087,INSERT,uish,oib
1653844740277312262,INSERT,ob,iorm
1653844740277339360,INSERT,eiasts,och
1653844740277345080,INSERT,aasm,oenk
1653844740277349737,INSERT,aicks,aiack
1653844740277356822,INSERT,aolls,aeld
1653844740277361584,INSERT,iirry,ight
1653844740277366183,INSERT,oek,eoc
1653844740277371126,INSERT,ourth,iix
1653844740277375751,INSERT,uch,ight
1653844740277387677,INSERT,iouwn,aors
1653844740277393716,INSERT,oucts,ees
1653844740277398296,INSERT,ioc,oonds
1653844740277405094,INSERT,aiaft,iaolly
1653844740277409934,INSERT,eelly,iebs
1653844740277414751,INSERT,ooft,aiosh
1653844740277419419,INSERT,all,oett
1653844740277424073,INSERT,oicks,uett
1653844740277428644,INSERT,oepp,uemp
1653844740277433238,INSERT,auw,iasch
1653844740277437757,INSERT,uieny,iist
1653844740277442382,INSERT,ooch,ims
1653844740277446989,INSERT,olly,airk
1653844740277451495,INSERT,iact,iurm
1653844741307845673,INSERT,uops,iehn
1653844741307956936,INSERT,eunt,aihl
1653844741307969861,INSERT,iiz,uiends
1653844741307981871,INSERT,eaud,oian
1653844741307992700,INSERT,aosly,iouty
1653844741308003206,INSERT,aioct,eiantly
1653844741308012546,INSERT,iirg,iugh
1653844741308021534,INSERT,eands,aerry
1653844741308029650,INSERT,oos,iaoc
1653844741308044908,INSERT,ialt,aiald
1653844741308055070,INSERT,aiops,oark
1653844741308064474,INSERT,aiv,ug
1653844741308081292,INSERT,end,aump
1653844741308090387,INSERT,eodly,aioms
1653844741308099286,INSERT,eaucs,asly
1653844741308108913,INSERT,ieurt,arry
1653844741308118392,INSERT,aeds,eiams
1653844741308127105,INSERT,iac,aorly
1653844741308135551,INSERT,uesly,ear
1653844741308143496,INSERT,aod,aight
1653844741308151262,INSERT,aiody,aiots
1653844741308158526,INSERT,aonn,eel
1653844741308166217,INSERT,uing,auesp
1653844741308173914,INSERT,uarry,eopp
1653844741308181980,INSERT,iuds,ientz
1653844741308190213,INSERT,iuh,iotch
1653844741308220989,INSERT,ees,ang
1653844741308230669,INSERT,iards,oetch
1653844741308238930,INSERT,iuls,aangs
1653844741308247138,INSERT,oaf,eerth
1653844741308255345,INSERT,iaody,ueh
1653844741308263619,INSERT,aath,eiary
1653844741308272002,INSERT,iemp,uocks
1653844741308279660,INSERT,eeth,iep
1653844741308286759,INSERT,eix,eusp
1653844741308294262,INSERT,eatch,uocks
1653844741308312374,INSERT,ios,aiams
1653844741308332068,INSERT,uerts,eogy
1653844741308339659,INSERT,ien,oirg
1653844741308347720,INSERT,iourds,ionds
1653844741308359289,INSERT,iers,eod
1653844741308367506,INSERT,iaorn,eulls
1653844741308375809,INSERT,oush,eod
1653844741308384279,INSERT,ourry,eav
1653844741308392216,INSERT,aics,oims
1653844741308399791,INSERT,aaty,auent
1653844741308407720,INSERT,uep,ioy
1653844741308414977,INSERT,ing,aiarts
1653844741308422618,INSERT,iac,illy
1653844741308430156,INSERT,eugh,iutz
1653844748202139794,INSERT,all,usm
1653844748202238199,INSERT,eauty,uens
1653844748202252798,INSERT,erth,auepp
1653844748202275922,INSERT,aith,oity
1653844748202298212,INSERT,aog,eis
1653844748202329726,INSERT,iv,auws
1653844748202351202,INSERT,ief,uocy
1653844748202359686,INSERT,eiann,eec
1653844748202380561,INSERT,iigs,eucks
1653844748202399200,INSERT,aiohl,oibly
1653844748202410322,INSERT,ox,uank
1653844748202418031,INSERT,aort,eiry
1653844748202426839,INSERT,iusp,ieuls
1653844748202434187,INSERT,iisch,uorly
1653844748202442560,INSERT,ainy,iaont
1653844748202450873,INSERT,ieuwn,earg
1653844748202459517,INSERT,eass,uieght
1653844748202468492,INSERT,eiancy,aurr
1653844748202476696,INSERT,aioff,iuck
1653844748202485766,INSERT,eid,iency
1653844748202494683,INSERT,aiad,oadly
1653844748202503873,INSERT,aeft,uobly
1653844748202526130,INSERT,eir,iik
1653844748202535926,INSERT,oask,in
1653844748202544534,INSERT,iert,ol
1653844748202552386,INSERT,ann,aasp
1653844748202578472,INSERT,aops,aof
1653844748202588195,INSERT,erry,ieump
1653844748202596940,INSERT,uierm,oong
1653844748202604917,INSERT,eaff,iind
1653844748202613189,INSERT,oev,aip
1653844748202621366,INSERT,oerds,iopp
1653844748202629741,INSERT,iorth,aats
1653844748202654240,INSERT,oorts,uons
1653844748202663037,INSERT,oost,ibs
1653844748202671446,INSERT,iougy,ol
1653844748202690200,INSERT,uief,oirg
1653844748202701198,INSERT,aiav,ory
1653844748202709221,INSERT,eoc,iom
1653844748202717738,INSERT,uecks,iouth
1653844748202728871,INSERT,eingly,oarf
1653844748202737422,INSERT,aion,oocts
1653844748202746265,INSERT,iotts,iupt
1653844748202754737,INSERT,uk,eirr
1653844748202763278,INSERT,uiv,aoh
1653844748202771288,INSERT,euls,eebs
1653844748202779064,INSERT,oaty,ueg
1653844748202787838,INSERT,oism,eiants
1653844748202796129,INSERT,iern,oatch
1653844748202804627,INSERT,aesm,oef
1653844749301093806,INSERT,aath,aues
1653844749301182858,INSERT,aesp,eurk
1653844749301198446,INSERT,iork,uiesm
1653844749301207383,INSERT,ooft,aisp
1653844749301228507,INSERT,oacks,edly
1653844749301237124,INSERT,uibs,iict
1653844749301245604,INSERT,oiav,eenn
1653844749301254098,INSERT,aorts,iobs
1653844749301262990,INSERT,ocs,eaups
1653844749301281410,INSERT,uorst,uerm
1653844749301292383,INSERT,ionk,ost
1653844749301300982,INSERT,oiards,eauds
1653844749301312543,INSERT,easly,aur
1653844749301332834,INSERT,eauth,ieutz
1653844749301344531,INSERT,obs,eaudy
1653844749301353306,INSERT,iiz,intly
1653844749301361394,INSERT,ioc,oeft
1653844749301369913,INSERT,aetch,aiarry
1653844749301378750,INSERT,auets,ioutt
1653844749301387183,INSERT,eels,eaurth
1653844749301395294,INSERT,uonk,ioc
1653844749301403564,INSERT,iocy,uez
1653844749301411439,INSERT,ueth,aells
1653844749301419542,INSERT,eutz,eimp
1653844749301427762,INSERT,ouwn,ily
1653844749301438723,INSERT,uh,iags
1653844749301478043,INSERT,iotch,aueck
1653844749301488809,INSERT,eins,eauns
1653844749301497959,INSERT,eiaf,aom
1653844749301506811,INSERT,oys,eudy
1653844749301514532,INSERT,iaohl,old
1653844749301522246,INSERT,uoght,urt
1653844749301530362,INSERT,iaorr,iusm
1653844749301538511,INSERT,uiely,eauls
1653844749301546985,INSERT,oed,aig
1653844749301555937,INSERT,aeft,opp
1653844749301575506,INSERT,iegh,ingly
1653844749301586080,INSERT,iirs,eulls
1653844749301594475,INSERT,iaock,iaocts
1653844749301602063,INSERT,eags,oects
1653844749301611081,INSERT,oancy,uol
1653844749301620718,INSERT,eerm,eeh
1653844749301629116,INSERT,ieub,ionds
1653844749301665157,INSERT,uerst,auects
1653844749301674415,INSERT,ess,aah
1653844749301682873,INSERT,eods,ionds
1653844749301691064,INSERT,oost,aurty
1653844749301699527,INSERT,oagy,iiy
1653844749301707692,INSERT,uams,eught
1653844749301715959,INSERT,uoth,aagy
1653844757289029439,INSERT,oarts,iurty
1653844757289092342,INSERT,eaucs,ouncy
1653844757289108507,INSERT,ieucs,aul
1653844757289114219,INSERT,iep,aiz
1653844757289119600,INSERT,iony,iaoss
1653844757289124765,INSERT,oent,ott
1653844757289129450,INSERT,eols,eiv
1653844757289134217,INSERT,ein,eauds
1653844757289138973,INSERT,irn,aik
1653844757289146050,INSERT,iann,ouws
1653844757289152420,INSERT,uax,uith
1653844757289157149,INSERT,il,oatch
1653844757289170018,INSERT,aurs,eurs
1653844757289174801,INSERT,iaoz,utz
1653844757289179521,INSERT,iick,aann
1653844757289184250,INSERT,uily,iarn
1653844757289188923,INSERT,auedly,easch
1653844757289193773,INSERT,eorty,aoly
1653844757289198520,INSERT,aiands,eiangs
1653844757289210420,INSERT,aany,oegy
1653844757289215697,INSERT,eirry,iuch
1653844757289220426,INSERT,ars,aiagy
1653844757289225135,INSERT,uemp,aeck
1653844757289229875,INSERT,early,iaost
1653844757289243985,INSERT,eipp,oongly
1653844757289249099,INSERT,aiash,uip
1653844757289267893,INSERT,uirts,euws
1653844757289273914,INSERT,iarth,iutt
1653844757289278626,INSERT,auey,eells
1653844757289283366,INSERT,oag,iols
1653844757289287968,INSERT,aiodly,auedy
1653844757289292697,INSERT,eiam,ew
1653844757289305722,INSERT,uintz,uts
1653844757289310395,INSERT,eiark,ialy
1653844757289314980,INSERT,aiov,iaoll
1653844757289319918,INSERT,urth,auerm
1653844757289332167,INSERT,att,aeght
1653844757289338614,INSERT,ieus,iuhn
1653844757289343244,INSERT,aiotts,iengly
1653844757289348046,INSERT,ungly,oess
1653844757289352848,INSERT,autts,uiehl
1653844757289357463,INSERT,aet,urly
1653844757289362121,INSERT,eis,oably
1653844757289366769,INSERT,eests,oaly
1653844757289371273,INSERT,aiarg,iaords
1653844757289375938,INSERT,oiatt,ootts
1653844757289380481,INSERT,eiays,eaudly
1653844757289385554,INSERT,oirr,oed
1653844757289390121,INSERT,ez,eets
1653844757289404076,INSERT,eedy,aiords
1653844764113000685,INSERT,auells,oantly
1653844764113060946,INSERT,iupp,aoncy
1653844764113070126,INSERT,aank,us
1653844764113075811,INSERT,uarly,intz
1653844764113082999,INSERT,aiapt,ieurly
1653844764113088468,INSERT,ionts,aums
1653844764113100909,INSERT,udy,eurm
1653844764113105716,INSERT,eaws,aiorm
1653844764113110850,INSERT,ang,irts
1653844764113122508,INSERT,aorm,aarly
1653844764113128413,INSERT,uietz,uept
1653844764113133217,INSERT,eond,eann
1653844764113138170,INSERT,eialy,earry
1653844764113142961,INSERT,iaord,oer
1653844764113147645,INSERT,ieck,all
1653844764113152534,INSERT,ubs,uesly
1653844764113157445,INSERT,oark,euwn
1653844764113162474,INSERT,iorm,iouff
1653844764113176022,INSERT,ualy,ound
1653844764113180826,INSERT,ils,ect
1653844764113185636,INSERT,oorts,irds
1653844764113190363,INSERT,aian,oeght
1653844764113195377,INSERT,oeds,ias
1653844764113200133,INSERT,uow,arts
1653844764113204838,INSERT,oasm,esh
1653844764113209551,INSERT,iougs,aiarg
1653844764113230575,INSERT,outs,oitch
1653844764113236495,INSERT,iaoch,iulls
1653844764113241385,INSERT,irds,ieurts
1653844764113246157,INSERT,ouck,aty
1653844764113250775,INSERT,iers,oith
1653844764113255390,INSERT,eiangly,ieungly
1653844764113260238,INSERT,eupt,iump
1653844764113265054,INSERT,ierg,aet
1653844764113269654,INSERT,eaurts,aims
1653844764113274330,INSERT,oick,iahl
1653844764113286462,INSERT,ab,iarg
1653844764113292156,INSERT,iitts,uently
1653844764113296944,INSERT,uogs,eux
1653844764113301764,INSERT,augs,osp
1653844764113306242,INSERT,op,aords
1653844764113310773,INSERT,uis,iapp
1653844764113315343,INSERT,ierty,auets
1653844764113328937,INSERT,aians,uads
1653844764113333846,INSERT,oing,oank
1653844764113338444,INSERT,ior,eagy
1653844764113343079,INSERT,aiontz,eiwn
1653844764113361098,INSERT,eols,oacy
1653844764113366570,INSERT,uehl,auv
1653844764113371151,INSERT,oald,iold
1653844765325522113,INSERT,iesp,aiorth
1653844765325585978,INSERT,aiong,oocks
1653844765325594783,INSERT,oct,iugs
1653844765325600467,INSERT,uocts,oiny
1653844765325615136,INSERT,iehl,auerth
1653844765325627551,INSERT,uief,aiays
1653844765325663335,INSERT,oags,uoc
1653844765325671122,INSERT,oups,aec
1653844765325678710,INSERT,eegy,uiepp
1653844765325697474,INSERT,eiangs,uoss
1653844765325708454,INSERT,ihl,oord
1653844765325715855,INSERT,iarm,aiad
1653844765325723920,INSERT,oost,eohn
1653844765325731786,INSERT,aump,uidy
1653844765325739271,INSERT,oisch,ietch
1653844765325747783,INSERT,auents,ousch
1653844765325756187,INSERT,unn,uiey
1653844765325763764,INSERT,eonds,ob
1653844765325772066,INSERT,ely,outz
1653844765325780165,INSERT,eoty,eol
1653844765325787566,INSERT,unn,easp
1653844765325811802,INSERT,iout,eegs
1653844765325819267,INSERT,aingly,iaocs
1653844765325827719,INSERT,uorf,uiff
1653844765325835950,INSERT,eack,uez
1653844765325843977,INSERT,oiacs,aobly
1653844765325873040,INSERT,uonts,uirt
1653844765325882811,INSERT,aals,oght
1653844765325890851,INSERT,uerth,eirk
1653844765325910027,INSERT,eeds,eops
1653844765325917622,INSERT,aark,eutt
1653844765325925948,INSERT,iorts,aings
1653844765325934009,INSERT,eaungly,eiams
1653844765325942414,INSERT,uic,eoc
1653844765325951313,INSERT,oorly,aatz
1653844765325960116,INSERT,oint,aosm
1653844765325978176,INSERT,iolly,ouss
1653844765325988320,INSERT,uiepp,ith
1653844765325996454,INSERT,eauck,oiapt
1653844765326005258,INSERT,oth,iungs
1653844765326013832,INSERT,uald,ieutts
1653844765326022222,INSERT,ush,uid
1653844765326030450,INSERT,oerf,aoch
1653844765326039174,INSERT,iant,iourg
1653844765326047541,INSERT,oitts,eect
1653844765326056188,INSERT,auects,aangs
1653844765326076883,INSERT,eaucy,iisch
1653844765326085618,INSERT,acts,ies
1653844765326094479,INSERT,oiart,oink
1653844765326102939,INSERT,esk,iiy
1653844765789084146,INSERT,ieuhn,eiag
1653844765789154349,INSERT,eagh,aeys
1653844765789163394,INSERT,ibly,oiak
1653844765789169217,INSERT,oiasts,aingly
1653844765789175384,INSERT,eiz,eash
1653844765789180695,INSERT,oird,irg
1653844765789218674,INSERT,aiontz,aueff
1653844765789235309,INSERT,oums,ungs
1653844765789240582,INSERT,iaohl,aab
1653844765789252897,INSERT,oiarf,ienk
1653844765789259028,INSERT,oiaf,oat
1653844765789263855,INSERT,uitts,uiv
1653844765789268870,INSERT,ousp,iast
1653844765789273969,INSERT,eiaks,oory
1653844765789279070,INSERT,aaff,iells
1653844765789283939,INSERT,oons,aueys
1653844765789288682,INSERT,uom,ez
1653844765789293982,INSERT,aash,aiany
1653844765789298810,INSERT,oaf,ig
1653844765789303763,INSERT,iars,oaly
1653844765789308434,INSERT,ourly,uetz
1653844765789313224,INSERT,urth,aueght
1653844765789318025,INSERT,iuss,uogh
1653844765789331826,INSERT,iourg,eurf
1653844765789345837,INSERT,eingly,uonn
1653844765789350798,INSERT,aips,iaontly
1653844765789370782,INSERT,igy,uor
1653844765789376802,INSERT,uiedy,aorth
1653844765789381684,INSERT,oek,iouns
1653844765789386387,INSERT,eucy,ies
1653844765789391117,INSERT,eonts,eantly
1653844765789395821,INSERT,aany,iald
1653844765789400749,INSERT,oiv,uiesm
1653844765789405540,INSERT,iulls,auel
1653844765789410353,INSERT,oupt,eag
1653844765789415198,INSERT,auec,eiagh
1653844765789427465,INSERT,iouct,iott
1653844765789433431,INSERT,eitt,aogh
1653844765789438149,INSERT,ieuh,ieh
1653844765789442658,INSERT,eilly,iency
1653844765789447471,INSERT,oocs,uengs
1653844765789452039,INSERT,ors,aoght
1653844765789456773,INSERT,oiams,aiays
1653844765789461385,INSERT,aus,aarth
1653844765789468093,INSERT,uap,eib
1653844765789472812,INSERT,utt,engs
1653844765789478087,INSERT,ing,eiapt
1653844765789482900,INSERT,irt,aisch
1653844765789487494,INSERT,aiow,oiy
1653844765789492146,INSERT,ong,ouly
1653844766179121442,INSERT,ioufy,aw
1653844766179213387,INSERT,euz,iehn
1653844766179228411,INSERT,eiarg,en
1653844766179238426,INSERT,eesp,oirry
1653844766179258070,INSERT,eusch,ieuk
1653844766179268139,INSERT,ouct,eauth
1653844766179277490,INSERT,iaoll,eurf
1653844766179286803,INSERT,iugy,ioks
1653844766179295543,INSERT,oiag,uafy
1653844766179313323,INSERT,ioucs,ierg
1653844766179324523,INSERT,aiorg,oncy
1653844766179333552,INSERT,aiff,antz
1653844766179341978,INSERT,ecy,uieys
1653844766179350773,INSERT,iird,uecks
1653844766179358927,INSERT,eaurg,iebly
1653844766179367976,INSERT,ieugh,eis
1653844766179376187,INSERT,oongs,ucs
1653844766179394507,INSERT,eut,ourr
1653844766179403757,INSERT,orf,aords
1653844766179413301,INSERT,aoll,iift
1653844766179422383,INSERT,aith,asch
1653844766179442368,INSERT,esk,aort
1653844766179451778,INSERT,ews,euys
1653844766179461055,INSERT,iarn,eort
1653844766179470040,INSERT,ags,iiz
1653844766179479362,INSERT,iips,iurry
1653844766179506068,INSERT,uv,auehn
1653844766179516763,INSERT,acks,oox
1653844766179526032,INSERT,eith,uown
1653844766179535295,INSERT,oak,eaunk
1653844766179544372,INSERT,iouch,eolls
1653844766179554129,INSERT,eeny,eaunts
1653844766179563699,INSERT,aiosh,oond
1653844766179572072,INSERT,aidy,uangs
1653844766179581658,INSERT,uny,eeh
1653844766179589867,INSERT,oan,ootz
1653844766179606813,INSERT,eaungly,eand
1653844766179617065,INSERT,aegs,ueff
1653844766179626169,INSERT,oary,oost
1653844766179652992,INSERT,eesh,eills
1653844766179663162,INSERT,eoft,ands
1653844766179674973,INSERT,iouwn,ieutch
1653844766179684436,INSERT,uch,aiach
1653844766179694188,INSERT,aiard,iaoz
1653844766179704097,INSERT,oewn,ans
1653844766179713415,INSERT,uaty,uehn
1653844766179721869,INSERT,oart,aev
1653844766179731592,INSERT,aaght,atz
1653844766179740892,INSERT,iaots,uantz
1653844766179750573,INSERT,aiord,oocts
1653844766613131404,INSERT,il,ousch
1653844766613217234,INSERT,uirm,eys
1653844766613231920,INSERT,oantly,aioy
1653844766613244102,INSERT,iuc,uif
1653844766613252585,INSERT,iosch,eirth
1653844766613261722,INSERT,eech,ioght
1653844766613270346,INSERT,eun,eosp
1653844766613291431,INSERT,eidy,uody
1653844766613300863,INSERT,ios,oobs
1653844766613321561,INSERT,oon,aiorg
1653844766613334601,INSERT,aian,uags
1653844766613342652,INSERT,uiel,iacs
1653844766613353160,INSERT,ueks,aac
1653844766613361115,INSERT,uiell,es
1653844766613369599,INSERT,iight,iild
1653844766613378453,INSERT,onn,eds
1653844766613386398,INSERT,iopt,iom
1653844766613395254,INSERT,auer,oects
1653844766613404715,INSERT,eelly,oek
1653844766613412582,INSERT,iourds,iorry
1653844766613421146,INSERT,uierk,eorn
1653844766613429646,INSERT,eorth,ors
1653844766613437626,INSERT,uock,uang
1653844766613445769,INSERT,oerd,eirly
1653844766613454172,INSERT,aiolls,eog
1653844766613462518,INSERT,osh,iurry
1653844766613493510,INSERT,aiork,aangs
1653844766613507616,INSERT,aold,eop
1653844766613515937,INSERT,ouny,oep
1653844766613524006,INSERT,iims,iegs
1653844766613532085,INSERT,ioump,iaps
1653844766613540546,INSERT,eov,iitt
1653844766613548927,INSERT,eaurg,oiact
1653844766613557186,INSERT,ieurds,oush
1653844766613565382,INSERT,oepp,iougy
1653844766613573378,INSERT,uets,ourly
1653844766613593018,INSERT,oaps,uwn
1653844766613603638,INSERT,uieh,ions
1653844766613611975,INSERT,iutts,uands
1653844766613620134,INSERT,aiopp,aorry
1653844766613628937,INSERT,eauks,eently
1653844766613656169,INSERT,eotch,aays
1653844766613665507,INSERT,oiarts,iofy
1653844766613673619,INSERT,iz,aialy
1653844766613681725,INSERT,aords,ogy
1653844766613689960,INSERT,acts,oons
1653844766613697693,INSERT,uirs,ueb
1653844766613706397,INSERT,iats,eics
1653844766613715162,INSERT,iipt,ioum
1653844766613723980,INSERT,iount,uents
1653844767299019635,INSERT,arg,uott
1653844767299089629,INSERT,eiaks,iontly
1653844767299103947,INSERT,eiany,octs
1653844767299113516,INSERT,eims,aarty
1653844767299121927,INSERT,uaft,ioush
1653844767299130517,INSERT,aiobly,oar
1653844767299139318,INSERT,aiorg,eauny
1653844767299148468,INSERT,ieusk,iaws
1653844767299156983,INSERT,ait,ihl
1653844767299175174,INSERT,eiaw,uoft
1653844767299187846,INSERT,uaty,iidly
1653844767299196075,INSERT,uig,uiehl
1653844767299204286,INSERT,amp,aonk
1653844767299212018,INSERT,uills,iays
1653844767299220207,INSERT,aox,ost
1653844767299228274,INSERT,eiacs,auls
1653844767299236878,INSERT,eauys,ouhl
1653844767299245422,INSERT,aiocts,apt
1653844767299254047,INSERT,eehl,eiangly
1653844767299263675,INSERT,iind,eaght
1653844767299271833,INSERT,eedy,iacts
1653844767299279682,INSERT,otz,ods
1653844767299287793,INSERT,auek,aawn
1653844767299295226,INSERT,eusp,eaurth
1653844767299305211,INSERT,uox,iihl
1653844767299313852,INSERT,uierd,uietch
1653844767299352843,INSERT,oiat,aix
1653844767299362694,INSERT,eihl,aengly
1653844767299370805,INSERT,earm,uax
1653844767299378462,INSERT,etz,efy
1653844767299385852,INSERT,iaold,oocts
1653844767299393709,INSERT,iagy,iacs
1653844767299401438,INSERT,eiat,uorry
1653844767299408938,INSERT,aioght,iorty
1653844767299416439,INSERT,aerr,ietz
1653844767299425171,INSERT,eight,ic
1653844767299442194,INSERT,aept,eaungs
1653844767299451570,INSERT,iuhl,uihn
1653844767299469534,INSERT,iact,uwn
1653844767299477891,INSERT,eud,irds
1653844767299485345,INSERT,aoll,iacts
1653844767299493042,INSERT,aioncy,ieurr
1653844767299501093,INSERT,aarst,iath
1653844767299509946,INSERT,iamp,uegy
1653844767299518454,INSERT,iaonds,iorf
1653844767299526347,INSERT,air,ourn
1653844767299534193,INSERT,aiox,eorg
1653844767299541998,INSERT,uhl,eint
1653844767299549841,INSERT,aon,oegh
1653844767299558171,INSERT,oects,aly
1653844768102119323,INSERT,oarth,own
1653844768102211760,INSERT,ann,ial
1653844768102235133,INSERT,ol,uiemp
1653844768102244612,INSERT,ieh,ally
1653844768102252766,INSERT,aocy,ieul
1653844768102261911,INSERT,oucks,ois
1653844768102270066,INSERT,oity,uerst
1653844768102281703,INSERT,oacs,ierr
1653844768102290053,INSERT,uaty,usch
1653844768102307373,INSERT,eift,itz
1653844768102318666,INSERT,aiaw,ast
1653844768102328170,INSERT,oafy,aisch
1653844768102337375,INSERT,iump,uard
1653844768102346031,INSERT,eun,eerty
1653844768102354374,INSERT,urt,ieuck
1653844768102362865,INSERT,uern,eurt
1653844768102371425,INSERT,uedy,eew
1653844768102380151,INSERT,euv,uiess
1653844768102388168,INSERT,uocks,iews
1653844768102396310,INSERT,ang,aold
1653844768102405105,INSERT,uews,aucks
1653844768102414450,INSERT,oug,odly
1653844768102423204,INSERT,oiagh,oiald
1653844768102432591,INSERT,oiat,oarry
1653844768102441582,INSERT,ieuncy,aily
1653844768102450268,INSERT,aiangs,ieck
1653844768102477556,INSERT,auents,ieuct
1653844768102488260,INSERT,eots,aums
1653844768102497121,INSERT,iuls,eiar
1653844768102505740,INSERT,uz,eiws
1653844768102514322,INSERT,uomp,iouds
1653844768102522751,INSERT,ay,aopp
1653844768102530614,INSERT,uols,aueds
1653844768102539747,INSERT,aantly,oex
1653844768102547989,INSERT,oias,oehn
1653844768102569310,INSERT,auept,oll
1653844768102586339,INSERT,ooss,uards
1653844768102597219,INSERT,oop,eaurt
1653844768102605581,INSERT,ainn,eaurk
1653844768102613994,INSERT,ioch,orth
1653844768102623141,INSERT,oacks,eirds
1653844768102631587,INSERT,iay,oably
1653844768102658099,INSERT,augh,iengly
1653844768102666559,INSERT,auetch,ioucs
1653844768102675950,INSERT,auengs,aids
1653844768102684288,INSERT,aiasly,oats
1653844768102692621,INSERT,eany,aid
1653844768102701221,INSERT,oodly,aiarf
1653844768102710245,INSERT,aiots,aupt
1653844768102718050,INSERT,ohn,eiawn
1653844768311188657,INSERT,aok,aus
1653844768311292202,INSERT,aift,aerr
1653844768311308722,INSERT,ieuth,aech
1653844768311320430,INSERT,est,uiks
1653844768311331086,INSERT,aald,oahl
1653844768311345230,INSERT,ients,eaurts
1653844768311356961,INSERT,iaobly,aasm
1653844768311367287,INSERT,iesp,iuly
1653844768311377950,INSERT,ialls,iaong
1653844768311399990,INSERT,aioft,oiasch
1653844768311412887,INSERT,eics,ieuks
1653844768311423589,INSERT,oiany,uieg
1653844768311433558,INSERT,uok,iicks
1653844768311444315,INSERT,eell,ouy
1653844768311454510,INSERT,iids,uar
1653844768311464569,INSERT,uorg,aian
1653844768311475216,INSERT,eiag,angs
1653844768311486047,INSERT,iums,unn
1653844768311496410,INSERT,urry,eaund
1653844768311506823,INSERT,ueght,ear
1653844768311516728,INSERT,uiery,earm
1653844768311526868,INSERT,iuly,irt
1653844768311536954,INSERT,uagh,eesk
1653844768311547730,INSERT,irly,iaott
1653844768311557689,INSERT,aiws,euff
1653844768311568504,INSERT,ourr,eiff
1653844768311601223,INSERT,uath,eaug
1653844768311613695,INSERT,iucts,os
1653844768311624462,INSERT,auef,aiosts
1653844768311682897,INSERT,aiahn,ob
1653844768311695857,INSERT,uepp,oows
1653844768311706019,INSERT,ioudy,oasch
1653844768311716999,INSERT,acks,aurly
1653844768311741939,INSERT,uorth,euh
1653844768311752202,INSERT,aiards,eurst
1653844768313709781,INSERT,eiangly,oenk
1653844768313748948,INSERT,uief,uift
1653844768313762380,INSERT,eaun,iap
1653844768313772081,INSERT,iok,oss
1653844768313782262,INSERT,oosch,ouny
1653844768313793298,INSERT,uask,eic
1653844768313803700,INSERT,eehl,iaorty
1653844768313814949,INSERT,iird,eauhn
1653844768313825586,INSERT,iaz,ainn
1653844768313836292,INSERT,eorn,iouz
1653844768313846640,INSERT,eol,eucts
1653844768313857114,INSERT,airst,onts
1653844768313867840,INSERT,iip,eov
1653844768313878470,INSERT,ooft,iirty
1653844768313888881,INSERT,eaz,eiy
1653844768513606359,INSERT,oirs,iegy
1653844768513698150,INSERT,uiet,aopp
1653844768513710940,INSERT,iugh,eusts
1653844768513717140,INSERT,uhl,eidy
1653844768513722590,INSERT,oiary,aiox
1653844768513728127,INSERT,auetch,aueght
1653844768513733805,INSERT,iongly,ieun
1653844768513738928,INSERT,eetz,eiamp
1653844768513743995,INSERT,eends,ork
1653844768513765012,INSERT,oild,uays
1653844768513771345,INSERT,eiawn,aitz
1653844768513776465,INSERT,eiads,oian
1653844768513781773,INSERT,oegh,oocks
1653844768513786713,INSERT,uangly,aim
1653844768513791718,INSERT,ous,aiv
1653844768513796700,INSERT,eigs,ooght
1653844768513801700,INSERT,eiams,eell
1653844768513806722,INSERT,eegs,aeth
1653844768513811557,INSERT,outy,uopt
1653844768513816302,INSERT,aurly,uoks
1653844768513821034,INSERT,uah,esm
1653844768513825797,INSERT,ubly,oigy
1653844768513830530,INSERT,uind,oap
1653844768513835016,INSERT,eoly,auys
1653844768513839740,INSERT,oorst,esm
1653844768513853294,INSERT,uass,urf
1653844768513873233,INSERT,eautch,iountz
1653844768513879492,INSERT,irs,eangs
1653844768513884123,INSERT,aoncy,eautch
1653844768513888909,INSERT,aueh,uesch
1653844768513893903,INSERT,oig,iountz
1653844768513898900,INSERT,ieusch,oor
1653844768513903735,INSERT,iungs,oy
1653844768513908537,INSERT,euly,aocy
1653844768513913400,INSERT,eal,aiwn
1653844768513918210,INSERT,iaogs,eiap
1653844768513930530,INSERT,aiag,eam
1653844768513936460,INSERT,aond,oiff
1653844768513941172,INSERT,aueng,oan
1653844768513945819,INSERT,aerts,oiasm
1653844768513950809,INSERT,oibly,uetts
1653844768513956009,INSERT,ouf,uiev
1653844768513960814,INSERT,eocs,eocks
1653844768513965735,INSERT,oetz,aurry
1653844768513970533,INSERT,iourg,eantz
1653844768513975340,INSERT,iss,uopp
1653844768513979995,INSERT,aoms,uisk
1653844768513984773,INSERT,easp,iaoks
1653844768513989397,INSERT,iaot,aicy
1653844768513994087,INSERT,uiegy,iouhn
1653844768901036143,INSERT,eeys,aiaft
1653844768901107733,INSERT,eops,eolls
1653844768901116826,INSERT,ouft,oiab
1653844768901122769,INSERT,aioty,aetts
1653844768901128619,INSERT,oeb,auedly
1653844768901133809,INSERT,iably,uiesp
1653844768901139255,INSERT,eisk,aotz
1653844768901144236,INSERT,iouh,oolls
1653844768901149478,INSERT,udly,iub
1653844768901161980,INSERT,oesm,uieng
1653844768901167971,INSERT,ins,iary
1653844768901172860,INSERT,iah,uind
1653844768901177685,INSERT,urt,uiec
1653844768901182846,INSERT,ieuw,aiont
1653844768901187689,INSERT,iih,in
1653844768901192510,INSERT,iouc,arg
1653844768901197263,INSERT,eopt,ierr
1653844768901202034,INSERT,eirds,eiark
1653844768901206753,INSERT,uils,oiangly
1653844768901211845,INSERT,iicks,iuntz
1653844768901216809,INSERT,aiaght,of
1653844768901232809,INSERT,eaur,aiocy
1653844768901238001,INSERT,ieuns,eiad
1653844768901242893,INSERT,ump,iiks
1653844768901247585,INSERT,iups,oegh
1653844768901252335,INSERT,iask,iagy
1653844768901271449,INSERT,uienk,auz
1653844768901277775,INSERT,oells,ourty
1653844768901282614,INSERT,ieks,oahn
1653844768901287238,INSERT,orly,aeps
1653844768901292128,INSERT,iufy,iiks
1653844768901296826,INSERT,aard,irly
1653844768901301565,INSERT,aiank,old
1653844768901306378,INSERT,aus,isly
1653844768901311037,INSERT,al,or
1653844768901315510,INSERT,eauty,uosly
1653844768901338367,INSERT,aiok,ier
1653844768901344441,INSERT,aell,uism
1653844768901349584,INSERT,ooc,adly
1653844768901354471,INSERT,iims,auety
1653844768901359273,INSERT,ieudy,ouck
1653844768901364188,INSERT,ailly,iinds
1653844768901369336,INSERT,eirm,eect
1653844768901374263,INSERT,eiz,ooff
1653844768901378956,INSERT,aueght,aept
1653844768901383836,INSERT,uien,uiw
1653844768901388492,INSERT,aect,uiw
1653844768901393218,INSERT,aays,aag
1653844768901398006,INSERT,oonn,eods
1653844768901402622,INSERT,orry,uaz
1653844769980061576,INSERT,iahn,eaurst
1653844769980133887,INSERT,at,oiact
1653844769980150570,INSERT,oiahn,aongs
1653844769980156615,INSERT,uids,aught
1653844769980162533,INSERT,oebly,eially
1653844769980167944,INSERT,eants,aiasch
1653844769980172868,INSERT,oel,ost
1653844769980177809,INSERT,ieurm,oonn
1653844769980183297,INSERT,aary,ioup
1653844769980195353,INSERT,oiry,iun
1653844769980201526,INSERT,ump,ieuly
1653844769980206516,INSERT,ets,uier
1653844769980211420,INSERT,uebs,erk
1653844769980216283,INSERT,oix,eiaz
1653844769980220909,INSERT,eud,iaotz
1653844769980225476,INSERT,uesk,uirm
1653844769980230093,INSERT,eeks,eihn
1653844769980234819,INSERT,iahn,efy
1653844769980239749,INSERT,aig,airds
1653844769980257244,INSERT,uept,iurt
1653844769980262421,INSERT,auerly,eiaws
1653844769980267489,INSERT,ett,ead
1653844769980272155,INSERT,uoty,uedy
1653844769980276701,INSERT,ufy,aatz
1653844769980281268,INSERT,eut,eomp
1653844769980286021,INSERT,aiosm,uad
1653844769980305771,INSERT,euys,aiany
1653844769980311822,INSERT,eutts,aosh
1653844769980316952,INSERT,iurm,ieupp
1653844769980332107,INSERT,iaow,uetz
1653844769980337178,INSERT,iehl,oiams
1653844769980342196,INSERT,eop,iaok
1653844769980346916,INSERT,iocy,if
1653844769980351442,INSERT,oey,ieut
1653844769980356012,INSERT,oorm,uiws
1653844769980360841,INSERT,ouncy,uh
1653844769980374441,INSERT,uisp,eauts
1653844769980380601,INSERT,oerr,oosts
1653844769980385473,INSERT,eirf,euy
1653844769980390152,INSERT,aft,iock
1653844769980394988,INSERT,eis,eiays
1653844769980399891,INSERT,uegy,uebly
1653844769980404556,INSERT,earth,oently
1653844769980409370,INSERT,eagy,iss
1653844769980414417,INSERT,uiett,aiald
1653844769980419212,INSERT,aesp,aiaks
1653844769980424048,INSERT,aelt,aok
1653844769980428650,INSERT,oaf,eiws
1653844769980434080,INSERT,iony,eurf
1653844769980438759,INSERT,ich,uisk
1653844770914041172,INSERT,eomp,aon
1653844770914148709,INSERT,aioz,eark
1653844770914167869,INSERT,eaurs,ourd
1653844770914177882,INSERT,eiank,uaw
1653844770914186569,INSERT,ed,ic
1653844770914194941,INSERT,uisk,eott
1653844770914206761,INSERT,ieuck,eull
1653844770914226581,INSERT,uex,ound
1653844770914235524,INSERT,eiff,eesk
1653844770914246458,INSERT,uept,ion
1653844770914266280,INSERT,uarn,oills
1653844770914275397,INSERT,oably,eiat
1653844770914296981,INSERT,iaocts,urts
1653844770914305841,INSERT,iks,eim
1653844770914314786,INSERT,eann,iush
1653844770914323339,INSERT,aonk,ieuntz
1653844770914332537,INSERT,eerty,ancy
1653844770914341223,INSERT,eiantly,ess
1653844770914348872,INSERT,iuss,ieul
1653844770914357098,INSERT,ims,outh
1653844770914372656,INSERT,aall,euy
1653844770914397100,INSERT,aiorg,iosk
1653844770914408148,INSERT,aiasm,aioc
1653844770914416349,INSERT,eunts,eault
1653844770914424587,INSERT,aiks,uan
1653844770914433149,INSERT,uisch,oiary
1653844770914464326,INSERT,ies,auews
1653844770914476089,INSERT,iom,iaosk
1653844770914484505,INSERT,unt,uals
1653844770914492847,INSERT,eemp,aich
1653844770914501074,INSERT,oecks,eimp
1653844770914509717,INSERT,uiewn,eebs
1653844770914518058,INSERT,osly,uiet
1653844770914525925,INSERT,ads,eutz
1653844770914534394,INSERT,uiel,igy
1653844770914542303,INSERT,oik,oilly
1653844770914558360,INSERT,auys,iap
1653844770914567323,INSERT,oiarry,uitt
1653844770914574998,INSERT,ams,imp
1653844770914582437,INSERT,uidy,aungs
1653844770914590227,INSERT,eerry,aials
1653844770914597846,INSERT,eily,airn
1653844770914605640,INSERT,opt,iuls
1653844770914614201,INSERT,eiasch,usp
1653844770914623125,INSERT,od,uiem
1653844770914631422,INSERT,oects,ailly
1653844770914694012,INSERT,uigy,iouc
1653844770914708983,INSERT,icy,aarg
1653844770914717001,INSERT,iecy,eib
1653844770914725218,INSERT,urds,ieurs
1653844771299075265,INSERT,eesk,auesm
1653844771299158878,INSERT,iaws,auny
1653844771299170523,INSERT,aufy,eins
1653844771299178401,INSERT,uet,iuct
1653844771299185946,INSERT,eials,iotch
1653844771299194718,INSERT,utz,uad
1653844771299203465,INSERT,iocy,auerds
1653844771299211622,INSERT,aantz,ourts
1653844771299220710,INSERT,uiecy,uos
1653844771299237093,INSERT,ied,eib
1653844771299246361,INSERT,ieurty,iw
1653844771299254606,INSERT,iic,eagy
1653844771299261801,INSERT,iody,oorm
1653844771299269273,INSERT,oass,uosm
1653844771299276596,INSERT,oands,ioub
1653844771299285140,INSERT,ieupp,uach
1653844771299293901,INSERT,uirty,iedly
1653844771299302760,INSERT,iist,oiacy
1653844771299320138,INSERT,ohl,iih
1653844771299329048,INSERT,iiff,uory
1653844771299340649,INSERT,ienk,iosm
1653844771299349533,INSERT,aenn,oiapt
1653844771299358110,INSERT,iaght,aiats
1653844771299366229,INSERT,eiangs,ioutch
1653844771299374902,INSERT,oocts,oirts
1653844771299383242,INSERT,aerf,oisp
1653844771299414240,INSERT,ooght,iots
1653844771299424299,INSERT,aory,iigy
1653844771299432389,INSERT,oind,aueff
1653844771299440280,INSERT,uark,eept
1653844771299448568,INSERT,ust,ieully
1653844771299456581,INSERT,ias,ooh
1653844771299464630,INSERT,aoly,aey
1653844771299473317,INSERT,iocy,iond
1653844771299481346,INSERT,iiwn,ioct
1653844771299489441,INSERT,iougy,uemp
1653844771299509325,INSERT,iacs,ued
1653844771299519823,INSERT,iusk,oov
1653844771299528159,INSERT,oll,oitz
1653844771299536199,INSERT,unt,ieucs
1653844771299548369,INSERT,usch,auech
1653844771299557803,INSERT,ency,iirth
1653844771299565593,INSERT,eiatt,iouz
1653844771299574488,INSERT,oct,airs
1653844771299582779,INSERT,iotts,eiand
1653844771299591370,INSERT,irst,eauv
1653844771299599208,INSERT,ong,eish
1653844771299607889,INSERT,auend,iourry
1653844771299616293,INSERT,aancy,aurly
1653844771299624257,INSERT,uf,aahn
1653844771701046207,INSERT,iaomp,iouty
1653844771701119647,INSERT,ieutz,aad
1653844771701128771,INSERT,ooy,ium
1653844771701134547,INSERT,oogh,auelly
1653844771701140228,INSERT,auex,aaff
1653844771701145366,INSERT,aiohn,oax
1653844771701150356,INSERT,ah,ary
1653844771701155190,INSERT,iech,ip
1653844771701160171,INSERT,ium,aiongly
1653844771701172531,INSERT,unts,aells
1653844771701179024,INSERT,ioufy,aags
1653844771701183854,INSERT,aeg,iucts
1653844771701188691,INSERT,oow,its
1653844771701193270,INSERT,aulls,aart
1653844771701207475,INSERT,ooth,aiosts
1653844771701212382,INSERT,outch,auems
1653844771701225595,INSERT,ief,euf
1653844771701231101,INSERT,aiarn,uiesch
1653844771701236191,INSERT,ooc,iists
1653844771701240929,INSERT,iaoght,eaurm
1653844771701245879,INSERT,eatt,eincy
1653844771701250862,INSERT,oosly,eatt
1653844771701255418,INSERT,iuntly,oost
1653844771701260307,INSERT,uist,iaons
1653844771701265139,INSERT,uob,iancy
1653844771701270087,INSERT,iers,osch
1653844771701289092,INSERT,iax,iih
1653844771701295151,INSERT,och,uly
1653844771701299937,INSERT,aiott,auef
1653844771701304674,INSERT,iepp,iost
1653844771701309531,INSERT,eurt,iacy
1653844771701314759,INSERT,eup,iaork
1653844771701328481,INSERT,eiantly,iurs
1653844771701333642,INSERT,uirt,aask
1653844771701338285,INSERT,uienk,aalls
1653844771701342988,INSERT,eiv,iim
1653844771701355743,INSERT,ouncy,ep
1653844771701361705,INSERT,uarly,eash
1653844771701366602,INSERT,auets,aisp
1653844771701371155,INSERT,efy,aurm
1653844771701375912,INSERT,eosk,oands
1653844771701380800,INSERT,aiang,aiays
1653844771701385508,INSERT,uks,uieys
1653844771701390047,INSERT,uols,aoft
1653844771701394654,INSERT,iecks,aw
1653844771701399285,INSERT,oirth,euhn
1653844771701404015,INSERT,ins,ioys
1653844771701409135,INSERT,ark,aecs
1653844771701413827,INSERT,as,uengly
1653844771701418531,INSERT,oatch,oiark
1653844774423064524,INSERT,imp,aihn
1653844774423152037,INSERT,iirn,eiasch
1653844774423167087,INSERT,uack,aulls
1653844774423176387,INSERT,ueng,oacs
1653844774423184072,INSERT,iatt,uith
1653844774423192042,INSERT,eabs,eur
1653844774423199591,INSERT,ieny,aasm
1653844774423206925,INSERT,iod,uef
1653844774423214662,INSERT,aix,ooz
1653844774423231966,INSERT,uans,aiof
1653844774423241043,INSERT,aews,aefy
1653844774423248471,INSERT,aiogs,ield
1653844774423255942,INSERT,iongly,iort
1653844774423263578,INSERT,aaz,iouk
1653844774423270952,INSERT,ual,eads
1653844774423278142,INSERT,oech,oots
1653844774423285613,INSERT,earst,oiarly
1653844774423293407,INSERT,eoncy,oel
1653844774423300842,INSERT,illy,eigs
1653844774423308261,INSERT,aoys,iaosts
1653844774423316562,INSERT,oax,oiarg
1653844774423324891,INSERT,iigy,ald
1653844774423333222,INSERT,oiall,uafy
1653844774423340852,INSERT,eaty,ourk
1653844774423348931,INSERT,uack,oorst
1653844774423356694,INSERT,oiarts,eerst
1653844774423374088,INSERT,oury,ues
1653844774423383171,INSERT,ieurds,ioff
1653844774423391005,INSERT,upt,al
1653844774423398615,INSERT,aisch,iirts
1653844774423406127,INSERT,ort,oiald
1653844774423413473,INSERT,iaw,aeks
1653844774423420841,INSERT,uiecs,oany
1653844774423428361,INSERT,oity,eurry
1653844774423436404,INSERT,eands,eosm
1653844774423444349,INSERT,utts,auehn
1653844774423460317,INSERT,aords,eurds
1653844774423469222,INSERT,oiarn,aaw
1653844774423476972,INSERT,aiass,aibly
1653844774423484431,INSERT,uier,eaups
1653844774423492551,INSERT,eaurr,iop
1653844774423500081,INSERT,aind,uerm
1653844774423507943,INSERT,eewn,eiach
1653844774423515270,INSERT,aorr,oiaft
1653844774423522894,INSERT,oed,etz
1653844774423530276,INSERT,it,eusly
1653844774423537941,INSERT,oelly,aept
1653844774423545972,INSERT,iocy,aets
1653844774423553832,INSERT,oott,eb
1653844774423561243,INSERT,oincy,ast
1653844776712126132,INSERT,epp,auk
1653844776712228704,INSERT,iips,eocs
1653844776712244907,INSERT,oiat,eesch
1653844776712256382,INSERT,iungly,eind
1653844776712267621,INSERT,eeny,uierm
1653844776712278287,INSERT,eig,eiably
1653844776712289788,INSERT,eify,eift
1653844776712299909,INSERT,uod,aiold
1653844776712311501,INSERT,ield,aism
1653844776712331326,INSERT,aisly,ans
1653844776712344501,INSERT,aars,ueh
1653844776712355740,INSERT,uiegs,uask
1653844776712365999,INSERT,eoty,eiall
1653844776712376069,INSERT,uasts,eetch
1653844776712386530,INSERT,ind,uitt
1653844776712396876,INSERT,acks,eth
1653844776712407662,INSERT,aiotz,oiav
1653844776712418243,INSERT,eirry,uients
1653844776712428731,INSERT,oum,ough
1653844776712438847,INSERT,earst,aiax
1653844776712449592,INSERT,uief,ehl
1653844776712459552,INSERT,uiws,iilly
1653844776712470456,INSERT,iihl,aong
1653844776712481656,INSERT,ipt,aag
1653844776712502136,INSERT,oerst,iousk
1653844776712513461,INSERT,ieums,eug
1653844776712538271,INSERT,arts,eac
1653844776712551471,INSERT,eerr,aiop
1653844776712561329,INSERT,eonds,iuns
1653844776712571415,INSERT,oilt,ieuhl
1653844776712581804,INSERT,aiants,euss
1653844776712592569,INSERT,aaght,ouds
1653844776712603121,INSERT,aahn,iants
1653844776712613014,INSERT,euntz,aelt
1653844776712623275,INSERT,eengs,eiaft
1653844776712633018,INSERT,uiey,oiack
1653844776712681995,INSERT,aern,auesh
1653844776712693040,INSERT,earty,oiacy
1653844776712702995,INSERT,eaury,aut
1653844776712713145,INSERT,iorg,aers
1653844776712723045,INSERT,aiady,ieuncy
1653844776712733703,INSERT,eich,auys
1653844776712743797,INSERT,uost,oiasm
1653844776712753721,INSERT,iip,uorr
1653844776712764324,INSERT,eugs,eegs
1653844776712774674,INSERT,uancy,eich
1653844776712784803,INSERT,aiox,iounn
1653844776712794788,INSERT,iaors,ooft
1653844776712804785,INSERT,uarg,eiatt
1653844776712814859,INSERT,ausly,eesp
1653844777705036893,INSERT,irly,eaucy
1653844777705111309,INSERT,eiark,ainy
1653844777705124421,INSERT,uongly,iourly
1653844777705134152,INSERT,oungly,eists
1653844777705143783,INSERT,ict,iingly
1653844777705153248,INSERT,oedly,aeng
1653844777705162295,INSERT,iaohn,oett
1653844777705170888,INSERT,iaolls,eet
1653844777705179043,INSERT,aap,uorty
1653844777705195561,INSERT,uangs,uontly
1653844777705205682,INSERT,iirr,iaw
1653844777705214364,INSERT,om,erty
1653844777705223130,INSERT,eaunn,asts
1653844777705232285,INSERT,eip,aogh
1653844777705241263,INSERT,aects,ieug
1653844777705250011,INSERT,uays,eiask
1653844777705258916,INSERT,uily,esp
1653844777705267579,INSERT,iits,ury
1653844777705276775,INSERT,iuntly,auets
1653844777705285601,INSERT,aow,eiarty
1653844777705293199,INSERT,est,uopp
1653844777705301507,INSERT,eiarts,aioct
1653844777705310059,INSERT,eiam,uaps
1653844777705318639,INSERT,eims,uem
1653844777705341879,INSERT,eibly,iap
1653844777705351397,INSERT,uiec,eias
1653844777705377398,INSERT,eaght,uorg
1653844777705386727,INSERT,aisly,uig
1653844777705395654,INSERT,eintly,ouck
1653844777705404611,INSERT,aarr,iews
1653844777705412603,INSERT,eac,aorm
1653844777705421985,INSERT,eish,auentz
1653844777705431609,INSERT,aonts,eurg
1653844777705441598,INSERT,ieught,iry
1653844777705449303,INSERT,aorf,oabs
1653844777705458311,INSERT,ieusm,aarf
1653844777705474835,INSERT,iougy,aonk
1653844777705484138,INSERT,iab,aesm
1653844777705491633,INSERT,uingly,iinn
1653844777705499483,INSERT,auv,eabs
1653844777705508313,INSERT,eiasm,obly
1653844777705517294,INSERT,ountly,oings
1653844777705526165,INSERT,uorm,auhl
1653844777705534171,INSERT,ung,uelly
1653844777705541531,INSERT,aacts,uecks
1653844777705551992,INSERT,oiads,iord
1653844777705559469,INSERT,iamp,eord
1653844777705567301,INSERT,eiwn,ipp
1653844777705574470,INSERT,iacks,oatts
1653844777705582669,INSERT,urt,iourly
1653844778422161607,INSERT,uary,on
1653844778422387632,INSERT,auents,uop
1653844778422407212,INSERT,uests,iught
1653844778422417235,INSERT,edy,iuwn
1653844778422425207,INSERT,oorst,aosly
1653844778422434132,INSERT,eangs,aiag
1653844778422442977,INSERT,eith,oorly
1653844778422451021,INSERT,ointly,iaol
1653844778422459098,INSERT,iuts,ieys
1653844778422477158,INSERT,aord,uly
1653844778422487517,INSERT,aacy,oal
1653844778422496294,INSERT,eibly,ueld
1653844778422504982,INSERT,aows,ond
1653844778422514290,INSERT,ip,uick
1653844778422522846,INSERT,auerst,oiapp
1653844778422530741,INSERT,ieuw,eutt
1653844778422538685,INSERT,ind,iubs
1653844778422547014,INSERT,ieusk,uax
1653844778422555626,INSERT,autt,iep
1653844778422563946,INSERT,oosch,erst
1653844778422572021,INSERT,aun,ion
1653844778422580255,INSERT,iouh,eosk
1653844778422588871,INSERT,eiatt,aorty
1653844778422597246,INSERT,und,uery
1653844778422605269,INSERT,ings,aungs
1653844778422614728,INSERT,iounds,iaony
1653844778422652250,INSERT,uohl,auerly
1653844778422663799,INSERT,eod,aueng
1653844778422672218,INSERT,oiaft,uently
1653844778422681541,INSERT,ax,iiff
1653844778422690215,INSERT,eaff,oups
1653844778422699854,INSERT,aig,ak
1653844778422708156,INSERT,iaoly,auehl
1653844778422716162,INSERT,acks,auells
1653844778422724110,INSERT,eold,aen
1653844778422731334,INSERT,ioty,aedy
1653844778422748141,INSERT,ueck,aidy
1653844778422756884,INSERT,oongly,uegs
1653844778422764038,INSERT,oasch,auett
1653844778422771942,INSERT,aioc,aorm
1653844778422779865,INSERT,uesk,aah
1653844778422787659,INSERT,aiash,eirk
1653844778422796618,INSERT,iult,uipp
1653844778422805820,INSERT,aab,oul
1653844778422814303,INSERT,iorm,oarm
1653844778422834150,INSERT,ecks,aahl
1653844778422844723,INSERT,oiary,uerty
1653844778422854050,INSERT,os,aiag
1653844778422861901,INSERT,uill,uiehl
1653844778422870802,INSERT,eosts,euff
1653844780718013664,INSERT,oik,aift
1653844780718091746,INSERT,emp,eaff
1653844780718101000,INSERT,ibly,aurf
1653844780718115651,INSERT,uiv,eugh
1653844780718120758,INSERT,ands,aann
1653844780718149681,INSERT,euk,eedly
1653844780718157641,INSERT,aett,auelt
1653844780718162971,INSERT,uit,iouhn
1653844780718168329,INSERT,et,uw
1653844780718180840,INSERT,uegh,aacts
1653844780718187179,INSERT,aacts,ancy
1653844780718192042,INSERT,ouv,urds
1653844780718196876,INSERT,eeff,ig
1653844780718201807,INSERT,uienn,is
1653844780718206712,INSERT,eibly,auez
1653844780718211481,INSERT,aips,oory
1653844780718216167,INSERT,aubly,eiarr
1653844780718221569,INSERT,oebly,eiasm
1653844780718226629,INSERT,ousts,ork
1653844780718231332,INSERT,auhl,oerly
1653844780718235998,INSERT,iantly,oiatts
1653844780718241321,INSERT,uey,ib
1653844780718246184,INSERT,eengs,iony
1653844780718250995,INSERT,iodly,aiags
1653844780718255797,INSERT,ieuk,aif
1653844780718260682,INSERT,uieth,ulls
1653844780718275905,INSERT,eauns,itch
1653844780718282339,INSERT,eiar,uies
1653844780718287199,INSERT,uacs,iongs
1653844780718291925,INSERT,uct,ioz
1653844780718296839,INSERT,ach,aoch
1653844780718301450,INSERT,erry,eorr
1653844780718306164,INSERT,uingly,urn
1653844780718310980,INSERT,eilt,oics
1653844780718315681,INSERT,eial,oop
1653844780718321398,INSERT,uongs,iks
1653844780718333777,INSERT,aoy,ierm
1653844780718339901,INSERT,oiantz,aecy
1653844780718344611,INSERT,eebs,easm
1653844780718349345,INSERT,eny,aiosh
1653844780718354768,INSERT,aiahl,arry
1653844780718359523,INSERT,aiorty,ieuh
1653844780718364229,INSERT,ietch,iasch
1653844780718370765,INSERT,eind,uien
1653844780718375517,INSERT,oith,igh
1653844780718380158,INSERT,ooy,eonds
1653844780718384616,INSERT,aaw,uintly
1653844780718389484,INSERT,eir,eahl
1653844780718393969,INSERT,eicks,euny
1653844780718398678,INSERT,uiett,eolly
1653844781021100581,INSERT,uor,uinn
1653844781021163215,INSERT,uy,auets
1653844781021172749,INSERT,unt,uodly
1653844781021179091,INSERT,eud,iouts
1653844781021184373,INSERT,eup,iaony
1653844781021189534,INSERT,ontz,eibly
1653844781021194331,INSERT,aas,uow
1653844781021199104,INSERT,aony,aacts
1653844781021203920,INSERT,auerk,ogs
1653844781021215678,INSERT,eer,aetz
1653844781021221787,INSERT,iog,iorts
1653844781021226567,INSERT,ouct,eint
1653844781021231254,INSERT,uewn,iey
1653844781021236084,INSERT,aards,aerg
1653844781021240975,INSERT,eautz,aintly
1653844781021246270,INSERT,iincy,oeny
1653844781021251611,INSERT,eeff,ooly
1653844781021256674,INSERT,airm,aadly
1653844781021261834,INSERT,uieng,eught
1653844781021266638,INSERT,uiesp,aetch
1653844781021271278,INSERT,uiem,aab
1653844781021275923,INSERT,et,eegh
1653844781021280738,INSERT,uiems,ehl
1653844781021285519,INSERT,aiacts,eiat
1653844781021290331,INSERT,aiand,uhl
1653844781021295039,INSERT,austs,aesh
1653844781021307208,INSERT,oart,aiorry
1653844781021313589,INSERT,aond,iux
1653844781021318450,INSERT,iiks,aiarr
1653844781021334285,INSERT,uond,irst
1653844781021339278,INSERT,ieunn,ihl
1653844781021344049,INSERT,auff,ioutts
1653844781021349022,INSERT,aiff,oght
1653844781021353882,INSERT,orly,eetch
1653844781021359108,INSERT,eofy,iouw
1653844781021364527,INSERT,aarty,orst
1653844781021376938,INSERT,eitch,iun
1653844781021382965,INSERT,uocs,uods
1653844781021387808,INSERT,uens,eirty
1653844781021392548,INSERT,eubly,iaght
1653844781021397359,INSERT,uiern,einds
1653844781021402158,INSERT,oigs,eity
1653844781021406894,INSERT,oupt,een
1653844781021411754,INSERT,uft,oact
1653844781021416394,INSERT,eon,incy
1653844781021423513,INSERT,aip,iip
1653844781021428489,INSERT,iatz,aiott
1653844781021433392,INSERT,eorts,oank
1653844781021438410,INSERT,uiency,iouc
1653844781021443258,INSERT,eeh,oiapp
1653844781715280269,INSERT,oiaws,ionk
1653844781715397108,INSERT,eintly,eausly
1653844781715413647,INSERT,eidy,ans
1653844781715424114,INSERT,uoct,aoll
1653844781715432241,INSERT,eusp,ierly
1653844781715442129,INSERT,iath,iads
1653844781715450926,INSERT,uhn,ells
1653844781715459698,INSERT,uect,aiah
1653844781715468874,INSERT,ioucks,auey
1653844781715481250,INSERT,aurg,iould
1653844781715490353,INSERT,aitts,iask
1653844781715498560,INSERT,ieurd,uief
1653844781715507489,INSERT,oontz,iought
1653844781715516480,INSERT,oorf,ows
1653844781715524388,INSERT,aosts,auct
1653844781715532557,INSERT,iaops,iouss
1653844781715543657,INSERT,aify,unk
1653844781715552363,INSERT,ueny,uints
1653844781715560359,INSERT,eipt,ieurs
1653844781715568233,INSERT,uierty,iout
1653844781715577269,INSERT,aold,ooft
1653844781715585378,INSERT,auft,aiongly
1653844781715593791,INSERT,uif,aueb
1653844781715601534,INSERT,aiorty,og
1653844781715610433,INSERT,eats,uiny
1653844781715618194,INSERT,eaunn,uiw
1653844781715654827,INSERT,oengs,aiorst
1653844781715668329,INSERT,oert,aubly
1653844781715676535,INSERT,eught,uilt
1653844781715684237,INSERT,eiats,uists
1653844781715701800,INSERT,iourts,aueds
1653844781715709542,INSERT,ently,iougy
1653844781715730992,INSERT,outts,easp
1653844781715739191,INSERT,eacks,eiaz
1653844781715746735,INSERT,eaugs,aix
1653844781715754718,INSERT,iorly,iat
1653844781715771707,INSERT,uez,oolls
1653844781715781977,INSERT,aioff,aobs
1653844781715790246,INSERT,aent,oiarm
1653844781715798691,INSERT,aiy,usm
1653844781715806946,INSERT,eaurth,oiacy
1653844781715817765,INSERT,oiz,av
1653844781715825621,INSERT,atts,eiadly
1653844781715833554,INSERT,ooly,oes
1653844781715841579,INSERT,iurr,iosk
1653844781715850159,INSERT,euft,iaorst
1653844781715857956,INSERT,oidy,iaoys
1653844781715866759,INSERT,iolly,aug
1653844781715874762,INSERT,aonn,aun
1653844781715882286,INSERT,uibly,oih
1653844783231626251,INSERT,irt,ass
1653844783231712887,INSERT,uess,ork
1653844783231724092,INSERT,ill,eugs
1653844783231732500,INSERT,eun,aotts
1653844783231740891,INSERT,aays,iach
1653844783231749956,INSERT,iack,eeft
1653844783231758314,INSERT,iency,eocks
1653844783231766687,INSERT,iex,aiarr
1653844783231774830,INSERT,iec,aip
1653844783231790529,INSERT,eess,ely
1653844783231800340,INSERT,oerts,ess
1653844783231808714,INSERT,iirst,uibs
1653844783231826949,INSERT,ents,iaoss
1653844783231835336,INSERT,uav,iift
1653844783231843312,INSERT,uish,uibs
1653844783231851184,INSERT,ioupp,auedly
1653844783231859790,INSERT,oers,auemp
1653844783231868283,INSERT,iiv,iurd
1653844783231876160,INSERT,eaum,aat
1653844783231884100,INSERT,oibs,iaod
1653844783231892457,INSERT,ow,iurth
1653844783231910036,INSERT,aiarm,aiows
1653844783231918453,INSERT,eiak,iirk
1653844783231926735,INSERT,uow,uieft
1653844783231934749,INSERT,eialt,iac
1653844783231943004,INSERT,iar,uiy
1653844783231966107,INSERT,ict,eiarts
1653844783231975870,INSERT,aiad,iuc
1653844783231984673,INSERT,uarts,iought
1653844783231992942,INSERT,ieur,eeb
1653844783232001133,INSERT,iorf,iaosk
1653844783232010001,INSERT,ongly,ouys
1653844783232018968,INSERT,aond,eintz
1653844783232027929,INSERT,orth,aunts
1653844783232045600,INSERT,eoly,ioff
1653844783232054121,INSERT,uoly,oong
1653844783232071064,INSERT,iitts,eogs
1653844783232080349,INSERT,uady,oiasm
1653844783232088231,INSERT,aiosh,oubly
1653844783232096098,INSERT,uiw,iourm
1653844783232104444,INSERT,eys,eiak
1653844783232112116,INSERT,aiall,eiaff
1653844783232120112,INSERT,uils,eonk
1653844783232128329,INSERT,eays,uirds
1653844783232136675,INSERT,ieuws,ill
1653844783232144494,INSERT,oort,uown
1653844783232152344,INSERT,orty,iotz
1653844783232160646,INSERT,usk,oonts
1653844783232168937,INSERT,uiends,ealls
1653844783232177192,INSERT,uors,uoth
1653844783597966731,INSERT,iiz,iesp
1653844783598046626,INSERT,auetz,iungly
1653844783598059630,INSERT,iund,euk
1653844783598068980,INSERT,aiably,al
1653844783598076952,INSERT,aw,oects
1653844783598085770,INSERT,oy,uerd
1653844783598093745,INSERT,iic,aid
1653844783598102944,INSERT,ur,eitt
1653844783598111680,INSERT,eeps,aily
1653844783598128361,INSERT,eerts,iourm
1653844783598138874,INSERT,ierds,oern
1653844783598147579,INSERT,eaungly,eian
1653844783598156131,INSERT,oiach,urk
1653844783598165402,INSERT,ieunds,aiotch
1653844783598183939,INSERT,iosly,oux
1653844783598191716,INSERT,eirry,iarty
1653844783598200643,INSERT,uact,eiafy
1653844783598209330,INSERT,aafy,ims
1653844783598218039,INSERT,uys,iaorf
1653844783598225664,INSERT,auch,iaons
1653844783598233779,INSERT,ongs,eiks
1653844783598241476,INSERT,uid,eurry
1653844783598249192,INSERT,iouly,edly
1653844783598267247,INSERT,aibly,ienn
1653844783598276456,INSERT,aeh,aisp
1653844783598285099,INSERT,ic,eauntly
1653844783598302272,INSERT,eys,ooght
1653844783598312254,INSERT,ioult,iadly
1653844783598329780,INSERT,aiolls,ieum
1653844783598339043,INSERT,eomp,uot
1653844783598347747,INSERT,eian,arf
1653844783598355972,INSERT,oontly,aught
1653844783598364507,INSERT,iold,ieys
1653844783598372534,INSERT,ip,ieucts
1653844783598381152,INSERT,uierry,aosp
1653844783598389916,INSERT,oilt,aiasp
1653844783598412982,INSERT,eots,ang
1653844783598420954,INSERT,eic,ints
1653844783598489351,INSERT,aag,aatts
1653844783598499618,INSERT,ots,iuws
1653844783598513807,INSERT,uihl,aadly
1653844783598522777,INSERT,ieurd,eorts
1653844783598531494,INSERT,aiash,aiorth
1653844783598539894,INSERT,ift,aomp
1653844783598548508,INSERT,aay,iutz
1653844783598556547,INSERT,uiews,aews
1653844783598564457,INSERT,untly,aerds
1653844783598572987,INSERT,eerr,ocs
1653844783598581043,INSERT,ucts,iid
1653844783598589825,INSERT,ieus,ieurst
1653844786987613272,INSERT,oisp,ourn
1653844786987716125,INSERT,oeft,uewn
1653844786987729603,INSERT,aasch,iety
1653844786987739334,INSERT,iex,oosm
1653844786987747618,INSERT,auerly,eauncy
1653844786987756953,INSERT,ams,east
1653844786987765953,INSERT,ees,aioth
1653844786987774829,INSERT,id,eugy
1653844786987783681,INSERT,ioft,ied
1653844786987801085,INSERT,iin,its
1653844786987810872,INSERT,iap,oohl
1653844786987819454,INSERT,eitch,eins
1653844786987828125,INSERT,eopt,iould
1653844786987836550,INSERT,uept,oirf
1653844786987845257,INSERT,uany,aark
1653844786987854479,INSERT,ax,aiocks
1653844786987862718,INSERT,iegs,uiept
1653844786987872087,INSERT,iaorr,euhn
1653844786987881461,INSERT,oiack,oolly
1653844786987890428,INSERT,ael,eurry
1653844786987898343,INSERT,eiatts,uoss
1653844786987907317,INSERT,eiants,uork
1653844786987916117,INSERT,ieufy,uoty
1653844786987924339,INSERT,arly,och
1653844786987933062,INSERT,ioth,aiopt
1653844786987941322,INSERT,ieusp,eauncy
1653844786987961005,INSERT,aobly,ow
1653844786987970923,INSERT,oiwn,aund
1653844786987979883,INSERT,iws,ualt
1653844786987988502,INSERT,eew,itt
1653844786987996472,INSERT,uosch,ous
1653844786988005296,INSERT,uock,aark
1653844786988023753,INSERT,eorf,eish
1653844786988032561,INSERT,iahn,uads
1653844786988041741,INSERT,aath,aiaws
1653844786988050819,INSERT,uopt,iouc
1653844786988067171,INSERT,ully,ouhl
1653844786988076952,INSERT,aiow,ouss
1653844786988085384,INSERT,aems,augy
1653844786988093830,INSERT,aiamp,auept
1653844786988102679,INSERT,iaong,aihn
1653844786988111533,INSERT,ierr,aum
1653844786988120233,INSERT,iehn,ebly
1653844786988128853,INSERT,ods,eiadly
1653844786988137549,INSERT,eoll,aueth
1653844786988145749,INSERT,ouhl,urk
1653844786988154869,INSERT,euds,oonn
1653844786988163900,INSERT,uegy,iet
1653844786988172656,INSERT,iaos,ieull
1653844786988180468,INSERT,aerst,it
1653844787910119050,INSERT,iaots,oaff
1653844787910213251,INSERT,eiant,ak
1653844787910227886,INSERT,iaond,uib
1653844787910236556,INSERT,aiasly,iasm
1653844787910246121,INSERT,eiat,iids
1653844787910255173,INSERT,aiask,iough
1653844787910264017,INSERT,aoh,aontz
1653844787910272974,INSERT,iaoff,ouls
1653844787910281294,INSERT,eady,iecks
1653844787910302875,INSERT,oem,eaurr
1653844787910312539,INSERT,aict,uert
1653844787910321019,INSERT,ienn,oaff
1653844787910329345,INSERT,aeps,iurn
1653844787910337125,INSERT,eauc,ieuntz
1653844787910345403,INSERT,ieuny,our
1653844787910353855,INSERT,aicy,eugy
1653844787910361877,INSERT,ioch,aiary
1653844787910371088,INSERT,iiss,osh
1653844787910379517,INSERT,aialy,oorty
1653844787910388015,INSERT,oily,ierg
1653844787910396618,INSERT,iody,aug
1653844787910404869,INSERT,ett,aor
1653844787910414530,INSERT,iiny,uist
1653844787910423261,INSERT,ells,eaung
1653844787910431876,INSERT,eauns,uefy
1653844787910440776,INSERT,aght,oiw
1653844787910460159,INSERT,eoh,eiars
1653844787910470986,INSERT,aiolt,iourth
1653844787910479177,INSERT,iugh,oogy
1653844787910487651,INSERT,oegy,eiamp
1653844787910496657,INSERT,aiadly,ang
1653844787910505066,INSERT,outch,ef
1653844787910513495,INSERT,oep,aiack
1653844787910535230,INSERT,eoys,iugs
1653844787910543110,INSERT,uird,ieurd
1653844787910551394,INSERT,oucs,uild
1653844787910570137,INSERT,eiard,ould
1653844787910579902,INSERT,ieh,iew
1653844787910588255,INSERT,oiay,ieuntz
1653844787910595893,INSERT,iuth,aoct
1653844787910604294,INSERT,oerts,oks
1653844787910612805,INSERT,aatt,oiancy
1653844787910632807,INSERT,eely,oas
1653844787910683869,INSERT,uory,iouck
1653844787910694426,INSERT,uieps,aold
1653844787910703663,INSERT,uards,iourst
1653844787910711841,INSERT,auerr,em
1653844787910720898,INSERT,eult,arst
1653844787910729594,INSERT,aags,uotch
1653844787910738751,INSERT,aiolly,ooth
1653844790304010734,INSERT,eautch,aiows
1653844790304082087,INSERT,aark,eauly
1653844790304094795,INSERT,eact,iert
1653844790304104730,INSERT,euwn,in
1653844790304113537,INSERT,aill,uiek
1653844790304122885,INSERT,oatts,uerly
1653844790304132131,INSERT,iously,iought
1653844790304140359,INSERT,aiork,etz
1653844790304149023,INSERT,iaff,uor
1653844790304166486,INSERT,aigy,ant
1653844790304176808,INSERT,iaty,ipt
1653844790304185641,INSERT,uosp,oarf
1653844790304193925,INSERT,ierth,uienk
1653844790304202169,INSERT,uony,aerts
1653844790304210213,INSERT,uirts,etts
1653844790304218096,INSERT,eiays,eungs
1653844790304226929,INSERT,ialy,auey
1653844790304235759,INSERT,iousts,autt
1653844790304243830,INSERT,aiaps,aesh
1653844790304252378,INSERT,ink,uiss
1653844790304260522,INSERT,eurly,iany
1653844790304268655,INSERT,aur,eauts
1653844790304276590,INSERT,oeny,iurts
1653844790304285209,INSERT,otch,iacks
1653844790304294482,INSERT,aof,oiatts
1653844790304303049,INSERT,eerk,oiast
1653844790304330791,INSERT,iett,ouk
1653844790304372625,INSERT,auth,aew
1653844790304381018,INSERT,ac,auecy
1653844790304390598,INSERT,auesly,eauss
1653844790304400213,INSERT,ogy,iorty
1653844790304409047,INSERT,oob,iounn
1653844790304418479,INSERT,iengly,uiept
1653844790304427465,INSERT,oal,auehn
1653844790304436770,INSERT,eaurn,aiongs
1653844790304445545,INSERT,eold,aull
1653844790304465705,INSERT,uend,aas
1653844790304476889,INSERT,eauw,eegy
1653844790304485786,INSERT,aiost,uiess
1653844790304494424,INSERT,oiarty,ust
1653844790304503403,INSERT,aulls,ef
1653844790304512202,INSERT,aiaz,aonn
1653844790304522054,INSERT,euf,oantly
1653844790304531750,INSERT,oisp,eems
1653844790304541401,INSERT,ort,auens
1653844790304550695,INSERT,eirds,aws
1653844790304558705,INSERT,uilly,iaogh
1653844790304567205,INSERT,eaucy,oef
1653844790304576056,INSERT,uc,iaory
1653844790304583714,INSERT,iaonds,eorr
1653844791489117575,INSERT,uirt,udy
1653844791489204734,INSERT,antz,ew
1653844791489228414,INSERT,oetz,ieusp
1653844791489239478,INSERT,uys,aiosh
1653844791489248191,INSERT,oerst,eax
1653844791489257662,INSERT,eurs,usts
1653844791489265602,INSERT,auc,aolly
1653844791489274235,INSERT,iobly,uoff
1653844791489281858,INSERT,eauly,ul
1653844791489302563,INSERT,ers,uoct
1653844791489322382,INSERT,airk,eedly
1653844791489331872,INSERT,ists,urr
1653844791489339914,INSERT,incy,eosch
1653844791489347503,INSERT,aiocts,oalls
1653844791489356347,INSERT,oopt,ian
1653844791489364882,INSERT,iuhn,iouk
1653844791489372695,INSERT,ier,eiaks
1653844791489380895,INSERT,eiapt,oosts
1653844791489389026,INSERT,ierd,aun
1653844791489397375,INSERT,ieurf,aof
1653844791489406323,INSERT,uc,aegy
1653844791489414820,INSERT,iorry,eialy
1653844791489423254,INSERT,ealls,aueb
1653844791489431547,INSERT,oantly,aeds
1653844791489439918,INSERT,aially,oonk
1653844791489448427,INSERT,uatch,oeth
1653844791489466699,INSERT,aaf,oords
1653844791489487543,INSERT,odly,eiaff
1653844791489496285,INSERT,oiaty,uct
1653844791489504087,INSERT,airf,uier
1653844791489512410,INSERT,eik,aiofy
1653844791489520602,INSERT,iaocks,ieuy
1653844791489529415,INSERT,uags,aioff
1653844791489537983,INSERT,iarm,uontly
1653844791489545893,INSERT,aiogy,iik
1653844791489554007,INSERT,eaks,oux
1653844791489583415,INSERT,eomp,ufy
1653844791489594681,INSERT,oiads,ooys
1653844791489604341,INSERT,uancy,iicks
1653844791489612896,INSERT,aiadly,ould
1653844791489621716,INSERT,iosk,eiast
1653844791489630445,INSERT,arr,irds
1653844791489660214,INSERT,aps,ialy
1653844791489668758,INSERT,eocs,ieurs
1653844791489676789,INSERT,ufy,oonts
1653844791489685474,INSERT,iahn,ul
1653844791489694364,INSERT,ieuth,aiohl
1653844791489704274,INSERT,uiey,ioucks
1653844791489713082,INSERT,oiwn,iaongs
1653844791489721731,INSERT,iing,iourf
1653844791616276298,INSERT,aiarg,oitch
1653844791616388624,INSERT,aurs,eiamp
1653844791616404147,INSERT,aab,oid
1653844791616413419,INSERT,iaolt,auetch
1653844791616425935,INSERT,eiath,auz
1653844791616434461,INSERT,uind,oests
1653844791616442273,INSERT,eeft,uiels
1653844791616450637,INSERT,aays,iugh
1653844791616471874,INSERT,iuly,oocks
1653844791616489602,INSERT,incy,eech
1653844791616500972,INSERT,ob,eew
1653844791616508789,INSERT,eaury,aorm
1653844791616518116,INSERT,oiah,iahl
1653844791616526958,INSERT,iis,ourly
1653844791616535257,INSERT,iously,iaold
1653844791616543637,INSERT,oubs,eigh
1653844791616552343,INSERT,eauntz,aill
1653844791616561588,INSERT,aads,uiely
1653844791616569837,INSERT,ift,oip
1653844791616577963,INSERT,aorth,eiah
1653844791616586041,INSERT,oests,oiacy
1653844791616594186,INSERT,auez,iuntly
1653844791616602832,INSERT,oesm,aiot
1653844791616610972,INSERT,ooc,uits
1653844791616618785,INSERT,oeck,euntly
1653844791616667946,INSERT,ial,eocy
1653844791616688085,INSERT,uapt,inn
1653844791616698775,INSERT,aiontly,eans
1653844791616707808,INSERT,oerk,aasch
1653844791616717203,INSERT,ieusly,auey
1653844791616725192,INSERT,ooly,esch
1653844791616734250,INSERT,eos,uot
1653844791616742291,INSERT,aast,ieurs
1653844791616751349,INSERT,eaugy,aurly
1653844791616772434,INSERT,oiart,eunts
1653844791616781253,INSERT,oal,iaontly
1653844791616800714,INSERT,iaolt,iaob
1653844791616811231,INSERT,auys,unds
1653844791616818865,INSERT,aiops,eer
1653844791616827995,INSERT,ouly,uohn
1653844791616836948,INSERT,oaks,oix
1653844791616845992,INSERT,eong,oiall
1653844791616854583,INSERT,oidy,oirf
1653844791616862856,INSERT,aegh,uieks
1653844791616871893,INSERT,uags,airts
1653844791616880512,INSERT,ued,ieulls
1653844791616888614,INSERT,eunn,oip
1653844791616896268,INSERT,uiecs,auec
1653844791616905086,INSERT,auerd,eopt
1653844791616913593,INSERT,eatch,uiehl
1653844791801081215,INSERT,oiv,aoff
1653844791801183182,INSERT,aaty,euss
1653844791801199670,INSERT,iidly,eonds
1653844791801209874,INSERT,aiag,ierk
1653844791801219655,INSERT,aask,eoch
1653844791801229070,INSERT,uerk,oers
1653844791801238375,INSERT,aueff,iast
1653844791801246857,INSERT,oirs,oial
1653844791801254918,INSERT,eab,oiaght
1653844791801273873,INSERT,aust,uact
1653844791801284958,INSERT,uicy,aiolly
1653844791801293617,INSERT,urly,aoy
1653844791801301839,INSERT,eofy,aow
1653844791801309901,INSERT,oels,oarth
1653844791801318559,INSERT,aally,uosk
1653844791801326560,INSERT,euntz,aard
1653844791801335202,INSERT,eern,eev
1653844791801343861,INSERT,irty,uant
1653844791801352821,INSERT,eiahl,aatz
1653844791801374588,INSERT,oom,uec
1653844791801383090,INSERT,iaff,oups
1653844791801392325,INSERT,ug,eaund
1653844791801400590,INSERT,ausm,outch
1653844791801409185,INSERT,iut,aiays
1653844791801417328,INSERT,eun,aams
1653844791801425848,INSERT,esk,uigs
1653844791801445425,INSERT,oagh,iopp
1653844791801456072,INSERT,ory,aiob
1653844791801480599,INSERT,iourr,aarty
1653844791801490130,INSERT,uieps,aantz
1653844791801498617,INSERT,irth,uagy
1653844791801507454,INSERT,and,oorn
1653844791801515445,INSERT,ieth,oont
1653844791801524951,INSERT,aiorn,iesm
1653844791801533332,INSERT,aunk,iop
1653844791801541626,INSERT,eaw,iaoh
1653844791801561646,INSERT,oirth,aorts
1653844791801572760,INSERT,uort,ousm
1653844791801581458,INSERT,uieys,oinn
1653844791801589601,INSERT,aatt,auebs
1653844791801598606,INSERT,eiys,ool
1653844791801606669,INSERT,ests,oirs
1653844791801615334,INSERT,uists,aiaks
1653844791801623482,INSERT,auz,oirg
1653844791801631645,INSERT,uhn,aobs
1653844791801668725,INSERT,uh,ioupt
1653844791801678485,INSERT,eiang,oudy
1653844791801687388,INSERT,auedy,uks
1653844791801696328,INSERT,eop,uork
1653844791801704320,INSERT,aog,ests
1653844792028433279,INSERT,al,eauly
1653844792028541291,INSERT,eaupp,eac
1653844792028555365,INSERT,uart,ity
1653844792028565139,INSERT,eucts,oew
1653844792028574453,INSERT,ueff,oory
1653844792028583741,INSERT,ioc,uand
1653844792028591913,INSERT,oasp,aomp
1653844792028599953,INSERT,uaff,aatch
1653844792028609287,INSERT,aan,aek
1653844792028661062,INSERT,aiosm,oath
1653844792028673425,INSERT,iints,eaulls
1653844792028683406,INSERT,iag,eof
1653844792028692051,INSERT,oiall,aiors
1653844792028701253,INSERT,iets,iect
1653844792028710547,INSERT,iohn,uach
1653844792028719256,INSERT,ut,oal
1653844792028727535,INSERT,aams,oebly
1653844792028735376,INSERT,ight,orth
1653844792028755851,INSERT,uall,al
1653844792028765230,INSERT,aoght,oian
1653844792028774219,INSERT,uaz,earry
1653844792028782866,INSERT,intz,uorr
1653844792028791572,INSERT,iops,uols
1653844792028800673,INSERT,aiarr,eox
1653844792028809548,INSERT,iuhn,iaost
1653844792028818921,INSERT,ooch,eows
1653844792028847572,INSERT,iuy,ood
1653844792030078757,INSERT,iaoh,eav
1653844792030106362,INSERT,auerry,eurg
1653844792030116441,INSERT,aeys,iahl
1653844792030126473,INSERT,ell,ointly
1653844792030135680,INSERT,uehn,irst
1653844792030144985,INSERT,uongs,eiamp
1653844792030153413,INSERT,uys,uadly
1653844792030161486,INSERT,iouks,ests
1653844792030169880,INSERT,auerry,ouly
1653844792030190054,INSERT,auerly,eiaps
1653844792030200785,INSERT,if,aiops
1653844792030209401,INSERT,iuny,eently
1653844792030217974,INSERT,eatch,iecks
1653844792030226756,INSERT,eency,uicy
1653844792030234695,INSERT,iests,eem
1653844792030243661,INSERT,eautts,uenk
1653844792030252746,INSERT,ioght,aetch
1653844792030260775,INSERT,eicks,aunk
1653844792030268098,INSERT,eests,ountly
1653844792030275609,INSERT,irm,uods
1653844792030283486,INSERT,auty,iirg
1653844792030291453,INSERT,ioy,aez
1653844792030298947,INSERT,eety,irn
