1653835765160468490	1
1653835766166983993	2
1653835768950962912	3
1653835769452060826	4
1653835769759141195	5
1653835770166867336	6
1653835770257969283	7
1653835770459722183	8
1653835770657371454	9
1653835770766383050	10
1653835770952753911	11
1653835771558025032	12
1653835771855122012	13
1653835772052517057	14
1653835772247395791	15
1653835772460067154	16
1653835772647029432	17
1653835772752055098	18
1653835772862971008	19
1653835773255061714	20
1653835773453212847	21
1653835773749094585	22
1653835773860083724	23
1653835774047470071	24
1653835774258397661	25
1653835774547625500	26
1653835774659474051	27
1653835774867226914	28
1653835775063498904	29
1653835775653105005	30
1653835775753009691	31
1653835775979809706	32
1653835776153922274	33
1653835776355027817	34
1653835776460487510	35
1653835776551592095	36
1653835776660034384	37
1653835776852962244	38
1653835777168005460	39
1653835777347690752	40
1653835778156800268	41
1653835778250838959	42
1653835778555998145	43
1653835778754009667	44
1653835778949564655	45
1653835779055012608	46
1653835779156519120	47
1653835779259026026	48
1653835779554202557	49
1653835780052450076	50
1653835780255777075	51
1653835780350571298	52
1653835780466180891	53
1653835780957064706	54
1653835781759344252	55
1653835781863267109	56
1653835782147676133	57
1653835782452919976	58
1653835782560672538	59
1653835782577095773	60
1653835782656058694	61
1653835782765031959	62
1653835782864338560	63
1653835783049171960	64
1653835783249936920	65
1653835783757221035	66
1653835784052043652	67
1653835784164685208	68
1653835784360208970	69
1653835784460759499	70
1653835784768522151	71
1653835785051091696	72
1653835785250110149	73
1653835786058956259	74
1653835786160153696	75
1653835786560911257	76
1653835786955186736	77
1653835787153233896	78
1653835787368313446	79
1653835787762153653	80
1653835787959367303	81
1653835788163117617	82
1653835788560977586	83
1653835788753004126	84
1653835788769455857	85
1653835788966057103	86
1653835789247494370	87
1653835789568493982	88
1653835789761889482	89
1653835789962167327	90
1653835790259321231	91
1653835790450962778	92
1653835791557141502	93
1653835791755258807	94
1653835791929163643	95
1653835791930148870	96
1653835792050335411	97
1653835792253962244	98
1653835792299197528	99
1653835792468981529	100
1653835792561890302	101
1653835792568059338	102
1653835792632383961	103
1653835792644243641	104
1653835792731706845	105
1653835792754867529	106
1653835792839136511	107
1653835792934498630	108
1653835792938193645	109
1653835792981066633	110
1653835793030575632	111
1653835793041459772	112
1653835793057287570	113
1653835793188395525	114
1653835793220107676	115
1653835793234223851	116
1653835793287078538	117
1653835793330086834	118
1653835793428969283	119
1653835793431328958	120
1653835793442177083	121
1653835793528598285	122
1653835793531260358	123
1653835793628604147	124
1653835793636242545	125
1653835793729382705	126
1653835793728614484	126
1653835793774134037	127
1653835793828585749	128
1653835793831224796	129
1653835793846223014	130
1653835793882239597	131
1653835793935219175	132
1653835793941083448	133
1653835793993073810	134
1653835794033146702	135
1653835794046215599	136
1653835794060819644	137
1653835794137457918	138
1653835794145244014	139
1653835794230225909	140
1653835794239363695	141
1653835794328950019	142
1653835794342328529	143
1653835794338726990	143
1653835794351686902	144
1653835794439187987	145
1653835794449403221	146
1653835794459279958	147
1653835794538292934	148
1653835794548271225	149
1653835794557259452	150
1653835794643417363	151
1653835794650217606	152
1653835794737312701	153
1653835794743477565	154
1653835794753354828	155
1653835794833300615	156
1653835794846239013	157
1653835794928547000	158
1653835794934247514	159
1653835795028704997	160
1653835795031589171	161
1653835795034143343	162
1653835795050788567	163
1653835795128667612	164
1653835795136295309	165
1653835795145324817	166
1653835795155280347	167
1653835795238156155	168
1653835795247120165	169
1653835795257276953	170
1653835795357342137	171
1653835795360109578	172
1653835795441313044	173
1653835795454480743	174
1653835795457286062	175
1653835795533306477	176
1653835795545423307	177
1653835795552615855	178
1653835795634515553	179
1653835795650408585	180
1653835795658300234	181
1653835795733344308	182
1653835795745275007	183
1653835795837906336	184
1653835795841326652	185
1653835795850531197	186
1653835795932616628	187
1653835795942389955	188
1653835795950496779	189
1653835796038460127	190
1653835796041359845	191
1653835796046368595	192
1653835796134921579	193
1653835796141384030	194
1653835796155300785	195
1653835796232477770	196
1653835796247797823	197
1653835796257325313	198
1653835796332096069	199
1653835796342321832	200
1653835796354741522	201
1653835796430135586	202
1653835796440414465	203
1653835796449409327	204
1653835796531315427	205
1653835796542822390	206
1653835796552431321	207
1653835796631393156	208
1653835796642334144	209
1653835796661409925	210
1653835796731373982	211
1653835796742431263	212
1653835796752335693	213
1653835796832383534	214
1653835796848324445	215
1653835796859406245	216
1653835796940400057	217
1653835796955438719	218
1653835796962134373	219
1653835797044374201	220
1653835797052177448	221
1653835797132281678	222
1653835797136350105	223
1653835797149494664	224
1653835797230479615	225
1653835797239402206	226
1653835797251373702	227
1653835797259486945	228
1653835797340771015	229
1653835797351166640	230
1653835797429401396	231
1653835797441531605	232
1653835797446567512	233
1653835797452379105	234
1653835797532454937	235
1653835797539471362	236
1653835797550240713	237
1653835797558167006	238
1653835797640192614	239
1653835797650378289	240
1653835797733389676	241
1653835797746492818	242
1653835797829450999	243
1653835797830925255	244
1653835797850504439	245
1653835797857367245	246
1653835797932964979	247
1653835797950297470	248
1653835797957797242	249
1653835798038764914	250
1653835798045356086	251
1653835798061432995	252
1653835798131355392	253
1653835798143167689	254
1653835798232935240	255
1653835798234994935	256
1653835798246405871	257
1653835798261165465	258
1653835798339580064	259
1653835798346526082	260
1653835798350362363	261
1653835798432387232	262
1653835798445583578	263
1653835798452502280	264
1653835798458401768	265
1653835798541743720	266
1653835798628959715	267
1653835798630700338	268
1653835798636295723	269
1653835798657381710	270
1653835798734504313	271
1653835798742355219	272
1653835798750289109	273
1653835798755403430	274
1653835798841680814	275
1653835798856400063	276
1653835798929539212	277
1653835798941417054	278
1653835798955554934	279
1653835799030502788	280
1653835799047496778	281
1653835799058430615	282
1653835799142861603	283
1653835799148662295	284
1653835799155371557	285
1653835799233568768	286
1653835799247523308	287
1653835799332930687	288
1653835799336434574	289
1653835799347600546	290
1653835799357434391	291
1653835799440486616	292
1653835799448467353	293
1653835799461437943	294
1653835799536197026	295
1653835799549814865	296
1653835799561192817	297
1653835799636467515	298
1653835799648469748	299
1653835799660556219	300
1653835799741171565	301
1653835799750548990	302
1653835799831459095	303
1653835799844546688	304
1653835799851352575	305
1653835799862218309	306
1653835799938600787	307
1653835799945462107	308
1653835799959271552	309
1653835800031964007	310
1653835800052499501	311
1653835800056186271	312
1653835800142368713	313
1653835800145364929	314
1653835800151485804	315
1653835800233513767	316
1653835800244949069	317
1653835800255577072	318
1653835800336841234	319
1653835800351320041	320
1653835800433359704	321
1653835800447626765	322
1653835800458604308	323
1653835800544700932	324
1653835800548240336	325
1653835800563545727	326
1653835800643565532	327
1653835800649627172	328
1653835800657083540	329
1653835800739985679	330
1653835800752786310	331
1653835800828991267	332
1653835800840941893	333
1653835800847476496	334
1653835800928508434	335
1653835800947670884	336
1653835800951929046	337
1653835800960688360	338
1653835801065114230	339
1653835801130475858	340
1653835801130559988	340
1653835801139053031	341
1653835801155719411	342
1653835801231617179	343
1653835801244697882	344
1653835801252524485	345
1653835801333661790	346
1653835801344550816	347
1653835801358553881	348
1653835801432570908	349
1653835801444576688	350
1653835801456569213	351
1653835801532556305	352
1653835801546563662	353
1653835801634619188	354
1653835801644128300	355
1653835801662157838	356
1653835801665099708	357
1653835801745708475	358
1653835801752425239	359
1653835801760593799	360
1653835801838666756	361
1653835801851576430	362
1653835801859569726	363
1653835801944680530	364
1653835801957745451	365
1653835802030692912	366
1653835802045535234	367
1653835802129038367	368
1653835802147763786	369
1653835802162297114	370
1653835802236710081	371
1653835802246663150	372
1653835802334529701	373
1653835802343728268	374
1653835802350524997	375
1653835802432619746	376
1653835802448600005	377
1653835802528976825	378
1653835802536848127	379
1653835802541632414	380
1653835802553861549	381
1653835802650617498	382
1653835802659622687	383
1653835802732616615	384
1653835802740388861	385
1653835802747611363	386
1653835802831710332	387
1653835802849624149	388
1653835802859349798	389
1653835802934345753	390
1653835802944403856	391
1653835802952673673	392
1653835803035020945	393
1653835803049924702	394
1653835803054753941	395
1653835803136329934	396
1653835803144871579	397
1653835803156709467	398
1653835803235610128	399
1653835803246677894	400
1653835803256533159	401
1653835803334875522	402
1653835803360551207	403
1653835803430755209	404
1653835803440657648	405
1653835803456657082	406
1653835803535623272	407
1653835803549985133	408
1653835803558633473	409
1653835803642292942	410
1653835803654303786	411
1653835803728970443	412
1653835803737620050	413
1653835803754351449	414
1653835803829713441	415
1653835803840606415	416
1653835803855674639	417
1653835803929014492	418
1653835803942707936	419
1653835803956625410	420
1653835804028594489	421
1653835804047318567	422
1653835804062713060	423
1653835804135187288	424
1653835804152550203	425
1653835804229153055	426
1653835804240870908	427
1653835804245674823	428
1653835804328949453	429
1653835804344173819	430
1653835804429875985	431
1653835804431711738	432
1653835804442781033	433
1653835804454660382	434
1653835804541701618	435
1653835804555097369	436
1653835804637810115	437
1653835804640212696	438
1653835804652340845	439
1653835804731709066	440
1653835804745854553	441
1653835804750386169	442
1653835804834734890	443
1653835804847537514	444
1653835804851434397	445
1653835804928598344	446
1653835804951045566	447
1653835805028675747	448
1653835805028752161	448
1653835805041677075	449
1653835805128017565	450
1653835805133266768	451
1653835805147007032	452
1653835805151853262	453
1653835805240329787	454
1653835805250976179	455
1653835805335137983	456
1653835805343048682	457
1653835805353341324	458
1653835805435353494	459
1653835805451747337	460
1653835805459789300	461
1653835805539716517	462
1653835805554717061	463
1653835805642788156	464
1653835805650835834	465
1653835805660526597	466
1653835805733741243	467
1653835805750053946	468
1653835805832808499	469
1653835805844367399	470
1653835805847715526	471
1653835805861784000	472
1653835805944913435	473
1653835805950856069	474
1653835806035037543	475
1653835806041771216	476
1653835806056696121	477
1653835806132466792	478
1653835806141747757	479
1653835806154823030	480
1653835806234370855	481
1653835806247792933	482
1653835806328402727	483
1653835806341269528	484
1653835806351092925	485
1653835806431153369	486
1653835806446277531	487
1653835806449903111	488
1653835806465273381	489
1653835806548678142	490
1653835806551870121	491
1653835806558704379	492
1653835806642752073	493
1653835806728669155	494
1653835806741067292	495
1653835806749747297	496
1653835806828401721	497
1653835806835829697	498
1653835806856078272	499
1653835806862773772	500
1653835806940334867	501
1653835806957806111	502
1653835807029906498	503
1653835807046978421	504
1653835807050785097	505
1653835807130901815	506
1653835807149914961	507
1653835807157503179	508
1653835807234417825	509
1653835807248620524	510
1653835807334797245	511
1653835807346940916	512
1653835807351935342	513
1653835807360163712	514
1653835807434484435	515
1653835807447941336	516
1653835807458811979	517
1653835807545077273	518
1653835807558761596	519
1653835807632922013	520
1653835807636806945	521
1653835807650381380	522
1653835807655853611	523
1653835807745969140	524
1653835807752894878	525
1653835807844029659	526
1653835807853711572	527
1653835807866735477	528
1653835807952603739	529
1653835807957919502	530
1653835808040852199	531
1653835808036142601	531
1653835808048822803	532
1653835808135960953	533
1653835808142815405	534
1653835808157270860	535
1653835808233799578	536
1653835808254110754	537
1653835808257219781	538
1653835808348259710	539
1653835808357856232	540
1653835808432501406	541
1653835808443250677	542
1653835808449899220	543
1653835808534833676	544
1653835808550285048	545
1653835808557458498	546
1653835808631509207	547
1653835808642860643	548
1653835808653085633	549
1653835808735873915	550
1653835808752188961	551
1653835808756930440	552
1653835808838233741	553
1653835808847882182	554
1653835808860345700	555
1653835808945767094	556
1653835808954892759	557
1653835809031746047	558
1653835809044292060	559
1653835809051917089	560
1653835809132896194	561
1653835809144854844	562
1653835809232721667	563
1653835809237676388	564
1653835809246298784	565
1653835809256006703	566
1653835809338870859	567
1653835809349282667	568
1653835809362061532	569
1653835809440848924	570
1653835809455174069	571
1653835809458837504	572
1653835809544614879	573
1653835809548968867	574
1653835809554146624	575
1653835809641091673	576
1653835809660061684	577
1653835809657564473	577
1653835809748080088	578
1653835809753994213	579
1653835809833986621	580
1653835809856094454	581
1653835809929169053	582
1653835809932881652	583
1653835809950404810	584
1653835810036953140	585
1653835810041871853	586
1653835810130903321	587
1653835810141962560	588
1653835810155483455	589
1653835810234729813	590
1653835810246308911	591
1653835810261497293	592
1653835810345902120	593
1653835810356861351	594
1653835810431897502	595
1653835810445213893	596
1653835810455239085	597
1653835810531449957	598
1653835810545531106	599
1653835810558899462	600
1653835810646832227	601
1653835810651540879	602
1653835810735880694	603
1653835810743472710	604
1653835810757613954	605
1653835810832945986	606
1653835810850005149	607
1653835810933146485	608
1653835810941482687	609
1653835810951929160	610
1653835811032972464	611
1653835811049054826	612
1653835811052970954	613
1653835811134728701	614
1653835811229696106	615
1653835811260168508	616
1653835811264692278	616
1653835811263440381	617
1653835811335980920	618
1653835811348138048	619
1653835811430156657	620
1653835811445310596	621
1653835811460056434	622
1653835811465049671	623
1653835811546970503	624
1653835811558914096	625
1653835811561995706	626
1653835811645154824	627
1653835811657657018	628
1653835811741154810	629
1653835811743070000	630
1653835811752990136	631
1653835811834948126	632
1653835811856097870	633
1653835811860068122	634
1653835811935625087	635
1653835811950134706	636
1653835811957981299	637
1653835812038051192	638
1653835812049170854	639
1653835812053716486	640
1653835812140104173	641
1653835812146029619	642
1653835812159249664	643
1653835812332373734	644
1653835812342025459	645
1653835812351175091	646
1653835812430304214	647
1653835812462595587	648
1653835812469093693	649
1653835812540778206	650
1653835812549169055	651
1653835812635031181	652
1653835812644365572	653
1653835812651762480	654
1653835812736074759	655
1653835812751698824	656
1653835812757712590	657
1653835812853431418	658
1653835812857060963	659
1653835812929946776	660
1653835812955175020	661
1653835813030787523	662
1653835813036788822	663
1653835813037193285	663
1653835813052026304	664
1653835813130049448	665
1653835813142174198	666
1653835813153148862	667
1653835813163569536	668
1653835813244988590	669
1653835813249177983	670
1653835813332124885	671
1653835813342281484	672
1653835813349778330	673
1653835813438140546	674
1653835813450471471	675
1653835813534146370	676
1653835813563597642	677
1653835813632798279	678
1653835813649150787	679
1653835813655167764	680
1653835813738029230	681
1653835813749282370	682
1653835813830063547	683
1653835813843070974	684
1653835813860026074	685
1653835813935054387	686
1653835813946789919	687
1653835813955043443	688
1653835814031691857	689
1653835814050859117	690
1653835814138532888	691
1653835814148173851	692
1653835814155792348	693
1653835814236633015	694
1653835814261007783	695
1653835814262546902	695
1653835814346058616	696
1653835814428366917	697
1653835814435040532	698
1653835814448063469	699
1653835814530115272	700
1653835814550273958	701
1653835814631096772	702
1653835814644015098	703
1653835814647557124	704
1653835814734160739	705
1653835814747321910	706
1653835814836055945	707
1653835814847230910	708
1653835814930214105	709
1653835814939038126	710
1653835814952580025	711
1653835815132486480	712
1653835815150375134	713
1653835815152666147	713
1653835815229604078	714
1653835815249872917	715
1653835815330032454	716
1653835815330232825	716
1653835815339738500	717
1653835815351142453	718
1653835815354263705	719
1653835815429001280	720
1653835815430007081	721
1653835815437841502	722
1653835815456924201	723
1653835815534622561	724
1653835815540852782	725
1653835815545449436	726
1653835815633135913	727
1653835815653713248	728
1653835815731629554	729
1653835815743822036	730
1653835815752782318	731
1653835815833745599	732
1653835815848816705	733
1653835815946147764	734
1653835815947069053	735
1653835816037197657	736
1653835816041101202	737
1653835816245704930	738
1653835816350138935	739
1653835816350954923	740
1653835816451519235	741
1653835816532745902	742
1653835816546655805	743
1653835816554204368	744
1653835816638764349	745
1653835816659134082	746
1653835816739181678	747
1653835816748149955	748
1653835816833283014	749
1653835816843175583	750
1653835816857655422	751
1653835816934949031	752
1653835816945984977	753
1653835817030254427	754
1653835817035894541	755
1653835817049842231	756
1653835817060353827	757
1653835817142707175	758
1653835817150560631	759
1653835817157310243	760
1653835817232458071	761
1653835817243076720	762
1653835817257693233	763
1653835817344618968	764
1653835817344885911	764
1653835817355948672	765
1653835817431894957	766
1653835817444449836	767
1653835817447786168	768
1653835817529586177	769
1653835817543420035	770
1653835817556376207	771
1653835817645572147	772
1653835817650219577	773
1653835817656994395	774
1653835817741351340	775
1653835817758266186	776
1653835817833434271	777
1653835817852773812	778
1653835817937871803	779
1653835817952409127	780
1653835818032483015	781
1653835818043733825	782
1653835818101527536	783
1653835818135613653	784
1653835818144629710	785
1653835818234717760	786
1653835818254709337	787
1653835818330429417	788
1653835818341602509	789
1653835818389630868	790
1653835818393195506	791
1653835818440105769	792
1653835818451397240	793
1653835818539579172	794
1653835818553167445	795
1653835818556853198	796
1653835818641732741	797
1653835818688101902	798
1653835818733902980	799
1653835818740039033	800
1653835818763574621	801
1653835818842471794	802
1653835818883741713	803
1653835818934959611	804
1653835818946776307	805
1653835818991272842	806
1653835819040000837	807
1653835819068869053	808
1653835819141168770	809
1653835819146674552	810
1653835819230316760	811
1653835819285188471	812
1653835819303769925	813
1653835819368412152	814
1653835819606070469	815
1653835819679917462	816
1653835819687502595	817
1653835819808809327	818
1653835819930447150	819
1653835819978742932	820
1653835819989410386	821
1653835820033897557	822
1653835820333353209	823
1653835820334359359	824
1653835820429961070	825
1653835820533162204	826
1653835820530520737	826
1653835820630946151	827
1653835820633762851	828
1653835820635216866	829
1653835820730953873	830
1653835820732186075	831
1653835820738014401	832
1653835820744276538	833
1653835820832468774	834
1653835820934562586	835
1653835820932633097	835
1653835820930547304	835
1653835821031767133	836
1653835821033196263	837
1653835821132209467	838
1653835821136959633	839
1653835821138886626	840
1653835821135014003	839
1653835821147959764	840
1653835821233126799	841
1653835821235222845	842
1653835821346363914	843
1653835821348245843	844
1653835821432681406	845
1653835821439716784	846
1653835821449925749	847
1653835821542460010	848
1653835821631790448	849
1653835821636196931	850
1653835821646867396	851
1653835821743577754	852
1653835821750599473	853
1653835821842139594	854
1653835821846153009	855
1653835821856592253	856
1653835821940624188	857
1653835822029771212	858
1653835822031862927	859
1653835822046074807	860
1653835822130318284	861
1653835822150222932	862
1653835822154297269	863
1653835822244039260	864
1653835822251046882	865
1653835822334428987	866
1653835822345062038	867
1653835822352435349	868
1653835822434997278	869
1653835822530328176	870
1653835822548396593	871
1653835822552652954	872
1653835822646919036	873
1653835822647774873	873
1653835822656300361	874
1653835822739207167	875
