1656031835267803703 1115279
1656031835474160224 5113
1656031835680144183 4914
1656031835886393705 5103
1656031836093123305 5567
1656031836299191986 4921
1656031836504609585 4372
1656031836711845000 4654
1656031836917514900 4552
1656031837123448020 4832
1656031837329885674 5418
1656031837539150535 7923
1656031837744545826 4597
1656031837950464217 4950
1656031838156076088 4527
1656031838362265119 5048
1656031838568004860 4642
1656031838773660750 4401
1656031838979691193 5027
1656031839184745843 4065
1656031839390599694 4643
1656031839595958565 4295
1656031839800761135 3725
1656031840007873625 5952
1656031840220164538 10545
1656031840435419989 12990
1656031840648962569 11814
1656031840862405519 7555
1656031841075705230 12117
1656031841287612810 10139
1656031841503041830 11145
1656031841712077321 7877
1656031841929873921 14807
1656031842144058802 12301
1656031842355771551 10438
1656031842571946443 13696
1656031842785701003 7521
1656031842995261534 6923
1656031843205111914 8866
1656031843416863455 10208
1656031843628136155 8865
1656031843835972936 6614
1656031844051191426 12939
1656031844264761927 11435
1656031844477829467 9411
1656031844686703598 7619
1656031844897265249 9287
1656031845106738689 7395
1656031845314841281 6917
1656031845522185332 6214
1656031845729081323 5139
1656031845934774264 4780
1656031846140417706 4436
1656031846345926677 4127
1656031846550885637 3648
1656031846756521728 4461
1656031846961911629 4313
1656031847166841811 3868
1656031847372748202 4496
1656031847588979742 13524
1656031847794536361 4325
1656031848002679315 6851
1656031848210757666 6802
1656031848419294917 5510
1656031848627163998 6099
1656031848836839398 7875
1656031849044179460 4975
1656031849256136750 8589
1656031849468374100 9393
1656031849677030791 7282
1656031849886403771 8194
1656031850096091643 8370
1656031850306365773 9296
1656031850520164783 11024
1656031850729967864 8392
1656031850939597275 6054
1656031851150638835 8368
1656031851359504785 6752
1656031851567301957 6387
1656031851775714048 6435
1656031851983427349 5837
1656031852194977219 7381
1656031852402003550 4698
1656031852609448261 5244
1656031852817715042 6608
1656031853027356633 5671
1656031853235174553 4804
1656031853443110125 6044
1656031853653290655 8052
1656031853860012616 5248
1656031854069389467 8371
1656031854277676788 5029
1656031854485712419 6034
1656031854693256469 6063
1656031854901805941 5619
1656031855110607061 7651
1656031855321974260 10257
1656031855531585313 7753
1656031855740093604 7687
1656031855949694085 8232
1656031856158462845 7749
1656031856367285106 7753
1656031856576547867 8259
1656031856787128319 9486
1656031856995010340 5279
1656031857205979990 8145
1656031857414813761 7671
1656031857624106241 5312
1656031857834782993 8506
1656031858042052504 5918
1656031858250072745 5614
1656031858456792856 5789
1656031858664136587 6196
1656031858870585018 5145
1656031859077141830 5014
1656031859282390910 4303
1656031859491408321 7577
1656031859700282422 6464
1656031859906858293 5514
1656031860115615644 7673
1656031860323598825 6370
1656031860531529847 6240
1656031860739790247 5626
1656031860946805308 5576
1656031861153043529 5051
1656031861360103959 6063
1656031861567793031 6570
1656031861774879202 5973
1656031861981857123 5716
1656031862190882024 7824
1656031862405749175 12549
1656031862611753005 4451
1656031862818171297 4879
1656031863025641687 6615
1656031863232306167 5529
1656031863438768809 5322
1656031863646110580 6271
1656031863852384732 5317
1656031864058082243 4659
1656031864264297754 5010
1656031864470314475 5064
1656031864679156776 7922
1656031864883820167 3869
1656031865090148688 5169
1656031865296055709 4864
1656031865502302000 5152
1656031865707841942 4454
1656031865913764152 4932
1656031866120622524 5794
1656031866327380424 5767
1656031866534428646 5969
1656031866740139347 4676
1656031866947062228 5661
1656031867152765949 4414
1656031867358732801 4489
1656031867564918252 4744
1656031867772442513 6181
1656031867979256213 5654
1656031868186972084 5027
1656031868394929346 5297
1656031868600933627 4952
1656031868815081767 10982
1656031869020814898 4528
1656031869226633189 4744
1656031869431949920 4134
1656031869637722762 4708
1656031869843422893 4657
1656031870049595664 5022
1656031870254661515 4033
1656031870459474376 3738
1656031870665294318 4502
1656031870871108229 4655
1656031871076800830 4299
1656031871283000051 4941
1656031871488249303 4181
1656031871694111114 4596
1656031871900000345 4644
1656031872105568647 4494
1656031872310762378 3988
1656031872516241108 4237
1656031872722274411 4093
1656031872928969112 4805
1656031873134925822 4865
1656031873342811334 6654
1656031873548746164 4725
1656031873755958826 6165
1656031873963392537 4315
1656031874169049599 4364
1656031874375609679 5485
1656031874582490221 5772
1656031874789501192 5514
1656031874996305823 5665
1656031875202867974 5685
1656031875410129595 6358
1656031875615872026 4615
1656031875822176908 5241
1656031876028102829 4964
1656031876234041500 4833
1656031876441613480 6568
1656031876648142142 5183
1656031876854420312 5175
1656031877060681654 4422
1656031877266813484 4550
1656031877472848346 4945
1656031877678713958 4630
1656031877884834148 4915
1656031878090857360 4853
1656031878297554239 5192
1656031878503804202 4981
1656031878709815143 5050
1656031878917621174 6816
1656031879123155385 4477
1656031879329503326 5148
1656031879535693857 5002
1656031879742666298 5995
1656031879949401589 5397
1656031880155399911 5015
1656031880362347662 5860
1656031880568165783 3922
1656031880774852124 4238
1656031880981108275 4824
1656031881188975696 5191
1656031881394806717 4701
1656031881600137848 4170
1656031881805479600 4083
1656031882012225521 5526
1656031882221038712 7037
1656031882427998283 5778
1656031882633030724 3932
1656031882839709005 5257
1656031883046517556 5431
1656031883254404427 5222
1656031883462857348 5580
1656031883669519169 5205
1656031883877179520 6536
1656031884084015641 5701
1656031884291312142 5046
1656031884497421393 4974
1656031884703613774 5215
1656031884911899085 7142
1656031885120454933 5031
1656031885329033327 5812
1656031885534643748 4506
1656031885741104949 4871
1656031885947038299 4795
1656031886152783041 3824
1656031886360228442 6181
1656031886566449733 4890
1656031886773237454 5644
1656031886980628475 5010
1656031887187360466 5660
1656031887394765697 6215
1656031887602866657 4806
1656031887816812068 12714
1656031888027019349 8341
1656031888237676760 7628
1656031888449112390 10204
1656031888659513951 6609
1656031888869086952 7877
1656031889080948223 10639
1656031889292792064 6958
1656031889503971924 6187
1656031889718651505 11187
1656031889928090126 6746
1656031890138145956 6643
1656031890347568858 7920
1656031890558254208 9602
1656031890770874117 11155
1656031890986598229 14160
1656031891198203650 9977
1656031891408698088 9533
1656031891621964591 12255
1656031891834906531 9825
1656031892046122292 8441
1656031892258250482 10987
1656031892473156242 10921
1656031892683452143 9275
1656031892898984503 11255
1656031893110254544 6375
1656031893320132495 6326
1656031893532496196 5936
1656031893748730836 10871
1656031893961469477 10237
1656031894172827508 10111
1656031894383331858 8130
1656031894588998718 4270
1656031894794687280 4698
1656031895000912231 5002
1656031895208282862 6123
1656031895415416933 5893
1656031895623502974 5268
1656031895829680955 4917
1656031896036304405 5532
1656031896243617997 6278
1656031896452133108 7301
1656031896658191669 5028
1656031896864399239 5104
1656031897071364551 5455
1656031897277612192 5205
1656031897483726143 5144
1656031897690430815 5741
1656031897897448606 5658
1656031898104089127 5518
1656031898310622797 5435
1656031898520501839 6467
1656031898727078159 5559
1656031898933313890 5286
1656031899140797012 6175
1656031899348257833 6320
1656031899554526784 5308
1656031899762639134 6882
1656031899968498366 4616
1656031900175390556 5725
1656031900381991418 5448
1656031900587935657 4971
1656031900793968620 5010
1656031901001500231 6450
1656031901208550861 5630
1656031901415387342 5438
1656031901621753594 4707
1656031901828020485 4885
1656031902034522276 5003
1656031902240586957 4931
1656031902447252717 4966
1656031902653734527 5695
1656031902860094340 5098
1656031903066535461 5409
1656031903272762402 5106
1656031903479403583 5411
1656031903686346184 5961
1656031903892276465 4115
1656031904097725577 4108
1656031904303859538 5205
1656031904510130219 5110
1656031904716804969 5794
1656031904924125671 6240
1656031905130845262 5775
1656031905336980243 4851
1656031905543574164 5526
1656031905750400215 5713
1656031905957067056 5466
1656031906163357067 5160
1656031906370065369 5673
1656031906577082139 5936
1656031906783598571 5135
1656031906990767692 6084
1656031907197625742 5773
1656031907404259783 5643
1656031907610219175 4691
1656031907816361646 5216
1656031908024074256 6707
1656031908229907468 4868
1656031908437733919 6689
1656031908644066660 4567
1656031908850097521 4867
1656031909057565901 6511
1656031909265510183 6706
1656031909473137212 6460
1656031909679148155 5009
1656031909885162134 5004
1656031910092853278 6642
1656031910299043586 4904
1656031910506309509 5946
1656031910714054460 6689
1656031910921744431 5392
1656031911127829233 4873
1656031911334394643 5489
1656031911541435745 5727
1656031911747228735 4809
1656031911953828206 5639
1656031912159616697 4638
1656031912366210159 4934
1656031912573242800 6061
1656031912778744849 4724
1656031912989170951 9285
1656031913196417553 6258
1656031913402659083 5127
1656031913609534845 5802
1656031913816224385 5590
1656031914023764606 6194
1656031914233027377 8146
1656031914440551688 6176
1656031914647555509 5456
1656031914853911970 5398
1656031915060582841 5457
1656031915266729853 4521
1656031915474724523 6679
1656031915682251564 6045
1656031915889826956 6559
1656031916095759717 4827
1656031916301754278 4469
1656031916508226499 5307
1656031916715485220 6475
1656031916920956511 4426
1656031917128063073 5402
1656031917335044093 5495
1656031917544047225 5841
1656031917752754986 7474
1656031917964352267 8623
1656031918174680327 8560
1656031918385474548 6979
1656031918596162129 8825
1656031918814028438 16781
1656031919023251199 7012
1656031919234047060 9684
1656031919445733640 8357
1656031919659486840 3893
1656031919866997592 6030
1656031920076036453 7795
1656031920283542814 5273
1656031920491560155 6915
1656031920701185206 8238
1656031920908626376 6644
1656031921117062347 7311
1656031921325238358 7265
1656031921534446688 8031
1656031921745358359 9677
1656031921955163110 8581
1656031922163250411 5775
1656031922372356052 7813
1656031922580843383 5391
1656031922792162163 10088
1656031923004599904 10704
1656031923218115015 9908
1656031923429441735 5580
1656031923640712576 9428
1656031923851226307 5771
1656031924060447558 7851
