1656032823942667608 1114391
1656032824428548926 279264
1656032824664035617 29425
1656032824879076628 9945
1656032826180717936 1037379
1656032826419580125 37166
1656032827650735550 1025501
1656032827857347942 5436
1656032828064746254 6272
1656032828270084996 4274
1656032831760644296 3288628
1656032832044555512 80393
1656032832261288993 10719
1656032832475046015 8997
1656032836193480033 3511458
1656032836401651668 5245
1656032839685086885 3082338
1656032840897745221 1009589
1656032844162791299 3063847
1656032844389874450 25693
1656032845634074443 1039473
1656032845963051925 124689
1656032846211166944 44918
1656032846428680346 7281
1656032846643027747 9267
1656032846939081551 25944
1656032848323143061 1160068
1656032848549946843 24076
1656032850009186935 1257096
1656032850229013378 15248
1656032850437163431 7142
1656032850644097233 4609
1656032850850164775 5143
1656032851056813108 5129
1656032858433140563 7174926
1656032858647628984 13411
1656032859027532192 175285
1656032859236479834 6502
1656032859442280486 4509
1656032860674729000 1031294
1656032860900981321 20102
1656032862146751883 1042506
1656032862424251459 11555
1656032862716298482 89867
1656032862930221376 11771
1656032863215910051 65905
1656032864580095304 1162193
1656032864817163804 22745
1656032865044163785 22157
1656032865258147256 12923
1656032865472565858 13359
1656032866752890778 1078416
1656032868049102997 1088838
1656032871427143736 3174774
1656032871639161479 5960
1656032871847215750 5999
1656032873088837773 1040264
1656032874373094753 1078962
1656032874640949090 56284
1656032874930158125 80963
1656032875151382726 18334
1656032875431114692 16918
1656032875642031224 5343
1656032875911072191 67895
1656032876121122701 8240
1656032876328514644 6286
1656032877611108183 1081441
1656032877824878106 12664
1656032879041240791 1014108
1656032879313722418 71420
1656032879533585218 18306
1656032879749683929 11567
1656032879966470791 15018
1656032880215511630 45559
1656032880544846162 110306
1656032880920911079 100520
1656032881232098042 108877
1656032881546755725 105703
1656032884875182978 3123357
1656032885140942267 59684
1656032886401278539 1056901
1656032886638282878 17010
1656032886857173519 14160
1656032887068904311 10457
1656032887284948133 13728
1656032887710288416 216089
1656032887933170747 15599
1656032888315197764 87961
1656032888539165372 21878
1656032888754764906 14519
1656032892112476667 3152391
1656032892501218623 187062
1656032892746303072 42589
1656032896067885976 3112653
1656032896288741927 14860
1656032896506407069 16077
1656032897732424403 1019045
1656032899008950714 1066455
1656032899214761777 4785
1656032900486098437 1070066
1656032900725101937 31936
1656032908035314268 7105141
1656032909318086138 1074871
1656032909529476610 6592
1656032913042453867 3310469
