1656033068028640123 115521
1656033068254668963 8358
1656033068545174658 88963
1656033070031411301 1182324
1656033070420068047 183943
1656033070725596012 103657
1656033071234676688 302234
1656033072513746018 1074502
1656033072810940362 82688
1656033073021153064 8895
1656033073242730465 11188
1656033074629037297 1182244
1656033076131563697 1287300
1656033076341375810 6113
1656033076650480753 106365
1656033076946603848 92370
1656033078217349729 1066293
1656033079494744749 1074570
1656033079740932568 43707
1656033080016756144 67711
1656033083538635773 3320499
1656033083753075204 12399
1656033087270379072 3313386
1656033087543587199 59212
1656033087941603355 118894
1656033088171461535 26563
1656033088859757657 406498
1656033090181448704 1055162
1656033093610548489 3227376
1656033093819344701 5422
1656033101123221786 7102599
1656033101523306462 198865
1656033101738770813 14270
1656033101952348785 10656
1656033102166643917 11420
1656033102380182929 11624
1656033102811781562 229506
1656033103031675793 16482
1656033103239401905 6374
1656033103448152167 6257
1656033103656969709 7568
1656033104898497063 1040253
1656033108227761308 3112507
1656033111553721812 3123467
1656033113042292794 1286081
1656033113258344086 13218
1656033114499240899 1037060
1656033114724683360 17329
1656033114946030120 18929
1656033115161168093 13960
1656033115381251794 12406
1656033116738401788 1143279
1656033116957991439 17466
1656033117176194500 15970
1656033117398340411 20962
1656033118658954962 1052948
1656033121988023196 3122237
1656033123267358167 1076602
1656033123554040482 38865
1656033124800571085 1045331
1656033125017056067 15279
1656033125229730639 11276
1656033125437480451 6371
1656033125650558603 10268
1656033128965403689 3113195
1656033130241725149 1075161
1656033130693590571 250807
1656033130913090912 18165
1656033131138433753 20251
1656033134468994017 3125967
1656033134680067119 9812
1656033137988686395 3107451
1656033138387437871 196161
1656033139658403742 1066688
1656033139911288711 48790
1656033140118697443 5448
1656033140331006725 10714
1656033140854551550 320811
1656033141117650017 4526
1656033141322382789 3741
1656033141539031829 11793
1656033142785490714 1037118
1656033144225287421 1238742
1656033145543888058 1072143
1656033145759150549 11864
1656033145971148221 10243
1656033146190254172 17009
1656033149712836910 3302000
1656033149945149440 28002
1656033151233149380 1084934
