1656031588483934259 1059479
1656031588691783300 6836
1656031588897794919 4853
1656031589103837213 5006
1656031589311756283 6840
1656031589519617175 6236
1656031589726266745 5234
1656031589932259966 4666
1656031590138733126 5364
1656031590344913438 4992
1656031590551712740 5787
1656031590758308661 5473
1656031590965796452 5970
1656031591171960752 4799
1656031591378785614 5607
1656031591585049935 5098
1656031591790999036 4737
1656031591997725546 5754
1656031592203803958 4992
1656031592410043829 5256
1656031592616086470 4936
1656031592823288909 5991
1656031593029438672 4945
1656031593237190963 6624
1656031593444735024 6401
1656031593651568515 5879
1656031593857258176 4655
1656031594064174077 5806
1656031594270555009 5262
1656031594476977259 4950
1656031594682620441 4772
1656031594888994162 5409
1656031595095960503 5777
1656031595302071473 5029
1656031595509388345 6091
1656031595716279257 5784
1656031595922188907 4647
1656031596129107939 5660
1656031596336043260 5522
1656031596542786730 5740
1656031596749673462 5876
1656031596956462502 5624
1656031597162624004 5121
1656031597369062596 5449
1656031597576186696 5832
1656031597782164597 4944
1656031597988901728 5758
1656031598196494469 6467
1656031598403111281 5589
1656031598609488701 5175
1656031598818510143 7824
1656031599024411414 4856
1656031599231136545 5698
1656031599439213745 5935
1656031599646431166 5960
1656031599853180228 5413
1656031600059782007 5769
1656031600265995719 5043
1656031600472099720 5157
1656031600678128281 4872
1656031600885052302 5932
1656031601092130814 6150
1656031601299300851 4627
1656031601506615885 6306
1656031601716165856 8344
1656031601922602817 5549
1656031602130903028 5318
1656031602337405599 4488
1656031602544033020 4363
1656031602750833511 5543
1656031602956785193 4764
1656031603163078994 5269
1656031603370307974 6192
1656031603577287795 5999
1656031603783863815 5388
1656031603990584657 5715
1656031604197480349 5857
1656031604405373089 6832
1656031604611684371 4890
1656031604817716129 4910
1656031605023438043 4454
1656031605231163924 6151
1656031605438182655 5375
1656031605645517386 6475
1656031605851729936 5023
1656031606058048598 5350
1656031606264538749 5453
1656031606471161850 5600
1656031606677018311 5009
1656031606883465292 5478
1656031607090087824 5633
1656031607296523175 5366
1656031607502216116 4503
1656031607709088236 5834
1656031607915680178 5156
1656031608122354619 5622
1656031608329482169 6145
1656031608536040121 4936
1656031608743413812 6355
1656031608949393063 4968
1656031609157027454 6148
1656031609364430565 5894
1656031609570782086 4965
1656031609776802857 4783
1656031609982283838 4410
1656031610189586830 6227
1656031610395438201 4776
1656031610601533822 4696
1656031610807660441 4998
1656031611014850894 5999
1656031611220446945 4185
1656031611426239536 4758
1656031611633007347 4739
1656031611839895589 4666
1656031612046723549 5313
1656031612252298339 4388
1656031612457836331 4381
1656031612663556471 4593
1656031612869305732 4694
1656031613074755173 4277
1656031613280593566 4640
1656031613485801367 4125
1656031613691313968 4141
1656031613897258220 4707
1656031614104637300 6394
1656031614311368461 5532
1656031614518719872 5500
1656031614726389483 4396
1656031614932350194 4679
1656031615137556315 3972
1656031615343627906 4856
1656031615550607586 5883
1656031615756406988 4514
1656031615962538788 4897
1656031616168575809 4801
1656031616375948821 6323
1656031616581934182 4420
1656031616789125873 6212
1656031616995444003 5450
1656031617203296155 5856
1656031617409463695 5105
1656031617615745296 5267
1656031617823726057 6889
1656031618028976958 4110
1656031618234985590 4301
1656031618441857161 5732
1656031618648424942 5602
1656031618855765993 6528
1656031619063395093 6617
1656031619269658115 4982
1656031619476094656 5219
1656031619682482676 5388
1656031619889084657 5376
1656031620096473269 6272
1656031620303381100 5928
1656031620510806841 6296
1656031620716858042 4893
1656031620923079523 5113
1656031621129040184 4936
1656031621335235325 4988
1656031621541503676 5267
1656031621748041037 5319
1656031621954622159 5600
1656031622160556509 5005
1656031622367521301 5120
1656031622573943351 5373
1656031622779981172 5062
1656031622987140333 6103
1656031623193632725 5564
1656031623400004526 5457
1656031623606420336 5465
1656031623812267216 4837
1656031624018467428 5038
1656031624224684699 5028
1656031624432960960 7221
1656031624638986691 5076
1656031624845108543 4885
1656031625051303884 5188
1656031625258036374 5662
1656031625463970565 4918
1656031625669469367 4409
1656031625876206508 5602
1656031626082372719 4756
1656031626288919571 5144
1656031626495572011 5673
1656031626701439142 4716
1656031626909864792 7104
1656031627121936573 7652
1656031627328436205 5281
1656031627540931923 9930
1656031627746223156 4185
1656031627951871947 4639
1656031628158337898 5029
1656031628364359979 4836
1656031628570575460 5042
1656031628776893150 5309
1656031628983413273 5399
1656031629189773433 5371
1656031629396113054 4855
1656031629602249146 5029
1656031629808104287 4813
1656031630018169627 8804
1656031630223937148 4601
1656031630430199979 4738
1656031630637329981 5432
1656031630843313832 4918
1656031631049084613 4728
1656031631255260954 5175
1656031631461486775 5040
1656031631668281657 5712
1656031631875482128 5535
1656031632081549038 5108
1656031632287906598 5107
1656031632494742001 5871
1656031632701238512 5050
1656031632908097713 6106
1656031633114142983 4842
1656031633321382095 5868
1656031633528275356 5767
1656031633734973316 5608
1656031633942953786 6417
1656031634149616568 5710
1656031634357406419 6393
1656031634563620390 5041
1656031634770597271 5331
1656031634976662712 4520
1656031635183552254 5861
1656031635390186054 5667
1656031635596376736 4956
1656031635803872247 6566
1656031636009963768 4901
1656031636215709178 4499
1656031636422121931 5391
1656031636628630161 5482
1656031636834856082 5086
1656031637041190974 5323
1656031637247566825 5261
1656031637454244106 5510
1656031637660280657 5248
1656031637866511227 5120
1656031638074278466 6610
1656031638280114821 4686
1656031638486253661 5009
1656031638693260493 5515
1656031638899471394 5235
1656031639106780005 5550
1656031639312594906 4731
1656031639519095327 4917
1656031639725516458 5446
1656031639932144288 5418
1656031640139024240 5656
1656031640345949251 5821
1656031640552590822 5510
1656031640759038333 5282
1656031640966436075 6296
1656031641173343216 5355
1656031641379229187 4588
1656031641585680428 5282
1656031641793588080 6709
1656031641999867291 5276
1656031642206484422 5064
1656031642415178613 7556
1656031642625145673 8754
1656031642832219174 5344
1656031643039409945 5443
1656031643246271446 5753
1656031643452521697 5229
1656031643659451518 5819
1656031643865739089 5076
1656031644072945890 5964
1656031644279084841 4573
1656031644484982980 4966
1656031644692121273 5912
1656031644898543153 5340
1656031645105221435 5467
1656031645311483576 5064
1656031645518406247 5339
1656031645725059308 5633
1656031645931408458 5383
1656031646137875749 5353
1656031646344308460 5411
1656031646550522162 5138
1656031646757281223 5648
1656031646963902453 5545
1656031647171348675 6398
1656031647378112796 5810
1656031647584424325 5293
1656031647791398348 5893
1656031647997377149 4707
1656031648204074490 5142
1656031648410641971 4770
1656031648616549332 4860
1656031648823217684 5413
1656031649029853194 5739
1656031649236532016 5222
1656031649444515397 6719
1656031649652368697 6899
1656031649859052849 5783
1656031650066164848 6142
1656031650273030660 4867
1656031650478661852 4270
1656031650685010973 4678
1656031650891363094 5276
1656031651097928925 5329
1656031651304025775 5058
1656031651513086316 7964
1656031651720642348 5391
1656031651928333449 5713
1656031652133972120 4459
1656031652340460362 5234
1656031652546803041 5275
1656031652753196433 5365
1656031652960124614 5895
1656031653166735664 5572
1656031653374777546 6230
1656031653581060777 4833
1656031653787945988 5948
1656031653994537010 5450
1656031654201589890 6033
1656031654407841181 5065
1656031654615125152 6167
1656031654822882143 6060
1656031655029681624 5471
1656031655236062695 5075
1656031655443949466 5789
1656031655651262947 6098
1656031655857012788 4802
1656031656063146359 5057
1656031656267966530 3893
1656031656475028171 4489
1656031656684553592 7512
1656031656890097131 4552
1656031657095107694 4003
1656031657300831334 4618
1656031657507559435 5272
1656031657713590537 4711
1656031657920015008 5370
1656031658126792349 5798
1656031658333438969 5623
1656031658539124711 4514
1656031658745620593 5608
1656031658952690374 5689
1656031659159048633 5143
1656031659365051267 4958
1656031659572114307 5867
1656031659778639078 5594
1656031659984922379 5211
1656031660191298160 5319
1656031660398786471 6490
1656031660605449120 5201
1656031660811721933 5303
1656031661018432284 5658
1656031661224659805 5128
1656031661431076976 5417
1656031661637525148 5366
1656031661846225939 6091
1656031662051546750 4515
1656031662257542821 4993
1656031662463591001 4779
1656031662669044933 4498
1656031662874000015 3980
1656031663079801736 4778
1656031663285815357 4667
1656031663492007298 4720
1656031663698412329 5311
1656031663904574069 5155
1656031664111103021 5530
1656031664318406371 6172
1656031664525014681 5468
1656031664731344253 5350
1656031664938794414 6173
1656031665145147816 5294
1656031665351056857 4750
1656031665557444438 5328
1656031665764634008 5989
1656031665970220760 3956
1656031666177007381 5999
1656031666384902512 5618
1656031666591508693 5384
1656031666798301034 5238
1656031667004427525 4527
1656031667210894336 5208
1656031667417781637 5125
1656031667624495198 5304
1656031667830983019 5505
1656031668037015190 5011
1656031668243794621 5761
1656031668450807822 5510
1656031668657004533 5176
1656031668862837124 4851
1656031669069517584 5598
1656031669276619257 5622
1656031669483780798 6022
1656031669690293458 5179
1656031669896035440 4798
1656031670103309871 6178
1656031670309287640 4992
1656031670516652863 5402
1656031670723260064 4983
1656031670930494495 6202
1656031671137359686 5829
1656031671344617528 5458
1656031671551648628 5982
1656031671758039899 5281
1656031671964978080 5611
1656031672171385061 5354
1656031672377274292 4871
1656031672583189692 4911
1656031672789429284 5244
1656031672996515475 5885
1656031673203078516 5509
1656031673408939897 4783
1656031673615803199 5693
1656031673822037950 5196
1656031674028271311 5099
1656031674234992182 5842
1656031674440824713 4559
1656031674646533094 4495
1656031674853599073 5925
1656031675059954706 5284
1656031675266642785 5519
1656031675472923418 4688
1656031675678745829 4648
1656031675885001190 5235
1656031676090931181 4871
1656031676297488792 5417
1656031676504721873 6083
1656031676712027623 6045
1656031676917624194 4637
1656031677124417136 5722
1656031677330844777 5317
