1656032081861178462 1123304
1656032082067185073 5116
1656032082311161101 38120
1656032082517488652 5257
1656032082723764343 5059
1656032082931520274 5272
1656032083138744395 5951
1656032083353076285 12779
1656032083570040465 11828
1656032083788605825 15414
1656032084001009805 9002
1656032084223988165 19883
1656032084431937476 5673
1656032084645013826 10972
1656032084854811207 7591
1656032085062340558 6119
1656032085271919419 8485
1656032085480776879 7645
1656032085693050430 10422
1656032085903912131 7487
1656032086119230781 12379
1656032086330393602 7018
1656032086541308303 9531
1656032086753120803 8125
1656032086962464484 7935
1656032087176864504 6011
1656032087387652085 9201
1656032087597505166 8620
1656032087809997307 11281
1656032088026974237 5944
1656032088241603267 10117
1656032088455377548 12144
1656032088668213198 9476
1656032088875126199 5871
1656032089082962500 4306
1656032089288809070 4983
1656032089493827732 3925
1656032089699203883 4293
1656032089913482834 12899
1656032090119577245 4670
1656032090325811347 4778
1656032090531893118 4719
1656032090739396839 6272
1656032090944481190 3918
1656032091150498481 4822
1656032091356299222 4729
1656032091561959283 4599
1656032091770029624 7002
1656032091977368105 5465
1656032092213590383 34914
1656032092420351045 5827
1656032092626163796 4861
1656032092833118437 6089
1656032093038698298 4698
1656032093245023549 5289
1656032093451468270 5464
1656032093666496511 4313
1656032093872454661 4791
1656032094078071542 3839
1656032094284620383 5525
1656032094516393380 5519
1656032094723139302 5257
1656032094930646233 6455
1656032095137293295 5695
1656032095344001706 5815
1656032095551421337 6391
1656032095759422118 6488
1656032095967039069 6485
1656032096173718760 5429
1656032096416978868 4576
1656032096622745659 4674
1656032096829586260 4462
1656032097034850761 3812
1656032097242228452 6034
1656032097448718603 5730
1656032097657026554 6239
1656032097866109835 6825
1656032098073896935 6756
1656032098282606895 6842
1656032098490249087 6301
1656032098697085808 5664
1656032098903560729 5120
1656032099115449589 10729
1656032099323645791 5105
1656032099530996222 6049
1656032099738267283 6294
1656032099944170474 4920
1656032100152141095 7032
1656032100359113196 6105
1656032100566952406 6706
1656032100776365207 7269
1656032100985946408 8361
1656032101194469528 7333
1656032101406298708 9276
1656032101626801670 13581
1656032101837575470 8359
1656032102051222790 9601
1656032102264052471 8191
1656032102476703132 10699
1656032102689597412 9459
1656032102902270003 11507
1656032103115101063 10886
1656032103328191912 8999
1656032103541625914 12325
1656032103752292315 8570
1656032103963998975 10302
1656032104178143026 11449
1656032104401208585 19128
1656032104612501116 9748
1656032104821111256 6808
1656032105038114547 13982
1656032105251090708 9593
1656032105464561628 12304
1656032105677257529 11079
1656032105890500199 8691
1656032106104443460 10541
1656032106314260330 8167
1656032106528632991 13086
1656032106745251491 13272
1656032106962860121 14726
1656032107173883001 9549
1656032107382481622 7380
1656032107591684293 7967
1656032107802021544 7839
1656032108012769295 9605
1656032108218931446 5022
1656032108432421266 11282
1656032108642964877 6714
1656032108863814357 14835
1656032109069454818 4716
1656032109274979429 4553
1656032109479953610 3999
1656032109719068788 8218
1656032109931878449 11643
1656032110143870089 10913
1656032110357408260 12280
1656032110564353951 5893
1656032110770280462 4599
1656032110976785554 5535
1656032111217191421 39358
1656032111425904842 7337
1656032111632810853 5729
1656032111839374864 5373
1656032112045499345 4610
1656032112253773646 6942
1656032112460102047 4433
1656032112665665798 4478
1656032112920944405 54110
1656032113130498396 8579
1656032113343386626 11392
1656032113557287487 11639
1656032113767245058 6754
1656032113974006098 5566
1656032114180901089 5950
1656032114392143061 8936
1656032114598147802 4935
1656032114804827343 4038
1656032115019421763 8605
1656032115228003914 4826
1656032115439623575 8634
1656032115649532186 8298
1656032115858973717 6715
1656032116068940248 8778
1656032116277578098 7645
1656032116486172669 6918
1656032116695075960 7819
1656032116902581911 5280
1656032117110143702 5994
1656032117320265743 7905
1656032117538166652 16370
1656032117750498993 10794
1656032117967235343 15368
1656032118185224792 12004
1656032118403674943 7438
1656032118615582644 8850
1656032118824048474 7134
1656032119039128634 8441
1656032119245123326 4687
1656032119452052176 4795
1656032119657293928 4303
1656032119863170599 4860
1656032120068368680 4384
1656032120273256101 3771
1656032120478503723 4474
1656032120684040274 4432
1656032120889866525 4582
1656032121095351956 4312
1656032121301293867 4287
1656032121519277157 6047
1656032121725579678 4876
1656032121931081939 4600
1656032122137193220 5185
1656032122342513502 4042
1656032122549804213 5966
1656032122755947124 4634
1656032122961703765 4697
1656032123167869716 4732
1656032123376232927 6291
1656032123587212138 9348
1656032123804639028 15886
1656032124015554708 9275
1656032124227495579 8267
1656032124436621160 7699
1656032124645020391 5226
1656032124853497821 6064
1656032125061986182 5740
1656032125268016043 4330
1656032125474352664 4189
1656032125680750585 5196
1656032125888171366 5708
1656032126094385487 4508
1656032126300011648 4531
1656032126506105339 5149
1656032126715168160 8185
1656032126923518991 6371
1656032127130558382 6062
1656032127337956563 6440
1656032127545020503 5754
1656032127751958404 4697
1656032127958259406 5210
1656032128163967387 4535
1656032128370303098 5024
1656032128577844029 5610
1656032128784058620 5006
1656032128992796281 7215
1656032129200908042 6670
1656032129406484653 4574
1656032129613002664 5301
1656032129818311625 4293
1656032130023550437 3921
1656032130232272858 7466
1656032130444891428 9938
1656032130661128809 13843
1656032130870255229 4956
1656032131080943020 8088
1656032131290852471 7869
1656032131501179361 9369
1656032131712475492 10094
1656032131925616962 11667
1656032132136097533 9269
1656032132345378983 8168
1656032132555299575 8225
1656032132766592855 8629
1656032132976866486 8459
1656032133184135337 6055
1656032133396605328 10522
1656032133606282978 7989
1656032133814976239 6746
1656032134024465810 7790
1656032134232625641 5702
1656032134441219082 6754
1656032134648412103 6151
1656032134856653994 5710
1656032135063954445 5132
1656032135272572376 5760
1656032135512633023 38983
1656032135722156854 8291
1656032135930608655 5707
1656032136139085266 5715
1656032136347590285 4944
1656032136555733817 5570
1656032136763092188 5940
1656032136971116249 5356
1656032137178477700 4678
1656032137386000491 4770
1656032137596377431 8957
1656032137805078533 7462
1656032138019452113 13460
1656032138227750284 7178
1656032138435469535 6463
1656032138641306676 4493
1656032138852118557 8767
1656032139058662348 5353
1656032139266697589 5434
1656032139474550079 6772
1656032139685029400 8165
1656032139889519461 3553
1656032140094270662 3784
1656032140299887233 4573
1656032140515114584 14042
1656032140721274465 4659
1656032140926412026 4167
1656032141137908936 7749
1656032141347373777 7987
1656032141560562637 11351
1656032141771516368 9495
1656032141992783738 20020
1656032142209748278 11546
1656032142421099339 6870
1656032142636230389 11664
1656032142846353800 8993
1656032143061852290 10079
1656032143272010620 8802
1656032143486112491 12253
1656032143723082049 9676
1656032143931360480 6815
1656032144139719741 7431
1656032144346485882 5471
1656032144552926773 5150
1656032144760623294 6069
1656032144968440685 6737
1656032145175597116 6089
1656032145418230354 41661
1656032145633695443 10561
1656032145843357035 7446
1656032146053054025 7830
1656032146263364766 8651
1656032146474001037 7161
1656032146681513978 5233
1656032146890030049 7159
1656032147119149738 27849
1656032147333233218 11687
1656032147543611699 8865
1656032147753747440 8993
1656032147965047851 9764
1656032148176495921 10267
1656032148386041602 8073
1656032148595830933 8769
1656032148811054493 14108
1656032149017352354 5308
1656032149223036175 4541
1656032149603416467 179429
1656032149817540830 11685
1656032150027740451 8502
1656032150235790282 5637
1656032150441948422 4842
1656032150648851334 5446
1656032150857144545 6579
1656032151065925276 6320
1656032151274781587 7925
1656032151483130257 7146
1656032151692381888 7266
1656032151900735079 6903
1656032152107813450 5898
1656032152319107200 10109
1656032152527222751 7035
1656032152736124491 7031
1656032152944797563 7371
1656032153153937343 6548
1656032153366590504 11728
1656032153576560855 8772
1656032153786010186 8257
1656032153995149447 8015
1656032154207622137 9721
1656032154418929267 10097
1656032154630042808 9786
1656032154840268429 8103
1656032155048901309 5061
1656032155256549081 6482
1656032155464080622 4986
1656032155672445512 6395
1656032155880540664 6127
1656032156089080684 7257
1656032156297831415 7605
1656032156506109906 5686
1656032156713926347 6388
1656032156924771477 8081
1656032157133611338 4924
1656032157341965329 7087
1656032157550259930 6685
1656032157758508241 6540
1656032157967542332 7943
1656032158175893562 7218
1656032158385744573 7652
1656032158595432894 8077
1656032158809033053 10890
1656032159014233586 3855
1656032159219983527 4686
1656032159429225708 8107
1656032159636309789 5819
1656032159842499390 5008
1656032160048756830 4965
1656032160255128682 5312
1656032160461666403 5465
1656032160667454114 4665
1656032160872610285 4120
1656032161077711076 4053
1656032161283483017 4487
1656032161489016189 4212
1656032161694825490 4861
1656032161900435531 4321
1656032162105957012 4130
1656032162311454263 4406
1656032162516694543 3836
1656032162724006205 5931
1656032162930957946 5759
1656032163137415797 4840
1656032163353060927 8298
1656032164010542867 391763
1656032164227486636 14218
1656032164436523057 7986
1656032164659264467 21273
1656032164865234668 4701
1656032165080135598 12873
1656032165285484630 4475
1656032165490672691 4097
1656032165696146532 4385
1656032165901509933 4506
1656032166106135804 3580
1656032166314189095 6927
1656032166521953526 6696
1656032166726748057 3781
1656032166932767348 4720
1656032167139295999 5362
1656032167346921590 6134
1656032167554130431 5953
1656032167762128562 6858
1656032167971075313 5547
1656032168180723994 8509
1656032168390528805 8479
1656032168598890485 7123
1656032168814736736 14066
1656032169027099006 8733
1656032169245220796 9712
1656032169453493147 6660
1656032169660415588 5508
1656032169869205519 7875
1656032170077986100 6397
1656032170286383211 7463
1656032170497121352 7862
1656032170704721183 5074
