1656032205890789792 1248629
1656032206112748922 20969
1656032206325010293 7672
1656032206533996343 6168
1656032206740518494 5275
1656032206948112775 5843
1656032207215400890 66252
1656032207441305010 16440
1656032207661883059 17935
1656032207869907240 5693
1656032208077968691 6827
1656032208316248219 37362
1656032208523413060 5923
1656032208731061390 6719
1656032208938517420 6453
1656032209146700542 6519
1656032209361833553 13732
1656032209568841604 6097
1656032209776268105 6118
1656032209984106344 6314
1656032210192900356 7616
1656032210401160067 7198
1656032210611033819 9063
1656032210820977176 6834
1656032211029926159 7790
1656032211237705120 6183
1656032211445659551 6909
1656032211657307202 10619
1656032211863503003 5100
1656032212070445504 5523
1656032212277188405 5764
1656032212482976376 3937
1656032212688512398 4329
1656032212913297097 23632
1656032213119164688 4333
1656032213325132599 4871
1656032213530202470 4224
1656032213739308951 5377
1656032213951477651 10838
1656032214163460532 5051
1656032214372753993 6544
1656032214582259144 8129
1656032214791469657 7257
1656032214998949138 5762
1656032215205596101 5447
1656032215412540713 5912
1656032215620309545 6649
1656032215826792098 5314
1656032216033175830 5214
1656032216239044822 5008
1656032216446256364 6053
1656032216653068587 5676
1656032216859890739 5322
1656032217066749241 5547
1656032217274005843 6268
1656032217480985455 6011
1656032217688203107 6220
1656032217893879970 4601
1656032218114653721 19734
1656032218319533253 3845
1656032218527965045 7210
1656032218741928877 11634
1656032218959087488 15928
1656032219177904109 15394
1656032219388948652 9224
1656032219598393274 6158
1656032219804708046 5282
1656032220012012558 6388
1656032220224089369 7850
1656032220431018042 5637
1656032220637493634 4964
1656032220844353626 4580
1656032221051310378 5800
1656032221256353290 3852
1656032221462590862 5193
1656032221668195125 4510
1656032221873761387 4515
1656032222083666349 8506
1656032222294443470 8049
1656032222506110473 8195
1656032222718935805 9107
1656032222928504307 7964
1656032223140135258 10150
1656032223351687100 9935
1656032223559985362 7116
1656032223768947934 7767
1656032224013227274 39642
1656032224218895306 4612
1656032224424440648 4043
1656032224630103700 4578
1656032224836174033 4559
1656032225041537045 4356
1656032225247753718 4911
1656032225511943485 61686
1656032225723825537 10881
1656032225937961669 12009
1656032226163293179 24021
1656032226370977542 5889
1656032226612113351 38517
1656032226819426023 5833
1656032227027241745 6890
1656032227234422367 4491
1656032227442118060 5898
1656032227659561511 15376
1656032227868126343 7653
1656032228112180492 39940
1656032228319096335 5669
1656032228525404976 5396
1656032228732535109 6114
1656032228940484291 6744
1656032229148730803 7096
1656032229355739166 4882
1656032229620147613 6990
1656032229826671745 5629
1656032230034002837 6292
1656032230241443079 6247
1656032230447653941 5205
1656032230653818024 5037
1656032230861379246 6372
1656032231068969718 6197
1656032231275100860 4740
1656032231484173592 7620
1656032231690641894 5648
1656032231897940866 5686
1656032232103623189 4691
1656032232309870991 4908
1656032232519642172 7353
1656032232727235576 5988
1656032232933631207 5261
1656032233140389100 5885
1656032233347854482 6305
1656032233555239304 5694
1656032233763096166 6137
1656032233971143768 5909
1656032234181749550 8284
1656032234400777122 17544
1656032234625153412 10930
1656032234839602543 10080
1656032235052005995 7308
1656032235261668687 8134
1656032235475522968 12766
1656032235687840690 7860
1656032235911008141 22073
1656032236121924323 9751
1656032236332640725 9511
1656032236542801487 8989
1656032236751117769 6848
1656032236967098291 12891
1656032237176278812 8071
1656032237416008432 37013
1656032237626960754 7679
1656032237835024546 6802
1656032238043278089 6947
1656032238251478791 6861
1656032238459964933 7175
1656032238668758534 7661
1656032238913920582 43910
1656032239122464706 7333
1656032239331076808 7306
1656032239539404910 5267
1656032239745339753 4886
1656032239951602445 5141
1656032240156839586 4086
1656032240362015359 4133
1656032240566844801 3833
1656032240772598285 4638
1656032240978310867 4662
1656032241183787920 4362
1656032241389418052 4686
1656032241595132574 4636
1656032241800047526 4037
1656032242015854648 5222
1656032242222716020 5693
1656032242429556812 5623
1656032242636260204 5027
1656032242843118936 5191
1656032243050340729 4993
1656032243256313181 4596
1656032243462243453 4818
1656032243667386836 4197
1656032243873802018 5356
1656032244079646850 4762
1656032244286834433 5669
1656032244494408935 6362
1656032244717125495 5360
1656032244924654397 6088
1656032245133103739 7047
1656032245343562701 8929
1656032245552113153 7535
1656032245764986745 11309
1656032245977624447 11701
1656032246213306337 33063
1656032246424801048 9691
1656032246636865390 10920
1656032246855686022 17796
1656032247067809283 7176
1656032247276166955 7175
1656032247512420425 34726
1656032247728066376 11482
1656032247936142458 6733
1656032248144996540 7196
1656032248356126032 9532
1656032248564670214 6912
1656032248770964746 5297
1656032248978652799 6145
1656032249184125241 4403
1656032249413751671 28486
1656032249620611404 5558
1656032249829084866 7274
1656032250040153388 8975
1656032250251577130 10278
1656032250462244912 5150
1656032250719050659 8246
1656032250927893109 6994
1656032251136110194 6960
1656032251343958846 6785
1656032251552123068 6851
1656032251760511960 7467
1656032251972792582 11030
1656032252220725760 46787
1656032252433466541 11715
1656032252655170233 16681
1656032252868006024 11868
1656032253075107246 4632
1656032253301072077 12884
1656032253512528159 10323
1656032253718627321 4952
1656032253924585953 4481
1656032254131097336 5417
1656032254336701408 4511
1656032254543217230 5274
1656032254748954612 4556
1656032254955876315 5240
1656032255161632817 4561
1656032255367773749 5202
1656032255573142031 3906
1656032255814189631 39809
1656032256020381203 5245
1656032256227256885 5896
1656032256433225108 4928
1656032256639349870 5085
1656032256845191022 4795
1656032257050651454 4546
1656032257255874537 4165
1656032257462505219 5620
1656032257667502792 3621
1656032257873423543 4701
1656032258079281796 4347
1656032258285395169 4488
1656032258491662091 5235
1656032258712648242 20018
1656032258918188175 4420
1656032259123899847 4810
1656032259329790119 4700
1656032259535142051 4161
1656032259741903274 4943
1656032260011195970 67980
1656032260223173292 8783
1656032260445101932 17232
1656032260664190624 15938
1656032260873589166 6450
1656032261114197064 39260
1656032261324858557 6263
1656032261533097089 6992
1656032261739751061 5273
1656032261947499534 6307
1656032262155779536 7082
1656032262363105178 6115
1656032262622700516 9929
1656032262836619927 12343
1656032263048141539 10065
1656032263254177571 4913
1656032263461183903 5939
1656032263668994125 5807
1656032263876048858 4452
1656032264082965880 5405
1656032264288961711 4838
1656032264510807643 20631
1656032264717109315 4897
1656032264923841927 5030
1656032265129390569 4549
1656032265335049331 4392
1656032265540928963 4915
1656032265746548006 4584
1656032265959975597 8784
1656032266165363139 4419
1656032266418628018 7810
1656032266630062560 8834
1656032266841448672 9363
1656032267051733434 8740
1656032267310928641 58227
1656032267523207953 10902
1656032267733644305 9485
1656032267948496177 8778
1656032268155836638 6139
1656032268412455917 44511
1656032268627372358 13451
1656032268841629510 12347
1656032269051120582 8323
1656032269258292214 5841
1656032269464900906 5513
1656032269671034789 4693
1656032269879671271 6579
1656032270112014541 31088
1656032270319172583 6194
1656032270526228146 6213
1656032270732812237 5540
1656032270940605689 6091
1656032271150922372 8200
1656032271359061104 7015
1656032271567179416 6962
1656032271777687778 8175
1656032271986878450 5477
1656032272193782562 4878
1656032272411472953 16472
1656032272618402475 5923
1656032272823633247 4534
1656032273030172920 5199
1656032273238051972 6610
1656032273445140434 6178
1656032273655121406 8778
1656032273862821658 6724
1656032274069942871 4885
1656032274275949923 4676
1656032274481829435 4847
1656032274690143767 7024
1656032274895988399 4798
1656032275102304121 5098
1656032275308983614 5192
1656032275520581435 10589
1656032275728175847 6178
1656032275934020280 3733
1656032276139343742 4180
1656032276345547504 5245
1656032276551155106 4541
1656032276757095199 4551
1656032276962124271 4091
1656032277166924083 3929
1656032277373034316 5005
1656032277578692208 4614
1656032277815246278 4738
1656032278020360988 4160
1656032278225752842 4317
1656032278431952864 5243
1656032278637750926 4763
1656032278845069898 6058
1656032279050893591 4489
1656032279255734773 3748
1656032279460673026 3834
1656032279665295558 3433
1656032279913897635 47536
1656032280119708668 4742
1656032280325632450 4492
1656032280531083904 4161
1656032280737603096 5258
1656032280943476548 4922
1656032281150630771 6156
1656032281359279682 7309
1656032281566113605 5647
1656032281812719324 45476
1656032282020398235 6428
1656032282226527398 5000
1656032282432849921 5108
1656032282639261803 5234
1656032282846543745 6406
1656032283113869072 66202
1656032283320535045 5589
1656032283528108736 6323
1656032283734246539 5004
1656032283941611752 5864
1656032284210505698 66857
1656032284416165091 4323
1656032284623763432 6580
1656032284836979374 9693
1656032285055822825 12901
1656032285320399102 8909
1656032285529015815 7667
1656032285741097907 9206
1656032285950844178 8538
1656032286216682576 53308
1656032286423886278 6273
1656032286632451080 7574
1656032286839593102 5936
1656032287046036754 5265
1656032287252268186 4651
1656032287458243239 4438
1656032287664345901 5008
1656032287913902540 47861
1656032288121811312 5544
1656032288328503613 5072
1656032288534901226 4301
1656032288742191188 4748
1656032288947619611 4565
1656032289153688753 4921
1656032289358806355 3871
1656032289566090677 5859
1656032289772902009 5702
1656032289979771682 5866
1656032290185812644 5100
1656032290391973206 4465
1656032290598408748 5426
1656032290811781000 12415
1656032291018737342 5485
1656032291225032204 5021
1656032291431795936 5576
1656032291638870488 5482
1656032291845770420 5142
1656032292052827372 5234
1656032292260968194 4998
1656032292466372807 4349
1656032292672533419 4162
1656032292878864821 4799
1656032293084829353 4198
1656032293291798095 5080
1656032293498508047 4703
1656032293710971670 11258
1656032293916652802 4539
1656032294123920854 5963
1656032294332359166 6589
1656032294540058888 5287
