1656031710620863126 67562
1656031710826827397 4958
1656031711032221278 4273
1656031711237796499 4632
1656031711444056360 5193
1656031711650726191 5590
1656031711856288622 4535
1656031712064577913 6284
1656031712270229152 4373
1656031712476840204 5401
1656031712682579935 4585
1656031712889165728 5389
1656031713095702309 5449
1656031713301118868 4291
1656031713506838331 4609
1656031713712605791 4761
1656031713918780352 5152
1656031714124652314 4743
1656031714330295685 4680
1656031714536845446 5478
1656031714743176937 5097
1656031714949738168 5592
1656031715155356709 4476
1656031715361470710 5068
1656031715567200871 4743
1656031715772681182 4496
1656031715978079984 4257
1656031716184356965 5227
1656031716390132377 4502
1656031716595891587 4679
1656031716802046638 5025
1656031717008429880 5128
1656031717213891181 4453
1656031717419497772 4576
1656031717626031493 5428
1656031717832415035 5407
1656031718038225636 4558
1656031718243892927 4710
1656031718449391048 4505
1656031718655263909 4743
1656031718861065780 4944
1656031719066499921 4459
1656031719273119142 5522
1656031719478997743 4653
1656031719684955074 4785
1656031719890916254 4972
1656031720096829666 4808
1656031720302754347 4937
1656031720508690848 4703
1656031720715530859 5646
1656031720921933450 4639
1656031721127635161 4544
1656031721333191512 4456
1656031721538497463 4219
1656031721744943074 5258
1656031721950692185 4761
1656031722156632357 4977
1656031722362958447 4970
1656031722569110228 4930
1656031722775146239 4912
1656031722981378160 5146
1656031723186928531 4453
1656031723393972882 5903
1656031723600165333 5049
1656031723805909744 4729
1656031724012188475 5233
1656031724218403876 5057
1656031724424465807 4932
1656031724631221488 5683
1656031724837087210 4802
1656031725042940191 4864
1656031725248632692 4637
1656031725454486323 4815
1656031725661247864 5758
1656031725867451575 5216
1656031726073821916 5273
1656031726280572407 5664
1656031726486890188 5327
1656031726692774969 4738
1656031726898360031 4512
1656031727103529850 4153
1656031727309888882 5364
1656031727516556834 5146
1656031727722965135 5294
1656031727929470355 5413
1656031728135062917 4606
1656031728340292948 4274
1656031728545748759 4329
1656031728751509170 4728
1656031728956857481 4247
1656031729162669943 4772
1656031729369663704 5951
1656031729575626935 4693
1656031729781951677 5021
1656031729988471218 5380
1656031730195177817 5702
1656031730402850150 6703
1656031730609733391 5618
1656031730816029541 5369
1656031731022197643 5075
1656031731228477124 5182
1656031731435088295 5465
1656031731641665365 5612
1656031731848311907 5590
1656031732054451727 5010
1656031732261038039 5608
1656031732469747600 6384
1656031732676576991 5308
1656031732884055580 5986
1656031733090714791 5674
1656031733298512104 6729
1656031733504747223 5220
1656031733711487846 5674
1656031733917981068 5461
1656031734125742549 6684
1656031734332491440 5574
1656031734539645311 6071
1656031734746410982 5536
1656031734952555453 4886
1656031735159907343 6378
1656031735366735555 5726
1656031735572953156 4970
1656031735778740327 4567
1656031735985210708 5232
1656031736192444479 6393
1656031736398405889 4667
1656031736606134092 5120
1656031736813466752 5194
1656031737020762323 5604
1656031737227213034 5327
1656031737434228624 5975
1656031737641272936 6034
1656031737847742706 5031
1656031738055370878 6566
1656031738261084709 4583
1656031738467178310 5150
1656031738673034480 4940
1656031738879210352 5073
1656031739085013603 4731
1656031739291410463 5376
1656031739498485157 5792
1656031739705151737 5640
1656031739911076488 4825
1656031740118039739 5784
1656031740323729960 4483
1656031740529739201 4629
1656031740735959742 5242
1656031740942944894 6023
1656031741149413884 5028
1656031741355429176 4879
1656031741561524316 4866
1656031741768351817 5782
1656031741974253239 4713
1656031742180424320 5182
1656031742386590631 5172
1656031742592894842 5211
1656031742799538452 5790
1656031743007427965 6440
1656031743213848726 5452
1656031743420241797 5279
1656031743626186508 4891
1656031743832669289 5306
1656031744038773710 4788
1656031744244399941 4543
1656031744450737922 5135
1656031744657067403 5335
1656031744864377554 6174
1656031745073264165 7256
1656031745279120455 4889
1656031745485559427 5180
1656031745691422578 4711
1656031745897336718 4876
1656031746103654499 5240
1656031746310155901 5419
1656031746518102381 5580
1656031746725471543 5749
1656031746932562654 5657
1656031747139252735 5470
1656031747345215416 5160
1656031747553903086 7418
1656031747761010337 6155
1656031747968304237 5886
1656031748174989379 5531
1656031748381131560 4853
1656031748587444010 5338
1656031748794816021 6147
1656031749001558289 5588
1656031749209071723 6400
1656031749419431013 9193
1656031749626120095 5642
1656031749832767926 5582
1656031750039438767 5666
1656031750246080177 5555
1656031750452135689 4681
1656031750659769030 5916
1656031750866172301 5286
1656031751071936232 4718
1656031751279527131 5918
1656031751485907484 4893
1656031751692248555 5321
1656031751898133056 4800
1656031752104558376 5092
1656031752311069559 5465
1656031752516887620 4796
1656031752723109191 5054
1656031752930012661 5535
1656031753136994222 5761
1656031753343006044 4969
1656031753549510945 5377
1656031753761527325 7274
1656031753968078696 5468
1656031754175045067 5997
1656031754381759638 5716
1656031754587970409 5176
1656031754794804830 5839
1656031755001170121 5296
1656031755207838092 5710
1656031755415389893 6539
1656031755621954294 4914
1656031755828914535 5559
1656031756034730156 4864
1656031756241088817 4987
1656031756447552537 4698
1656031756658071579 8773
1656031756865942528 6055
1656031757073102060 5730
1656031757278838412 4636
1656031757484982963 4684
1656031757690554174 4390
1656031757896930272 5396
1656031758103750106 5875
1656031758309929417 4806
1656031758517022138 4732
1656031758724017388 4868
1656031758930927200 4736
1656031759137024021 4658
1656031759343187423 5239
1656031759550164703 5692
1656031759755811414 4655
1656031759963768565 6046
1656031760170359766 5603
1656031760376521137 4318
1656031760583675769 4670
1656031760789146309 4253
1656031760995457830 5076
1656031761201277411 4512
1656031761408630622 4903
1656031761616169663 6156
1656031761824235514 6041
1656031762031121245 5831
1656031762238211936 5854
1656031762444419027 5188
1656031762652976468 7461
1656031762860311609 6335
1656031763068025879 6564
1656031763273814871 4632
1656031763480596552 5556
1656031763687961583 6234
1656031763895817754 5138
1656031764102490885 5445
1656031764310156165 5908
1656031764516799087 5299
1656031764723980928 6087
1656031764930146700 5045
1656031765137198740 5743
1656031765343052811 4940
1656031765549950022 5319
1656031765756039594 5113
1656031765963498625 6465
1656031766170449596 5324
1656031766376937546 5122
1656031766583508237 5622
1656031766789718058 4783
1656031766997021469 5997
1656031767209611890 9579
1656031767416525671 5345
1656031767623004672 5518
1656031767829734613 5499
1656031768035289815 4355
1656031768241469826 4893
1656031768447477067 4627
1656031768653029208 4348
1656031768858764069 4698
1656031769065447939 5718
1656031769271250641 4819
1656031769478053503 6058
1656031769685490073 5541
1656031769891523444 5055
1656031770097603905 5087
1656031770303757676 5047
1656031770510126867 5440
1656031770716125189 5117
1656031770922232710 5006
1656031771128293761 5081
1656031771334472332 5201
1656031771542084922 5971
1656031771748139014 5139
1656031771953989944 4571
1656031772160954396 5985
1656031772367203455 5312
1656031772573377828 5352
1656031772779182698 4673
1656031772985235190 4981
1656031773191337740 4902
1656031773398932162 6375
1656031773605438493 5035
1656031773811642143 5223
1656031774017293545 4599
1656031774222916866 4649
1656031774430230957 6190
1656031774636891538 5580
1656031774843371139 5334
1656031775050428010 6099
1656031775257048561 5342
1656031775464461782 6432
1656031775671776993 6193
1656031775877822924 5107
1656031776085422025 5755
1656031776291799576 5377
1656031776497883786 5048
1656031776704808788 5836
1656031776919705868 13218
1656031777127093499 6341
1656031777332732250 4710
1656031777540547321 6709
1656031777747738162 6154
1656031777955051433 5980
1656031778161718204 5480
1656031778367630075 4855
1656031778573134886 4572
1656031778780049007 5824
1656031778986275986 5251
1656031779192404499 4481
1656031779399962240 5914
1656031779606898241 5990
1656031779812575972 4408
1656031780017909711 4005
1656031780224356133 5275
1656031780432160035 6542
1656031780638864536 5638
1656031780844216797 3980
1656031781051691628 6565
1656031781258019119 5306
1656031781463976340 4820
1656031781669574882 4284
1656031781876094463 5356
1656031782083707863 6298
1656031782290416005 5521
1656031782497465906 5803
1656031782705081447 6404
1656031782912296238 4649
1656031783118783539 5499
1656031783325713250 5654
1656031783531735330 4940
1656031783738266602 5233
1656031783945794802 6401
1656031784152113334 5026
1656031784359060305 5675
1656031784565669746 5547
1656031784772609577 5775
1656031784979519748 5650
1656031785185780449 5016
1656031785392582610 5874
1656031785598481331 4947
1656031785804822942 5211
1656031786012403312 6408
1656031786218404324 4891
1656031786425027335 5574
1656031786631962746 5968
1656031786838830058 5860
1656031787044494309 4572
1656031787250096570 4581
1656031787456772341 5692
1656031787663798202 5770
1656031787870407373 5481
1656031788078859683 7410
1656031788285546741 5472
1656031788492130495 5612
1656031788698560466 4465
1656031788905828197 5898
1656031789113574638 6615
1656031789321096409 6012
1656031789527693000 5562
1656031789735558941 6386
1656031789942743972 6083
1656031790148897533 4848
1656031790354812994 4620
1656031790562228394 6360
1656031790768544686 4719
1656031790974966637 5359
1656031791181614859 5590
1656031791388617529 5929
1656031791595035352 5091
1656031791802179600 6120
1656031792009373362 6198
1656031792216053114 5765
1656031792422265475 5233
1656031792629699916 6464
1656031792836383958 5691
1656031793043370098 5787
1656031793251167290 6086
1656031793457675881 5628
1656031793664718991 6096
1656031793871777613 5957
1656031794078891844 6100
1656031794284087983 3983
1656031794490967164 5747
1656031794697139807 5104
1656031794904805548 6338
1656031795111195030 5199
1656031795318953401 6770
1656031795526099802 5756
1656031795732485423 5131
1656031795938162964 4526
1656031796144655285 5369
1656031796351370137 5631
1656031796557507018 4919
1656031796763892059 5361
1656031796970880340 5921
1656031797177362080 5490
1656031797383752102 5089
1656031797590585263 5756
1656031797797244574 5020
1656031798003178633 4874
1656031798209260716 5095
1656031798416157727 5896
1656031798622399918 5102
1656031798831409549 7817
1656031799037637020 5042
1656031799244024131 5127
1656031799449409102 4354
1656031799665205792 9028
1656031799871382554 5256
1656031800079065313 6540
1656031800285411185 5262
1656031800491826066 5155
