1656032328320034043 268048
1656032328617773717 95906
1656032328935860130 105456
1656032329320530617 175313
1656032329557107597 23063
1656032329770197129 12012
1656032330058271344 43057
1656032330277930765 7795
1656032330521234774 42104
1656032330733282756 9986
1656032330954584697 19888
1656032332227609008 1071718
1656032332460118078 24448
1656032333905486583 1244240
1656032334122211673 11135
1656032334333077036 9990
1656032334540303768 5801
1656032334746902790 4896
1656032336001274574 1053267
1656032336227724853 24457
1656032336450209574 9474
1656032336668300015 14079
1656032336883030817 5728
1656032337334574948 248269
1656032337612783424 69523
1656032337820951856 6710
1656032338030006928 5786
1656032338237646860 6122
1656032338539058824 99354
1656032338756359326 10239
1656032338973126216 10960
1656032339185347908 7065
1656032339402635890 11929
1656032340610346256 1006555
1656032341825346201 1013482
1656032343256232909 1229341
1656032343475817650 3685
1656032343682264302 5316
1656032343887467704 4178
1656032344092245856 3740
1656032344298375229 5168
1656032344508828171 8622
1656032344723102223 12961
1656032344954111533 22893
1656032345167072314 10253
1656032345410975583 29465
1656032345621294465 8949
1656032345843241326 16390
1656032346065208678 16894
1656032346277926679 10378
1656032346485799021 6818
1656032347718088645 1029705
1656032347947853715 26436
1656032355268899537 7119845
1656032355476969439 5840
1656032355724349807 45148
1656032359042769592 3116759
1656032359249832704 5612
1656032359470294735 18043
1656032359685005816 11256
1656032359891779349 5845
1656032360097477571 4453
1656032360330740191 19005
1656032360552221472 20377
1656032360817398399 63115
1656032361044035750 11812
1656032361260869062 8826
1656032361480924592 16281
1656032361714112522 30568
1656032361941591423 25539
1656032362218303309 69371
1656032362433025070 9866
1656032362647099092 11054
1656032362910836408 60606
1656032363119234572 6776
1656032364354037004 1031801
1656032365573805760 1018055
1656032365812153550 25052
1656032366041785410 22886
1656032366263334311 16165
1656032366480095083 14880
1656032366713035482 25814
1656032368001025032 1081278
1656032368223989193 21794
1656032368442479284 17411
1656032369666650909 1023065
1656032369896185159 19764
1656032370129146559 26173
1656032370348539710 10872
1656032370564162682 14018
1656032370780157113 14139
1656032372032792125 1051662
1656032372953234356 719295
1656032373159300077 5035
1656032373364987980 4542
1656032373573041329 7075
1656032373783714114 9497
1656032373996649766 11795
1656032374377821133 180145
1656032374595118605 11868
1656032374801466457 5154
1656032375008841999 4505
1656032375216818111 6509
1656032376658447927 1240671
1656032376982267939 116667
1656032377202163920 16189
1656032377414364972 10116
1656032377619759274 4250
1656032377832768296 9161
1656032379078521048 1039571
1656032379313449778 30315
1656032379564825297 29624
1656032379796177836 29953
1656032380004180629 5948
1656032381249748281 1042683
1656032381513562047 61476
1656032381749841828 4084
1656032381962828370 10293
1656032382182860321 13587
1656032382399843792 12628
1656032382629230932 24982
1656032383874307325 1042674
1656032384134553692 48923
1656032384369568612 24405
1656032384594886553 19620
1656032384805057535 8060
1656032385010208327 4214
1656032385219252029 7717
1656032386435195444 1014659
1656032387871229040 1229345
1656032388092304742 13778
1656032388301731143 6059
1656032388509787175 4356
1656032388714967137 4376
1656032390163300712 1247111
1656032390391198423 25361
1656032390622114341 12831
1656032390840480074 12626
1656032391062089915 14368
1656032391285076476 17863
1656032391496344508 7824
1656032391707918510 9675
1656032391917865841 7941
1656032392128649313 7067
1656032393414277783 1071219
1656032393629672034 8967
1656032393846034355 13908
1656032394062654447 9298
1656032394278548809 12352
1656032394503188230 22294
1656032394715656121 6022
1656032394929674703 10097
1656032395140839765 9586
1656032395352518596 10143
1656032395624974943 70765
1656032396867353676 1036643
1656032398081180931 1012586
1656032399299637948 1015300
1656032399522110678 15867
1656032399747567259 22227
1656032399962772611 10239
1656032400176996432 12311
1656032400402460722 22179
1656032403923869268 3320049
1656032404149163629 20881
1656032404411769156 57536
1656032404620719838 7830
1656032404832030609 9506
1656032406092346240 1059078
1656032406333083740 37857
1656032406561113039 23874
1656032406817836037 6846
1656032407026824588 7584
1656032408257287981 1028382
1656032408665020116 206782
1656032408882085177 13814
1656032409104249748 17995
1656032409321422529 13881
1656032409528559962 6160
1656032410757142366 1026869
1656032410967202629 8751
1656032411181944890 11381
1656032411396717361 11906
1656032411628780792 28418
1656032411849035833 17850
1656032413125238023 1071987
1656032413347286145 20510
1656032413571513305 12868
1656032413791002746 16088
1656032414004887578 11796
1656032414431281712 225012
1656032414645098133 9851
1656032414852488505 4528
1656032415058597188 4734
1656032415265492780 5720
1656032415472851612 6337
1656032415680128995 5778
1656032415895005706 14034
1656032416101970319 5125
1656032416310105101 4124
1656032416515905083 4624
1656032416723840035 6605
1656032416935709816 10706
1656032417153145129 14993
1656032417374299280 17505
1656032417584986262 7913
1656032417793356844 6481
1656032418004654576 10296
