1656032575247664771 300359
1656032575524805017 13858
1656032575758495627 27945
1656032577115011160 1092335
1656032578436293527 1119037
1656032578655925949 17974
1656032578885162909 23242
1656032579101443601 12234
1656032579324700062 16311
1656032580553644825 1016404
1656032580790746785 32446
1656032581039367894 46240
1656032581263716586 21597
1656032581528219593 63091
1656032581756101933 19138
1656032581968214075 9072
1656032582215187804 45937
1656032582430656935 12148
1656032582644129977 11834
1656032582854033599 6518
1656032584131695960 1075221
1656032584349162741 15937
1656032584614274118 61511
1656032584839855139 20622
1656032586048951315 1006073
1656032586336069889 25129
1656032586611427437 69277
1656032586825930528 12743
1656032587036454600 8468
1656032588291598572 1054060
1656032588534763251 23904
1656032588756170992 16878
1656032588971015744 10809
1656032589181093336 8908
1656032589424158585 40983
1656032589852949848 219577
1656032590081068359 23873
1656032590292559360 8446
1656032590503509282 9586
1656032590713929144 8228
1656032594193821456 3278169
1656032597507031520 3107934
1656032597718427844 9741
1656032601026543531 3105292
1656032602305988601 1075863
1656032603520381747 1013281
1656032603728776799 6570
1656032603941552350 11746
1656032604150835833 6984
1656032604367165294 8401
1656032605841437787 1265897
1656032606078118087 25861
1656032606289768499 5264
1656032606507186180 3976
1656032606713093713 4943
1656032606919121115 5035
1656032607124665697 4675
1656032607329801310 4152
1656032607535938342 4988
1656032607741981234 4712
1656032607957082056 13824
1656032608216216254 57592
1656032608444774974 23824
1656032608666516565 18347
1656032608880220887 11069
1656032609093793418 9209
1656032609310151540 6612
1656032609526670091 7272
1656032609744247812 16040
1656032613063172978 3117800
1656032613330851635 64625
1656032614825247847 1286050
1656032615040596278 13342
1656032615256134540 14606
1656032615472789911 15703
1656032615679187703 5134
1656032618946292553 3064726
1656032620161748270 1014384
1656032620375037991 9044
1656032620585100083 6428
1656032622441442853 1653332
1656032622648470986 5682
1656032622855516298 5787
1656032623261208703 203998
1656032623517047841 48399
1656032623733120512 11681
1656032623953783614 8149
1656032625432635117 1272039
1656032625646202549 12251
1656032625851758550 4477
1656032626057621713 4832
1656032626262976015 4284
1656032626472073948 7763
1656032629972592257 3298395
1656032630238810784 61583
1656032630547384398 25168
1656032630763179279 14562
1656032630973263481 8628
1656032631183546973 5364
1656032631576796449 190690
1656032631812542459 33083
1656032632025364430 9124
1656032632237138372 5545
1656032632445083035 5264
1656032639746256866 7099668
1656032640011812343 47437
1656032640228647835 11839
1656032640535033549 102818
1656032640825633984 74293
1656032641046803915 18985
1656032641265931336 12749
1656032641485458017 18014
1656032642758036478 1064250
1656032642981546659 19338
1656032643210859900 16872
1656032643430348940 8786
1656032643660483041 15088
1656032644932096102 1020870
1656032645211172798 72034
1656032645422842740 8434
1656032645629995852 5508
1656032645837994984 6727
1656032646044863376 5726
1656032646321038043 73815
1656032646545285764 20180
1656032646758507605 11070
1656032646976296637 12781
1656032647187081088 8288
1656032647399933880 7574
1656032647616597622 8329
1656032648902696031 1078335
1656032649131263972 26165
1656032649415011156 76040
1656032649628896989 11899
1656032649842937841 12731
1656032650278159033 230942
1656032650504585454 22196
1656032650717123006 10852
1656032650934228837 12096
1656032651145434508 10228
1656032654468935123 3118711
1656032655682600039 1012443
1656032656899399385 1015669
1656032660169881155 3069341
1656032660416700164 44428
1656032663684616334 3065484
1656032663899663556 11209
1656032665163462437 1050199
