1655329862071168859 112863028
1655329862287071816 12923242
1655329862501357465 11461319
1655329862714427610 11877634
1655329862940569150 21533462
1655329863160503244 14747087
1655329863375585984 13897649
1655329863594366852 14130163
1655329863810967813 12189628
1655329864026234605 10998948
1655329864240855486 10909600
1655329864453179973 11772367
1655329864670053484 13207060
1655329864879654923 9184662
1655329865089476328 9211954
1655329865303027908 10242431
1655329865513011984 9606426
1655329865722483127 9083323
1655329865931881259 9002548
1655329866142804193 10617661
1655329866354349295 11091150
1655329866565887566 11110273
1655329866783258602 16966804
1655329867001208848 13457615
1655329867214863983 13224187
1655329867431425613 12133197
1655329867648655140 13386271
1655329867868141515 19057190
1655329868086738623 15690202
1655329868302537610 10959344
1655329868518114300 11182733
1655329868733031717 11184104
1655329868944464440 11015907
1655329869156006059 11140310
1655329869370976489 14510497
1655329869584640393 12540736
1655329869796232874 10383852
1655329870010281835 10378700
1655329870224939363 11042916
1655329870436905729 11076288
1655329870648311411 10995272
1655329870859466193 10752000
1655329871070007390 10119228
1655329871282487608 9775507
1655329871495100124 9491851
1655329871708581035 10301158
1655329871922506325 10520952
1655329872134720544 11427273
1655329872347298521 11792338
1655329872559371494 9255423
1655329872771577713 9419153
1655329872983735012 9254837
1655329873202658006 16077566
1655329873414329229 11269108
1655329873625373720 10648411
1655329873836131406 10349786
1655329874049560503 10689514
1655329874260879884 10898062
1655329874472724362 11422587
1655329874685680082 10236592
1655329874895335671 9236733
1655329875105057186 9310851
1655329875317154740 9325015
1655329875526963629 9400192
1655329875739529064 9817311
1655329875949319524 9390885
1655329876160236253 10519632
1655329876372581168 9536408
1655329876584639846 9291473
1655329876796890349 9530087
1655329877008836862 9248023
1655329877218419577 9151329
1655329877433280440 12218270
1655329877645459716 9436801
1655329877858525992 10187309
1655329878068522878 9605530
1655329878281513305 10186870
1655329878493746696 9502111
1655329878706090297 9578663
1655329878919728884 10811764
1655329879132007784 9551041
1655329879344382910 9609356
1655329879554488554 9653337
1655329879766733506 9423883
1655329879978929065 9445503
1655329880189059133 9721232
1655329880398897092 9456400
1655329880611087458 9495844
1655329880820838917 9356804
1655329881030609039 9278779
1655329881243139228 9771073
1655329881453045481 9498008
1655329881666885995 10952460
1655329881882836106 15535704
1655329882095315660 9665265
1655329882308513842 10471225
1655329882521522297 10212379
1655329882733895581 9576195
1655329882944416829 10097097
1655329883157588284 10318422
1655329883370315197 9952730
1655329883580692891 9961176
1655329883794466356 11047169
1655329884005875264 10820097
1655329884217618415 11000304
1655329884427964211 9739988
1655329884638787173 9809348
1655329884852576149 10359086
1655329885065536992 10235983
1655329885279675704 11300054
1655329885492285822 9598374
1655329885704930522 9913109
1655329885918401682 10686979
1655329886130184572 11445057
1655329886344423670 10894393
1655329886557599684 12187633
1655329886767379330 9362276
1655329886977087492 9298012
1655329887189352895 9550151
1655329887401765341 9672924
1655329887611481264 9309084
1655329887823591262 9387589
1655329888033693740 9686130
1655329888243549916 9444723
1655329888453347638 9392283
1655329888663187856 9436407
1655329888875391419 9284707
1655329889085109714 9304155
1655329889298703184 10878767
1655329889508558520 9443142
1655329889718426685 9457661
1655329889930725260 9309014
1655329890143151668 9643188
1655329890354999915 11384532
1655329890564860107 9464852
1655329890779397721 14118882
1655329890992255232 9274514
1655329891204410326 9348293
1655329891415336234 10487521
1655329891625690376 9746546
1655329891837966655 9502264
1655329892048025577 9662132
1655329892262431308 11164343
1655329892474471848 9331209
1655329892686553229 9317469
1655329892898611650 9228304
1655329893108605134 9482310
1655329893318603367 9604449
1655329893533923355 9542667
1655329893744383899 9841671
1655329893954006404 9228227
1655329894166104746 9362159
1655329894378271313 9387616
1655329894590223856 9236533
1655329894804597351 11606284
1655329895018218754 10760263
1655329895230227050 11593064
1655329895442480574 11830645
1655329895652475159 9598150
1655329895864902892 9643860
1655329896077209930 9530914
1655329896289688137 9716077
1655329896501864655 9423048
1655329896711566531 9299602
1655329896923600150 11617424
1655329897135917805 9404771
1655329897348171313 9508526
1655329897558088966 9515678
1655329897770505242 9524839
1655329897980373866 9460845
1655329898192811844 9714162
1655329898403022698 9808058
1655329898612782085 9363971
1655329898822593411 9392815
1655329899034741015 9350062
1655329899244935799 9792965
1655329899457343742 9710458
1655329899670008552 12265653
1655329899879891747 9618683
1655329900089590805 9311320
1655329900299651405 9562607
1655329900512201489 12131559
1655329900724212465 9236770
1655329900935652426 10732470
1655329901146071133 9991491
1655329901355818485 9338958
1655329901565494887 9261252
1655329901778230406 12344807
1655329901988233031 9603329
1655329902200410679 9443804
1655329902410137706 9307927
1655329902622522941 9597434
1655329902832171246 9250804
1655329903044482843 9469472
1655329903256962607 9483027
1655329903469171284 9395994
1655329903678905512 9336747
1655329903890999591 9428784
1655329904100575683 9158048
1655329904311289664 10293700
1655329904521331561 9608334
1655329904731066863 9315804
1655329904952475395 20651932
1655329905162294219 9421043
1655329905373228129 10527922
1655329905585578419 9578864
1655329905795633112 9645861
1655329906005357957 9278097
1655329906215094633 9337240
1655329906424900834 9390513
1655329906634708562 9387780
1655329906844513295 9410525
1655329907055229159 10311120
1655329907268893078 9520556
1655329907478787521 9505138
1655329907690899149 9236907
1655329907905791771 14602350
1655329908117881399 9438521
1655329908330193455 9442238
1655329908542827171 9920532
1655329908765225582 21981267
1655329908975542603 9244541
1655329909185170600 9213611
1655329909394844212 9274684
1655329909605380469 10115042
1655329909817850054 9437529
1655329910027660046 9421248
1655329910237601748 9479050
1655329910447314046 9315105
1655329910659411857 9383606
1655329910869309505 9459519
1655329911078937188 9217610
1655329911291447528 9667503
1655329911501379945 9521699
1655329911711208584 9406764
1655329911923918450 9977616
1655329912136431184 9469158
1655329912347031024 10173325
1655329912559207570 9455317
1655329912773490036 11460928
1655329912985625032 9394327
1655329913197619358 9230843
1655329913407695781 9630074
1655329913619761484 9316617
1655329913829440742 9280757
1655329914039195841 9347711
1655329914253321695 13723150
1655329914466135958 10067954
1655329914675868422 9321507
1655329914885697829 9553730
1655329915097818278 9243211
1655329915308626397 10100076
1655329915518789913 9767257
1655329915728647485 9455069
1655329915938209207 9135422
1655329916153654604 15040688
1655329916363498715 9427314
1655329916573234579 9336883
1655329916797326059 21370764
1655329917009370177 9235472
1655329917221185720 9185304
1655329917433439041 9488382
1655329917643197201 9360710
1655329917855239296 9289469
1655329918065079036 9439894
1655329918277589670 9793697
1655329918487308168 9316073
1655329918699473360 9391451
1655329918909235014 9350017
1655329919118967345 9333589
1655329919329088111 9389862
1655329919538751488 9242717
1655329919748449101 9303506
1655329919958177457 9318921
1655329920170334273 9332364
1655329920382438336 9338607
1655329920595538829 12689083
1655329920807647021 9325838
1655329921017389281 9266632
1655329921227465578 9668107
1655329921437371054 9458835
1655329921649642020 9484669
1655329921861909725 9427932
1655329922074148759 9463754
1655329922284176690 9611356
1655329922496486483 9605479
1655329922709232100 10034325
1655329922924503498 12558502
1655329923136552272 11636843
1655329923348708965 9384085
1655329923561753415 10271530
1655329923771463901 9316676
1655329923983332904 9201774
1655329924195468864 9308198
1655329924405375947 9500366
1655329924617295795 9332482
1655329924827025117 9309380
1655329925036590868 9164691
1655329925249167421 9730663
1655329925461297940 9415988
1655329925673460530 9447691
1655329925885704323 9410557
1655329926099595637 11132586
1655329926314113751 11540339
1655329926525379842 10846801
1655329926735071900 9284911
1655329926947260164 9410763
1655329927157280329 9609115
1655329927367104287 9400525
1655329927576848239 9347681
1655329927786595502 9328238
1655329927998552302 9235966
1655329928208184151 9232650
1655329928417841985 9240737
1655329928627992816 9739677
1655329928869111652 37003285
1655329929088375773 14667173
1655329929301411305 12620150
1655329929514630844 12816462
1655329929726923205 11910517
1655329929940799821 10684883
1655329930152492058 10950558
1655329930367091377 11516539
1655329930578301842 10798693
1655329930792444572 11306180
1655329931005936201 10719059
1655329931215729580 9369312
1655329931430720950 12259846
1655329931640577377 9441023
1655329931850341360 9376181
1655329932060362674 9633037
1655329932269986374 9216556
1655329932481977442 9267385
1655329932694292875 9440250
1655329932906360757 9229324
1655329933119838988 10576984
1655329933330617021 10473659
1655329933540407643 9387834
1655329933750977574 10160201
1655329933963861081 9960312
1655329934176051490 9347216
1655329934388316252 9372602
1655329934597908731 9208463
1655329934810086230 9343225
1655329935022413112 9569371
1655329935239912907 11916127
1655329935450824246 10150804
1655329935664517687 10409156
1655329935876656233 11164802
1655329936086443301 9366818
1655329936300012705 10849889
1655329936512526011 9765115
1655329936722402106 9487799
1655329936938914374 10675897
1655329937148645638 9351971
1655329937358328189 9282755
1655329937570735920 9483581
1655329937780695669 9570306
1655329937990573172 9490352
1655329938200575180 9611369
1655329938410438535 9458437
1655329938620514370 9573786
1655329938830270936 9355335
1655329939042409762 9350300
1655329939254967859 9863608
1655329939467217153 9550256
1655329939677017523 9412404
1655329939889437874 9639309
1655329940102409986 10172320
1655329940315286216 10031749
1655329940527953819 9852641
1655329940738135407 9731521
1655329940950468146 9512915
1655329941160350867 9494941
1655329941372385467 9252561
1655329941584719954 9522946
1655329941794474043 9340392
1655329942006597399 9423813
1655329942218852834 9460575
1655329942428862659 9598835
1655329942641036331 9374253
1655329942853317209 9173791
1655329943065395867 9287587
1655329943277555764 9298087
1655329943490283720 9943622
1655329943702231814 9259746
1655329943911825671 9177109
1655329944121637227 9392039
1655329944333776335 9309608
1655329944543557172 9373615
1655329944753372634 9427799
1655329944963234473 9445434
1655329945175092578 9146372
1655329945387202274 9299782
1655329945596936739 9334103
1655329945806506894 9171315
1655329946018520183 9265664
1655329946230610182 9281335
1655329946440500391 9467187
1655329946652500767 9241757
1655329946865002886 9746955
1655329947077167148 9394059
1655329947289357531 9404783
1655329947501526705 9403760
1655329947713629301 9322011
1655329947925890640 9377339
1655329948138687320 10069611
1655329948351156820 9666340
1655329948563943915 10116286
1655329948774791470 9799954
1655329948987662398 9590082
1655329949199880135 11778609
1655329949411026019 10717145
1655329949620883003 9457906
1655329949833917778 10383373
1655329950046936903 10280076
1655329950258356635 10996192
1655329950468540404 9759092
1655329950681949738 12989005
1655329950892025060 9587315
1655329951104573042 9714440
1655329951315024511 9591898
1655329951524840393 9378793
1655329951737071529 9505660
1655329951949162931 9340049