1655183956094130433 6404020
1655183956302468497 7834099
1655183956507814621 4865439
1655183956714145087 5676179
1655183956922098342 6262199
1655183957128783706 5000950
1655183957334576453 5480290
1655183957541283057 5503089
1655183957749677843 7281570
1655183957955945418 5779140
1655183958163517903 5670490
1655183958371981268 7207340
1655183958579988163 7561520
1655183958784544887 4160899
1655183958989328293 4349270
1655183959194089517 4341970
1655183959399350152 4688129
1655183959606174278 5659600
1655183959811633853 4209650
1655183960017290076 4568869
1655183960223314893 4826139
1655183960429809098 5433630
1655183960635720513 4736030
1655183960842553068 6575330
1655183961049287703 5494320
1655183961254891258 5290530
1655183961460574902 4633370
1655183961667570817 5550519
1655183961873822622 4973140
1655183962081788948 6426760
1655183962287651273 4826849
1655183962494204708 5022309
1655183962699941383 5416819
1655183962907784968 6645089
1655183963115420953 5681479
1655183963321728978 5798860
1655183963530765683 6319269
1655183963737821638 6008779
1655183963957773282 18842299
1655183964169523636 9548009
1655183964376175272 5234809
1655183964581725287 5025490
1655183964786601932 4543780
1655183964992921557 5044570
1655183965198251653 4848080
1655183965404157815 4618259
1655183965609116383 4648620
1655183965817090237 7623789
1655183966022339302 4788379
1655183966227458617 4142310
1655183966432193272 4396369
1655183966636946418 4306760
1655183966853794161 13891999
1655183967059665037 5314350
1655183967265223782 4363490
1655183967470679207 5130590
1655183967680777932 9600839
1655183967886988765 4788810
1655183968093723722 6304610
1655183968299087627 4446620
1655183968504534592 4335169
1655183968710954047 5025999
1655183968916800282 4781800
1655183969122939007 4872470
1655183969328781942 4758310
1655183969534960498 4877250
1655183969740929001 4893520
1655183969947749527 5727880
1655183970153625102 4800210
1655183970360088757 5283080
1655183970567232852 6029469
1655183970774733167 5701930
1655183970980653042 5521090
1655183971186787117 5757849
1655183971395679061 8480260
1655183971601981816 4202069
1655183971807937202 4988609
1655183972014515767 4552490
1655183972220189972 5198529
1655183972426443907 5013529
1655183972632256122 4669869
1655183972840049597 6668269
1655183973046227952 5527839
1655183973253087957 6183029
1655183973458625692 5127399
1655183973664779397 5173629
1655183973871047022 5291890
1655183974076629417 5164119
1655183974283000481 5373629
1655183974490173915 6784110
1655183974698189252 6839880
1655183974903363417 4693259
1655183975108366351 4697489
1655183975313534595 4807819
1655183975520101412 6201999
1655183975726478708 5383610
1655183975932485732 5643319
1655183976138818177 5192169
1655183976343840380 4661830
1655183976549773228 4929280
1655183976755982853 5842480
1655183976961667678 5127740
1655183977168250553 5490080
1655183977374987687 5458990
1655183977580753173 5049270
1655183977786737768 4947930
1655183977993343003 5359910
1655183978200441928 5906269
1655183978408784643 6817229
1655183978616156078 5370719
1655183978821981392 4576870
1655183979027667058 5427320
1655183979234231362 4538640
1655183979441221858 6272390
1655183979649112732 7182899
1655183979855887168 5359450
1655183980062382202 5229510
1655183980268749878 5163160
1655183980481085773 10145290
1655183980687022946 4109890
1655183980891911791 4419460
1655183981098210987 5909169
1655183981304043362 4397779
1655183981511081357 5301449
1655183981716455010 3936239
1655183981922461848 4629290
1655183982130151522 5608390
1655183982337677467 6173050
1655183982543118503 5040190
1655183982748709758 4775450
1655183982953853062 4696299
1655183983158637898 4463800
1655183983366847453 5358190
1655183983574693408 6578130
1655183983782299432 5738599
1655183983991020207 7355999
1655183984201590562 5731119
1655183984409090207 4849330
1655183984616728861 7268730
1655183984823299017 5357890
1655183985030289541 5798169
1655183985240036517 8338400
1655183985447936042 7011830
1655183985656011956 6068159
1655183985865176341 6224139
1655183986078211735 11219699
1655183986294738539 15713609
1655183986500622955 5054350
1655183986705779780 4840440
1655183986909758565 3811299
1655183987114196270 3973849
1655183987318963845 3829239
1655183987523941330 4240679
1655183987728792495 4519209
1655183987933244021 4135570
1655183988138394656 4006830
1655183988342715551 3980840
1655183988546902836 3958390
1655183988751793081 4675039
1655183988957201726 5255649
1655183989163916991 4960900
1655183989369558995 4795249
1655183989575845392 4900519
1655183989782724497 6206970
1655183989988372070 4383979
1655183990193401577 4585040
1655183990399637162 4888680
1655183990606513375 4476529
1655183990812085542 4361480
1655183991017651647 4703170
1655183991223464882 4278089
1655183991429791697 4640740
1655183991635966393 5736840
1655183991844974287 7457660
1655183992050318442 4940839
1655183992255470376 4798189
1655183992460342092 4520660
1655183992666435597 5620049
1655183992871543382 4111109
1655183993077670217 5063389
1655183993283770630 5314710
1655183993489332817 4377230
1655183993695197042 4958429
1655183993900900428 5275850
1655183994106708162 4582979
1655183994313965937 6901310
1655183994520079343 5037810
1655183994726089258 5057060
1655183994932590551 5454509
1655183995142245968 8177970
1655183995353317462 7372659
1655183995559816187 5229960
1655183995765719202 4918419
1655183995972318727 6235670
1655183996183752872 11185610
1655183996389189535 5101170
1655183996595094962 5235710
1655183996802794577 6663890
1655183997010231972 6297510
1655183997216686547 5962690
1655183997423219131 6157629
1655183997630489405 6785429
1655183997837569082 5611250
1655183998043932506 5986229
1655183998251201031 6790399
1655183998461049346 8398329
1655183998668390321 5601909
1655183998874095324 5094729
1655183999080957581 6379089
1655183999289153776 6750510
1655183999498412160 7330689
1655183999704827226 4880010
1655183999911621250 4850780
1655184000118837845 5904749
1655184000326672050 6740120
1655184000533619165 5614549
1655184000742315900 7115339
1655184000949831234 6101869
1655184001156846627 5876950
1655184001363675944 5492680
1655184001569744359 5723770
1655184001777857233 5842629
1655184001985153758 6857529
1655184002192484594 6891090
1655184002400392549 6355810
1655184002609309523 8524909
1655184002816422728 5789690
1655184003023011694 5109910
1655184003231529538 8014319
1655184003437716484 5743880
1655184003650414538 12330040
1655184003858372783 6841000
1655184004066000688 6590160
1655184004275823662 8619649
1655184004481364337 4550510
1655184004687837582 5181050
1655184004893257928 5090620
1655184005100121512 5780670
1655184005307766448 5976160
1655184005514830113 5901370
1655184005722287768 5307220
1655184005929484943 5393680
1655184006137637905 7704499
1655184006345915231 6413180
1655184006552630846 5650879
1655184006759776192 5787680
1655184006968307877 7297690
1655184007176076572 6686529
1655184007384381476 7558630
1655184007591411689 6718019
1655184007796995967 5010570
1655184008002196071 4838960
1655184008210078337 6295840
1655184008415746752 4981380
1655184008624352955 6772060
1655184008829042911 4345899
1655184009034369417 4074300
1655184009240819652 5360740
1655184009447080526 5054870
1655184009652134981 3960000
1655184009857234837 4120909
1655184010062162542 4472340
1655184010268342217 5581799
1655184010473112232 4294249
1655184010678458877 4223560
1655184010883031360 4101970
1655184011087557037 4088550
1655184011292199843 4219110
1655184011497308538 4366750
1655184011702716393 4209720
1655184011908588128 4765990
1655184012114591213 4430629
1655184012319808258 4169990
1655184012525921163 4909750
1655184012731333178 4374549
1655184012937143213 4923840
1655184013142478468 4370780
1655184013346850243 4034590
1655184013552527358 4687129
1655184013757615644 4712750
1655184013962176288 4197349
1655184014168474133 4925579
1655184014374350538 5539549
1655184014579507694 4113930
1655184014784537267 4537550
1655184014989243781 4220589
1655184015194545239 4273050
1655184015400050584 5132070
1655184015605332929 4018930
1655184015810304524 4564400
1655184016014519969 3706230
1655184016220558644 4357850
1655184016425512849 3887009
1655184016630160754 4222130
1655184016835019249 3831669
1655184017040406475 4280350
1655184017245230239 3854789
1655184017449723174 4038340
1655184017654190880 4037700
1655184017858698165 3948760
1655184018063907710 4338510
1655184018269166355 4189079
1655184018473605079 3976060
1655184018678649415 4087709
1655184018883216901 4039691
1655184019089198026 4706820
1655184019294490341 4485221
1655184019499573396 4374550
1655184019704116111 4171780
1655184019909588326 4149470
1655184020114764440 4084000
1655184020319654486 4273550
1655184020527922931 6319720
1655184020733762296 4387600
1655184020939600010 5373069
1655184021147845006 7864320
1655184021353409221 3994680
1655184021558136426 3612520
1655184021762569071 4103470
1655184021968440586 4895510
1655184022182465590 10656419
1655184022388397655 5642190
1655184022595429530 6543209
1655184022801328875 4774530
1655184023007840840 5220030
1655184023213801105 4505039
1655184023421772190 5809530
1655184023628507174 5568889
1655184023835019829 5448079
1655184024043644594 7291679
1655184024250616280 6387860
1655184024458969155 8052960
1655184024667211269 7216369
1655184024875403364 5798579
1655184025092653839 14376609
1655184025298773173 4616990
1655184025504781309 5064410
1655184025710709264 4666200
1655184025916559289 4114300
1655184026121755412 4796089
1655184026326733269 4787709
1655184026532442355 4617421
1655184026737697199 4951790
1655184026943061744 5119619
1655184027149226130 4343510
1655184027355666294 6045599
1655184027561464490 5451190
1655184027767053954 4242069
1655184027974031690 5229949
1655184028179024535 4590640
1655184028386688820 5796170
1655184028592425725 4734420
1655184028798003260 4363459
1655184029004094314 5501840
1655184029209993940 4478709
1655184029415462094 4381640
1655184029620716040 4738030
1655184029826727225 4749869
1655184030031775231 4557200
1655184030238624966 5052240
1655184030445784570 4997220
1655184030652371325 5429160
1655184030859043279 5494609
1655184031064892035 4963771
1655184031270190500 4251150
1655184031476296525 4840299
1655184031682005031 5295970
1655184031888509384 5439840
1655184032094890630 5610200
1655184032301462706 5511440
1655184032507204040 5398950
1655184032712326185 4745230
1655184032919392291 5663980
1655184033125683015 5179170
1655184033331809818 5153499
1655184033536735955 4587350
1655184033747236850 6531230
1655184033953094075 5116640
1655184034158982760 5572319
1655184034365529195 6184050
1655184034571240160 5382109
1655184034776894864 5181280
1655184034981643730 4318830
1655184035186761455 4744240
1655184035391985879 4752340
1655184035596499055 4131770
1655184035802841430 5317790
1655184036008282715 4941919
1655184036213317570 4657279
1655184036417572945 4067490
1655184036622894250 4339909
1655184036827377586 4152840
1655184037035151991 6623980
1655184037240202106 4642080
1655184037444720531 4090950
1655184037649713086 4025800
1655184037854358311 4131330
1655184038060753746 5237450
1655184038265644051 4439960
1655184038472452506 5911100
1655184038677835651 4493729
1655184038883335836 4391059
1655184039087788401 4017740
1655184039293480146 4406199
1655184039498758372 4471940
1655184039702912907 3977580
1655184039908749482 4398620
1655184040114726637 4682170
1655184040321161439 5376860
