1655329972040928560 271462781
1655329972263330971 12005995
1655329972476459147 9697246
1655329972686802565 9395192
1655329972899283356 9673997
1655329973108982890 9299297
1655329973318667435 9280590
1655329973528492529 9427718
1655329973740597379 9379661
1655329973952774988 9465199
1655329974163230075 10039038
1655329974376052165 10057036
1655329974588354902 9478639
1655329974798288822 9553086
1655329975008560595 9865438
1655329975221057490 9758642
1655329975433861827 9938993
1655329975644190306 9932999
1655329975856552850 9521509
1655329976066526408 9585343
1655329976279182340 9894190
1655329976491313086 9488436
1655329976703424122 9401423
1655329976915330507 9246148
1655329977129168960 11012630
1655329977339176872 9419143
1655329977555919526 12921671
1655329977767982086 9295776
1655329977977981388 9617887
1655329978187717856 9353463
1655329978400184756 9752717
1655329978613326233 10349485
1655329978823042334 9314823
1655329979037398144 11597812
1655329979250619505 10474837
1655329979461000253 9366488
1655329979670494382 9114653
1655329979880034225 9158045
1655329980089720134 9297585
1655329980303136345 9105635
1655329980518909005 12297435
1655329980732210129 12470298
1655329980955577606 22157217
1655329981173399726 17211887
1655329981392341976 18473632
1655329981604080226 11365570
1655329981817501047 10720214
1655329982028219781 10325373
1655329982241508380 10527655
1655329982457885484 15976986
1655329982671516842 10893033
1655329982885217111 10481848
1655329983099849253 11307910
1655329983314337339 11844682
1655329983527937640 13215421
1655329983741619988 10898291
1655329983954634580 10219317
1655329984167904348 10428173
1655329984380881007 10094615
1655329984590981047 9685712
1655329984802969556 9234204
1655329985017942917 12234037
1655329985230304595 9430433
1655329985442576090 9525808
1655329985652832568 9842643
1655329985868009519 14552681
1655329986078652263 10230056
1655329986288397605 9356396
1655329986498214146 9419017
1655329986710459327 9540567
1655329986923763503 10500377
1655329987136098863 9483965
1655329987348627320 9670569
1655329987558638416 9624293
1655329987770789108 9440315
1655329987980389744 9203388
1655329988192786255 9540648
1655329988404752011 9260490
1655329988614473432 9318312
1655329988824117743 9256563
1655329989034130301 9595476
1655329989244530014 9997236
1655329989454303291 9392999
1655329989664080774 9380310
1655329989876307983 9327152
1655329990088400014 9294046
1655329990298125673 9332129
1655329990510475383 9451980
1655329990722435579 9239337
1655329990939441526 13180791
1655329991149667166 9828943
1655329991359501042 9378611
1655329991571643689 9407370
1655329991783753119 9536242
1655329991993533306 9346508
1655329992205721811 9357768
1655329992415434401 9317320
1655329992627501143 9372465
1655329992837264022 9352197
1655329993046928448 9265236
1655329993259283830 9580272
1655329993469096881 9413890
1655329993679948505 10467339
1655329993889645229 9259858
1655329994099503833 9443092
1655329994311699020 9453879
1655329994521529833 9387570
1655329994731842213 9894076
1655329994944047452 9521896
1655329995155768186 9062380
1655329995367791031 9144813
1655329995577652044 9416341
1655329995789561472 9228010
1655329995999074221 9128164
1655329996212132233 10414943
1655329996422659182 10146905
1655329996632388402 9341974
1655329996842223950 9436440
1655329997054311938 9276680
1655329997264207842 9488056
1655329997476418514 11812613
1655329997686149175 9340589
1655329997896593896 10065202
1655329998106812218 9817894
1655329998318830455 9250461
1655329998528997355 9589039
1655329998741610783 9803863
1655329998957221305 15203638
1655329999166890265 9279146
1655329999378948167 9401804
1655329999591143429 9421010
1655329999800802494 9250830
1655330000010615478 9385943
1655330000225508220 12119093
1655330000444676944 18764049
1655330000658369819 11117904
1655330000870834333 9701020
1655330001082750950 11524772
1655330001292900161 9762345
1655330001502950874 9666762
1655330001717441634 11704666
1655330001929879226 9519529
1655330002142461937 9752028
1655330002354834919 9546148
1655330002566877618 9356691
1655330002779172529 9532746
1655330002991415399 9417355
1655330003202987731 11167787
1655330003412667715 9285218
1655330003624818850 9384676
1655330003834480415 9265570
1655330004044128725 9242050
1655330004258059545 11178916
1655330004470533876 9687436
1655330004682819179 9490965
1655330004895504523 9868899
1655330005105223725 9319724
1655330005315023901 9403631
1655330005527116596 9333400
1655330005736966037 9460514
1655330005949159112 9475903
1655330006158809934 9269460
1655330006370951175 9320823
1655330006583114105 9462424
1655330006792907302 9368347
1655330007005350703 9687985
1655330007218463086 12709438
1655330007431138373 9867245
1655330007641663079 10142887
1655330007854110880 9688045
1655330008063747654 9243997
1655330008273581161 9395556
1655330008483337410 9361282
1655330008693011261 9282202
1655330008905122133 9409432
1655330009115336398 9824729
1655330009327837038 9680995
1655330009538014465 9791905
1655330009747962014 9556262
1655330009960046647 9423357
1655330010172127679 9340570
1655330010384387555 9529943
1655330010594278606 9502111
1655330010803921765 9259226
1655330011015793158 9230331
1655330011229942994 11373985
1655330011442123133 9353239
1655330011654633329 9683474
1655330011866699851 9197486
1655330012078668320 9215438
1655330012290667562 9222769
1655330012502931121 9437722
1655330012712696477 9373390
1655330012923520491 10423740
1655330013133189654 9260892
1655330013343663534 10081003
1655330013553286234 9405340
1655330013764064897 10397925
1655330013976331702 9569996
1655330014186103376 9380598
1655330014398338254 9523904
1655330014608290606 9546079
1655330014820541331 9494597
1655330015032897809 9593595
1655330015248893857 12351218
1655330015461481010 9733208
1655330015673915434 9583751
1655330015886074457 9470404
1655330016098242535 9426551
1655330016310541415 9483584
1655330016520493391 9573640
1655330016730550390 9672111
1655330016944557259 11212204
1655330017154489366 9558911
1655330017366630184 9323721
1655330017576297088 9256770
1655330017788220264 9204176
1655330017997710206 9105698
1655330018215127283 14676597
1655330018424894340 9381553
1655330018636978369 9406556
1655330018849151148 9277242
1655330019058762233 9196949
1655330019271616933 9555333
1655330019490904648 19047781
1655330019703068452 9319933
1655330019914744942 11279937
1655330020127023064 9578728
1655330020339591049 9732234
1655330020549476192 9503006
1655330020759420765 9565523
1655330020971867352 9790970
1655330021184613868 9566018
1655330021394500937 9491692
1655330021604149343 9239695
1655330021815484314 10939933
1655330022028208629 12318817
1655330022241992757 13395156
1655330022466565247 21693862
1655330022681772187 11209703
1655330022895453054 9760954
1655330023108451844 9538327
1655330023321046617 9509690
1655330023533605175 9563520
1655330023744597377 10605245
1655330023956892516 9592650
1655330024167031413 9750003
1655330024378375234 10888050
1655330024590660803 9519700
1655330024800229453 9181809
1655330025011168992 10557496
1655330025224536193 12899600
1655330025436566949 9284708
1655330025646214787 9258095
1655330025855896867 9291592
1655330026066272603 9994051
1655330026278549703 9490289
1655330026488232413 9309628
1655330026697946284 9323204
1655330026910388264 9630120
1655330027123246124 10172702
1655330027335651538 9568426
1655330027554901963 15966127
1655330027764748609 9454018
1655330027974695681 9572369
1655330028187302297 9639361
1655330028399764345 9706803
1655330028609654515 9457369
1655330028819447521 9410168
1655330029036555707 13230173
1655330029249405268 9941897
1655330029461614808 9444982
1655330029671465753 9474750
1655330029881398665 9519941
1655330030093775396 9681987
1655330030303949479 9791002
1655330030516243764 9685790
1655330030726072614 9449048
1655330030942123931 14215053
1655330031154464192 9519994
1655330031366617067 9402465
1655330031576369762 9363896
1655330031788595526 9530224
1655330032000792335 9400428
1655330032210455427 9268472
1655330032421123189 10238648
1655330032633261816 9367272
1655330032845625513 9633867
1655330033057785750 9546432
1655330033270697688 12521034
1655330033483455924 9998695
1655330033695503667 9294550
1655330033906792870 10900036
1655330034116571795 9384919
1655330034328884135 9560931
1655330034538582971 9305003
1655330034748486435 9515138
1655330034958238395 9382885
1655330035168022173 9377441
1655330035380236459 9296582
1655330035589913746 9276439
1655330035799649409 9299099
1655330036009067505 9164615
1655330036227122935 15204260
1655330036438302867 10740051
1655330036649958010 11237987
1655330036872309357 22015470
1655330037085138965 11349766
1655330037297786753 12249809
1655330037508918878 10053913
1655330037718943754 9129107
1655330037929370143 10006936
1655330038141416092 9307593
1655330038351182487 9365924
1655330038563154856 9237060
1655330038775470619 9534745
1655330038985110857 9232050
1655330039197407100 9508284
1655330039407150119 9342689
1655330039619467598 9428577
1655330039829343205 9455966
1655330040039007187 9276303
1655330040251363033 9636135
1655330040463691091 9537069
1655330040673385206 9257868
1655330040883061876 9281445
1655330041095205158 9455446
1655330041305366759 9764943
1655330041516294470 10546125
1655330041726181548 9491292
1655330041935845618 9281491
1655330042148116857 9390573
1655330042359957989 9174731
1655330042569835341 9471574
1655330042779732404 9510013
1655330042991890576 9382388
1655330043201667589 9381350
1655330043413976289 9543329
1655330043626340160 9486777
1655330043838688496 9628253
1655330044050628640 9279908
1655330044263265693 9793570
1655330044474041308 10389480
1655330044683681147 9252341
1655330044896067426 9489893
1655330045105687303 9235359
1655330045321064092 12702664
1655330045533699674 9652991
1655330045745820633 9310697
1655330045955933716 9717107
1655330046165755662 9405212
1655330046375448601 9269946
1655330046585270041 9420588
1655330046797471744 9358913
1655330047007151901 9287783
1655330047216809273 9267018
1655330047429076574 9414536
1655330047638886177 9421748
1655330047849210539 9504271
1655330048061480225 9471727
1655330048275033706 13157747
1655330048484783815 9361721
1655330048696750418 9238707
1655330048908968002 9365636
1655330049121268170 9565973
1655330049331958342 10296046
1655330049544602352 9488028
1655330049757645406 10136524
1655330049970433325 10077378
1655330050182592745 9306690
1655330050394610440 9189443
1655330050607564700 10165727
1655330050819671466 9466527
1655330051032290497 9735103
1655330051242160623 9466611
1655330051454218829 9350220
1655330051664175227 9554312
1655330051876477719 9573880
1655330052086226805 9355926
1655330052295918161 9314267
1655330052505703638 9400042
1655330052715471633 9378290
1655330052927437087 11581012
1655330053140615830 9576237
1655330053353466216 12449894
1655330053563243942 9399156
1655330053773157224 9525938
1655330053983139490 9617603
1655330054195152248 9291590
1655330054406535683 11004739
1655330054616836033 9912647
1655330054826609917 9398780
1655330055036452019 9453461
1655330055250888690 14032352
1655330055468148319 14474176
1655330055677873854 9347748
1655330055889876331 9384664
1655330056099429262 9163884
1655330056311265487 9076187
1655330056523375172 9366507
1655330056739056900 12924285
1655330056970103889 30553326
1655330057179699956 9201116
1655330057389403012 9307187
1655330057601825016 9738409
1655330057811704432 9469387
1655330058024053565 11880506
1655330058237094733 10262711
1655330058446767883 9264519
1655330058659984052 10503577
1655330058869740450 9363490
1655330059083286313 10855413
1655330059297036725 10850035
1655330059506701024 9266722
1655330059716833593 9739159
1655330059929130028 9285079
1655330060142196525 10318107
1655330060355417396 10397281
1655330060568396581 10202187
1655330060778398570 9587989
1655330060990610915 9519502
1655330061204308322 10635835
1655330061414545834 9818117
1655330061624828518 9860571