1655330082274490269 178828800
1655330082489175798 14152352
1655330082707375991 14218770
1655330082920470878 12662276
1655330083135991547 15102764
1655330083356494118 17718098
1655330083573730497 12757898
1655330083789211180 11247811
1655330084003806310 10055783
1655330084214163514 9591127
1655330084425881165 11300435
1655330084641081431 10804279
1655330084853887714 9571754
1655330085068165111 10806630
1655330085286277508 14264352
1655330085495987618 9281755
1655330085707992167 9298826
1655330085920420522 9607369
1655330086133587864 12844542
1655330086343617512 9652200
1655330086555880508 9526855
1655330086768421974 9485588
1655330086980665046 9459986
1655330087192959613 9579316
1655330087408152497 14809552
1655330087617713862 9153716
1655330087830044801 9508121
1655330088040417798 9970260
1655330088250869258 10046148
1655330088463858043 10250376
1655330088676283533 9693254
1655330088888637294 9583276
1655330089098700663 9568151
1655330089308361798 9279958
1655330089520966455 9759006
1655330089730687291 9223184
1655330089943148068 9676484
1655330090154270104 10730845
1655330090364098722 9432509
1655330090576077388 9293852
1655330090786002617 9508144
1655330090998218254 9333291
1655330091210914688 9943944
1655330091424845456 11141711
1655330091637188380 9512663
1655330091846724438 9126993
1655330092058730239 9248794
1655330092269502514 10318440
1655330092479591772 9675747
1655330092692085011 9553179
1655330092901763110 9285298
1655330093112086459 9917110
1655330093321936516 9454819
1655330093535501930 13150841
1655330093745282822 9372597
1655330093957610706 9390328
1655330094169813892 9475283
1655330094379512518 9305899
1655330094591774088 9512773
1655330094802729002 10549947
1655330095015852652 10288490
1655330095225593772 9298030
1655330095439136743 10829891
1655330095648897534 9343498
1655330095858477457 9192769
1655330096068134046 9245772
1655330096278026233 9497317
1655330096490256550 9458653
1655330096702312711 9385135
1655330096914596914 9513337
1655330097132508521 17135822
1655330097351556869 16304637
1655330097561898182 9930834
1655330097773940860 11578345
1655330097984079967 9746222
1655330098193815629 9469216
1655330098403813499 9566004
1655330098613691755 9479025
1655330098826089157 9585837
1655330099038257242 9296499
1655330099250656867 9626151
1655330099460377578 9297717
1655330099672775355 9673865
1655330099888667829 12633779
1655330100098489113 9373945
1655330100310584598 9258222
1655330100522786649 9445350
1655330100732790723 9597766
1655330100944955961 9400648
1655330101154734278 9359492
1655330101365006647 9861040
1655330101574769910 9349511
1655330101786888896 9311537
1655330101999036694 9349942
1655330102212056401 10229014
1655330102424108484 9271156
1655330102636260540 9425532
1655330102846328863 9661554
1655330103056081334 9342694
1655330103268131840 9317572
1655330103480337933 9417883
1655330103690017983 9277434
1655330103899856276 9449363
1655330104109731778 9476589
1655330104319378893 9257821
1655330104529193068 9408443
1655330104741440021 9516695
1655330104953895655 9698713
1655330105163866410 9569915
1655330105376227303 9505124
1655330105586288421 9565249
1655330105798561004 9534378
1655330106010984717 9589618
1655330106220850171 9466113
1655330106430495830 9228923
1655330106640336261 9357022
1655330106850161868 9430469
1655330107060644953 10066719
1655330107273046420 9612015
1655330107486690299 9482865
1655330107696398005 9314215
1655330107914525864 14177927
1655330108127593780 10358083
1655330108337655303 9363164
1655330108549821002 9391586
1655330108759671013 9457688
1655330108969561056 9449681
1655330109179293994 9318029
1655330109388885952 9166771
1655330109598385258 9094178
1655330109810463082 9236950
1655330110020204207 9348065
1655330110232775042 9466948
1655330110442602165 9406312
1655330110656151801 10061810
1655330110866057248 9448518
1655330111078934051 10099169
1655330111291026957 9232156
1655330111513947144 19571550
1655330111726477184 9667309
1655330111938685701 9487112
1655330112149369314 10280738
1655330112359808415 9856013
1655330112572217975 9668141
1655330112784571564 9612497
1655330112996928277 9713151
1655330113209153691 9384799
1655330113421589555 9572571
1655330113631480731 9432316
1655330113841270193 9471194
1655330114053677825 9460686
1655330114263375256 9303714
1655330114473106673 9329539
1655330114685170024 9268287
1655330114897502962 9572652
1655330115108539141 10617798
1655330115320907478 9543360
1655330115530725492 9404919
1655330115740328865 9203448
1655330115952751667 9548536
1655330116162811993 9662249
1655330116374940891 9313773
1655330116586944208 9250193
1655330116798950364 9200837
1655330117008931838 9574777
1655330117218434157 9107220
1655330117428063083 9239419
1655330117640359864 9515883
1655330117850479273 9724948
1655330118060218042 9311625
1655330118272383579 9328124
1655330118485328130 12538917
1655330118702170806 16432953
1655330118916066484 13436971
1655330119130067024 13582426
1655330119347284582 12791242
1655330119565140596 13538948
1655330119778956794 13427279
1655330119990993796 11593264
1655330120206544885 12754816
1655330120420050442 12424181
1655330120638532325 15629273
1655330120850965550 11996373
1655330121067031925 13230518
1655330121278454558 10975071
1655330121489633171 10436401
1655330121704995846 12318655
1655330121918354732 10365551
1655330122133719043 12203907
1655330122347838269 11147725
1655330122558321681 10036026
1655330122772881773 11708258
1655330122982833637 9524644
1655330123193063105 9804950
1655330123403697062 9546909
1655330123616001418 9549616
1655330123828198139 9351741
1655330124040511770 9518399
1655330124250647195 9698109
1655330124475798078 22350185
1655330124689017821 10425668
1655330124902051786 10125628
1655330125112216520 9721574
1655330125325676238 10643133
1655330125541248683 11059665
1655330125751084143 9368983
1655330125963584906 9557091
1655330126176114539 9748871
1655330126388461214 9568446
1655330126600883755 9652452
1655330126813215892 9459781
1655330127033570107 12467489
1655330127244657371 10634770
1655330127454703689 9588545
1655330127664735049 9606235
1655330127877032394 9442245
1655330128086769063 9305177
1655330128299125557 9503169
1655330128509058085 9488038
1655330128721533169 12093497
1655330128933998939 9662933
1655330129144053996 9649162
1655330129356503132 9679449
1655330129566647206 9710811
1655330129776935096 9856830
1655330130009179204 27834650
1655330130220986444 10807445
1655330130432032359 10160163
1655330130642597651 9513312
1655330130852574187 9515179
1655330131064918401 9556312
1655330131277511758 9760372
1655330131487851924 9922533
1655330131700365468 9748899
1655330131910456519 9653752
1655330132120247648 9372319
1655330132332648073 9662071
1655330132542516192 9438371
1655330132754968520 9642904
1655330132964896774 9511029
1655330133174692393 9367610
1655330133386994376 9529193
1655330133596933358 9496721
1655330133806836179 9469760
1655330134019172954 9531393
1655330134231422419 9484830
1655330134441600707 9755580
1655330134653890358 9407024
1655330134863683055 9384597
1655330135074546123 10396491
1655330135286659011 9338138
1655330135498712626 9302859
1655330135711369864 9867945
1655330135924130033 9484891
1655330136134450221 9896542
1655330136347980086 10066108
1655330136563605873 12415487
1655330136776975981 10265209
1655330136990413640 10314837
1655330137204157002 10472310
1655330137418281427 10757784
1655330137629643882 10472377
1655330137841081018 10413931
1655330138054653289 10449220
1655330138268174056 10731594
1655330138478037506 9433754
1655330138691398980 10587883
1655330138904175700 9995114
1655330139117707857 10741454
1655330139327933965 9778370
1655330139540347198 9523907
1655330139761118525 18022580
1655330139975162358 11315629
1655330140193074770 14532819
1655330140407129175 11142553
1655330140620436832 10311175
1655330140833675170 10501206
1655330141044990577 10878239
1655330141262458913 14541287
1655330141475352543 11772069
1655330141689247619 10225517
1655330141902977155 10387672
1655330142116474792 10410479
1655330142328969868 9697521
1655330142538931415 9550803
1655330142751187239 9305656
1655330142963336167 9317540
1655330143175454076 9304476
1655330143385028220 9220651
1655330143597947825 10053827
1655330143807681413 9259325
1655330144018546160 10386144
1655330144230661046 9285258
1655330144441017790 9946350
1655330144650906481 9456883
1655330144862994455 9274817
1655330145076081245 10164035
1655330145285837388 9329025
1655330145497961809 9221415
1655330145707887778 9480699
1655330145917705376 9389624
1655330146132520925 14379951
1655330146344750343 9416973
1655330146558319694 10721698
1655330146770692301 9389248
1655330146983032386 9501003
1655330147193893783 10454654
1655330147406509911 9849285
1655330147623250972 13870064
1655330147837580296 11097859
1655330148051209732 10778133
1655330148261948879 10313353
1655330148475044384 10195830
1655330148684988975 9476040
1655330148896783537 11372148
1655330149110537073 11069825
1655330149324395216 11011625
1655330149538125635 11012444
1655330149751560259 12992783
1655330149961430339 9375234
1655330150171974196 9812577
1655330150384517219 9562836
1655330150596789587 9400561
1655330150809140960 9595889
1655330151021865810 9893799
1655330151234413028 9724777
1655330151446670541 9520725
1655330151656942045 9851935
1655330151867659505 10295419
1655330152077624050 9522414
1655330152290308835 9915090
1655330152502667885 9641711
1655330152715569128 9975578
1655330152926565307 9890458
1655330153136985469 9404104
1655330153347154824 9762036
1655330153563493899 13532630
1655330153782627498 15765982
1655330153995326064 11790922
1655330154217680188 18663440
1655330154431650040 10412799
1655330154642084696 9330481
1655330154854366794 9499342
1655330155064187567 9420279
1655330155274055633 9455046
1655330155484117918 9657472
1655330155693882839 9344623
1655330155906175535 9467395
1655330156118414308 9382745
1655330156328366101 9439674
1655330156540418618 9288724
1655330156752877690 9681501
1655330156962686275 9406260
1655330157172599407 9484542
1655330157384700270 9342684
1655330157597726590 10119225
1655330157807979086 9820377
1655330158018239970 9850201
1655330158228226467 9587473
1655330158440589843 11925027
1655330158655181772 11750562
1655330158868173012 9835773
1655330159080606090 9583042
1655330159293021697 9655575
1655330159505640169 9911103
1655330159718503977 9970709
1655330159928714681 9795743
1655330160138717434 9589716
1655330160351067399 9462314
1655330160563403039 9519321
1655330160776879175 10673046
1655330160991524492 11325774
1655330161204164957 11870139
1655330161420571505 15302453
1655330161638893993 15520028
1655330161852153225 12814727
1655330162070846200 14626533
1655330162288894910 17637803
1655330162502914041 13303857
1655330162717052015 13343394
1655330162932675768 12847071
1655330163152029797 16165399
1655330163369764382 13258557
1655330163582663914 12462482
1655330163800034124 13012622
1655330164015824259 15302591
1655330164232175744 13501227
1655330164450556268 14424265
1655330164663538321 12545441
1655330164881059349 14581082
1655330165095023525 12805322
1655330165309305614 11072101
1655330165525203850 12501199
1655330165736967450 10632083
1655330165948158418 10309260
1655330166162303126 11044978
1655330166374603286 9486967
1655330166586743563 9322063
1655330166798793444 9203425
1655330167008598045 9374955
1655330167218636939 9619827
1655330167430782584 9333915
1655330167642771353 9246769
1655330167852616609 9383458
1655330168062378411 9345523
1655330168272382556 9597460
1655330168482086021 9274876
1655330168694183150 9356488
1655330168906249689 9359378
1655330169116154085 9469465
1655330169328354416 9417169
1655330169538063769 9278743
1655330169748367777 9839901
1655330169960660701 9504329
1655330170170589649 9498953
1655330170380434027 9438491
1655330170590712571 9864324
1655330170800506069 9380697
1655330171012748099 9496609
1655330171222422686 9250605
1655330171432375402 9545220
1655330171644374591 9289940
1655330171854384666 9545523
1655330172066609291 9454375