1655177582281034162 4309119
1655177582487525427 5381900
1655177582692584360 4615970
1655177582898185344 4010440
1655177583102399095 3440060
1655177583308110311 4634690
1655177583513347885 3399180
1655177583718913719 4570770
1655177583924055221 4231979
1655177584129834736 4139030
1655177584334034977 3719480
1655177584539284392 3558999
1655177584744890035 4455199
1655177584950026799 4062369
1655177585153908993 3212910
1655177585357970985 3648740
1655177585562864230 3897270
1655177585766694003 3535749
1655177585971528276 3799350
1655177586176744360 4207670
1655177586382038721 4970409
1655177586588587297 4416040
1655177586794727591 4127180
1655177586999088573 3920700
1655177587205975125 4897249
1655177587410107811 3826480
1655177587615638405 3993090
1655177587820112888 4051820
1655177588024435261 3994980
1655177588229077291 4326819
1655177588434003019 3722460
1655177588639390437 4137409
1655177588843998475 4255640
1655177589050436359 4433019
1655177589255808233 4487200
1655177589460485046 4349620
1655177589666272849 3942000
1655177589870516083 3921700
1655177590075796917 4297849
1655177590281017361 4704870
1655177590486998912 5523859
1655177590693449347 5289050
1655177590899370671 4730339
1655177591104918505 3833950
1655177591310578069 4806669
1655177591516626353 5629250
1655177591721172377 3299360
1655177591926781011 4398550
1655177592131518294 4309879
1655177592337322595 4266280
1655177592542699552 4317239
1655177592747892985 4401050
1655177592952772499 4556749
1655177593160548122 4667870
1655177593367921409 5502469
1655177593573015401 3980580
1655177593778032537 3740760
1655177593981936551 3657360
1655177594186659644 3631890
1655177594390452910 3479240
1655177594594864393 4099639
1655177594799345597 3997650
1655177595003847921 4200509
1655177595209069184 4799189
1655177595415262410 5262919
1655177595621484354 4983170
1655177595826203438 3839610
1655177596032199311 4295600
1655177596237551386 3604040
1655177596443532410 5284439
1655177596648901624 4647609
1655177596853967378 4690069
1655177597058691382 3880580
1655177597263187406 4183279
1655177597468677951 5121990
1655177597676324685 6481940
1655177597882060559 5410510
1655177598089301423 6943770
1655177598302550276 9723439
1655177598508536600 4501690
1655177598714123104 4968610
1655177598920431088 5125530
1655177599124288382 3243750
1655177599331129296 5432030
1655177599535303930 3852709
1655177599739166405 3460100
1655177599943032518 3443779
1655177600147887303 4585720
1655177600354185626 3629499
1655177600568303790 12006679
1655177600772957884 4148920
1655177600979360348 4463680
1655177601199742531 13174669
1655177601407942415 5052790
1655177601621686368 11086059
1655177601828195872 4988440
1655177602033905116 4723510
1655177602241997729 7963219
1655177602445792593 3490539
1655177602653503047 6479069
1655177602858325251 4205279
1655177603065587145 6005929
1655177603275825337 9247039
1655177603483514812 6585230
1655177603688717095 4206299
1655177603893446300 4353430
1655177604100001664 5625209
1655177604307906308 6039569
1655177604513194022 4871470
1655177604718861366 5141130
1655177604924537670 4203850
1655177605131434374 5888710
1655177605338039988 5601500
1655177605546366662 6971190
1655177605759986545 13057639
1655177605971831549 11516249
1655177606177802703 5048440
1655177606383679177 4946020
1655177606596829070 9527749
1655177606803872054 6563089
1655177607014827888 7001950
1655177607221162822 3875970
1655177607427175866 4801760
1655177607635465200 7168410
1655177607855267053 18429459
1655177608065726326 9362219
1655177608281003269 14018088
1655177608493138963 10967059
1655177608713319886 17321408
1655177608928138330 13645719
1655177609153290852 22845478
1655177609364358886 9715590
1655177609569849809 4470280
1655177609775578034 4701580
1655177609984624868 8819120
1655177610189514162 4603070
1655177610394700396 4889170
1655177610598060220 2719079
1655177610802453964 4137910
1655177611008362068 5379409
1655177611212783362 4118970
1655177611416736526 3660150
1655177611621865791 3999480
1655177611827159185 5000480
1655177612038357768 7479339
1655177612249213692 9921560
1655177612453750454 3281630
1655177612660453680 6256310
1655177612868899162 7419249
1655177613076154847 6276329
1655177613284066841 7118299
1655177613491501914 6632299
1655177613697677829 5078130
1655177613903727483 4873480
1655177615142425406 1038285349
1655177615353286999 9686690
1655177615559782103 5401310
1655177615767339457 7019139
1655177615976498691 7836180
1655177616181804874 4613780
1655177616390199938 7153429
1655177616594773552 3217030
1655177616801385216 6185950
1655177617012072260 10298099
1655177617216631923 3710739
1655177617426679367 8237219
1655177617635167531 8077260
1655177617841477415 5125120
1655177618047642069 4963130
1655177618255563312 7014449
1655177618462786475 6215699
1655177618668711689 5177650
1655177618872723594 3126320
1655177619080932777 7832389
1655177619312124509 30016318
1655177619519964943 6547580
1655177619726521986 5615929
1655177619932890789 4727829
1655177620142513045 8403470
1655177620352309598 9128869
1655177620558877632 5677800
1655177620766205796 6390760
1655177620973814340 7267749
1655177621181989474 7229299
1655177621387119868 4233440
1655177621609270190 21143189
1655177621814513134 4928870
1655177622024604747 8807240
1655177622232462631 5135229
1655177622440758683 8003959
1655177622649304777 7623670
1655177622858825292 8194729
1655177623072829226 13519030
1655177623282016859 8011659
1655177623489504093 6680299
1655177624744764644 1054189437
1655177624955817838 9885230
1655177625168172233 11554460
1655177625376219147 7476570
1655177625581387401 4086310
1655177625810542743 28622038
1655177626028925615 17894319
1655177626236467260 7209489
1655177626448177464 10479330
1655177626660668835 11472079
1655177626866643427 4736319
1655177627074450475 7141550
1655177627317357065 42455497
1655177627727982234 210321033
1655177627934414248 6042500
1655177628138930696 3884050
1655177628346260884 6896250
1655177628554986500 8002820
1655177629805177570 1049762526
1655177630011104756 4899580
1655177630220081649 7912229
1655177630428134384 6966640
1655177630636826448 6122650
1655177630846873131 8168919
1655177631054249454 6649629
1655177631307095315 52086925
1655177631522302338 14569729
1655177631733496133 9580080
1655177631950831396 16642649
1655177632158489210 7179620
1655177632367056273 7450429
1655177632576790447 9461529
1655177633837036558 1059520147
1655177634050972192 13651149
1655177634259483086 7938630
1655177634506008186 45688856
1655177634714522209 8030389
1655177634919469484 4064300
1655177635126766168 6913720
1655177635331777451 4109069
1655177635548935905 16925089
1655177635757497759 8190600
1655177635966889812 9008199
1655177636219568293 52321626
1655177636425610927 5325250
1655177636636852609 9950489
1655177636847022474 9763759
1655177637050718968 2981650
1655177637257467842 5653679
1655177637464490006 5961919
1655177637712987687 47423436
1655177637922680980 8635049
1655177638134952984 11248489
1655177638343948818 8045240
1655177638611393508 64775345
1655177638829760260 17878429
1655177639050299233 20149548
1655177639308262992 56783274
1655177639524983746 15931029
1655177639732773367 6956460
1655177639936929584 3395589
1655177640146098508 8618709
1655177640407159188 60316056
1655177640615420392 7900590
1655177640821008195 4052830
1655177641026416079 3839830
1655177641242438242 15256178
1655177641453073655 9473860
1655177641718619585 64890276
1655177641924904149 5210260
1655177642134694793 8889259