1655506261366593967 158421937
1655506261574243551 6137631
1655506261780625347 5086539
1655506261986840906 4959289
1655506262192871185 5703250
1655506262399085393 4941378
1655506262605056176 4773364
1655506262810971773 5594572
1655506263017291502 5099178
1655506263223596248 4990014
1655506263429621625 4763250
1655506263635855089 4958335
1655506263841205422 5028803
1655506264047495702 5056107
1655506264253800440 5051305
1655506264460117197 5052243
1655506264665490329 5050341
1655506264870642850 4822111
1655506265077400295 5660510
1655506265283926588 5273395
1655506265490052136 4900485
1655506265697163896 5801267
1655506265902471209 4982372
1655506266107870358 5076828
1655506266314190532 5996181
1655506266520509480 5071552
1655506266726762207 4985329
1655506266933932661 5922652
1655506267140192391 5013344
1655506267347529435 6057478
1655506267552862706 5011259
1655506267758212409 5027511
1655506267964546006 5055483
1655506268169899146 5020269
1655506268375628481 5407996
1655506268582864611 5955921
1655506268789178803 5031486
1655506268994471726 4973626
1655506269199767239 4966214
1655506269405652795 5554920
1655506269611089200 5105418
1655506269816357207 4939179
1655506270022684234 4995905
1655506270228034848 5027314
1655506270434345424 4999576
1655506270640637496 5030301
1655506270846987137 5094362
1655506271053296939 5049874
1655506271260575260 6032333
1655506271465929567 5031686
1655506271673289179 6068554
1655506271879314989 5691937
1655506272084684439 5041534
1655506272291020223 5083486
1655506272497220776 5095469
1655506272702552516 5001448
1655506272908825534 4987715
1655506273114924296 5773515
1655506273320232837 4979323
1655506273525558592 4997073
1655506273731941352 5085582
1655506273938183818 5003133
1655506274144453664 5007541
1655506274350675036 4955004
1655506274557006057 5066800
1655506274762321817 4986878
1655506274967637229 4976736
1655506275173063665 5029660
1655506275379372943 5024294
1655506275584669199 4966724
1655506275790999658 5060045
1655506275997355395 5086192
1655506276203541553 4964962
1655506276409683614 4903229
1655506276615313056 5305168
1655506276820653966 5003817
1655506277025961342 4981929
1655506277232306734 5052610
1655506277437704196 5068989
1655506277643004170 4972211
1655506277849242913 4974126
1655506278054559460 4983948
1655506278259762749 4868769
1655506278465180737 5088298
1655506278670542566 5042696
1655506278876607496 4852272
1655506279082957420 5071225
1655506279288385965 5093968
1655506279493808806 5093467
1655506279700085122 5014833
1655506279906406821 5016782
1655506280111764474 5030121
1655506280317941329 4880785
1655506280524151411 4975228
1655506280730428309 5016855
1655506280935689748 4929495
1655506281141085744 5067998
1655506281346328465 4910893
1655506281551495239 4844628
1655506281757024535 5206681
1655506281963203736 5856774
1655506282169565056 5070377
1655506282374937853 5046123
1655506282581426818 5225036
1655506282786765815 5004555
1655506282992207192 5112553
1655506283198481079 4992161
1655506283403801837 4998411
1655506283609115648 4992361
1655506283814438045 4999145
1655506284019792503 5032637
1655506284225879638 4833474
1655506284432242585 5092717
1655506284638492398 4991440
1655506284844953911 5100025
1655506285051201097 4984889
1655506285258523699 6070656
1655506285463938579 5088835
1655506285670114658 4887930
1655506285876338009 4978388
1655506286083636345 6007952
1655506286289773214 4819619
1655506286496184266 5172328
1655506286701997549 5481674
1655506286907290262 4961338
1655506287114340964 6720048
1655506287320889314 5263553
1655506287526719661 5498684
1655506287733053728 6002776
1655506287939481022 5008856
1655506288144919026 5100502
1655506288350748361 5502055
1655506288556334251 5256351
1655506288762513910 5842804
1655506288968715935 4903402
1655506289175230853 5265729
1655506289382126867 5628280
1655506289588828494 5445623
1655506289794588663 5378874
1655506290001323387 5276442
1655506290208037590 5247442
1655506290413586288 5257006
1655506290618995350 5118035
1655506290825767748 5370330
1655506291032181095 5070161
1655506291239095486 5730461
1655506291445349984 5000070
1655506291650678384 5001074
1655506291856035051 5064968
1655506292061463620 5138605
1655506292266728789 4974223
1655506292473093299 5040333
1655506292678602182 5183555
1655506292884954218 5060393
1655506293090260783 5016736
1655506293295834227 5282946
1655506293501649101 5506874
1655506293707288927 5337885
1655506293913770779 5091722
1655506294121205285 5999926
1655506294327458349 5004909
1655506294532705631 4919520
1655506294739045524 4990836
1655506294944364752 5025643
1655506295149627373 4970836
1655506295355867864 5016789
1655506295562106032 4943825
1655506295767452909 5020570
1655506295972750562 4990481
1655506296178102482 5013311
1655506296383659044 5241972
1655506296589965134 4901693
1655506296795394504 5109782
1655506297001768781 4954844
1655506297208147069 5099241
1655506297414168423 4808702
1655506297620525602 5061306
1655506297826548427 4772392
1655506298032756213 4941963
1655506298239100514 5047881
1655506298444389230 4961412
1655506298649806849 5085785
1655506298855081897 4967225
1655506299061311108 5025703
1655506299267624088 5053411
1655506299473023740 5062178
1655506299679212065 4905678
1655506299885473068 5020006
1655506300091615200 4922681
1655506300297838034 4975861
1655506300503140271 4973445
1655506300708428203 4958615
1655506300914667243 4989197
1655506301120895741 4977524
1655506301326081642 4863426
1655506301532425443 6014022
1655506301737804158 5050702
1655506301943070227 4938184
1655506302148374095 4972087
1655506302354691130 5039195
1655506302561064705 5084514
1655506302767344225 5023607
1655506302972665758 4994112
1655506303178947154 5038721
1655506303384217289 4942347
1655506303589616183 5072407
1655506303795928851 5079274
1655506304001280613 5022563
1655506304207554677 5033081
1655506304413822303 4982513
1655506304619327522 5174724
1655506304825710158 5112430
1655506305031064311 5022068
1655506305236415048 5022752
1655506305442738839 5073881
1655506305649076206 5060389
1655506305854392386 4984214
1655506306059747973 5026373
1655506306265089758 5011787
1655506306470411761 4993909
1655506306675817282 5076561
1655506306881903330 4829994
1655506307088202373 5035220
1655506307293557426 5026867
1655506307499800601 5014610
1655506307705963084 4855013
1655506307911249602 4958055
1655506308116913814 5341313
1655506308322368768 5119574
1655506308534396059 11697683
1655506308742890262 6854561
1655506308949436442 5221264
1655506309155726041 5009127
1655506309361913973 4873010
1655506309567306512 5062482
1655506309773732362 5143007
1655506309979039463 4981736
1655506310184357649 4989668
1655506310390724545 5072830
1655506310596050026 5005259
1655506310802306490 4985156
1655506311008556023 4999035
1655506311213846837 4968850
1655506311419135960 4962383
1655506311624574971 5119537
1655506311829867404 4973036
1655506312035381969 5194220
1655506312241663021 5041487
1655506312447938914 5056862
1655506312653630250 5371731
1655506312859544977 5593500
1655506313065859631 4981077
1655506313272137035 5021467
1655506313478292075 4880435
1655506313683640243 5027071
1655506313888956580 4996462
1655506314095175896 4929051
1655506314301562837 5111888
1655506314507299732 5411253
1655506314713219915 5593614
1655506314919406274 4930503
1655506315124830188 5102721
1655506315331003319 4961172
1655506315536328886 4999225
1655506315742538283 4848021
1655506315948964713 5080662
1655506316155072752 4834339
1655506316361328457 4995865
1655506316567531248 4916213
1655506316773824572 4996729
1655506316979155899 5004040
1655506317184456332 4980881
1655506317390775814 5018911
1655506317597014507 4989551
1655506317802176554 4833054
1655506318007857366 5352722
1655506318213282056 5095957
1655506318419503168 4970863
1655506318624897481 5064965
1655506318831167103 4978098
1655506319036402142 4941375
1655506319242620709 4958602
1655506319448117550 5167812
1655506319654360369 4941385
1655506319860016407 5334826
1655506320066191207 4913603
1655506320272144718 5625384
1655506320477668060 5203330
1655506320682942846 4952702
1655506320890542701 6273427
1655506321096869166 5048869
1655506321302337421 5148016
1655506321507728591 5069276
1655506321713797112 4769577
1655506321920038882 4966748
1655506322125259462 4902192
1655506322330464860 4883108
1655506322536691967 4959580
1655506322742892974 4953259
1655506322949227202 5026935
1655506323155506151 5032377
1655506323361742390 4983120
1655506323567080264 4987235
1655506323773325943 5009814
1655506323979579859 4974911
1655506324185820764 4981592
1655506324391112432 4966291
1655506324596374737 4946154
1655506324802630356 4965857
1655506325007937533 4986588
1655506325214272210 5046353
1655506325420573165 4991370
1655506325626075683 5203631
1655506325832561154 5187729
1655506326038689670 4849199
1655506326244949715 4988310
1655506326451198480 5927515
1655506326656666131 5145337
1655506326862792887 4869469
1655506327068631214 5485002
1655506327275044127 5078420
1655506327481325425 5032531
1655506327687069196 5457574
1655506327894292615 5731466
1655506328100235258 5612418
1655506328306421103 5887202
1655506328512482585 5771605
1655506328719034397 4799538
1655506328925097042 5736055
1655506329132176729 5097695
1655506329337367649 4889870
1655506329545008821 5770661
1655506329751271873 5000777
1655506329957517687 4956156
1655506330162803405 5003450
1655506330370481317 5006090
1655506330575901864 5070444
1655506330781367072 5138271
1655506330986772042 5080349
1655506331192204772 5109302
1655506331398564369 5080809
1655506331603964956 5072646
1655506331810289189 4998878
1655506332016448216 4883058
1655506332222888718 5012284
1655506332428606955 4461068
1655506332634822933 4944052
1655506332840875135 4764559
1655506333047096614 4982556
1655506333253389940 5031483
1655506333459679025 5032434
1655506333665138063 5129469
1655506333871453570 5068518
1655506334077800717 5085612
1655506334284216440 5117839
1655506334489480157 4113003
1655506334694782915 4983187
1655506334900229941 5124757
1655506335106605281 5092943
1655506335312913663 5005749
1655506335519209418 4988129
1655506335724612085 5075060
1655506335930852764 5004908
1655506336137058508 4932581
1655506336342399594 5011182
1655506336547790284 5063112
1655506336753224505 5103038
1655506336958557712 5003320
1655506337163980923 5092893
1655506337370139808 4997634
1655506337575465616 4993979
1655506337780943319 5150550
1655506337987178714 4918806
1655506338192585673 5070434
1655506338398760009 4963781
1655506338605058341 5058430
1655506338810418244 5030011
1655506339016829749 5130186
1655506339222004411 4881500
1655506339427295531 4952965
1655506339632613580 4990489
1655506339837883465 4976842
1655506340045023527 5861148
1655506340251269839 4977207
1655506340457682863 5131842
1655506340663068811 5055824
1655506340869859021 4680717
1655506341075241164 5056442
1655506341281576602 5006389
1655506341488009181 5171477
1655506341693131010 4792750
1655506341899421663 5023680
1655506342105391281 4709640
1655506342311627483 4979880
1655506342516721969 4763988
1655506342722946002 5012965
1655506342929045821 4802242
1655506343134305491 4938231
1655506343340413644 4834826
1655506343545838156 5094979
1655506343751117497 4950683
1655506343956327628 4881930
1655506344161656095 5001365
1655506344367442638 5462005
1655506344573597339 4923500
1655506344779974832 5091475
1655506344985536682 4300173
1655506345191898345 5096494
1655506345398235259 5003634
1655506345603595415 5030034
1655506345808578556 4651221
1655506346013900450 5020460
1655506346219235619 5008253
1655506346424633209 5067421
1655506346629746171 4863612
1655506346835078043 5009934
1655506347041397387 5015782
1655506347247745543 5055210
1655506347452993959 4922761
1655506347658288055 5010237
1655506347865771310 5667412
1655506348072066993 5065568
1655506348278334052 4966785
1655506348484661210 5061480
1655506348690948837 5066402
1655506348896366841 5088838
1655506349102762308 5054369
1655506349308037257 4952404
1655506349514286713 4955555
1655506349720632907 5043099
1655506349926754679 4889229
1655506350133091404 5023156
1655506350338416711 4997503
1655506350543833547 5086776
1655506350749275981 5111741
1655506350955522635 5000741
1655506351161705085 4838459