1655867694362497681 0
1655867695363784168 0
1655867696364952740 0
1655867697366104681 0
1655867698366751614 0
1655867699367920700 0
1655867700369071573 0
1655867701370236070 0
1655867702370815472 0
1655867703371974353 10
1655867704373318147 47
1655867705374713583 47
1655867706375924604 48
1655867707377086410 48
1655867708377293547 46
1655867709378711858 48
1655867710379766510 48
1655867711380917116 48
1655867712382115788 46
1655867713383322301 48
1655867714384500664 47
1655867715385644922 46
1655867716386796261 49
1655867717387938325 47
1655867718389143795 46
1655867719390503521 48
1655867720391665273 47
1655867721392812340 49
1655867722393955183 47
1655867723394714714 47
1655867724395873248 47
1655867725397023354 48
1655867726398175428 48
1655867727398702735 48
1655867728399864697 46
1655867729401013133 49
1655867730401671192 48
1655867731402823162 47
1655867732404041441 48
1655867733405190158 47
1655867734406388179 48
1655867735406714402 47
1655867736407889266 49
1655867737409043038 46
1655867738413267084 50
1655867739414746135 46
1655867740415895185 49
1655867741417056430 45
1655867742418205475 49
1655867743419372575 47
1655867744420515986 46
1655867745421971052 49
1655867746422710055 49
1655867747423896547 47
1655867748425050520 45
1655867749426235046 49
1655867750426704149 49
1655867751427854036 45
1655867752429009290 47
1655867753430163002 49
1655867754430884957 49
1655867755432037971 45
1655867756433182515 48
1655867757434338305 48
1655867758435506310 45
1655867759436662436 49
1655867760437804923 49
1655867761438993342 46
1655867762440145352 46
1655867763441288643 50
1655867764442441903 48
1655867765443042398 46
1655867766443240213 47
1655867767444930683 49
1655867768446107483 48
1655867769447465196 45
1655867770448649709 48
1655867771450476142 49
1655867772450737928 48
1655867773452168001 46
1655867774453007339 47
1655867775454490996 50
1655867776454731789 46
1655867777455970483 45
1655867778457131415 49
1655867779458289622 50
1655867780459287452 47
1655867781460503147 46
1655867782461671073 47
1655867783462826251 50
1655867784464003931 46
1655867785465206150 49
1655867786466381518 46
1655867787467533042 46
1655867788468695684 49
1655867789469846384 48
1655867790470709385 44
1655867791471869379 49
