1655869218244739831 0
1655869219245959798 0
1655869220247120853 0
1655869221248273133 0
1655869222249458087 0
1655869223250649003 0
1655869224251813923 0
1655869225252981287 0
1655869226254146145 0
1655869227255290309 9
1655869228256440997 53
1655869229257626436 57
1655869230258773523 55
1655869231259975650 59
1655869232261186624 56
1655869233262346012 55
1655869234263516110 60
1655869235264668172 54
1655869236265816166 57
1655869237266700479 57
1655869238267860929 57
1655869239268825579 58
1655869240269982588 53
1655869241270760832 57
1655869242272589023 59
1655869243273739666 54
1655869244274888207 58
1655869245276226392 54
1655869246278258221 58
1655869247279964507 57
1655869248281141608 55
1655869249282300721 57
1655869250282693938 55
1655869251283891050 58
1655869252285492812 54
1655869253286661189 60
1655869254287429046 55
1655869255288735264 56
1655869256289915683 58
1655869257291078968 59
1655869258291796274 52
1655869259293119304 59
1655869260294264011 59
1655869261295422654 55
1655869262296570311 55
1655869263297719383 57
1655869264298871413 58
1655869265300066585 56
1655869266301747391 55
1655869267303209803 59
1655869268304351734 57
1655869269305507101 54
1655869270306666906 59
1655869271307863457 57
1655869272309659439 54
1655869273310755219 59
1655869274311915985 58
1655869275313077903 54
1655869276314228762 58
1655869277315380583 57
1655869278316534661 56
1655869279317729191 55
1655869280318882418 54
1655869281320027401 59
1655869282321185772 57
1655869283322357078 56
1655869284323520390 53
1655869285324670467 60
1655869286325846458 59
1655869287326727789 55
1655869288327871563 55
1655869289329027317 59
1655869290330187614 55
1655869291331365129 59
1655869292332511438 56
1655869293333438533 55
1655869294334598815 58
1655869295335777146 60
1655869296336924876 52
1655869297338088972 56
1655869298339250143 60
1655869299340395280 56
1655869300341541428 55
1655869301342763527 58
1655869302343944601 58
1655869303345087975 54
1655869304346238403 59
1655869305347387585 57
1655869306348566354 55
1655869307350267449 58
1655869308350718015 58
1655869309351867347 59
1655869310353032396 53
1655869311354188117 58
1655869312354731345 58
1655869313355882203 57
1655869314357044546 55
1655869315358196747 58
