1655405805430180141 150871369
1655405805635931653 5286435
1655405805841959878 5716757
1655405806047820710 5417284
1655405806253611619 5348226
1655405806459103810 5051383
1655405806664775232 5235140
1655405806870250677 5047656
1655405807075202702 4629198
1655405807280981549 5357293
1655405807486520493 5268476
1655405807692265840 5315944
1655405807897959217 5262983
1655405808103067082 4810914
1655405808308797070 5288926
1655405808514508923 5248459
1655405808720185130 5242271
1655405808926218599 5597003
1655405809132081474 5425580
1655405809337623323 5106506
1655405809543384564 5310021
1655405809749212629 5409329
1655405809954255141 4577625
1655405810159949632 5276124
1655405810365515090 5139179
1655405810571200971 5252700
1655405810776785695 5155575
1655405810982593436 5373649
1655405811188423338 5389815
1655405811394243026 5319032
1655405811599866277 5170478
1655405811805566485 5277537
1655405812011364369 5361729
1655405812216989126 5234246
1655405812422851559 5424512
1655405812628492409 5207501
1655405812834191201 5268612
1655405813039791422 5165229
1655405813245524632 5299769
1655405813451142854 5173265
1655405813656851090 5271958
1655405813862595357 5304725
1655405814068473305 5449184
1655405814273981014 5064077
1655405814479619868 5196307
1655405814685353358 5290467
1655405814890993654 5200002
1655405815096930838 5490669
1655405815302555052 5183455
1655405815508181589 5199236
1655405815713880882 5263159
1655405815919412186 5093328
1655405816125162029 5310951
1655405816330868960 5269953
1655405816536537612 5228602
1655405816742213644 5233962
1655405816947823365 5245747
1655405817153979636 5748001
1655405817359545737 5132742
1655405817565137752 5162408
1655405817770800750 5229083
1655405817976441894 5204450
1655405818182597061 5700908
1655405818388545839 5506532
1655405818594279176 5302818
1655405818800101867 5382983
1655405819005976167 5435880
1655405819211865504 5443418
1655405819417652201 5325049
1655405819623562592 5473838
1655405819829356191 5442903
1655405820035188448 5421726
1655405820240963185 5334901
1655405820446609683 5213401
1655405820652488502 5454523
1655405820858156366 5233105
1655405821063875093 5355930
1655405821269746193 5433352
1655405821475395627 5203438
1655405821681246138 5410454
1655405821887040389 5400872
1655405822092966240 5487430
1655405822298833167 5477142
1655405822504627302 5360897
1655405822710243751 5223273
1655405822915814216 5122079
1655405823121501669 5250722
1655405823327229094 5304903
1655405823533084278 5423711
1655405823738844990 5364230
1655405823944765713 5489902
1655405824150458439 5248056
1655405824356180647 5282460
1655405824561905005 5287550
1655405824767544928 5203100
1655405824973343817 5359612
1655405825179158495 5380863
1655405825385151002 5533450
1655405825590959687 5374529
1655405825796602571 5200097
1655405826002439341 5397670
1655405826208304663 5419000
1655405826414146135 5403442
1655405826619895169 5302966
1655405826825596008 5241053
1655405827031213180 5224052
1655405827236896001 5238754
1655405827442398110 5064373
1655405827647984154 5155402
1655405827853684826 5265958
1655405828059157462 5037661
1655405828265150023 5703110
1655405828470968862 5378150
1655405828676476204 5079661
1655405828882447268 5473526
1655405829088337178 5459557
1655405829294158292 5388702
1655405829499943804 5353459
1655405829705562347 5184927
1655405829911090706 5099849
1655405830116979662 5450277
1655405830322686219 5268184
1655405830528362039 5242073
1655405830734116717 5316202
1655405830939786344 5230532
1655405831145719011 5488594
1655405831351346360 5183525
1655405831557171020 5390206
1655405831762830237 5270441
1655405831968539292 5274464
1655405832174184274 5204642
1655405832379861812 5249991
1655405832585589213 5304281
1655405832791346925 5359782
1655405832997286496 5504411
1655405833202962528 5237579
1655405833408762183 5354997
1655405833614425615 5225601
1655405833820010024 5150117
1655405834025996306 5547978
1655405834231480117 5044070
1655405834437326459 5403366
1655405834643009889 5261253
1655405834848729087 5277452
1655405835054335038 5165076
1655405835260033465 5251828
1655405835465741229 5242839
1655405835671251279 5056208
1655405835877075840 5386211
1655405836082647622 5130061
1655405836288229972 5139041
1655405836493970056 5307668
1655405836699539409 5156723
1655405836905319190 5322645
1655405837111125575 5364845
1655405837316772891 5206776
1655405837522421515 5214422
1655405837728061956 5188601
1655405837933650911 5163626
1655405838139223813 5147327
1655405838345372103 5694329
1655405838551076204 5307189
1655405838756698057 5184094
1655405838962468065 5383586
1655405839168312615 5433189
1655405839373909313 5185476
1655405839579439685 5106890
1655405839785226379 5373155
1655405839990948796 5283021
1655405840196628155 5243549
1655405840402197997 5132401
1655405840607685924 5055438
1655405840813367164 5248436
1655405841019064180 5260502
1655405841224712006 5209277
1655405841430086644 4938151
1655405841635731190 5229599
1655405841841539187 5387101
1655405842046992056 5014161
1655405842252732050 5303803
1655405842458479385 5298543
1655405842664186202 5261314
1655405842869627234 5011958
1655405843074623890 4717567
1655405843280372090 5306418
1655405843485925513 5118839
1655405843691499408 5137637
1655405843897270965 5321250
1655405844103115741 5398729
1655405844309002262 5461485
1655405844514577583 5163448
1655405844720376418 5366451
1655405844925976861 5165998
1655405845131800883 5384579
1655405845337461214 5224444
1655405845543053145 5161636
1655405845748858555 5370299
1655405845954397794 5105616
1655405846160086091 5248564
1655405846365730491 5212927
1655405846571208133 5043180
1655405846776799251 5159041
1655405846982366339 5114802
1655405847187978409 5256140
1655405847393630464 5214200
1655405847599362788 5300011
1655405847805262111 5499764
1655405848010834483 5135941
1655405848217077707 5776912
1655405848423050317 5533756
1655405848628911637 5428276
1655405848834529515 5194822
1655405849040261091 5290520
1655405849246066027 5363002
1655405849451852722 5359529
1655405849657606923 5327962
1655405849862794635 4753337
1655405850068469350 5236656
1655405850273953120 5044518
1655405850479143666 4761177
1655405850684777375 5205463
1655405850890274061 5087968
1655405851096007649 5301422
1655405851301796596 5354384
1655405851507442050 5213865
1655405851713310741 5438635
1655405851918964942 5214744
1655405852124709601 5332887
1655405852330280228 5121504
1655405852535964074 5284096
1655405852741623790 5222230
1655405852947148393 5173069
1655405853153162182 5561429
1655405853358804727 5200275
1655405853564229400 4982562
1655405853770017604 5351992
1655405853975370286 5054886
1655405854181388933 5579795
1655405854386968750 5145106
1655405854592674020 5273865
1655405854798250514 5203719
1655405855004050224 5367260
1655405855209863293 5380705
1655405855415415729 5268938
1655405855621193809 5351942
1655405855827045189 5417321
1655405856032747617 5264253
1655405856238521114 5334833
1655405856444290289 5332947
1655405856650088867 5371064
1655405856855658476 5139094
1655405857061420189 5323912
1655405857267113077 5256783
1655405857472794502 5250173
1655405857678403108 5156710
1655405857884136863 5329862
1655405858090224979 5651286
1655405858296160795 5497635
1655405858501945376 5351253
1655405858707573526 5194312
1655405858913519555 5500328
1655405859119321003 5350433
1655405859325071533 5312204
1655405859530840759 5331783
1655405859736601285 5326538
1655405859942706588 5659892
1655405860148537106 5383073
1655405860354155547 5174056
1655405860559852336 5299976
1655405860765590443 5300171
1655405860971281054 5254111
1655405861177287171 5559409
1655405861382959702 5229587
1655405861588624061 5222338
1655405861794413771 5355298
1655405862000259881 5394997
1655405862205961513 5264419
1655405862411690152 5292111
1655405862617521985 5393486
1655405862823207638 5245358
1655405863028913742 5264256
1655405863234581688 5221464
1655405863440138475 5115592
1655405863646009389 5419742
1655405863851776196 5327971
1655405864057616912 5456205
1655405864263341726 5282795
1655405864469244711 5450848
1655405864674897463 5217087
1655405864881413054 6083531
1655405865087146125 5321328
1655405865292864791 5271926
1655405865498654138 5346391
1655405865704368628 5279302
1655405865910208225 5402940
1655405866115833515 5188583
1655405866321544095 5267908
1655405866527352162 5366572
1655405866733154638 5368336
1655405866938981260 5368596
1655405867144727701 5297440
1655405867350566113 5394922
1655405867556299336 5293805
1655405867762198941 5455455
1655405867967957725 5311184
1655405868173682827 5287029
1655405868379694394 5555552
1655405868585607958 5474202
1655405868791335225 5286113
1655405868997243848 5432177
1655405869202998555 5309125
1655405869408685989 5252025
1655405869614371226 5249407
1655405869819970829 5163321
1655405870025803398 5390423
1655405870231593675 5360957
1655405870437251143 5223566
1655405870642898879 5227997
1655405870848352964 5025010
1655405871054013744 5221228
1655405871259716868 5305683
1655405871465506100 5293332
1655405871671116235 5180734
1655405871876882606 5331182
1655405872082567790 5248397
1655405872288320080 5300154
1655405872494077893 5324613
1655405872699587479 5070007
1655405872905147080 5125935
1655405873110972265 5433189
1655405873316343134 5086541
1655405873522023914 5259490
1655405873727618773 5175011
1655405873933175105 5132888
1655405874138877279 5303069
1655405874344460321 5155217
1655405874550134880 5248404
1655405874755727964 5160876
1655405874961507029 5345022
1655405875167072801 5130579
1655405875372614086 5107309
1655405875578289324 5245130
1655405875783832899 5109591
1655405875989526137 5256838
1655405876195287439 5323919
1655405876401059151 5336243
1655405876606854049 5364648
1655405876812450827 5163638
1655405877017845174 5122682
1655405877223510082 5228251
1655405877429330708 5367043
1655405877634966009 5201877
1655405877840716720 5316989
1655405878046434329 5282327
1655405878252283671 5435116
1655405878461498749 8774863
1655405878667070131 5168721
1655405878872728938 5226376
1655405879078019574 4907743
1655405879283647700 5199290
1655405879489440422 5358594
1655405879695193224 5315827
1655405879901104144 5471563
1655405880106886625 5391837
1655405880312359998 5036913
1655405880518124584 5334190
1655405880723702771 5143136
1655405880929458012 5324659
1655405881135562855 5680464
1655405881341454903 5436500
1655405881546964855 5109221
1655405881752712732 5314683
1655405881958308626 5225054
1655405882164121073 5389185
1655405882369990768 5439934
1655405882575638149 5215955
1655405882781369113 5301582
1655405882987222098 5421966
1655405883193350737 5683462
1655405883399090246 5299264
1655405883604913756 5360283
1655405883810219813 5202623
1655405884015950180 5313239
1655405884221928280 5533459
1655405884427562735 5197438
1655405884633458468 5462052
1655405884839147006 5240662
1655405885044911507 5332726
1655405885250781353 5411169
1655405885456516901 5294674
1655405885662141199 5186371
1655405885867857382 5281384
1655405886073549599 5270720
1655405886279273957 5288588
1655405886485031238 5358406
1655405886690837261 5374171
1655405886896508805 5242449
1655405887102227026 5275951
1655405887307839724 5176056
1655405887513642612 5372539
1655405887719483214 5408972
1655405887925325407 5405973
1655405888131130247 5413058
1655405888337233366 5589212
1655405888543208763 5535592
1655405888749096211 5452828
1655405888954773359 5242631
1655405889160571045 5352759
1655405889366293265 5281871
1655405889571919823 5193806
1655405889778086355 5729963
1655405889984345124 5807299
1655405890190616975 5819296
1655405890396847590 5784238
1655405890602876351 5796323
1655405890809013235 5699143
1655405891015177008 5723851
1655405891221599753 5969100
1655405891427778753 5726595
1655405891634098316 5877636
1655405891840290216 5748811
1655405892046429989 5703338
1655405892252710859 5836193
1655405892458854144 5703901
1655405892665200723 5899889
1655405892871445961 5807000
