1655405924458066031 14037903
1655405924664162300 5720501
1655405924869801984 5295244
1655405925075497375 5318001
1655405925281094246 5253472
1655405925486933688 5479385
1655405925692499131 5207558
1655405925898172489 5329985
1655405926103985400 5465605
1655405926310025043 5665768
1655405926515643425 5332507
1655405926721067220 5063207
1655405926926771173 5358419
1655405927132519918 5604694
1655405927338661182 5810149
1655405927544562999 5542234
1655405927750483003 5555091
1655405927955836874 5006050
1655405928161492507 5307594
1655405928367324119 5489781
1655405928573000922 5375731
1655405928778882661 5525902
1655405928984705813 5477658
1655405929190373390 5325872
1655405929395821816 5102373
1655405929601411566 5245431
1655405929807061594 5304724
1655405930012620604 5210835
1655405930218589065 5667163
1655405930424019473 5128787
1655405930629664699 5303272
1655405930835356633 5347619
1655405931041197539 5492375
1655405931247015410 5466309
1655405931452531888 5147065
1655405931658121419 5204927
1655405931863808120 5340557
1655405932069707661 5553913
1655405932275165797 5125987
1655405932481236166 5703905
1655405932687391957 5796960
1655405932893169863 5356572
1655405933099141400 5620377
1655405933304865119 5307547
1655405933510735343 5402043
1655405933716390230 5284033
1655405933922060464 5252026
1655405934127810914 5331582
1655405934333606185 5375653
1655405934539326488 5296039
1655405934744994490 5244237
1655405934950663930 5249256
1655405935156595362 5556862
1655405935362470653 5503771
1655405935568061352 5173330
1655405935773708301 5231243
1655405935978998569 4873088
1655405936185189630 5761076
1655405936391009118 5398130
1655405936597346963 5892982
1655405936803013800 5244424
1655405937008445920 5010889
1655405937214307533 5445876
1655405937420208608 5462470
1655405937625631319 5001250
1655405937831360784 5308334
1655405938037043065 5258983
1655405938242524513 5059818
1655405938448040845 5092631
1655405938653649116 5182414
1655405938859170541 5098573
1655405939064678763 5084808
1655405939270252654 5140750
1655405939475816583 5138880
1655405939681287104 5048404
1655405939886816451 5108513
1655405940092305643 5063287
1655405940298066515 5333633
1655405940503661027 5167723
1655405940709339836 5256920
1655405940914922521 5138437
1655405941120531702 5226427
1655405941326267362 5310138
1655405941531876548 5195122
1655405941737401613 5108784
1655405941942573274 4752908
1655405942148181008 5191536
1655405942353783577 5187425
1655405942559500451 5443881
1655405942765053084 5144370
1655405942970792079 5319143
1655405943176621706 5449976
1655405943382247032 5208007
1655405943587887445 5222228
1655405943793447699 5144389
1655405943999340309 5400232
1655405944204961553 5202037
1655405944410572717 5190854
1655405944616166010 5177953
1655405944821741998 5159821
1655405945027319631 5212723
1655405945232393952 4657334
1655405945438132130 5321952
1655405945643737042 5185184
1655405945849315496 5161623
1655405946054982016 5241723
1655405946260552542 5146592
1655405946466097997 5103102
1655405946671941892 5427862
1655405946877454584 5090621
1655405947083050532 5166282
1655405947288789199 5380895
1655405947494332992 5135529
1655405947699711259 4969669
1655405947905066949 4998806
1655405948110706351 5218323
1655405948316380423 5244208
1655405948522058160 5248602
1655405948727399322 5240489
1655405948932951937 5169691
1655405949138635762 5241512
1655405949344269101 5210311
1655405949549864203 5173703
1655405949755556690 5270643
1655405949961138872 5161568
1655405950166605956 5043279
1655405950372070277 5050863
1655405950577559687 5067990
1655405950783092433 5106320
1655405950988542468 5089026
1655405951194074866 5121235
1655405951399519546 5017624
1655405951605158279 5213806
1655405951810582396 5004388
1655405952016005549 5051597
1655405952221513731 5093228
1655405952426902719 4994156
1655405952632633740 5352307
1655405952838178512 5126466
1655405953043867039 5284098
1655405953249427559 5144476
1655405953455021396 5184976
1655405953660625812 5189222
1655405953866222996 5177986
1655405954071818134 5177748
1655405954277416259 5171477
1655405954483095137 5276184
1655405954688686740 5168544
1655405954894258232 5149407
1655405955099771972 5088039
1655405955305534010 5314040
1655405955511287056 5330955
1655405955717004389 5293716
1655405955922578817 5154775
1655405956128046796 5048978
1655405956333671845 5199112
1655405956539374124 5276155
1655405956745109002 5311541
1655405956950686056 5160048
1655405957156266132 5208991
1655405957362211859 5500088
1655405957567479845 4844762
1655405957772952790 5056806
1655405957978530379 5170668
1655405958184281282 5319745
1655405958390073499 5368261
1655405958595642513 5147816
1655405958801262596 5213604
1655405959007010032 5331371
1655405959212636697 5203014
1655405959418270488 5207952
1655405959623922956 5231066
1655405959829595528 5258623
1655405960035065123 5053413
1655405960240582048 5157886
1655405960446073638 5080045
1655405960651720107 5271843
1655405960857329622 5199857
1655405961063215821 5483266
1655405961268781468 5153981
1655405961474511149 5316135
1655405961679973206 5156029
1655405961885715931 5347084
1655405962091348257 5260405
1655405962297078752 5307125
1655405962502800373 5308963
1655405962708366549 5192376
1655405962914019978 5243409
1655405963119817316 5364665
1655405963325375801 5137010
1655405963530985413 5193455
1655405963736656591 5249450
1655405963942271977 5196233
1655405964147963305 5362655
1655405964353635927 5257020
1655405964559327019 5267465
1655405964764902299 5148451
1655405964970560426 5234462
1655405965176287887 5344868
1655405965382027217 5317355
1655405965587707184 5256047
1655405965793381498 5250575
1655405965998562289 4754755
1655405966204065758 5082946
1655405966409941020 5453950
1655405966615768425 5395838
1655405966821318086 5121373
1655405967026594535 4850686
1655405967232060588 5091461
1655405967438170544 5594332
1655405967643705608 5114301
1655405967849233892 5110112
1655405968055160926 5506990
1655405968260890368 5309905
1655405968466487463 5178365
1655405968672047079 5207005
1655405968877835134 5364204
1655405969082957024 4681316
1655405969288761043 5391001
1655405969494436192 5258702
1655405969699968342 5117082
1655405969905635479 5247166
1655405970111196932 5143953
1655405970316759407 5171362
1655405970522392493 5245467
1655405970728018016 5209037
1655405970933637974 5195779
1655405971139279779 5214959
1655405971344894392 5193465
1655405971550460826 5151725
1655405971756080572 5197124
1655405971961680547 5185348
1655405972167438628 5336582
1655405972372980091 5117767
1655405972578624335 5226479
1655405972784289903 5249837
1655405972989718250 5008139
1655405973195421634 5277297
1655405973401013193 5172555
1655405973606620218 5181538
1655405973812239239 5198275
1655405974017904425 5244101
1655405974223671382 5343416
1655405974429237629 5144759
1655405974634807848 5150063
1655405974840384260 5159267
1655405975045965642 5156258
1655405975251504991 5128157
1655405975456878116 4949500
1655405975662595871 5228619
1655405975868294975 5324271
1655405976073919139 5198132
1655405976279619265 5279390
1655405976485252357 5181322
1655405976690626426 4944071
1655405976896260399 5212857
1655405977102226912 5606430
1655405977307834557 5187737
1655405977515429032 7200998
1655405977722286688 6507057
1655405977929087162 6454108
1655405978136044980 6584508
1655405978343120575 6692734
1655405978548798928 5330940
1655405978754510175 5346948
1655405978959794310 4979117
1655405979165375827 5236589
1655405979370937422 5208342
1655405979576442586 5158693
1655405979782031721 5220740
1655405979987579103 5198325
1655405980193330723 5366390
1655405980398836432 5138891
1655405980604468737 5270099
1655405980810020155 5188590
1655405981015442176 5075485
1655405981220946180 5152582
1655405981426484146 5177175
1655405981631976075 5148850
1655405981837362863 5026635
1655405982042908760 5187839
1655405982248442494 5187196
1655405982453954780 5164687
1655405982659558978 5216227
1655405982865135204 5269412
1655405983070883441 5392565
1655405983276433257 5200820
1655405983482095432 5312689
1655405983687542179 5101398
1655405983893033998 5139151
1655405984098560862 5177336
1655405984303925387 5011732
1655405984509654794 5412318
1655405984715390005 5307907
1655405984921026928 5290275
1655405985126600858 5223295
1655405985332282895 5409481
1655405985538114479 5470841
1655405985743670519 5251371
1655405985949292685 5265217
1655405986154997274 5345898
1655405986360499816 5160760
1655405986566550715 5720456
1655405986772107137 5212207
1655405986977575203 5121253
1655405987183050101 5151582
1655405987388980520 5597798
1655405987594634482 5284826
1655405987800136575 5159821
1655405988005675392 5194947
1655405988211377819 5335381
1655405988416802541 5081419
1655405988622589353 5419642
1655405988828216661 5279117
1655405989033548755 4979189
1655405989239238159 5334432
1655405989444879760 5305578
1655405989650619997 5398886
1655405989856105204 5139198
1655405990061593526 5141138
1655405990267324406 5355717
1655405990472822271 5157567
1655405990678548950 5370735
1655405990883984028 5134342
1655405991089426562 5102513
1655405991294484259 4714981
1655405991500036057 5209933
1655405991705382157 5001815
1655405991910906901 5182665
1655405992116395185 5140378
1655405992322243309 5461273
1655405992528296863 5686934
1655405992733994143 5391465
1655405992939632490 5338147
1655405993145687408 5644714
1655405993351151386 5182375
1655405993556524798 5028760
1655405993762235589 5356034
1655405993967720886 5133516
1655405994173220274 5152805
1655405994378895926 5324950
1655405994584377780 5138183
1655405994789895580 5170199
1655405994995461913 5218266
1655405995200860937 5128915
1655405995406525223 5320160
1655405995611984737 5113100
1655405995817909667 5576764
1655405996023478579 5228190
1655405996228978207 5156227
1655405996434414055 5074455
1655405996640083041 5251700
1655405996845632123 5130549
1655405997051146583 5089189
1655405997257130788 5522844
1655405997462996919 5422869
1655405997668550310 5140154
1655405997874338554 5374976
1655405998079899898 5149820
1655405998285387719 5065920
1655405998491058354 5376281
1655405998696582519 5149880
1655405998902247372 5244514
1655405999107899734 5277468
1655405999313438790 5117034
1655405999519018291 5140755
1655405999724719595 5280375
1655405999930374387 5241448
1655406000135730033 4936422
1655406000341266020 5107163
1655406000546865638 5182473
1655406000752338596 5100129
1655406000957735955 4979616
1655406001163269860 5113080
1655406001369003894 5312063
1655406001574538300 5113467
1655406001780343932 5400107
1655406001985969466 5196914
1655406002191657997 5268534
1655406002397279193 5201268
1655406002603048260 5346326
1655406002808562553 5097992
1655406003014185472 5174903
1655406003219787078 5182922
1655406003425315197 5105797
1655406003630407469 4675568
1655406003835873084 5053334
1655406004041331263 5052790
1655406004247008721 5256783
1655406004452458970 5031923
1655406004658234560 5348798
1655406004863800983 5150687
1655406005069401940 5185325
1655406005275138650 5314171
1655406005480743916 5184477
1655406005686385660 5226274
1655406005892087518 5327995
1655406006097572551 5064407
1655406006303251968 5264555
1655406006508718549 5073731
1655406006714278879 5146736
1655406006919876344 5179954
1655406007125483420 5185300
1655406007330624899 4747053
1655406007536603842 5525504
1655406007742243838 5215774
1655406007947673726 5010581
1655406008153467777 5360183
1655406008359049858 5154237
1655406008564487754 5025078
1655406008770085403 5166217
1655406008975567717 5104549
1655406009181137213 5151755
1655406009386676545 5118056
1655406009592033880 4936050
1655406009797543212 5087655
1655406010003090850 5134502
1655406010208664725 5154184
1655406010414324414 5236419
1655406010619936695 5196887
1655406010825431655 5079671
1655406011030772561 4881591
1655406011236269806 5093080
1655406011441691259 5147205
1655406011647455339 5342780
1655406011853279265 5403138
1655406012058860204 5162572
1655406012264576164 5297731
1655406012470362213 5342356
