1655407239894924988 252814887
1655407240295706720 200396879
1655407240596388617 100362359
1655407240898740391 99176370
1655407241105975378 6919782
1655407241312627389 6252464
1655407241518847420 5755534
1655407241726039039 6859393
1655407241932461199 6104948
1655407242138726552 5898242
1655407242344968155 5946600
1655407242550927646 5666085
1655407242758324321 7090063
1655407242964876893 6252969
1655407243196323841 31291640
1655407243402103971 5450803
1655407243607965665 5490408
1655407243813747688 5461101
1655407244019882194 5766036
1655407244225153752 4966412
1655407244430982641 5507697
1655407244694706564 63355332
1655407244900562876 5523250
1655407245106030284 5111379
1655407245311801429 5384013
1655407245517543125 5303884
1655407245723235710 5221335
1655407245928638158 5101275
1655407246134514772 5428702
1655407246340507731 5598341
1655407246546255637 5244460
1655407246751973692 5351997
1655407246958112842 5766090
1655407247164492771 5967925
1655407247371115782 6188647
1655407247577759108 6235319
1655407247784174683 5949663
1655407247990411253 5764248
1655407248196998711 6110134
1655407248403489239 6016626
1655407248609723467 5770327
1655407248816023062 5910897
1655407249021831352 5400985
1655407249227560994 5266957
1655407249433003447 5146434
1655407249638718188 5264495
1655407249844423085 5250580
1655407250050392423 5473769
1655407250255918258 5018433
1655407250461691854 5348060
1655407250667878232 5717366
1655407250873574727 5240926
1655407251079756440 5685427
1655407251285281742 5065176
1655407251491068087 5333088
1655407251696736017 5243535
1655407251902227334 5020817
1655407252108166644 5493538
1655407252313956235 5368976
1655407252519928780 5527872
1655407252725662673 5272661
1655407252931612396 5499770
1655407253137357692 5317604
1655407253343143508 5328007
1655407253550357607 6608323
1655407253756839065 6148195
1655407253963244117 6052263
1655407254169871375 6278195
1655407254376125799 5910207
1655407254582475082 5897887
1655407254788400849 5528330
1655407254995308321 6523819
1655407255201600331 5935512
1655407255408659775 6698100
1655407255615032002 6077373
1655407255821598788 6214509
1655407256028102266 6120011
1655407256234354300 5897942
1655407256440986561 6265241
1655407256647610096 6266837
1655407256853761725 5998924
1655407257059591270 5532129
1655407257265824274 5892461
1655407257471529091 5247308
1655407257677055972 5300198
1655407257882756876 5334578
1655407258088414648 5299163
1655407258294526894 5743980
1655407258500350833 5401475
1655407258706027444 5270180
1655407258911860471 5422399
1655407259117342409 5130092
1655407259323428649 5694003
1655407259529004336 5232211
1655407259734580332 5167852
1655407259940432749 5372936
1655407260146137275 5370853
1655407260351910688 5432379
1655407260557271479 5015729
1655407260763030951 5378299
1655407260968947895 5567346
1655407261174463003 5135191
1655407261380603773 5770807
1655407261586628041 5648795
1655407261792684625 5677163
1655407261998592645 5575678
1655407262204892991 5967048
1655407262410810902 5538994
1655407262616938127 5781283
1655407262822963330 5696796
1655407263028850866 5548026
1655407263234579074 5336054
1655407263440622639 5675768
1655407263646974825 5956170
1655407263852770937 5397657
1655407264058537983 5419259
1655407264264673588 5746517
1655407264470076907 5099822
1655407264675955701 5498871
1655407264882058111 5759675
1655407265088042431 5587308
1655407265293261442 4868663
1655407265498821049 5223697
1655407265704587222 5392602
1655407265911079319 6158654
1655407266117281354 5802309
1655407266323328422 5711919
1655407266529408850 5637695
1655407266735203701 5468834
1655407266940525266 4858892
1655407267146206313 5348043
1655407267352838342 6249442
1655407267559778717 6602645
1655407267765265756 5113718
1655407267970784898 5137483
1655407268176265950 5109596
1655407268381846492 5242545
1655407268587719869 5497886
1655407268793118021 5055321
1655407268998532809 5070247
1655407269204510536 5607522
1655407269410257662 5334537
1655407269615969745 5347462
1655407269821463134 5162664
1655407270027721935 5927371
1655407270233424591 5368562
1655407270439388168 5583614
1655407270644463951 4732252
1655407270850028735 5221843
1655407271055439573 5061361
1655407271261203313 5361474
1655407271466986388 5429088
1655407271672677790 5362581
1655407271878535613 5460586
1655407272084208724 5236637
1655407272289675680 5073105
1655407272494992751 4891880
1655407272700401057 5013020
1655407272905931603 5143674
1655407273111441469 5086982
1655407273317404088 5611340
1655407273523130842 5325894
1655407273729011731 5450435
1655407273934826106 5372051
1655407274140829127 5564770
1655407274346710931 5475760
1655407274552215735 5206955
1655407274758334264 5725940
1655407274964379418 5605883
1655407275170163147 5386393
1655407275376086761 5484296
1655407275581392334 4935194
1655407275787530443 5678868
1655407275992732258 4955427
1655407276198323182 5127082
1655407276404394727 5648571
1655407276610171504 5365275
1655407276815865229 5280172
1655407277021843543 5538767
1655407277228041144 5747477
1655407277434703553 6265207
1655407277640747313 5670544
1655407277846581196 5430671
1655407278052287197 5307708
1655407278257736981 5042986
1655407278463336215 5298914
1655407278669092671 5388011
1655407278874749047 5305091
1655407279080548995 5417376
1655407279286158770 5308422
1655407279491934507 5423139
1655407279697650176 5306731
1655407279903387236 5317786
1655407280109111043 5355025
1655407280314790591 5232542
1655407280522092499 6849630
1655407280729377832 6854491
1655407280934633146 4799801
1655407281140393911 5400932
1655407281345853179 5067967
1655407281551656907 5418480
1655407281756955335 5203337
1655407281962640767 5291779
1655407282168407764 5352567
1655407282374104605 5403333
1655407282579881755 5465726
1655407282785876381 5560551
1655407282991958064 5676906
1655407283197860847 5532763
1655407283403671051 5408675
1655407283609359165 5286455
1655407283815293422 5630219
1655407284021639957 5907055
1655407284227966315 5888260
1655407284434071300 5670487
1655407284640483719 5992432
1655407284846424431 5541495
1655407285052273219 5497995
1655407285258410905 5743392
1655407285464454347 5643781
1655407285670415049 5589329
1655407285876684765 5923149
1655407286082946881 5865213
1655407286289014157 5637110
1655407286495195139 5777761
1655407286701600421 5825514
1655407286907832599 5859663
1655407287114045113 5843409
1655407287320273285 5783178
1655407287526413461 5769166
1655407287732405947 5559484
1655407287938225141 5418584
1655407288144598640 5923202
1655407288350599189 5626302
1655407288556799191 5828972
1655407288763095082 5943463
1655407288969415951 5866754
1655407289175789524 5940095
1655407289381863187 5669332
1655407289588207515 5904732
1655407289794459031 5845360
1655407290000878682 5988545
1655407290206715987 5389197
1655407290412319534 5154642
1655407290618164819 5446864
1655407290824027866 5427731
1655407291029740251 5324240
1655407291235661715 5483673
1655407291441236112 5404501
1655407291647249966 5619024
1655407291853841434 6016593
1655407292060387184 6108439
1655407292266188105 5400877
1655407292472079382 5463523
1655407292678048507 5552213
1655407292883904722 5440215
1655407293089522789 5185432
1655407293295301098 5380142
1655407293501342321 5572849
1655407293707163831 5425595
1655407293913015034 5293694
1655407294118946922 5505430
1655407294324757543 5381864
1655407294530598479 5441725
1655407294736437356 5397779
1655407294942134842 5295084
1655407295148056574 5480750
1655407295353884856 5434577
1655407295559750484 5426232
1655407295765515760 5379480
1655407295971464918 5514358
1655407296177192638 5337679
1655407296382823837 5237928
1655407296588520497 5261081
1655407296794292044 5379363
1655407297000306689 5581509
1655407297206065247 5364131
1655407297412066349 5563107
1655407297617807519 5349340
1655407297823791338 5545793
1655407298029711890 5481654
1655407298235682215 5544910
1655407298441364981 5259494
1655407298647093111 5360752
1655407298852812075 5235976
1655407299058500507 5391403
1655407299264504231 5521069
1655407299470242113 5348266
1655407299676420677 5753452
1655407299882612042 5744691
1655407300088879354 5827041
1655407300295407871 6074243
1655407300501614003 5764232
1655407300708043674 6046813
1655407300914376645 5893119
1655407301120519102 5696080
1655407301326668312 5705579
1655407301532838186 5732668
1655407301738644392 5364922
1655407301944393980 5316572
1655407302150182788 5387834
1655407302356202296 5585310
1655407302561914808 5299678
1655407302767821520 5491724
1655407302973829718 5581608
1655407303179947647 5683837
1655407303385443823 5205973
1655407303591238750 5365705
1655407303797422909 5654752
1655407304003429768 5616315
1655407304209411434 5576328
1655407304415244040 5396586
1655407304621278347 5464303
1655407304827321042 5614830
1655407305033217914 5390191
1655407305239184698 5536551
1655407305445039279 5291604
1655407305651137074 5673930
1655407305857250090 5663499
1655407306063575355 5901905
1655407306269505516 5514531
1655407306475705051 5760979
1655407306680316229 4491386
1655407306886092479 5376417
1655407307091689208 5161726
1655407307297669497 5579536
1655407307503798030 5694598
1655407307709610274 5448533
1655407307915550546 5497450
1655407308121270327 5449750
1655407308327292530 5598705
1655407308533182620 5359262
1655407308738996028 5413982
1655407308944699034 5280548
1655407309150228245 5138420
1655407309356383639 5721569
1655407309562252742 5480567
1655407309768273150 5593433
1655407309974162239 5494662
1655407310180025569 5437067
1655407310385797126 5372803
1655407310595299775 9067509
1655407310801198942 5442374
1655407311006636369 5246178
1655407311212579437 5485217
1655407311418199374 5211771
1655407311624373834 5732132
1655407311829916209 5126306
1655407312036162456 5799407
1655407312242128715 5527300
1655407312448559276 6006114
1655407312654831105 5840659
1655407312861045380 5802163
1655407313066640899 5167196
1655407313272895401 5822651
1655407313479095816 5723105
1655407313685265433 5607983
1655407313891472110 5800947
1655407314097609572 5744700
1655407314303945415 5878880
1655407314510309075 5911644
1655407314716440798 5719718
1655407314922672700 5783083
1655407315128624627 5645996
1655407315334926696 5757903
1655407315541143021 5734160
1655407315747361347 5846894
1655407315953593661 5826663
1655407316159587979 5558764
1655407316365233197 5483187
1655407316570793838 5140620
1655407316776405902 5253242
1655407316982223472 5370941
1655407317187994139 5351607
1655407317393750445 5321798
1655407317601427314 7250210
1655407317807090680 5263839
1655407318012601417 5088971
1655407318218029358 5075550
1655407318423689005 5215822
1655407318629028230 4972189
1655407318834671192 5254712
1655407319040172920 5071108
1655407319245498072 4934326
1655407319450872837 4968656
1655407319656755288 5440492
1655407319862070832 4916761
1655407320067408250 4943148
1655407320272607432 4838490
1655407320477791719 4787484
1655407320683047004 4895972
1655407320888057392 4646294
1655407321093443293 5044852
1655407321299104271 5269646
1655407321505015194 5577469
1655407321710187054 4839314
1655407321916953268 6465995
1655407322124402073 7100182
1655407322330958048 6241443
1655407322537217926 5951257
1655407322743447424 5900212
1655407322949026302 5387517
1655407323155796375 6463512
1655407323362290122 6176348
1655407323568789434 6209500
1655407323774225038 5072547
1655407323980096066 5528990
1655407324186731641 6292063
1655407324394638807 7602784
1655407324600955327 6006007
1655407324807278697 6012784
1655407325013844838 6246389
1655407325221290947 7095870
1655407325427341870 5654794
1655407325632896167 5170791
1655407325839736332 6421959
1655407326046497413 6360930
1655407326254123846 7181997
1655407326460373301 5795876
1655407326666933538 6171358
1655407326873404170 6104113
1655407327079812879 6114510
1655407327286362884 6255554
1655407327492448584 5798909
1655407327698256282 5594407
1655407327904005229 5354562
1655407328110205123 5784980
1655407328317134417 6503388
1655407328524089777 6569686
1655407328730624634 6088856
1655407328936645461 5586847
1655407329142594086 5547417
1655407329348547129 5638880
1655407329554436752 5587433
