1655407599628570221 95953035
1655407600123992736 201855976
1655407600525265294 200815321
1655407600732382618 6750557
1655407600938194151 5393788
1655407601143769707 5129343
1655407601349499632 5333572
1655407601557435585 7819653
1655407601764075041 6312510
1655407601972198753 7805719
1655407602178545344 6027371
1655407602385965677 7054618
1655407602592275009 5996153
1655407602798430301 5802930
1655407603005300162 6437699
1655407603211352875 5740664
1655407603417142233 5448729
1655407603623575338 6070003
1655407603829216997 5254216
1655407604035329502 5771433
1655407604241899025 6171626
1655407604447612789 5324525
1655407604654205807 6205351
1655407604860431363 5904141
1655407605066415466 5417420
1655407605272595400 5828027
1655407605478666645 5659929
1655407605684636511 5636327
1655407605890238705 5235979
1655407606096025480 5385575
1655407606301877914 5449437
1655407606506972885 4695184
1655407606712501610 5122701
1655407606918713532 5718383
1655407607125518167 6449929
1655407607332133531 6253692
1655407607538163607 5621592
1655407607743635439 5065424
1655407607950103279 6104441
1655407608156047890 5525074
1655407608362883668 6386183
1655407608570017796 6683583
1655407608776520906 6040773
1655407608982190865 5160697
1655407609188461056 5825199
1655407609394099524 5061491
1655407609599850770 5344127
1655407609805583403 5289965
1655407610011495696 5499072
1655407610217415834 5471737
1655407610422459727 4756184
1655407610628108325 5209816
1655407610833954650 5434863
1655407611039876472 5512171
1655407611245696541 5364917
1655407611451388698 5271669
1655407611657203568 5369528
1655407611862869771 5251350
1655407612068596521 5304700
1655407612274218503 5172578
1655407612479837898 5205366
1655407612685534548 5247232
1655407612890971061 5102820
1655407613096324013 4967897
1655407613301741690 4956443
1655407613507360173 5286688
1655407613713132079 5396719
1655407613918965901 5503493
1655407614125308927 5966519
1655407614331165749 5486231
1655407614537537964 5968591
1655407614743315923 5366055
1655407614949710214 6001754
1655407615156039935 5918075
1655407615361967430 5511558
1655407615567897097 5474999
1655407615773831141 5478587
1655407615979655852 5375519
1655407616185547185 5439409
1655407616391315973 5313417
1655407616597388926 5619485
1655407616803298897 5458359
1655407617009262602 5514105
1655407617215954913 6238350
1655407617421664605 5265392
1655407617627369372 5294399
1655407617833037956 5294572
1655407618038897102 5417018
1655407618244666551 5310856
1655407618450281748 5222084
1655407618655716878 4988269
1655407618861488077 5322679
1655407619067413457 5474835
1655407619273273307 5400532
1655407619479306127 5570023
1655407619685313213 5545473
1655407619891078805 5387499
1655407620096859437 5321430
1655407620302771298 5441560
1655407620508403424 5173453
1655407620714086784 5093836
1655407620919626077 5098076
1655407621125163432 5078785
1655407621330668855 5127413
1655407621536124095 5029830
1655407621741719098 5147501
1655407621947128644 4999717
1655407622152504007 4918227
1655407622358117713 5155706
1655407622563660493 5125806
1655407622769210349 5124320
1655407622974641119 5017644
1655407623180241180 5175740
1655407623386076958 5413651
1655407623591624676 5133717
1655407623797792231 5760038
1655407624003069799 4856965
1655407624208581369 5085844
1655407624414073607 5086053
1655407624619631776 5122033
1655407624825329470 5270743
1655407625030846055 5136688
1655407625236354387 5066976
1655407625441959160 5177358
1655407625647634334 5266447
1655407625853279512 5228711
1655407626059034847 5354330
1655407626264636228 5132324
1655407626470160054 5161429
1655407626675987985 5419755
1655407626881566999 5156126
1655407627087379670 5396682
1655407627293386011 5555117
1655407627498990706 5184312
1655407627704421782 4979955
1655407627909976352 5035718
1655407628115837025 5450885
1655407628325797643 9538778
1655407628531986268 5772159
1655407628737905883 5474263
1655407628943352797 5028933
1655407629148653031 4862174
1655407629354061281 5011813
1655407629559495183 5026808
1655407629764875661 4996570
1655407629970047484 4762837
1655407630176107864 5646240
1655407630382240570 5676324
1655407630588327243 5665361
1655407630795036042 6212580
1655407631000392835 4917009
1655407631205810548 4941503
1655407631411221968 4978953
1655407631626903535 15173393
1655407631833567819 6277019
1655407632039464825 5590342
1655407632245757801 5895407
1655407632452578642 6462896
1655407632658881799 5886166
1655407632864905550 5550747
1655407633070313084 5236748
1655407633275870571 5153810
1655407633481480228 5151928
1655407633687390854 5432878
1655407633892884416 5089239
1655407634098974639 5638194
1655407634304503667 5094854
1655407634510421751 5535950
1655407634726251040 15355735
1655407634932069560 5413900
1655407635137334553 4853633
1655407635343387992 5672521
1655407635548852195 5007199
1655407635754052129 4785499
1655407635959905906 5432160
1655407636165575487 5222200
1655407636371168536 5211462
1655407636576744213 5161043
1655407636781415934 4464318
1655407636986756159 4962189
1655407637192554605 5387285
1655407637398398037 5446823
1655407637604099705 5294422
1655407637809543713 5029638
1655407638015927391 6011185
1655407638224581425 8316208
1655407638432017436 7089538
1655407638639286509 6875987
1655407638846408798 6696551
1655407639053534385 6758106
1655407639260442073 6569234
1655407639467749152 6744838
1655407639673118625 4918913
1655407639878653369 5119134
1655407640084006937 4889365
1655407640289585580 5121539
1655407640495140059 5127538
1655407640700603604 4991225
1655407640905873532 4817252
1655407641111093716 4723468
1655407641316489261 4940877
1655407641521622880 4632586
1655407641726707179 4855467
1655407641932355484 5149504
1655407642137896797 5032978
1655407642343434137 5109053
1655407642549070732 5129714
1655407642754358555 4904523
1655407642959797844 4967058
1655407643165438083 5211372
1655407643371047817 5216643
1655407643576619766 5112880
1655407643782014212 5115669
1655407643987994385 5544260
1655407644194365606 5968253
1655407644400025741 5248632
1655407644605871535 5423174
1655407644811720219 5378980
1655407645017252619 5093835
1655407645222844064 5223099
1655407645428827974 5574138
1655407645634392026 5145837
1655407645839834689 5116028
1655407646045236504 5046287
1655407646250563394 4994103
1655407646455976261 5055641
1655407646661230884 4904711
1655407646866466580 4897959
1655407647072212973 5340762
1655407647278450038 5891968
1655407647484927854 6087823
1655407647690852698 5527244
1655407647897020995 5751667
1655407648103055490 5711064
1655407648309398226 5954727
1655407648515402041 5584648
1655407648721272703 5499504
1655407648926535316 4895167
1655407649132864924 5901339
1655407649339318804 6044280
1655407649545161580 5559770
1655407649751364335 5667261
1655407649957019756 5364230
1655407650162715638 5409548
1655407650368649354 5416645
1655407650576131411 6858542
1655407650783280394 6794188
1655407650988807833 5235701
1655407651194792769 5523184
1655407651400341889 5141160
1655407651606019408 5239835
1655407651811350834 4957765
1655407652017277612 5458342
1655407652223483860 5810129
1655407652429491326 5535364
1655407652635410574 5510503
1655407652841270147 5421710
1655407653047010215 5309641
1655407653252813623 5344347
1655407653459047163 5840376
1655407653665237427 5726711
1655407653871532242 5866312
1655407654077628427 5633344
1655407654283856059 5852504
1655407654490021285 5715689
1655407654696232854 5796517
1655407654901878672 5157046
1655407655107802471 5493926
1655407655313609591 5335647
1655407655519351749 5331022
1655407655724923610 5117342
1655407655930165828 4821658
1655407656135985796 5439765
1655407656341655597 5218711
1655407656547205614 5130427
1655407656753190425 5553115
1655407656958620383 5002503
1655407657164129952 5073647
1655407657369614653 5043687
1655407657575357304 5320250
1655407657780808244 5064517
1655407657985641131 4645806
1655407658191139529 5028658
1655407658396586425 4995926
1655407658602242729 5276631
1655407658808010086 5349980
1655407659013911459 5479058
1655407659220093975 5748624
1655407659425951141 5418826
1655407659631703847 5325516
1655407659837300656 5157712
1655407660043039464 5324795
1655407660249010305 5482843
1655407660454677594 5180334
1655407660660874722 5710194
1655407660866751532 5393952
1655407661072433440 5317583
1655407661278213151 5278696
1655407661484019298 5360491
1655407661689917587 5402853
1655407661896274102 5965453
1655407662102123022 5477995
1655407662309738997 7187462
1655407662516825913 6775600
1655407662724548375 7378703
1655407662932496569 7520709
1655407663140617083 7641931
1655407663350668558 9657476
1655407663557895123 6792792
1655407663765631591 7344532
1655407663972178162 6229471
1655407664179022227 6518843
1655407664385825104 6339842
1655407664591772567 5514534
1655407664798419578 6266167
1655407665005680198 6837627
1655407665212176720 5992776
1655407665418264280 5643621
1655407665624422447 5733896
1655407665830308966 5341845
1655407666036273181 5512271
1655407666241967619 5199359
1655407666447487951 5202628
1655407666653267467 5439805
1655407666858964055 5381766
1655407667064942567 5630668
1655407667270792653 5509569
1655407667477138725 6005513
1655407667683294385 5853809
1655407667889768191 6133117
1655407668096474313 6389105
1655407668303518529 6615433
1655407668509593865 5709532
1655407668716912570 6847035
1655407668923160994 5859037
1655407669129565411 6024258
1655407669337258648 7270918
1655407669544284971 6639199
1655407669750817842 6187968
1655407669957574508 6326335
1655407670163936358 5969816
1655407670369918931 5662674
1655407670576556752 6308806
1655407670781831990 4981079
1655407670988050683 5835451
1655407671193847904 5454950
1655407671400172447 5991794
1655407671606116651 5606737
1655407671812456515 5913057
1655407672018320388 5362323
1655407672224497909 5807653
1655407672430753833 5859256
1655407672638224193 7096315
1655407672844454712 5895186
1655407673050340326 5451634
1655407673256447776 5770929
1655407673462471144 5572472
1655407673668508242 5655144
1655407673874784237 6021529
1655407674081437238 6217219
1655407674287281499 5524904
1655407674493516171 5907608
1655407674699443302 5609724
1655407674906435986 6662857
1655407675111931380 5177695
1655407675317948559 5657626
1655407675525332286 6966795
1655407675731303620 5659747
1655407675937245020 5624827
1655407676143207767 5601732
1655407676349650320 6009756
1655407676555881629 5888330
1655407676762219068 6017928
1655407676968932732 6377211
1655407677175174253 5881067
1655407677381142264 5636460
1655407677587347297 5888787
1655407677793454923 5747088
1655407677999239706 5394751
1655407678205300997 5697456
1655407678412086296 6474988
1655407678617846975 5433562
1655407678824575418 6391755
1655407679030833252 5898929
1655407679237347623 6142954
1655407679443215641 5556879
1655407679649368692 5829215
1655407679855022150 5342162
1655407680061327888 5986029
1655407680267539891 5902497
1655407680473556113 5693033
1655407680679215986 5353983
1655407680885454513 5914664
1655407681091320478 5554860
1655407681297622587 5975138
1655407681503956748 6023286
1655407681709635005 5366530
1655407681915314897 5370756
1655407682121330818 5709921
1655407682327118931 5446387
1655407682533444735 5997467
1655407682739278744 5523863
1655407682945465530 5874763
1655407683151050848 5277814
1655407683357035877 5673695
1655407683562694659 5329071
1655407683768533430 5461726
1655407683974171023 5280204
1655407684180093547 5459822
1655407684385619242 5148676
1655407684591300237 5314848
1655407684797046709 5299675
1655407685002707657 5250176
1655407685208420858 5295220
1655407685414143766 5202405
1655407685619927722 5377939
1655407685825571065 5185039
1655407686031330309 5345647
1655407686237021302 5237075
1655407686442691078 5247625
1655407686648449344 5314582
1655407686854280530 5298519
1655407687060032292 5335734
1655407687266018977 5530830
1655407687471924362 5494738
1655407687677514000 5174720
1655407687883375745 5446368
1655407688089041515 5220912
1655407688294543706 5095623
1655407688500074209 5093736
1655407688705766521 5232324
1655407688911643842 5501114
1655407689118096528 6025435
1655407689323555535 5012417
1655407689530099250 6085974
