1655407959922964681 498037203
1655407960226055777 102501846
1655407961630673314 1104326092
1655407961836044848 4998845
1655407962041569175 5172083
1655407962327558574 5738587
1655407962722862985 101088407
1655407962928471326 5234590
1655407963134123330 5202739
1655407963340064809 5594577
1655407963545387470 4956682
1655407963750453987 4728094
1655407964223029195 201185468
1655407964428798006 5303083
1655407964634450137 5247852
1655407964840344724 5446695
1655407965046442247 5636436
1655407965252143628 5330726
1655407966659986597 1138155207
1655407966928575625 6668840
1655407967230013566 101250952
1655407967547956431 117643368
1655407967755293874 6958878
1655407967963151860 7467330
1655407968169937335 6459094
1655407968376495954 6252482
1655407968645563413 68680346
1655407969338853657 416784499
1655407969544489849 5302264
1655407969751077207 6261614
1655407969957897271 6519936
1655407970225847514 67639564
1655407971552093341 1120739127
1655407971758659862 6212284
1655407972030473718 8679554
1655407972421930459 191082658
1655407972628338448 5980474
1655407972925582370 96920986
1655407973133369216 7330853
1655407973340902519 7129260
1655407973628532708 6465617
1655407973834780663 6014095
1655407974130861834 8818430
1655407974523615199 100667862
1655407974731665223 7569984
1655407974937781842 5718036
1655407975143677240 5547185
1655407975349603985 5562842
1655407975555444637 5492543
1655407975828201972 5507893
1655407976127017125 98493611
1655407977344829633 1017400758
1655407977552747184 7484623
1655407978948612424 1126712711
1655407979224175264 75400107
1655407979529696493 105064490
1655407979737590141 7567539
1655407980027323245 89322192
1655407980237744869 9942626
1655407980524326719 86179600
1655407980730877649 6246699
1655407981036352756 14538334
1655407981242269677 5487595
1655407981450387184 7733800
1655407981655793810 5014870
1655407981864346522 8213596
1655407982126907944 5094756
1655407983447509538 1120174017
1655407983653799361 5897996
1655407983860030407 5759943
1655407984145589882 85091070
1655407984351356974 5323152
1655407984557083118 5271080
1655407984762754866 5214894
1655407984968568800 5358908
1655407985173311214 4569791
1655407986436298437 1014149606
1655407986643809783 6951319
1655407986852122715 7981862
1655407987059563362 7017509
1655407988291214503 1031293256
1655407988501729934 10152738
1655407988724986790 22895997
1655407988930391183 4966362
1655407989135981412 5173411
1655407990367346145 1030907044
1655407990721976624 100147857
1655407991940140993 1017630752
1655407993155481179 1015031455
1655407993362906349 7056059
1655407993576561235 13310922
1655407993827796984 5519009
1655407994033585698 5395928
1655407994239140313 5263212
1655407994445313205 5775643
1655407994655285614 9674896
1655407994861777373 6111147
1655407995068060531 5849113
1655407995274698161 6252902
1655407995480392490 5323941
1655407995686096740 5256189
1655407995891641913 5191519
1655407996098198602 6157934
1655407996327083674 28534596
1655407996533829793 6440772
1655407996828959384 7133795
1655407997131094194 7620512
1655407997427689818 96283469
1655407997634818097 6822559
1655407997841051966 5889060
1655407998046092179 4742776
1655407998254506678 8087841
1655408001523845588 3068973987
1655408001729855347 5649764
1655408003359396094 1429082607
1655408003565705717 6027599
1655408003774011174 7926082
1655408004045677541 71258453
1655408004257553222 11412527
1655408004464488779 6530850
1655408004725470781 60619464
1655408006159821748 1234007028
1655408007662831267 1302650499
1655408007868448671 5216273
1655408009221775318 1099930029
1655408009428473346 6294099
1655408010823902454 1195096207
1655408011030157778 5917535
1655408011330591542 8704449
1655408012639465603 1108529924
1655408012847236907 7429969
1655408014144610151 1022748866
1655408014350380432 5446225
1655408014628868501 78065017
1655408014834521626 5357135
1655408015127013411 92060582
1655408015335175172 7777749
1655408015540675562 5153380
1655408015829331634 7233432
1655408016036580212 6897206
1655408017346998589 1110200194
1655408017553710239 6405472
1655408017825000543 70986288
1655408018032895955 7582514
1655408018239296566 6079219
1655408018446915429 7313033
1655408018653302478 6041293
1655408018859496531 5885822
1655408019066177297 6378207
1655408019327236383 60754453
1655408019625207134 97635597
1655408019926521399 100991861
1655408020225528331 98677638
1655408020432090223 6173935
1655408020638048763 5608308
1655408020843665851 5288058
1655408021124334746 80289821
1655408021333584291 8816821
1655408021628947442 95046367
1655408021925143757 95864949
1655408022226759031 101214823
1655408022528215646 101141587
1655408022823672906 95142311
1655408023031829174 7760055
1655408023237961819 5714589
1655408023443692038 5378277
1655408023724624227 80588174
1655408024029686447 104770225
1655408024329483660 7347041
1655408024625217396 95415274
1655408024831510280 5883147
1655408025038142559 6208987
1655408025244240789 5743368
1655408025452162772 7624300
1655408025728777252 6960970
1655408026948400538 1019322413
1655408027245846484 97043104
1655408027526095520 79789013
1655408027737628496 11203899
1655408027944554409 6540045
1655408028149803818 4953116
1655408028356084607 5958198
1655408028562855553 6273892
1655408028821941512 58733541
1655408029424322305 402070632
1655408029631484771 6754427
1655408029838175585 6342500
1655408030044617763 6078536
1655408030251317544 6469838
1655408030457813242 6150230
1655408030663329453 5173232
1655408030929627196 7586992
1655408031226509410 96537718
1655408031534514247 11773497
1655408032845796242 1023908413
1655408033052200294 5937632
1655408033258282196 5624000
1655408033464302061 5545792
1655408033670496374 5732452
1655408033945971794 75050087
1655408034153635080 7225099
1655408034360887879 6875996
1655408034567881714 6620716
1655408034773815751 5530102
1655408035050101064 75942783
1655408035259101223 8616755
1655408035464928406 5476558
1655408035671709562 6410538
1655408035878559991 6484393
1655408037089240879 1010210175
1655408037324397739 34732949
1655408037530715834 5795433
1655408037737224800 6093580
1655408037943426340 5760429
1655408038152391904 8412970
1655408038427223556 74307528
1655408038725006790 97402837
1655408038932659828 7276803
1655408039140090350 7059713
1655408039347680804 7255481
1655408039557402065 9348101
1655408039826281338 68587741
1655408041055069268 1028464923
1655408041262359714 6937172
1655408041526184521 63492127
1655408041923627570 197135841
1655408042130015431 6004186
1655408042336082091 5630278
1655408042541782441 5234889
1655408042747376184 5139616
1655408042953084235 5364565
1655408043158402104 5004955
1655408043431321579 9430309
1655408043729120234 97482305
1655408044029400740 99984320
1655408044235652722 5863878
1655408044441764347 5788163
1655408044648516128 6436487
1655408044928627803 6745778
1655408045224599007 95826094
1655408048753391097 3328606772
1655408048959220255 5443516
1655408049165556322 5937645
1655408049433180617 11353267
