1655408801198648208 259750383
1655408802718764395 1226047884
1655408802927665219 8572293
1655408803135860485 7854829
1655408803341892513 5615239
1655408803548434156 6201203
1655408803754797012 5929180
1655408803960648096 5479194
1655408804166445586 5423482
1655408804372368412 5581056
1655408804578908857 6201836
1655408804786063334 6766339
1655408804991800656 5395024
1655408805197443899 5305255
1655408805403395003 5598532
1655408805609119514 5408210
1655408805815381533 5911715
1655408806020539318 4930424
1655408806225838777 4906115
1655408806431017415 4746736
1655408806636282006 4870534
1655408806841405005 4786759
1655408807046594032 4805664
1655408807252013422 5041532
1655408807457090653 4736769
1655408807662398689 4871522
1655408807867834865 5014151
1655408808073341822 5160407
1655408808278764649 5040675
1655408808484685172 5538664
1655408808690272173 5243471
1655408808895561667 4914134
1655408809101072738 5172448
1655408809306429032 4999579
1655408809512363779 5553643
1655408809717792334 5084262
1655408809923628352 5457832
1655408810129395713 5361153
1655408810335637348 5858296
1655408810541191740 5151040
1655408810746839185 5275365
1655408810952305458 5090111
1655408811158230688 5588147
1655408811364541750 5930527
1655408811570018182 5125031
1655408811776527558 6121878
1655408811982387168 5510797
1655408812188211503 5436940
1655408812393817250 5253456
1655408812599577576 5380929
1655408812805491922 5529901
1655408813011219425 5344428
1655408813217139272 5438159
1655408813423123615 5560667
1655408813629115879 5551557
1655408813834764060 5264957
1655408814040335060 5184715
1655408814246325862 5644367
1655408814451795944 5083372
1655408814656957450 4812168
1655408814862516194 5175841
1655408815068235674 5321703
1655408815274276250 5718020
1655408815479994831 5333546
1655408815685810708 5455589
1655408815891828406 5625749
1655408816097249737 5067781
1655408816303186627 5554410
1655408816508855594 5271220
1655408816714579807 5328990
1655408816920134352 5134113
1655408817125595152 5105043
1655408817331166061 5150163
1655408817538775185 7148134
1655408817745128104 5927114
1655408817951422080 5944716
1655408818157656218 5873046
1655408818363432676 5429524
1655408818569098685 5350525
1655408818775594774 6090022
1655408818981660456 5703174
1655408819188109534 6091196
1655408819393746299 5246754
1655408819601174779 7034163
1655408819807232985 5717945
1655408820013961460 6279407
1655408820219991039 5637666
1655408820426985536 6635829
1655408820633861585 6500954
1655408820840188804 5904210
1655408821046949981 6334696
1655408821252686840 5331873
1655408821458498255 5353100
1655408821664208504 5313529
1655408821869865832 5196918
1655408822075475776 5176345
1655408822281505690 5562418
1655408822487194647 5265087
1655408822692687739 4975224
1655408822898523664 5398691
1655408823104519930 5577753
1655408823309985355 5039047
1655408823515602146 5213817
1655408823721642848 5607771
1655408823927623963 5576388
1655408824132935122 5183109
1655408824338572962 5254893
1655408824544203462 5234782
1655408824749664005 5124102
1655408824955456085 5478081
1655408825161174246 5491166
1655408825367499130 6026767
1655408825575076036 7210915
1655408825781283235 5820375
1655408825988093122 6508401
1655408826194636161 6097446
1655408826400765604 5722476
1655408826606971184 5819218
1655408826813367201 6043006
1655408827019707498 5977772
1655408827226094960 6075957
1655408827432441537 5962046
1655408827639908596 7118948
1655408827845678987 5320473
1655408828051821111 5789640
1655408828257831043 5678660
1655408828463963620 5723639
1655408828669960523 5562211
1655408828876863512 6473792
1655408829082518009 5321572
1655408829288649302 5775270
1655408829494455897 5435314
1655408829700470605 5615647
1655408829906397881 5499054
1655408830112467762 5604176
1655408830318637143 5774860
1655408830524507276 5471769
1655408830730232800 5276168
1655408830935921559 5278115
1655408831141995906 5643896
1655408831347729716 5297880
1655408831553055344 4906291
1655408831758413882 4920521
1655408831964308290 5457060
1655408832169593206 4899285
1655408832375377306 5364013
1655408832580737145 4987521
1655408832786201848 5088552
1655408832991717927 5151503
1655408833197058215 4958060
1655408833402628289 5193233
1655408833608185323 5196737
1655408833813888050 5405868
1655408834019189182 4867158
1655408834224893597 5140514
1655408834430623046 5435134
1655408834636309725 5311534
1655408834841951910 5218175
1655408835048447974 6117386
1655408835253612125 4752845
1655408835459423934 5435957
1655408835665119675 5346144
1655408835870958640 5507402
1655408836076568734 5259757
1655408836282615402 5666812
1655408836488177843 5158437
1655408836693760975 5173027
1655408836899371214 5310903
1655408837104822273 5158800
1655408837310646949 5398660
1655408837515939013 4930780
1655408837721577729 5216374
1655408837926765303 4830230
1655408838132391708 5197984
1655408838337868289 5041567
1655408838543477151 5266556
1655408838748935152 5073295
1655408838954184235 4945873
1655408839160217921 5701979
1655408839365650846 5119994
1655408839571303083 5341625
1655408839777180073 5488826
1655408839983661849 6068096
1655408840189758919 5769816
1655408840395676585 5582153
1655408840601146438 5131042
1655408840806586969 5066963
1655408841012016398 5068273
1655408841217846608 5478198
1655408841423382893 5214415
1655408841628915952 5344355
1655408841835365835 5985855
1655408842041222480 5529067
1655408842246813662 5226356
1655408842452128931 4942786
1655408842657289708 4875351
1655408842863337326 5665549
1655408843068468184 4705461
1655408843274286183 5441841
1655408843483454555 8765401
1655408843689081542 5387404
1655408843895687586 6146785
1655408844102577849 6518110
1655408844308751228 5782895
1655408844515126059 6002345
1655408844721568636 6081864
1655408844928085078 6048547
1655408845134342783 5833976
1655408845340410712 5719605
1655408845545942468 5020876
1655408845750982347 4691119
1655408845956950748 5627240
1655408846162864742 5518282
1655408846368857481 5626939
1655408846574602249 5385370
1655408846780440699 5471102
1655408846985737564 4907043
1655408847190900169 4769727
1655408847396388187 5135077
1655408847601969201 5099379
1655408847807405927 5047133
1655408848012795015 5040628
1655408848218096787 5000010
1655408848423767145 5319697
1655408848629446548 5297809
1655408848834776635 4981572
1655408849040468335 5330251
1655408849246668429 5813669
1655408849452148729 5087407
1655408849658386093 5891041
1655408849864539771 5783872
1655408850070239599 5288333
1655408850276182858 5513860
1655408850482046556 5560668
1655408850687880066 5419547
1655408850893702901 5474145
1655408851099957198 5889009
1655408851305928981 5492436
1655408851512054017 5671378
1655408851718010850 5584883
1655408851923380526 4983583
1655408852129732606 6054917
1655408852335726733 5527852
1655408852541455603 5390695
1655408852746882661 5081855
1655408852952361167 5096079
1655408853157834263 5017691
1655408853363377138 5128312
1655408853570243253 6486973
1655408853776515681 5853862
1655408853982147309 5246011
1655408854187992017 5471453
1655408854393731641 5330868
1655408854599099597 4953530
1655408854804655766 5106328
1655408855010217126 5160776
1655408855215995714 5341918
1655408855421366069 4967095
1655408855626430410 4680886
1655408855831598837 4806147
1655408856036349758 4373933
1655408856241920368 5229552
1655408856447276726 5010571
1655408856652771840 5137510
1655408856858019617 4893115
1655408857063687092 5248716
1655408857269113431 5083400
1655408857474782645 5315049
1655408857680422879 5279180
1655408857886099060 5291695
1655408858092008532 5519192
1655408858298388285 6029687
1655408858504706669 5920358
1655408858711330059 6229773
1655408858917064502 5317332
1655408859122999914 5571922
1655408859329136121 5683605
1655408859536213473 6628470
1655408859742180988 5601492
1655408859948225504 5590536
1655408860154802403 6121896
1655408860361110276 5882970
1655408860567564909 5988415
1655408860774265757 6228297
1655408860981289079 6550549
1655408861188086127 6334135
1655408861394594210 6055507
1655408861601361410 6311874
1655408861808357147 6561517
1655408862014461595 5681532
1655408862219985172 5103878
1655408862425841130 5438412
1655408862632155522 5851774
1655408862838430164 5824359
1655408863045913509 7028301
1655408863253475690 7112439
1655408863461724047 7790492
1655408863668150591 5963985
1655408863874276449 5680741
1655408864080401221 5675605
1655408864286925311 6063360
1655408864493298950 5930883
1655408864700062485 6378445
1655408864906558145 6089573
1655408865112763921 5741079
1655408865319036174 5775645
1655408865525076152 5634931
1655408865731551947 6033928
1655408865937551576 5806655
1655408866144139972 6288369
1655408866350577528 5980248
1655408866556705509 5653776
1655408866762409560 5235602
1655408866968943703 6149619
1655408867175742690 6344416
1655408867382030462 5895087
1655408867588402966 5997800
1655408867794277132 5469481
1655408868000428202 5680154
1655408868206595562 5699127
1655408868412976922 5912555
1655408868618942968 5601371
1655408868825181472 5796136
1655408869030981555 5494615
1655408869237854615 6386545
1655408869444200487 5834175
1655408869650503429 5893911
1655408869857128483 6097549
1655408870063342768 5810094
1655408870269656022 5879466
1655408870475984631 5850944
1655408870682088055 5704907
1655408870888360646 5880666
1655408871094672550 6014006
1655408871300954916 5924637
1655408871508116876 6845850
1655408871714167714 5574750
1655408871920067484 5542760
1655408872126164556 5751134
1655408872332221264 5674655
1655408872538153309 5541189
1655408872744029084 5553881
1655408872950159317 5797714
1655408873156234213 5677076
1655408873362480958 5911752
1655408873568345198 5448212
1655408873773961026 5273784
1655408873980094262 5700197
1655408874186101305 5664506
1655408874391955247 5452189
1655408874597990738 5724827
1655408874803753549 5413128
1655408875009759339 5675667
1655408875215981558 5877575
1655408875422104127 5800846
1655408875627680076 5213182
1655408875833446683 5443138
1655408876039119298 5294065
1655408876244977854 5489933
1655408876451090796 5707059
1655408876657012619 5535406
1655408876862809288 5427558
1655408877068713141 5562274
1655408877274558434 5427011
1655408877480285957 5384550
1655408877686234154 5622976
1655408877892236382 5599892
1655408878097895479 5306414
1655408878303918865 5682791
1655408878509916930 5680881
1655408878715808681 5552718
1655408878921534821 5338474
1655408879127568670 5656619
1655408879333232965 5312600
1655408879538975017 5384287
1655408879744696994 5347719
1655408879950296911 5161679
1655408880155944441 5306603
1655408880361654503 5319696
1655408880567354922 5350888
1655408880772807324 5250109
1655408880978527017 5378284
1655408881184265320 5378016
1655408881389901239 5244287
1655408881596187689 5978348
1655408881801705470 5173138
1655408882007450087 5342173
1655408882213487933 5854427
1655408882419246827 5321139
1655408882625154136 5425257
1655408882830728516 5163694
1655408883036772069 5697382
1655408883242499704 5356429
1655408883448307844 5419444
1655408883654302930 5610991
1655408883861046940 6355932
1655408884067697894 6184290
1655408884274305285 6190317
1655408884480417925 5689285
1655408884686729145 5871818
1655408884892706904 5535909
1655408885098536986 5393902
1655408885304490350 5549103
1655408885510111045 5144313
1655408885715946615 5474964
1655408885921957421 5558788
1655408886128081514 5735637
1655408886334439193 5935682
1655408886540358298 5475210
1655408886746087714 5358595
1655408886951769942 5269385
1655408887157216988 5007578
1655408887362874676 5220975
1655408887568553872 5271228
1655408887774150329 5095874
1655408887979756277 5154279
1655408888185400877 5348271
1655408888391147957 5261287
1655408888596852309 5169847
1655408888802581938 5313758
1655408889008240712 5308294
1655408889214370885 5768059
1655408889420586230 5756745
1655408889626430927 5357742
1655408889832967916 6190375
1655408890038523214 5069660
1655408890245279595 6386376
1655408890451053766 5316841
1655408890656990187 5513222
1655408890863080649 5743255
