1655507680480851111 85763755
1655507680686344389 5134605
1655507680891704535 5028384
1655507681097263809 5217348
1655507681302737154 5080179
1655507681508164962 5092781
1655507681713727639 5227667
1655507681919976589 5900515
1655507682125542643 5227213
1655507682330956324 5083560
1655507682536543496 5236450
1655507682741937799 5060213
1655507682947531155 5255311
1655507683153034827 5175944
1655507683358415056 5042615
1655507683563870806 5118070
1655507683769361414 5142402
1655507683974854794 5158214
1655507684180325637 5136951
1655507684385806169 5138610
1655507684591195916 5053175
1655507684796596102 5065018
1655507685001952755 5020294
1655507685207416579 5125552
1655507685412989057 5236289
1655507685618344966 5017897
1655507685823910804 5227584
1655507686029401441 5154319
1655507686234825711 5090264
1655507686440329386 5178486
1655507686645798292 5131720
1655507686851231365 5095961
1655507687056791768 5224583
1655507687262695964 5608276
1655507687468168808 5137432
1655507687673672031 5172396
1655507687879140804 5131662
1655507688084613961 5131699
1655507688289989141 5037980
1655507688495315809 4998228
1655507688700839692 5185948
1655507688906246881 5059799
1655507689111718119 5135490
1655507689317224064 5163195
1655507689522651552 5075331
1655507689728226372 5245066
1655507689933716863 5152083
1655507690139043604 4989401
1655507690344504476 5123960
1655507690549938572 5097803
1655507690755235438 4961555
1655507690960656991 5082762
1655507691166046216 5054052
1655507691371427924 5043174
1655507691576828619 5060554
1655507691782261930 5095434
1655507691987728201 5128148
1655507692193236523 5172036
1655507692398643056 5069977
1655507692604183990 5202073
1655507692809525454 5004902
1655507693015016361 5155075
1655507693220522947 5171972
1655507693425874457 5016246
1655507693631250378 5036852
1655507693836814577 5227156
1655507694042281885 5131361
1655507694247728031 5109493
1655507694453194837 5134242
1655507694658571786 5041261
1655507694863902988 4993573
1655507695069391997 5143700
1655507695274859321 5133241
1655507695480424428 5234027
1655507695685866306 5083439
1655507695891220972 5012351
1655507696096724760 5160623
1655507696302088516 4997844
1655507696507517839 5090601
1655507696713058837 5204696
1655507696919449922 6051098
1655507697124925085 5135483
1655507697330295227 5033662
1655507697535633739 4991717
1655507697741199893 5219207
1655507697946589860 5047645
1655507698152021642 5091860
1655507698357435370 5078444
1655507698562840640 5077049
1655507698768415082 5178560
1655507698973774060 5012812
1655507699179188905 5078724
1655507699384551455 5028443
1655507699589921099 5033696
1655507699795364798 5107491
1655507700000877410 5174738
1655507700206309200 5086621
1655507700411654112 5004026
1655507700617089766 5097677
1655507700822422325 4992835
1655507701027937433 5178246
1655507701233510817 5240945
1655507701438916825 5067728
1655507701644389413 5135904
1655507701849811295 5091959
1655507702055409330 5260955
1655507702260870857 5125071
1655507702466244131 5045286
1655507702671715479 5135874
1655507702877281370 5225395
1655507703082741445 5122465
1655507703288245334 5166555
1655507703493623999 5046560
1655507703698991942 5022630
1655507703904472553 5128902
1655507704110008550 5197319
1655507704315336603 4991937
1655507704520704129 5034604
1655507704725942589 4897018
1655507704931408363 5133772
1655507705136934972 5188738
1655507705342236690 4965971
1655507705547587744 5012168
1655507705753173750 5245905
1655507705958509405 5000230
1655507706163835704 5029648
1655507706369335536 5164410
1655507706574826508 5150608
1655507706780324786 5162648
1655507706985777934 5116045
1655507707191118767 5004125
1655507707396588466 5124982
1655507707601961791 5038003
1655507707807425690 5128619
1655507708012917978 5152683
1655507708218348197 5104754
1655507708423935012 5238415
1655507708629438474 5163372
1655507708834873984 5099341
1655507709040386324 5172456
1655507709245864896 5142608
1655507709451255671 5046494
1655507709656649703 5046029
1655507709862137246 5150578
1655507710067585371 5112223
1655507710273045833 5123956
1655507710478443393 5069604
1655507710683868027 5087294
1655507710889415847 5211097
1655507711094954980 5187917
1655507711300538576 5245764
1655507711505924315 5054413
1655507711711313470 5052057
1655507711917670301 6020723
1655507712123670992 5659109
1655507712329103195 5095164
1655507712534402616 4955774
1655507712739735964 4999754
1655507712945253200 5191731
1655507713150704019 5113665
1655507713356208302 5170982
1655507713561709929 5160976
1655507713767218149 5168628
1655507713972731288 5179914
1655507714178233892 5146579
1655507714383675152 5100890
1655507714589201401 5185318
1655507714794623515 5088953
1655507715000169326 5207927
1655507715205607398 5094029
1655507715411009985 5066360
1655507715616452477 5105348
1655507715821863640 5054997
1655507716027262302 5062045
1655507716232798534 5199567
1655507716438229643 5080236
1655507716643696841 5122278
1655507716849186096 5152506
1655507717055406557 5881656
1655507717260890442 5149506
1655507717466341728 5085342
1655507717671777185 5098822
1655507717877265466 5151750
1655507718082719344 5118575
1655507718288204705 5145101
1655507718493695165 5151165
1655507718699153201 5121771
1655507718904599571 5109860
1655507719110021337 5080940
1655507719315488254 5124911
1655507719520940300 5113598
1655507719726324735 5048480
1655507719931843911 5182167
1655507720137329158 5149996
1655507720342711916 5046274
1655507720548259120 5210655
1655507720753703840 5108309
1655507720959152786 5113271
1655507721164567510 5077125
1655507721369831208 4926151
1655507721575321962 5149013
1655507721780827348 5165518
1655507721986247526 5080694
1655507722191704706 5117222
1655507722397252867 5211621
1655507722602696648 5106670
1655507722808144969 5108361
1655507723013614392 5134636
1655507723219048550 5101924
1655507723424473872 5087414
1655507723629858026 5046084
1655507723835275810 5080213
1655507724040817747 5201500
1655507724246308122 5141517
1655507724451792642 5132778
1655507724657200549 5069504
1655507724862664880 5129750
1655507725068228948 5224990
1655507725273765379 5200041
1655507725479177571 5074376
1655507725684696595 5180169
1655507725890066053 5032197
1655507726095511227 5113268
1655507726301086649 5248253
1655507726506464466 5051667
1655507726711925201 5124287
1655507726918110694 5845324
1655507727123837446 5390248
1655507727329402342 5165531
1655507727534836551 5085849
1655507727740320772 5155182
1655507727945815249 5155447
1655507728151226431 5078958
1655507728356709600 5144905
1655507728562080452 5033829
1655507728767492238 5074547
1655507728973008782 5178216
1655507729178449592 5104555
1655507729383916410 5131665
1655507729589433503 5180950
1655507729794892004 5120632
1655507730000322291 5091856
1655507730205804755 5149509
1655507730411197012 5049714
1655507730616659080 5135293
1655507730821924064 4925137
1655507731027262030 5008764
1655507731232686815 5089153
1655507731437900264 5031880
1655507731643349790 5112730
1655507731848816553 5131962
1655507732054165906 5012148
1655507732259674103 5172012
1655507732465335154 5329074
1655507732671016897 5336959
1655507732876545991 5192756
1655507733081924996 5042703
1655507733287399281 5138811
1655507733492877567 5136582
1655507733698325479 5121511
1655507733903785297 5123109
1655507734109308619 5186406
1655507734314735899 5086256
1655507734520225485 5163229
1655507734725711790 5154244
1655507734931030800 4985984
1655507735136485063 5117660
1655507735341890424 5060257
1655507735547328672 5089050
1655507735752737271 5082695
1655507735958207745 5112510
1655507736163635903 5099732
1655507736369121799 5141527
1655507736574592384 5135994
1655507736780055402 5122646
1655507736985607614 5218199
1655507737191053860 5102509
1655507737396513280 5121227
1655507737601903197 5052624
1655507737807278309 5037187
1655507738012821630 5207364
1655507738218196229 5038315
1655507738423665905 5131015
1655507738629147404 5144484
1655507738834655226 5172593
1655507739040219653 5227444
1655507739245713093 5156935
1655507739451097799 5050839
1655507739656565795 5129543
1655507739861900005 4995832
1655507740067293742 5049310
1655507740272754942 5122181
1655507740478249901 5141430
1655507740683762159 5176901
1655507740889265968 5167343
1655507741094705740 5101888
1655507741300293749 5248701
1655507741505670923 5037770
1655507741711036909 5031960
1655507741917351589 5976406
1655507742123598840 5908634
1655507742329079597 5145351
1655507742534500451 5093338
1655507742740040091 5208652
1655507742945584334 5215853
1655507743151075675 5165054
1655507743356547486 5139435
1655507743561907275 5037977
1655507743767295474 5055104
1655507743972826440 5197928
1655507744178264734 5107441
1655507744383664606 5070338
1655507744589218853 5221072
1655507744794675075 5127798
1655507745000324915 5312899
1655507745205766928 5110805
1655507745411115756 5018244
1655507745616590021 5145708
1655507745821975040 5055645
1655507746027409404 5099268
1655507746232873173 5131763
1655507746438343220 5135367
1655507746643831566 5159007
1655507746849377484 5215032
1655507747055607358 5897197
1655507747261099944 5164603
1655507747466465416 5035268
1655507747671955973 5161664
1655507747877481717 5188344
1655507748082872412 5068566
1655507748288424781 5220575
1655507748493832069 5072430
1655507748699213606 5047809
1655507748904681214 5137642
1655507749110085587 5071109
1655507749315515213 5099532
1655507749520974264 5124247
1655507749726374846 5070475
1655507749931891203 5173300
1655507750137396190 5171131
1655507750342820317 5093571
1655507750548255573 5106627
1655507750753704352 5124865
1655507750959097903 5066060
1655507751164615722 5185178
1655507751369998818 5050021
1655507751575399030 5069220
1655507751780879602 5152143
1655507751986268408 5059589
1655507752191719025 5121327
1655507752397240498 5189359
1655507752602642776 5068986
1655507752808163809 5177203
1655507753013674122 5172663
1655507753219096500 5082923
1655507753424618619 5186715
1655507753629990753 5035304
1655507753835463433 5136285
1655507754040999266 5200425
1655507754246364498 5031280
1655507754451852682 5152293
1655507754657303938 5113772
1655507754862756681 5115140
1655507755068261106 5170277
1655507755273725483 5126853
1655507755479210083 5138300
1655507755684715607 5165601
1655507755890137756 5082205
1655507756095573039 5094599
1655507756301088819 5178653
1655507756507451413 6026090
1655507756712939587 5152583
1655507756919132589 5845724
1655507757124615382 5143939
1655507757329950572 4998088
1655507757535446542 5155657
1655507757740958373 5173841
1655507757946386484 5095744
1655507758151923002 5195883
1655507758357444864 5189325
1655507758562822721 5046874
1655507758768343166 5181991
1655507758973836355 5156651
1655507759179200540 5030184
1655507759384557280 5017174
1655507759589914973 5029310
1655507759795274416 5021272
1655507760000684746 5072567
1655507760205960293 4939961
1655507760411379530 5080407
1655507760616840156 5125825
1655507760822252292 5076035
1655507761027636873 5052144
1655507761233123095 5159111
1655507761438620637 5160199
1655507761644130439 5177605
1655507761849658603 5191805
1655507762055890918 5898936
1655507762261359699 5138080
1655507762466764602 5072877
1655507762672288746 5192646
1655507762877811310 5179064
1655507763083222923 5082116
1655507763288691012 5130267
1655507763494139073 5115170
1655507763699579919 5102876
1655507763905106925 5190493
1655507764110560132 5130817
1655507764316076493 5183115
1655507764521592771 5180776
1655507764727106302 5171632
1655507764932532116 5098838
1655507765137862752 4993937
1655507765343180006 4983078
1655507765548733797 5217438
1655507765754151289 5053679
1655507765959645354 5155430
1655507766165135189 5154302
1655507766370577720 5106406
1655507766576105844 5196897
1655507766781640099 5196434
1655507766987088150 5106193
1655507767192529310 5105058
1655507767397802741 4937318
1655507767603197316 5049227
1655507767808618686 5080790
1655507768014000784 5046557
1655507768219409701 5069944
1655507768424979775 5236146
1655507768630420248 5093288
1655507768835920786 5153451
1655507769041349204 5090839
1655507769246755778 5070194
1655507769452271298 5172840
1655507769657745972 5139511
1655507769863173894 5092587
1655507770068690633 5179103
1655507770274210841 5184273