1654499100822834378 0.0
1654499101824095568 0.0
1654499102825267031 0.0
1654499103826413185 0.0
1654499104827683532 0.0
1654499105828890786 0.0
1654499106830144156 0.0
1654499107831349340 0.0
1654499108832539106 9.0
1654499109833738254 8.0
1654499110834940744 7.0
1654499111836188731 4.0
1654499112837472403 11.0
1654499113838835987 8.0
1654499114840078753 12.0
1654499115841231232 13.0
1654499116842426598 15.0
1654499117843591949 16.0
1654499118844773886 3.0
1654499119845921318 14.0
1654499120847283774 13.0
1654499121848969078 12.0
1654499122850354000 14.0
1654499123851572757 9.0
1654499124852742150 10.0
1654499125853065361 12.0
1654499126854797686 15.0
1654499127855400215 15.0
1654499128856607420 8.0
1654499129857765116 18.0
1654499130858980989 11.0
1654499131860232285 19.0
1654499132860553051 13.0
1654499133861534291 13.0
1654499134862718902 8.0
1654499135863885777 15.0
1654499136864114568 12.0
1654499137865076304 6.0
1654499138866259267 14.0
1654499139867444677 18.0
1654499140868634618 12.0
1654499141869836379 4.0
1654499142871079347 7.0
1654499143872236465 9.0
1654499144873405279 8.0
1654499145874574842 12.0
1654499146875096471 13.0
1654499147876302186 9.0
1654499148877835448 10.0
1654499149878603422 20.0
1654499150879132794 8.0
1654499151880323536 18.0
1654499152881516504 10.0
1654499153882717699 14.0
1654499154883909314 21.0
1654499155885259908 18.0
1654499156886563189 7.0
1654499157887954426 15.0
1654499158889310272 13.0
1654499159890527173 24.0
1654499160891702914 7.0
1654499161892762611 13.0
1654499162893949292 8.0
1654499163895179022 13.0
1654499164896327740 13.0
1654499165897469800 24.0
1654499166898889607 9.0
1654499167899186015 13.0
1654499168900348849 8.0
1654499169901533128 12.0
1654499170902709202 18.0
1654499171903886414 9.0
1654499172904122608 11.0
1654499173905284444 20.0
1654499174906554647 8.0
1654499175909750854 22.0
1654499176910718168 8.0
1654499177911890676 7.0
1654499178912054877 11.0
1654499179913180693 11.0
1654499180914085215 25.0
1654499181915308819 19.0
1654499182916353082 18.0
1654499183917517091 11.0
1654499184918775795 11.0
1654499185920102142 10.0
1654499186921084138 9.0
1654499187922284933 0.0
1654499188923462195 15.0
1654499189924772236 3.0
1654499190925071842 18.0
1654499191926303619 12.0
1654499192927328372 16.0
1654499193928055698 11.0
1654499194928895922 14.0
1654499195930361615 9.0
1654499196931159991 13.0
1654499197931970051 14.0
1654499198933417724 13.0
1654499199934609330 19.0
1654499200935779707 16.0
1654499201936961720 0.0
1654499202938236687 8.0
1654499203939083975 10.0
1654499204940261913 21.0
1654499205941462813 18.0
1654499206942125165 13.0
1654499207943343877 0.0
1654499208944588996 7.0
1654499209945154110 5.0
1654499210946308945 11.0
1654499211947506241 8.0
1654499212948708656 3.0
1654499213949893166 13.0
1654499214951102399 0.0
1654499215952120228 11.0
1654499216953278863 10.0
1654499217954519181 5.0
1654499218955726594 7.0
1654499219956910561 8.0
1654499220958208351 7.0
1654499221959396505 9.0
1654499222960473096 15.0
1654499223961030670 1.0
1654499224962188404 7.0
1654499225963347035 4.0
1654499226964537899 5.0
1654499227965731865 6.0
1654499228966898440 12.0
1654499229968073575 9.0
1654499230969278361 2.0
1654499231970472989 8.0
1654499232971189683 4.0
1654499233972530132 3.0
1654499234973698740 10.0
1654499235974885911 4.0
1654499236976096916 4.0
1654499237977282364 11.0
1654499238978472993 11.0
1654499239979661588 13.0
1654499240980848437 6.0
1654499241982119040 4.0
1654499242983293106 2.0
1654499243984461997 10.0
1654499244985635963 11.0
1654499245986667764 8.0
1654499246987860490 7.0
1654499247989111410 2.0
1654499248990141566 8.0
1654499249991331392 10.0
1654499250992519750 6.0
1654499251993716036 1.0
1654499252994897020 13.0
1654499253996155355 1.0
1654499254996614382 0.0
1654499255997814782 0.0
1654499256998532829 13.0
1654499257999696450 7.0
1654499259000890936 13.0
1654499260001314269 0.0
1654499261001764025 10.0
1654499262002147440 2.0
1654499263003505013 12.0
1654499264005203716 12.0
1654499265006140634 13.0
1654499266007293559 1.0
1654499267008467868 13.0
1654499268009696945 11.0
1654499269010898063 8.0
1654499270011609750 4.0
1654499271011949083 10.0
1654499272013064208 10.0
1654499273014297360 8.0
1654499274015778449 0.0
1654499275017105984 10.0
1654499276018265028 9.0
1654499277019578897 3.0
1654499278020906634 0.0
1654499279021060620 3.0
1654499280022209430 11.0
1654499281023427790 5.0
1654499282024620974 9.0
1654499283025815238 6.0
1654499284026983451 2.0
1654499285028204639 10.0
1654499286029396192 7.0
1654499287030596709 0.0
1654499288031790123 8.0
1654499289032052670 11.0
1654499290033197543 2.0
1654499291034341432 13.0
1654499292035560831 6.0
1654499293036747603 8.0
1654499294037946027 10.0
1654499295039168582 0.0
1654499296040348443 8.0
1654499297041112296 7.0
1654499298042298865 3.0
1654499299043486012 10.0
1654499300044660523 14.0
1654499301045961407 4.0
1654499302047190521 7.0
1654499303048390552 0.0
1654499304049566681 18.0
1654499305050917064 7.0
1654499306052682565 4.0
1654499307053072132 5.0
1654499308054266972 5.0
1654499309055441914 0.0
1654499310056717659 7.0
1654499311058061004 8.0
1654499312059234900 7.0
1654499313060549598 4.0
1654499314061080656 15.0
1654499315062893503 10.0
1654499316064181041 0.0
1654499317065441045 9.0
1654499318066621677 8.0
1654499319067202960 5.0
1654499320068381124 8.0
1654499321069549821 13.0
1654499322070354916 0.0
1654499323071360159 8.0
1654499324072555181 12.0
1654499325073729532 5.0
1654499326075099277 13.0
1654499327076282143 5.0
1654499328077513698 9.0
1654499329078702071 3.0
1654499330079909190 8.0
1654499331081655232 11.0
1654499332082816455 17.0
1654499333084073733 9.0
1654499334085275672 10.0
1654499335087000412 1.0
1654499336088223800 7.0
1654499337089522654 5.0
1654499338090922468 0.0
1654499339092236129 10.0
1654499340093418438 10.0
1654499341094215575 7.0
1654499342095453294 7.0
1654499343096793202 4.0
1654499344098317717 9.0
1654499345099486884 8.0
1654499346100675203 4.0
1654499347102195714 8.0
1654499348103361091 8.0
1654499349104839607 3.0
1654499350106308897 6.0
1654499351107506583 7.0
1654499352108707559 13.0
1654499353109848833 20.0
1654499354111045569 3.0
1654499355111813807 8.0
1654499356112990716 16.0
1654499357114492890 3.0
1654499358115774883 10.0
1654499359117104412 3.0
1654499360118292893 3.0
1654499361119479169 0.0
1654499362120696377 8.0
1654499363121888243 0.0
1654499364123100644 9.0
1654499365124093809 8.0
1654499366125305887 7.0
1654499367126568617 4.0
1654499368127745831 11.0
1654499369128185307 4.0
1654499370129361557 5.0
1654499371130916573 3.0
1654499372132091502 7.0
1654499373133266101 8.0
1654499374134556280 1.0
1654499375135739325 10.0
1654499376136913883 6.0
1654499377138094272 1.0
1654499378139258727 7.0
1654499379140988675 10.0
1654499380142719393 8.0
1654499381143909531 0.0
1654499382145137284 7.0
1654499383146312174 8.0
1654499384147293885 13.0
1654499385148497716 7.0
1654499386149075118 5.0
1654499387150200624 4.0
1654499388151385250 3.0
1654499389152563227 9.0
1654499390153760257 10.0
1654499391155122132 8.0
1654499392156337729 9.0
1654499393157546187 2.0
1654499394158754902 7.0
1654499395159920745 11.0
1654499396161107931 5.0
1654499397162296294 7.0
1654499398163478727 12.0
1654499399164653003 9.0
1654499400165840740 5.0
1654499401167054518 7.0
1654499402168259652 9.0
1654499403169724721 7.0
