1654579826419138059 0.0
1654579827420351432 0.0
1654579828421508277 0.0
1654579829422680147 0.0
1654579830423855349 0.0
1654579831425033806 0.0
1654579832426195361 0.0
1654579833427361199 1.0
1654579834428545023 4.0
1654579835429707122 7.0
1654579836430942300 3.0
1654579837432128927 5.0
1654579838433311500 6.0
1654579839433596327 8.0
1654579840434736465 8.0
1654579841435900501 7.0
1654579842437083162 7.0
1654579843438075227 4.0
1654579844439269050 10.0
1654579845440244400 8.0
1654579846441402659 5.0
1654579847442097528 7.0
1654579848443265244 6.0
1654579849444448313 14.0
1654579850447344525 7.0
1654579851448521424 10.0
1654579852449693435 12.0
1654579853450178355 2.0
1654579854451348863 10.0
1654579855452082635 8.0
1654579856453243776 9.0
1654579857454411267 12.0
1654579858455136165 5.0
1654579859456310842 6.0
1654579860457830125 3.0
1654579861459001411 6.0
1654579862460195544 6.0
1654579863460595294 4.0
1654579864460859283 10.0
1654579865462063377 3.0
1654579866463214309 6.0
1654579867464401937 9.0
1654579868465545994 6.0
1654579869466747140 6.0
1654579870467918837 6.0
1654579871469102698 1.0
1654579872470122493 8.0
1654579873471438532 3.0
1654579874472084229 7.0
1654579875473252388 9.0
1654579876474428405 8.0
1654579877475606176 9.0
1654579878476785194 10.0
1654579879478063980 14.0
1654579880479243024 7.0
1654579881480412441 3.0
1654579882481565642 7.0
1654579883482733281 5.0
1654579884483922532 9.0
1654579885485099890 7.0
1654579886486284783 9.0
1654579887487479586 10.0
1654579888488695604 3.0
1654579889489893045 8.0
1654579890490624125 8.0
1654579891491803874 10.0
1654579892493002858 9.0
1654579893494215245 6.0
1654579894495389578 9.0
1654579895496116162 3.0
1654579896497287105 5.0
1654579897498451379 10.0
1654579898499599284 9.0
1654579899500790559 5.0
1654579900501509408 10.0
1654579901501800981 6.0
1654579902502961162 4.0
1654579903504155927 1.0
1654579904505316339 10.0
1654579905506486109 8.0
1654579906507620825 3.0
1654579907508910766 4.0
1654579908509660716 7.0
1654579909510809695 4.0
1654579910511988620 9.0
1654579911513174533 6.0
1654579912514406293 9.0
1654579913515937671 6.0
1654579914517132981 10.0
1654579915518090299 9.0
1654579916519265144 8.0
1654579917520092334 5.0
1654579918521256692 8.0
1654579919522444349 7.0
1654579920523644644 12.0
1654579921524887142 4.0
1654579922526067637 11.0
1654579923527230873 7.0
1654579924527528746 8.0
1654579925528210078 9.0
1654579926529078050 8.0
1654579927530262957 7.0
1654579928531439380 10.0
1654579929532606410 12.0
1654579930533810546 7.0
1654579931534152671 8.0
1654579932535344930 11.0
1654579933536110319 10.0
1654579934537295307 3.0
1654579935538442037 6.0
1654579936539583478 6.0
1654579937539723658 8.0
1654579938540898489 10.0
1654579939541104472 10.0
1654579940542275495 6.0
1654579941543127134 5.0
1654579942544852253 5.0
1654579943546029649 7.0
1654579944547216516 8.0
1654579945548566131 10.0
1654579946549884356 10.0
1654579947551075520 12.0
1654579948552250918 9.0
1654579949553441121 4.0
1654579950554753437 7.0
1654579951555107331 11.0
1654579952556297445 14.0
1654579953557469442 7.0
1654579954558164311 11.0
1654579955558383832 11.0
1654579956559564134 8.0
1654579957560136783 7.0
1654579958561308805 5.0
1654579959562488457 6.0
1654579960563724740 8.0
1654579961564955016 7.0
1654579962566172335 7.0
1654579963567364840 7.0
1654579964568541511 8.0
1654579965569735970 11.0
1654579966571079757 4.0
1654579967572241610 6.0
1654579968573429753 9.0
1654579969574603704 7.0
1654579970575774054 11.0
1654579971576956360 11.0
1654579972578145087 4.0
1654579973579323775 7.0
1654579974580507315 11.0
1654579975581702378 6.0
1654579976582891240 4.0
1654579977584068715 6.0
1654579978585245843 6.0
1654579979586427413 8.0
1654579980587585801 8.0
1654579981589067861 8.0
1654579982590257220 3.0
1654579983591431155 7.0
1654579984592576819 6.0
1654579985593796898 10.0
1654579986594958225 15.0
1654579987596270636 9.0
1654579988597459933 6.0
1654579989598613410 9.0
1654579990599802161 7.0
1654579991600462054 5.0
1654579992601649064 8.0
1654579993602943503 6.0
1654579994604180029 9.0
1654579995605339925 5.0
1654579996606501659 8.0
1654579997607690050 5.0
1654579998608872402 8.0
1654579999610068476 7.0
1654580000611275214 2.0
1654580001612459510 10.0
1654580002612909149 4.0
1654580003614096608 4.0
1654580004615288086 9.0
1654580005616469982 9.0
1654580006616924207 7.0
1654580007618105278 10.0
1654580008619258732 9.0
1654580009620425681 10.0
1654580010621611718 9.0
1654580011622802618 9.0
1654580012623993082 4.0
1654580013625182441 7.0
1654580014626369355 7.0
1654580015627563001 5.0
1654580016628818201 3.0
1654580017629990752 8.0
1654580018631200292 10.0
1654580019632380522 6.0
1654580020633564421 5.0
1654580021634049269 6.0
1654580022635253185 5.0
1654580023636440361 13.0
1654580024637625186 5.0
1654580025638762242 6.0
1654580026639924305 12.0
1654580027641091123 11.0
1654580028642242104 9.0
1654580029643419269 6.0
1654580030644595452 4.0
1654580031645940433 9.0
1654580032647108121 8.0
1654580033648292481 10.0
1654580034649469281 7.0
1654580035650653209 6.0
1654580036651262101 12.0
1654580037652440452 6.0
1654580038653595450 14.0
1654580039654771587 7.0
1654580040655962242 5.0
1654580041657212854 4.0
1654580042658388260 9.0
1654580043659870076 6.0
1654580044661081682 9.0
1654580045662268392 9.0
1654580046663472532 7.0
1654580047664652555 13.0
1654580048665869446 7.0
1654580049667058073 5.0
1654580050668229347 9.0
1654580051669077167 5.0
1654580052670250339 3.0
1654580053671421812 12.0
1654580054672605874 4.0
1654580055673793810 5.0
1654580056675038365 6.0
1654580057676209247 4.0
1654580058677384224 7.0
1654580059678559692 5.0
1654580060679748999 6.0
1654580061680932716 5.0
1654580062681084605 8.0
1654580063681363495 4.0
1654580064682531406 6.0
1654580065683693406 7.0
1654580066684915619 7.0
1654580067686100454 6.0
1654580068687265050 6.0
1654580069688433233 10.0
1654580070689602343 6.0
1654580071690840885 8.0
1654580072692050668 8.0
1654580073693227241 4.0
1654580074694151244 8.0
1654580075694627300 8.0
1654580076695851485 4.0
1654580077697056409 5.0
1654580078698227949 5.0
1654580079699372822 13.0
1654580080700556868 6.0
1654580081701720574 8.0
1654580082702891195 8.0
1654580083704076071 7.0
1654580084705701139 4.0
1654580085707064241 8.0
1654580086708216080 7.0
1654580087709395340 10.0
1654580088710501710 12.0
1654580089711632702 8.0
1654580090712779403 11.0
1654580091713119762 13.0
1654580092714159951 8.0
1654580093715322463 8.0
1654580094716503672 6.0
1654580095717985296 5.0
1654580096719086239 3.0
1654580097719632868 10.0
1654580098720838664 4.0
1654580099722037623 3.0
1654580100723088731 13.0
1654580101724254524 8.0
1654580102725093769 7.0
1654580103726266077 10.0
1654580104727445238 11.0
1654580105728607186 9.0
1654580106729776615 8.0
1654580107730952818 3.0
1654580108732091950 7.0
1654580109732574287 10.0
1654580110733759945 9.0
1654580111734922853 5.0
1654580112736098086 8.0
1654580113737470731 9.0
1654580114738659147 9.0
1654580115739864170 7.0
1654580116740325193 6.0
1654580117741511777 9.0
1654580118742666323 8.0
1654580119743859803 4.0
1654580120745066483 6.0
1654580121746242475 9.0
1654580122747411402 8.0
1654580123748596599 5.0
1654580124749824629 10.0
1654580125750998657 14.0
1654580126752217574 9.0
1654580127753321774 10.0
1654580128754523014 11.0
1654580129754850528 10.0
