1654500486731715611 0.0
1654500487732887246 0.0
1654500488734085444 0.0
1654500489734293893 0.0
1654500490735582720 0.0
1654500491736917066 0.0
1654500492738416526 0.0
1654500493739589629 1.0
1654500494740759437 8.0
1654500495742020228 3.0
1654500496743209907 2.0
1654500497744395172 5.0
1654500498745186893 0.0
1654500499746363007 7.0
1654500500747550875 0.0
1654500501748733108 20.0
1654500502749896386 10.0
1654500503751118395 11.0
1654500504752995095 9.0
1654500505754489772 12.0
1654500506755894983 15.0
1654500507757132353 23.0
1654500508758401462 1.0
1654500509759601863 9.0
1654500510760867437 15.0
1654500511762022237 12.0
1654500512763194148 11.0
1654500513763794795 5.0
1654500514765058620 17.0
1654500515766244526 14.0
1654500516767408001 18.0
1654500517768593336 9.0
1654500518770109897 8.0
1654500519771431202 13.0
1654500520772731533 15.0
1654500521774356618 27.0
1654500522775567111 10.0
1654500523776731374 19.0
1654500524778058926 2.0
1654500525779345444 14.0
1654500526781083655 8.0
1654500527782264955 7.0
1654500528783404675 22.0
1654500529784578621 11.0
1654500530786051859 16.0
1654500531787238734 15.0
1654500532787729481 19.0
1654500533788908105 16.0
1654500534790099507 14.0
1654500535791272408 10.0
1654500536791979031 6.0
1654500537793167365 12.0
1654500538794067065 8.0
1654500539795248012 16.0
1654500540796445303 7.0
1654500541797728812 14.0
1654500542798892591 13.0
1654500543800161186 10.0
1654500544801348372 12.0
1654500545802151438 10.0
1654500546803304960 13.0
1654500547804470378 10.0
1654500548804756110 24.0
1654500549805945524 13.0
1654500550807119704 14.0
1654500551808296605 20.0
1654500552809473948 5.0
1654500553810661381 13.0
1654500554811134448 13.0
1654500555811752145 10.0
1654500556812900855 5.0
1654500557814089264 8.0
1654500558815229451 19.0
1654500559816388493 0.0
1654500560817389361 9.0
1654500561818579912 20.0
1654500562819755376 20.0
1654500563821010300 13.0
1654500564822164118 11.0
1654500565822766071 9.0
1654500566823967334 13.0
1654500567825138610 21.0
1654500568826315305 5.0
1654500569827640292 12.0
1654500570828900449 7.0
1654500571830076105 26.0
1654500572831268768 12.0
1654500573832473023 12.0
1654500574833664440 15.0
1654500575834718088 12.0
1654500576835754769 16.0
1654500577836960397 13.0
1654500578837598854 10.0
1654500579838137087 9.0
1654500580839396053 9.0
1654500581840689714 14.0
1654500582841988128 3.0
1654500583843182239 15.0
1654500584844561076 10.0
1654500585845832212 14.0
1654500586847121213 16.0
1654500587848395867 3.0
1654500588849654991 9.0
1654500589850838334 9.0
1654500590852034463 5.0
1654500591852500945 7.0
1654500592853695192 1.0
1654500593854085620 4.0
1654500594855234051 7.0
1654500595856365052 9.0
1654500596857553147 0.0
1654500597859060268 8.0
1654500598860228432 12.0
1654500599860763891 16.0
1654500600861958509 8.0
1654500601863168250 0.0
1654500602864352375 10.0
1654500603865549812 9.0
1654500604866729296 4.0
1654500605867602137 1.0
1654500606868862593 10.0
1654500607870057206 3.0
1654500608871229983 11.0
1654500609872408498 0.0
1654500610873070297 9.0
1654500611873573186 7.0
1654500612874017593 3.0
1654500613875222311 8.0
1654500614876964399 11.0
1654500615878214861 7.0
1654500616879500707 7.0
1654500617880770423 7.0
1654500618881931318 8.0
1654500619883254505 4.0
1654500620884407777 5.0
1654500621886245231 1.0
1654500622887440938 9.0
1654500623888721326 3.0
1654500624889941347 7.0
1654500625891121205 4.0
1654500626891777057 4.0
1654500627893754320 11.0
1654500628894796635 8.0
1654500629896270660 7.0
1654500630898135739 1.0
1654500631899315420 10.0
1654500632900486405 16.0
1654500633901792192 1.0
1654500634902996894 3.0
1654500635903739430 5.0
1654500636904962655 8.0
1654500637906208183 6.0
1654500638907472531 7.0
1654500639908698515 0.0
1654500640909875733 19.0
1654500641911068997 6.0
1654500642912213744 6.0
1654500643912732688 12.0
1654500644914037195 9.0
1654500645915228086 0.0
1654500646916214505 10.0
1654500647917388299 8.0
1654500648918574173 9.0
1654500649920009443 8.0
1654500650921291861 6.0
1654500651922590209 7.0
1654500652923967072 9.0
1654500653924697732 5.0
1654500654925969473 3.0
1654500655927628448 2.0
1654500656928941489 11.0
1654500657930262873 5.0
1654500658931650709 3.0
1654500659933172975 5.0
1654500660934354737 8.0
1654500661935550301 8.0
1654500662936768841 7.0
1654500663938216314 8.0
1654500664938737864 2.0
1654500665939752619 7.0
1654500666940941938 9.0
1654500667942205924 9.0
1654500668942926656 11.0
1654500669944608544 6.0
1654500670945754207 16.0
1654500671946591122 10.0
1654500672947778643 5.0
1654500673949273084 3.0
1654500674950438466 9.0
1654500675951601021 3.0
1654500676952797716 8.0
1654500677953229276 0.0
1654500678953740380 0.0
1654500679954892769 0.0
1654500680956073726 0.0
1654500681957255510 0.0
1654500682957861139 0.0
1654500683959046129 5.0
1654500684960218694 17.0
1654500685961427347 12.0
1654500686962612601 15.0
1654500687963729882 17.0
1654500688964865450 16.0
1654500689966183271 13.0
1654500690967360432 6.0
1654500691968566520 0.0
1654500692969458551 0.0
1654500693970639672 0.0
1654500694971903076 0.0
1654500695973096694 2.0
1654500696974287152 4.0
1654500697975468179 0.0
1654500698976641805 0.0
1654500699977844657 0.0
1654500700978069614 0.0
1654500701979219418 0.0
1654500702980404228 0.0
1654500703981593688 0.0
1654500704982829947 0.0
1654500705984005757 0.0
1654500706985188707 0.0
1654500707986367404 0.0
1654500708987568494 0.0
1654500709989043481 12.0
1654500710990413023 12.0
1654500711991708589 10.0
1654500712992046044 16.0
1654500713993533465 12.0
1654500714993796765 17.0
1654500715994743466 17.0
1654500716995769697 13.0
1654500717996776523 22.0
1654500718997969251 14.0
1654500719998729306 11.0
1654500721000236911 11.0
1654500722000791985 20.0
1654500723002227889 10.0
1654500724002933244 7.0
1654500725003524208 10.0
1654500726004857110 8.0
1654500727005996007 14.0
1654500728006371531 10.0
1654500729007093643 25.0
1654500730007775435 12.0
1654500731008637788 14.0
1654500732009840177 11.0
1654500733010743050 9.0
1654500734011893544 7.0
1654500735013063575 13.0
1654500736014203306 19.0
1654500737014741526 9.0
1654500738015924773 11.0
1654500739017127450 5.0
1654500740018414811 0.0
1654500741019583320 16.0
1654500742021102891 14.0
1654500743022261473 14.0
1654500744023630137 13.0
1654500745024796930 16.0
1654500746025745329 7.0
1654500747026374638 7.0
1654500748027556258 10.0
1654500749028751737 9.0
1654500750029238763 18.0
1654500751030445278 19.0
1654500752030791942 14.0
1654500753031927566 12.0
1654500754033220545 13.0
1654500755034402366 10.0
1654500756034985048 9.0
1654500757036164678 18.0
1654500758036769711 18.0
1654500759037735731 10.0
1654500760038988601 12.0
1654500761040447903 4.0
1654500762042232370 10.0
1654500763042843544 16.0
1654500764044017709 16.0
1654500765045281570 10.0
1654500766046452201 14.0
1654500767047274250 1.0
1654500768048469876 9.0
1654500769049658029 18.0
1654500770050814486 18.0
1654500771051999742 7.0
1654500772053888574 9.0
1654500773055023407 14.0
1654500774055745754 7.0
1654500775056922587 10.0
1654500776058150250 9.0
1654500777059884877 11.0
1654500778061194243 8.0
1654500779062573285 12.0
1654500780063731122 10.0
1654500781064913364 1.0
1654500782066102033 11.0
1654500783067274063 13.0
1654500784068450685 8.0
1654500785069613385 13.0
1654500786070821653 5.0
1654500787072054333 12.0
1654500788073211709 8.0
1654500789074407885 2.0
