1654580532004851446 0.0
1654580533006112068 0.0
1654580534007427811 0.0
1654580535008769935 0.0
1654580536010024992 0.0
1654580537011185364 0.0
1654580538012362553 0.0
1654580539012759164 7.0
1654580540013912930 14.0
1654580541015066648 4.0
1654580542015724076 7.0
1654580543016860060 6.0
1654580544017744234 10.0
1654580545019256717 9.0
1654580546020431411 4.0
1654580547021613359 11.0
1654580548022800734 11.0
1654580549023745512 7.0
1654580550024968526 10.0
1654580551025768565 6.0
1654580552026981566 9.0
1654580553028323028 5.0
1654580554029624279 8.0
1654580555030862725 7.0
1654580556032057413 5.0
1654580557033199309 6.0
1654580558034396234 6.0
1654580559035546531 8.0
1654580560036739144 10.0
1654580561037924131 7.0
1654580562039158011 5.0
1654580563039834369 8.0
1654580564041008800 6.0
1654580565042201127 7.0
1654580566042749540 10.0
1654580567043909412 5.0
1654580568045092713 6.0
1654580569046274013 8.0
1654580570047419116 8.0
1654580571048832839 9.0
1654580572050061620 6.0
1654580573051420703 7.0
1654580574052596389 8.0
1654580575053771951 8.0
1654580576054948976 12.0
1654580577056100713 4.0
1654580578057283696 5.0
1654580579058482349 7.0
1654580580059665325 9.0
1654580581060875091 9.0
1654580582062046732 7.0
1654580583063185486 3.0
1654580584064447561 7.0
1654580585065630017 6.0
1654580586066833480 3.0
1654580587068056488 9.0
1654580588069351645 12.0
1654580589070665257 4.0
1654580590072477109 7.0
1654580591074057970 14.0
1654580592075321488 7.0
1654580593076573922 10.0
1654580594077744474 8.0
1654580595078908000 3.0
1654580596080733856 7.0
1654580597081953473 9.0
1654580598083267469 7.0
1654580599084423290 10.0
1654580600085580214 10.0
1654580601086774517 9.0
1654580602087972434 7.0
1654580603089497609 7.0
1654580604090839458 5.0
1654580605092133726 7.0
1654580606093451064 9.0
1654580607094652520 5.0
1654580608095857046 9.0
1654580609097030770 7.0
1654580610098201535 11.0
1654580611099371051 10.0
1654580612100527065 5.0
1654580613101720785 7.0
1654580614102943108 7.0
1654580615103992393 6.0
1654580616105156672 9.0
1654580617106120319 5.0
1654580618107401482 8.0
1654580619108725391 8.0
1654580620110142662 6.0
1654580621111332531 7.0
1654580622112527633 8.0
1654580623113743782 2.0
1654580624114943888 2.0
1654580625116080035 5.0
1654580626117255880 9.0
1654580627118438634 6.0
1654580628119603709 6.0
1654580629120779742 13.0
1654580630121769761 8.0
1654580631123073292 7.0
1654580632124248415 4.0
1654580633125437524 8.0
1654580634126604541 9.0
1654580635127795026 7.0
1654580636129012672 2.0
1654580637130175637 8.0
1654580638131393477 8.0
1654580639131771253 10.0
1654580640132744909 5.0
1654580641133962302 7.0
1654580642135166695 5.0
1654580643136365697 7.0
1654580644137768190 6.0
1654580645139012052 9.0
1654580646140617187 14.0
1654580647141896698 7.0
1654580648143040900 10.0
1654580649143940826 7.0
1654580650145193536 8.0
1654580651146370081 6.0
1654580652147555695 10.0
1654580653148832678 7.0
1654580654149978881 9.0
1654580655151272834 6.0
1654580656152448096 9.0
1654580657153726214 4.0
1654580658154895752 6.0
1654580659156283257 5.0
1654580660157477208 6.0
1654580661158661310 7.0
1654580662159859849 8.0
1654580663161031305 8.0
1654580664162215543 16.0
1654580665163394058 7.0
1654580666164588190 9.0
1654580667165765442 8.0
1654580668166950026 3.0
1654580669167362950 5.0
1654580670168613244 8.0
1654580671169823686 7.0
1654580672171542171 4.0
1654580673172952819 10.0
1654580674174275807 9.0
1654580675174753246 5.0
1654580676175899998 4.0
1654580677177051143 7.0
1654580678178215010 7.0
1654580679179405901 2.0
1654580680180631305 9.0
1654580681181827947 7.0
1654580682183034614 9.0
1654580683184191853 6.0
1654580684184864412 10.0
1654580685186104444 4.0
1654580686187305706 9.0
1654580687188981491 11.0
1654580688190169224 6.0
1654580689191267992 9.0
1654580690192180861 10.0
1654580691193046027 7.0
1654580692194203975 11.0
1654580693195617657 7.0
1654580694196828476 8.0
1654580695198131977 3.0
1654580696199866411 7.0
1654580697201023133 6.0
1654580698202294297 4.0
1654580699204051159 10.0
1654580700204773592 6.0
1654580701205988096 11.0
1654580702207179971 7.0
1654580703207838403 5.0
1654580704208746533 7.0
1654580705209745646 10.0
1654580706210899829 9.0
1654580707212061291 6.0
1654580708213231611 7.0
1654580709214112452 8.0
1654580710214744416 7.0
1654580711215913522 11.0
1654580712217257703 3.0
1654580713218638292 6.0
1654580714219889070 12.0
1654580715220728446 8.0
1654580716221784353 16.0
1654580717223029583 7.0
1654580718224168148 7.0
1654580719225330433 8.0
1654580720226742382 4.0
1654580721227991243 6.0
1654580722229219127 5.0
1654580723229723384 7.0
1654580724230944888 9.0
1654580725232136471 3.0
1654580726232742932 5.0
1654580727233750415 11.0
1654580728234980046 8.0
1654580729236138249 8.0
1654580730237398643 5.0
1654580731238609104 5.0
1654580732239798814 4.0
1654580733240940355 3.0
1654580734242109351 7.0
1654580735243258226 9.0
1654580736244399802 7.0
1654580737245568884 5.0
1654580738246801579 6.0
1654580739247993397 8.0
1654580740249198326 5.0
1654580741250914732 7.0
1654580742251742708 13.0
1654580743252888860 8.0
1654580744254033588 9.0
1654580745255221421 5.0
1654580746256463003 8.0
1654580747257082009 10.0
1654580748258255275 4.0
1654580749259400218 7.0
1654580750259752387 7.0
1654580751260983646 6.0
1654580752262787571 4.0
1654580753264025917 6.0
1654580754265210472 5.0
1654580755266385491 5.0
1654580756266777642 7.0
1654580757268043654 12.0
1654580758269236926 6.0
1654580759270464496 12.0
1654580760271628007 7.0
1654580761272889628 8.0
1654580762274067724 6.0
1654580763275241143 7.0
1654580764276496382 5.0
1654580765277645274 5.0
1654580766278841916 10.0
1654580767279567938 5.0
1654580768280715095 5.0
1654580769281964700 5.0
1654580770283219732 10.0
1654580771284442634 13.0
1654580772285618526 6.0
1654580773286808653 4.0
1654580774287999700 2.0
1654580775289443954 10.0
1654580776289848957 11.0
1654580777290147907 4.0
1654580778291335258 9.0
1654580779292088248 11.0
1654580780293241647 6.0
1654580781293863838 5.0
1654580782295744902 13.0
1654580783297256873 6.0
1654580784298031886 9.0
1654580785299553990 11.0
1654580786300942242 8.0
1654580787301726319 2.0
1654580788302995044 8.0
1654580789303722336 9.0
1654580790304942301 9.0
1654580791305195776 8.0
1654580792306356107 12.0
1654580793307587094 10.0
1654580794308715659 2.0
1654580795309880037 8.0
1654580796311112815 7.0
1654580797311740895 4.0
1654580798313045907 6.0
1654580799314186765 9.0
1654580800315367165 10.0
1654580801315761587 6.0
1654580802316978014 4.0
1654580803318495453 6.0
1654580804319715956 8.0
1654580805320891773 10.0
1654580806322094674 5.0
1654580807323127532 10.0
1654580808324792966 9.0
1654580809326041850 6.0
1654580810327491907 4.0
1654580811327738352 7.0
1654580812328318165 9.0
1654580813329515722 12.0
1654580814329745153 4.0
1654580815330894061 6.0
1654580816332117058 7.0
1654580817333296933 5.0
1654580818334488068 1.0
1654580819335636391 10.0
1654580820336825518 6.0
1654580821337536299 5.0
1654580822338716724 5.0
1654580823339976530 8.0
1654580824341287392 6.0
1654580825342457595 8.0
1654580826343639527 6.0
1654580827344804921 6.0
1654580828345970836 9.0
1654580829346754571 7.0
1654580830347909267 4.0
1654580831349072565 10.0
1654580832350227830 8.0
1654580833351411640 8.0
1654580834352579478 4.0
