1654578880237164736 0.0
1654578881238385169 0.0
1654578882239572806 0.0
1654578883240754379 0.0
1654578884241113079 0.0
1654578885242102473 0.0
1654578886243282932 4.0
1654578887244106951 9.0
1654578888245273301 7.0
1654578889246447702 6.0
1654578890247745937 8.0
1654578891248932058 8.0
1654578892250115541 10.0
1654578893251393598 9.0
1654578894252562675 10.0
1654578895253948157 6.0
1654578896255129960 6.0
1654578897256332687 5.0
1654578898257520729 10.0
1654578899258718558 7.0
1654578900259890703 9.0
1654578901261100953 7.0
1654578902262261214 9.0
1654578903263444104 8.0
1654578904264625469 10.0
1654578905265839287 9.0
1654578906267577855 6.0
1654578907268750521 7.0
1654578908269979562 6.0
1654578909271171597 10.0
1654578910272356869 6.0
1654578911273531041 7.0
1654578912274514332 8.0
1654578913275676181 8.0
1654578914276854317 6.0
1654578915278053456 4.0
1654578916279252556 4.0
1654578917280427649 7.0
1654578918281601680 9.0
1654578919283047394 3.0
1654578920284228923 18.0
1654578921285397961 14.0
1654578922286574720 7.0
1654578923287075257 7.0
1654578924288293826 9.0
1654578925289468679 10.0
1654578926290647893 11.0
1654578927291856291 11.0
1654578928293055370 5.0
1654578929294191376 6.0
1654578930295354221 6.0
1654578931296098960 4.0
1654578932297273997 8.0
1654578933298513436 5.0
1654578934299669137 5.0
1654578935300203240 8.0
1654578936301430890 13.0
1654578937302093482 4.0
1654578938303321739 6.0
1654578939304109000 9.0
1654578940305251740 6.0
1654578941306407762 7.0
1654578942307569528 6.0
1654578943307880962 6.0
1654578944309049390 8.0
1654578945310201251 5.0
1654578946311371715 6.0
1654578947312536887 9.0
1654578948313675205 9.0
1654578949314925405 7.0
1654578950316273438 8.0
1654578951317409082 4.0
1654578952318556409 3.0
1654578953319722868 5.0
1654578954321078241 6.0
1654578955322110760 5.0
1654578956323269709 7.0
1654578957324544361 3.0
1654578958325817476 4.0
1654578959326065994 11.0
1654578960327195871 2.0
1654578961328375471 11.0
1654578962329554900 5.0
1654578963330747782 10.0
1654578964331956469 14.0
1654578965333150153 7.0
1654578966334106801 9.0
1654578967335270211 7.0
1654578968336440094 8.0
1654578969337601908 8.0
1654578970338863501 9.0
1654578971340141847 11.0
1654578972341349675 10.0
1654578973342884884 9.0
1654578974344081766 10.0
1654578975345252407 9.0
1654578976346408048 10.0
1654578977347872519 6.0
1654578978349158157 8.0
1654578979350324380 5.0
1654578980351467158 7.0
1654578981351669788 9.0
1654578982352877828 5.0
1654578983353599485 14.0
1654578984354837543 4.0
1654578985356064293 14.0
1654578986357256599 9.0
1654578987358448172 6.0
1654578988359709456 5.0
1654578989360896169 9.0
1654578990362074606 9.0
1654578991363246320 10.0
1654578992364408695 6.0
1654578993365596889 9.0
1654578994366770946 9.0
1654578995367965934 8.0
1654578996369156401 5.0
1654578997370357734 9.0
1654578998371549282 7.0
1654578999372560096 5.0
1654579000373872201 10.0
1654579001375251421 11.0
1654579002376095642 10.0
1654579003377550998 9.0
1654579004378711538 8.0
1654579005379925820 8.0
1654579006381101363 9.0
1654579007382565187 8.0
1654579008383748264 9.0
1654579009384962640 7.0
1654579010386163571 8.0
1654579011387353865 3.0
1654579012388523594 14.0
1654579013389812645 8.0
1654579014390992828 4.0
1654579015392215787 4.0
1654579016393406167 9.0
1654579017394204431 8.0
1654579018395377624 3.0
1654579019396563140 6.0
1654579020397762627 6.0
1654579021398963318 8.0
1654579022400154872 9.0
1654579023401102964 9.0
1654579024402082179 9.0
1654579025403224833 9.0
1654579026404238148 9.0
1654579027405444541 6.0
1654579028406595592 9.0
1654579029407777246 6.0
1654579030408959214 4.0
1654579031410186007 8.0
1654579032411100226 4.0
1654579033412261857 5.0
1654579034413417278 4.0
1654579035414612654 4.0
1654579036415842927 4.0
1654579037416097175 9.0
1654579038417261374 9.0
1654579039418427421 4.0
1654579040419609153 4.0
1654579041420804377 9.0
1654579042422087073 11.0
1654579043423239072 6.0
1654579044424408650 6.0
1654579045425093071 12.0
1654579046426115320 7.0
1654579047427789245 8.0
1654579048428858837 5.0
1654579049430116578 3.0
1654579050431086023 3.0
1654579051432259214 6.0
1654579052433448737 8.0
1654579053434072503 3.0
1654579054435228510 10.0
1654579055436393198 8.0
1654579056437069249 6.0
1654579057438217141 9.0
1654579058439098443 5.0
1654579059440307237 10.0
1654579060441105228 5.0
1654579061442266565 7.0
1654579062443409314 12.0
1654579063443856641 7.0
1654579064445058246 3.0
1654579065446243739 9.0
1654579066447406434 4.0
1654579067448584119 9.0
1654579068449792636 7.0
