1654581234901453771 0.0
1654581235902587611 0.0
1654581236903750131 0.0
1654581237904739480 0.0
1654581238905901681 0.0
1654581239907047892 0.0
1654581240908227131 0.0
1654581241909413858 1.0
1654581242910575764 8.0
1654581243911833124 5.0
1654581244912993330 7.0
1654581245914147463 6.0
1654581246915402421 6.0
1654581247916736118 11.0
1654581248918273511 5.0
1654581249918716485 9.0
1654581250919837163 4.0
1654581251920998901 10.0
1654581252922163954 5.0
1654581253922746625 8.0
1654581254923963989 3.0
1654581255925151839 4.0
1654581256926306174 9.0
1654581257927479796 10.0
1654581258928582132 10.0
1654581259929741230 6.0
1654581260930916035 5.0
1654581261932293627 6.0
1654581262933573445 9.0
1654581263934734733 11.0
1654581264935910701 6.0
1654581265937023397 7.0
1654581266937780226 6.0
1654581267938769202 14.0
1654581268940012323 9.0
1654581269941208271 4.0
1654581270942363436 5.0
1654581271943514591 10.0
1654581272944704163 10.0
1654581273945737371 8.0
1654581274946863969 9.0
1654581275947803775 9.0
1654581276949106763 5.0
1654581277950100551 10.0
1654581278951279211 4.0
1654581279952448503 7.0
1654581280953054674 11.0
1654581281953310478 2.0
1654581282955070477 6.0
1654581283956244579 9.0
1654581284957427422 4.0
1654581285958621686 9.0
1654581286959834506 7.0
1654581287961071137 5.0
1654581288962923115 4.0
1654581289964304047 6.0
1654581290965484540 7.0
1654581291966705549 8.0
1654581292967892080 11.0
1654581293969103946 10.0
1654581294970288654 5.0
1654581295971467216 7.0
1654581296972748799 7.0
1654581297973942950 7.0
1654581298974872936 5.0
1654581299976085926 3.0
1654581300977227021 8.0
1654581301978398455 3.0
1654581302979565731 4.0
1654581303980734886 9.0
1654581304981907035 6.0
1654581305982254810 10.0
1654581306983464332 3.0
1654581307984747752 8.0
1654581308985941015 8.0
1654581309987118240 6.0
1654581310988315356 7.0
1654581311989541518 3.0
1654581312990770782 6.0
1654581313992003557 7.0
1654581314992411587 6.0
1654581315993747849 10.0
1654581316996776687 11.0
1654581317998758941 14.0
1654581319000079446 8.0
1654581320001344101 7.0
1654581321002488916 8.0
1654581322003649592 2.0
1654581323004924731 8.0
1654581324005516455 4.0
1654581325006490250 8.0
1654581326007594760 8.0
1654581327007764507 9.0
1654581328008894223 6.0
1654581329010060976 7.0
1654581330011413909 10.0
1654581331012662986 7.0
1654581332013619409 7.0
1654581333014953124 9.0
1654581334016119989 12.0
1654581335016533267 8.0
1654581336016771623 11.0
1654581337017948836 9.0
1654581338019109609 8.0
1654581339020264436 10.0
1654581340020762604 12.0
1654581341021800983 6.0
1654581342022088285 5.0
1654581343022744987 8.0
1654581344023933904 10.0
1654581345025385910 6.0
1654581346025782131 5.0
1654581347027213241 4.0
1654581348028408425 7.0
1654581349029593354 7.0
1654581350030918438 6.0
1654581351032192888 4.0
1654581352033364966 9.0
1654581353034623355 11.0
1654581354035828095 5.0
1654581355037012620 7.0
1654581356038152006 14.0
1654581357039301172 13.0
1654581358040560434 10.0
1654581359041923948 13.0
1654581360043102873 4.0
1654581361044276889 10.0
1654581362045459779 8.0
1654581363046623931 5.0
1654581364047816771 7.0
1654581365048854299 1.0
1654581366050013540 14.0
1654581367051169956 10.0
1654581368052337526 4.0
1654581369053509202 7.0
1654581370054793462 4.0
1654581371056323110 4.0
1654581372057820087 4.0
1654581373059081354 9.0
1654581374060261955 7.0
1654581375061182206 12.0
1654581376062357180 12.0
1654581377063523255 7.0
1654581378064903861 8.0
1654581379066116155 5.0
1654581380066525587 6.0
1654581381067737691 5.0
1654581382068926575 4.0
1654581383070124006 3.0
1654581384071294709 10.0
1654581385072346926 7.0
1654581386073601423 4.0
1654581387074835543 5.0
1654581388075985090 11.0
1654581389077162171 5.0
1654581390078351890 10.0
1654581391079540318 11.0
1654581392080740263 8.0
1654581393081932946 11.0
1654581394083117861 6.0
1654581395084296211 9.0
1654581396085489230 9.0
1654581397087260717 9.0
1654581398088501170 9.0
1654581399089763847 7.0
1654581400091308650 10.0
1654581401092025220 10.0
1654581402093193404 7.0
1654581403094364529 9.0
1654581404095527603 7.0
1654581405096709614 6.0
1654581406097957327 5.0
1654581407099621177 11.0
1654581408100813511 8.0
1654581409101993721 12.0
1654581410102750232 6.0
1654581411103985724 3.0
1654581412105150082 7.0
1654581413106343529 10.0
1654581414107525478 9.0
1654581415108738875 5.0
1654581416109924504 3.0
1654581417111127158 6.0
1654581418112282583 9.0
1654581419113475367 7.0
1654581420114793748 7.0
1654581421116093477 2.0
1654581422117247997 8.0
1654581423118737209 14.0
1654581424119878387 7.0
1654581425121221617 7.0
1654581426122738591 5.0
1654581427124207842 9.0
1654581428125372176 9.0
1654581429126543164 3.0
1654581430127732740 11.0
1654581431128916781 3.0
1654581432130180460 7.0
1654581433131327857 9.0
1654581434132474639 8.0
1654581435132835896 6.0
1654581436134208384 4.0
1654581437134746160 8.0
1654581438135897775 5.0
1654581439137055701 9.0
1654581440138196648 9.0
1654581441139369652 7.0
1654581442140557441 8.0
1654581443141713809 10.0
1654581444142776802 9.0
1654581445143937165 7.0
1654581446145094323 4.0
1654581447146273702 9.0
1654581448147435939 7.0
1654581449147932323 10.0
1654581450149085549 9.0
1654581451150260916 7.0
1654581452151438584 9.0
1654581453152734665 6.0
1654581454153932673 8.0
1654581455155604715 7.0
1654581456156930974 5.0
1654581457158129125 7.0
1654581458159272002 6.0
1654581459160442624 12.0
1654581460161639852 4.0
1654581461162842011 8.0
1654581462164114034 9.0
1654581463165063433 7.0
1654581464166242492 7.0
1654581465167974503 7.0
1654581466169233486 8.0
1654581467170409867 7.0
1654581468171601279 8.0
1654581469172901220 7.0
1654581470174089516 3.0
1654581471175278782 10.0
1654581472176471000 7.0
1654581473177663489 6.0
1654581474178890268 4.0
1654581475180066067 6.0
1654581476181248778 7.0
1654581477182423104 2.0
1654581478183573375 5.0
1654581479184715446 6.0
1654581480185997176 15.0
1654581481187296624 8.0
1654581482188643037 10.0
1654581483189913559 8.0
1654581484191057556 5.0
1654581485192303657 5.0
1654581486193780742 8.0
1654581487195004325 11.0
1654581488196188673 4.0
1654581489197335932 8.0
1654581490198467127 6.0
1654581491199626026 9.0
1654581492200813939 10.0
1654581493202109544 10.0
1654581494202551011 3.0
1654581495203855463 8.0
1654581496205033252 13.0
1654581497206367598 5.0
1654581498207526587 6.0
1654581499208698638 11.0
1654581500208863645 7.0
1654581501210026118 8.0
1654581502210917558 7.0
1654581503212090223 4.0
1654581504213289545 8.0
1654581505213748086 11.0
1654581506214900450 11.0
1654581507215832069 4.0
1654581508216593942 14.0
1654581509216769424 9.0
1654581510217989267 3.0
1654581511219165645 10.0
1654581512219594110 9.0
1654581513219743807 4.0
1654581514220868486 6.0
1654581515222030539 5.0
1654581516222756235 8.0
1654581517223774496 6.0
1654581518224936624 6.0
1654581519226091721 5.0
1654581520227248502 13.0
1654581521228492851 6.0
1654581522229992122 2.0
1654581523230823142 8.0
1654581524231739871 11.0
1654581525232882795 7.0
1654581526234100174 10.0
1654581527234735940 7.0
1654581528235825006 7.0
1654581529236967763 10.0
1654581530238126590 7.0
1654581531239271069 6.0
1654581532240433869 5.0
1654581533241587721 4.0
1654581534242745938 3.0
1654581535243895905 16.0
1654581536245057782 5.0
