1654497350717453022 0.0
1654497351718864582 0.0
1654497352720028394 0.0
1654497353721182720 0.0
1654497354722402285 0.0
1654497355723610699 0.0
1654497356724808735 0.0
1654497357725981104 0.0
1654497358727196113 12.0
1654497359728556903 10.0
1654497360729738977 16.0
1654497361730888676 12.0
1654497362732059658 10.0
1654497363733263415 4.0
1654497364734467131 11.0
1654497365735697457 9.0
1654497366736889709 17.0
1654497367738111317 17.0
1654497368739309389 8.0
1654497369740167496 3.0
1654497370741339754 12.0
1654497371742531383 0.0
1654497372743729561 21.0
1654497373744935949 11.0
1654497374746121787 20.0
1654497375747258955 15.0
1654497376747770979 11.0
1654497377748977545 7.0
1654497378750163263 8.0
1654497379750774795 22.0
1654497380751766139 22.0
1654497381752942868 10.0
1654497382754152098 18.0
1654497383755361500 6.0
1654497384756082876 12.0
1654497385757402053 8.0
1654497386758574606 11.0
1654497387759764245 14.0
1654497388761061823 9.0
1654497389762444846 15.0
1654497390762778226 10.0
1654497391764166027 11.0
1654497392765327657 15.0
1654497393765740157 13.0
1654497394766920718 17.0
1654497395768153912 15.0
1654497396769340622 14.0
1654497397770523169 13.0
1654497398771688421 7.0
1654497399773301088 10.0
1654497400774495759 12.0
1654497401775736854 8.0
1654497402776999699 10.0
1654497403778192600 8.0
1654497404779385327 15.0
1654497405780583765 19.0
1654497406781768625 6.0
1654497407782972287 14.0
1654497408783365579 15.0
1654497409784559203 15.0
1654497410784764567 10.0
1654497411785987610 13.0
1654497412787183765 11.0
1654497413788389558 10.0
1654497414788784742 13.0
1654497415790030475 8.0
1654497416791230558 14.0
1654497417793745500 8.0
1654497418794753074 12.0
1654497419796101747 8.0
1654497420797293507 8.0
1654497421798520298 18.0
1654497422799729074 17.0
1654497423801045903 16.0
1654497424801726816 10.0
1654497425802972472 15.0
1654497426804275080 10.0
1654497427805464622 21.0
1654497428806711981 18.0
1654497429807889590 16.0
1654497430809049530 12.0
1654497431810250175 17.0
1654497432811545349 10.0
1654497433812907629 11.0
1654497434814074890 12.0
1654497435815364589 10.0
1654497436816720988 18.0
1654497437817743357 20.0
1654497438819081562 3.0
1654497439820461505 12.0
1654497440821636134 12.0
1654497441823227319 19.0
1654497442824997233 7.0
1654497443825728160 19.0
1654497444826954648 18.0
1654497445828124674 10.0
1654497446829768530 14.0
1654497447830168616 10.0
1654497448831773894 19.0
1654497449833123084 6.0
1654497450834466343 7.0
1654497451835635640 7.0
1654497452837188842 14.0
1654497453838346644 7.0
1654497454839699869 17.0
1654497455840866884 11.0
1654497456842039916 8.0
1654497457842774306 12.0
1654497458844026595 13.0
1654497459845225364 11.0
1654497460845738760 11.0
1654497461846931719 5.0
1654497462848166495 14.0
1654497463849350696 19.0
1654497464850542537 28.0
1654497465850749547 18.0
1654497466851922819 10.0
1654497467853142430 17.0
1654497468854312854 13.0
1654497469855797972 8.0
1654497470856989127 16.0
1654497471858180841 16.0
1654497472859370663 14.0
1654497473860578565 10.0
1654497474861768765 11.0
1654497475862976233 23.0
1654497476864163807 15.0
1654497477865352854 10.0
1654497478866626230 17.0
1654497479868313239 4.0
1654497480869513622 14.0
1654497481870745394 8.0
1654497482872016494 11.0
1654497483873213683 13.0
1654497484874399436 25.0
1654497485875596650 10.0
1654497486876794833 10.0
1654497487878073502 16.0
1654497488878562439 15.0
1654497489879786878 19.0
1654497490881034389 17.0
1654497491882241492 8.0
1654497492883421721 9.0
1654497493884772416 13.0
1654497494885947151 7.0
1654497495887155296 24.0
1654497496888734722 14.0
1654497497890003966 5.0
1654497498891256884 7.0
1654497499892022281 12.0
1654497500893143469 14.0
1654497501894304066 14.0
1654497502895774573 16.0
1654497503897134678 15.0
1654497504897759823 4.0
1654497505898776263 9.0
1654497506900530568 11.0
1654497507902315922 13.0
1654497508902741635 12.0
1654497509903871026 12.0
1654497510905066614 16.0
1654497511906220976 12.0
1654497512907520080 18.0
1654497513909023254 17.0
1654497514909731215 18.0
1654497515911016041 16.0
1654497516912313727 4.0
1654497517913725682 12.0
1654497518914904460 12.0
1654497519916038052 12.0
1654497520917204489 11.0
1654497521918352973 10.0
1654497522919515004 8.0
1654497523920744367 13.0
1654497524921979753 12.0
1654497525923166102 21.0
1654497526924359216 16.0
1654497527925532645 17.0
1654497528926746436 7.0
1654497529927976755 9.0
1654497530929318156 18.0
1654497531930587007 13.0
1654497532931762702 19.0
1654497533932769586 11.0
1654497534933723682 12.0
1654497535934919886 9.0
1654497536936650551 6.0
1654497537937207488 15.0
1654497538938506197 20.0
1654497539939834752 10.0
1654497540941123163 11.0
1654497541942397445 10.0
1654497542942808615 18.0
1654497543943760004 16.0
1654497544944764694 14.0
1654497545946000206 10.0
1654497546947282552 18.0
1654497547948733219 16.0
1654497548950070891 9.0
1654497549951806507 14.0
1654497550952986265 18.0
1654497551954164270 7.0
1654497552955337079 14.0
1654497553956498940 2.0
1654497554957656982 11.0
1654497555958835052 17.0
1654497556959730252 23.0
1654497557960903486 9.0
1654497558962302286 14.0
1654497559963293404 16.0
1654497560964471554 17.0
1654497561965707273 12.0
1654497562966893005 14.0
1654497563967794867 13.0
1654497564968776310 4.0
1654497565969964848 9.0
1654497566971174500 2.0
1654497567972359343 13.0
1654497568974110080 11.0
1654497569975391608 14.0
1654497570976732530 8.0
1654497571977904640 20.0
1654497572979096609 11.0
1654497573980290528 11.0
1654497574980739542 11.0
1654497575981934930 20.0
1654497576983135694 15.0
1654497577983805251 7.0
1654497578984966413 8.0
1654497579986173063 19.0
1654497580987340938 19.0
1654497581988532040 11.0
1654497582989743703 13.0
1654497583990946076 18.0
1654497584993855892 19.0
1654497585994949338 22.0
1654497586995756925 30.0
1654497587996753409 19.0
1654497588997772180 5.0
1654497589998725380 22.0
1654497590999759536 5.0
1654497592000747281 12.0
1654497593001758266 13.0
1654497594003053141 7.0
1654497595004183174 19.0
1654497596005150248 17.0
1654497597005852768 10.0
1654497598006721206 18.0
1654497599007070772 9.0
1654497600007743504 11.0
1654497601008759529 15.0
1654497602009937543 11.0
1654497603011118345 8.0
1654497604012309160 10.0
1654497605013486055 22.0
1654497606013755937 6.0
1654497607014933534 16.0
1654497608016104536 10.0
1654497609017267444 16.0
1654497610018432823 9.0
1654497611020057826 19.0
1654497612021493897 18.0
1654497613022791696 10.0
1654497614023984172 14.0
1654497615025177505 19.0
1654497616025732606 16.0
1654497617027799342 11.0
1654497618029150831 15.0
1654497619030295287 18.0
1654497620031432663 11.0
1654497621031845677 10.0
1654497622033048419 18.0
1654497623034238729 21.0
1654497624035428885 13.0
1654497625036631792 12.0
1654497626037847891 9.0
1654497627038729759 8.0
1654497628040291920 10.0
1654497629041477824 0.0
1654497630042624838 23.0
1654497631043991102 3.0
1654497632045224275 18.0
1654497633045747929 12.0
1654497634046921788 13.0
1654497635048146890 9.0
1654497636049312733 10.0
1654497637050499838 12.0
1654497638051699776 10.0
1654497639052760161 17.0
1654497640053749352 17.0
1654497641055442567 19.0
1654497642056921744 14.0
1654497643058087706 14.0
1654497644059272496 15.0
1654497645060453260 11.0
1654497646061696694 15.0
1654497647062946418 22.0
1654497648063875209 8.0
1654497649065075840 14.0
1654497650066243132 14.0
1654497651067379366 11.0
1654497652068523916 3.0
1654497653069279333 17.0
