1654498052696001379 0.0
1654498053696752081 0.0
1654498054697952628 0.0
1654498055699087886 0.0
1654498056700275630 0.0
1654498057701479396 0.0
1654498058702727966 4.0
1654498059703923863 8.0
1654498060705150554 7.0
1654498061706322356 8.0
1654498062708026852 15.0
1654498063709160923 8.0
1654498064710303474 15.0
1654498065711444661 10.0
1654498066711904034 12.0
1654498067713100963 7.0
1654498068714277701 12.0
1654498069714810812 13.0
1654498070715993186 9.0
1654498071717248438 13.0
1654498072718726489 13.0
1654498073719966111 10.0
1654498074721428301 18.0
1654498075722783812 14.0
1654498076723764241 7.0
1654498077724760451 9.0
1654498078725741895 18.0
1654498079726762768 13.0
1654498080727927182 12.0
1654498081729112652 15.0
1654498082730293942 16.0
1654498083730761037 9.0
1654498084732036102 17.0
1654498085733240106 3.0
1654498086734437217 12.0
1654498087734723913 7.0
1654498088735845022 7.0
1654498089737039894 20.0
1654498090738202998 18.0
1654498091738798312 18.0
1654498092739750655 13.0
1654498093741054637 20.0
1654498094741719050 11.0
1654498095743118255 5.0
1654498096744288462 7.0
1654498097745616526 16.0
1654498098746836950 16.0
1654498099748638033 15.0
1654498100749866886 8.0
1654498101751067731 11.0
1654498102752216003 8.0
1654498103753946828 17.0
1654498104755190376 9.0
1654498105756511778 16.0
1654498106757714967 12.0
1654498107758904206 17.0
1654498108760179573 20.0
1654498109760782588 13.0
1654498110761946854 14.0
1654498111763105992 10.0
1654498112764287990 11.0
1654498113764770929 18.0
1654498114765807189 10.0
1654498115767749648 18.0
1654498116768914035 3.0
1654498117769805580 8.0
1654498118771004323 15.0
1654498119772203377 7.0
1654498120773380279 12.0
1654498121773810571 17.0
1654498122774993244 14.0
1654498123776202919 23.0
1654498124777391916 14.0
1654498125777809474 3.0
1654498126779053086 20.0
1654498127780239131 10.0
1654498128781444456 9.0
1654498129782811962 16.0
1654498130784055605 13.0
1654498131785234829 14.0
1654498132786419764 11.0
1654498133787616963 19.0
1654498134788845350 24.0
1654498135789135975 11.0
1654498136790318808 14.0
1654498137790863723 17.0
1654498138791786417 2.0
1654498139792046154 19.0
1654498140792220086 15.0
1654498141792956768 11.0
1654498142794142118 16.0
1654498143795325614 11.0
1654498144797600128 14.0
1654498145799206419 8.0
1654498146801005493 20.0
1654498147802503230 5.0
1654498148803658437 10.0
1654498149804730613 18.0
1654498150805940371 8.0
1654498151807117508 16.0
1654498152808286840 13.0
1654498153809805996 8.0
1654498154811012781 17.0
1654498155812188474 8.0
1654498156813372105 7.0
1654498157815087347 10.0
1654498158816261287 18.0
1654498159817410022 18.0
1654498160817770152 11.0
1654498161818953997 18.0
1654498162820227868 16.0
1654498163821531964 8.0
1654498164822199935 6.0
1654498165823472626 12.0
1654498166824724922 14.0
1654498167825754836 12.0
1654498168826920095 12.0
1654498169828104824 14.0
1654498170829276115 7.0
1654498171829543270 15.0
1654498172830740170 7.0
1654498173831990170 8.0
1654498174833165402 22.0
1654498175834313773 5.0
1654498176835497496 12.0
1654498177836333433 5.0
1654498178836756609 10.0
1654498179837535464 20.0
1654498180838694371 17.0
1654498181839720449 6.0
1654498182840945241 17.0
1654498183842712925 11.0
1654498184843877440 15.0
1654498185844755639 17.0
1654498186846520375 13.0
1654498187847821836 1.0
1654498188848983970 18.0
1654498189850167128 19.0
1654498190851306021 11.0
1654498191852488599 14.0
1654498192853660611 9.0
1654498193854901231 14.0
1654498194856068044 5.0
1654498195857252464 13.0
1654498196858436072 14.0
1654498197859599864 13.0
1654498198860796355 14.0
1654498199861419250 19.0
1654498200862792127 11.0
1654498201863779003 5.0
1654498202864939405 8.0
1654498203865783083 13.0
1654498204867118305 18.0
1654498205867739263 9.0
1654498206868899328 15.0
1654498207870114423 10.0
1654498208870762478 9.0
1654498209871940383 18.0
1654498210873108261 18.0
1654498211873748234 12.0
1654498212874971880 7.0
1654498213876255306 11.0
1654498214877392104 21.0
1654498215878569709 16.0
1654498216879757935 10.0
1654498217880979263 10.0
1654498218882173266 13.0
1654498219883335604 13.0
1654498220884517508 12.0
1654498221885733527 10.0
1654498222886935831 11.0
1654498223888197612 9.0
1654498224889721477 9.0
1654498225890949058 19.0
1654498226892048123 13.0
1654498227893246977 23.0
1654498228894752221 15.0
1654498229895756018 9.0
1654498230896442784 11.0
1654498231898742385 17.0
1654498232900024358 13.0
1654498233901319080 3.0
1654498234903239230 7.0
1654498235904835366 9.0
1654498236906218905 8.0
1654498237907510469 3.0
1654498238908740596 14.0
1654498239910086425 5.0
1654498240910799727 9.0
1654498241911978906 10.0
1654498242912246548 3.0
1654498243913426774 0.0
1654498244914999458 0.0
1654498245916742399 8.0
1654498246917758568 7.0
1654498247919187532 11.0
1654498248920496549 2.0
1654498249920726124 3.0
1654498250922059605 8.0
1654498251923237921 14.0
1654498252924395978 11.0
1654498253925552928 8.0
1654498254926723764 10.0
1654498255927899975 6.0
1654498256928780089 7.0
1654498257929069548 11.0
1654498258930257097 3.0
1654498259931408245 8.0
1654498260932566723 4.0
1654498261933754965 7.0
1654498262934992997 5.0
1654498263936175462 11.0
1654498264937336294 8.0
1654498265938378083 2.0
1654498266939557675 8.0
1654498267940755364 3.0
1654498268941906444 2.0
1654498269943041873 8.0
1654498270944186097 9.0
1654498271945371473 10.0
1654498272945757664 6.0
1654498273946793450 7.0
1654498274947951736 1.0
1654498275948743282 8.0
1654498276949968923 8.0
1654498277951168001 7.0
1654498278952353696 11.0
1654498279953865808 11.0
1654498280955038891 7.0
1654498281956190012 6.0
1654498282957889815 8.0
1654498283959177792 7.0
1654498284960705381 9.0
1654498285962428617 11.0
1654498286963325270 10.0
1654498287964005890 8.0
1654498288965766087 6.0
1654498289967143719 3.0
1654498290967505787 2.0
1654498291968835853 7.0
1654498292969740118 10.0
1654498293970898414 3.0
1654498294971236458 9.0
1654498295972427172 8.0
1654498296973631438 4.0
1654498297974502012 5.0
1654498298975699125 10.0
1654498299976873064 0.0
1654498300978037933 11.0
1654498301979216586 8.0
1654498302980406992 7.0
1654498303981591355 10.0
1654498304982768352 8.0
1654498305983962691 7.0
1654498306985135211 3.0
1654498307986313426 9.0
1654498308987563146 8.0
1654498309988760402 2.0
1654498310989925826 7.0
1654498311990411707 0.0
1654498312990923649 11.0
1654498313993744524 5.0
1654498314994868977 5.0
1654498315995747054 6.0
1654498316996764518 12.0
1654498317998741318 0.0
1654498318999775934 9.0
1654498320000712284 8.0
1654498321001877621 12.0
1654498322003067154 7.0
1654498323004225928 9.0
1654498324005389792 1.0
1654498325006540603 9.0
1654498326007719310 1.0
1654498327008934026 8.0
1654498328010086038 10.0
1654498329011266297 12.0
1654498330012383086 8.0
1654498331013526916 3.0
1654498332014738670 0.0
1654498333015747187 7.0
1654498334016462183 3.0
1654498335017914665 8.0
1654498336019276694 7.0
1654498337020431865 11.0
1654498338021627842 2.0
1654498339022922220 17.0
1654498340024108994 6.0
1654498341025291454 3.0
1654498342026871871 12.0
1654498343028231400 12.0
1654498344029478362 1.0
1654498345030742827 9.0
1654498346032092397 6.0
1654498347033603519 3.0
1654498348034913180 0.0
1654498349036104055 12.0
1654498350037539649 2.0
1654498351038880436 7.0
1654498352040045250 10.0
1654498353041743866 9.0
1654498354042972414 6.0
