1655063744640637156 0
1655063745641843151 0
1655063746643018182 0
1655063747644357066 0
1655063748645534856 0
1655063749646686861 0
1655063750647915940 0
1655063751649047944 0
1655063752650203798 0
1655063753650540069 15
1655063754652079894 21
1655063755653337633 15
1655063756654597267 26
1655063757655821674 17
1655063758657135185 19
1655063759658350613 22
1655063760659522133 16
1655063761660694155 35
1655063762661945455 18
1655063763663144477 14
1655063764664347224 23
1655063765665487095 35
1655063766666654415 18
1655063767667838849 19
1655063768669061510 17
1655063769670046229 17
1655063770671474143 24
1655063771672635046 25
1655063772673812148 20
1655063773674636568 5
1655063774675735552 28
1655063775676976575 24
1655063776678216655 25
1655063777679382203 17
1655063778680817381 19
1655063779681995529 6
1655063780683184992 23
1655063781684376213 19
1655063782685542213 24
1655063783686690757 14
1655063784687939150 27
1655063785689123751 12
1655063786690292595 13
1655063787691465985 33
1655063788692391771 32
1655063789693568016 23
1655063790694446523 18
1655063791695658856 13
1655063792696446709 21
1655063793697429861 21
1655063794698657741 21
1655063795699837695 27
1655063796701014647 15
1655063797702244266 23
1655063798703440679 16
1655063799704374376 24
1655063800705399020 19
1655063801706411385 15
1655063802707561744 21
1655063803708858579 16
1655063804710026700 16
1655063805711204700 11
1655063806712363498 21
1655063807713529386 16
1655063808714732258 16
1655063809715882688 24
1655063810717117246 12
1655063811718277985 27
1655063812719750823 5
1655063813720985505 25
1655063814722173995 9
1655063815723372689 20
1655063816724547539 18
1655063817725728617 11
1655063818726912497 14
1655063819727418914 24
1655063820728382462 15
1655063821730073169 17
1655063822731276511 17
1655063823732396781 20
1655063824733550343 20
1655063825734722425 25
1655063826736489853 20
1655063827737692902 18
1655063828738879226 13
1655063829740052206 17
1655063830741235732 21
1655063831742571340 27
1655063832743796983 17
1655063833745028584 23
1655063834746286866 15
1655063835747523800 18
1655063836748728784 19
1655063837749910837 26
1655063838751144703 23
1655063839751376478 13
1655063840752570990 21
1655063841753740556 21
1655063842754404324 15
1655063843755591158 21
1655063844756765733 0
1655063845757935612 0
1655063846759114051 0
1655063847760286454 0
