1655698425776935613 172144356
1655698425986521357 5545699
1655698426194733375 5797068
1655698426400609587 3132584
1655698426604029025 3085350
1655698426807371640 3037856
1655698427011085897 3374959
1655698427214806092 3376603
1655698427421422480 3142102
1655698427627592093 3189996
1655698427834461533 3465689
1655698428040601092 3160027
1655698428246672240 2975211
1655698428452182095 3135969
1655698428655409395 2922589
1655698428859245334 3713822
1655698429065251092 3454266
1655698429273076312 3811229
1655698429478387256 4440694
1655698429695964571 17006230
1655698429903748409 4330264
1655698430111567995 5267054
1655698430315966779 4023560
1655698430523743892 4916810
1655698430731456935 4227726
1655698430935680353 3869696
1655698431141588053 5544334
1655698431348561439 4713358
1655698431556854417 4500021
1655698431762721351 5486948
1655698431969799355 4817128
1655698432174346683 3756377
1655698432378391741 3672677
1655698432584692327 3672127
1655698432789370064 3629755
1655698432996811228 4828741
1655698433201280310 3847507
1655698433409118597 5533674
1655698433615537733 3078890
1655698433819105287 3153178
1655698434025392324 3878438
1655698434231260622 3604180
1655698434435004968 3411413
1655698434638604549 2985372
1655698434844202564 3112895
1655698435047654705 2932144
1655698435253980258 6036117
1655698435461571215 4819053
1655698435667030650 5118886
1655698435878282810 6526718
1655698436084816388 4877417
1655698436289994853 4571266
1655698436497795775 4703464
1655698436704968920 3829102
1655698436909479670 3535125
1655698437115998625 3478002
1655698437321053427 4768590
1655698437525559755 3925474
1655698437730576103 4627772
1655698437938395958 4790258
1655698438142785233 3969303
1655698438348361387 3362524
1655698438554378976 3580064
1655698438758344954 3449558
1655698438962209999 3521331
1655698439165791708 3146011
1655698439369600089 3301470
1655698439575133671 3399086
1655698439780897161 3390080
1655698439984861941 3436180
1655698440188521905 3211462
1655698440392201089 3218470
1655698440595740188 3041901
1655698440799295957 3111543
1655698441004849028 5093666
1655698441214343593 4386640
1655698441422954424 8018333
1655698441634275025 4835323
1655698441845136098 9194013
1655698442051438530 3984853
1655698442255579606 3777595
1655698442459641558 3705869
1655698442667699808 4794759
1655698442872390544 4275588
1655698443078771087 5701180
1655698443285013113 3816989
1655698443489196347 3784595
1655698443693941159 4405953
1655698443900813396 3802288
1655698444106948256 3882821
1655698444311304384 3888234
1655698444515540128 3716859
1655698444721365192 3621617
1655698444927334146 3720509
1655698445133359714 3845581
1655698445337257376 3566623
1655698445543294751 3566365
1655698445750733192 5008521
1655698445955634962 4663623
1655698446163159792 4017975
1655698446369812259 5840162
1655698446581498249 6314445
1655698446786028732 3924116
1655698446992961397 3689623
1655698447200032649 3618183
1655698447406588455 3939173
1655698447613209682 4455764
1655698447818757452 4830843
1655698448022524210 3551491
1655698448226990390 3460305
1655698448433505571 4075900
1655698448637821032 3350562
1655698448841587584 3366307
1655698449047731174 3904973
1655698449251460164 3373879
1655698449456497657 4695698
1655698449660155125 3317092
1655698449867579871 5223471
1655698450074085287 4144380
1655698450278327013 3501984
1655698450485081567 4427755
1655698450694987530 7325945
1655698450902451105 3858242
1655698451107182607 4206459
1655698451315353735 4967669
1655698451520987977 5309075
1655698451728615936 5083325
1655698451932946434 3796920
1655698452138684846 5383970
1655698452342982207 4050204
1655698452547756512 4411716
1655698452751556927 3599466
1655698452955348396 3427181
1655698453161176035 3351150
1655698453367981907 4434914
1655698453572218005 3513501
1655698453777751311 3338569
1655698453985082635 4448552
1655698454194466575 4902568
1655698454400497899 5560717
1655698454607646778 4816662
1655698454812853612 4842470
1655698455019633678 3849896
1655698455226680327 3474590
1655698455431422779 4380762
1655698455638573293 4686325
1655698455845568718 4601481
1655698456049672963 3730886
1655698456253808719 3769698
1655698456457452781 3181659
1655698456661141222 3188545
1655698456867977032 3607831
1655698457072450231 3511819
1655698457282392628 4876740
1655698457493186872 4388240
1655698457703486182 8544906
1655698457910090576 6157629
1655698458119052671 4396375
1655698458325404472 5478672
1655698458535767006 5535124
1655698458743950278 3525754
1655698458951610052 3365078
1655698459155312464 3336501
1655698459362509666 3469309
1655698459566469935 3612504
1655698459772550476 4627472
1655698459977593934 4741170
1655698460182719380 4791471
1655698460389528203 5591328
1655698460594725660 4739306
1655698460804147387 4752195
1655698461011570075 3430254
1655698461219080865 4023950
1655698461426619917 3461155
1655698461630943392 3719246
1655698461838659245 3518173
1655698462043193779 4249079
1655698462255915786 7786001
1655698462461550555 5342487
1655698462670498599 5212406
1655698462876558273 5612670
1655698463085773478 4673744
1655698463291380638 4947893
1655698463499786749 4173105
1655698463706311599 4522097
1655698463914632921 4702780
1655698464122449368 4970543
1655698464331752785 4950836
1655698464539636898 3677315
1655698464746462180 5538680
1655698464955303357 8232506
1655698465165331353 5007003
1655698465377343109 6111453
1655698465586712717 8714822
1655698465794810866 4161705
1655698466003803255 8530511
1655698466213701480 6444064
1655698466420728373 6768555
1655698466630396267 8428277
1655698466847105110 14356553
1655698467059022066 5473834
1655698467271675429 8496778
1655698467484579994 8015634
1655698467700616589 10000569
1655698467917355239 11435494
1655698468136576701 13150795
1655698468348040739 8963972
1655698468554721357 5750445
1655698468767846375 3441672
1655698468974921825 3693094
1655698469178952937 3517378
1655698469383525903 3983003
1655698469588697995 4834788
1655698469796606905 4612193
1655698470001716118 4782631
1655698470208436207 3895236
1655698470413798571 4374491
1655698470618531130 3766518
1655698470823920326 3236387
1655698471027757042 3533036
1655698471233902938 3784119
1655698471437479469 3257682
1655698471641033771 3101105
1655698471847824058 4635507
1655698472053631666 3423766
1655698472258760631 4461237
1655698472462511513 3296713
1655698472669025692 4307130
1655698472872982155 3534611
1655698473078846164 3566290
1655698473285036395 3600742
1655698473492748347 4859042
1655698473698792754 5075398
1655698473903006911 3698520
1655698474108719229 3469603
1655698474313664848 4600137
1655698474520743632 4896634
1655698474725104662 3624954
1655698474933397805 4426988
1655698475138652773 4687353
1655698475344524767 5014889
1655698475552121905 3480759
1655698475757117467 3676817
1655698475961316305 3861870
1655698476169857487 3360374
1655698476377628575 3574748
1655698476584124296 3202361
1655698476789205811 4246949
1655698476993123367 3519933
1655698477198345062 4572737
1655698477403101351 4349666
1655698477607378012 3732351
1655698477813208142 5506924
1655698478022050281 5980612
1655698478231543675 4390499
1655698478436539987 4027695
1655698478641365321 3896425
1655698478845130453 3358103
1655698479049062659 3109848
1655698479252433779 3047362
1655698479461674405 5754924
1655698479675446201 10991955
1655698479883623612 7652381
1655698480089264187 5327887
1655698480292944958 3289294
1655698480498621897 3432919
1655698480704225350 3145678
1655698480908017772 3366670
1655698481113806458 3056795
1655698481317501257 3176898
1655698481522990162 3349864
1655698481726572024 3174545
1655698481930027810 3085164
1655698482133573354 3121287
1655698482338966239 3170893
1655698482544488493 3185752
1655698482749821320 3004338
1655698482955505474 3522380
1655698483159347149 3163209
1655698483364813347 3271619
1655698483568513420 3272190
1655698483774942254 3718477
1655698483978993272 3560797
1655698484184539682 3256709
1655698484389827969 3163072
1655698484595429624 3368652
1655698484801082439 3362757
1655698485005208192 3677225
1655698485210988511 3426055
1655698485417207527 3466691
1655698485622853242 3457303
1655698485828554740 3515153
1655698486034640572 3473817
1655698486238154767 3218456
1655698486442005815 3394108
1655698486646022754 3518415
1655698486850149020 3659860
1655698487055938082 3375690
1655698487261300612 3228088
1655698487466848312 3206005
1655698487671103525 3427765
1655698487881442325 4795405
1655698488086256207 3959415
1655698488294754578 7828757
1655698488504634894 6175630
1655698488711098865 6040104
1655698488926410013 7225698
1655698489136928644 4660177
1655698489344485226 3956678
1655698489559182020 9540390
1655698489770451935 6743028
1655698489981784109 9855433
1655698490187773488 5281925
1655698490392153895 3870456
1655698490596033412 3383382
1655698490801899207 3485860
1655698491007489058 3388321
1655698491213561033 3718278
1655698491419138005 3325471
1655698491623044823 3554148
1655698491827080285 3555110
1655698492030751724 3319241
1655698492236672821 3371631
1655698492442013031 3222951
1655698492647534070 3414874
1655698492851204264 3313137
1655698493056816849 3275922
1655698493260470995 3113988
1655698493465350990 4560298
1655698493671725284 3786538
1655698493881867152 4607981
1655698494087535750 4597915
1655698494298692929 7401346
1655698494508678486 8747360
1655698494718771834 9353525
1655698494923801592 4280730
1655698495130766559 4756796
1655698495335065067 3786849
1655698495539079753 3503221
1655698495744942857 3357548
1655698495949049229 3738766
1655698496154693418 3285143
1655698496360414500 3484705
1655698496566741396 4075622
1655698496773711401 4648567
1655698496979358162 5008881
1655698497189067020 7134707
1655698497392929614 3525771
1655698497598518121 3350848
1655698497804520775 3770540
1655698498011519263 4452813
1655698498216671924 4806253
1655698498425695459 6713065
1655698498633112404 6018533
1655698498842716122 7748906
1655698499051726926 8261601
1655698499270469967 15082177
1655698499478468767 6533266
1655698499689133987 4507040
1655698499894945130 5048565
1655698500104494262 4954949
1655698500310395285 5462379
1655698500518766356 5017973
1655698500724169090 4366038
1655698500930436183 3930646
1655698501136319479 5564744
1655698501343427472 4495677
1655698501551062681 5417306
1655698501757780050 4238588
1655698501962966105 4702526
1655698502173723747 7761725
1655698502379847216 4916184
1655698502586688084 6352998
1655698502793782867 4604095
1655698503002836883 6133677
1655698503215940122 4980260
1655698503419382199 3147949
1655698503622975464 3287510
1655698503829346207 3094343
1655698504035386522 3046760
1655698504240790380 3049174
1655698504444534696 3044060
1655698504650694769 2871935
1655698504856036111 3231483
1655698505061713896 3403045
1655698505267678986 3432633
1655698505473196502 3391865
1655698505676557869 3041593
1655698505882181414 2925311
1655698506088078419 3432762
1655698506296760147 7793017
1655698506503543986 4042254
1655698506707862007 3348694
1655698506913515081 3431821
1655698507120809401 4358177
1655698507326376399 3420153
1655698507531700507 3156895
1655698507738192274 3937202
1655698507942515944 4018069
1655698508146492053 3641099
1655698508353217114 4422895
1655698508560727592 4605356
1655698508764700939 3512493
1655698508968562421 3519686
1655698509172688405 3232090
1655698509376346977 3410475
1655698509581921697 3301403
1655698509787372187 3258181
1655698509990889782 3192643
1655698510194381030 3177853
1655698510402183446 3759687
1655698510611611560 4723533
1655698510818725494 6530595
1655698511041613438 17802028
1655698511246520055 4758997
1655698511452901950 5940574
1655698511662357606 6453541
1655698511867664307 4840923
1655698512079821780 6431988
1655698512288960686 6560571
1655698512494507113 4514766
1655698512701773037 4520996
1655698512911683398 6113275
1655698513115576144 3380076
1655698513321476516 3289449
1655698513525558513 3631274
1655698513730816952 3868966
1655698513935374323 4174646
1655698514139318727 3375109
1655698514343105612 3420098
1655698514549749961 4234389
1655698514754070686 3719199
1655698514961796173 5291967
1655698515168109614 5019404
1655698515372979798 4421571
1655698515580393307 4080512
