1655668845271154769 180336291
1655668845481509899 6285114
1655668845782068264 92005770
1655668845998097561 9966883
1655668846203708222 4644788
1655668846411912652 4869645
1655668846616662473 3846796
1655668846827333495 5585324
1655668847037149593 8291560
1655668847251994417 3862614
1655668847463160454 6679235
1655668847674074229 4406391
1655668847882066966 5133354
1655668848089464855 3925675
1655668848301686774 4333860
1655668848506219173 4040458
1655668848709724320 3177997
1655668848913137279 3190407
1655668849119726173 3897448
1655668849329803404 8862713
1655668849539322471 6984847
1655668849744842328 4885401
1655668849953369500 5239680
1655668850161958291 5783848
1655668850371666418 5183114
1655668850593700756 11708511
1655668850797312123 3346603
1655668851006535251 3457645
1655668851213567598 3516225
1655668851422083144 5083825
1655668851629846331 3261131
1655668851837457659 4355032
1655668852042163570 4168015
1655668852247567767 4671892
1655668852455689382 3323295
1655668852665007794 5203026
1655668852878588295 11644128
1655668853091527919 5544459
1655668853300733271 4068212
1655668853508467418 5221926
1655668853723218529 5938950
1655668853929857780 6329251
1655668854143472258 4477419
1655668854351198071 3250346
1655668854557514286 5195270
1655668854767952736 3836791
1655668854977035522 3923659
1655668855183172738 2737280
1655668855392419132 4388920
1655668855602182703 6058272
1655668855809787155 5783263
1655668856016976759 5024140
1655668856226729362 7751459
1655668856436571049 3951247
1655668856641787764 4873186
1655668856846812601 4343817
1655668857051653424 4120225
1655668857275688968 20531239
1655668857481837682 5805131
1655668857686303708 3697991
1655668857892298679 3420214
1655668858097986180 3486601
1655668858303377586 3248355
1655668858508841841 3273501
1655668858712801209 3631583
1655668858918446386 3314692
1655668859124244832 3579881
1655668859328122589 3453606
1655668859531748796 3283996
1655668859737211088 3188465
1655668859941127392 3462029
1655668860146610366 3285062
1655668860350334757 3182170
1655668860553814665 3136870
1655668860757596341 3321454
1655668860961378486 3395109
1655668861167038136 3193838
1655668861372608693 3320664
1655668861578351137 3399344
1655668861782115469 3454117
1655668861986026744 3415070
1655668862191610869 5119585
1655668862399581706 7339855
1655668862619141153 8215632
1655668862826964992 3473624
1655668863035007066 4491482
1655668863246452940 5422022
1655668863455203219 8281308
1655668863665762090 7409350
1655668863874003040 5762845
1655668864079402779 5098818
1655668864286725086 4437437
1655668864491546105 4347903
1655668864696037238 4179517
1655668864904289102 4520611
1655668865112167899 5402445
1655668865321392665 5244626
1655668865527740495 2998887
1655668865733045521 2711742
1655668865939064191 2947394
1655668866143123204 3391016
1655668866350486885 3005295
1655668866554197877 3376200
1655668866760595149 2783243
1655668866967376781 3515499
1655668867175063587 4335879
1655668867380527267 3581466
1655668867587359703 4018680
1655668867794703342 3464887
1655668867998659106 3474204
1655668868203302125 4119415
1655668868407745005 4100637
1655668868614824209 4239503
1655668868818608095 3418485
1655668869022766276 3812550
1655668869229671702 4280540
1655668869436452121 5759901
1655668869646201126 5409621
1655668869850459157 3625803
1655668870054854656 4069977
1655668870262830209 4016844
1655668870468177084 4284969
1655668870679273775 6988175
1655668870885635178 3021882
1655668871089496386 3549628
1655668871295748949 3434937
1655668871501301820 3108721
1655668871704733995 3127344
1655668871908662071 3496654
1655668872113341096 3356996
1655668872320387347 3365058
1655668872524780994 4052705
1655668872729810905 4349517
1655668872935812314 3672392
1655668873143071451 4898411
1655668873349150590 5857391
1655668873556595087 4448934
1655668873761451550 4499145
1655668873968832812 4900578
1655668874175662867 3444199
1655668874379341795 2808310
1655668874585031150 4459639
1655668874790748724 3206190
1655668874996664750 3371860
1655668875202062357 3048793
1655668875407521042 3028352
1655668875611033252 2852051
1655668875814621727 2984322
1655668876017859367 2931820
1655668876221257507 2961073
1655668876426490651 2812987
1655668876631495282 2875871
1655668876836557538 2900604
1655668877039867163 2887776
1655668877243059938 2850532
1655668877471592006 3913344
1655668877679621791 4447892
1655668877883515527 3419218
1655668878087090013 3253067
1655668878294301967 3549812
1655668878501102410 6487421
1655668878710181243 6137516
1655668878917994041 3971080
1655668879123748524 4669323
1655668879330780783 3186103
1655668879535124386 4171235
1655668879743400454 4472038
1655668879949286432 4313536
1655668880157647957 5379853
1655668880373281383 15310821
1655668880583334623 9084268
1655668880788662635 4982656
1655668880994812250 5805769
1655668881203799611 4901798
1655668881412598145 7656575
1655668881619793205 3831735
1655668881877027196 54047933
1655668882083492215 6138111
1655668882297286664 4230043
1655668882503791575 6001498
1655668882710124610 5913828
1655668882921339732 7139357
1655668883128370419 6702112
1655668883336950838 3686885
1655668883547654092 8552525
1655668883754396650 3399888
1655668883962042127 2827387
1655668884166088742 3526691
1655668884373929139 4065288
1655668884580303362 5737030
1655668884788251944 3433202
1655668884996242758 4113896
1655668885205603754 5256519
1655668885415487531 5521491
1655668885624819483 5448288
1655668885831676906 5721371
1655668886037750699 5650889
1655668886247811723 8855040
1655668886452358223 4010288
1655668886663512249 7423407
1655668886870759782 5931185
1655668887079275997 5307806
1655668887289756910 5518466
1655668887498412029 7437361
1655668887706844443 4564238
1655668887916239395 5175649
1655668888126247571 3964825
1655668888333897145 3627927
1655668888540552434 3918910
1655668888748746214 3230267
1655668888953685735 4517640
1655668889156958503 3033345
1655668889360044776 2788043
1655668889563279158 2817007
1655668889766485361 2723534
1655668889969717728 2801499
1655668890174750568 2750301
1655668890380219315 3034981
1655668890583722009 3009226
1655668890788246377 4283453
1655668890994756870 6192801
1655668891205184874 7389598
1655668891418751635 10075323
1655668891630578647 10637037
1655668891838560994 4631785
1655668892046899616 5844581
1655668892254113594 4303727
1655668892458289368 3510874
1655668892662133429 3436830
1655668892866458453 3832176
1655668893073455175 6501547
1655668893277794961 3838897
1655668893481949232 3623596
1655668893686519941 4221966
1655668893892012090 3296333
1655668894097635065 3385435
1655668894303346089 3337253
1655668894509401422 3314686
1655668894715253822 3545736
1655668894919198616 3433271
1655668895123516261 3837842
1655668895329482052 3511036
1655668895535215554 3369092
1655668895738761690 3179470
1655668895944249407 3280506
1655668896147861510 3290143
1655668896351572505 3370841
1655668896557026597 3264819
1655668896760686504 3146093
1655668896966432904 3426340
1655668897170211981 3435639
1655668897375587493 3116918
1655668897581156729 3295946
1655668897786333094 3016117
1655668897991654775 3136481
1655668898194984241 3050344
1655668898398253464 2805832
1655668898603668322 4854887
1655668898809776240 5682108
1655668899016384340 3911373
1655668899222854716 3297455
1655668899426659050 3140863
1655668899632289662 3275128
1655668899837827042 3251837
1655668900043619200 3554569
1655668900249064007 3336305
1655668900452593398 3127863
1655668900658019099 3292536
1655668900863613773 3440138
1655668901067082632 3152990
1655668901272607494 3354834
1655668901476207786 3271730
1655668901681560580 3211067
1655668901885246685 3316319
1655668902091298005 3911474
1655668902295146799 2964533
1655668902499733449 3775997
1655668902706743615 3602749
1655668902916863003 3189382
1655668903120687763 3264263
1655668903325184587 4256203
1655668903538047516 4574929
1655668903746431881 4594764
1655668903955797834 4236530
1655668904164485905 4336638
1655668904373053920 4852068
1655668904583855085 3630775
1655668904792695005 5048615
1655668905002400431 9293999
1655668905210707791 4783643
1655668905424975513 9032558
1655668905635242264 9824239
1655668905844620011 5716472
1655668906052129981 6599951
1655668906262093645 5780732
1655668906475019456 4400855
1655668906679452364 4039962
1655668906885764319 3575030
1655668907090100503 3819341
1655668907293806216 3409012
1655668907498917359 4781442
1655668907705605118 3310233
1655668907909646250 3483567
1655668908117724830 4068661
1655668908323665581 3853790
1655668908528173023 3988363
1655668908734864258 3323851
1655668908940481659 5135107
1655668909145465369 4170423
1655668909354106636 4603141
1655668909559640628 5235919
1655668909768162945 7780504
1655668909972824465 4352103
1655668910182788197 7557920
1655668910388045667 4859296
1655668910598962206 8184880
1655668910810499365 7146982
1655668911018563489 7636027
1655668911234124025 8656038
1655668911445839197 7841974
1655668911660899023 12527560
1655668911871568202 7073506
1655668912095897803 9580168
1655668912305399626 8362424
1655668912521174249 5663398
1655668912732763886 4201839
1655668912946704171 6612235
1655668913161135642 4918644
1655668913372852531 9659838
1655668913582716580 3509841
1655668913788038567 3656696
1655668913993678322 4558866
1655668914202391142 3913371
1655668914409184022 2785573
1655668914612782076 3144876
1655668914818708510 2859269
1655668915024175814 2713362
1655668915228931916 4362217
1655668915433230559 3996217
1655668915640011632 3927333
1655668915845766858 3104870
1655668916050849678 2839129
1655668916254383749 3190255
1655668916460162889 2948801
1655668916663704282 3210173
1655668916867390445 3478780
1655668917075781352 4317700
1655668917282500309 6554168
1655668917489765901 4412416
1655668917700673718 7758244
1655668917907533334 3945246
1655668918114743073 6746583
1655668918324230651 4608001
1655668918531588844 3312057
1655668918741862374 7453873
1655668918945159210 2963111
1655668919148440715 2881069
1655668919354455733 3079943
1655668919559776405 2741925
1655668919764279779 4349762
1655668919968797882 3945511
1655668920175290270 4617586
1655668920382721408 3583725
1655668920586970765 3804338
1655668920792766087 3119911
1655668920998497646 3041173
1655668921204359612 3575762
1655668921408977347 3562780
1655668921616190110 4275872
1655668921824581462 3807193
1655668922030240256 3203204
1655668922235491799 2758809
1655668922439033796 3246275
1655668922643998875 2787037
1655668922847972790 3550063
1655668923052570110 4303209
1655668923259531216 6503615
1655668923469029434 4731044
1655668923674163457 4202690
1655668923880417760 3438424
1655668924085562815 4734412
1655668924292466894 4102312
1655668924499480612 3216473
1655668924703524263 3545425
1655668924909315211 2829211
1655668925112619448 2893813
1655668925316336336 3398031
1655668925523811364 3585513
1655668925731353903 3717044
1655668925935023877 3053368
1655668926139412074 3882000
1655668926352438847 9832166
1655668926558361299 2972656
1655668926763611695 2858977
1655668926969651323 3945261
1655668927173603611 2917185
1655668927377362223 3144280
1655668927582307259 2776481
1655668927790836226 4902459
1655668928000984334 9176261
1655668928215564450 11637863
1655668928425653545 9293978
1655668928644864968 14762177
1655668928859713767 4720542
1655668929075521408 11335057
1655668929295739043 12520466
1655668929512048022 7978944
1655668929721647245 9286518
1655668929929815213 6869888
1655668930143498262 7366530
1655668930353740723 5115639
1655668930560548270 6072164
1655668930767732059 3752441
1655668930974495794 5822350
1655668931180735149 5807945
1655668931391334212 5280759
1655668931600280229 5103325
1655668931809800124 4271935
1655668932014271646 4314632
1655668932226183482 5163882
1655668932433756250 3793561
1655668932637428035 2888754
1655668932842242249 3845217
1655668933046004580 3090236
1655668933250542413 4063327
1655668933453626047 2836323
1655668933659664195 3168730
1655668933866139479 4024555
1655668934072831364 6263909
1655668934281038156 3324981
1655668934488150966 5200139
1655668934697178538 8385254
1655668934903756761 6280212
