1655668998384395124 101982580
1655668998593263538 5098611
1655668998821104830 12593512
1655668999028648176 4300075
1655668999232737448 3775171
1655668999436355332 3294589
1655668999640035185 3242396
1655668999843406676 3062206
1655669000051766945 3584988
1655669000259761195 6830653
1655669000468028889 7643438
1655669000682165613 8795128
1655669000892348488 9378252
1655669001099685459 6992789
1655669001306256157 6212623
1655669001518592293 9305078
1655669001732560039 6872752
1655669001944351713 4866046
1655669002149270162 4334458
1655669002355756485 5965931
1655669002576818640 10757638
1655669002780534682 3366556
1655669002988808371 8126052
1655669003206785185 9218545
1655669003418341896 5620204
1655669003638086215 8636525
1655669003845941304 3469737
1655669004052283531 3494148
1655669004256746618 4029927
1655669004460217427 3066107
1655669004666117687 3509169
1655669004873655008 7248404
1655669005079143615 4209389
1655669005283427631 3734881
1655669005490352085 6074909
1655669005698124529 7380870
1655669005906445700 5366666
1655669006117115512 5973949
1655669006326118953 3401157
1655669006533465527 3912150
1655669006737720740 3756497
1655669006944003506 3874482
1655669007152641748 4333267
1655669007359989322 3410106
1655669007567123967 3659507
1655669007774664305 4041432
1655669007981078936 3251325
1655669008185022210 3651485
1655669008392519629 3297737
1655669008598372718 2882293
1655669008801785615 2889965
1655669009006257176 3947690
1655669009210493887 3942574
1655669009416559833 2987448
1655669009619742070 2786714
1655669009825655427 3249654
1655669010028690430 2758209
1655669010232334053 2712234
1655669010445829798 7731918
1655669010663511791 4713431
1655669010875163218 3391490
1655669011081777661 4870129
1655669011303859031 4118397
1655669011507603372 3451117
1655669011720282674 5796678
1655669011928545075 7624857
1655669012137718136 6063168
1655669012349481190 5449385
1655669012554968964 4827194
1655669012761169272 5532079
1655669012967742048 6220311
1655669013177083864 9156544
1655669013381465920 3488160
1655669013591630871 6153168
1655669013808953291 13364979
1655669014016784700 6486707
1655669014224375046 4042521
1655669014432048302 3735156
1655669014636916361 4552474
1655669014841369895 3314781
1655669015045857877 4169173
1655669015253989652 4504291
1655669015459099424 4155602
1655669015665405443 3932954
1655669015875991109 5653089
1655669016080541512 3720694
1655669016284233093 3371499
1655669016488224203 3510502
1655669016694334546 3845866
1655669016898857261 4067791
1655669017103010852 3776179
1655669017306885363 3382372
1655669017510931218 3564702
1655669017714527754 3259930
1655669017919857907 3040702
1655669018123392380 3091194
1655669018326716020 2999005
1655669018530113618 3068438
1655669018733370852 2950387
1655669018936854220 3041416
1655669019140213991 2999189
1655669019343917847 3273116
1655669019548968612 2910702
1655669019752538772 3277299
1655669019961048889 4039088
1655669020168517310 6696340
1655669020381661314 10014941
1655669020588233606 5520727
1655669020796982465 5373104
1655669021002186971 4780652
1655669021210946526 7984585
1655669021419402653 3780178
1655669021629615646 5535363
1655669021836939971 6000035
1655669022047327256 6028976
1655669022259699718 3028123
1655669022466348160 6191637
1655669022681980397 11823320
1655669022888747869 5900752
1655669023097542086 8104616
1655669023305633207 4115303
1655669023513018652 3771635
1655669023720454754 4004920
1655669023925854725 4937874
1655669024135178549 5471382
1655669024345811796 4142176
1655669024550389551 4242844
1655669024761811340 2726066
1655669024971963055 4825891
1655669025178577398 5624346
1655669025386071521 3248270
1655669025593416484 3800790
1655669025798816828 4873420
1655669026003762857 4523293
1655669026210422735 4673652
1655669026415312723 3979415
1655669026621709881 3455838
1655669026829687586 3483044
1655669027036291379 3282698
1655669027239777394 3133891
1655669027444297260 4063713
1655669027649150388 4207025
1655669027857239566 4817489
1655669028066226199 5864564
1655669028274685947 4274356
1655669028482754673 4211285
1655669028688142582 4176272
1655669028894253233 5756275
1655669029098219201 3540781
1655669029302635369 3943577
1655669029508866788 3567182
1655669029716381869 4333126
1655669029920824946 4108271
1655669030126307330 4474121
1655669030329756816 3151485
1655669030533073824 2914138
1655669030738116150 2918426
1655669030941679647 2756150
1655669031146822874 2722562
1655669031350959461 3667089
1655669031561725499 7021483
1655669031765841914 3634816
1655669031976895184 10728522
1655669032185194205 7268822
1655669032392288717 5259479
1655669032610261074 14621877
1655669032815373445 4443458
1655669033025755269 6767703
1655669033238618166 4910435
1655669033442521251 3570204
1655669033648050679 5124335
1655669033852246295 3529023
1655669034059491613 4691240
1655669034264712490 4078982
1655669034470004754 4938358
1655669034677866517 5074386
1655669034885578959 4824373
1655669035092432437 4473548
1655669035297689400 4799448
1655669035504408610 3728657
1655669035709735045 5007805
1655669035914542295 4416485
1655669036124634830 6587975
1655669036330944597 5916791
1655669036535689932 3784373
1655669036740739312 4795246
1655669036949569708 5482331
1655669037158365011 8451032
1655669037367150404 5740070
1655669037574605247 4680907
1655669037785190994 5260937
1655669037993687565 4974102
1655669038204702717 7780652
1655669038419751051 5404390
1655669038627286688 6488098
1655669038840548807 5960141
1655669039053734755 5447575
1655669039266997602 6663725
1655669039477845234 5175750
1655669039685856828 7692531
1655669039894581565 6235470
1655669040098674628 3080450
1655669040304835583 3445423
1655669040510500432 3352079
1655669040713998382 3075232
1655669040919476417 3179481
1655669041125204080 3374649
1655669041330622121 3234721
1655669041536498704 3217522
1655669041740281411 3351465
1655669041944416036 3568349
1655669042148361190 3502870
1655669042354086449 3237375
1655669042557556995 3166593
1655669042763077948 3351656
1655669042969136267 3768744
1655669043175864698 5870504
1655669043383560801 3437739
1655669043587741165 3740662
1655669043792152525 3653101
1655669043997767042 3173927
1655669044201456509 3347369
1655669044407072325 3301584
1655669044610846929 3293365
1655669044814459232 3251751
1655669045018218122 3276587
1655669045222097206 3421978
1655669045427766310 3294524
1655669045633352770 3266189
1655669045837081851 3280638
1655669046040909473 3313002
1655669046244202954 2866715
1655669046447534462 2834597
1655669046650812318 2757870
1655669046856127084 3035818
1655669047059495426 2975517
1655669047268063095 6307235
1655669047474323799 5616092
1655669047681318526 5992236
1655669047884865458 3130394
1655669048088410477 3058289
1655669048291673753 2857307
1655669048497014954 3188483
1655669048702219223 3030901
1655669048907893392 2981759
1655669049110977059 2779500
1655669049316411508 3096642
1655669049519702449 2881430
1655669049724637635 2801016
1655669049928017410 3032253
1655669050139979222 8258544
1655669050347560145 5135571
1655669050560348495 9414428
1655669050770706207 3787591
1655669050981599878 4364739
1655669051188545687 5510437
1655669051410880737 14583346
1655669051619489184 3359114
1655669051830059824 5690071
1655669052042677733 5332172
1655669052256388119 4947936
1655669052465320110 8371630
1655669052677157743 7920089
1655669052891791109 5110852
1655669053105420860 5396810
1655669053309733386 3735526
1655669053520808498 6176920
1655669053730528909 6885889
1655669053947571555 7509499
1655669054155200649 6270703
1655669054368464382 9565677
1655669054576422646 7631488
1655669054784518439 7692291
1655669054995650428 6483215
1655669055204238425 7317228
1655669055416210851 5959057
1655669055627852680 4517130
1655669055840739537 6053668
1655669056049289801 4004701
1655669056257627508 7698248
1655669056469609635 7445236
1655669056686624489 8693708
1655669056899761635 5570925
1655669057110980054 4261683
1655669057318812875 5881653
1655669057527748034 4473979
1655669057735048759 5856821
1655669057944258692 6504196
1655669058153757411 3080496
1655669058361948507 3269166
1655669058566726006 4222432
1655669058777777435 5474929
1655669058985976867 3997839
1655669059190457840 3700363
1655669059395470842 4548278
1655669059603764591 4574800
1655669059813042864 3845779
1655669060018822588 5287640
1655669060229557590 5069675
1655669060436300374 5381287
1655669060643084989 6247566
1655669060855971217 6744177
1655669061064791863 5834919
1655669061277319187 4923471
1655669061486365272 8444640
1655669061698585430 11658471
1655669061908215811 6671120
1655669062113324579 4406560
1655669062318706439 4971760
1655669062526810085 3790947
1655669062734046620 4730663
1655669062940915937 3360524
1655669063146131140 4159765
1655669063354680532 3952193
1655669063558475274 3190391
1655669063761715222 2777304
1655669063966851258 3003677
1655669064172487904 2917105
1655669064378008138 3030859
1655669064583560699 5237701
1655669064788635202 2826697
1655669064992105445 2958788
1655669065195748680 3156253
1655669065400429741 3634422
1655669065607749379 3783297
1655669065817213970 6227427
1655669066026156632 5965341
1655669066232787881 4490339
1655669066441274900 3594972
1655669066648037148 3119175
1655669066852992561 4407895
1655669067061232525 2999417
1655669067267709630 2901454
1655669067474296248 3183710
1655669067681172796 3379400
1655669067885823270 3938461
1655669068094803040 4944303
1655669068298826103 3039144
1655669068505325495 3152272
1655669068709081622 3410123
1655669068913281142 3865688
1655669069120601439 3929225
1655669069324819444 3776152
1655669069529140920 3548661
1655669069732517355 2961972
1655669069935953675 3007495
1655669070139819558 3002110
1655669070345006160 2988444
1655669070550590051 3022209
1655669070753684457 2783620
1655669070957675092 2581151
1655669071164782965 4590766
1655669071377676320 10955893
1655669071587691828 5224435
1655669071796653918 8247174
1655669072003012248 6076346
1655669072212483841 7081187
1655669072424397697 4786836
1655669072630856199 5925125
1655669072842644165 7063025
1655669073047361837 4429144
1655669073253431684 3384745
1655669073457751576 3334502
1655669073661476580 3521128
1655669073872684615 7000873
1655669074080255661 6804169
1655669074285708696 4753438
1655669074495079552 4997308
1655669074702336587 3557586
1655669074910732851 4231786
1655669075121935903 4282242
1655669075329523286 4337379
1655669075540031721 9114851
1655669075749240426 8223761
1655669075958018430 6062240
1655669076172307621 9377643
1655669076382730273 9931760
1655669076591366905 7354374
1655669076795790646 3885879
1655669077009131180 7175877
1655669077218468393 8272885
1655669077429762673 7332385
1655669077641951451 11112685
1655669077865344444 13657513
1655669078075119478 9471221
1655669078283795572 5219202
1655669078495773621 4023992
1655669078706163609 6223037
1655669078920735990 6191982
1655669079129836003 5890473
1655669079343924841 12989963
1655669079548631248 4386478
1655669079753861696 3922652
1655669079960098138 3969277
1655669080167998434 4690359
1655669080374595477 4308121
1655669080578791033 3845341
1655669080783364677 3455529
1655669080988054859 3728990
1655669081194209224 3884191
1655669081398540375 3911518
1655669081602533324 3598809
1655669081808566306 3852918
1655669082016641733 5016868
1655669082220835462 3855818
1655669082430183953 6097463
1655669082637741494 4811350
1655669082845053801 5298092
1655669083052725235 4058129
1655669083258719086 4791811
1655669083464485783 3117825
1655669083668521457 3021780
1655669083872198759 3060232
1655669084077570882 3038562
1655669084281307661 3297606
1655669084487000754 3210785
1655669084693694569 3726739
1655669084904580537 6593962
1655669085113498747 8477185
1655669085318749554 4939316
1655669085522454430 3223712
1655669085727976631 3228344
1655669085934016086 3313134
1655669086139556679 3369924
1655669086345230942 3375093
1655669086549428065 3647516
1655669086754790360 3207808
1655669086958392842 3264594
1655669087162090555 3292606
1655669087382126948 17698400
1655669087587530569 3262385
1655669087792849930 3173482
1655669087996447853 3245268
1655669088201819239 2998263
