1655696485089889951 195708316
1655696485311266053 4031632
1655696485571007341 57398677
1655696485806747537 34794951
1655696486047922884 26255148
1655696486269236119 10579334
1655696486488531349 5024858
1655696486696039955 6511954
1655696486907522196 3753537
1655696487113693879 3935391
1655696487318535673 4573815
1655696487528431463 7749385
1655696487740366457 6299716
1655696487949363588 4928276
1655696488157630310 4128766
1655696488362290447 3725965
1655696488570629386 4401732
1655696488787933752 7915917
1655696489001975873 7919510
1655696489214817773 4667541
1655696489427531020 3997073
1655696489637985739 4100549
1655696489848611415 2618588
1655696490055274686 2909486
1655696490263987894 4879590
1655696490473649419 3402620
1655696490683331620 3687492
1655696490889585938 5369363
1655696491098331266 4736967
1655696491304177077 4972335
1655696491509210697 4726392
1655696491717494707 7420301
1655696491920902802 3124259
1655696492124687833 2854240
1655696492327759043 2820530
1655696492532079187 3877269
1655696492737001991 3585377
1655696492942164873 4577827
1655696493147556274 4354217
1655696493354634140 3924480
1655696493559139684 3608336
1655696493768642976 7259684
1655696493972716558 3593765
1655696494178422814 2960424
1655696494392571153 6874112
1655696494601655854 5867439
1655696494809907077 3897482
1655696495019364936 5341703
1655696495224561692 3715557
1655696495435732326 4058304
1655696495646088185 4553587
1655696495862926756 6001667
1655696496077277671 5466746
1655696496283513200 3124377
1655696496489223978 3153741
1655696496694999479 3379701
1655696496900475143 3297468
1655696497104295420 3332018
1655696497307947138 3177817
1655696497513236425 3061201
1655696497716472019 2923111
1655696497919491644 2739120
1655696498124629592 2857594
1655696498327719980 2799155
1655696498530557628 2629207
1655696498735486978 2762355
1655696498939229049 3287397
1655696499146078746 4772101
1655696499351597282 4279960
1655696499560688676 4414344
1655696499769635307 4095629
1655696499983289086 6044445
1655696500190270950 5340501
1655696500398820299 4246966
1655696500609389364 3318620
1655696500814394047 4457485
1655696501023549099 3537141
1655696501235119365 5366825
1655696501443047239 3572498
1655696501652009595 4869090
1655696501859126637 5676332
1655696502067367620 6996666
1655696502271017044 3350340
1655696502474643543 3211220
1655696502679320757 4389451
1655696502885856495 5931682
1655696503097915505 6005483
1655696503306810727 6887165
1655696503523285018 6711236
1655696503733617332 3626366
1655696503939486373 4499130
1655696504146196157 5680520
1655696504354756836 4397752
1655696504562677583 4342810
1655696504773648353 6407629
1655696504979292770 4905706
1655696505189343174 6343934
1655696505397520613 4444677
1655696505602673452 4824663
1655696505806767762 3781216
1655696506016360331 3506721
1655696506222682385 3118323
1655696506427441131 3609466
1655696506632524940 4209691
1655696506842922865 5504692
1655696507051297915 4898214
1655696507257802271 3851076
1655696507461650688 3332482
1655696507669171432 5134886
1655696507874575499 4645629
1655696508080237016 5228833
1655696508287513676 4618752
1655696508492952736 4696640
1655696508699064809 5092956
1655696508907814439 6193953
1655696509115789185 7657679
1655696509324572057 5822815
1655696509533565595 4103295
1655696509738150138 4249918
1655696509946469879 4212368
1655696510150414668 3488227
1655696510353756786 3043733
1655696510556711424 2779779
1655696510762147925 3432981
1655696510967776607 3490993
1655696511172383658 3661397
1655696511376286725 3640511
1655696511580512063 4091875
1655696511786626679 4674785
1655696511990692299 3692029
1655696512199692356 5405141
1655696512406359170 4427704
1655696512612675961 6000594
1655696512819781424 3208522
1655696513026764916 5828298
1655696513233581856 6588776
1655696513440609403 4181161
1655696513646809077 5835973
1655696513852210573 4669886
1655696514061289145 6827822
1655696514267231536 5480556
1655696514481813214 10865250
1655696514691398746 3458693
1655696514897940913 3299177
1655696515101676572 3376439
1655696515321649630 14279858
1655696515526410069 4455642
1655696515733721341 5757563
1655696515943391012 6166902
1655696516150333630 3203728
1655696516354472965 3767760
1655696516561188657 3333433
1655696516766198686 4227556
1655696516973446709 3774341
1655696517200810151 16049473
1655696517404235752 3285410
1655696517607809350 3110020
1655696517812082490 4139928
1655696518015844295 3460900
1655696518222743598 4187922
1655696518427684978 3757338
1655696518633414384 3656077
1655696518841013502 4242308
1655696519045713691 4280429
1655696519249065475 3026936
1655696519452428122 2901442
1655696519657458176 2912201
1655696519862704059 3011910
1655696520066066993 2967160
1655696520271344158 3023546
1655696520477310291 3508089
1655696520681749005 4017248
1655696520890634925 3796676
1655696521108099746 7753441
1655696521321846736 4638187
1655696521534116499 5189147
1655696521742270347 7331634
1655696521950806492 7887483
1655696522154753626 3507193
1655696522358511920 3584546
1655696522564834547 3565906
1655696522769186004 4030810
1655696522973749813 4227514
1655696523185799737 7397279
1655696523395125137 3593424
1655696523601674181 5510331
1655696523809933476 4990001
1655696524018093459 7166464
1655696524227558937 5511835
1655696524438427216 5318833
1655696524645268062 6219744
1655696524849674457 3726084
1655696525060798914 6878930
1655696525274568448 9025668
1655696525486737182 6308049
1655696525699592683 12654582
1655696525908586665 8458985
1655696526120726089 6445824
1655696526330731761 9350833
1655696526541133939 4694350
1655696526749765049 3423976
1655696526962363853 6289721
1655696527177035342 9924650
1655696527388766644 8318162
1655696527596032729 5716903
1655696527808683957 4607337
1655696528019699134 9767462
1655696528227456734 4523294
1655696528435214479 3931726
1655696528640783823 4830055
1655696528852323733 6819328
1655696529057994132 4265215
1655696529266851426 4444572
1655696529472096137 4905831
1655696529683126795 4914780
1655696529888686741 4718051
1655696530098621913 6838867
1655696530305388724 5456462
1655696530513185794 5246207
1655696530723517534 6599096
1655696530929464451 5631828
1655696531134781664 4808292
1655696531347533045 9132566
1655696531555236253 4792401
1655696531760266645 4303868
1655696531966695887 3090869
1655696532172615319 3848684
1655696532379848554 3619724
1655696532586222558 6045819
1655696532793263881 6649882
1655696532997929768 4193345
1655696533206451637 4827589
1655696533410233078 3431549
1655696533613958418 3304609
1655696533819582871 3277455
1655696534025036876 3322169
1655696534228663559 3306837
1655696534434264463 3222442
1655696534642133258 4300475
1655696534847681880 5237477
1655696535051721701 3700589
1655696535256121986 3482492
1655696535460026212 3482964
1655696535665506622 3322693
1655696535871138216 3473524
1655696536077028091 3787173
1655696536283178290 3958662
1655696536488933687 3587878
1655696536694551634 4606159
1655696536901405527 3220771
1655696537106296459 4263747
1655696537314648998 4023099
1655696537519865983 4745850
1655696537725745820 5421455
1655696537929735115 3665327
1655696538136926161 4169057
1655696538342831217 4895690
1655696538548837158 5603476
1655696538753701153 4535114
1655696538959099133 4399376
1655696539162842549 3282165
1655696539370747611 5418461
1655696539575556473 4471229
1655696539781681949 3930000
1655696539985587438 3491519
1655696540191621719 3811810
1655696540395811783 3868349
1655696540600262658 3428444
1655696540803913651 3290563
1655696541007786562 3407870
1655696541213616928 3620960
1655696541417428053 3642344
1655696541623522454 3902631
1655696541828407026 4461839
1655696542036261090 7334335
1655696542243394350 6055104
1655696542449706944 4799768
1655696542653193482 3075474
1655696542856691251 3080303
1655696543061771134 3044419
1655696543265655533 3447213
1655696543470918662 3135985
1655696543674563829 3342294
1655696543878464430 3506916
1655696544088265222 4571482
1655696544296580511 3981054
1655696544504472782 3444384
1655696544714574933 6752180
1655696544927726828 7442720
1655696545137043122 7095980
1655696545348140443 3914094
1655696545554656495 3101417
1655696545764488403 6344950
1655696545978285434 6333038
1655696546195546959 15119374
1655696546405546546 5842542
1655696546619991568 11531570
1655696546824559914 4245741
1655696547031752380 4043357
1655696547235682101 3135920
1655696547439199941 3120980
1655696547642604144 2866314
1655696547846471476 3551508
1655696548054076223 4425515
1655696548259739425 3545758
1655696548466826449 4162284
1655696548675152586 4548254
1655696548883801412 5002953
1655696549090203634 4549596
1655696549299007258 4266910
1655696549506097099 3610269
1655696549712607631 3423202
1655696549916670946 3317857
1655696550122562803 5495141
1655696550326853189 3501116
1655696550534691424 4405646
1655696550742662207 4376524
1655696550950551863 4185781
1655696551157179450 3122587
1655696551361375932 3695085
1655696551568323084 3095301
1655696551773149974 3738963
1655696551979857605 3513386
1655696552190846354 8092451
1655696552397666146 5988956
1655696552605784711 5128486
1655696552819407727 5141374
1655696553030476619 4384849
1655696553241929378 8084391
1655696553451133089 3621183
1655696553661575546 5213990
1655696553870518149 5206329
1655696554081692188 9308167
1655696554288585771 5635704
1655696554496645305 4424182
1655696554703658483 3436050
1655696554910731998 3310776
1655696555118010307 3678145
1655696555324306183 4556920
1655696555531614063 3795297
1655696555737547722 5233514
1655696555944556364 6624757
1655696556151672739 3996404
1655696556356403745 4476702
1655696556563688216 4433332
1655696556770798075 4220867
1655696556974249595 3254513
1655696557179947901 5385644
1655696557388736470 4681161
1655696557597426191 7456723
1655696557803354307 5492826
1655696558010925581 4899476
1655696558215830206 4518901
1655696558421006583 4792157
1655696558629630943 4980027
1655696558833702714 3752749
1655696559037687011 3062069
1655696559241298367 3292734
1655696559445115848 3277029
1655696559648678029 3089926
1655696559852005118 3058395
1655696560057347110 3708574
1655696560266438848 5573880
1655696560472677080 4740583
1655696560683314576 4509109
1655696560893824117 3700128
1655696561104023090 5826519
1655696561309448613 5117776
1655696561517344779 4123160
1655696561725059025 4412186
1655696561932782048 3604149
1655696562143391950 7272724
1655696562355090091 5429850
1655696562560733691 5232917
1655696562770213781 6037694
1655696562980682771 8760844
1655696563196728295 7344952
1655696563410836980 7064138
1655696563617525815 4774270
1655696563826049666 8097197
1655696564032652372 6286713
1655696564244978687 9725999
1655696564461122013 12542219
1655696564672168612 10595791
1655696564887099433 7836921
1655696565097552813 4621619
1655696565307314311 3755122
1655696565512436779 4710280
1655696565720825036 3209942
1655696565927469960 4608130
1655696566136625515 7703244
1655696566351429467 14445229
1655696566558693239 3165730
1655696566767408770 5198172
1655696566976813564 8861809
1655696567182867716 5038076
1655696567386676116 3343651
1655696567600450382 7938536
1655696567806359829 3699728
1655696568018342777 6735612
1655696568230146466 8425638
1655696568437398924 5464159
1655696568646733864 4757627
1655696568856061388 5480421
1655696569061621273 4672804
1655696569266736147 4766309
1655696569477724757 8081946
1655696569688548924 5500754
1655696569894753467 4821157
1655696570105540196 5042790
1655696570317202186 3636492
1655696570524383973 6440891
1655696570735029967 4278691
1655696570943241828 4421292
1655696571147290658 3617831
1655696571351491064 3836789
1655696571556629629 4617585
1655696571765574512 7636185
1655696571978528951 6037887
1655696572184981522 5546901
1655696572397907606 7015211
1655696572609904366 5624312
1655696572818800989 5492516
1655696573024040675 4627170
1655696573233540281 4210675
1655696573441548126 4053497
1655696573645660824 3445046
1655696573850063707 3436005
1655696574053987370 3022567
1655696574257816542 3285606
1655696574465397103 4472235
1655696574669614710 3757599
1655696574877444757 5181750
