1655669152094590927 77675401
1655669152399412357 101349549
1655669152613479155 10473296
1655669152823503283 6227482
1655669153032511959 4273187
1655669153239913171 3989715
1655669153444384197 4163767
1655669153651728720 6996156
1655669153857504651 3753272
1655669154062536636 4698474
1655669154279435332 15496112
1655669154489728755 9254589
1655669154695361940 4945075
1655669154902190311 4173272
1655669155107826328 3892272
1655669155319744737 6382476
1655669155534343084 9361783
1655669155744700317 9915268
1655669155960246943 11598612
1655669156182367429 18861171
1655669156394814834 4146744
1655669156600683110 4872358
1655669156807480132 3389256
1655669157013532349 3256872
1655669157219267600 5222485
1655669157428104812 5786297
1655669157642207411 3973885
1655669157853490621 4287662
1655669158061607884 6673506
1655669158270722990 2789599
1655669158477050872 3593530
1655669158681401810 3912125
1655669158888276028 3095153
1655669159092626770 3240314
1655669159297785355 3823085
1655669159503654650 2886523
1655669159707440327 3512851
1655669159910925251 3193732
1655669160117941323 4286275
1655669160323296366 4828267
1655669160528154182 4515656
1655669160731764295 3149177
1655669160936646951 2631439
1655669161143708477 4114961
1655669161347688539 3031050
1655669161559415245 6864600
1655669161769082084 4793836
1655669161978053875 7064433
1655669162185166035 3426051
1655669162394576185 2821634
1655669162602453126 3906837
1655669162807123970 3869635
1655669163013226325 4921042
1655669163240607003 11371558
1655669163454359862 9621562
1655669163667580895 12370382
1655669163876326968 4200718
1655669164084554773 4383402
1655669164289761353 4854608
1655669164493322262 3188360
1655669164699769621 3979678
1655669164906863185 4615782
1655669165111631814 4135049
1655669165320397846 5003680
1655669165531821675 5729457
1655669165736683190 4105541
1655669165942483772 4979003
1655669166154684657 5073542
1655669166363038189 4083334
1655669166571062202 4048868
1655669166782300505 4321795
1655669166986381657 3643732
1655669167193628278 4301946
1655669167397763078 3371878
1655669167606750295 4892271
1655669167811920537 4613937
1655669168018656873 5739087
1655669168236989780 11614078
1655669168441180087 3234832
1655669168644728840 3047277
1655669168850734417 3442172
1655669169056306811 3239843
1655669169260475773 3647732
1655669169464118521 3301866
1655669169668153031 3680320
1655669169873631593 3683350
1655669170081020558 3859995
1655669170285011361 3430245
1655669170488821775 3454581
1655669170694836872 3654204
1655669170898690617 3468059
1655669171103007552 3750668
1655669171306583324 3146924
1655669171517591825 5606156
1655669171729469240 4915451
1655669171940267998 4964763
1655669172151655503 3663183
1655669172361089686 8021795
1655669172570725345 6527273
1655669172781371561 8533240
1655669172989780194 4866840
1655669173204409651 14430752
1655669173415759909 8187599
1655669173621716659 5779613
1655669173829752823 5498912
1655669174033667813 3706971
1655669174238044620 3412530
1655669174443823031 4888056
1655669174651656379 4374846
1655669174871790592 12838837
1655669175078796126 5508173
1655669175294189098 7083113
1655669175500686002 5705871
1655669175710799154 9233343
1655669175919742424 5330260
1655669176128761806 7781120
1655669176345617297 15896362
1655669176550992194 5012149
1655669176757345341 4867528
1655669176964597018 4099402
1655669177171307037 5311109
1655669177376835009 5182034
1655669177586668908 5418604
1655669177792327389 5199925
1655669177997294478 4464071
1655669178201531370 3525754
1655669178407032268 5044152
1655669178614497466 4179378
1655669178821525828 5753728
1655669179032329235 4681193
1655669179239442940 6796547
1655669179449545904 5343379
1655669179657757245 4358131
1655669179862407837 4183912
1655669180067743533 4891374
1655669180275727440 3691878
1655669180481361929 3399551
1655669180684992851 3190303
1655669180893043298 3774085
1655669181097259619 3340226
1655669181303476130 3580678
1655669181507439401 3617493
1655669181732245139 14944269
1655669181940686350 4367125
1655669182147411019 3416535
1655669182353128283 3428285
1655669182557082753 3589805
1655669182760762584 3247659
1655669182966125380 3322429
1655669183175134355 8679987
1655669183382505197 3850590
1655669183586562008 3649187
1655669183796186751 9217024
1655669184002558915 4143510
1655669184206438857 3552279
1655669184412300196 3639921
1655669184618001507 3389509
1655669184823535337 3227948
1655669185026771440 3064309
1655669185232185426 3141447
1655669185435371967 2706847
1655669185642062744 3127340
1655669185848825108 3658933
1655669186059269230 4985905
1655669186267854862 6923183
1655669186476470344 3991351
1655669186684311705 3336529
1655669186890835664 5902033
1655669187096755139 4845141
1655669187306169312 6911649
1655669187511197811 4537172
1655669187715479049 3768835
1655669187922489145 4681857
1655669188126229888 3293811
1655669188331593844 3172624
1655669188537532370 2990933
1655669188745507665 4305832
1655669188953263575 3445575
1655669189163437515 5125723
1655669189382756697 13287792
1655669189589792196 4176397
1655669189793578303 3352160
1655669189997731008 3164576
1655669190203168403 3103184
1655669190406940739 3335369
1655669190610606474 3229589
1655669190814010058 3035498
1655669191017671835 3210588
1655669191221188817 2976824
1655669191426445215 2911283
1655669191629566237 2628568
1655669191834631696 2795465
1655669192038177479 3003448
1655669192242402538 3734109
1655669192448734952 4169611
1655669192652765557 3522567
1655669192858684626 3440436
1655669193061974777 3026490
1655669193269219881 4806008
1655669193473391920 3603821
1655669193677043130 3309563
1655669193881443368 4090058
1655669194085262102 3507683
1655669194293045043 5464430
1655669194498472143 3097008
1655669194703938556 3172481
1655669194909457687 3145626
1655669195114849543 3152954
1655669195318512759 3162919
1655669195524029466 3273347
1655669195729402136 3044825
1655669195932632078 2889991
1655669196138083288 3078461
1655669196342620289 4030707
1655669196546045227 3088591
1655669196751206803 2857215
1655669196956522366 3077647
1655669197159986583 3148613
1655669197363506519 3198488
1655669197570419992 5479538
1655669197778995621 7065527
1655669197989370228 5366171
1655669198200477210 5047599
1655669198406366683 4245909
1655669198613534574 4337651
1655669198824535463 7179099
1655669199034387903 4840007
1655669199241555801 5742600
1655669199449560122 3989774
1655669199657353997 4405346
1655669199867495922 6088820
1655669200072509253 3563420
1655669200278552260 2861311
1655669200487432653 3202526
1655669200694223687 4076147
1655669200900853202 2806603
1655669201110685219 5190125
1655669201319694531 8722320
1655669201534329513 6851588
1655669201744159051 6212702
1655669201966753999 14525755
1655669202179469472 7270791
1655669202388033652 7103864
1655669202597722523 8698042
1655669202810572032 9324038
1655669203019405053 6479666
1655669203233607593 10451865
1655669203440124096 4154821
1655669203647433384 4232216
1655669203857486533 6700217
1655669204071199191 6259489
1655669204291497624 5327944
1655669204497110091 4494389
1655669204705767814 4535656
1655669204913464145 3749185
1655669205117838617 3575007
1655669205322489848 4516182
1655669205532519961 6111366
1655669205744706458 3356205
1655669205954726328 4762241
1655669206161253168 5319053
1655669206369904191 8192619
1655669206581643001 8552347
1655669206789689614 7691665
1655669206998543387 7563307
1655669207206570426 7103282
1655669207413570605 6162255
1655669207620456630 4186137
1655669207826735043 5580494
1655669208031566292 3811503
1655669208245589838 8583337
1655669208459838943 4285287
1655669208669205943 4456130
1655669208880681321 9760422
1655669209086720485 3747783
1655669209293794626 4637860
1655669209500590122 3937702
1655669209714516654 8146816
1655669209920730845 5787919
1655669210127577739 6332336
1655669210332431969 4455160
1655669210537394238 4416340
1655669210742669073 4483011
1655669210950150094 4609292
1655669211154389186 3610534
1655669211360671719 3562460
1655669211566839981 5892668
1655669211777863278 7832951
1655669211983834911 4407956
1655669212187925649 3732803
1655669212391337566 3239515
1655669212595984659 4053234
1655669212802937219 3756438
1655669213009270574 3945375
1655669213219497981 6454216
1655669213424374265 4584651
1655669213631283647 5875770
1655669213836370506 4615785
1655669214042355283 4971576
1655669214246200143 3536832
1655669214454009195 5577758
1655669214661364535 6651036
1655669214871769338 7681144
1655669215077775985 5766100
1655669215282784414 4791616
1655669215488161615 4859939
1655669215698467484 9265510
1655669215905324055 3815208
1655669216110455645 4214334
1655669216314978553 4121479
1655669216526039068 7614335
1655669216739741496 5526897
1655669216949481562 8766561
1655669217156414332 4094987
1655669217362521440 4993259
1655669217566308524 3501283
1655669217773575803 5028535
1655669217981491441 4738935
1655669218189711068 5017509
1655669218398589918 5989927
1655669218605480274 6535384
1655669218814756252 4491058
1655669219022071285 4404149
1655669219230161274 4144836
1655669219438488455 4219417
1655669219648548165 8626265
1655669219855101307 4167293
1655669220070501798 8013948
1655669220278646790 6913156
1655669220491557790 11610455
1655669220699790053 6767901
1655669220905737115 4878847
1655669221111510460 3143117
1655669221314702736 2903158
1655669221523718265 6010062
1655669221734492152 9973358
1655669221949377128 7033545
1655669222157818596 7319976
1655669222365091253 4404906
1655669222574477198 3631979
1655669222783650524 4836499
1655669222989120770 4349297
1655669223199434795 9567119
1655669223402943385 3182285
1655669223608744014 3313840
1655669223814934897 5524694
1655669224022676205 5397934
1655669224226271487 3338287
1655669224430371290 3389389
1655669224635795273 3029980
1655669224842752342 4379663
1655669225047471897 4115745
1655669225250710596 2765429
1655669225454002221 3055030
1655669225659214390 2917194
1655669225865181011 3093460
1655669226078222126 7998198
1655669226285410047 4444432
1655669226492592967 4794995
1655669226697207232 4265233
1655669226904489480 3342203
1655669227112046409 3235404
1655669227317968011 3451447
1655669227523676361 2854176
1655669227729159594 3015333
1655669227932814899 3144989
1655669228138076960 3039032
1655669228342611893 4118815
1655669228549946250 5010309
1655669228763015376 5601204
1655669228972507295 8577912
1655669229186484944 7176670
1655669229395458025 4706890
1655669229606112145 6171354
1655669229816408761 5656740
1655669230025548347 4129335
1655669230230633132 3869287
1655669230437569555 5623790
1655669230642508948 4184906
1655669230848774051 3671735
1655669231054843315 3835519
1655669231262373108 3306270
1655669231468852240 3753608
1655669231677495670 5155305
1655669231883454610 5503373
1655669232089081071 4996056
1655669232295972995 5852795
1655669232500619173 3990061
1655669232706457132 3556591
1655669232911074162 4012167
1655669233115121472 3648514
1655669233321893931 4534683
1655669233525771700 3512981
1655669233731888869 3606220
1655669233937770881 3460484
1655669234143739165 5678005
1655669234348055646 3882125
1655669234554241905 3360400
1655669234760391648 3388708
1655669234967579601 4789932
1655669235173226196 4579023
1655669235377562579 3667876
1655669235582892237 4573282
1655669235786373136 3171579
1655669235991936182 4996926
1655669236206984496 14053316
1655669236414763443 4968549
1655669236622509515 4605364
1655669236831345822 3192519
1655669237035570547 3898314
1655669237241447594 3122341
1655669237445199893 3443532
1655669237653395901 5623447
1655669237857434404 3487210
1655669238064525386 3442113
1655669238274826511 7197788
1655669238480114799 4848827
1655669238687442023 3707891
1655669238894180229 3488525
1655669239100555755 3748649
1655669239306376734 2993122
1655669239509719404 3028756
1655669239713311220 2936113
1655669239918506177 3000850
1655669240123860160 2864337
1655669240329170794 3073441
1655669240534393719 2947279
1655669240737491387 2761316
1655669240942977335 5057216
1655669241149236634 5186344
1655669241358817480 5459370
1655669241569334110 3996846
1655669241777936746 6753183
1655669241987504217 8399712
