1653844732588076553 1
1653844732773435034 2
1653844736174318778 3
1653844736982474504 4
1653844741286350349 5
1653844742587409835 6
1653844743398381037 7
1653844744087439223 8
1653844745403300188 9
1653844746488994359 10
1653844747382209816 11
1653844751085627055 12
1653844755700487528 13
1653844756472188151 14
1653844760083441510 15
1653844760890175845 16
1653844761688707873 17
1653844762107195689 18
1653844762896657336 19
1653844763269752771 20
1653844764371461733 21
1653844765006250256 22
1653844765396494181 23
1653844765796769363 24
1653844766511330935 25
1653844766890744957 26
1653844767286429443 27
1653844767676203969 28
1653844768006201960 29
1653844768772481350 30
1653844769103471506 31
1653844769473470830 32
1653844769874470691 33
1653844770269793687 34
1653844770602745629 35
1653844771375538456 36
1653844771772474480 37
1653844772693755250 38
1653844773547259949 39
1653844774290973880 40
1653844775087462582 41
1653844775875440211 42
1653844776541739339 43
1653844776870797683 44
1653844777198403179 45
1653844777910532145 46
1653844779087255284 47
1653844779897736184 48
1653844780278006380 49
1653844780616357297 50
1653844780992581966 51
1653844781380950694 52
1653844782128982497 53
1653844782944510595 54
1653844783963453058 55
1653844784869509636 56
1653844785106249473 57
1653844785475358449 58
1653844786373898974 59
1653844786695502234 60
1653844787077596816 61
1653844787471492890 62
1653844787805583205 63
1653844788869473532 64
1653844789169943889 65
1653844789476371113 66
1653844789787515621 67
1653844790570112001 68
1653844790900937639 69
1653844791631132754 70
1653844792761081242 71
1653844793072531372 72
1653844794012622466 73
1653844794871558555 74
1653844795729016404 75
1653844795999889138 76
1653844796719463150 77
1653844797084292045 78
1653844797475530340 79
1653844797869524586 80
1653844798182960133 81
1653844798569487523 82
1653844798877062205 83
1653844799775440847 84
1653844800106464175 85
1653844800505539405 86
1653844800870942992 87
1653844801271628046 88
1653844801607271972 89
1653844802588809515 90
1653844802971002139 91
1653844803369555362 92
1653844803670393016 93
1653844803981124921 94
1653844804303422130 95
1653844805341593443 96
