1654580190623682918 14929488
1654580191117661036 87554495
1654580192308797072 6704717
1654580193093190895 100903404
1654580193446853804 47371527
1654580193967569445 39373687
1654580194014302963 46415918
1654580194911166422 103110783
1654580195351089498 3349786
1654580195813187162 75102446
1654580196703509582 106152824
1654580196802966030 82971003
1654580196821770445 18172896
1654580197719060928 86659647
1654580198625419952 105816860
1654580198718196310 80897833
1654580199925254083 100834735
1654580201127476639 107548911
1654580201197206823 69404743
1654580201837352621 4330512
1654580202137061108 20904136
1654580202142072120 4377940
1654580203813317546 72231252
1654580203906570514 92983868
1654580204000166104 93329921
1654580204536248804 20481661
1654580204604741054 68182875
1654580206201087372 80984349
1654580206744809364 28952418
1654580207442807320 36020848
1654580207523853861 31013393
1654580208402566356 86130324
1654580208730088434 29065568
1654580208809205942 78853569
1654580209501803776 100703670
1654580211042369110 23239347
1654580211120885523 13973130
1654580211526450075 80359679
1654580212605247634 79044353
1654580213641215849 117182811
1654580215019209618 98380888
1654580215332518309 21017150
1654580215721376284 81276958
1654580215828235170 30624943
1654580216530960134 9245168
1654580216535894315 4613737
1654580216545630762 8778578
1654580217493418341 91409408
1654580217530866195 37145885
1654580217832081035 32070025
1654580217927827795 95488793
1654580218317293485 114904766
1654580218330678025 13092800
1654580218335065310 4097654
1654580220420022815 112837689
1654580221236912355 21776093
1654580222721113309 28067252
1654580222810775754 81973325
1654580223719054144 87600129
1654580224631012859 106773699
1654580225505301636 13033010
1654580226508973234 211590471
1654580226817349009 14744896
1654580227993400917 74143584
1654580228017872581 22542535
1654580229193470106 157396134
1654580229931090350 31296152
1654580230616918321 5229985
1654580232540128435 23885189
1654580232610835723 69594676
1654580232631707273 19891138
1654580233529470469 37179632
1654580233604638361 3943188
1654580234330455639 26499730
1654580235209012865 96773412
1654580236028661661 96890684
1654580236093581927 63920604
1654580236113283583 18578853
1654580236992611873 150475405
1654580238995083034 88036618
1654580239699505457 6333022
1654580241246649119 18556073
1654580241793429706 65938069
1654580241818476883 24694423
1654580242430925442 29621664
1654580242904911497 63827696
1654580243230141004 24937334
1654580244104613329 10269891
1654580244705862016 62391111
1654580244725594845 18738279
1654580245600717434 85616118
1654580246734118891 39069758
1654580247599272257 87172700
1654580249005131293 95879139
1654580249226796409 20598636
1654580249917765545 24017106
1654580250498450314 106177807
1654580251228643258 31340899
1654580252292645813 93270676
1654580253024809846 118815628
1654580253840385584 38670220
1654580255638490205 4614190
1654580256607899870 14136755
1654580257603485775 104478526
1654580258902775975 68693464
1654580258926956262 23053800
1654580258993532282 66272731
1654580260893440147 70142414
1654580261238345274 29346249
1654580261410310826 96555117
1654580262016910400 71287279
1654580263394416644 63416035
1654580264293516355 83452619
1654580264320025594 25446246
1654580265113056751 83960193
1654580266323647400 87623917
1654580266500899156 167204351
1654580267838111450 96088486
1654580269123979508 90959788
1654580271026209122 98215511
1654580271693695863 70933484
1654580272493318833 94218891
1654580273227270879 102081104
1654580274526287301 126260207
1654580274614298988 79880985
1654580274693442254 56730917
1654580274702602199 8021735
1654580274707310640 4420947
1654580275133247566 91121564
1654580275210525071 17905073
1654580276242714862 106562105
1654580277593699504 70477513
1654580277612352274 6048862
1654580277993479582 85929488
1654580279398119726 104437448
1654580280439222078 23838363
1654580280807761605 92755593
1654580281530230389 85109907
1654580281605115135 74535194
1654580282438927495 16691007
1654580283393381894 83378105
1654580284332000765 4374723
1654580285133716215 122626690
1654580286836889091 19417290
1654580286921644491 83501885
1654580287138138024 39039841
1654580288093421907 88305258
1654580288126566772 26851352
1654580289012357998 75081706
1654580289792756020 81672462
1654580290428604149 10416412
1654580290493390414 63745953
1654580291620645050 19421596
1654580291736100494 33884941
1654580291816237027 79064988
1654580293129584204 68463578
1654580294239222309 34107734
1654580295215707087 80176243
1654580295334690367 42113772
1654580296397464719 157234441
1654580298817304855 88273269
1654580299323264781 15152231
1654580300412401605 99478947
1654580300513418223 87330182
1654580300705352835 69262500
1654580301300450045 85457491
1654580302828978071 102689886
1654580303841087457 97959923
1654580304429870040 24870531
1654580305435321880 23748563
1654580306536075717 38599135
1654580306628743506 92304977
1654580307061522362 44119354
1654580307593430647 87172108
1654580308593359774 150434011
1654580309309038089 15306740
1654580310392641146 92217799
1654580311730386407 17187676
1654580313016124726 92090815
1654580313316453683 87421147
1654580314720882234 8875751
1654580315047106234 47044756
1654580315232151107 124795355
1654580315799639585 61620216
1654580315820464859 19845031
1654580315837608835 16171295
1654580316514441609 17111137
1654580319026408224 19410083
1654580319093575369 66060203
1654580320519994160 127684484
1654580321495764023 83698591
1654580323793460418 155433497
1654580323927732368 4318263
1654580325021162040 21047902
1654580325393425401 87304394
1654580325442356068 47806252
1654580327193409676 101063462
1654580328641105396 41813115
1654580328946575684 14792301
1654580329230903734 29865148
1654580330098417963 97233580
1654580331016811009 105811462
1654580331413495347 20919441
1654580332525763984 19779393
1654580333345972664 5989025
1654580333394624125 48016254
1654580334298716702 4406227
1654580335409368505 87353639
1654580336093723047 70944668
1654580336839127466 29032924
1654580337608179317 89064343
1654580338599161091 89072994
1654580338633009254 33522620
1654580339609423320 15632718
1654580339622965483 12508701
1654580339705607762 4529702
1654580340524040842 31718246
1654580341318189748 70841967
1654580342518851044 92505187
1654580342817081364 78092285
1654580342904728398 67417373
1654580343617108022 92024401
1654580344316416634 86645862
1654580346223975620 26635438
1654580348540272567 100158764
1654580349393491682 94421362
1654580349419239775 25439326
1654580349499281689 79780772
1654580351132706271 26017292
1654580352519060736 118113558
1654580352939476359 100727833
1654580353202049671 74030452
1654580353398650687 6079524
1654580354426133925 89040814
1654580355521854941 28038162
1654580356429311513 29152185
1654580356507465919 77136541
1654580356524348626 15423411
1654580356533036729 7655423
1654580357123308048 103199537
1654580357236362101 30434183
1654580358102355074 100954238
1654580358405537346 62451821
1654580359393405525 79999867
1654580360322160114 82521080
1654580361225060267 91954882
1654580362603459607 111155087
1654580364793509281 180521435
1654580365024159475 18891350
1654580365105520652 4680492
1654580366229006922 115889971
1654580367293392264 60484277
1654580367440598896 5457478
1654580367996977495 169882655
1654580368734597502 28116721
1654580369706156507 69156413
1654580370238522385 20828145
1654580370932992600 40160201
1654580371930550860 7474440
1654580372608559269 107152082
1654580373437024491 33913244
1654580373954841919 39985070
1654580374807816881 84702287
1654580375018781450 17338433
1654580375508094739 45890660
1654580376319326276 106720891
1654580376803433023 90758081
1654580377830327014 12591327
1654580378903732299 9851848
1654580379635851600 30750827
1654580381046184256 20482525
1654580382593562262 70559285
1654580383413524247 79270853
1654580384037600937 15018732
1654580385693490571 153471000
1654580386011204098 78124633
1654580386028706635 16560341
1654580387304250148 75159503
1654580388503029937 4586295
1654580389205541656 4682213
1654580389926885853 113779124
1654580391531219126 24101415
1654580391636328764 37998156
1654580392705226412 5404953
1654580393129863093 24829421
1654580393698405427 156406188
1654580394393661593 60475501
1654580395594882532 53838597
1654580396637100095 109094617
1654580396930125522 108139012
1654580398028028074 95951405
1654580398141800194 113492339
1654580398500486929 73488007
1654580399511045412 80661714
1654580399694581277 96968349
1654580400018330271 26010190
1654580401233191681 40917974
1654580401696177979 78590821
1654580401719053723 22569624
1654580401811894168 92552274
1654580401892604079 80341477
1654580401908798107 15884042
1654580402811773233 12622433
1654580403926294320 16207721
1654580404811095198 85001141
1654580405693395606 154942882
1654580406423320303 98281785
1654580407393500580 92388996
1654580408224260013 17565276
1654580408503658516 55473978
1654580409206063985 113766712
1654580409916293765 75251662
1654580410539904496 41572615
1654580411499285301 63404842
1654580412393015868 86986782
1654580412427979687 34682622
1654580413817310959 99965663
1654580416115928795 104717368
1654580416904538861 88335405
1654580418013140618 18678660
1654580418918956253 90676877
1654580419602044840 62038159
1654580420012997349 92860064
1654580420719010447 26691960
1654580421405162827 94044778
1654580422213128275 75483151
1654580423516008099 22309301
1654580423724979816 32677803
1654580424906077577 112984820
1654580426310764506 111643404
1654580428019927928 23810761
1654580428602927221 72906027
1654580428992745042 82649604
1654580429930495973 19403307
1654580429934559327 3805436
1654580430529744797 22566592
1654580430994158934 157814395
1654580431735920858 36467899
1654580432419105138 125320411
1654580433213063992 79143911
1654580433927349959 89120452
1654580435002213650 71548318
1654580435622144526 173028113
1654580436606007476 90905782
1654580437419153684 26815979
1654580437693428158 88311072
1654580437793635196 69292098
1654580438207761434 92487901
1654580439510913785 4275935
1654580439515584814 4105903
1654580440014328807 20893584
1654580441121892703 88860912
1654580442110072511 84764839
1654580442893432192 166429973
1654580443698715248 96330275
1654580444541554173 5548113
1654580445139153021 106153074
1654580446811998950 83278053
1654580448720749411 23404823
1654580450093384695 61337266
1654580450517026973 83026137
1654580450537402424 20091843
1654580450837613863 30548746
1654580450899476364 61228713
1654580451711402198 76381172
1654580452604183306 93129756
1654580453818094820 104861241
1654580454293345693 69339899
1654580454314282904 19857813
1654580454334729776 19452372
1654580454393323475 57593004
1654580455538673395 31215350
1654580455617740699 77940031
1654580455638502518 19729229
1654580456131987727 5444164
1654580457426441036 5928304
1654580457623828184 84767107
1654580458893495241 68481831
1654580459304628532 63612199
1654580460007859280 78472036
1654580460934039256 19948990
1654580461793386317 57340682
1654580462893213188 170535491
1654580463628479076 19291623
1654580464597679743 89608622
1654580464712017746 108243220
1654580465321875576 19590699
1654580465516299811 71208173
1654580466223361483 19330702
1654580467092774824 73585178
1654580467526093948 89464754
1654580468093424711 60421143
1654580469131052746 38810471
1654580470029594075 37267007
1654580471031121527 14987638
1654580471600028029 102699035
1654580473050782581 23322155
1654580474201126573 158597243
1654580474393491702 53812670
1654580475192435366 154954214
1654580476193500663 78487789
1654580477303433309 70288774
1654580477545167347 4278282
1654580478518617961 19474091
1654580479800057033 81822134
1654580480614246428 87787575
1654580481097575797 77461433
1654580481143316740 38253324
1654580482026099252 33752658
1654580482916799950 105636273
1654580483725232617 127146646
1654580484337448833 22162959
1654580484993504043 62874665
