1654580890397588751 483014209
1654580890627985664 230117567
1654580892195385937 85136421
1654580893117851729 80691952
1654580895137394726 27172996
1654580896120878894 82698734
1654580897826140938 121761965
1654580897911812660 72578307
1654580905730891223 33632563
1654580906522735200 96646322
1654580907822210155 89182910
1654580910404720728 62626567
1654580912799254989 91253299
1654580912833071495 32679942
1654580912911228628 77076892
1654580912928409987 16078555
1654580914393393858 176266834
1654580917117330285 25014044
1654580918293378794 73372490
1654580919532039699 39734565
1654580921401014422 73792313
1654580924522698037 23592445
1654580924603752329 79959509
1654580926909719009 73705391
1654580929232062144 29957786
1654580929310970602 77854260
1654580931920736129 75188495
1654580932918741801 25308691
1654580933519053290 16602059
1654580933537424911 18107607
1654580933604758237 67108713
1654580934592694682 68806604
1654580934623205280 29430447
1654580935410234139 78098272
1654580939413055373 100730998
1654580941501249107 70030862
1654580942899440185 97770164
1654580946811275526 185478309
1654580946893379750 78746636
1654580948128856194 34730531
1654580950728143147 104918458
1654580952827804754 16788893
1654580954400196301 69866152
1654580955129845150 29601887
1654580956393498749 96143914
1654580958726377475 19087988
1654580965417497880 88350561
1654580965597184291 69902032
1654580967403402845 92290814
1654580968796410222 103247318
1654580970738237964 4341210
1654580973023410969 98566944
1654580973093369719 69632774
1654580977210055670 88757485
1654580978030234433 33467399
1654580979021235769 4734863
1654580980293392134 68158107
1654580980313794322 20108916
1654580981928302246 80192471
1654580983803843579 78755991
1654580988932527837 104050128
1654580990398731409 99542211
1654580990537233105 106864758
1654580991206450915 64542288
1654580993121087634 108591460
1654580994901592515 95407613
1654580995720917221 19961588
1654580996814196807 92070367
1654580996921160259 106488849
1654580998010120538 82024356
1654580998692485678 87395998
1654581001504856132 71235830
1654581003223342260 13336129
1654581003229533414 5914126
1654581004045705786 29886805
1654581004109558243 63518933
1654581006894461122 94358077
1654581008493417452 84240537
1654581009936353100 104222347
1654581012208331637 16076346
1654581014193464954 71574616
1654581014722794190 25414305
1654581014808294005 84470935
1654581015501269880 37789070
1654581016841227438 4199482
1654581020223092220 125692602
1654581032425247164 125232395
1654581033516185021 123828849
1654581034709173900 63829727
1654581036199194024 93645141
1654581037639319281 5958517
1654581039093463421 77120341
1654581041508607591 91350297
1654581042229709332 7676823
1654581043493426626 74112458
1654581044905006927 66299740
1654581046628511730 96420867
1654581050017133209 72032697
1654581051116066238 4014046
1654581055532902163 3764492
1654581056392366811 67282658
1654581058193518304 151530292
1654581060722494039 30180554
1654581062393430211 72180528
1654581063914025248 85015928
1654581065096114751 82111099
1654581066525166458 32921115
1654581067811885100 91964654
1654581069320758380 78683031
1654581070427189655 87945488
1654581073805096422 82972131
1654581074803496317 4362444
1654581075457103514 23598578
1654581075525087677 67675777
1654581075593176660 66928903
1654581077014447367 86365096
1654581077918665355 18012889
1654581081193107342 59972681
1654581081220781072 27335148
1654581081235554429 14458996
1654581082193844640 45922771
1654581084239151471 126131979
1654581084347824742 102155004
1654581085127868832 97687119
1654581086938463589 97547039
1654581089341829504 47541124
1654581089429058197 86926974
1654581091019321775 18280846
1654581091040319709 19942750
1654581091108088573 66754168
1654581091900085509 43573361
1654581094623740193 4601070
1654581096708464394 85774571
1654581096809559140 73153880
1654581099914626673 68916880
1654581105392437980 182423498
1654581106133048966 29304332
1654581108622080839 94070651
1654581109518118860 79116852
1654581111212084840 66565412
1654581111299270842 66150896
1654581112930500806 91081184
1654581114526064868 74898264
1654581117406001835 65235341
1654581118599485201 77947983
1654581120128393518 36074919
1654581122445700393 47590374
1654581123229062757 87543480
1654581125818046521 23263851
1654581129330411263 3915303
1654581133906097111 77017367
1654581135298378688 84283627
1654581136612985971 78980196
1654581138034151051 38872082
1654581140027270037 134961911
1654581140713202895 87494582
1654581142704659661 73680459
1654581146131198348 105177620
1654581147029065675 88960139
1654581147102371513 73003786
1654581148317571129 98361999
1654581149315870530 80781665
1654581151441809863 35728184
1654581152930865256 25179962
1654581154030445497 36442677
1654581155693437874 227255852
1654581157931679620 194290104
1654581161214054078 20246975
1654581163347873208 3352442
1654581165145303541 17179682
1654581166293403291 99611317
1654581168112638439 18731727
1654581168128424341 14633829
1654581171699361036 80307373
1654581173520393375 28120735
1654581174711508460 4711815
1654581174716165081 4452543
1654581175819112392 23605227
1654581177213861655 79248193
1654581178416124953 91980318
1654581181304888122 98785341
1654581181393403023 87504141
1654581184634258240 5694480
1654581185840385981 108312828
1654581186500075271 91103294
1654581186514111637 13580927
