1654581247021042984 8237238
1654581249926659789 29128280
1654581252824711041 3439046
1654581256236631122 38881078
1654581261933876756 3950684
1654581264492464085 76624842
1654581267532290932 3688133
1654581267536217548 3626714
1654581270527175659 34508005
1654581273500426679 75337316
1654581275838710394 3797130
1654581278538265365 30466636
1654581281334814664 37102220
1654581284308450286 83807415
1654581287293432043 68680675
1654581290542763651 3506478
1654581293306753918 8383218
1654581293310856622 3699692
1654581296409077234 78698795
1654581299502841000 3554815
1654581305320890917 21088304
1654581308501440100 79162256
1654581311414094611 3892436
1654581313844427056 3891630
1654581316637229938 3772013
1654581322027484857 18857716
1654581324511845972 3186692
1654581324515395873 3167036
1654581326841646263 30578847
1654581329712015559 3725273
1654581332314457452 78015109
1654581334611674582 3541449
1654581337303918988 83663043
1654581346292490314 89959740
1654581349406457935 9053115
1654581352340256422 30773420
1654581355234695169 3394007
1654581357516737693 24347624
1654581360342017419 3511790
1654581362940596324 14315155
1654581372532707973 28559840
1654581375329615079 3877226
1654581377845681856 3506591
1654581380812842685 3427074
1654581383915282184 12633674
1654581387393304802 60004144
1654581390137236328 3583725
1654581392992607348 75053720
1654581395993598164 75978753
1654581398403862194 67796383
1654581401420265641 3731443
1654581404307963791 8695608
1654581407013436059 3353544
1654581409999115423 5987118
1654581410003617838 4078673
1654581418346619538 3221311
1654581424133664386 24151512
1654581426921377077 3240063
1654581429404179069 75604849
1654581432398191961 77824485
1654581435397739365 86644004
1654581435442430726 44318586
1654581438428879874 18259457
1654581438438453587 3682528
1654581441234397372 31767103
1654581444512267954 3711573
1654581447540147336 4294180
1654581450320297425 11604845
1654581458695877115 50440025
1654581458699858178 3531540
1654581461418723797 80972783
1654581461503579560 60848671
1654581467923785495 3744796
1654581470814996792 3475262
1654581477594546808 152352342
1654581480306317725 8921771
1654581483222050240 4553801
1654581485808217345 61791832
1654581488319535522 84795080
1654581491437713947 3552288
1654581497217853750 18618643
1654581500535624933 16228761
1654581503198780149 77626356
1654581503238230102 38981907
1654581505730255163 3266859
1654581508221680507 8795586
1654581511144796274 3568046
1654581518429636742 36054517
1654581521409591286 76439400
1654581524595377549 55425242
1654581527837641938 4005857
1654581530497722066 82131135
1654581533921701101 4441352
1654581536809219695 77233730
