1654582295142353736 50044625
1654582298501284868 53780057
1654582300138502596 46065111
1654582300224889752 80050753
1654582303305042713 150085092
1654582304924565151 19718885
1654582310405149130 156127071
1654582314415374994 47366479
1654582315316056966 48032994
1654582318459282404 67019936
1654582320396075144 56988762
1654582324211013754 68881266
1654582325901178516 93168491
1654582328831070960 85971887
1654582331152843472 131757981
1654582335549114579 57833142
1654582338793319081 23974846
1654582346628999098 29917808
1654582349041898340 136543094
1654582349142036702 35617776
1654582349218994987 20684361
1654582349231634555 11518040
1654582352390313946 86190795
1654582352596052562 59213485
1654582354338095082 45807018
1654582359816289847 95125975
1654582361430133258 37786289
1654582363667282086 26241209
1654582366859206065 125117248
1654582368515150008 83887578
1654582371823709395 121699933
1654582374515059318 83058171
1654582377849030646 22758871
1654582379701481212 48072416
1654582381305230252 67207612
1654582381420096985 114184722
1654582383800843351 171470166
1654582386900258536 51853829
1654582388836007044 59546002
1654582388917204502 80936066
1654582393065898915 63294166
1654582395065228879 43101488
1654582398121171790 115505695
1654582399732312139 33219000
1654582399809687223 76853731
1654582402148973495 111962464
1654582402248601381 81478194
1654582402306033514 52690448
1654582403809736998 17256464
1654582405449042466 92007665
1654582405526660805 77351981
1654582406935114209 72014643
1654582411836151762 86061488
1654582413467868842 39811068
1654582415618225869 82994762
1654582417295091405 35971202
1654582420528082469 86041108
1654582420641530868 26146777
1654582422702820236 142708384
1654582425778587638 44965812
1654582432701243011 86188145
1654582434593289539 73856067
1654582436693682201 76972779
1654582437871269376 54296392
1654582439463126200 63118509
1654582441427137513 32643861
1654582442817496093 80440059
1654582445078507813 8146160
1654582451100089023 71780684
1654582456063221798 53060296
1654582458412152407 99986216
1654582462450010522 83240095
1654582464070133675 38046323
1654582468270977994 73114842
1654582473229748904 128641696
1654582473320046508 79209390
1654582476797098835 101518454
1654582481443726649 119570402
1654582481491748900 47030894
1654582484739449371 31142708
1654582487593353960 75252055
1654582489196241507 99941531
1654582492244997708 184422621
1654582495743460049 50272864
1654582500997616111 19957356
1654582501017112436 18768508
1654582504057035483 66926983
1654582506213861555 92794237
1654582509517014279 10876145
1654582512484292492 4086645
1654582515195137821 147032073
1654582525035108034 17956690
1654582529227142246 220935723
1654582535899088152 348034324
1654582536007178459 64069024
1654582538477382795 8617107
1654582541343994202 11628897
1654582545998105366 20361897
1654582549252917970 26078638
1654582549304625474 51359717
1654582551501306339 150891334
1654582557792631141 66626069
1654582557823109563 27247336
1654582564060324098 70184729
1654582571982294955 9063829
1654582571987125457 4326148
1654582573968641977 21871612
1654582579826906950 103207912
1654582584341052691 22037989
