1654497013331006417 2330632350
1654497014112791265 780884675
1654497018130635775 600721142
1654497055025309046 33603511186
1654497059417184648 1122790460
1654497062942743720 720403141
1654497064711597367 178965061
1654497070050568890 3436259416
1654497071103830286 1052644495
1654497076393542723 3657327428
1654497080000506685 935186701
1654497090740497980 713101941
1654497094254125427 920305321
1654497097039472755 428794069
1654497112415307885 3890855683
1654497113114193913 685624081
1654497113796469632 287121848
1654497118221117635 2178196688
1654497119801197673 1100804180
1654497128119747833 7911377429
1654497132193580206 1055538058
1654497135600320520 1398586984
1654497138233800344 2040564769
1654497157456438545 16628291343
1654497158721386165 1264197268
1654497163893573852 1897947601
1654497171393683958 7499810414
1654497172438397503 798689556
1654497173431424219 992695703
1654497177393649630 3767092956
1654497183940312290 1237083389
1654497187593503041 3546036286
1654497190501434459 1197755614
1654497191409326191 907456797
1654497192004115197 594233261
1654497197908232091 2172536951
1654497200631578150 2325665049
1654497209407258283 8514490788
1654497211814542300 1992975984
1654497212822386711 280894496
1654497213947895593 913040342
1654497219808275913 1590778009
1654497223837767958 2092398222
1654497229209386146 582038517
1654497233422373489 1722949916
1654497246625315447 1008764913
1654497247098666540 472274859
1654497249197245446 662904535
1654497250826069411 1628330319
1654497253837144441 633402027
1654497256398806804 474142055
1654497259339335581 603534746
1654497264439560260 1039779787
1654497267028842973 1894530064
1654497271510926990 1563002831
1654497272802099069 761640976
1654497274025668969 322838700
1654497280009818774 371360156
1654497285025149052 4117601058
1654497285638058788 344147470
1654497286527988456 889658340
1654497287125862370 597590010
1654497293503628468 1088101320
1654497298224301748 1388037835
1654497299093759452 458606503
1654497299803822438 709608221
1654497300918975814 780228061
1654497302893743249 378502809
1654497304403221166 1508611410
