1655331184764706214 319164690
1655331185146852553 108233042
1655331185845264942 485155928
1655331186462821056 296759388
1655331187247253827 498846831
1655331188742634536 1282720189
1655331188952915208 9533206
1655331189364825539 211513505
1655331189759731393 95717295
1655331190466494259 404921811
1655331190845317062 106789107
1655331191162095777 112018883
1655331191444259304 77593658
1655331191841998829 196937488
1655331192343487272 301061747
1655331192566673014 20396136
1655331193152959478 304432118
1655331193551107252 112447571
1655331193941501196 188099769
1655331194169773495 25911507
1655331194658675714 220139982
1655331195065527549 206422432
1655331195629342252 289067488
1655331195962961965 113972080
1655331196449050033 193086272
1655331196937283742 281397945
1655331197259684582 118305330
1655331197656806175 191212479
1655331198146492898 288972807
1655331198466736800 110860751
1655331199950306212 1203758679
1655331201546650689 1385291744
1655331202142481285 294291663
1655331202541842530 195234121
1655331202958527136 117635306
1655331203344951113 103118992
1655331204056237885 506848904
1655331204454554860 190650463
1655331204740482332 85501469
1655331205051999044 96575167
1655331205346747371 90385717
1655331205648354539 100903439
1655331213425175046 7569783802
1655331213762315067 108105253
1655331214254942600 292015886
1655331214551967553 83110269
1655331214946212669 193840354
1655331215443042580 283095699
1655331215854813753 114220020
1655331216360814170 212678723
1655331217041342093 394327416
1655331217270844993 29082033
1655331217755977281 111644859
1655331218141139507 184089875
1655331219748578139 1399095025
1655331220142430542 192773559
1655331220644790432 288838634
1655331220951650073 104223384
1655331221170651643 13303441
1655331221385999271 14936345
1655331221609367780 18858287
Process StressGenerator-13:
Traceback (most recent call last):
  File "/usr/local/lib/python3.7/site-packages/urllib3/connectionpool.py", line 710, in urlopen
    chunked=chunked,
  File "/usr/local/lib/python3.7/site-packages/urllib3/connectionpool.py", line 449, in _make_request
    six.raise_from(e, None)
  File "<string>", line 3, in raise_from
  File "/usr/local/lib/python3.7/site-packages/urllib3/connectionpool.py", line 444, in _make_request
    httplib_response = conn.getresponse()
  File "/usr/local/lib/python3.7/http/client.py", line 1321, in getresponse
    response.begin()
  File "/usr/local/lib/python3.7/http/client.py", line 296, in begin
    version, status, reason = self._read_status()
  File "/usr/local/lib/python3.7/http/client.py", line 257, in _read_status
    line = str(self.fp.readline(_MAXLINE + 1), "iso-8859-1")
  File "/usr/local/lib/python3.7/socket.py", line 589, in readinto
    return self._sock.recv_into(b)
ConnectionResetError: [Errno 104] Connection reset by peer

During handling of the above exception, another exception occurred:

Traceback (most recent call last):
  File "/usr/local/lib/python3.7/site-packages/requests/adapters.py", line 499, in send
    timeout=timeout,
  File "/usr/local/lib/python3.7/site-packages/urllib3/connectionpool.py", line 786, in urlopen
    method, url, error=e, _pool=self, _stacktrace=sys.exc_info()[2]
  File "/usr/local/lib/python3.7/site-packages/urllib3/util/retry.py", line 550, in increment
    raise six.reraise(type(error), error, _stacktrace)
  File "/usr/local/lib/python3.7/site-packages/urllib3/packages/six.py", line 769, in reraise
    raise value.with_traceback(tb)
  File "/usr/local/lib/python3.7/site-packages/urllib3/connectionpool.py", line 710, in urlopen
    chunked=chunked,
  File "/usr/local/lib/python3.7/site-packages/urllib3/connectionpool.py", line 449, in _make_request
    six.raise_from(e, None)
  File "<string>", line 3, in raise_from
  File "/usr/local/lib/python3.7/site-packages/urllib3/connectionpool.py", line 444, in _make_request
    httplib_response = conn.getresponse()
  File "/usr/local/lib/python3.7/http/client.py", line 1321, in getresponse
    response.begin()
  File "/usr/local/lib/python3.7/http/client.py", line 296, in begin
    version, status, reason = self._read_status()
  File "/usr/local/lib/python3.7/http/client.py", line 257, in _read_status
    line = str(self.fp.readline(_MAXLINE + 1), "iso-8859-1")
  File "/usr/local/lib/python3.7/socket.py", line 589, in readinto
    return self._sock.recv_into(b)
urllib3.exceptions.ProtocolError: ('Connection aborted.', ConnectionResetError(104, 'Connection reset by peer'))

During handling of the above exception, another exception occurred:

Traceback (most recent call last):
  File "/usr/local/lib/python3.7/multiprocessing/process.py", line 297, in _bootstrap
    self.run()
  File "app.py", line 40, in run
    self._write_work()
  File "app.py", line 51, in _write_work
    self.do_post_request.perform(encode_bytes_as_base64)
  File "/app/models/simple_http_log_client.py", line 11, in perform
    return self._simple_requests_scenario(body_json_content)
  File "/app/models/simple_http_log_client.py", line 16, in _simple_requests_scenario
    return self.session.post(f"{self.api_url}/insert", body_json_content)
  File "/usr/local/lib/python3.7/site-packages/requests/sessions.py", line 635, in post
    return self.request("POST", url, data=data, json=json, **kwargs)
  File "/usr/local/lib/python3.7/site-packages/requests/sessions.py", line 587, in request
    resp = self.send(prep, **send_kwargs)
  File "/usr/local/lib/python3.7/site-packages/requests/sessions.py", line 701, in send
    r = adapter.send(request, **kwargs)
  File "/usr/local/lib/python3.7/site-packages/requests/adapters.py", line 547, in send
    raise ConnectionError(err, request=request)
requests.exceptions.ConnectionError: ('Connection aborted.', ConnectionResetError(104, 'Connection reset by peer'))
1655331221950298703 106371153
1655331222440845720 285244679
1655331222865850458 217935723
1655331224351751409 1209397465
1655331224846385782 293200153
1655331225162205205 111902186
1655331225381473500 14956972
1655331225942627016 293313354
1655331226461054864 305156056
1655331227147726595 483127599
1655331227461791155 98734557
1655331227843362956 104848904
1655331228158888469 108626672
1655331228463436305 15457521
1655331228846558648 182671959
1655331229354486180 210592328
1655331229754753431 195239733
1655331230061627569 101979907
1655331231380568929 1115144300
1655331231929334303 348025069
1655331232338466770 198212298
1655331232642002547 103114202
1655331234060058633 1208364798
1655331234663050514 314013761
1655331235951949724 1088488319
1655331236341622237 188804436
1655331236867159522 307556017
1655331237363630666 215753287
1655331237954504957 215833199
1655331238344213890 188881214
1655331238662689443 113751402
1655331239145796542 189576762
1655331239571694121 221570444
1655331239795672665 19111727
1655331240057307367 15708930
1655331240445283308 182701828
1655331241030984548 381507170
1655331241358012145 123705611
1655331241950472108 308198405
1655331243524323377 1368447483
1655331243958842383 201381044
1655331244441486982 188642983
1655331244938637266 278512745
1655331245155064510 11848724
1655331245686922054 327973409
1655331246040937742 150854874
1655331246263477256 21852807
1655331247651637434 1187397130
1655331247957846487 105962976
1655331248349678490 187071087
1655331248752005958 197792853
1655331249030341020 77391564
1655331249362605667 118618059
1655331249745339934 182347635
1655331249966420706 12245003
1655331251272168065 1033646642
1655331251660600997 188052227
1655331252149361520 109282957
1655331253444410354 1084772685
1655331253840815684 194790357
1655331254057460394 16214495
1655331254453454050 193537161
1655331254745274769 89374458
1655331254968427445 22757088
1655331255179716755 10880462
1655331256584125467 1141629190
1655331257050230864 194666678
1655331258544815224 1285149859
1655331258841527957 92321768
1655331259159510553 116139478
1655331259658904695 201135098
1655331259952080899 9222488
1655331260343876766 187958509
1655331260643435860 95427373
1655331261162878164 309012437
1655331261664511915 225759217
1655331261947274054 82335338
1655331262360261121 208783721
1655331262852923308 213920097
1655331263144611228 90002494
1655331264527899359 1182471110
1655331264841186328 112374843
1655331265068490218 26339421
1655331265350203630 10937144
1655331265744527535 189885232
1655331266046827238 97989676
1655331266265739025 14616709
1655331267557270944 1018317318
1655331267850546436 92588978
1655331268253233935 202250503
1655331268655278480 186519487
1655331269156777415 204334058
1655331269463165032 19967709
1655331269949935510 197465185
1655331270442617524 194326945
1655331270756933601 112636057
1655331272351090340 1385046169
1655331272575485948 23956166
1655331272864700946 20951304
1655331274279647086 1137069591
