1655332395560659354 399013210
1655332395957697477 122368907
1655332396359690261 123864162
1655332396740174547 104203299
1655332397065284760 115037373
1655332397279670604 10736839
1655332398493208277 1013099775
1655332398746838533 49552093
1655332399051816577 100435306
1655332399342135068 85911612
1655332399568346737 25037435
1655332399840689376 71937451
1655332400238233391 196626611
1655332400467361328 26326870
1655332400859050554 22565730
1655332401242190982 102336623
1655332401537883987 90479229
1655332401749938628 10860379
1655332403146936476 1196070172
1655332404486039488 1138499951
1655332404756020143 65511807
1655332405039644590 81717279
1655332405343056112 96887891
1655332405565656885 21869854
1655332405794378450 23189772
1655332406035264411 36401781
1655332406247310231 11667337
1655332406463852795 11451888
1655332406763672255 99181295
1655332407996926832 1032870800
1655332408351959814 108143216
1655332409638084576 1082918915
1655332410980389765 1138074000
1655332412265461753 1080651195
1655332412567532299 98467932
1655332412792528163 21789187
1655332413047943187 50611358
1655332413270913660 18108728
1655332413485752763 14415950
1655332413704955384 18793905
1655332413953760553 48030027
1655332414356026876 201371530
1655332415586893634 1030442542
1655332416830806273 1042940195
1655332417153119604 107574699
1655332417544504134 101186741
1655332417853703911 97021529
1655332418151178702 97079555
1655332418375852497 22209514
1655332418585852047 9605923
1655332418857381169 18363417
1655332419336369787 188835844
1655332419638237233 101430802
1655332419949907099 107992061
1655332420164286041 13937522
1655332420400420883 35695028
1655332420616900816 16064869
1655332420861989067 40592348
1655332421073900624 11388555
1655332421289432685 15107582
1655332421508567397 14707992
1655332422881926000 1136772627
1655332423151120212 60115753
1655332423447623180 91273980
1655332423670012480 21926299
1655332423879695855 9190568
1655332424093448836 10951836
1655332424310550285 16719067
1655332424524613017 13641928
1655332424742634058 17590147
1655332424958214711 11437514
1655332425175094179 12163799
1655332425558294041 100596564
1655332426780938093 1018427715
1655332426991813625 10516670
1655332427347089537 109633997
1655332427655661616 103847524
1655332427924961121 63498676
1655332429237917078 1098762781
1655332429559711889 118468481
1655332429777594535 15089855
1655332429992016317 14047502
1655332430208382261 13107922
1655332430419817246 11056551
1655332431647377188 1027161436
1655332431868033217 19899485
1655332432239332870 86419654
1655332433471913157 1019334105
1655332433726157885 53858260
1655332433938807184 11925463
1655332435230948042 1087569486
1655332435451816893 19883803
1655332435673594058 17249745
1655332435951213180 15893993
1655332436170786814 15976788
1655332437639984828 1266256468
1655332438145512221 288338514
1655332438438341515 88676987
1655332438731887752 92771576
1655332439024659469 89090078
1655332439236933539 11875746
1655332439464837737 23369230
1655332439846432008 177771377
1655332440153887592 103404118
1655332440376019323 19385292
1655332440637664205 61244078
1655332443869275669 3028910674
1655332444081690724 9512536
1655332444291249307 9164442
1655332444540055165 46074497
1655332444763281084 22781049
1655332444991210211 23056079
1655332445201708765 10088702
1655332446468124163 1065817304
1655332446736133716 67306418
1655332447991508064 1048661326
1655332448204945648 10607584
1655332449439213662 1031462221
1655332449649120673 9225464
1655332449867538487 14311069
1655332450091431496 19957208
1655332451326248809 1031642141
1655332451536968114 10314088
1655332451746934024 9616915
1655332452997026908 1049669960
1655332456389604784 3153904449
1655332456760191176 114039310
1655332456970476101 9870102
1655332457183372668 12276907
1655332457455771968 16391380
1655332457683047918 26885488
1655332457964506770 29219517
1655332459261039478 1025052897
1655332462539880541 3078551831
1655332463874971924 1134656984
1655332464103022165 23658015
1655332465343081781 1034920358
1655332465559906656 12419718
1655332465826866470 62643513
1655332466039920854 12677242
1655332466344111065 103761895
1655332466574243421 15926115
1655332466792085888 14122392
1655332467013744519 20473957
1655332467237169081 16780873
1655332467458978916 21369444
1655332467845610911 186220863
1655332468076366647 30344192
1655332468288371930 9271664
1655332468500293748 9109829
1655332468758582171 57868119
1655332468985872331 19383886
1655332469255305980 66564420
1655332469555551878 99835644
1655332469837837419 81859216
1655332471068937888 1025848036
1655332471281190431 9315325
1655332471556242427 20958967
1655332471850678469 93983951
1655332472144837266 79461172
1655332472438834121 93485969
1655332472665757044 26530168
1655332472881935315 13220957
1655332473092467628 9910232
1655332473304536482 9219090
1655332473595505048 88096975
1655332473805472784 9474563
1655332474017732189 9428035
1655332474233068275 14953947
1655332474445164995 9517984
1655332474663692148 14386749
1655332475044672085 105687532
1655332475354332453 100958575
1655332475738548065 97402440
1655332475949896217 10981711
1655332477199231505 1048945480
1655332478464716974 1065106833
1655332479778254573 1105783650
1655332480157445437 116033226
1655332481375102080 1017255079
1655332481590823410 11256312
1655332481804294329 13069232
1655332482048190383 39582866
1655332482270051819 21473137
1655332482492706253 22268453
1655332482713676492 20602851
1655332483938122409 1016434724
1655332484246113545 107375944
