1655330301057073817 372765585
1655330301279636975 18764386
1655330301499245523 19161923
1655330301723603707 20852707
1655330301948143371 20028138
1655330302165191842 12295346
1655330302383802673 14503372
1655330302600552122 14559454
1655330302812881213 11849683
1655330303025203453 11169183
1655330303243718247 13794951
1655330303457760357 11317829
1655330303670546003 12127605
1655330303891454680 17380170
1655330304108560263 12732875
1655330304323918483 11080832
1655330304539362651 10994119
1655330304753178797 13397295
1655330304969591641 11978759
1655330305181517709 11481063
1655330305397105719 15150408
1655330305611190314 13506104
1655330305830381417 15077789
1655330306044431328 13235739
1655330306257409555 12338015
1655330306472651278 14846278
1655330306690210404 17171942
1655330306911681815 13647914
1655330307129088000 14381966
1655330307343750102 14190993
1655330307561575560 16672635
1655330307786238898 21926249
1655330308009317368 12694539
1655330308223839315 13763258
1655330308438942478 14788849
1655330308655371258 12144376
1655330308867966360 12184963
1655330309080709913 12299400
1655330309295507345 11022194
1655330309510275114 14368738
1655330309726826318 12139225
1655330309939556225 12226116
1655330310152874438 12906618
1655330310365864400 12499144
1655330310578677560 12410513
1655330310801283685 19718456
1655330311017120365 12138622
1655330311229349925 9349383
1655330311439802470 9970684
1655330311649429459 9295741
1655330311859337153 9483609
1655330312070574895 10777540
1655330312281819090 10822199
1655330312496826222 11185791
1655330312711331596 10840686
1655330312929391542 14246424
1655330313146133804 16325151
1655330313365891666 15374767
1655330313580909387 14183383
1655330313799557789 18069814
1655330314014543696 13494555
1655330314231116566 13711628
1655330314442639547 11261102
1655330314654025434 10471616
1655330314864492372 9364511
1655330315077905774 12222227
1655330315288311016 9307670
1655330315498092120 9390894
1655330315719807228 18883652
1655330315929480997 9332434
1655330316139279516 9405904
1655330316349050235 9378725
1655330316558789741 9367755
1655330316769286771 10067448
1655330316978647238 8974716
1655330317190461865 9001543
1655330317402382908 9076232
1655330317614534590 9335949
1655330317826524465 9176969
1655330318038569113 9327794
1655330318254709356 13273510
1655330318474524914 16994566
1655330318690889918 13475751
1655330318905678583 11939773
1655330319117820566 11689937
1655330319331603925 11021237
1655330319548837073 13706029
1655330319760984139 11736542
1655330319972606715 10539144
1655330320184800542 10859758
1655330320398173749 10622616
1655330320611855419 10585191
1655330320826459037 11316223
1655330321042485093 13029928
1655330321268810528 23178458
1655330321481505705 12267403
1655330321694204265 12266122
1655330321908932701 10529474
1655330322120211459 10801749
1655330322332586753 11819485
1655330322548156300 12339888
1655330322759398235 10836712
1655330322972924210 9390252
1655330323183510483 10063153
1655330323397330387 10408256
1655330323609371172 9200569
1655330323819350062 9570841
1655330324031601439 9454939
1655330324244345432 9774775
1655330324458974110 11903682
1655330324670867231 9045477
1655330324880275542 9003777
1655330325089704813 9056085
1655330325301789168 9290802
1655330325514173198 9501767
1655330325726134259 9132650
1655330325935667687 9143353
1655330326145174580 9088424
1655330326356925763 8933586
1655330326569185166 9421947
1655330326778593802 9002682
1655330326988262997 9252227
1655330327200307470 9305052
1655330327409747848 9062125
1655330327619262460 9130971
1655330327829066201 9427986
1655330328041349972 9396781
1655330328252280924 10448258
1655330328465674923 12758764
1655330328677306334 11246140
1655330328889418374 9244125
1655330329098902130 9098151
1655330329310905152 9155769
1655330329523143236 9340012
1655330329735305284 9296581
1655330329944819654 9130566
1655330330156976010 9403508
1655330330370690453 10989693
1655330330581424013 10325952
1655330330793728140 9424251
1655330331005846603 9185016
1655330331219495376 13269154
1655330331431893203 9516817
1655330331643918174 9374326
1655330331853535212 9164100
1655330332070228694 13824688
1655330332284814318 10839997
1655330332498066354 10483987
1655330332711738451 10804806
1655330332938458963 26299228
1655330333150660968 11815147
1655330333363291922 12195317
1655330333577979195 11866462
1655330333792709587 11869591
1655330334009372489 13186300
1655330334225507229 13254589
1655330334438348793 12442889
1655330334652917573 14176884
1655330334869510593 13735433
1655330335083174663 13242964
1655330335300247864 13548509
1655330335512001300 11338295
1655330335723046753 10090718
1655330335936731456 10210150
1655330336150204329 9975135
1655330336360677321 9632014
1655330336573247110 9383867
1655330336785875107 9338118
1655330336995512998 9218753
1655330337205503527 9580715
1655330337415073208 9168588
1655330337627224349 9263952
1655330337836980098 9360137
1655330338049144974 9309064
1655330338259042299 9503620
1655330338471276418 9328113
1655330338691626246 19954933
1655330338901685527 9660541
1655330339111337597 9260553
1655330339323452743 9272716
1655330339533058584 9169649
1655330339742593939 9130802
1655330339952459079 9459650
1655330340164706661 9470779
1655330340376730950 9271445
1655330340586214380 9070615
1655330340797336560 10711894
1655330341006987277 9230547
1655330341216601343 9207321
1655330341429736016 12676862
1655330341641616420 9123849
1655330341851211627 9198576
1655330342065641364 11105779
1655330342275294618 9241839
1655330342487484277 9409337
1655330342699500041 9240198
1655330342913896387 11527280
1655330343123653486 9353552
1655330343335451044 8993443
1655330343548863253 10601429
1655330343760880843 9190700
1655330343973012720 9265933
1655330344185247114 9504614
1655330344397693684 9742266
1655330344611628806 11164385
1655330344823961076 9531601
1655330345036660162 9763996
1655330345247168480 10033261
1655330345458216540 10656607
1655330345669163050 10546116
1655330345881327253 9414095
1655330346093717770 9523961
1655330346303565496 9446941
1655330346515226172 11270141
1655330346728135405 10103303
1655330346937619034 9055539
1655330347147322781 9295523
1655330347358692413 10968540
1655330347569070003 9105509
1655330347778584399 9102123
1655330347988232481 9245870
1655330348197904557 9286459
1655330348407560523 9242461
1655330348619514874 9123080
1655330348831521969 9131703
1655330349041042972 9098327
1655330349250961730 9519547
1655330349463004188 9211874
1655330349675050279 9184177
1655330349887079019 9080045
1655330350096693023 9199614
1655330350308639178 9119837
1655330350518202968 9111188
1655330350729965875 8981518
1655330350939943612 9568595
1655330351149431738 9061357
1655330351358954819 9109684
1655330351570995564 9099679
1655330351782971411 9114030
1655330351992462491 9091950
1655330352204213653 9003680
1655330352417699711 10709992
1655330352631865233 10743034
1655330352843150589 10639326
1655330353054476221 10495182
1655330353268899001 13717877
1655330353480800611 10858028
1655330353692564759 10787941
1655330353902904990 9576747
1655330354116718856 10567559
1655330354330516285 10747028
1655330354542997279 12144000
1655330354757913359 11847583
1655330354968596667 9808735
1655330355181234898 9653479
1655330355394301209 9813989
1655330355604881361 10145247
1655330355814619511 9332509
1655330356024260045 9248245
1655330356233887520 9241155
1655330356443426110 9146588
1655330356653787371 9391219
1655330356863430322 9227772
1655330357075521582 9237266
1655330357285025081 9095933
1655330357497580816 9714368
1655330357707062388 9167373
1655330357921701100 14246256
1655330358131844644 9754150
1655330358341916758 9693390
1655330358555828109 11133060
1655330358766205206 9968695
1655330358978617677 9486437
1655330359188362760 9362628
1655330359398169842 9400630
1655330359608258117 9689545
1655330359821803947 10506298
1655330360031706039 9497928
1655330360245470470 13216428
1655330360464885321 19028132
1655330360679286277 11638552
1655330360893542135 11491756
1655330361106141565 12177578
1655330361316213682 9647326
1655330361529707742 13105152
1655330361739533020 9437788
1655330361950011412 9993031
1655330362162938274 9986224
1655330362376778737 10792517
1655330362588545994 11367247
1655330362801052649 9597847
1655330363013497632 9370262
1655330363229562716 13298384
1655330363441736359 9210122
1655330363653851283 9258849
1655330363863624018 9383772
1655330364075656160 9254320
1655330364285373811 9308913
1655330364497598261 9457748
1655330364707297680 9303092
1655330364920302475 12611902
1655330365130493746 9775432
1655330365340205689 9316818
1655330365553321968 9294996
1655330365762957401 9206075
1655330365975084570 9253427
1655330366184907662 9393922
1655330366396565831 11254253
1655330366606708965 9742772
1655330366819051107 9366281
1655330367032591247 10671911
1655330367249292809 16269383
1655330367461363156 9165448
1655330367673365225 9166240
1655330367885414669 9281726
1655330368097277451 9105361
1655330368306760166 9074029
1655330368518600482 9133523
1655330368728280408 9276969
1655330368940404760 9299584
1655330369149902158 9099206
1655330369359408351 9113733
1655330369569182274 9358648
1655330369781280889 9307335
1655330369993290820 9300385
1655330370202832273 9096696
1655330370412327710 9089665
1655330370621720346 8987283
1655330370833787195 9205210
1655330371043181524 8980887
1655330371253075226 9479308
1655330371465261394 9443295
1655330371677536888 9409823
1655330371887358428 9425102
1655330372097621262 9878174
1655330372307518110 9488084
1655330372521514451 13564783
1655330372733457518 9164423
1655330372945739514 9495462
1655330373155800172 9598189
1655330373365772408 9549897
1655330373577946282 9406197
1655330373790469082 9540916
1655330374002708259 9285317
1655330374212780556 9674921
1655330374422387561 9210696
1655330374634511690 9201975
1655330374843984457 9087551
1655330375057156928 10405519
1655330375269029143 11494111
1655330375484338148 12548474
1655330375696486867 9386571
1655330375906611410 9731514
1655330376118772844 9385952
1655330376333147108 11567674
1655330376543492297 9947785
1655330376755743187 9516691
1655330376965543841 9412466
1655330377175245367 9331197
1655330377387349694 9230442
1655330377597007849 9272614
1655330377806424313 9029625
1655330378020580724 10130342
1655330378234122759 9300866
1655330378447160473 9224395
1655330378656895303 9341955
1655330378870682341 9184071
1655330379084659639 9772663
1655330379294390302 9140243
1655330379507323557 9187484
1655330379717236173 9519350
1655330379930012086 12302941
1655330380144160388 11945413
1655330380361797367 13381617
1655330380573863421 9250691
1655330380789561591 12732494
1655330381000186026 10243912
1655330381211977505 9027754
1655330381436469488 16242414
1655330381645986565 9129239
1655330381855818756 9152752
1655330382067928503 9359189
1655330382277365015 9227547
1655330382489391020 9218108
1655330382701485367 9203884
1655330382911061139 9187603
1655330383123065844 9255277
1655330383332532044 9074585
1655330383541945060 9029222
1655330383753217603 10827888
1655330383963863204 9967875
1655330384173915172 9729389
1655330384385833646 11485368
1655330384599927020 9599865
1655330384809851094 9660473
1655330385022578515 12291075
1655330385234326691 11260387
1655330385448504852 9951794
1655330385662013864 13105948
1655330385875130719 12699441
1655330386093893036 10561898
1655330386305128500 10791259
1655330386519215731 10538117
1655330386730341890 10663964
1655330386943454261 12687601
1655330387161786875 13930560
1655330387378756026 12135497
1655330387591683304 10108730
1655330387802006238 9882308
1655330388014551994 9735274
1655330388227512347 10165911
1655330388438979651 10245494
1655330388649397639 9225960
1655330388862273581 10063801
1655330389074997575 9935117
1655330389287829242 10069725
1655330389501048609 10428002
1655330389714027551 10133677
1655330389927318670 10467532
1655330390136911583 9197622
1655330390358456822 21086841
1655330390569246649 10391385
