1655412343289006977 0
1655412344290283678 0
1655412345291500607 0
1655412346292742475 0
1655412347293986466 0
1655412348295212792 0
1655412349296429814 0
1655412350297646516 0
1655412351298875849 0
1655412352300100883 0
1655412353301322000 11
1655412354302549650 10
1655412355303071945 10
1655412356304187680 10
1655412357305352773 9
1655412358306576717 9
1655412359307799462 10
1655412360309022304 10
1655412361310243344 10
1655412362311481012 10
1655412363312654416 9
1655412364313881683 9
1655412365315089386 10
1655412366316309274 10
1655412367317530140 10
1655412368318743873 10
1655412369319947397 9
1655412370321162047 9
1655412371322351990 10
1655412372323604153 10
1655412373324821823 10
1655412374326039557 10
1655412375327258972 9
1655412376328494151 9
1655412377329728148 10
1655412378330946243 10
1655412379332162762 10
1655412380333378898 10
1655412381334452844 9
1655412382335676140 9
1655412383336897544 10
1655412384338109360 10
1655412385339316106 10
1655412386340537281 10
1655412387341757476 9
1655412388342973958 9
1655412389344191990 10
1655412390345401515 10
1655412391346626114 10
1655412392347856519 10
1655412393349141675 8
1655412394350361352 10
1655412395351547739 10
1655412396352767383 10
1655412397353995724 10
1655412398355223704 10
1655412399356438929 8
1655412400357655017 10
1655412401358876700 10
1655412402360096789 10
1655412403361313373 10
1655412404362426707 10
1655412405363653256 8
1655412406364871058 10
1655412407366103100 10
1655412408367314430 10
1655412409368535377 10
1655412410369749842 10
1655412411370980014 8
1655412412372203132 10
1655412413373423019 10
1655412414374640167 10
1655412415375853975 10
1655412416377073964 10
1655412417378310682 8
1655412418378436992 10
1655412419379666230 10
1655412420380883101 10
1655412421382106260 10
1655412422383328768 10
1655412423384546170 8
1655412424385760564 10
1655412425386376659 10
1655412426387571959 10
1655412427388798755 10
1655412428390011394 10
1655412429391219414 8
1655412430392435765 10
1655412431393657661 10
1655412432394871647 10
1655412433396089699 10
1655412434397315194 10
1655412435398543021 8
1655412436399769932 10
1655412437400990553 10
1655412438402208964 10
1655412439402432358 10
1655412440403577138 10
1655412441404824943 8
1655412442406045280 8
1655412443407269619 0
