1655522605923794286 0
1655522606924974652 0
1655522607925987194 0
1655522608927119576 0
1655522609928246688 0
1655522610929372376 0
1655522611930497259 0
1655522612931617582 0
1655522613932738033 0
1655522614933858891 32
1655522615934983360 90
1655522616936096545 84
1655522617937233547 90
1655522618938368160 90
1655522619939469069 84
1655522620940603997 84
1655522621941727565 90
1655522622942846845 90
1655522623943962947 84
1655522624945083196 90
1655522625946194847 90
1655522626947353078 81
1655522627948473004 87
1655522628949592341 90
1655522629950711327 89
1655522630951837025 85
1655522631952963693 90
1655522632954085972 90
1655522633955221609 78
1655522634956338909 90
1655522635957460021 90
1655522636958574602 86
1655522637959700113 88
1655522638960820834 90
1655522639961942263 90
1655522640963066447 78
1655522641964193498 90
1655522642965319104 90
1655522643966437579 85
1655522644967557920 89
1655522645968676404 90
1655522646969788473 89
1655522647970904133 79
1655522648972026285 90
1655522649973146662 90
1655522650974286811 85
1655522651975406933 89
1655522652976523638 90
1655522653977647702 83
1655522654978769095 85
1655522655979889484 90
1655522656981006797 87
1655522657982127261 88
1655522658983255265 89
1655522659984376604 90
1655522660985491658 79
1655522661986611197 89
1655522662987727875 88
1655522663988842455 88
1655522664989960714 88
1655522665991100052 90
1655522666992222180 89
1655522667993350845 79
1655522668994465717 90
1655522669995588850 88
1655522670996713339 87
1655522671997839968 89
1655522672998965619 90
1655522674000091107 85
1655522675001218333 83
1655522676002337028 89
1655522677003470721 89
1655522678004598775 87
1655522679005725074 89
1655522680006810966 90
1655522681007909667 79
1655522682009035430 89
1655522683010158660 88
1655522684011279357 89
1655522685012401069 88
1655522686013523913 89
1655522687014638877 85
1655522688015773528 84
1655522689016901351 89
1655522690018019652 88
1655522691019145387 88
1655522692020270752 89
1655522693021389432 89
1655522694022505069 82
1655522695023634533 86
1655522696024753831 90
1655522697025878903 88
1655522698027001212 87
1655522699028126331 90
1655522700029246350 85
1655522701030364402 85
1655522702031489079 87
1655522703032614607 90
1655522704033729617 87
1655522705034850043 37