1655411745797056355 0
1655411746798342002 0
1655411747799579105 0
1655411748800331627 0
1655411749801589475 0
1655411750802837789 0
1655411751804082968 0
1655411752805330228 0
1655411753806585106 0
1655411754807828515 4
1655411755809066193 10
1655411756810301447 10
1655411757811535393 10
1655411758812755162 10
1655411759814006649 8
1655411760815256379 10
1655411761816495656 10
1655411762817737100 10
1655411763818998146 10
1655411764820238946 10
1655411765820360400 8
1655411766821596280 10
1655411767822829344 10
1655411768824052134 10
1655411769824359059 10
1655411770824500966 10
1655411771825746033 8
1655411772826986991 10
1655411773828221464 10
1655411774828357143 10
1655411775829590017 10
1655411776830822150 10
1655411777832062658 8
1655411778833316311 10
1655411779834566318 10
1655411780835809934 10
1655411781836352641 10
1655411782837596767 8
1655411783838826851 10
1655411784840030732 10
1655411785840316493 10
1655411786841552833 10
1655411787842785475 10
1655411788844015211 8
1655411789845264189 10
1655411790846513985 10
1655411791847755307 10
1655411792848992659 10
1655411793850221224 10
1655411794851459315 8
1655411795852693807 10
1655411796853935665 10
1655411797855166276 10
1655411798856313759 10
1655411799857506907 10
1655411800858757921 8
1655411801859997340 10
1655411802861241761 10
1655411803862473791 10
1655411804863699000 10
1655411805864308616 9
1655411806865552355 9
1655411807866786181 10
1655411808867989042 10
1655411809869227461 10
1655411810870471595 10
1655411811871716876 8
1655411812872883682 10
1655411813874120457 10
1655411814875348882 10
1655411815876505593 10
1655411816877692627 10
1655411817878849386 8
1655411818880006520 10
1655411819880339122 10
1655411820881582134 10
1655411821882823516 10
1655411822884065503 10
1655411823885294463 8
1655411824886525527 10
1655411825887762652 10
1655411826889003514 10
1655411827890195097 10
1655411828891450366 9
1655411829892697867 9
1655411830893943695 10
1655411831895189041 10
1655411832896364825 10
1655411833897599207 10
1655411834898758357 8
1655411835899960387 10
1655411836901194250 10
1655411837902439327 10
1655411838903638834 10
1655411839904882112 10
1655411840906112665 8
1655411841907357497 10
1655411842908598026 10
1655411843909831087 10
