1655521622524004420 0
1655521623525166835 0
1655521624526289826 0
1655521625527403515 0
1655521626528524646 0
1655521627529646666 0
1655521628530771685 0
1655521629531893125 0
1655521630533012342 0
1655521631534133818 6
1655521632536038044 10
1655521633537172368 10
1655521634538297132 10
1655521635539417627 9
1655521636540540194 9
1655521637541657287 10
1655521638542782638 10
1655521639543921329 10
1655521640545048453 10
1655521641546174435 10
1655521642547327564 8
1655521643548461574 10
1655521644549592215 10
1655521645550720068 10
1655521646551851280 10
1655521647552978363 10
1655521648554107068 9
1655521649554329557 9
1655521650555458495 10
1655521651556583903 10
1655521652557696628 10
1655521653558821623 10
1655521654559950610 10
1655521655561076347 9
1655521656562196799 9
1655521657563334698 10
1655521658564456688 10
1655521659565579041 10
1655521660566703513 10
1655521661567823368 10
1655521662568943299 9
1655521663570069197 9
1655521664571192832 10
1655521665572314299 10
1655521666573437730 10
1655521667574554937 10
1655521668575667162 10
1655521669576786316 8
1655521670577908751 10
1655521671579030504 10
1655521672580154788 10
1655521673581279216 10
1655521674582394490 10
1655521675583519107 9
1655521676584644707 9
1655521677585773695 10
1655521678586907282 10
1655521679588030829 10
1655521680589159232 10
1655521681590289253 10
1655521682591412237 9
1655521683592536745 9
1655521684593660229 10
1655521685594782983 10
1655521686595912184 10
1655521687597036915 10
1655521688598158721 9
1655521689599272559 10
1655521690600395477 9
1655521691601516541 10
1655521692602640183 10
1655521693603769952 10
1655521694604894681 10
1655521695606015905 9
1655521696607139222 9
1655521697608258175 10
1655521698609387789 10
1655521699610512336 10
1655521700611634887 10
1655521701612757604 10
1655521702613882938 9
1655521703615004948 9
1655521704616127496 10
1655521705617249098 10
1655521706618375411 10
1655521707619499041 10
1655521708620622817 9
1655521709621747231 10
1655521710622880058 9
1655521711624007881 10
1655521712625141730 10
1655521713626270049 10
1655521714627392847 10
1655521715628512907 9
1655521716629639099 9
1655521717630305041 10
1655521718631432534 10
1655521719632556433 10
1655521720633679196 10
1655521721634805391 2