1655513433660397828 0
1655513434661563229 0
1655513435662682347 0
1655513436663803786 0
1655513437664929702 0
1655513438666042329 0
1655513439667175050 0
1655513440668308951 0
1655513441669433144 0
1655513442670554399 0
1655513443671677768 36
1655513444672800291 50
1655513445673921185 50
1655513446675035888 46
1655513447676158322 48
1655513448677283674 50
1655513449678402122 49
1655513450679528277 47
1655513451680652565 50
1655513452681779993 50
1655513453682913385 44
1655513454684041829 50
1655513455685165219 50
1655513456686288424 47
1655513457687414079 49
1655513458688536798 50
1655513459689660203 48
1655513460690796179 46
1655513461691917803 50
1655513462693038501 50
1655513463694159199 46
1655513464695279907 50
1655513465696406759 49
1655513466697522469 48
1655513467698649269 47
1655513468699769950 50
1655513469700895098 50
1655513470702022979 46
1655513471703142442 50
1655513472704262231 48
1655513473705382962 47
1655513474706299919 49
1655513475707405723 50
1655513476708518796 50
1655513477709648064 46
1655513478710777986 50
1655513479711909187 48
1655513480713032893 46
1655513481714156818 50
1655513482715278169 50
1655513483716407375 48
1655513484717534598 48
1655513485718670357 50
1655513486719783774 48
1655513487720907888 46
1655513488722028670 50
1655513489723150442 50
1655513490724270609 46
1655513491725389142 50
1655513492726503010 49
1655513493727623548 47
1655513494728745448 48
1655513495729866996 50
1655513496730985261 50
1655513497732105363 46
1655513498733226710 50
1655513499734340918 48
1655513500735460213 46
1655513501736580730 50
1655513502737707083 50
1655513503738828855 50
1655513504739955100 46
1655513505741077383 50
1655513506742202707 47
1655513507743343895 47
1655513508744461005 50
1655513509745590623 50
1655513510746707719 48
1655513511747837860 48
1655513512748962038 50
1655513513750084747 46
1655513514751207768 48
1655513515752331701 50
1655513516753452780 50
1655513517754575858 46
1655513518755690057 50
1655513519756816271 50
1655513520757946068 45
1655513521759070008 49
1655513522760191854 50
1655513523761306279 49
1655513524762429428 47
1655513525763551147 50
1655513526764664836 48
1655513527765787858 46
1655513528766300948 50
1655513529767425473 50
1655513530768550757 46
1655513531769676561 50
1655513532770793963 48
1655513533771916368 1
1655513534773039862 0