1655412583287047509 0
1655412584288313930 0
1655412585289531636 0
1655412586290769610 0
1655412587291991727 0
1655412588293185008 0
1655412589294409005 0
1655412590295625165 0
1655412591296851745 0
1655412592298080804 2
1655412593299308140 56
1655412594300520296 55
1655412595301734904 54
1655412596302786375 53
1655412597304015008 52
1655412598305243597 50
1655412599306468981 55
1655412600307732424 53
1655412601308956511 54
1655412602310178642 55
1655412603311344343 47
1655412604312563960 55
1655412605313778318 53
1655412606314999542 55
1655412607316218557 54
1655412608317437336 55
1655412609318662133 45
1655412610319831853 55
1655412611321048893 55
1655412612322294252 55
1655412613323526124 52
1655412614324750713 52
1655412615325969552 50
1655412616327197338 55
1655412617328364808 55
1655412618329607787 52
1655412619330505254 55
1655412620331730275 52
1655412621332960874 50
1655412622334189532 53
1655412623334441328 55
1655412624335661250 54
1655412625336877762 55
1655412626338101367 52
1655412627339320817 50
1655412628340541552 53
1655412629341766962 55
1655412630342990158 54
1655412631344216927 55
1655412632345427920 50
1655412633346637017 52
1655412634347817970 53
1655412635349039419 55
1655412636350250531 54
1655412637351555242 55
1655412638352792599 50
1655412639354005836 52
1655412640355225970 53
1655412641356450631 55
1655412642357667695 55
1655412643358867182 51
1655412644360035330 53
1655412645361255516 52
1655412646362434518 53
1655412647363659303 55
1655412648364897196 55
1655412649366123918 50
1655412650367278899 52
1655412651368507398 54
1655412652369727714 53
1655412653370954792 55
1655412654372175135 55
1655412655373386434 50
1655412656374591633 52
1655412657375861262 53
1655412658377069971 54
1655412659378305216 55
1655412660379524412 55
1655412661380749442 49
1655412662381968304 53
1655412663383154513 53
1655412664384374844 54
1655412665385597002 55
1655412666386505575 55
1655412667387742152 49
1655412668388905831 53
1655412669390192020 52
1655412670391427621 55
1655412671392643704 55
1655412672393900306 55
1655412673395126112 49
1655412674396343009 53
1655412675397102439 52
1655412676398393043 55
1655412677398575787 55
1655412678399751585 52
1655412679400974455 52
1655412680402209044 52
1655412681403437692 53
