1655412704404529806 0
1655412705405740896 0
1655412706406909624 0
1655412707408087413 0
1655412708408292570 0
1655412709409462336 0
1655412710410619138 0
1655412711411788134 0
1655412712412967477 0
1655412713414107345 6
1655412714415268134 12
1655412715416293533 66
1655412716417455082 58
1655412717418633608 68
1655412718419809960 69
1655412719420288051 62
1655412720421459515 67
1655412721422623854 54
1655412722423727676 80
1655412723424311365 60
1655412724425479270 68
1655412725426553903 59
1655412726427782202 53
1655412727428357460 81
1655412728429580370 62
1655412729430786582 68
1655412730431986617 52
1655412731432414541 82
1655412732433557056 57
1655412733434806249 71
1655412734435928627 63
1655412735437157282 57
1655412736438398580 85
1655412737439637607 49
1655412738440411331 75
1655412739441615584 84
1655412740442845262 61
1655412741444084940 57
1655412742444248715 62
1655412743444423245 65
1655412744445616055 62
1655412745446851352 65
1655412746448078859 59
1655412747449307509 53
1655412748450533653 84
1655412749451772820 51
1655412750453003788 70
1655412751454244297 67
1655412752455493310 70
1655412753456745776 76
1655412754457974134 62
1655412755459206233 59
1655412756460442035 63
1655412757461684718 70
1655412758462931435 61
1655412759463719317 68
1655412760464332874 67
1655412761465495804 61
1655412762466671111 65
1655412763467845767 73
1655412764469008079 58
1655412765470170120 71
1655412766471318948 52
1655412767472486847 68
1655412768473603805 65
1655412769474767491 69
1655412770475925042 60
1655412771477085906 66
1655412772478256875 65
1655412773479432653 66
1655412774480280301 64
1655412775481397778 72
1655412776482553673 64
1655412777483718640 68
1655412778484880173 66
1655412779486054078 60
1655412780487219553 65
1655412781488343698 64
1655412782489554864 70
1655412783490716663 66
1655412784491877168 65
1655412785493039226 56
1655412786494205481 73
1655412787495365798 76
1655412788496530078 70
1655412789496999803 64
1655412790498238038 66
1655412791499453301 68
1655412792500693047 66
1655412793501944589 67
1655412794503187662 65
1655412795504421662 65
1655412796505652848 62
1655412797506881477 67
1655412798508121590 63
1655412799509381848 64
1655412800510619343 66
1655412801511861386 70
1655412802513109597 64
