1655412824582020008 0
1655412825583225371 0
1655412826584374419 0
1655412827585550618 0
1655412828586370158 0
1655412829587534760 0
1655412830588681019 0
1655412831589834225 0
1655412832590984236 0
1655412833592135164 16
1655412834593300146 133
1655412835594452393 126
1655412836595617464 140
1655412837596750615 136
1655412838597874437 130
1655412839598499497 138
1655412840599621366 135
1655412841600786664 133
1655412842601948710 137
1655412843603123896 134
1655412844604285012 135
1655412845605394248 137
1655412846606487042 134
1655412847607605239 135
1655412848608753585 137
1655412849609863242 133
1655412850610443550 136
1655412851611548835 136
1655412852612659800 134
1655412853613832225 134
1655412854614480180 137
1655412855615596010 134
1655412856616721018 135
1655412857617871129 134
1655412858618424914 133
1655412859619538453 138
1655412860620695983 135
1655412861621907680 135
1655412862623140048 135
1655412863624351266 136
1655412864625570782 132
1655412865626791988 139
1655412866627981982 133
1655412867629199551 134
1655412868630427857 138
1655412869631614239 135
1655412870632828686 133
1655412871634046641 139
1655412872634496260 133
1655412873635681520 132
1655412874636897531 138
1655412875638014183 135
1655412876638499590 133
1655412877639584265 138
1655412878640752557 132
1655412879641976376 136
1655412880642497869 138
1655412881643728524 131
1655412882644949449 137
1655412883646154474 135
1655412884646463564 131
1655412885647660559 139
1655412886648878555 139
1655412887650130487 129
1655412888651351799 139
1655412889652560223 132
1655412890653779750 134
1655412891654497926 138
1655412892655570076 135
1655412893656747527 131
1655412894657975416 140
1655412895658406333 132
1655412896659595421 136
1655412897660873939 135
1655412898662082867 134
1655412899662437807 135
1655412900663627396 134
1655412901664860503 135
1655412902665950140 138
1655412903666412499 133
1655412904666563499 136
1655412905667737892 132
1655412906668976079 138
1655412907670195924 135
1655412908671417717 134
1655412909672499317 135
1655412910673714248 135
1655412911674513687 135
1655412912675702236 134
1655412913676835072 135
1655412914677919450 137
1655412915679132967 133
1655412916680362502 138
1655412917681549493 134
1655412918682514384 134
1655412919683744405 135
1655412920684952439 136
1655412921686169859 134
1655412922686353541 136
