1655411864906098968 0
1655411865906598673 0
1655411866907830117 0
1655411867909057307 0
1655411868910289133 0
1655411869911512360 0
1655411870912725778 0
1655411871913945273 0
1655411872915159479 0
1655411873916388776 4
1655411874917607855 20
1655411875918570841 20
1655411876919832961 19
1655411877921054688 17
1655411878922350959 20
1655411879923597865 20
1655411880924821872 20
1655411881926045940 20
1655411882927198680 17
1655411883928410633 19
1655411884929633558 20
1655411885930862827 20
1655411886932089981 20
1655411887933306882 20
1655411888934532957 16
1655411889935720061 20
1655411890936938464 20
1655411891938069701 20
1655411892939310185 20
1655411893940528345 20
1655411894941753892 16
1655411895942511608 20
1655411896943743673 20
1655411897944957845 20
1655411898946189279 20
1655411899947208207 19
1655411900948328426 17
1655411901949489826 20
1655411902950639128 20
1655411903951792534 20
1655411904952941713 20
1655411905954101625 18
1655411906954371181 18
1655411907955521973 20
1655411908956674247 20
1655411909957836405 20
1655411910958991676 20
1655411911960142166 16
1655411912961311970 20
1655411913962464941 20
1655411914963632477 20
1655411915964791724 20
1655411916965987786 20
1655411917967133178 16
1655411918968269811 20
1655411919969419539 20
1655411920970566700 20
1655411921971682261 20
1655411922972838676 18
1655411923973998450 18
1655411924975153258 20
1655411925976346107 20
1655411926977525605 20
1655411927978688342 20
1655411928979839235 18
1655411929980997414 18
1655411930982115376 20
1655411931982452099 20
1655411932983615454 20
1655411933984765643 20
1655411934985924564 17
1655411935987084566 19
1655411936988254521 20
1655411937989403977 20
1655411938989595208 20
1655411939990822338 20
1655411940992037545 17
1655411941993261680 19
1655411942994481174 20
1655411943995686996 20
1655411944996908195 20
1655411945998129455 20
1655411946998468199 16
1655411947999691473 20
1655411949000917240 20
1655411950002147659 20
1655411951003374990 20
1655411952004590105 20
1655411953005799913 16
1655411954006517132 20
1655411955007735638 20
1655411956008965380 20
1655411957010187937 20
1655411958011419913 20
1655411959012640329 16
1655411960013853087 20
1655411961014428916 20
1655411962015648971 20
1655411963016868697 20
