1655411984220804893 0
1655411985222065558 0
1655411986223299176 0
1655411987224545708 0
1655411988225790042 0
1655411989227020762 0
1655411990228281941 0
1655411991229529904 0
1655411992230765260 0
1655411993232011385 12
1655411994233248342 20
1655411995234471945 20
1655411996235699581 20
1655411997236940839 20
1655411998238222656 16
1655411999239457066 20
1655412000240700260 20
1655412001241940547 20
1655412002243170546 20
1655412003244420855 20
1655412004245649763 16
1655412005246880573 20
1655412006248124076 20
1655412007249377080 20
1655412008250611458 20
1655412009251838330 18
1655412010253094133 18
1655412011254309930 20
1655412012255559186 20
1655412013256799514 20
1655412014258021760 20
1655412015259263045 18
1655412016260377726 18
1655412017261618875 20
1655412018262857366 20
1655412019264091616 20
1655412020265326014 20
1655412021266566101 18
1655412022267815003 18
1655412023269059220 20
1655412024270290771 20
1655412025271466568 20
1655412026272349322 20
1655412027273585308 18
1655412028274817907 18
1655412029276059109 20
1655412030277312676 20
1655412031278557462 20
1655412032279797372 20
1655412033280363255 16
1655412034281610854 20
1655412035282843747 20
1655412036284074020 20
1655412037285317811 20
1655412038286540831 20
1655412039287777684 16
1655412040288410719 20
1655412041289593069 20
1655412042290840584 20
1655412043292082113 20
1655412044292461408 19
1655412045293714123 17
1655412046294943835 20
1655412047296197238 20
1655412048297434956 20
1655412049298663172 20
1655412050299910279 16
1655412051301159140 20
1655412052302393075 20
1655412053303623946 20
1655412054304857411 20
1655412055306092759 20
1655412056307336530 16
1655412057308577471 20
1655412058309812402 20
1655412059311043124 20
1655412060312288028 20
1655412061313476579 20
1655412062314712169 16
1655412063315939717 20
1655412064317169930 20
1655412065318410744 20
1655412066319630750 20
1655412067320422422 20
1655412068321656793 16
1655412069322895092 20
1655412070324141813 20
1655412071325407885 20
1655412072326650786 20
1655412073327886757 20
1655412074329122821 16
1655412075330356771 20
1655412076331592652 20
1655412077332349538 20
1655412078333588501 20
1655412079334706235 18
1655412080335980400 18
1655412081336376408 20
1655412082337549409 20
