1655412944207308702 0
1655412945208539067 0
1655412946209706699 0
1655412947210873515 0
1655412948212045930 0
1655412949213208752 0
1655412950214368939 0
1655412951215527188 0
1655412952216702098 0
1655412953217884217 2
1655412954219054357 38
1655412955220223371 44
1655412956221397379 45
1655412957222553898 40
1655412958223718704 44
1655412959223880512 44
1655412960225098406 44
1655412961226330872 42
1655412962227568915 45
1655412963228809690 42
1655412964230050217 44
1655412965231275573 44
1655412966232508542 41
1655412967233743719 45
1655412968234977194 45
1655412969236208992 42
1655412970236395938 44
1655412971237579079 44
1655412972238828753 41
1655412973240018637 45
1655412974240411220 45
1655412975241638996 42
1655412976242854428 44
1655412977244094218 44
1655412978244357592 41
1655412979245551040 45
1655412980246785972 44
1655412981247960021 43
1655412982249203994 44
1655412983250451368 42
1655412984251689750 43
1655412985252927498 45
1655412986254170503 43
1655412987255410025 44
1655412988256649864 44
1655412989257815794 40
1655412990259048177 45
1655412991260348419 45
1655412992261599723 43
1655412993262851499 44
1655412994264107850 44
1655412995265347448 40
1655412996266570576 45
1655412997267818108 45
1655412998269053403 42
1655412999270290451 45
1655413000271524382 43
1655413001272763046 41
1655413002274004916 45
1655413003275197340 45
1655413004276300886 42
1655413005277500376 45
1655413006278730563 41
1655413007279967684 43
1655413008281206626 45
1655413009282448895 44
1655413010283677085 43
1655413011284925835 45
1655413012286183758 39
1655413013287423336 45
1655413014288657648 45
1655413015289896173 43
1655413016291111201 44
1655413017292433851 43
1655413018293662242 41
1655413019294863166 45
1655413020296105230 45
1655413021297335189 43
1655413022298580657 44
1655413023299816119 43
1655413024301054009 41
1655413025302286142 45
1655413026303500258 45
1655413027304732448 43
1655413028305966488 44
1655413029307208771 43
1655413030308408184 41
1655413031309641133 45
1655413032310849953 45
1655413033312102826 43
1655413034312280421 43
1655413035313520510 44
1655413036314756243 41
1655413037315991605 45
1655413038316406104 45
1655413039317636491 43
1655413040318969142 42
1655413041320176839 44
1655413042321410738 42
