1655413063314044438 0
1655413064315245682 0
1655413065316414158 0
1655413066317581450 0
1655413067318369523 0
1655413068319506596 0
1655413069320659705 0
1655413070321812268 0
1655413071322969016 0
1655413072324131328 3
1655413073325281152 31
1655413074326436960 51
1655413075327596584 139
1655413076328763670 126
1655413077329925616 78
1655413078330507475 109
1655413079331630509 81
1655413080332782189 81
1655413081333934332 146
1655413082335102420 156
1655413083336267926 154
1655413084337447339 159
1655413085338601421 147
1655413086339755760 144
1655413087340921396 127
1655413088342083667 145
1655413089342379056 150
1655413090343489142 155
1655413091344598211 161
1655413092345757259 152
1655413093346954647 154
1655413094348124930 162
1655413095349376210 158
1655413096350491672 156
1655413097351790191 160
1655413098352979951 162
1655413099354171744 150
1655413100355392521 155
1655413101356609912 160
1655413102357854963 159
1655413103359082100 164
1655413104360304906 149
1655413105361548483 145
1655413106362543729 155
1655413107363790934 157
1655413108365005615 155
1655413109366244867 158
1655413110366433298 89
1655413111367654767 83
1655413112368882640 133
1655413113370130408 140
1655413114371385761 139
1655413115372614781 146
1655413116373840806 146
1655413117375078028 139
1655413118376314133 145
1655413119377534325 142
1655413120378494707 149
1655413121379709791 144
1655413122380926572 143
1655413123382142042 145
1655413124383330783 146
1655413125384551295 140
1655413126385781650 144
1655413127386781389 148
1655413128387963277 141
1655413129389238655 141
1655413130390563891 143
1655413131391743955 146
1655413132392912148 148
1655413133394056281 143
1655413134394561479 143
1655413135395709636 145
1655413136396955109 143
1655413137398107239 146
1655413138398410093 146
1655413139399562516 142
1655413140400677558 144
1655413141401827381 141
1655413142402571696 145
1655413143403680113 148
1655413144404836594 143
1655413145405980243 146
1655413146406385159 142
1655413147407571912 143
1655413148408712207 146
1655413149409846705 147
1655413150410965573 142
1655413151412117325 145
1655413152413232637 138
1655413153414452511 148
1655413154415573061 143
1655413155416717635 144
1655413156417867688 144
1655413157418982394 140
1655413158420137740 146
1655413159421295123 145
1655413160422459798 148
1655413161423572928 143
