1655413302489887085 0
1655413303490449776 0
1655413304491677224 0
1655413305492914371 0
1655413306494138716 0
1655413307495352565 0
1655413308496565294 0
1655413309497856234 0
1655413310499074214 0
1655413311500346310 21
1655413312501573855 44
1655413313502804934 44
1655413314504028178 49
1655413315505254231 50
1655413316506510847 50
1655413317507739920 47
1655413318508936137 47
1655413319510170231 47
1655413320511394369 49
1655413321512602545 50
1655413322513801142 49
1655413323515101436 45
1655413324516284028 50
1655413325517500847 47
1655413326518726155 49
1655413327519963901 50
1655413328521113206 47
1655413329522401193 47
1655413330523625864 50
1655413331524841616 47
1655413332526066699 49
1655413333527289816 50
1655413334528565807 46
1655413335529793725 48
1655413336531020829 50
1655413337532237137 47
1655413338533453114 49
1655413339534673597 50
1655413340535887683 46
1655413341537106051 48
1655413342538352940 50
1655413343539575393 47
1655413344540801009 49
1655413345542010535 50
1655413346543231069 46
1655413347544450843 48
1655413348545603879 50
1655413349546827463 47
1655413350548045104 49
1655413351549263971 50
1655413352550487882 47
1655413353551720464 47
1655413354552895531 49
1655413355554119239 48
1655413356555330934 49
1655413357556486903 50
1655413358557592102 47
1655413359558818716 47
1655413360560035158 48
1655413361561243365 48
1655413362562509719 50
1655413363563738944 50
1655413364564927960 46
1655413365566153057 48
1655413366567376582 48
1655413367568570033 49
1655413368569785833 49
1655413369571005430 50
1655413370572251256 46
1655413371573460243 48
1655413372574543266 47
1655413373575760568 49
1655413374576986953 50
1655413375578207232 50
1655413376579408971 46
1655413377580626946 48
1655413378581842305 47
1655413379583029547 49
1655413380584248889 50
1655413381585472193 50
1655413382586444084 45
1655413383587646523 49
1655413384588871246 47
1655413385590100574 49
1655413386591320324 50
1655413387592534050 50
1655413388593752743 45
1655413389595028340 50
1655413390596246746 46
1655413391597462480 49
1655413392598687530 50
1655413393599882727 50
1655413394601100442 45
1655413395602254496 50
1655413396603557482 46
1655413397604770631 49
1655413398605987593 50
1655413399606438068 50
1655413400607649516 45
