1655412103200625488 0
1655412104201893167 0
1655412105203115570 0
1655412106204359456 0
1655412107205605881 0
1655412108206830750 0
1655412109208039973 0
1655412110209268575 0
1655412111210487898 0
1655412112210807380 2
1655412113212032314 40
1655412114213177336 36
1655412115214386132 37
1655412116215608759 40
1655412117216750501 40
1655412118218008369 39
1655412119218501145 40
1655412120219692524 34
1655412121220918769 39
1655412122222134641 40
1655412123223329363 40
1655412124224546023 39
1655412125225738280 39
1655412126226955242 34
1655412127228181886 40
1655412128229386065 40
1655412129230611312 39
1655412130231800049 40
1655412131233036605 36
1655412132234371419 37
1655412133235590694 40
1655412134236809916 40
1655412135238028772 39
1655412136239243707 40
1655412137240424080 36
1655412138241648134 37
1655412139242866933 40
1655412140244093853 40
1655412141245323078 39
1655412142246495798 40
1655412143247791581 35
1655412144249005514 38
1655412145250172368 40
1655412146251387598 40
1655412147252610878 39
1655412148253817022 40
1655412149255114953 34
1655412150256344001 39
1655412151257570695 40
1655412152258795376 40
1655412153260010426 39
1655412154261233433 40
1655412155262502870 33
1655412156263728222 40
1655412157264968384 40
1655412158266187148 39
1655412159267413526 38
1655412160268629816 40
1655412161269857600 35
1655412162271086809 40
1655412163272300370 40
1655412164273511865 39
1655412165274470279 38
1655412166274576267 38
1655412167275780141 37
1655412168276965325 40
1655412169278185861 40
1655412170279415180 39
1655412171280628884 38
1655412172281851438 36
1655412173283072661 39
1655412174284307984 40
1655412175285458695 40
1655412176286635667 39
1655412177287834120 38
1655412178289020327 36
1655412179290242614 39
1655412180291479086 40
1655412181292707219 40
1655412182293932056 38
1655412183294300907 37
1655412184295547593 37
1655412185296770913 40
1655412186297986465 40
1655412187298305938 39
1655412188299387007 36
1655412189300597812 38
1655412190301824713 39
1655412191303006261 40
1655412192304238042 40
1655412193305441787 37
1655412194306663573 38
1655412195307884982 38
1655412196309105236 39
1655412197310387676 40
1655412198310509346 38
1655412199311729666 37
1655412200312954975 40
1655412201314035573 38
1655412202315255140 28
