1655412223527654926 0
1655412224528936682 0
1655412225530167368 0
1655412226531418132 0
1655412227532361354 0
1655412228533605798 0
1655412229534850262 0
1655412230536096301 0
1655412231537340082 0
1655412232538589066 3
1655412233539818645 21
1655412234541045941 25
1655412235542276305 24
1655412236543503611 22
1655412237544734880 25
1655412238545965032 24
1655412239547203419 25
1655412240548491097 25
1655412241549738288 21
1655412242550986708 25
1655412243552194244 25
1655412244553489844 24
1655412245554719832 25
1655412246555950208 25
1655412247557187140 21
1655412248558420210 25
1655412249559656895 25
1655412250560890792 24
1655412251562137938 25
1655412252563379659 23
1655412253564616875 23
1655412254565849605 25
1655412255567080387 25
1655412256568316640 24
1655412257569505992 25
1655412258570738468 22
1655412259572026177 24
1655412260573190172 25
1655412261574432520 24
1655412262575668543 25
1655412263576905429 25
1655412264578136444 22
1655412265579376248 24
1655412266580611920 25
1655412267581857894 24
1655412268583151992 25
1655412269584412781 25
1655412270585662821 21
1655412271586908113 25
1655412272588149700 25
1655412273589405396 24
1655412274590645986 25
1655412275591798947 25
1655412276593022012 21
1655412277594256851 25
1655412278595479090 25
1655412279596711594 24
1655412280597956462 25
1655412281599187434 25
1655412282600434713 21
1655412283601626693 25
1655412284602858852 25
1655412285604102625 24
1655412286605338557 25
1655412287606582291 25
1655412288607834654 21
1655412289609076706 25
1655412290610331200 25
1655412291611585313 24
1655412292612826904 25
1655412293614071892 22
1655412294615305656 24
1655412295616542202 25
1655412296617774124 24
1655412297619004335 25
1655412298620361641 25
1655412299621582498 21
1655412300622818173 25
1655412301624063754 25
1655412302625308640 24
1655412303626526188 25
1655412304627747024 24
1655412305628988571 22
1655412306630220714 25
1655412307631426672 25
1655412308632655548 24
1655412309633890510 25
1655412310635122081 24
1655412311636362504 22
1655412312637606704 25
1655412313638768447 25
1655412314640001095 24
1655412315641119572 25
1655412316642311740 22
1655412317643554723 24
1655412318644797362 25
1655412319646026077 25
1655412320647247619 24
1655412321648366566 25
