1655698098477309289 0
1655698099478520536 0
1655698100479718916 0
1655698101480906106 0
1655698102482032067 0
1655698103483211470 0
1655698104484326366 0
1655698105485307115 0
1655698106486309848 0
1655698107487308819 30
1655698108488306813 66
1655698109489559934 65
1655698110490717397 70
1655698111491324990 68
1655698112492340678 63
1655698113493343398 68
1655698114494520408 69
1655698115495768466 70
1655698116496915734 62
1655698117498182866 67
1655698118499297839 68
1655698119500298042 65
1655698120501315773 68
1655698121502335776 66
1655698122503545892 70
1655698123504835356 66
1655698124505322888 63
1655698125506529761 69
1655698126507709874 64
1655698127509201391 68
1655698128510318034 70
1655698129511540198 65
1655698130512738721 67
1655698131513911929 64
1655698132515902665 69
1655698133516354396 64
1655698134517874976 69
1655698135519031716 67
1655698136520196625 64
1655698137521355887 70
1655698138522598460 62
1655698139523309043 68
1655698140524314935 69
1655698141525327137 64
1655698142526273921 65
1655698143527411850 66
1655698144528686174 67
1655698145530024427 66
1655698146531324966 64
1655698147532499727 70
1655698148533662336 61
1655698149534814310 67
1655698150535379971 69
1655698151536292299 66
1655698152537328525 67
1655698153538292316 68
1655698154539445124 67
1655698155540319841 65
1655698156541449474 67
1655698157542597859 70
1655698158543321069 67
1655698159545134726 67
1655698160545433648 67
1655698161546378322 65
1655698162547359472 67
1655698163548305255 70
1655698164549340787 67
1655698165550305102 66
1655698166551372239 64
1655698167552331425 69
1655698168553307131 67
1655698169554365831 67
1655698170555351628 65
1655698171556311172 69
1655698172557321608 66
1655698173558463545 66
1655698174559624080 67
1655698175560314965 67
1655698176561322114 63
1655698177562567446 70
1655698178563924902 70
1655698179565293211 61
1655698180566460411 69
1655698181567933921 65
1655698182569339910 68
1655698183570493438 69
1655698184571670572 62
1655698185572938978 69
1655698186573304262 64
1655698187574458957 69
1655698188575357839 69
1655698189576443480 61
1655698190577620120 69
1655698191578992780 69
1655698192579342140 63
1655698193580752785 69
1655698194582115573 67
1655698195583457448 65
1655698196584314274 70
