1655672821282545415 0
1655672822283743222 0
1655672823284920185 0
1655672824286085853 0
1655672825286331635 0
1655672826287509527 0
1655672827288717790 0
1655672828290026762 0
1655672829291178516 0
1655672830291315243 3
1655672831292471413 71
1655672832293641844 96
1655672833294326702 95
1655672834295615831 98
1655672835296316717 93
1655672836297550553 95
1655672837298826462 96
1655672838299892726 96
1655672839300323931 93
1655672840301313108 96
1655672841302490867 90
1655672842303621298 100
1655672843304340000 91
1655672844305604438 95
1655672845306634708 98
1655672846307337166 91
1655672847308337917 98
1655672848309564676 91
1655672849310332706 97
1655672850311584559 91
1655672851312756628 96
1655672852314061423 96
1655672853315206517 92
1655672854316456493 95
1655672855318134108 92
1655672856319310525 96
1655672857320559899 96
1655672858321876021 90
1655672859323154682 100
1655672860324468013 92
1655672861325746459 95
1655672862327415025 95
1655672863328574530 95
1655672864329291995 88
1655672865330552574 99
1655672866331702038 90
1655672867332849596 95
1655672868334095564 92
1655672869335307853 95
1655672870336454841 96
1655672871338127533 94
1655672872339459460 92
1655672873340595589 96
1655672874341834217 91
1655672875342975072 97
1655672876344099465 92
1655672877344329605 94
1655672878345388082 91
1655672879346330795 100
1655672880346572439 85
1655672881348295761 96
1655672882350138785 78
1655672883351400669 88
1655672884352493077 94
1655672885354144306 90
1655672886355311037 100
1655672887356527571 82
1655672888357357269 76
1655672889358532369 92
1655672890359852735 92
1655672891360307987 94
1655672892361442693 94
1655672893362612355 94
1655672894363893455 89
1655672895365271860 99
1655672896366437362 92
1655672897367300356 91
1655672898368771174 94
1655672899370184572 93
1655672900371311588 96
1655672901372499866 89
1655672902373361796 94
1655672903374316416 96
1655672904376015201 94
1655672905377308413 97
1655672906378335599 92
1655672907379511487 96
1655672908380656885 94
1655672909381812455 96
1655672910383323404 86
1655672911384497347 97
1655672912386078113 95
1655672913387347970 97
1655672914388708755 94
1655672915389996424 94
1655672916391145998 97
1655672917392306999 95
1655672918393313494 93
1655672919394307095 96
