1655694744665065454 0
1655694745666322661 0
1655694746667468025 0
1655694747668831932 0
1655694748670002755 0
1655694749671168024 0
1655694750672327476 0
1655694751673474418 0
1655694752674626950 4
1655694753675874717 36
1655694754677437229 48
1655694755678614754 79
1655694756679362244 71
1655694757680332185 80
1655694758681981539 63
1655694759683172734 71
1655694760684437309 60
1655694761685326242 67
1655694762686605045 72
1655694763687316132 70
1655694764689393166 70
1655694765690299223 69
1655694766691289707 73
1655694767692326074 77
1655694768694187089 60
1655694769694337404 75
1655694770695340493 81
1655694771696506434 56
1655694772697333849 60
1655694773698476922 79
1655694774699330721 69
1655694775700331874 65
1655694776701306515 82
1655694777702444340 68
1655694778703596649 61
1655694779704761827 82
1655694780705918604 70
1655694781706324826 67
1655694782707456522 70
1655694783708756905 72
1655694784709897423 74
1655694785711036575 74
1655694786711307667 75
1655694787712301811 79
1655694788713737133 59
1655694789714888777 71
1655694790715302951 60
1655694791715786253 61
1655694792716934317 71
1655694793718110239 75
1655694794719507139 79
1655694795720649533 71
1655694796721883932 70
1655694797723167011 70
1655694798724505384 74
1655694799725695653 60
1655694800726987986 77
1655694801727378210 56
1655694802728333813 70
1655694803729477414 72
1655694804730963763 79
1655694805731325985 74
1655694806732497507 74
1655694807733781230 81
1655694808735073313 68
1655694809735366043 63
1655694810737035470 76
1655694811738281155 65
1655694812739630578 78
1655694813740816691 77
1655694814742473053 50
1655694815743657615 61
1655694816744846630 73
1655694817745384897 80
1655694818746540083 75
1655694819747679705 75
1655694820748835430 68
1655694821749713913 74
1655694822750980707 66
1655694823751379478 78
1655694824752661356 74
1655694825754325752 64
1655694826755331407 70
1655694827756640224 65
1655694828757821821 63
1655694829758998267 65
1655694830760312495 55
1655694831761475657 76
1655694832762744779 68
1655694833764073354 77
1655694834765777842 71
1655694835767069918 76
1655694836768283851 76
1655694837769439420 74
1655694838770630074 74
1655694839771317607 69
1655694840772300437 73
1655694841773449668 71
1655694842775141663 70
