1655694896993069003 0
1655694897994287280 0
1655694898995461482 0
1655694899996587251 0
1655694900997743038 0
1655694901998893055 0
1655694903000424811 0
1655694904001600892 0
1655694905002762797 0
1655694906003916506 9
1655694907004308821 91
1655694908005335428 131
1655694909006502474 118
1655694910007782632 130
1655694911009296169 138
1655694912010338072 133
1655694913011305898 138
1655694914012573149 135
1655694915013022490 129
1655694916014480665 126
1655694917015619758 137
1655694918016296433 142
1655694919017342297 136
1655694920018331136 138
1655694921019470171 136
1655694922020353969 132
1655694923021530444 142
1655694924022334762 71
1655694925023372868 114
1655694926024341349 129
1655694927025525003 135
1655694928026209309 139
1655694929027387401 136
1655694930028339570 132
1655694931030061838 93
1655694932031309796 106
1655694933032491190 137
1655694934033306791 138
1655694935034315681 123
1655694936035322961 133
1655694937036480315 123
1655694938037881941 138
1655694939038312947 136
1655694940039356039 131
1655694941040320726 125
1655694942041328335 111
1655694943042314944 72
1655694944043329612 125
1655694945044367483 130
1655694946045426196 114
1655694947046320375 97
1655694948047487096 111
1655694949048757987 127
1655694950049687519 135
1655694951050329179 124
1655694952051672025 103
1655694953052977979 109
1655694954054556877 125
1655694955055334646 127
1655694956056679762 83
1655694957057832249 94
1655694958058355221 126
1655694959059780054 123
1655694960061039718 129
1655694961062450010 104
1655694962063455927 122
1655694963064349625 132
1655694964065657680 119
1655694965067324912 121
1655694966068611911 122
1655694967069352402 120
1655694968070652956 118
1655694969071954101 123
1655694970073294287 120
1655694971075001423 123
1655694972076276873 114
1655694973077321833 119
1655694974078328615 133
1655694975079305966 119
1655694976080294101 121
1655694977081317857 124
1655694978082574022 121
1655694979084224480 125
1655694980085516898 122
1655694981087123039 122
1655694982088456279 122
1655694983089340965 118
1655694984090574486 123
1655694985091295302 121
1655694986092309481 103
1655694987093473426 123
1655694988095132268 125
1655694989096427391 127
1655694990097324651 124
1655694991098330029 127
1655694992099500896 116
1655694993100325854 127
1655694994101676173 118
1655694995102319607 129
