1655695050055494187 0
1655695051056987428 0
1655695052058161242 0
1655695053059337062 0
1655695054060508471 0
1655695055061707510 0
1655695056062864686 0
1655695057064215705 0
1655695058065720945 0
1655695059066946766 35
1655695060068692470 43
1655695061070340716 64
1655695062071748233 74
1655695063072780508 73
1655695064073376591 44
1655695065074739983 71
1655695066075937839 72
1655695067077466115 67
1655695068078762236 68
1655695069079664072 75
1655695070080824018 77
1655695071081312917 83
1655695072082462093 59
1655695073083765194 63
1655695074084915391 68
1655695075086112498 69
1655695076087754058 76
1655695077089103460 71
1655695078089399856 75
1655695079090396991 78
1655695080091595820 76
1655695081092774574 70
1655695082093327811 82
1655695083094334622 54
1655695084095490451 86
1655695085096346927 76
1655695086097358896 63
1655695087099008429 56
1655695088099316334 80
1655695089100476389 58
1655695090101338267 81
1655695091102327640 70
1655695092103497697 73
1655695093105028261 76
1655695094105402805 72
1655695095107025032 65
1655695096108383279 69
1655695097109549137 58
1655695098110716892 59
1655695099111880558 77
1655695100113061950 55
1655695101114319516 68
1655695102115458507 77
1655695103116340833 69
1655695104117504417 78
1655695105118863824 73
1655695106119325394 72
1655695107120850006 68
1655695108121317020 83
1655695109122497702 75
1655695110123699916 70
1655695111125004481 76
1655695112126407397 70
1655695113127714496 72
1655695114129050695 86
1655695115130227901 66
1655695116131406308 70
1655695117132581282 64
1655695118133365031 80
1655695119134543884 67
1655695120135861225 80
1655695121137134457 70
1655695122138459030 66
1655695123139642406 78
1655695124140957927 71
1655695125142427820 79
1655695126143617085 74
1655695127144930603 78
1655695128146326698 78
1655695129147873717 78
1655695130148306893 72
1655695131149448381 82
1655695132150658882 53
1655695133151996342 80
1655695134153374677 83
1655695135154673800 69
1655695136156011407 76
1655695137157335060 71
1655695138157663472 60
1655695139158833124 79
1655695140160016747 62
1655695141161201641 76
1655695142162465197 68
1655695143163652047 70
1655695144164866860 80
1655695145166480910 76
1655695146168002891 69
1655695147169302886 69
1655695148170493990 66
