1655699961192628516 0
1655699962193622171 0
1655699963194815201 0
1655699964195991361 0
1655699965197170618 0
1655699966198352309 0
1655699967199534499 0
1655699968200716289 0
1655699969201882346 0
1655699970202288342 21
1655699971203586224 108
1655699972204320488 124
1655699973205312410 140
1655699974206353318 127
1655699975207612468 88
1655699976208963206 73
1655699977210119437 103
1655699978211311493 125
1655699979212565113 134
1655699980213900116 133
1655699981214337808 130
1655699982215377858 128
1655699983216565123 122
1655699984218078884 128
1655699985219323529 102
1655699986220750312 111
1655699987222015844 122
1655699988223301995 109
1655699989224327336 82
1655699990225483933 64
1655699991226775089 102
1655699992227932185 75
1655699993228398371 103
1655699994229545922 114
1655699995230315428 114
1655699996231608727 113
1655699997232312826 115
1655699998233311273 111
1655699999234463224 107
1655700000235324776 118
1655700001236951759 97
1655700002238222785 93
1655700003239670194 113
1655700004240932610 110
1655700005242213341 117
1655700006243755928 112
1655700007244286024 111
1655700008245502765 114
1655700009246328245 111
1655700010247643530 113
1655700011251294603 111
1655700012252439901 107
1655700013253696880 117
1655700014255320778 104
1655700015256305571 118
1655700016257910556 113
1655700017259339895 110
1655700018260794289 111
1655700019262080160 106
1655700020262626839 117
1655700021263870735 111
1655700022265089433 112
1655700023266412187 111
1655700024267692905 113
1655700025268348265 110
1655700026269490815 113
1655700027270669883 108
1655700028271329120 112
1655700029272477229 112
1655700030273656396 110
1655700031274809916 75
1655700032275326938 85
1655700033276575651 96
1655700034277417595 110
1655700035278715332 106
1655700036279305645 112
1655700037280325834 104
1655700038281511725 107
1655700039282789555 111
1655700040283316074 104
1655700041284330927 112
1655700042285513768 101
1655700043286721876 112
1655700044288309840 108
1655700045289578317 104
1655700046290913016 109
1655700047292080354 102
1655700048293439319 105
1655700049294556120 108
1655700050295336364 109
1655700051296620472 106
1655700052297286343 99
1655700053298306572 109
1655700054299323396 104
1655700055301362488 96
1655700056302609832 115
1655700057303321430 100
1655700058304337850 102
1655700059305333177 106
