1655400827185271737 0
1655400828186430342 0
1655400829187548998 0
1655400830188718628 0
1655400831189880254 0
1655400832190986500 0
1655400833192082561 0
1655400834193234090 0
1655400835194390310 0
1655400836195552605 0
1655400837196693963 0
1655400838197841857 0
1655400839198968280 0
1655400840200123142 0
1655400841201263145 0
1655400842202405868 0
1655400843202633345 0
1655400844203880922 0
1655400845205094747 0
1655400846206314145 0
1655400847207523732 0
1655400848208635144 0
1655400849209880047 0
1655400850211082380 0
1655400851212301275 0
1655400852213534006 0
1655400853214775002 0
1655400854216004134 0
1655400855217214039 0
1655400856218435602 0
1655400857219654335 0
1655400858220877208 0
1655400859222112240 0
1655400860223333776 0
1655400861224550311 0
1655400862225762829 0
1655400863226978986 0
1655400864228200815 0
1655400865229409936 0
1655400866230639448 0
1655400867231867815 0
1655400868233087110 0
1655400869234317451 0
1655400870235541158 0
1655400871236746017 0
1655400872237962708 0
1655400873239199568 0
1655400874240425903 0
1655400875241646119 0
1655400876242809907 0
1655400877244027257 0
1655400878245254291 0
1655400879246443325 0
1655400880247657563 0
1655400881248871848 0
1655400882250088805 0
1655400883251310233 0
1655400884252529087 0
1655400885253748657 0
1655400886254964349 0
1655400887256181397 0
1655400888257255732 0
1655400889258448425 0
1655400890259679246 0
1655400891260888142 0
1655400892262094775 0
1655400893263316786 0
1655400894264535390 0
1655400895265735837 0
1655400896266434167 0
1655400897267657943 0
1655400898268876582 0
1655400899270133983 0
1655400900271359664 0
1655400901272575579 0
1655400902273805882 0
1655400903275059014 0
1655400904276282042 0
1655400905277499382 0
1655400906278724388 0
1655400907279940455 0
1655400908281155556 0
1655400909282384982 0
1655400910283616406 0
1655400911284843679 0
1655400912286069012 0
1655400913287283994 0
1655400914288501507 0
1655400915289710003 0
1655400916290932760 0
1655400917292143872 0
1655400918293361036 0
1655400919294599637 0
1655400920295833951 0
1655400921297049118 0
1655400922298366714 0
1655400923299584769 0
1655400924300822440 0
1655400925302055535 0
1655400926303279802 0
