1655400280301130823 0
1655400281302422044 0
1655400282303670423 0
1655400283304914007 0
1655400284306167954 0
1655400285307418167 0
1655400286308674802 0
1655400287309928394 0
1655400288311250193 0
1655400289312504714 0
1655400290313743654 0
1655400291314976206 0
1655400292316212127 0
1655400293317439265 0
1655400294318672036 0
1655400295319845084 0
1655400296321083056 0
1655400297322314248 0
1655400298323546671 0
1655400299324356037 0
1655400300325597734 0
1655400301326854963 0
1655400302328118684 0
1655400303329390477 0
1655400304330627278 0
1655400305331877799 0
1655400306333125193 0
1655400307334357289 0
1655400308335600023 0
1655400309336776741 0
1655400310338013695 0
1655400311339242648 0
1655400312340480638 0
1655400313341719007 0
1655400314342940821 0
1655400315344189398 0
1655400316344339712 0
1655400317345566084 0
1655400318346806597 0
1655400319348061881 0
1655400320349297689 0
1655400321350549884 0
1655400322351808105 0
1655400323353040994 0
1655400324354275280 0
1655400325355499329 0
1655400326356735299 0
1655400327357967150 0
1655400328359207212 0
1655400329360456764 0
1655400330361704818 0
1655400331362939639 10
1655400332364197761 10
1655400333364443971 10
1655400334365622394 8
1655400335366797963 10
1655400336367965874 10
1655400337369126482 10
1655400338370313847 10
1655400339371484726 10
1655400340372225536 9
1655400341373378006 9
1655400342374546973 10
1655400343375715934 10
1655400344376876368 10
1655400345377970488 10
1655400346379132171 10
1655400347380350513 10
1655400348381518093 8
1655400349382626759 10
1655400350383796352 10
1655400351384958405 10
1655400352386146250 10
1655400353387316869 10
1655400354388499656 10
1655400355388922032 9
1655400356390123004 9
1655400357391346199 10
1655400358392579390 10
1655400359393824793 10
1655400360395062341 10
1655400361396295213 10
1655400362397442140 10
1655400363398658581 8
1655400364399831364 10
1655400365401069070 10
1655400366402297333 10
1655400367403531326 10
1655400368404769236 10
1655400369406013277 10
1655400370407194705 10
1655400371408430066 8
1655400372409664115 10
1655400373410902756 10
1655400374412134613 10
1655400375413386533 10
1655400376414624607 10
1655400377415865404 10
