1655508026511831197 0
1655508027513002191 0
1655508028514123343 0
1655508029515244966 0
1655508030516372210 0
1655508031517495872 0
1655508032518626890 0
1655508033519753289 0
1655508034520874848 0
1655508035522012557 82
1655508036523146998 95
1655508037524277072 97
1655508038525404618 100
1655508039526528258 98
1655508040527657761 97
1655508041528800860 99
1655508042529952468 98
1655508043531089913 96
1655508044532214098 94
1655508045533340404 98
1655508046534464643 100
1655508047535588718 98
1655508048536717093 97
1655508049537841712 99
1655508050538969466 96
1655508051540099586 98
1655508052541216884 93
1655508053542343234 99
1655508054543467519 100
1655508055544593890 98
1655508056545722061 97
1655508057546844553 97
1655508058547979242 98
1655508059549109484 98
1655508060550236307 94
1655508061551361274 98
1655508062552490176 100
1655508063553609140 98
1655508064554726345 97
1655508065555856087 95
1655508066556979690 100
1655508067558098759 98
1655508068559212397 94
1655508069560334836 98
1655508070561463778 100
1655508071562600831 98
1655508072563735108 97
1655508073564865439 95
1655508074565993903 100
1655508075567115309 98
1655508076568239451 94
1655508077569370564 98
1655508078570494270 100
1655508079571613478 99
1655508080572735379 96
1655508081573858225 95
1655508082574983318 100
1655508083576100458 99
1655508084577229449 93
1655508085578357086 98
1655508086579486011 100
1655508087580620220 96
1655508088581767125 98
1655508089582891980 96
1655508090584017412 100
1655508091585144592 96
1655508092586280656 94
1655508093587406114 100
1655508094588538671 100
1655508095589659172 95
1655508096590780351 99
1655508097591907072 96
1655508098593036174 98
1655508099594157084 97
1655508100595284361 95
1655508101596412440 100
1655508102597526748 100
1655508103598639385 95
1655508104599722200 99
1655508105600837343 94
1655508106601955693 100
1655508107603071660 96
1655508108604181423 96
1655508109605297330 100
1655508110606414263 100
1655508111607533844 95
1655508112608659034 93
1655508113609788655 100
1655508114610910793 100
1655508115612039617 96
1655508116613165941 96
1655508117614298071 100
1655508118615422207 100
1655508119616548555 95
1655508120617677117 93
1655508121618807861 100
1655508122619933535 100
1655508123621062537 96
1655508124622196898 90
1655508125623921419 3