1655513314289361183 0
1655513315290529193 0
1655513316291668444 0
1655513317292757231 0
1655513318293883105 0
1655513319295006346 0
1655513320296128918 0
1655513321297254135 0
1655513322298371730 0
1655513323299500116 28
1655513324300627394 100
1655513325301716354 104
1655513326302833745 110
1655513327303923074 110
1655513328305014224 106
1655513329306136932 103
1655513330307223007 110
1655513331308352592 107
1655513332309436944 106
1655513333310585208 106
1655513334311711960 110
1655513335312795450 110
1655513336313912737 104
1655513337314996043 105
1655513338316117586 110
1655513339317239518 105
1655513340318321614 106
1655513341319452980 108
1655513342320578100 110
1655513343321703096 110
1655513344322822211 103
1655513345323907176 106
1655513346325026909 110
1655513347326146976 104
1655513348327270026 106
1655513349328398235 109
1655513350329483321 110
1655513351330605867 104
1655513352331723143 106
1655513353332849858 109
1655513354333971536 108
1655513355335056733 106
1655513356336172462 105
1655513357337298541 110
1655513358338420275 108
1655513359339548662 104
1655513360340631382 107
1655513361341754959 110
1655513362342871819 106
1655513363344004320 106
1655513364345127103 107
1655513365346206984 109
1655513366347329930 104
1655513367348446880 108
1655513368349567344 108
1655513369350688262 106
1655513370351769390 110
1655513371352894532 104
1655513372354019138 108
1655513373355135013 106
1655513374356259392 107
1655513375357344534 109
1655513376358470171 104
1655513377359594890 110
1655513378360716338 107
1655513379361840834 107
1655513380362926541 107
1655513381364046081 105
1655513382365167686 109
1655513383366286057 105
1655513384367412158 108
1655513385368491530 109
1655513386369620016 106
1655513387370743240 108
1655513388371868178 108
1655513389372986590 105
1655513390374068696 108
1655513391375183911 105
1655513392376295428 109
1655513393377410158 108
1655513394378527932 107
1655513395379665613 108
1655513396380784708 105
1655513397381897770 107
1655513398383009967 107
1655513399384122892 107
1655513400384998817 109
1655513401386125938 108
1655513402387246566 107
1655513403388366740 108
1655513404389488793 104
1655513405390603560 108
1655513406391725579 106
1655513407392841013 108
1655513408393961938 109
1655513409395090678 107
1655513410396211542 107
1655513411397331058 108
1655513412398453838 104
1655513413399569810 63