1655401815013292817 0
1655401816014589112 0
1655401817015820558 0
1655401818017075121 0
1655401819018322869 0
1655401820019557586 0
1655401821020799548 0
1655401822022048999 0
1655401823023291319 0
1655401824024482716 2
1655401825025723280 92
1655401826026921673 127
1655401827028153990 146
1655401828029433971 146
1655401829030663089 143
1655401830031890149 141
1655401831033138421 148
1655401832034385866 149
1655401833035638216 143
1655401834036879395 150
1655401835038048504 147
1655401836039247853 143
1655401837040416125 140
1655401838041711400 150
1655401839042943540 147
1655401840044245202 143
1655401841045487907 148
1655401842046718039 149
1655401843047976924 146
1655401844049223165 139
1655401845050456065 148
1655401846051695986 148
1655401847052393575 143
1655401848053571946 148
1655401849054686529 149
1655401850055853397 149
1655401851057040705 136
1655401852058180562 147
1655401853059354993 148
1655401854060527250 144
1655401855061648155 148
1655401856062816449 148
1655401857064035029 147
1655401858064376874 140
1655401859065543094 145
1655401860066726172 150
1655401861067909172 144
1655401862068532663 146
1655401863069707111 148
1655401864070888724 148
1655401865072141369 141
1655401866073313861 143
1655401867074440981 150
1655401868075620581 143
1655401869076795863 147
1655401870077920134 150
1655401871079101386 146
1655401872080203478 142
1655401873081365434 142
1655401874082539676 150
1655401875083677985 146
1655401876084846780 145
1655401877085979092 149
1655401878087162006 146
1655401879088352845 139
1655401880089488488 146
1655401881090133328 149
1655401882091287112 149
1655401883092478491 142
1655401884093721001 149
1655401885094941505 149
1655401886096153336 141
1655401887096479688 141
1655401888097716164 149
1655401889098950156 150
1655401890100206886 142
1655401891101458403 148
1655401892102674751 150
1655401893103898183 143
1655401894105018495 141
1655401895106264491 146
1655401896107503130 150
1655401897108486262 144
1655401898109725951 147
1655401899110945585 144
1655401900112230714 148
1655401901112376601 146
1655401902113613475 142
1655401903114843930 149
1655401904116071755 145
1655401905116470664 146
1655401906117705830 144
1655401907118955600 150
1655401908120279410 143
1655401909120478986 143
1655401910121708042 149
1655401911122906370 148
1655401912124118302 143
1655401913125380599 145
