1655401047783268570 0
1655401048784491653 0
1655401049785668938 0
1655401050786838063 0
1655401051787992542 0
1655401052789134255 0
1655401053790301364 0
1655401054791457526 0
1655401055792602627 0
1655401056793746577 0
1655401057794853135 0
1655401058795999569 0
1655401059797155822 0
1655401060798368077 0
1655401061799460316 0
1655401062800601861 0
1655401063801749685 0
1655401064802499545 0
1655401065803645061 0
1655401066804799251 0
1655401067805965807 0
1655401068807123631 0
1655401069808285150 0
1655401070809396312 0
1655401071810533797 0
1655401072811691128 0
1655401073812856085 0
1655401074813999696 0
1655401075815144771 0
1655401076816296554 0
1655401077817491307 0
1655401078818635554 0
1655401079819793553 0
1655401080820951047 0
1655401081822087965 0
1655401082823228341 0
1655401083824382142 0
1655401084825529690 0
1655401085826683190 0
1655401086827792629 0
1655401087828940748 0
1655401088830088052 0
1655401089831248342 0
1655401090832404812 0
1655401091833549729 0
1655401092834691045 0
1655401093835847226 0
1655401094837019098 0
1655401095838177117 0
1655401096839321489 0
1655401097840461644 0
1655401098841616496 0
1655401099842790249 0
1655401100843951450 11
1655401101845094223 56
1655401102846309684 89
1655401103847465854 93
1655401104848619062 106
1655401105849769395 89
1655401106850884998 84
1655401107851987446 109
1655401108853141937 88
1655401109854367761 90
1655401110855513969 96
1655401111856666536 98
1655401112857814565 108
1655401113858918275 93
1655401114860073694 87
1655401115861211064 92
1655401116862324687 83
1655401117863472551 105
1655401118864628233 101
1655401119865783731 83
1655401120866932651 91
1655401121868091049 90
1655401122869235236 93
1655401123869685131 91
1655401124870889322 83
1655401125872109343 86
1655401126873322329 119
1655401127874440534 89
1655401128875591655 95
1655401129876822998 96
1655401130878039321 99
1655401131879260982 97
1655401132880474633 101
1655401133881689207 109
1655401134882937415 87
1655401135884103367 110
1655401136885286243 91
1655401137886561871 96
1655401138887782402 92
1655401139889016618 94
1655401140890238288 117
1655401141890490367 90
1655401142891657205 114
1655401143892881982 91
1655401144894174922 113
1655401145894388956 87
