1655401157543027143 0
1655401158544313428 0
1655401159545561372 0
1655401160546822419 0
1655401161548064309 0
1655401162549261587 0
1655401163550499683 0
1655401164551719738 0
1655401165552952422 0
1655401166554180845 0
1655401167555429041 0
1655401168556668596 0
1655401169557923820 0
1655401170559171045 0
1655401171560410814 0
1655401172561643879 0
1655401173562889853 0
1655401174564130402 0
1655401175565366111 0
1655401176566592621 0
1655401177567815923 0
1655401178569045962 0
1655401179570289970 0
1655401180571534363 0
1655401181572787996 0
1655401182574044558 0
1655401183575287898 0
1655401184576527719 0
1655401185577757493 0
1655401186579011881 0
1655401187580270201 0
1655401188581510435 0
1655401189582765777 0
1655401190584005858 0
1655401191585258563 0
1655401192586510694 0
1655401193587739292 0
1655401194588957413 0
1655401195590178577 0
1655401196591399335 0
1655401197592642175 0
1655401198593872961 0
1655401199595126353 0
1655401200596365371 0
1655401201597611353 0
1655401202598867512 0
1655401203600105873 0
1655401204601343005 0
1655401205602564988 0
1655401206603800005 0
1655401207604989348 0
1655401208606218078 0
1655401209607456417 4
1655401210608702359 54
1655401211609948085 136
1655401212611160384 159
1655401213612228116 149
1655401214613472956 154
1655401215614709628 160
1655401216615906045 151
1655401217617151394 155
1655401218618355702 160
1655401219619600339 158
1655401220620350592 150
1655401221621599802 154
1655401222622798891 160
1655401223623981859 156
1655401224625212120 150
1655401225626455090 160
1655401226627696129 159
1655401227628397583 153
1655401228629648259 150
1655401229630904414 160
1655401230631889378 160
1655401231633070492 147
1655401232634232456 159
1655401233635408603 160
1655401234636326146 157
1655401235637448041 146
1655401236638631753 159
1655401237639806037 160
1655401238640359330 149
1655401239641488829 157
1655401240642626937 160
1655401241643762386 159
1655401242644338919 143
1655401243645585265 160
1655401244646809989 160
1655401245648047311 152
1655401246648410834 154
1655401247649611888 160
1655401248650846787 158
1655401249651932347 145
1655401250653149942 159
1655401251654401477 160
1655401252655635659 151
1655401253656872904 155
1655401254658106576 160
1655401255659339226 158
