1655401486790476393 0
1655401487791751261 0
1655401488793001123 0
1655401489794272192 0
1655401490795522484 0
1655401491796749015 0
1655401492797954185 0
1655401493798490181 0
1655401494799708054 0
1655401495800922832 0
1655401496802149966 0
1655401497803395344 0
1655401498804636668 0
1655401499805857409 0
1655401500807093947 0
1655401501808294428 0
1655401502809527275 0
1655401503810752863 0
1655401504811969281 0
1655401505813178919 0
1655401506814451653 0
1655401507815639276 0
1655401508816857716 0
1655401509818077224 0
1655401510819304579 0
1655401511820540379 0
1655401512821747498 0
1655401513822525369 0
1655401514823760055 0
1655401515824998898 0
1655401516826209265 0
1655401517827446412 0
1655401518828669862 0
1655401519829894072 0
1655401520831137588 0
1655401521832358403 0
1655401522833568141 0
1655401523834422581 0
1655401524835654326 0
1655401525836869955 0
1655401526838086154 0
1655401527839303387 0
1655401528840525287 0
1655401529841746472 0
1655401530842977258 0
1655401531844198887 0
1655401532845416577 0
1655401533846644123 0
1655401534847870950 0
1655401535849088732 0
1655401536850306146 0
1655401537851548240 0
1655401538852776103 0
1655401539853994403 0
1655401540855216441 0
1655401541856459184 0
1655401542857683410 0
1655401543858512518 0
1655401544859738559 0
1655401545860951016 0
1655401546862171228 0
1655401547863390958 0
1655401548864605545 0
1655401549865823858 0
1655401550867050885 0
1655401551868269652 0
1655401552869480424 0
1655401553870704551 0
1655401554871924983 0
1655401555873127300 0
1655401556874345147 0
1655401557875555241 0
1655401558876741623 0
1655401559877992857 0
1655401560878465609 0
1655401561879679530 0
1655401562880894895 0
1655401563882079233 0
1655401564882432471 0
1655401565883597835 0
1655401566884847680 0
1655401567885956505 0
1655401568886813192 0
1655401569887921773 0
1655401570889080930 0
1655401571890241565 0
1655401572891408586 0
1655401573892521951 0
1655401574893702960 0
1655401575894453314 0
1655401576895542234 0
1655401577896690972 0
1655401578897858254 0
1655401579899000473 0
1655401580900163946 0
1655401581901310568 0
1655401582902322461 0
1655401583902433537 0
1655401584903550767 0
