1655402147188329283 0
1655402148189588407 0
1655402149190810754 0
1655402150192050256 0
1655402151193275787 0
1655402152194464130 0
1655402153195687748 0
1655402154196901366 0
1655402155198117131 0
1655402156199324799 0
1655402157200547322 0
1655402158201760201 0
1655402159202982136 0
1655402160204207467 0
1655402161205423959 0
1655402162206651776 0
1655402163207791102 0
1655402164209020642 0
1655402165210244408 0
1655402166211484078 0
1655402167212695479 0
1655402168213911434 0
1655402169215128405 0
1655402170216343047 0
1655402171217513012 0
1655402172218751660 0
1655402173219940344 0
1655402174221169085 0
1655402175222400701 0
1655402176223619835 0
1655402177224849992 0
1655402178226075695 0
1655402179226435546 0
1655402180227638235 0
1655402181228854274 0
1655402182230080836 0
1655402183231308985 0
1655402184232532139 0
1655402185233754889 0
1655402186234988293 0
1655402187236219452 0
1655402188237444682 0
1655402189238666613 0
1655402190239893835 0
1655402191241110932 0
1655402192242340553 0
1655402193242503746 0
1655402194243727751 0
1655402195244929050 0
1655402196246168545 0
1655402197247401951 0
1655402198248614818 0
1655402199249834695 0
1655402200251054296 0
1655402201252266987 0
1655402202253494659 0
1655402203254718506 0
1655402204255868302 0
1655402205257097069 0
1655402206258337049 0
1655402207259558419 0
1655402208260787447 0
1655402209261998873 0
1655402210262423319 0
1655402211263639083 0
1655402212264860107 0
1655402213266079973 0
1655402214267300026 0
1655402215268529913 0
1655402216269750900 0
1655402217270973901 0
1655402218272150358 0
1655402219273374650 0
1655402220274594440 0
1655402221275811071 0
1655402222277032178 0
1655402223278254139 0
1655402224279483431 0
1655402225280701212 0
1655402226281963149 0
1655402227283195296 0
1655402228284426422 0
1655402229285647870 0
1655402230286864227 0
1655402231288082745 0
1655402232289328534 0
1655402233290448827 0
1655402234291655515 0
1655402235292890029 0
1655402236294114333 0
1655402237295331957 0
1655402238296558562 0
1655402239297805224 0
1655402240299042150 0
1655402241300266005 0
1655402242301495388 0
1655402243302726853 0
1655402244303944835 0
1655402245305167200 0
1655402246306389026 0
