1655401596402896007 0
1655401597404122051 0
1655401598405318590 0
1655401599406476446 0
1655401600407654852 0
1655401601408800597 0
1655401602409973995 0
1655401603411147560 0
1655401604412305979 0
1655401605412452952 14
1655401606413641027 94
1655401607414807445 171
1655401608415978089 176
1655401609416278037 184
1655401610417449074 189
1655401611418613658 190
1655401612419788205 176
1655401613420923194 188
1655401614422089491 189
1655401615423254055 178
1655401616424465835 183
1655401617425586187 188
1655401618426755502 188
1655401619427936617 179
1655401620428415913 187
1655401621429584698 189
1655401622430760424 184
1655401623431920425 178
1655401624432270937 185
1655401625432508431 190
1655401626433749836 179
1655401627434996681 187
1655401628436295857 188
1655401629437510529 184
1655401630438705983 180
1655401631439942301 184
1655401632441189859 190
1655401633442378634 182
1655401634443614810 184
1655401635444848697 189
1655401636446092487 188
1655401637447326430 177
1655401638448500968 183
1655401639449699002 189
1655401640450843382 187
1655401641452082152 179
1655401642453331688 190
1655401643454582734 188
1655401644455823171 177
1655401645456983869 187
1655401646458228538 184
1655401647459482906 190
1655401648460325924 177
1655401649461525167 189
1655401650462668067 188
1655401651463922801 177
1655401652464390363 189
1655401653465639841 182
1655401654466881945 188
1655401655467977706 182
1655401656468488525 186
1655401657469710167 188
1655401658470939157 177
1655401659472267996 190
1655401660473342193 182
1655401661474562094 186
1655401662475804463 184
1655401663476359220 185
1655401664477574487 190
1655401665478808360 178
1655401666480046888 187
1655401667480479960 183
1655401668481694041 187
1655401669482921230 184
1655401670484013211 185
1655401671484479304 186
1655401672485784106 184
1655401673486999230 183
1655401674488360968 184
1655401675489597973 187
1655401676490838358 183
1655401677492056705 184
1655401678492401885 187
1655401679493584139 185
1655401680494744432 178
1655401681495986158 188
1655401682497182805 189
1655401683498389887 182
1655401684499597495 184
1655401685500863522 186
1655401686502107404 186
1655401687503197036 177
1655401688504355673 188
1655401689505596853 190
1655401690506832406 184
1655401691508071659 182
1655401692508416989 186
1655401693509648610 184
1655401694510874569 182
