1655400388605088092 0
1655400389606297211 0
1655400390607444568 0
1655400391608608172 0
1655400392609769246 0
1655400393610923723 0
1655400394612087262 0
1655400395613236571 0
1655400396614397537 0
1655400397615565336 8
1655400398616728752 20
1655400399617822318 20
1655400400618956793 16
1655400401620125263 20
1655400402621283117 20
1655400403622445948 20
1655400404623567117 20
1655400405624672485 20
1655400406625872804 18
1655400407626997217 18
1655400408628159875 20
1655400409629316752 20
1655400410630465935 20
1655400411631618855 20
1655400412632767460 20
1655400413633917953 20
1655400414635033759 18
1655400415636180520 18
1655400416637337601 20
1655400417638491152 20
1655400418639647632 20
1655400419640788714 20
1655400420641932407 20
1655400421643051699 19
1655400422644243926 17
1655400423645394831 20
1655400424646544544 20
1655400425647637712 20
1655400426648789153 20
1655400427649946044 20
1655400428651072644 20
1655400429652229225 18
1655400430653381761 18
1655400431654529550 20
1655400432655633803 20
1655400433656777748 20
1655400434657884196 20
1655400435658982305 20
1655400436660124992 20
1655400437661281788 16
1655400438662428561 20
1655400439663583126 20
1655400440664690438 20
1655400441665837399 20
1655400442666987205 20
1655400443668100420 20
1655400444669258805 19
1655400445670394287 17
1655400446671520477 20
1655400447672675219 20
1655400448673594925 20
1655400449674448045 20
1655400450675651192 20
1655400451676875949 20
1655400452678101827 16
1655400453679326418 20
1655400454680541799 20
1655400455681766188 20
1655400456682446101 20
1655400457683657803 20
1655400458684888391 20
1655400459686113512 17
1655400460687335487 19
1655400461688545524 20
1655400462689761636 20
1655400463690980480 20
1655400464692206149 20
1655400465693425902 20
1655400466694578463 20
1655400467695809107 16
1655400468697034106 20
1655400469698258360 20
1655400470699488874 20
1655400471700700589 20
1655400472701926475 20
1655400473703143100 20
1655400474704325373 17
1655400475705548096 19
1655400476706457975 20
1655400477707680077 20
1655400478708915066 20
1655400479710139652 20
1655400480711359970 20
1655400481712579957 20
1655400482713797033 16
1655400483715026931 20
1655400484716244982 20
1655400485717453727 20
1655400486717674284 20
