1655400497933110999 0
1655400498934333787 0
1655400499935505417 0
1655400500936638480 0
1655400501937809064 0
1655400502938968179 0
1655400503940127580 0
1655400504941299159 0
1655400505942456743 0
1655400506943630769 0
1655400507944784038 0
1655400508945950480 0
1655400509947129886 0
1655400510948296864 0
1655400511949460467 0
1655400512950616481 0
1655400513951781812 0
1655400514952955972 0
1655400515954123024 0
1655400516955290826 0
1655400517956453194 0
1655400518957587105 0
1655400519958763947 0
1655400520959926720 0
1655400521961085538 0
1655400522962263103 0
1655400523963449849 0
1655400524964628429 0
1655400525965795576 0
1655400526966957091 0
1655400527968118067 0
1655400528969394458 0
1655400529970570675 0
1655400530971729998 0
1655400531972343347 0
1655400532973504784 0
1655400533974662891 0
1655400534975814205 0
1655400535976973301 0
1655400536978121096 0
1655400537979281041 0
1655400538980291018 0
1655400539981462088 0
1655400540982665001 0
1655400541983852169 0
1655400542985028233 0
1655400543986180817 0
1655400544987347662 0
1655400545988468616 0
1655400546989647045 0
1655400547990826437 0
1655400548991993801 8
1655400549993163644 8
1655400550994281316 10
1655400551995442958 18
1655400552996602434 20
1655400553997763032 20
1655400554998890563 20
1655400556000054109 18
1655400557001185265 18
1655400558002351292 20
1655400559003525244 20
1655400560004660198 20
1655400561005812885 20
1655400562006945609 20
1655400563008120926 20
1655400564009363135 17
1655400565010518466 19
1655400566011681307 20
1655400567012845251 20
1655400568014007845 20
1655400569015162202 20
1655400570016296991 20
1655400571017461071 18
1655400572018622514 18
1655400573019782897 20
1655400574020951346 20
1655400575022119576 20
1655400576023282144 20
1655400577024445653 20
1655400578025607245 20
1655400579026782994 16
1655400580027961548 20
1655400581029132127 20
1655400582030300498 20
1655400583031462956 20
1655400584032417154 20
1655400585033558465 20
1655400586034788450 17
1655400587035956207 19
1655400588037127345 20
1655400589038302342 20
1655400590039478205 20
1655400591039660170 20
1655400592040415680 20
1655400593041659592 18
1655400594042893180 18
1655400595044126202 20
1655400596045357542 20
