1655402588297187045 0
1655402589298475794 0
1655402590299697275 0
1655402591300915402 0
1655402592302157894 0
1655402593303389133 0
1655402594304603740 0
1655402595305829764 0
1655402596307063581 0
1655402597308292653 2
1655402598309511455 144
1655402599310451608 202
1655402600311594105 201
1655402601312746681 199
1655402602313901424 208
1655402603314348198 199
1655402604315492134 206
1655402605316639244 210
1655402606317734973 210
1655402607318857032 197
1655402608320011445 196
1655402609321117758 210
1655402610322228373 202
1655402611323485801 204
1655402612324631394 209
1655402613325795814 210
1655402614326332450 204
1655402615327381751 192
1655402616328627719 205
1655402617329832364 205
1655402618331128602 205
1655402619332348156 207
1655402620333565955 210
1655402621334664464 200
1655402622335862708 197
1655402623337078491 206
1655402624338293815 206
1655402625338456494 205
1655402626339703966 204
1655402627340933875 210
1655402628342085946 203
1655402629343308583 199
1655402630344514566 203
1655402631345630698 204
1655402632346873414 207
1655402633348100022 204
1655402634349320392 208
1655402635350427129 206
1655402636351654719 199
1655402637352877989 203
1655402638354042408 205
1655402639355318151 206
1655402640356524369 203
1655402641357682305 206
1655402642358912111 206
1655402643360140506 201
1655402644361355413 202
1655402645362540225 208
1655402646363771845 202
1655402647364999784 207
1655402648366202427 204
1655402649367429334 204
1655402650368617450 205
1655402651369764461 203
1655402652370991062 204
1655402653371233239 205
1655402654372457936 203
1655402655373678920 205
1655402656374440475 203
1655402657375595328 208
1655402658376788031 201
1655402659377996083 204
1655402660379218076 208
1655402661380445101 199
1655402662381685495 207
1655402663382993739 202
1655402664384213882 207
1655402665385432396 207
1655402666386550113 199
1655402667387328115 208
1655402668388521991 198
1655402669389748826 208
1655402670390983825 206
1655402671392208669 203
1655402672393470715 206
1655402673394646371 206
1655402674395849429 200
1655402675397016295 200
1655402676398237113 207
1655402677399514952 207
1655402678400676262 203
1655402679401898260 208
1655402680403122769 204
1655402681404305448 200
1655402682405527333 201
1655402683406434077 207
1655402684407578953 206
1655402685408799736 203
1655402686410052364 208
