1655402036005738439 0
1655402037007030287 0
1655402038008274836 0
1655402039009507902 0
1655402040010666017 0
1655402041011894398 0
1655402042013139811 0
1655402043014388291 0
1655402044015625426 0
1655402045016870208 14
1655402046018112072 93
1655402047019351377 218
1655402048020596347 238
1655402049021841133 225
1655402050023081861 223
1655402051024322395 226
1655402052025489874 234
1655402053026575864 236
1655402054027683393 239
1655402055028213509 238
1655402056029407102 232
1655402057030608186 231
1655402058031838199 230
1655402059033016890 237
1655402060034143534 234
1655402061035348811 239
1655402062036405273 236
1655402063037652579 232
1655402064038865337 244
1655402065040036249 237
1655402066041257638 247
1655402067042434411 241
1655402068043659362 242
1655402069044894723 247
1655402070046126178 242
1655402071047350974 201
1655402072048590769 252
1655402073049769831 223
1655402074050990422 217
1655402075052183955 232
1655402076053460946 235
1655402077054607645 236
1655402078055774882 237
1655402079056394039 240
1655402080057546723 225
1655402081058746184 241
1655402082059958881 246
1655402083060475324 239
1655402084061723531 245
1655402085062962111 242
1655402086064304506 233
1655402087064384139 236
1655402088065580975 249
1655402089066806674 240
1655402090068014439 244
1655402091068408015 237
1655402092069607354 237
1655402093070841805 234
1655402094072053159 239
1655402095072350209 240
1655402096072474227 244
1655402097073545610 242
1655402098074757346 247
1655402099076033865 249
1655402100076491599 249
1655402101077767145 248
1655402102078969394 247
1655402103080305119 240
1655402104080416242 243
1655402105081617380 242
1655402106082813887 240
1655402107084059428 231
1655402108085302582 235
1655402109086545249 238
1655402110087769022 244
1655402111088429856 244
1655402112089706747 233
1655402113090960095 241
1655402114092129545 242
1655402115092314198 247
1655402116093500789 242
1655402117094702747 240
1655402118095911500 245
1655402119097103010 241
1655402120098335200 244
1655402121099557302 242
1655402122100362127 240
1655402123101604768 241
1655402124102844678 234
1655402125104086785 241
1655402126104358923 245
1655402127105603948 240
1655402128106838535 243
1655402129108090130 249
1655402130108353634 244
1655402131109551289 245
1655402132109768026 245
1655402133111018920 239
1655402134112269806 233
