1655402809210217803 0
1655402810211575626 0
1655402811212799798 0
1655402812214043573 0
1655402813215291623 0
1655402814216522982 0
1655402815217762057 0
1655402816218519382 0
1655402817219739639 0
1655402818220972117 124
1655402819222195675 157
1655402820222460689 242
1655402821223644640 242
1655402822224870756 258
1655402823226080493 260
1655402824226381971 245
1655402825227612625 247
1655402826228841593 260
1655402827229991892 258
1655402828230401308 243
1655402829231579745 255
1655402830232798938 260
1655402831233892410 250
1655402832235121081 244
1655402833236351210 258
1655402834237576048 260
1655402835238542638 245
1655402836239769011 251
1655402837240984756 260
1655402838242164821 248
1655402839243358722 246
1655402840244584813 258
1655402841245812298 260
1655402842246911021 249
1655402843248131710 247
1655402844249347993 260
1655402845250462775 252
1655402846251637519 242
1655402847252860496 258
1655402848254081312 259
1655402849255348485 250
1655402850256567849 248
1655402851257791036 259
1655402852258467106 247
1655402853259758417 250
1655402854260982724 257
1655402855262168794 257
1655402856263393560 253
1655402857264640793 249
1655402858265860029 253
1655402859267077226 249
1655402860268324479 253
1655402861269555681 255
1655402862270769241 257
1655402863271969999 259
1655402864273151037 243
1655402865274437603 252
1655402866275609258 255
1655402867276763150 245
1655402868277978413 257
1655402869279239473 258
1655402870280455871 258
1655402871281615756 249
1655402872282893368 248
1655402873284101605 255
1655402874285295293 244
1655402875286523768 256
1655402876287743600 259
1655402877288968151 257
1655402878290145151 253
1655402879291375045 245
1655402880292540090 250
1655402881293769692 246
1655402882294990915 259
1655402883296224008 259
1655402884297334619 257
1655402885298536939 256
1655402886299729114 243
1655402887300928268 250
1655402888302146427 246
1655402889302547515 257
1655402890303779924 259
1655402891304998770 259
1655402892306208144 254
1655402893307424204 243
1655402894308640743 248
1655402895309868144 247
1655402896310537356 258
1655402897311764481 259
1655402898312955210 260
1655402899314156736 252
1655402900315376196 243
1655402901316544342 253
1655402902317798493 244
1655402903319025824 256
1655402904320249318 260
1655402905321460251 258
1655402906322731396 256
