1655402697727685256 0
1655402698728965304 0
1655402699730174215 0
1655402700731426505 0
1655402701732695856 0
1655402702733969449 0
1655402703735217724 0
1655402704736457524 0
1655402705737698066 0
1655402706738855013 0
1655402707740088857 0
1655402708741321106 0
1655402709742555496 0
1655402710743783584 0
1655402711745015479 0
1655402712746262303 0
1655402713747501518 0
1655402714748735832 0
1655402715749975538 0
1655402716751219754 0
1655402717752471471 0
1655402718753705691 0
1655402719754937985 0
1655402720756183674 0
1655402721757415047 0
1655402722758666748 0
1655402723759917493 0
1655402724761158795 0
1655402725762399957 0
1655402726763400648 0
1655402727764579971 0
1655402728765698364 0
1655402729766859557 0
1655402730768029817 0
1655402731769255362 0
1655402732770398821 0
1655402733771583511 0
1655402734772760470 0
1655402735773940753 0
1655402736775113555 0
1655402737776267367 0
1655402738777383018 0
1655402739778543719 0
1655402740779701070 0
1655402741780856904 0
1655402742781990553 0
1655402743783166516 0
1655402744784278789 0
1655402745785458750 0
1655402746786538401 0
1655402747787698415 0
1655402748788857907 0
1655402749790015203 0
1655402750791184630 0
1655402751792355778 11
1655402752793490789 64
1655402753794685137 167
1655402754795914222 195
1655402755796350927 204
1655402756797476141 210
1655402757798625913 209
1655402758799805763 193
1655402759800972996 206
1655402760802154186 210
1655402761803405439 202
1655402762804395108 197
1655402763805625441 209
1655402764806791581 206
1655402765808063583 198
1655402766809307820 205
1655402767810543338 207
1655402768811734093 205
1655402769812977953 198
1655402770814152041 210
1655402771815392064 206
1655402772816409254 194
1655402773817651301 208
1655402774818900657 208
1655402775820075529 200
1655402776821352431 203
1655402777822569193 209
1655402778823786422 207
1655402779824196496 196
1655402780824344668 205
1655402781825590467 208
1655402782826839297 203
1655402783828085644 202
1655402784828353436 207
1655402785829532541 206
1655402786830755324 198
1655402787832003657 204
1655402788832304739 210
1655402789833557769 202
1655402790834806224 201
1655402791836036298 207
1655402792836908578 206
1655402793838162804 201
1655402794839399052 201
1655402795840645366 210
