1655402368586740822 0
1655402369588011386 0
1655402370589233810 0
1655402371590468556 0
1655402372591712999 0
1655402373592945257 0
1655402374594175052 0
1655402375595347193 0
1655402376596599002 0
1655402377597818564 0
1655402378599031935 0
1655402379600248779 0
1655402380601464528 0
1655402381602675605 0
1655402382603875020 0
1655402383605100919 0
1655402384606323241 0
1655402385607555862 0
1655402386608772056 0
1655402387609848747 0
1655402388611086682 0
1655402389612313065 0
1655402390613532625 0
1655402391614751966 0
1655402392615991664 0
1655402393617224650 0
1655402394618445041 0
1655402395619677312 0
1655402396620897432 0
1655402397622140987 0
1655402398623372150 0
1655402399624602350 0
1655402400625824572 0
1655402401627044629 0
1655402402628281799 0
1655402403629508241 0
1655402404630725542 0
1655402405631919181 0
1655402406633151939 0
1655402407634448081 0
1655402408635643660 0
1655402409636865978 0
1655402410638077982 0
1655402411639293888 0
1655402412640522714 0
1655402413641086257 0
1655402414642243548 0
1655402415643422844 0
1655402416644572688 0
1655402417645716679 0
1655402418646852008 0
1655402419648005317 0
1655402420649161771 0
1655402421650300367 0
1655402422651454675 0
1655402423652608940 0
1655402424653755545 0
1655402425654901082 0
1655402426656044321 0
1655402427657184138 0
1655402428658330148 0
1655402429659476189 0
1655402430660614672 0
1655402431661749587 0
1655402432662913967 0
1655402433664059316 0
1655402434665216090 0
1655402435666367194 0
1655402436667523799 0
1655402437668666070 0
1655402438669831158 0
1655402439671000609 0
1655402440672138791 0
1655402441673302863 0
1655402442674461000 0
1655402443675611308 0
1655402444676754494 0
1655402445677904353 0
1655402446679064713 0
1655402447680199061 0
1655402448681349077 0
1655402449682381303 0
1655402450683606896 0
1655402451684821634 0
1655402452686043103 0
1655402453687266727 0
1655402454688483655 0
1655402455689703161 0
1655402456690934411 0
1655402457692162116 0
1655402458693380708 0
1655402459694592439 0
1655402460695801559 0
1655402461697017451 0
1655402462698239447 0
1655402463699493347 0
1655402464700680957 0
1655402465701907199 0
1655402466703131592 0
