1655402918514186918 0
1655402919515467012 0
1655402920516703431 0
1655402921517946472 0
1655402922519188857 0
1655402923520436798 0
1655402924521705733 0
1655402925522931151 0
1655402926524178165 0
1655402927525403637 0
1655402928526651647 0
1655402929527874000 0
1655402930529125643 0
1655402931530366800 0
1655402932531595538 0
1655402933532842045 0
1655402934534093491 0
1655402935535326445 0
1655402936536401943 0
1655402937537625551 0
1655402938538860991 0
1655402939540102957 0
1655402940541344370 0
1655402941542585288 0
1655402942543840019 0
1655402943545099401 0
1655402944546340120 0
1655402945547545147 0
1655402946548776112 0
1655402947550001762 0
1655402948551236197 0
1655402949552469442 0
1655402950553703051 0
1655402951554951765 0
1655402952556208871 0
1655402953557459863 0
1655402954558714204 0
1655402955559959982 0
1655402956561199137 0
1655402957562442693 0
1655402958563681955 0
1655402959564916371 0
1655402960566028581 0
1655402961567264176 0
1655402962568495369 0
1655402963569745784 0
1655402964570978387 0
1655402965572278120 0
1655402966573502630 0
1655402967574722055 0
1655402968575965055 0
1655402969577198840 0
1655402970578435790 0
1655402971579685522 0
1655402972580932967 0
1655402973582184636 0
1655402974583429911 0
1655402975584670760 0
1655402976585901112 0
1655402977587137680 0
1655402978588369979 0
1655402979589592804 0
1655402980590817711 0
1655402981591218930 0
1655402982592394554 0
1655402983593536307 0
1655402984594723455 0
1655402985595883207 0
1655402986597053754 0
1655402987598216987 0
1655402988599378874 0
1655402989600539358 0
1655402990601693118 0
1655402991602866089 0
1655402992604025408 0
1655402993604359812 0
1655402994605547904 0
1655402995606712839 0
1655402996607959858 0
1655402997609195315 0
1655402998610427059 0
1655402999611671127 0
1655403000612913252 0
1655403001614143424 0
1655403002615400971 0
1655403003616666107 0
1655403004617894298 0
1655403005619116552 0
1655403006620315063 0
1655403007621545824 0
1655403008622779853 0
1655403009624006622 0
1655403010625240077 0
1655403011626469541 0
1655403012627707661 0
1655403013628955967 0
1655403014630210462 0
1655403015631459232 0
1655403016632686460 0
