1655400607489295782 0
1655400608490576114 0
1655400609491804087 0
1655400610493008524 0
1655400611494234689 0
1655400612494576878 0
1655400613495803244 0
1655400614497014910 0
1655400615498243306 0
1655400616499496417 10
1655400617500712184 40
1655400618501944514 40
1655400619503164530 38
1655400620504367813 40
1655400621505584112 40
1655400622506805305 34
1655400623508027169 40
1655400624509245125 40
1655400625510482860 40
1655400626511692295 38
1655400627512913449 40
1655400628514141848 40
1655400629515360411 37
1655400630516114105 37
1655400631517349534 40
1655400632518438508 40
1655400633519671924 38
1655400634520889294 40
1655400635522114415 40
1655400636523359149 39
1655400637524577461 35
1655400638525821790 40
1655400639526438828 40
1655400640527632938 40
1655400641528852662 38
1655400642530062436 40
1655400643531278778 40
1655400644532501287 34
1655400645533722901 40
1655400646534945223 40
1655400647536164819 40
1655400648537392633 38
1655400649538615657 40
1655400650539815373 40
1655400651541030005 36
1655400652542243101 38
1655400653543532783 40
1655400654544750969 40
1655400655545955038 39
1655400656547163868 39
1655400657548388674 40
1655400658549561809 38
1655400659550782680 36
1655400660551983896 40
1655400661553201607 40
1655400662554491648 40
1655400663555261540 38
1655400664556422213 40
1655400665557609294 40
1655400666558776211 35
1655400667559897469 39
1655400668561061324 40
1655400669562218768 40
1655400670563389983 40
1655400671564539237 38
1655400672565702124 40
1655400673566801101 35
1655400674567948982 39
1655400675569091193 40
1655400676570278265 40
1655400677570562323 40
1655400678571734957 38
1655400679572883951 40
1655400680574102708 37
1655400681575259710 37
1655400682576487447 40
1655400683577700179 40
1655400684578441124 40
1655400685579665069 39
1655400686580229114 39
1655400687581459026 38
1655400688582576435 37
1655400689583795433 39
1655400690585005858 40
1655400691586222112 40
1655400692587456580 40
1655400693588606930 38
1655400694589774943 38
1655400695591003846 39
1655400696592219458 37
1655400697593440824 40
1655400698594669314 40
1655400699595890601 40
1655400700597103422 38
1655400701598325081 40
1655400702599481015 37
1655400703600612655 37
1655400704601827569 40
1655400705603051509 40
