time,operation,name,city
1653773988051486187,INSERT,ak,ountly
1653773988051534805,INSERT,aiarry,ash
1653773988051551375,INSERT,ar,aurt
1653773988051565660,INSERT,uongs,eault
1653773988051577572,INSERT,eef,oonts
1653773988051598800,INSERT,iarf,aiasch
1653773988051612384,INSERT,eiak,iul
1653773988051621814,INSERT,uah,ebs
1653773988051632273,INSERT,iosch,ul
1653773988051671173,INSERT,eicy,iirts
1653773988051681098,INSERT,uiedy,eantly
1653773988051692262,INSERT,itts,att
1653773988051712468,INSERT,uall,uirly
1653773988051720889,INSERT,iouwn,eigy
1653773988051729132,INSERT,aocks,aiarty
1653773988051737755,INSERT,ours,uerry
1653773988051746299,INSERT,oegh,uies
1653773988051766784,INSERT,iirr,ieunds
1653773988051778722,INSERT,aiag,iugy
1653773988051790604,INSERT,aet,eos
1653773988051801392,INSERT,uord,aiz
1653773988051810225,INSERT,aopp,iousk
1653773988051821221,INSERT,eiacks,ioum
1653773988051829532,INSERT,eurm,uiet
1653773988051838272,INSERT,aix,ieum
1653773988051846472,INSERT,uieft,eedy
1653773988051864202,INSERT,eiw,uogs
1653773988051874810,INSERT,aern,erth
1653773988051883510,INSERT,iaodly,iosly
1653773988051892565,INSERT,urr,eupp
1653773988051900919,INSERT,oobly,eingly
1653773988051914213,INSERT,oirf,eorg
1653773988051923163,INSERT,iink,uiss
1653773988051932274,INSERT,iaolly,aatts
1653773988051940152,INSERT,eists,ead
1653773988051951859,INSERT,aing,ioth
1653773988051972574,INSERT,oecy,oiask
1653773988051982853,INSERT,aody,ieust
1653773988051991790,INSERT,uolt,eiangly
1653773988052000791,INSERT,iodly,ought
1653773988052009980,INSERT,eink,uohn
1653773988052029966,INSERT,iangly,ioubly
1653773988052041051,INSERT,ourg,uihl
1653773988052050561,INSERT,uirr,uez
1653773988052059260,INSERT,ion,oil
1653773988052068169,INSERT,uory,ieuth
1653773988052077018,INSERT,iry,aoss
1653773988052094942,INSERT,iak,auerry
1653773988052105862,INSERT,aeth,ency
1653773988052117989,INSERT,uac,oangly
1653773994354084008,INSERT,inds,uatt
1653773994354208608,INSERT,iish,iaongs
1653773994354222862,INSERT,iopt,eiab
1653773994354233555,INSERT,orly,aarf
1653773994354243367,INSERT,aued,auens
1653773994354252818,INSERT,eiff,ieust
1653773994354262827,INSERT,eaurr,oecks
1653773994354272648,INSERT,eills,uith
1653773994354282474,INSERT,ein,iurd
1653773994354300066,INSERT,uatts,oialls
1653773994354311498,INSERT,iint,euld
1653773994354321025,INSERT,oerk,iss
1653773994354330357,INSERT,eupt,aiand
1653773994354339877,INSERT,iuks,eeys
1653773994354349137,INSERT,aiosts,ealls
1653773994354358519,INSERT,aot,uiends
1653773994354368254,INSERT,iev,iib
1653773994354377850,INSERT,aiols,iouz
1653773994354387060,INSERT,uiesm,aic
1653773994354396734,INSERT,aialy,iib
1653773994354406175,INSERT,eac,oect
1653773994354414275,INSERT,aeb,eisch
1653773994354422747,INSERT,uiecks,ouck
1653773994354431158,INSERT,uaght,aan
1653773994354439583,INSERT,eon,iaolt
1653773994354447479,INSERT,oebs,uahn
1653773994354466106,INSERT,oehn,uiks
1653773994354477016,INSERT,uach,aosly
1653773994354485116,INSERT,eall,eent
1653773994354493415,INSERT,iaobs,ieud
1653773994354514444,INSERT,oist,aehl
1653773994354523456,INSERT,uier,aud
1653773994354532623,INSERT,ooft,uety
1653773994354541849,INSERT,erds,iolt
1653773994354550944,INSERT,oald,uierty
1653773994354559678,INSERT,eands,aungs
1653773994354577132,INSERT,eont,il
1653773994354587404,INSERT,aiolly,iourf
1653773994354595523,INSERT,ick,eimp
1653773994354604160,INSERT,uarty,uitts
1653773994354613283,INSERT,aiory,aily
1653773994354621693,INSERT,oerty,iiny
1653773994354630287,INSERT,iecs,aul
1653773994354661173,INSERT,ingly,oab
1653773994354670751,INSERT,uarts,eiar
1653773994354679557,INSERT,eauntly,outt
1653773994354688507,INSERT,ency,oith
1653773994354705922,INSERT,auf,eisk
1653773994354725047,INSERT,eiand,aot
1653773994354734404,INSERT,auests,eigy
