1655509219354036228 277129053
1655509219655163625 99698109
1655509219956479383 99706452
1655509220163378724 5611479
1655509220370047195 5327592
1655509220576889417 5556122
1655509220783550030 5370325
1655509220990296328 5368260
1655509221197536030 5983936
1655509221404526553 5635319
1655509221611424939 5557780
1655509221818274188 5535874
1655509222025185128 5443839
1655509222231931300 5436751
1655509222438658405 5525727
1655509222645621195 5629289
1655509222852449670 5546958
1655509223059362750 5523364
1655509223265930740 5244967
1655509223472831895 5599144
1655509223679785037 5541278
1655509223886472067 5380343
1655509224093179550 5403073
1655509224299862525 5457594
1655509224506534112 5405449
1655509224713143259 5318819
1655509224919734199 5328390
1655509225126450346 5378126
1655509225333620921 5820295
1655509225540491749 5566490
1655509225747193893 5374272
1655509225954117400 5577344
1655509226160783825 5387658
1655509226367538983 5441636
1655509226574110601 5268918
1655509226780882562 5404283
1655509226987533190 5348880
1655509227194347159 5471161
1655509227400689083 5091963
1655509227607246398 5310703
1655509227813856762 5253414
1655509228020510576 5367979
1655509228227112041 5337260
1655509228433573989 5242798
1655509228640254323 5373512
1655509228846915489 5327696
1655509229053723468 5475990
1655509229260324933 5256805
1655509229466934878 5335915
1655509229673662645 5435960
1655509229880332272 5371212
1655509230087034972 5439474
1655509230293755261 5396642
1655509230500401348 5345170
1655509230707148399 5358978
1655509230913815450 5369684
1655509231120544151 5397459
1655509231327119109 5307159
1655509231533697783 5262050
1655509231740296162 5289856
1655509231946781162 5198524
1655509232153398290 5286876
1655509232360013761 5323224
1655509232566643846 5338959
1655509232773153779 5288407
1655509232979823703 5340284
1655509233187877974 6735627
1655509233395097975 5909555
1655509233602267785 5775927
1655509233809447925 5856339
1655509234016545403 5759946
1655509234223356827 5488765
1655509234430036365 5339332
1655509234637073541 5682621
1655509234843922283 5557730
1655509235050366681 5174918
1655509235259060700 7387800
1655509235465652602 5314801
1655509235672290471 5357373
1655509235879018952 5440582
1655509236085759387 5424774
1655509236292605844 5528220
1655509236499791800 5837611
1655509236707265275 6102623
1655509236914715428 6076373
1655509237122263958 6104889
1655509237329719698 6019220
1655509237536949909 5842541
1655509237757671787 19433949
1655509237964543303 5553765
1655509238171593914 5770568
1655509238378725739 5822768
1655509238585842561 5779548
1655509238792683631 5565352
1655509238999696055 5679283
1655509239206397215 5389940
1655509239413060427 5391712
1655509239619897321 5556172
1655509239826542816 5319069
1655509240033146380 5240622
1655509240239892588 5418063
1655509240446777455 5589984
1655509240653442293 5350291
1655509240860141788 5384445
1655509241066616083 5185912
1655509241273218533 5340494
1655509241479863538 5329251
1655509241686431601 5210040
1655509241892773325 5088312
1655509242099455696 5364011
1655509242306002982 5268635
1655509242512778247 5456471
1655509242719470570 5431613
1655509242926121668 5343968
1655509243132797736 5368726
1655509243339464366 5345893
1655509243546050063 5294147
1655509243752633771 5286328
1655509243959292779 5344412
1655509244165940697 5320588
1655509244372555878 5345092
1655509244579186203 5341365
1655509244785538949 5053030
1655509244992133603 5335331
1655509245198739810 5293010
1655509245405342159 5354096
1655509245611996242 5382159
1655509245818529285 5282368
1655509246025127372 5282474
1655509246231709345 5292465
1655509246438078614 5082624
1655509246644678403 5303291
1655509246851305247 5328413
1655509247057806557 5215163
1655509247264635487 5510296
1655509247471247421 5327142
1655509247677072334 4748404
1655509247883736016 5370468
1655509248090385447 5354003
1655509248297028226 5332285
1655509248504025055 5689054
1655509248710673277 5322526
1655509248916931449 5126464
1655509249123516912 5311985
1655509249330071610 5250418
1655509249536755102 5377103
1655509249743525538 5430157
1655509249949884291 5080982
1655509250156476655 5292502
1655509250363266991 5449168
1655509250570078007 5459598
1655509250776796884 5370358
1655509250983520299 5344325
1655509251190176483 5334230
1655509251396825176 5363060
1655509251603486099 5363937
1655509251810338566 5496914
1655509252017246573 5603680
1655509252224274915 5715911
1655509252431260488 5688891
1655509252638275555 5667145
1655509252845289361 5666088
1655509253052210897 5618366
1655509253259149730 5649085
1655509253466327644 5832706
1655509253673382036 5765115
1655509253880570382 5824436
1655509254087537207 5689094
1655509254294637709 5803776
1655509254501752127 5792837
1655509254708941354 5884031
1655509254916222961 5953989
1655509255123411137 5855289
1655509255330665776 5900417
1655509255537313344 5341952
1655509255743755949 5127875
1655509255950499091 5434715
1655509256157140589 5327666
1655509256363230716 4883975
1655509256570227960 5670283
1655509256777122258 5607013
1655509256984016653 5566787
1655509257191357301 5953248
1655509257397942651 5255465
1655509257604918503 5657438
1655509257811616957 5435640
1655509258019173098 6157429
1655509258226317738 5809810
1655509258433398887 5787201
1655509258640442424 5747649
1655509258847633546 5906477
1655509259054841178 5887009
1655509259261934892 5785078
1655509259469177370 5940844
1655509259676432122 5957072
1655509259883699360 5906812
1655509260090865857 5851821
1655509260298184463 5934189
1655509260505392248 5887569
1655509260712690267 5957520
1655509260919831986 5856540
1655509261126796068 5632292
1655509261334359749 6245521
1655509261541532313 5890986
1655509261748729967 5831331
1655509261955878827 5849782
1655509262162473936 5321878
1655509262369602533 5857214
1655509262577083619 6138391
1655509262783772358 5368787
1655509262990368624 5300425
1655509263196649503 5157020
1655509263403302244 5337870
1655509263609623648 5056004
1655509263816328979 5392150
1655509264022942324 5327806
1655509264229602373 5367862
1655509264436389451 5407363
1655509264643294179 5507987
1655509264850171417 5519413
1655509265056951304 5500534
1655509265264076151 5818654
1655509265471031138 5640308
1655509265678082681 5709882
1655509265885154666 5766109
1655509266092273299 5807324
1655509266299403892 5851040
1655509266506565581 5822024
1655509266713504427 5594569
1655509266920536130 5685120
1655509267127596289 5710232
1655509267335743737 6726179
1655509267543069695 5970378
1655509267750287775 5878395
1655509267957058538 5419104
1655509268163820020 5372320
1655509268370452415 5368073
1655509268577127033 5350128
1655509268783879962 5464589
1655509268990488246 5307940
1655509269197077213 5253688
1655509269403771678 5352551
1655509269610335917 5257702
1655509269816998879 5372604
1655509270023434714 5161745
1655509270230098801 5340064
1655509270436849313 5404627
1655509270643555125 5402878
1655509270850668549 5756633
1655509271057620480 5634535
1655509271264515559 5522750
1655509271471197336 5286675
1655509271678018981 5496984
1655509271884964267 5569574
1655509272091718574 5447963
1655509272298447466 5356262
1655509272505131109 5373445
1655509272711855872 5445958
1655509272918451885 5327633
1655509273125081118 5334006
1655509273331183431 4934115
1655509273537884803 5335622
1655509273744678332 5497618
1655509273951185462 5216845
1655509274157795353 5278676
1655509274364470666 5348740
1655509274571152390 5378551
1655509274777884017 5350808
1655509274984546877 5358465
1655509275191146860 5318596
1655509275397845186 5318328
1655509275604533381 5379973
1655509275811356140 5498822
1655509276017930140 5297050
1655509276224588574 5313199
1655509276431338043 5333386
1655509276637814287 5165651
1655509276844603475 5435023
1655509277051339968 5422938
1655509277258828529 6149180
1655509277465590091 5356325
1655509277672177531 5303008
1655509277878795157 5346100
1655509278085369281 5279280
1655509278291821173 5400704
1655509278498734081 5550345
1655509278705278557 5179459
1655509278911805583 5242625
1655509279118181174 5122569
1655509279324816042 5367665
1655509279531373523 5254588
1655509279737927551 5255644
1655509279944653005 5435316
1655509280157064263 11145048
1655509280363734557 5344292
1655509280570432710 5348473
1655509280777089909 5337203
1655509280983848110 5405978
1655509281190491998 5367315
1655509281397115692 5331044
1655509281603727091 5352481
1655509281810370197 5311727
1655509282017053817 5362710
1655509282223728176 5407334
1655509282430531509 5474524
1655509282656307883 24477499
1655509282863090899 5473443
1655509283069699630 5285955
1655509283276326548 5329572
1655509283482949273 5349207
1655509283689685223 5430193
1655509283896345215 5364264
1655509284102982087 5368372
1655509284309755210 5449253
1655509284516450352 5394859
1655509284723079179 5363701
1655509284929717660 5321773
1655509285136604633 5472028
1655509285343264121 5348566
1655509285549916398 5325610
1655509285756556067 5373752
1655509285963256559 5417578
1655509286169488947 4950056
1655509286376326550 5517030
1655509286583032876 5402535
1655509286789700166 5323207
1655509286996332517 5322320
1655509287202975446 5331380
1655509287409775726 5477218
1655509287616418829 5323755
1655509287823039389 5360887
1655509288029729486 5366957
1655509288236498030 5463486
1655509288443204542 5380810
1655509288649780575 5290991
1655509288856532936 5450660
1655509289063237566 5411031
1655509289269785500 5220306
1655509289476422462 5364284
1655509289683053869 5353269
1655509289889263982 4955532
1655509290095828563 5265117
1655509290302469943 5378837
1655509290509112242 5335594
1655509290715871592 5435373
1655509290922454632 5302456
1655509291129107313 5314133
1655509291336637315 6212016
1655509291542960606 5130113
1655509291749637008 5346204
1655509291956381141 5447577
1655509292162710821 5070643
1655509292369200057 5189474
1655509292575810752 5359142
1655509292782366844 5270229
1655509292989019101 5295151
1655509293195718662 5434682
1655509293402339486 5303674
1655509293609036575 5418841
1655509293815761458 5420863
1655509294022065577 5053490
1655509294228646822 5294636
1655509294435325501 5379729
1655509294641959486 5288854
1655509294848554080 5272743
1655509295055161565 5316076
1655509295261823593 5336449
1655509295468605889 5483188
1655509295675308353 5377633
1655509295881976114 5357239
1655509296088609259 5357760
1655509296295325859 5414015
1655509296502057868 5425953
1655509296708726561 5351798
1655509296915384770 5375041
1655509297121931715 5203830
1655509297328836606 5616378
1655509297535560504 5425988
1655509297742117892 5253927
1655509297948988760 5581097
1655509298155526199 5254662
1655509298362133344 5274138
1655509298568938064 5491686
1655509298775654750 5392590
1655509298982286453 5319420
1655509299188939911 5397045
1655509299395521804 5294161
1655509299602147863 5303030
1655509299808905648 5428368
1655509300015530937 5319903
1655509300222155479 5315939
1655509300428738830 5332047
1655509300635446774 5426900
1655509300842070158 5279040
1655509301048737316 5348277
1655509301255371745 5362533
1655509301462019179 5292502
1655509301668729183 5438697
1655509301875400374 5351483
1655509302082030839 5296860
1655509302288707380 5400542
1655509302495397771 5357616
1655509302702018759 5301196
1655509302908584946 5286164
1655509303115278057 5393936
1655509303321890584 5274574
1655509303528655369 5444922
1655509303735322094 5353699
1655509303941977618 5338789
1655509304148577646 5335477
1655509304355190532 5285037
1655509304561877115 5364165
1655509304768563081 5380871
1655509304975207602 5361688
1655509305181834663 5282818
1655509305388521760 5399065
1655509305595051802 5269932
1655509305801612164 5259191
1655509306008181034 5338791
1655509306214782593 5279867
1655509306421370145 5285731
1655509306628146992 5430928
1655509306835142503 5699026
1655509307041746981 5283912
1655509307248890466 5647307
1655509307456148699 5990718
1655509307663206288 5782689
1655509307869933757 5371769
1655509308076536507 5347722
1655509308283174357 5357316
1655509308489825045 5383856
1655509308696536119 5418196
1655509308903138643 5303835