1655513442872622955 180604171
1655513443167675827 93610684
1655513443374000144 5042132
1655513443580618277 5296371
1655513443786881511 4999049
1655513443993167823 5004187
1655513444199428314 4975442
1655513444405725712 5026433
1655513444611953488 4950716
1655513444817973491 4746998
1655513445024448858 5224908
1655513445230716143 5034333
1655513445437090418 5045829
1655513445643413109 4994156
1655513445849716722 4998888
1655513446055919012 4943451
1655513446262141831 4973229
1655513446468681185 5288689
1655513446674843662 4917722
1655513446881204819 5109456
1655513447087516217 5039325
1655513447294466911 5701999
1655513447500935915 5207612
1655513447707506499 5249160
1655513447913873188 5118386
1655513448120332750 5168422
1655513448326777687 5128916
1655513448533003042 4996555
1655513448739249542 4967845
1655513448945574229 5094882
1655513449152315406 5441772
1655513449360172924 5824821
1655513449566668368 5138306
1655513449773170302 5196930
1655513449979569682 5082541
1655513450186321263 5297723
1655513450392959445 5340312
1655513450599432644 5204518
1655513450806055902 5311799
1655513451012759941 5393697
1655513451219527012 5489151
1655513451426182224 5320937
1655513451632901520 5412816
1655513451839418098 5188560
1655513452045891003 5370310
1655513452252252623 5059725
1655513452458645245 5118609
1655513452665248848 5314082
1655513452871635033 5085037
1655513453077661494 4765703
1655513453283698009 4788832
1655513453489633248 4632140
1655513453695704654 4829030
1655513453901533903 4569981
1655513454107900426 5137385
1655513454314258944 5012618
1655513454520606041 5090581
1655513454726857764 5018642
1655513454933199431 5093257
1655513455139605515 5124817
1655513455345898783 5026897
1655513455552244601 5117990
1655513455758025072 4660696
1655513455964458618 5104213
1655513456170460681 4803107
1655513456376777712 5075453
1655513456583005179 5020597
1655513456789401793 5126216
1655513456995753147 5096228
1655513457201979481 4948841
1655513457408332901 5047441
1655513457614704316 5056411
1655513457821048843 5066380
1655513458027213891 4923748
1655513458233498416 5039796
1655513458439925736 5122634
1655513458646137330 4933278
1655513458852398681 5007535
1655513459058706449 5026066
1655513459265079838 5111000
1655513459471375273 4998465
1655513459677782438 5106533
1655513459884103504 5057108
1655513460090533010 5101136
1655513460296964681 5132930
1655513460503299344 5025970
1655513460709638557 5096527
1655513460915978005 5087694
1655513461122278145 5000590
1655513461328504602 4966677
1655513461534750369 4996947
1655513461741127543 5150950
1655513461947361752 4949504
1655513462153753160 5107100
1655513462360083025 5035077
1655513462566426987 5027765
1655513462772769977 5057603
1655513462978581559 4614086
1655513463184911232 5053835
1655513463391226299 5051973
1655513463598438069 5956078
1655513463804915153 5172185
1655513464011196550 4996273
1655513464217585385 5153690
1655513464424002871 5128488
1655513464630580387 5175749
1655513464836852728 5040991
1655513465043197486 5063964
1655513465249615654 5079255
1655513465456034281 5091926
1655513465662304627 4999800
1655513465868643570 5069620
1655513466074844979 4907019
1655513466281149637 5045045
1655513466487446840 5049740
1655513466693794167 5111642
1655513466900098521 5043153
1655513467106387905 5042159
1655513467312866179 5205973
1655513467519108538 4987258
1655513467725485240 5133824
1655513467931957887 5208604
1655513468138301329 5064878
1655513468344705731 5148624
1655513468551109944 5128538
1655513468757458628 5069891
1655513468963836368 5130874
1655513469170170714 5018838
1655513469376533322 5067781
1655513469582920519 5077646
1655513469789285677 5097823
1655513469995748130 5125879
1655513470202068072 5082074
1655513470408479715 5116284
1655513470614739160 5001315
1655513470821069919 5095350
1655513471027301867 4970055
1655513471233720995 5157839
1655513471440022696 5065232
1655513471646321761 4992682
1655513471853536198 5930042
1655513472059891132 5082705
1655513472266277671 5084998
1655513472472643261 5111976
1655513472678941824 5041507
1655513472885269528 5074700
1655513473091575981 5038528
1655513473297824068 4962210
1655513473504187798 5049598
1655513473710548680 5030638
1655513473916922790 5109425
1655513474123231527 5031769
1655513474329560536 5089731
1655513474535907712 5072032
1655513474742227815 5036299
1655513474948461645 4982941
1655513475154786376 5041461
1655513475361176520 5141623
1655513475567446449 5014717
1655513475773834387 5151268
1655513475980110585 5015721
1655513476184827679 3675183
1655513476391178912 5092436
1655513476598468409 6021370
1655513476804770113 5044500
1655513477011138074 5047147
1655513477217533280 5121690
1655513477424081949 5294923
1655513477630481730 5121713
1655513477836898494 5137335
1655513478043177403 4981558
1655513478249516285 5092770
1655513478456052403 5269888
1655513478662533203 5161979
1655513478868890723 5038787
1655513479075279105 5096758
1655513479281687691 5039372
1655513479488066638 5146746
1655513479694419461 5113604
1655513479900679508 5030611
1655513480106972719 5068452
1655513480313280604 5100596
1655513480519727792 5140095
1655513480726007868 4965691
1655513480932392953 5069587
1655513481138769642 5076291
1655513481345141264 5091749
1655513481551464570 5005163
1655513481757663172 4941266
1655513481964095440 5158275
1655513482170699018 5282045
1655513482377063398 5105668
1655513482583208932 4920839
1655513482789588634 5075020
1655513482995888833 5110828
1655513483201991198 4855630
1655513483408401639 5069697
1655513483614767684 5074205
1655513483821150753 5084183
1655513484027427793 5037607
1655513484233824917 5063830
1655513484439822437 4850658
1655513484646154565 4988928
1655513484853563690 6096351
1655513485059933650 5123986
1655513485266289105 5101133
1655513485472524037 5013796
1655513485678970429 5174137
1655513485885284275 5048993
1655513486091544104 4989524
1655513486297833664 5009864
1655513486504281974 5136613
1655513486710623852 5083890
1655513486917053961 5172021
1655513487123265602 4953870
1655513487329645356 5153513
1655513487535920417 5040006
1655513487742282121 5087808
1655513487948613750 5052998
1655513488154913082 5058854
1655513488361300876 5075701
1655513488567719351 5174534
1655513488774015467 4988848
1655513488980066309 4797767
1655513489186372622 5048158
1655513489392644132 5051916
1655513489598886265 4984312
1655513489805244661 5084907
1655513490011363513 4887264
1655513490217778585 5153250
1655513490424731975 5672338
1655513490631118547 5093160
1655513490837578799 5116457
1655513491044004927 5154985
1655513491250335639 5065673
1655513491456721040 5089770
1655513491663369098 5260497
1655513491869824840 5169619
1655513492076387559 5163091
1655513492282929507 5199967
1655513492489409081 5216229
1655513492695782568 5114646
1655513492902118444 5071309
1655513493108564764 5174141
1655513493314886657 5097489
1655513493521329066 5195715
1655513493727807340 5154938
1655513493934148879 5058548
1655513494140484810 5068949
1655513494346801005 5037704
1655513494553207166 5138470
1655513494759527519 5038635
1655513494965844011 5016135
1655513495172202748 5064935
1655513495378551497 5056392
1655513495584927764 5166362
1655513495791347451 5134548
1655513495997753256 5123055
1655513496204165311 5145894
1655513496410161462 4789248
1655513496616498437 5066049
1655513496822870022 5086723
1655513497029278687 5137301
1655513497235636798 5103770
1655513497442771373 5862077
1655513497649258407 5244198
1655513497856421485 5825161
1655513498062646876 4958723
1655513498268959887 5067391
1655513498475195232 4957691
1655513498681555004 5140605
1655513498887881961 5065479
1655513499094287723 5115647
1655513499300665758 5116458
1655513499507013522 5059315
1655513499713437691 5110818
1655513499919775437 5087047
1655513500126149599 5011237
1655513500332435419 5044789
1655513500538815767 5079158
1655513500745331576 5196136
1655513500951688651 5061144
1655513501157943048 4970386
1655513501364356361 5137071
1655513501570650861 5054809
1655513501776972702 5044885
1655513501983223018 4985063
1655513502189674362 5169772
1655513502396011511 5072150
1655513502602384951 5088144
1655513502808664190 5004632
1655513503014955473 5047074
1655513503221346316 5113768
1655513503427781017 5166428
1655513503634174084 5083803
1655513503840412613 4970926
1655513504046796717 5099958
1655513504253209056 5127147
1655513504459563861 5119147
1655513504665878655 5020467
1655513504872228165 5105248
1655513505078677869 5178576
1655513505285199284 5206394
1655513505491476685 5023421
1655513505697838255 5088124
1655513505904157794 5016012
1655513506111804071 6341866
1655513506317875427 4710960
1655513506524261872 5127006
1655513506730740721 5098757
1655513506937134842 5153263
1655513507143530008 5090391
1655513507349868201 5060339
1655513507556208206 5034539
1655513507762524231 4989778
1655513507968844407 5069837
1655513508175140757 5051179
1655513508381531114 5111348
1655513508587965482 5137375
1655513508794314081 5102001
1655513509000734289 5117932
1655513509207000023 5136537
1655513509413304878 5042319
1655513509619720063 5110417
1655513509825975432 5000130
1655513510032248129 5026200
1655513510238600529 5065132
1655513510444970289 5133107
1655513510651211530 5000046
1655513510858383832 5068672
1655513511064589377 4947814
1655513511270870604 5019196
1655513511477170397 5041204
1655513511683547965 5098777
1655513511889838391 5073522
1655513512096175951 5044498
1655513512302491007 5071612
1655513512508828370 5101978
1655513512715172917 5077933
1655513512921615454 5159484
1655513513128006642 5142567
1655513513334391078 5105352
1655513513540922102 5224042
1655513513747207195 5006497
1655513513953288853 4924267
1655513514159661725 5120636
1655513514365894208 4966882
1655513514572206966 5045870
1655513514778589430 5080956
1655513514985025868 5138677
1655513515191368554 5080750
1655513515397695931 5100856
1655513515604070093 5111776
1655513515810441574 5077402
1655513516016812219 5053459
1655513516223208794 5089970
1655513516429585289 5107778
1655513516636004829 5186404
1655513516842222054 4941056
1655513517048577781 5095194
1655513517254942836 5057506
1655513517461387052 5161573
1655513517667800218 5186511
1655513517874111030 5025633
1655513518080503523 5118146
1655513518286564873 4817879
1655513518492958531 5100518
1655513518699242442 5053505
1655513518905063634 4632250
1655513519111308015 4991390
1655513519317660018 5080079
1655513519524111198 5141700
1655513519730576989 5170337
1655513519936997727 5111665
1655513520143372036 5072350
1655513520349787538 5121610
1655513520556190904 5123856
1655513520762480554 5019118
1655513520968823797 5092170
1655513521174861571 4819008
1655513521381254915 5136761
1655513521587549611 5033495
1655513521793829180 4979142
1655513522000122201 5032464
1655513522206417905 5000343
1655513522412760461 5042046
1655513522619079532 5012875
1655513522825434789 5094860
1655513523031873882 5164660
1655513523238219524 5024461
1655513523444558576 5116621
1655513523651076339 5204328
1655513523858118424 5785362
1655513524064468779 5067878
1655513524270806941 5049794
1655513524477079390 5022437
1655513524683346413 5006437
1655513524889615061 5022339
1655513525096007520 5119724
1655513525302362773 5089833
1655513525508675351 5047845
1655513525715042004 5059035
1655513525921480991 5158163
1655513526127799867 5040681
1655513526334000986 4934825
1655513526540406875 5101404
1655513526746798616 5107707
1655513526953213905 5126659
1655513527159527463 5025215
1655513527365857264 5081638
1655513527572480890 5366729
1655513527778757216 5006698
1655513527985238487 5180775
1655513528191554702 5049570
1655513528397841843 5003560
1655513528604269807 5112426
1655513528810670340 5139775
1655513529017015498 5036041
1655513529223308189 4954421
1655513529429361337 4840956
1655513529635745084 5124096
1655513529841953621 4890704
1655513530048351735 5131591
1655513530254646250 5055678
1655513530461029649 5107089
1655513530667391149 5085441
1655513530873759678 5098740
1655513531080097304 5057990
1655513531286512333 5094932
1655513531492905363 5091518
1655513531699165923 4974923
1655513531905554789 5099444
1655513532111879961 5074612
1655513532318211296 5028693
1655513532524520179 5027875