1655523895355325981 564051704
1655523896055638529 399855003
1655523897458071872 1102120856
1655523897761857713 6067068
1655523898158576425 102470112
1655523898759248426 399309642
1655523899254744167 200046540
1655523900487439258 1030561032
1655523901702625501 1013817634
1655523902921459199 1017492313
1655523903160442732 37590399
1655523903458861714 96691120
1655523903757659349 97272936
1655523904058783441 99587147
1655523904361606908 7432515
1655523904662966967 100023844
1655523904956577214 92252330
1655523905258614389 100758866
1655523905465158893 5285048
1655523905757519926 91041260
1655523906062178207 103356447
1655523906362697195 99090881
1655523906661998433 6643204
1655523906962228866 7227376
1655523907261746932 98257024
1655523907558620458 95516417
1655523907861015010 101077555
1655523908158890905 96458406
1655523908366758168 6299242
1655523908657523135 89450570
1655523909056531664 197619697
1655523909359307967 100537788
1655523909656568025 95847541
1655523909957669581 99550707
1655523910259267997 100303569
1655523910556598930 95907071
1655523910857901234 99939853
1655523911157643665 97481346
1655523911459229604 100333369
1655523911757614061 96865739
1655523912059525300 99814831
1655523912357456444 96245885
1655523912659304179 100572859
1655523912958499627 97776427
1655523913261980141 102024698
1655523913564679696 8988166
1655523913859207510 93223512
1655523914156698870 95893444
1655523914459341233 101356001
1655523914854876269 194051988
1655523915061975808 5392456
1655523915361619604 6534056
1655523915658368962 95448634
1655523916058033017 103525447
1655523916361160962 101742733
1655523916754349563 191680926
1655523917183046444 226536527
1655523917393037488 7719819
1655523917599699721 5455727
1655523917808150110 6321668
1655523918014691299 5271918
1655523918221797916 5833248
1655523918459217658 36119528
1655523918665825709 5299307
1655523918961385116 94110406
1655523919260496473 97678598
1655523919554162112 91960200
1655523919761350603 5889381
1655523919968375990 5696932
1655523920259295798 89657110
1655523920466318355 5683388
1655523920760704159 93033664
1655523921054536214 92491231
1655523921261749159 5804456
1655523921554808279 91477736
1655523921763118504 6953858
1655523922055542279 91091815
1655523922262696424 5812210
1655523922556419213 92421164
1655523922763004394 5304710
1655523923056429272 92073275
1655523923263835905 6055766
1655523923556605699 91342761
1655523923763365584 5271551
1655523924056493825 91641409
1655523924263242299 5280886
1655523924556566923 91860719
1655523924763056631 5184138
1655523925058252937 93850480
1655523925264868555 5250538
1655523925557244650 91122751
1655523925763955304 5295543
1655523926056284951 91066703
1655523926263087825 5423049
1655523926556407849 91826064
1655523926763311778 5502523
1655523927061061493 5543667
1655523927358385111 95088277
1655523927566256071 6413834
1655523927859981369 92485847
1655523928067587213 6467298
1655523928357304735 88377282
1655523928565431969 6707068
1655523928859422834 92664761
1655523929067362130 6437251
1655523929358273674 89661119
1655523929566799119 7123142
1655523929857319525 89119225
1655523930065446478 6802661
1655523930358861256 91952739
1655523930565600874 5416941
1655523930858654487 91694048
1655523931065859490 5900658
1655523931358802680 91642345
1655523931565757615 5606213
1655523931858590515 91455774
1655523932065745227 5833454
1655523932358253320 91213785
1655523932566209423 6624981
1655523932859206534 91705080
1655523933066451579 5744225
1655523933359336218 91629147
1655523933566932393 6207117
1655523933855045512 86804429
1655523934061245443 4913463
1655523934267483526 4931424
1655523934557386335 88569774
1655523934764545251 5858162
1655523935058846619 92578027
1655523935265150453 4974203
1655523935471041720 4599102
1655523935756400842 84014311
1655523935964664410 7046645
1655523936258261764 91482123
1655523936467389397 7024923
1655523936756217479 87508676
1655523936963512862 5863248
1655523937257499390 92350784
1655523937466657874 6892041
1655523937761715924 7475177
1655523937969941603 6943869
1655523938261447845 90171992
1655523938554160511 91415188
1655523938761051189 5596204
1655523938967838722 5489478
1655523939258393824 89295605
1655523939561130388 101241179
1655523939859806226 97397902
1655523940156443678 95320792
1655523940362995300 5268718
1655523940656648330 92387209
1655523940863083124 5155699
1655523941069628944 5200580
1655523941358283175 87354674
1655523941566092756 6501862
1655523941771962148 4578305
1655523942056416052 83384114
1655523942263150144 5264987
1655523942470193638 5606896
1655523942758183550 86887056
1655523942964731043 5272419
1655523943171159958 5123094
1655523943456927767 84475851
1655523943664611325 6354216
1655523943871597393 5673790
1655523944156984052 84011299
1655523944364230844 5881833
1655523944657002287 91374754
1655523944957475530 99175243
1655523945260456355 101643775
1655523945559621470 97867557
1655523945767669945 6686320
1655523946061987647 6871730
1655523946359573710 96319991
1655523946656416041 95519288
1655523946863395427 5477961
1655523947158826405 94110018
1655523947457991476 97074028
1655523947665027501 5551566
1655523947959052154 92327019
1655523948167124655 6695144
1655523948458111154 89685777
1655523948666940641 7255061
1655523948958478901 89817174
1655523949167024105 6909962
1655523949457343986 89449269
1655523949663620099 4989385
1655523949869823394 4839158
1655523950158487065 87611227
1655523950366590154 6727548
1655523950573709569 5743934
1655523950857715827 83015063
1655523951065442201 6406192
1655523951354151966 87205306
1655523951562191179 6439388
1655523951769481038 5884704
1655523952060404780 89592427
1655523952359456914 97744969
1655523952567946171 6930774
1655523952856336431 87233945
1655523953062925821 5264857
1655523953269023605 4792709
1655523953557417653 87125842
1655523953763914705 5179078
1655523953969824446 4695039
1655523954259756255 88577423
1655523954466694117 5645664
1655523954759596027 91787396
1655523954966384570 5500455
1655523955260582426 5369775
1655523955467221358 5171823
1655523955757199511 88897554
1655523955963693250 5243733
1655523956169989986 4937925
1655523956460294910 89028592
1655523956667003801 5408329
1655523956956329091 87964667
1655523957162548237 5002780
1655523957368869498 5070994
1655523957657327330 87180090
1655523957954047366 95390542
1655523958160563658 5234505
1655523958367230660 5394860
1655523958656612617 88072876
1655523958863229008 5310540
1655523959069395811 4854789
1655523959360282828 89612783
1655523959567984469 6398170
1655523959856530773 87291926
1655523960063109935 5232623
1655523960357017489 92543258
1655523960564383339 6020114
1655523960770927455 5259761
1655523961060294189 6087422
1655523961267358525 5817175
1655523961556523220 87830969
1655523961763355768 5431656
1655523962056543372 91861597
1655523962263841899 5954346
1655523962556556360 91412955
1655523962763075889 5188964
1655523963056404768 91954080
1655523963264467985 6452372
1655523963560279168 93964882
1655523963858622897 97077572
1655523964066471128 6587974
1655523964361299241 5796908
1655523964754241046 191305297
1655523964962278068 6630683
1655523965259372076 95720088
1655523965465927818 5204688
1655523965759980501 92787668
1655523965967001060 5876346
1655523966260854253 6536542
1655523966468031519 5857666
1655523966760546283 5194966
1655523966967055630 5209500
1655523967257392872 89078466
1655523967464432739 5769400
1655523967760330928 93729864
1655523968054151306 92106622
1655523968261709609 5938281
1655523968556401862 92880989
1655523968763038522 5285988
1655523969057377496 92994022
1655523969354919521 96049740
1655523969562367323 5995704
1655523969769044500 5342777
1655523970057619280 87223704
1655523970264212236 5128180
1655523970557365207 91861100
1655523970764227646 5579802
1655523971056356379 90697945
1655523971263177175 5325027
1655523971469787929 5127158
1655523971759126125 88023029
1655523971965846618 5394229
1655523972258573666 91315249
1655523972465597401 5646570
1655523972758298530 91430434
1655523972965399029 5778884
1655523973257291868 89729766
1655523973463777836 5139650
1655523973669707774 4618494
1655523973959232058 88212540
1655523974166340054 5752540
1655523974459296001 91526492
1655523974666519847 5821379
1655523974960164126 92316587
1655523975167280674 5685557
1655523975459888982 5280255
1655523975666597215 5371670
1655523975959550790 91660353
1655523976166458724 5570732
1655523976460593117 92845785
1655523976667935425 5067294
1655523976961121240 5859541
1655523977260536985 5557650
1655523977554024501 92117645
1655523977761752552 6329504
1655523977968599834 5218734
1655523978257137591 87231680
1655523978465932885 7407326
1655523978760755339 93543668
1655523979054093976 91979997
1655523979261530328 5917300
1655523979468826175 5779875
1655523979757801535 87580947
1655523979964612106 5480179
1655523980171439769 5408018
1655523980457366364 84539048
1655523980754802137 96098882
1655523980961802709 5638940
1655523981258502993 95405270
1655523981465101791 5246385
1655523981757829067 91361306
1655523981965004433 5836551
1655523982258431196 92149795
1655523982464961430 5194336
1655523982757515562 91205381
1655523982964905122 5372050
1655523983258055599 91187719
1655523983465331568 5804004
1655523983759728315 92638987
1655523983966544234 4914954
1655523984260593853 92725023
1655523984468234016 5749724
1655523984757685059 88180416