1655508863888530189 86966720
1655508864095053840 5143769
1655508864301370115 5008072
1655508864507665568 5018080
1655508864713997546 5005760
1655508864920052156 4810391
1655508865126398860 4985904
1655508865332636731 4985096
1655508865539021453 5121577
1655508865745225753 4951011
1655508865951636994 5129870
1655508866158065347 5139872
1655508866364506964 5143963
1655508866570898945 5184006
1655508866777321232 5179641
1655508866983567125 4992399
1655508867189866868 5005607
1655508867396379407 5232766
1655508867602570311 4881516
1655508867808838564 5024902
1655508868015100634 4954313
1655508868221416729 5088453
1655508868427625262 4938519
1655508868633991319 5071606
1655508868840456442 5150614
1655508869046890327 5126670
1655508869253219200 5078811
1655508869459840563 5360940
1655508869666105597 4951985
1655508869872394008 5044285
1655508870078649721 4952692
1655508870285018284 5150114
1655508870491283865 5022453
1655508870697763999 5232870
1655508870904002974 4988240
1655508871110317250 5060781
1655508871316573938 5104016
1655508871523154987 5218085
1655508871729453992 5028893
1655508871936202504 5510280
1655508872142438324 4863212
1655508872348965660 5267186
1655508872555092912 4811141
1655508872761470394 5074973
1655508872967941569 5227603
1655508873174094788 4894996
1655508873380573907 5190754
1655508873586671341 4854909
1655508873793151975 5205011
1655508873999466315 5096705
1655508874205778925 5050332
1655508874412644190 5599453
1655508874619234852 5256013
1655508874826074041 5558276
1655508875032567053 5179415
1655508875238738661 4870014
1655508875444860214 4828435
1655508875651283203 5223358
1655508875857506917 4936540
1655508876065108882 6346817
1655508876271415246 5019550
1655508876477826344 5111079
1655508876684331925 5243225
1655508876890485121 4842067
1655508877097274948 5493090
1655508877303518957 5033665
1655508877510118660 5214431
1655508877716628981 5250403
1655508877922980860 5097660
1655508878129360450 5162031
1655508878335884748 5247756
1655508878542216805 5079199
1655508878748647312 5071250
1655508878955209108 5255923
1655508879161483866 5020939
1655508879368037485 5272825
1655508879574389344 5109181
1655508879780870446 5217535
1655508879987088732 4936530
1655508880193603840 5220348
1655508880399910227 5052761
1655508880606537516 5325957
1655508880812943412 5054070
1655508881019516683 5257591
1655508881225704306 4856514
1655508881432529395 5461400
1655508881638876229 5048703
1655508881845141673 4964002
1655508882051707957 5287740
1655508882258080096 5062389
1655508882464675977 5263017
1655508882671208057 5297277
1655508882877363947 4910160
1655508883084096748 5391532
1655508883290388449 5016015
1655508883497105554 5377510
1655508883703351339 4960244
1655508883909844425 5212292
1655508884116128540 5011173
1655508884322676971 5219543
1655508884529050883 5104301
1655508884735755769 5431345
1655508884942121070 5088846
1655508885148977648 5576737
1655508885355215628 4959643
1655508885561908811 5410972
1655508885768175302 4994750
1655508885974867218 5365312
1655508886180935058 4803581
1655508886387170470 5007056
1655508886593365320 5019348
1655508886798477598 4138451
1655508887003604291 4133609
1655508887208717091 3803755
1655508887415266450 5479524
1655508887621050210 4566452
1655508887826891883 4599414
1655508888032898551 4761261
1655508888238832458 4687676
1655508888444782073 4731988
1655508888650714323 4726387
1655508888856938003 5008923
1655508889064022573 5791228
1655508889270226349 4907663
1655508889476470261 4984629
1655508889682667010 4937010
1655508889889596614 5653907
1655508890095869993 5052011
1655508890302132068 4986355
1655508890508420865 5047378
1655508890714647636 4947098
1655508890921028138 5123446
1655508891127182044 4947990
1655508891333492594 5054184
1655508891539810435 5056315
1655508891745972222 4907396
1655508891952166379 4905314
1655508892158437995 4989317
1655508892364693892 4986048
1655508892570999412 5008826
1655508892777286849 5038631
1655508892983481039 4929011
1655508893189978561 5169559
1655508893396281361 5018655
1655508893602041824 4555912
1655508893808263655 4953102
1655508894014586202 5005006
1655508894220722619 4996385
1655508894426941376 4962487
1655508894633258415 5074399
1655508894839569483 5069427
1655508895045615934 4804971
1655508895251899959 5045766
1655508895458195085 4964035
1655508895664493663 4992394
1655508895871070368 5322226
1655508896077722582 5384655
1655508896284128303 5170854
1655508896490511920 5071266
1655508896696982010 5274627
1655508896903400176 4973123
1655508897109853301 5124517
1655508897316424352 5327442
1655508897523010719 5261492
1655508897729642246 5399449
1655508897936017706 5073198
1655508898142438926 5073605
1655508898349011293 5318128
1655508898555503869 5188418
1655508898761780419 5033823
1655508898968366773 5303721
1655508899174686419 4995078
1655508899381314023 5341922
1655508899587745873 5152674
1655508899794085449 5030065
1655508900000562596 5246769
1655508900206817348 4967880
1655508900414164080 5975751
1655508900620525979 5035445
1655508900827072300 5292284
1655508901033381605 4997824
1655508901239878175 5191391
1655508901446185661 4941762
1655508901652699471 5249072
1655508901859180035 5171488
1655508902065755230 5330743
1655508902272096686 5001468
1655508902478588140 5174258
1655508902684912761 4979403
1655508902891508373 5366043
1655508903097927718 5026725
1655508903304528539 5291524
1655508903510627062 4766003
1655508903717286211 5322837
1655508903923508080 4934755
1655508904129998848 5249345
1655508904336306263 5016886
1655508904542774801 5207003
1655508904749323338 5244846
1655508904955979255 5401294
1655508905162402661 5087892
1655508905368705711 5012588
1655508905575292282 5269755
1655508905781608367 4989621
1655508905988191366 5339239
1655508906194446353 4886776
1655508906407944500 12212680
1655508906615495735 5862811
1655508906821784291 4997684
1655508907028069217 5009745
1655508907234314597 4944066
1655508907440543484 4896707
1655508907646822689 4956300
1655508907853113695 5021926
1655508908059375956 4969244
1655508908265653102 5015068
1655508908471990128 5065175
1655508908678268162 4977521
1655508908884547197 4996839
1655508909090830568 4999389
1655508909297152685 5000298
1655508909503464290 5021695
1655508909709805813 5072088
1655508909917413294 5520592
1655508910124258576 5532555
1655508910330550643 4997514
1655508910536854094 5038888
1655508910743409990 5254608
1655508910949890708 5186709
1655508911156265994 5091873
1655508911362694472 5019883
1655508911569042290 5120653
1655508911775221534 4894898
1655508911981667479 5142885
1655508912188103522 5102351
1655508912394453374 5018752
1655508912600867268 5127745
1655508912807186614 5032174
1655508913013594499 5135927
1655508913220038146 5138417
1655508913426455748 4969465
1655508913632874655 5129163
1655508913839116829 4995986
1655508914045559446 5135887
1655508914252289888 5437766
1655508914458640892 4951047
1655508914665007683 5082779
1655508914871247477 4953179
1655508915077682210 5148832
1655508915284075267 5023190
1655508915490540748 5032908
1655508915696899519 5109937
1655508915903234173 4973926
1655508916109679206 5197725
1655508916316021966 5080163
1655508916522361992 5032755
1655508916728724840 5044658
1655508916934844128 4865468
1655508917141209103 5084872
1655508917347483433 5026318
1655508917554181603 5392254
1655508917760405171 4956123
1655508917966648579 4917482
1655508918173030197 5110624
1655508918379268266 4941052
1655508918585761095 5203568
1655508918792162333 5123580
1655508918998667950 5106199
1655508919205039497 5087061
1655508919412094366 5756345
1655508919618500118 4937058
1655508919824909316 5150580
1655508920031236687 5040914
1655508920237673758 5088001
1655508920444108421 5105930
1655508920650477214 4997144
1655508920856926392 5142919
1655508921063206005 4976963
1655508921269643914 5132803
1655508921476110461 5153695
1655508921682445313 4944609
1655508921889639544 5907069
1655508922096040451 5134509
1655508922302374369 5004829
1655508922508916383 5259353
1655508922715136201 4939564
1655508922921709574 5271895
1655508923128081153 5112060
1655508923334274559 4908154
1655508923540751981 5171121
1655508923747038158 4958649
1655508923953501440 5144761
1655508924160100484 5322836
1655508924366547067 5102983
1655508924572933212 5110608
1655508924781213962 7028552
1655508924987503200 4980018
1655508925193827331 4971127
1655508925400265624 5123023
1655508925606324023 4805332
1655508925812868313 5267613
1655508926019151363 5015378
1655508926225550805 5127795
1655508926431855937 5018508
1655508926638370381 5186125
1655508926844733888 5098590
1655508927051031288 5025550
1655508927257439152 5178419
1655508927463798414 5086063
1655508927669935712 4841103
1655508927876148264 4956790
1655508928082421847 4992175
1655508928288894179 5196080
1655508928495133216 4975238
1655508928701662668 5198940
1655508928908010106 5088389
1655508929114331675 5017290
1655508929320753359 5144077
1655508929527052387 4987579
1655508929733429089 5105239
1655508929939855095 5167945
1655508930146255847 4988516
1655508930352389700 4867038
1655508930558720159 5053933
1655508930765011448 5023116
1655508930971151181 4908881
1655508931177476569 5067432
1655508931383713729 4999599
1655508931590079872 5014370
1655508931796549129 5215586
1655508932002867195 5023591
1655508932209233515 5074957
1655508932416289945 5828748
1655508932622592244 4981241
1655508932828638134 4793954
1655508933034923994 5016790
1655508933241240940 5051149
1655508933447453351 4931747
1655508933653761809 5004122
1655508933859887998 5023671
1655508934066231678 4965303
1655508934272537004 5049044
1655508934478887288 5018688
1655508934685094162 4975338
1655508934891067376 4725886
1655508935097412824 5075661
1655508935303695042 5029560
1655508935509896102 4937251
1655508935716211433 5020757
1655508935922484396 4965594
1655508936128780627 5025499
1655508936335029124 4998235
1655508936541305576 4980364
1655508936747565612 4973993
1655508936953881494 4988354
1655508937160134355 4980620
1655508937366369447 4913460
1655508937572559894 4966138
1655508937778867405 5028109
1655508937985240584 5104575
1655508938191598200 5043257
1655508938397824515 4943322
1655508938604099763 5038118
1655508938810389013 4961218
1655508939016689353 5044945
1655508939222840211 5040120
1655508939429208733 5072971
1655508939635489928 5017527
1655508939841778877 4972625
1655508940048067441 5015601
1655508940254405098 5049905
1655508940460671198 5031944
1655508940666955501 5001575
1655508940873270888 5056492
1655508941079687653 5056406
1655508941286042799 5027392
1655508941492375857 5069444
1655508941698690298 5006758
1655508941905091738 5087011
1655508942111333253 4991827
1655508942317677497 5050996
1655508942523466453 4644402
1655508942729782234 5028410
1655508942936064869 4995876
1655508943142428426 5032915
1655508943348716545 5031123
1655508943554995040 4992888
1655508943761249875 4989044
1655508943967478519 4972418
1655508944173786775 5043467
1655508944380082346 5027145
1655508944586296811 4957971
1655508944792638903 5056729
1655508944998807630 4892412
1655508945205022769 4937876
1655508945411989746 5675037
1655508945618486554 5088593
1655508945824539405 5003167
1655508946030819119 5002623
1655508946237091931 5029217
1655508946443071629 4808774
1655508946649523152 5141627
1655508946855379703 4650313
1655508947061672522 5029701
1655508947267959906 5026443
1655508947474270210 5013954
1655508947680539914 5018755
1655508947886823347 4978095
1655508948093169532 5071983
1655508948299431924 4994026
1655508948505765784 4965147
1655508948712152351 5086464
1655508948918422569 4992952
1655508949125183532 5514605
1655508949331456220 4998895
1655508949537741077 5020854
1655508949744025597 4950506
1655508949950374897 5046407
1655508950156724187 5092803
1655508950362958508 4993086
1655508950569306520 5063051
1655508950775659514 5089717
1655508950982059579 5119625
1655508951188386223 5047408
1655508951394777849 5087625
1655508951601166594 5077656
1655508951807487728 5049153
1655508952013768956 5028069
1655508952220124517 5056235
1655508952426422459 5013316
1655508952632670361 4977604
1655508952838763686 4965170
1655508953045162617 5114005
1655508953251363322 4933774
1655508953457224982 4671568
1655508953663404783 4915233