1655510061876291886 276730682
1655510062181559221 6041451
1655510062676420726 199565216
1655510063382050329 406457038
1655510064276582569 693168499
1655510065777535074 1299562877
1655510066083713301 6721864
1655510067776374831 1401293109
1655510072076710387 3901899995
1655510072286426728 7586752
1655510072495172702 6649104
1655510072782928761 7831070
1655510073476314088 399657507
1655510073974476929 295575307
1655510074182061063 5467524
1655510074479228801 95876747
1655510075276227102 400001724
1655510075585818643 9906912
1655510075879001615 91849696
1655510076396664427 316333989
1655510076797647032 199672683
1655510077004707955 5710344
1655510077211867668 5559012
1655510077418844861 5451873
1655510077676808958 56580865
1655510078030697588 152386335
1655510078237649649 5669521
1655510078444588832 5594770
1655510078682616295 6777979
1655510079076597363 192569565
1655510079476368230 198066129
1655510080003715614 325907447
1655510080210364855 5295135
1655510080416791369 5045556
1655510080623333780 5076906
1655510080884025247 7325428
1655510081377976235 201651252
1655510081783924570 8882018
1655510082383018014 306832651
1655510082783813223 199446256
1655510083174782017 98386244
1655510083576759419 199688627
1655510083982939327 106265530
1655510084374820253 190599177
1655510086176468684 1399544418
1655510086383372415 5420780
1655510086681247258 96530006
1655510086983049189 100451891
1655510087480509491 105265482
1655510087779265731 97285986
1655510088081658704 6338577
1655510089711929872 1428942524
1655510089981446643 6436183
1655510090277856092 95095624
1655510090484619292 5441227
1655510091876724751 1190828525
1655510092278970123 102412642
1655510093612697786 1037789741
1655510094076173058 199521281
1655510094384218791 8121415
1655510094683209253 5763035
1655510096180616746 1296065109
1655510096575572351 99969757
1655510096878287479 100799867
1655510097274763949 195137914
1655510097703520781 226853183
1655510097976956760 72210164
1655510098278425917 100016837
1655510098485141665 5321235
1655510098875127698 188676878
1655510099382423467 207016521
1655510099776813694 193063957
1655510100080103779 101094560
1655510100378282575 95909525
1655510100681603488 5367047
1655510101999660828 1023250635
1655510102282761953 7664778
1655510102677305040 100417793
1655510103074969400 99324933
1655510103378081897 101286181
1655510104077449791 301720057
1655510104478143955 102339894
1655510104874545046 195027506
1655510105081938068 5903799
1655510105374615528 91266067
1655510105581768572 5744561
1655510105874820086 91606890
1655510106082732296 6497335
1655510106289368179 5278391
1655510106494993510 4524055
1655510106701315209 5025750
1655510106908471777 5791115
1655510108143106607 1033275250
1655510108380597321 36107201
1655510108677803070 95918632
1655510109078715445 198628859
1655510109380424829 99711359
1655510109677509748 95227927
1655510110074656526 195791407
1655510110282397695 6240177
1655510110580682567 96775419
1655510110883217539 7586710
1655510111184260718 8258799
1655510111674856676 197745998
1655510111884024002 7092819
1655510112479254635 302613445
1655510112875443997 99485782
1655510113181734291 6688068
1655510113675564829 198491501
1655510113883149659 5725929
1655510114090856129 5913636
1655510114381934387 89688089
1655510114680519637 96776758
1655510114976679499 94855967
1655510115276916389 99057467
1655510115676296721 197833774
1655510115886382293 8409575
1655510116182685830 94998013
1655510116483163863 7341691
1655510116784486818 8437288
1655510117082238720 5992238
1655510117479763682 195180731
1655510117779130231 97876449
1655510118274580533 199437395
1655510118798835567 322672098
1655510119005452084 5267076
1655510119211911444 5094132
1655510119418225890 5012207
1655510119624583486 5080490
1655510119830960369 5043130
1655510120181044488 148714508
1655510120478818319 96437134
1655510120975212314 295028512
1655510121183508489 6825394
1655510121578979786 104372163
1655510121785733322 5219227
1655510122078886775 91792923
1655510122479938036 199616615
1655510122777033614 95646555
1655510123175558781 99623107
1655510123383889966 6826115
1655510124908078494 1232563710
1655510125379822750 204015990
1655510125678786070 97451491
1655510125982514449 6885229
1655510126377895663 194031102
1655510126679662737 99823149
1655510126979519672 98168538
1655510127186903578 5899036
1655510127580488232 192216827
1655510127976101527 100213802
1655510128277468813 99723496
1655510128680410138 103678262
1655510128979087762 97232760
1655510129195645043 15265986
1655510129403095794 5305771
1655510129609586243 4376122
1655510129815520248 4157420
1655510131243814290 1226776763
1655510131450600426 5433979
1655510131657117805 5212242
1655510131863712646 5305076
1655510132070524679 5433795
1655510132276923730 5043884
1655510132484197730 5938845
1655510132776689459 91189318
1655510133080107917 101234025
1655510133475499574 99844066
1655510133684007501 6606107
1655510134074773755 97844566
1655510134380647280 5620664
1655510134679732348 97853056
1655510135175294615 199675106
1655510135382848948 6006404
1655510135679527531 95106473
1655510135886932029 6052964
1655510136184276745 7794434
1655510136478349126 92411296
1655510136775305428 95566703
1655510136983226229 6384934
1655510137283357410 98783764
1655510137580173577 5613172
1655510137877382105 95795165
1655510138178819562 100096131
1655510138484318595 9535057
1655510138783607111 8071217
1655510139079087742 93850665
1655510139287348236 6932584
1655510139580503265 91803508
1655510139877041068 95157249
1655510140083841731 5445572
1655510140376919701 91700709
1655510140583673636 5169442
1655510140877000794 91905903
1655510141085584029 7070554
1655510141379771043 92813295
1655510141586461774 5350048
1655510141878866876 91014169
1655510142086013229 5279847
1655510142379557783 91398278
1655510142586935707 5944559
1655510142879551446 91296230
1655510143085977312 5058454
1655510143380103281 92789776
1655510143586790138 5321088
1655510143793422627 5232603
1655510144079585122 84695504
1655510144286700466 5678008
1655510144580412315 92294453
1655510144878940136 96929658
1655510145085997139 5746210
1655510145379117554 91791648
1655510145585695173 5237071
1655510145879641444 92612729
1655510146086291232 5213521
1655510146379547889 92173104
1655510146586970370 6071058
1655510146879980295 91629824
1655510147086450704 5064355
1655510147380161027 92416757
1655510147586987607 5478547
1655510147879751171 91451108
1655510148086674866 5477626
1655510148379063727 91053162
1655510148585909906 5467020
1655510148878231292 90912900
1655510149084859192 5080314
1655510149376958400 90672371
1655510149583849698 5474639
1655510149876851266 91474718
1655510150083147191 4938218
1655510150375088776 90560595
1655510150581623564 5235649
1655510150787829136 4924553
1655510151076845153 87653714
1655510151283783329 5411199
1655510151576727617 91580603