1655508982375901332 73476145
1655508982583028297 5686625
1655508982789679664 5373009
1655508982995743649 4983685
1655508983202112535 5008726
1655508983408324513 4890043
1655508983614866262 5238521
1655508983821186777 5051236
1655508984027322978 4906856
1655508984233649579 5090252
1655508984439880491 5083641
1655508984645507275 4411211
1655508984851781705 4978962
1655508985057228480 4116385
1655508985263536257 5040550
1655508985469168876 4272179
1655508985675291453 4760448
1655508985880836225 4265917
1655508986086993856 4853037
1655508986292465512 4147473
1655508986497821496 4237872
1655508986703998698 4917993
1655508986909361757 4141681
1655508987115363444 4736732
1655508987320734060 4062706
1655508987526944568 4807143
1655508987733338281 4986725
1655508987939545808 4829218
1655508988145869200 4896676
1655508988351934627 4676101
1655508988558079626 4713798
1655508988764026930 4502787
1655508988969700043 4371126
1655508989175861018 4853622
1655508989381819527 4600382
1655508989587811313 4698604
1655508989793691515 4765636
1655508989999893695 4887137
1655508990206061762 4874016
1655508990412574948 5217487
1655508990619204740 5359371
1655508990825551247 5049364
1655508991031726876 4841769
1655508991238156246 5079455
1655508991444407205 4934381
1655508991650781616 5037216
1655508991857143792 5058739
1655508992063378666 4920694
1655508992269529160 4847935
1655508992475716299 4823116
1655508992681764248 4727990
1655508992888052126 4953823
1655508993095065890 5651982
1655508993301495970 5073905
1655508993507556065 4704829
1655508993713989998 5107179
1655508993920102645 4735368
1655508994126573913 5083968
1655508994333071521 5139934
1655508994539529789 5035791
1655508994745883367 4886473
1655508994951846851 4482912
1655508995158098532 4877739
1655508995364904571 5424251
1655508995571130755 4862047
1655508995777611615 5045424
1655508995984011846 5027159
1655508996190322298 4885593
1655508996395989668 4306078
1655508996602256113 4869738
1655508996808716496 5106029
1655508997015018117 4926282
1655508997221265101 4888305
1655508997427297195 4688585
1655508997633561326 4937539
1655508997839738778 4849338
1655508998046055109 4956806
1655508998252677582 5289580
1655508998458942780 5000748
1655508998665107981 4841074
1655508998871028508 4455972
1655508999077597787 5132062
1655508999284116113 5077782
1655508999490464135 4635398
1655508999697212525 4961527
1655508999904099569 4973028
1655509000111108216 4895939
1655509000317823280 5291652
1655509000524837943 5512157
1655509000733219064 6149528
1655509000940819398 5933542
1655509001148107209 5787303
1655509001355105511 5236633
1655509001561822722 4880309
1655509001768812059 5384967
1655509001975832488 5399283
1655509002182863812 5207979
1655509002389578803 4823386
1655509002596533390 5259008
1655509002803644290 5269073
1655509003010597113 5017980
1655509003217651580 4992941
1655509003424654016 5040927
1655509003631204121 4849660
1655509003837210768 4148230
1655509004044233376 5275390
1655509004251182487 5082287
1655509004458170128 4800319
1655509004663760009 4116285
1655509004869260901 4285510
1655509005075832155 5242445
1655509005282750804 5373002
1655509005489829819 5591234
1655509005695498102 4636340
1655509005902515206 5503763
1655509006109790282 5751682
1655509006315544812 4547284
1655509006522734148 5636050
1655509006728334887 4439321
1655509006934622108 4943397
1655509007139978062 4449757
1655509007345754709 4655143
1655509007552502580 5326635
1655509007758668760 4785187
1655509007965649006 5546343
1655509008171273619 4505210
1655509008376757260 4355475
1655509008583886885 5455425
1655509008790238692 4988354
1655509008996957110 5276091
1655509009203670790 5269801
1655509009410422958 5261154
1655509009617454477 5548113
1655509009823074030 4461461
1655509010030073623 5561682
1655509010237112039 5483150
1655509010443156477 4811148
1655509010650428381 5774662
1655509010856101693 4640579
1655509011062654936 5190905
1655509011269201441 5242424
1655509011475568358 5081869
1655509011681205141 4398399
1655509011887572016 5122081
1655509012094151750 5189761
1655509012300069788 4855166
1655509012506229420 4818054
1655509012712151487 4868173
1655509012918151196 4644633
1655509013125281728 5678992
1655509013330985821 4749893
1655509013538263184 5715562
1655509013743839069 4569807
1655509013950068922 4890865
1655509014157220735 5666150
1655509014364224384 5696638
1655509014570648260 4631411
1655509014776574399 4355320
1655509014983420275 5321788
1655509015188757441 3925929
1655509015394755985 4396367
1655509015601628578 5261588
1655509015807229033 4328199
1655509016014503736 5746177
1655509016220298240 4548325
1655509016427374860 5522402
1655509016632931065 4355726
1655509016840218215 5715017
1655509017047292629 5484160
1655509017253308334 4699634
1655509017459916569 5348968
1655509017665755239 4516629
1655509017871303282 4511700
1655509018076636111 4349511
1655509018282621747 4678793
1655509018490466288 5818370
1655509018696423138 4789830
1655509018903040842 5078241
1655509019108844933 4618651
1655509019315285189 5087914
1655509019523014101 5945246
1655509019729044675 4910480
1655509019935723177 5355453
1655509020142218808 5140238
1655509020348629246 5068119
1655509020554543175 4513968
1655509020760827930 4894359
1655509020966729871 4797992
1655509021172779188 4889674
1655509021378792928 4781372
1655509021584939532 4946701
1655509021791202721 4981875
1655509021996950880 4713375
1655509022202832210 4669347
1655509022409135016 5056994
1655509022615241444 4994989
1655509022822773084 5825448
1655509023028777183 4859675
1655509023235165539 5002661
1655509023440608476 4440215
1655509023647816446 5705847
1655509023854315730 4939501
1655509024069303140 13124873
1655509024277557901 6162884
1655509024484430009 5536379
1655509024691489163 5281894
1655509024897459819 4307012
1655509025103667946 4979012
1655509025309968255 5218418
1655509025516916773 5531153
1655509025723603133 5314624
1655509025930674942 5316284
1655509026137614442 4866289
1655509026343656369 4661600
1655509026550015804 4643761
1655509026756584627 4897614
1655509026963127339 5007221
1655509027169448062 4963308
1655509027374819309 4405041
1655509027581598966 5056973
1655509027787831177 4828966
1655509027994423100 4929353
1655509028201144871 5020642
1655509028407692655 4751652
1655509028614687108 5067001
1655509028821397388 4953628
1655509029027837551 5179163
1655509029234138288 4915963
1655509029440002522 4685454
1655509029646409730 5061944
1655509029852279130 4691275
1655509030058014439 4535728
1655509030263540265 4422767
1655509030469624053 4487024
1655509030675271623 4258571
1655509030880939331 4556630
1655509031087577860 5289246
1655509031294739108 5603873
1655509031501233995 4816183
1655509031706899617 4668972
1655509031913168025 4858758
1655509032118771780 4620353
1655509032324935384 4900398
1655509032531531932 5199298
1655509032737376705 4833196
1655509032944056127 5307097
1655509033149743797 4607575
1655509033356176092 5165008
1655509033561718924 4500077
1655509033768672196 5543716
1655509033974532785 4744531
1655509034180932588 5113029
1655509034388345091 5898759
1655509034595436859 5565451
1655509034801749346 4882219
1655509035007721430 4828055
1655509035213802490 4867470
1655509035420294366 5214936
1655509035626190225 4489765
1655509035833062743 5330574
1655509036038944142 4592937
1655509036245061183 4853812
1655509036450599900 4444274
1655509036656486782 4737473
1655509036864188245 6281626
1655509037069704351 4148616
1655509037275399230 4457373
1655509037482607148 5603402
1655509037688552374 4859088
1655509037895144809 5228704
1655509038100427651 4276619
1655509038306912086 5101250
1655509038512878619 4917363
1655509038719332851 5208290
1655509038926565419 5674116
1655509039132476858 4608300
1655509039338504106 4604507
1655509039544560813 5035461
1655509039750999926 4964865
1655509039958005135 5358079
1655509040163966545 4362779
1655509040369754411 4450883
1655509040576375723 5396830
1655509040783414536 5593170
1655509040988944056 4063225
1655509041195199426 5120629
1655509041402472218 5776241
1655509041607986271 4382013
1655509041815212851 5711259
1655509042020899616 4392789
1655509042226881759 4783003
1655509042433968410 5719462
1655509042640546040 5242122
1655509042846269854 4603602
1655509043052541348 4995793
1655509043259290900 5571897
1655509043466122008 5176441
1655509043673135261 5166049
1655509043879339583 4877399
1655509044086023304 4973142
1655509044292978847 5097722
1655509044500005510 5353775
1655509044707290910 5404602
1655509044915526214 6153225
1655509045123876759 6133255
1655509045332257327 6186758
1655509045540722885 6226517
1655509045748834816 6142001
1655509045957203609 6204751
1655509046164668009 5761289
1655509046372846486 6167002
1655509046580173043 5636577
1655509046788485870 6239585
1655509046996821581 6173913
1655509047204094386 5503350
1655509047412052706 5946621
1655509047620406633 6194820
1655509047828640948 6136060
1655509048037035344 6215948
1655509048244497403 5555419
1655509048452649704 5956920
1655509048660998488 6255460
1655509048868755846 5640653
1655509049075005922 4963415
1655509049281410265 5030913
1655509049487771724 5069617
1655509049694202740 5109672
1655509049900504041 5014596
1655509050106907103 5038969
1655509050313425854 5174020
1655509050519850737 5146525
1655509050726085311 4904757
1655509050932323729 5015264
1655509051138741087 5049524
1655509051345204572 5157555
1655509051551617434 5097932
1655509051757871156 4967976
1655509051964209316 5040923
1655509052170654639 5095827
1655509052377075660 5140988
1655509052583340889 4954224
1655509052789779743 5130047
1655509052996141409 5084009
1655509053202460951 4993802
1655509053408994996 5231423
1655509053615251445 4957117
1655509053821666608 5090414
1655509054027936842 5022269
1655509054234248563 5055370
1655509054440652315 5076895
1655509054647089075 5132566
1655509054853469651 5088995
1655509055059803091 5071085
1655509055266188802 5021167
1655509055472556900 5084988
1655509055678759650 5051492
1655509055885129970 5089876
1655509056091434931 5020437
1655509056297819394 5071575
1655509056504148384 4995798
1655509056710456703 5021895
1655509056916888951 5110266
1655509057123208850 5027271
1655509057329611132 5070074
1655509057536015657 5078800
1655509057742344620 4957385
1655509057948691439 5070614
1655509058154296437 4476872
1655509058361528948 5902353
1655509058567888552 5079531
1655509058774225941 5021908
1655509058980636033 5106115
1655509059186781655 4844378
1655509059393087825 5027095
1655509059599232227 4895242
1655509059805663367 5091444
1655509060012141575 5138566
1655509060218515323 5019252
1655509060425001236 5182243
1655509060631247099 4936380
1655509060837612390 5103956
1655509061044163596 5182991
1655509061250502433 5007869
1655509061457002222 5140292
1655509061663302458 5000494
1655509061869663014 5041548
1655509062076125507 5106653
1655509062282479995 5044792
1655509062488873597 5081543
1655509062695109910 5017370
1655509062901481108 5020981
1655509063107877444 5034633
1655509063314227541 5000060
1655509063520640019 5098900
1655509063727076392 5152015
1655509063933273433 5068172
1655509064139548563 5014600
1655509064345820366 4945040
1655509064552143151 5062408
1655509064758596357 5083906
1655509064965034492 5083116
1655509065171265668 4909902
1655509065377658104 5077762
1655509065583993457 5042248
1655509065790388976 5059321
1655509065996829453 5109462
1655509066203130448 4984696
1655509066409573332 5108082
1655509066615944410 5103806
1655509066822296699 5035594
1655509067028656260 5061564
1655509067234933723 5015263
1655509067441386469 5117256
1655509067647771666 5095771
1655509067853957437 4885719
1655509068060384418 5104350
1655509068266768274 5038217
1655509068472780824 4775835
1655509068679120497 5037319
1655509068885479641 5074389
1655509069091947499 5111738
1655509069298327417 5063457
1655509069504714413 5079725
1655509069710455867 4565030
1655509069916853837 5122528
1655509070123329178 5185437
1655509070329738947 5101353
1655509070536258636 5191661
1655509070742657913 5112486
1655509070949238715 5255764
1655509071155721604 5146585
1655509071362925154 5862483
1655509071569409075 5114205
1655509071775948060 5160525
1655509071982438409 5159548
1655509072188880859 5123295