1655522295582911357 95163982
1655522295789410200 5175580
1655522295996030748 5342163
1655522296202569365 5176805
1655522296408900566 5018155
1655522296615169074 4985691
1655522296821454324 5036169
1655522297027829759 5072431
1655522297233964705 4837683
1655522297440357739 5018519
1655522297646698530 5052722
1655522297853075469 5050192
1655522298059268269 4889830
1655522298265720007 5083984
1655522298472166897 5181076
1655522298679294471 5777226
1655522298885798183 5211178
1655522299092318015 5170458
1655522299299094232 5439759
1655522299505555663 5168716
1655522299712129130 5275680
1655522299918958168 5390736
1655522300125245892 4990687
1655522300332156379 5606085
1655522300538476353 5024189
1655522300745347197 5542398
1655522300951691218 5040464
1655522301157839421 4865122
1655522301364144331 4993871
1655522301570830558 5307586
1655522301777216428 5081768
1655522301984121609 5611995
1655522302190593776 5196355
1655522302397115213 5232720
1655522302603729817 5316583
1655522302809902558 4861581
1655522303016751973 5532546
1655522303223421566 5361538
1655522303429564743 4868976
1655522303636389260 5488245
1655522303842642300 4898994
1655522304049514024 5608211
1655522304256165531 5361649
1655522304462575201 5101525
1655522304669379017 5460216
1655522304875641610 4971324
1655522305082379948 5410856
1655522305288865737 5219942
1655522305495453223 5384659
1655522305701946973 5159936
1655522305908588065 5355178
1655522306115051347 5161361
1655522306321611572 5259871
1655522306528112859 5214796
1655522306734574026 5158130
1655522306941336979 5442269
1655522307147740536 5115664
1655522307354419742 5362316
1655522307560968352 5216607
1655522307767313889 5083974
1655522307974031797 5398915
1655522308180294953 5003895
1655522308386681371 5051791
1655522308593306478 5328491
1655522308799589221 5007907
1655522309005899853 5005130
1655522309212394194 5165535
1655522309418540765 4851973
1655522309624870983 5028771
1655522309830939086 4796900
1655522310037226140 5004596
1655522310243459918 4969195
1655522310449793938 5045096
1655522310656037329 4948044
1655522310862265034 4952078
1655522311068621457 5061812
1655522311274815145 4944026
1655522311481165292 5046705
1655522311687500083 5081018
1655522311893764206 4960806
1655522312100266424 5221417
1655522312306541652 4949082
1655522312512884915 5021178
1655522312719108140 4886886
1655522312925534365 5150541
1655522313132098164 5315655
1655522313338445921 5010163
1655522313544585245 4882431
1655522313750854456 4997955
1655522313957139900 5004242
1655522314163321453 4905908
1655522314369630300 5022620
1655522314575834460 4939638
1655522314782077407 4958696
1655522314988257179 4900516
1655522315194620326 5079553
1655522315400822764 4952042
1655522315607028996 4879488
1655522315813317748 5040054
1655522316019544360 4924303
1655522316225768744 4947050
1655522316432708666 5633536
1655522316638875083 4900456
1655522316845153879 4976467
1655522317051381753 4975049
1655522317257653326 4945254
1655522317463886316 4955843
1655522317670174826 4971324
1655522317876396879 4957542
1655522318082505972 4797833
1655522318288808726 5059279
1655522318494897615 4825606
1655522318701235256 5096726
1655522318907478704 4991521
1655522319113895983 5046224
1655522319320277921 5075664
1655522319526420155 4847037
1655522319732625861 4876651
1655522319938864564 4935459
1655522320145202676 5004469
1655522320353246577 6014905
1655522320559470069 4919805
1655522320765712404 4976109
1655522320972062220 5046318
1655522321178216245 4850761
1655522321384374618 4897325
1655522321590596136 5104587
1655522321796972001 5085270
1655522322003186209 4947697
1655522322210107301 5640771
1655522322416402200 4985641
1655522322622664183 4985688
1655522322828939688 4986075
1655522323035213424 5027880
1655522323241741452 5264967
1655522323447894416 4904250
1655522323654140387 4943478
1655522323860548763 5065937
1655522324067414311 5691337
1655522324273691013 5013790
1655522324480047943 4986448
1655522324686239718 4887361
1655522324892557850 5023181
1655522325098682261 4842709
1655522325304950484 4998092
1655522325511129858 4869653
1655522325717639517 5226215
1655522325923842844 4958196
1655522326130204993 5073272
1655522326336508915 5015215
1655522326542771309 4971184
1655522326749104689 5060764
1655522326955192660 4845291
1655522327161784758 5301746
1655522327368077777 5057701
1655522327574515974 5057414
1655522327780642401 4976377
1655522327986890162 4980525
1655522328193079501 5053075
1655522328399345082 4969135
1655522328605719262 5109628
1655522328812203695 5206636
1655522329018488903 5033346
1655522329225016964 5183552
1655522329431198125 4933354
1655522329637515923 5054160
1655522329843435463 4707698
1655522330049814097 5014908
1655522330255798006 4745644
1655522330462085094 4963835
1655522330668259623 4935837
1655522330874631146 5007706
1655522331080541841 4675039
1655522331286747988 4895830
1655522331493109619 5068189
1655522331699159275 4868786
1655522331905458331 5028340
1655522332111910849 5111947
1655522332317985976 4843923
1655522332524346306 5008096
1655522332730672804 5012181
1655522332936851069 4894879
1655522333143084353 4962945
1655522333350136309 5820349
1655522333556314649 4913437
1655522333762639851 5044596
1655522333969044216 5093759
1655522334175233011 4919751
1655522334381553890 5055228
1655522334587938809 5149090
1655522334794735090 5203639
1655522335001306841 4997717
1655522335208407041 5630066
1655522335414494787 4846082
1655522335621067529 5147034
1655522335827507559 5128232
1655522336033758880 4964349
1655522336240210630 5109474
1655522336446848224 5249029
1655522336653161256 5065196
1655522336859685928 5255566
1655522337065858932 4943508
1655522337272275780 5159986
1655522337478652212 5059893
1655522337693095353 13070253
1655522337900490892 5764772
1655522338106223122 4660929
1655522338312468040 4965137
1655522338518712754 4961113
1655522338724750772 4916631
1655522338931166339 5063594
1655522339137511593 5079827
1655522339343892997 5097858
1655522339550199050 5021011
1655522339756530728 5093502
1655522339962790579 4976874
1655522340169018497 4877214
1655522340375666310 5133358
1655522340581948110 4957806
1655522340788368633 5127485
1655522340994427615 4798213
1655522341200811324 5061645
1655522341406894911 4856704
1655522341613380915 5090365
1655522341819874803 5132994
1655522342026266100 5061292
1655522342232654341 5110675
1655522342439035002 5095598
1655522342645255780 5018582
1655522342852285488 5093212
1655522343058273924 4922903
1655522343264758488 5061758
1655522343471096700 4993436
1655522343677550695 5132767
1655522343883879439 5128019
1655522344090162245 4895872
1655522344296523697 5052898
1655522344502888107 5026094
1655522344709278165 5090718
1655522344915795778 5189326
1655522345122286638 5093579
1655522345328507985 5022634
1655522345535871875 5223746
1655522345742114408 4946879
1655522345948505708 5120577
1655522346154873530 5050185
1655522346361218096 5065864
1655522346567563595 5076559
1655522346773719157 4898721
1655522346980095493 5111666
1655522347186328186 4989051
1655522347392635694 5068920
1655522347599022182 5095765
1655522347805405287 5102916
1655522348011812452 5123790
1655522348218007011 4944159
1655522348424454219 5151403
1655522348630787072 5051251
1655522348837175795 5075485
1655522349043507025 5077397
1655522349249702208 4975481
1655522349456118599 5155801
1655522349662432445 5060600
1655522349868821148 5132403
1655522350074752413 4787555
1655522350281076226 5105403
1655522350487403348 5044713
1655522350693768887 5111710
1655522350900145289 5119165
1655522351106047061 4777465
1655522351312446697 5105747
1655522351518724956 5002557
1655522351724945285 4917469
1655522351931444327 5101297
1655522352137820800 5008324
1655522352344226730 5135894
1655522352549799605 4440322
1655522352756354823 5046348
1655522352962712217 4924370
1655522353169182755 5058451
1655522353375569185 5082596
1655522353581714446 4876762
1655522353788213923 5140366
1655522353994580555 5073960
1655522354200945770 5178900
1655522354407099274 4933760
1655522354613233440 4880633
1655522354819716305 5116593
1655522355026028482 4971264
1655522355232355167 5035862
1655522355438790771 5052582
1655522355645333902 5128109
1655522355852283531 5068510
1655522356058780853 5061351
1655522356265145125 5048233
1655522356471495788 5086023
1655522356677892860 5113436
1655522356884241834 5139205
1655522357090573628 5088186
1655522357296910534 5058585
1655522357503295866 5112694
1655522357709706967 5157643
1655522357916133511 5149484
1655522358122429674 5010306
1655522358328805631 5148092
1655522358535237431 5154469
1655522358741613970 5106394
1655522358948074013 5149914
1655522359154301403 4989659
1655522359360606784 4997935
1655522359566925930 5030049
1655522359773359602 5100934
1655522359979764833 5179058
1655522360185893306 4843220
1655522360392272488 5108903
1655522360598663981 5049208
1655522360805134531 5175730
1655522361011562873 5171278
1655522361217805894 4946212
1655522361424248910 5203339
1655522361629969809 4531126
1655522361836342743 5086504
1655522362042776269 5114580
1655522362249187255 5111767
1655522362455472074 5062403
1655522362661548667 4975901
1655522362867879590 5132701
1655522363074133601 4963122
1655522363280385983 5065316
1655522363486597639 4910403
1655522363692978225 5077045
1655522363899288438 5014785
1655522364105545438 5056079
1655522364312026521 5143219
1655522364518242981 4979167
1655522364724622737 5104181
1655522364930865298 5031738
1655522365137224771 5037868
1655522365343746982 5141140
1655522365549660171 4699691
1655522365756039552 5107315
1655522365962358261 4980875
1655522366168722182 5071530
1655522366375337520 5070839
1655522366581781350 5126223
1655522366788103906 5137089
1655522366994097178 4742872
1655522367200399597 5057677
1655522367406660426 4966585
1655522367612911927 5036543
1655522367819220019 5045206
1655522368025595157 5025424
1655522368231938190 5110121
1655522368438270784 5018442
1655522368644561220 5007242
1655522368852798811 6146346
1655522369059048813 4956377
1655522369265374306 5013383
1655522369471643327 4995952
1655522369677939055 4942822
1655522369884174431 4963235
1655522370090099438 4709897
1655522370296428702 5059589
1655522370502618048 4923416
1655522370709610208 5737253
1655522370915847656 4946282
1655522371121907302 4827810
1655522371328323621 5162602
1655522371534526149 4863756
1655522371740865029 5051844
1655522371947134100 4996953
1655522372153257641 4785556
1655522372359501611 4954288
1655522372566537599 5711560
1655522372772997181 5192994
1655522372979052027 4799883
1655522373185293360 4967717
1655522373391540809 4970303
1655522373597755962 4894869
1655522373803945678 4945304
1655522374010099543 4854983
1655522374216344521 4992743
1655522374422554798 4921684
1655522374629133311 5300402
1655522374835294338 4894656
1655522375041464744 4866676
1655522375247772286 5032098
1655522375454079495 5010476
1655522375660335495 4973910
1655522375866499312 4833608
1655522376072932844 5121090
1655522376278938758 4739162
1655522376485143923 4903169
1655522376691430647 4982293
1655522376897748362 5012559
1655522377103943223 4952248
1655522377310089760 5015262
1655522377516386577 4937289
1655522377722411568 4894841
1655522377928664251 4930978
1655522378134897610 4907454
1655522378341216276 4997241
1655522378547432563 4905488
1655522378753569350 4824888
1655522378959884508 5025721
1655522379166452302 5294198
1655522379372751581 4993780
1655522379579083968 5008664
1655522379785361455 4977868
1655522379993197566 6561336
1655522380199409395 4934075
1655522380405640595 4960892
1655522380611949816 5043685
1655522380818260232 5000144
1655522381024452140 4941273
1655522381230418548 4886970
1655522381436644359 4972489
1655522381642593947 4728068
1655522381849629685 5764331
1655522382055886458 4986204
1655522382261963680 4809564
1655522382468321965 5100730
1655522382674577544 4913534
1655522382880967515 5077136
1655522383086999826 4768483
1655522383293317119 5048941
1655522383499488171 4879979
1655522383705708936 4897792
1655522383911924202 4982023
1655522384118142388 4950330
1655522384324367209 4999734
1655522384530624277 4953150
1655522384737097938 5254278
1655522384943271484 4925211
1655522385149418255 4905699
1655522385355538758 4847852