1655669304987081913 81631877
1655669305274308988 80534195
1655669305504319378 9535629
1655669305716431654 10493983
1655669305937257290 5097995
1655669306150470517 3272637
1655669306358998540 7567246
1655669306570156359 5525245
1655669306786690500 7583907
1655669306994220056 4920322
1655669307206511316 5046443
1655669307413773469 5689556
1655669307625393119 8109808
1655669307834682294 3686237
1655669308042341929 3718579
1655669308249394494 4441988
1655669308456288453 5036297
1655669308660658474 4064121
1655669308868755909 4440919
1655669309079725060 10766683
1655669309288710695 3517817
1655669309492973035 4016156
1655669309705298720 5720566
1655669309912754096 3494646
1655669310119112650 2997707
1655669310327108632 4058715
1655669310534357411 3839262
1655669310741950937 5180590
1655669310949032624 4240755
1655669311152614691 3272635
1655669311358956146 3570472
1655669311565078172 3303769
1655669311768825487 3412452
1655669311974993561 3289308
1655669312180019227 2861284
1655669312385225246 3002283
1655669312592117102 3286799
1655669312801615598 6681918
1655669313008620165 4688900
1655669313219782605 10828699
1655669313433227818 6919563
1655669313646979415 6211515
1655669313853518922 3757383
1655669314063330159 5874591
1655669314269634113 5848101
1655669314477237850 4663997
1655669314688343289 4563040
1655669314896053673 5072479
1655669315100069897 3573471
1655669315306945002 3847168
1655669315514274841 3656979
1655669315721202506 3390181
1655669315927856702 3241390
1655669316131610147 2790317
1655669316343920607 11789014
1655669316552118062 4627578
1655669316758552768 5883172
1655669316969923072 4402591
1655669317177993023 4216878
1655669317387652460 4306916
1655669317594667423 3727228
1655669317800321309 4748100
1655669318006705869 6057477
1655669318215346602 4546970
1655669318422644658 4034114
1655669318629929214 6367790
1655669318843471308 9121001
1655669319051821238 7270663
1655669319267801450 12049593
1655669319487740577 13670904
1655669319708151925 3828482
1655669319916987249 7057183
1655669320133075900 5326350
1655669320342562855 8627509
1655669320551003775 7565041
1655669320765376452 7715108
1655669320982769768 9019990
1655669321192768371 7683026
1655669321399537675 6019391
1655669321608775622 6068762
1655669321817754915 4428110
1655669322027172038 4341145
1655669322232022107 4249168
1655669322441763530 8711331
1655669322650982592 4738791
1655669322859583903 7068289
1655669323067805894 7370934
1655669323283760205 7854067
1655669323488738397 3419370
1655669323703687686 10124028
1655669323916904928 5932181
1655669324124828893 5842660
1655669324331420059 5433369
1655669324538199824 3634440
1655669324743246983 4638600
1655669324948168547 4632782
1655669325157005372 4765904
1655669325366496196 5263254
1655669325575935930 4885047
1655669325786854854 3621886
1655669325994699579 5417373
1655669326208788373 6139995
1655669326422213024 5141570
1655669326635507143 6189786
1655669326851034590 6610302
1655669327070572806 12145479
1655669327297589939 5053690
1655669327515201233 5351208
1655669327727603777 8683640
1655669327936121922 7556460
1655669328147664491 9576846
1655669328364795719 9086612
1655669328569711699 3829344
1655669328782370197 7253131
1655669328996664294 3275376
1655669329200616472 3558463
1655669329406292505 3249139
1655669329611767560 3211735
1655669329817480767 3323328
1655669330023752007 3784070
1655669330231284906 3651679
1655669330436585037 4626296
1655669330643633007 3693220
1655669330849678320 3082393
1655669331053235403 3109938
1655669331257177599 3515684
1655669331461059042 3225119
1655669331668779271 3616173
1655669331872717405 3663295
1655669332077844605 4085594
1655669332285675650 3546374
1655669332494671338 3647327
1655669332700494574 4154353
1655669332905775752 3997506
1655669333111653855 3704713
1655669333320088061 3099512
1655669333524739070 4222991
1655669333733541586 4318276
1655669333941103333 3446857
1655669334146637514 2851232
1655669334349749456 2565038
1655669334571688813 17673527
1655669334789930294 14772794
1655669335001566384 5229015
1655669335210738006 4424159
1655669335419380543 7436915
1655669335625575065 4170150
1655669335834690535 3808445
1655669336040076198 5156643
1655669336246191298 5081911
1655669336454621551 5371838
1655669336661048311 3597630
1655669336865227902 3681529
1655669337077007814 4196521
1655669337282113637 4699046
1655669337489380703 3361912
1655669337706270868 12762954
1655669337911713699 5077497
1655669338115709320 3760549
1655669338319729984 3552241
1655669338523921920 3589947
1655669338730251943 3958659
1655669338938207546 3484494
1655669339144063207 3072339
1655669339349565608 3120628
1655669339554570812 4651995
1655669339767164038 9228557
1655669339986265461 13119616
1655669340195033543 6183154
1655669340406718042 7650110
1655669340627885867 7669746
1655669340838667233 3554808
1655669341050475085 8321247
1655669341261273181 2847386
1655669341469164138 6163783
1655669341681989652 5808067
1655669341897533894 6888050
1655669342112675875 6744758
1655669342328853278 10089363
1655669342543844474 9989399
1655669342756686885 8194755
1655669342966425037 5218000
1655669343194043408 20788815
1655669343404402243 6974726
1655669343609595613 4641171
1655669343817660489 4129498
1655669344024489967 3409272
1655669344240739263 10587518
1655669344445357509 4272979
1655669344649958079 3858306
1655669344863403983 10419566
1655669345071661248 4454076
1655669345276103361 3464989
1655669345480469432 3853761
1655669345685278550 4306141
1655669345889838414 4153162
1655669346096169371 5879103
1655669346301796258 5185839
1655669346508457782 6208267
1655669346717850977 5197053
1655669346928662746 4475534
1655669347138843143 6411178
1655669347345546657 5898069
1655669347555625058 4980974
1655669347767482980 5924567
1655669347974689865 4866468
1655669348182775948 4491492
1655669348391521288 4733330
1655669348600746263 8619701
1655669348807739041 4184911
1655669349014988409 3966630
1655669349223563622 4341330
1655669349431925768 8007178
1655669349641649828 6196036
1655669349849163634 5200120
1655669350054860617 5371098
1655669350264226181 8156513
1655669350482165132 6978421
1655669350690166750 4374266
1655669350897401056 6296391
1655669351102942227 3113122
1655669351308564050 2809034
1655669351513547729 2694922
1655669351717784803 3842867
1655669351926609885 3753041
1655669352132384348 4449333
1655669352339470502 5233655
1655669352548245441 5299309
1655669352762032479 13092105
1655669352976845903 10238594
1655669353193936720 6491867
1655669353404197330 4837860
1655669353612192357 3548596
1655669353821282764 4769670
1655669354029581194 2981008
1655669354234612753 2823340
1655669354437800620 2846151
1655669354643745672 2987424
1655669354846638717 2696566
1655669355060617880 8392118
1655669355266758460 5070640
1655669355476645493 6000335
1655669355682106396 5163533
1655669355892384884 5160183
1655669356101258209 8051521
1655669356313670398 8326871
1655669356518189978 3569587
1655669356724195622 3262278
1655669356929555021 3138838
1655669357135825050 3286498
1655669357341573656 5387282
1655669357545209855 3313053
1655669357748468600 2923540
1655669357954003260 2930026
1655669358165992994 10050784
1655669358379665906 7470742
1655669358593393532 8483533
1655669358845847411 29560984
1655669359055961321 4475798
1655669359277299341 11024608
1655669359502561423 18538177
1655669359720229126 4087538
1655669359938416621 5491573
1655669360149491101 10567706
1655669360365353519 8129178
1655669360577163052 4070562
1655669360784430978 5504463
1655669360993084954 7164090
1655669361200194967 6204432
1655669361405694858 5141510
1655669361624668859 7591267
1655669361841526427 8413526
1655669362058781107 10316926
1655669362265523656 5867842
1655669362487121675 13521760
1655669362705762899 10138733
1655669362915409407 4634414
1655669363127685117 5545948
1655669363336158722 7221335
1655669363550930926 10567579
1655669363770759255 6798658
1655669363991234152 13458890
1655669364204499995 12563920
1655669364419554262 4883562
1655669364627703848 7844132
1655669364832930461 4732796
1655669365050594280 17069009
1655669365273655701 16110467
1655669365485373587 4742106
1655669365698729147 9702222
1655669365906665053 2680380
1655669366113228285 5659958
1655669366323847476 3342734
1655669366532122731 5144883
1655669366745130961 6988843
1655669366955130479 9460305
1655669367163390456 7396551
1655669367367811923 3829298
1655669367571737701 3560059
1655669367787964799 12547194
1655669367995498967 6386942
1655669368203815499 8015331
1655669368416494530 10499777
1655669368630330800 4716308
1655669368843128083 8165396
1655669369058540932 8316098
1655669369268177359 5256008
1655669369477810431 8845464
1655669369686014352 7085160
1655669369892312232 5218964
1655669370100714408 7719782
1655669370310129877 7249943
1655669370521429185 5859293
1655669370731673648 4687311
1655669370938438966 4504773
1655669371145271814 5436217
1655669371356759378 5921941
1655669371563392956 5813750
1655669371772664548 7747873
1655669371989886736 4504255
1655669372196694718 4330184
1655669372402409537 3486728
1655669372606543986 3584888
1655669372810586332 3666237
1655669373016223172 3294240
1655669373224399261 5343491
1655669373428691373 3855294
1655669373634652288 3412437
1655669373841276445 3744508
1655669374045719693 3499482
1655669374249514824 3469497
1655669374455151476 3302408
1655669374659932285 3988125
1655669374863817221 3379069
1655669375068711206 4384197
1655669375272667639 3573728
1655669375476561193 3538273
1655669375681331970 3374735
1655669375884845395 3203250
1655669376092779662 6845171
1655669376303010136 8087311
1655669376521383348 10343088
1655669376728354572 6645973
1655669376937464797 7142678
1655669377157043701 10752668
1655669377372611870 14452374
1655669377592856244 13921714
1655669377822516798 13596741
1655669378038599119 12003069
1655669378258398421 5654053
1655669378475804821 10055278
1655669378689315444 3667992
1655669378897056042 3887810
1655669379102348648 4796286
1655669379306141620 3193452
1655669379512265405 5637231
1655669379718589934 4126074
1655669379927638350 4333668
1655669380135389675 3159746
1655669380340104798 4178312
1655669380544056039 3561252
1655669380747732754 3344210
1655669380951058327 3108027
1655669381158350678 3958494
1655669381364731496 5778592
1655669381570626022 4971087
1655669381780265206 5012992
1655669381995594871 5148557
1655669382206377898 5134968
1655669382415755604 3818686
1655669382626716928 8788771
1655669382841152446 7618265
1655669383053174888 8665203
1655669383257095694 3432189
1655669383465857025 5242700
1655669383680684781 9443379
1655669383889546425 5612174
1655669384106050136 11348787
1655669384316547600 6622215
1655669384529832726 12820742
1655669384741997202 10015582
1655669384952587798 5511421
1655669385167013814 5543790
1655669385372263759 4314271
1655669385579272615 4207335
1655669385785682404 2729656
1655669385989521977 3509757
1655669386195544411 5615898
1655669386404221814 5271665
1655669386613669077 8444798
1655669386822678316 7675860
1655669387030823156 7752314
1655669387236979814 3497651
1655669387442957635 3652282
1655669387647173592 3685225
1655669387852696912 3337070
1655669388056554186 3483900
1655669388260326604 3286234
1655669388466634731 3892578
1655669388670708139 3396119
1655669388876461422 3469676
1655669389081163530 4233777
1655669389289557398 5028142
1655669389497578378 5077492
1655669389710504127 11576414
1655669389917772878 4955770
1655669390126768220 3758214
1655669390333918437 3824712
1655669390542183938 4372777
1655669390752731885 6786342
1655669390961171153 4410208
1655669391167803420 4830122
1655669391377066595 8081580
1655669391581215490 3688733
1655669391787232895 3552223
1655669391994246944 4448529
1655669392198103103 3503890
1655669392401923762 3432974
1655669392607659389 3416879
1655669392811542657 3529217
1655669393017414162 3706445
1655669393232664837 8129113
1655669393439447213 3334337
1655669393653796590 5750747
1655669393868428093 3675905
1655669394076570711 3549149
1655669394288269144 5959068
1655669394502997466 3617991
1655669394709143003 4209556
