1655669457603241790 189096040
1655669457885057347 13697379
1655669458104734062 18801418
1655669458310658091 3806928
1655669458518617451 3522576
1655669458727267819 3949394
1655669458947652319 11172593
1655669459163897337 8133482
1655669459381470127 9306061
1655669459590470386 4016130
1655669459798707189 3995380
1655669460003359705 4424394
1655669460212778706 5222489
1655669460423703908 10156756
1655669460629178577 3268479
1655669460832669625 3008678
1655669461035640429 2713952
1655669461239675838 3467682
1655669461443458109 3264062
1655669461647408818 3624383
1655669461852207009 3978882
1655669462056083485 3537967
1655669462262291421 3162831
1655669462466430600 3803515
1655669462670989833 3755558
1655669462879930226 5381185
1655669463089741949 8812811
1655669463296609442 6342612
1655669463510194066 10270616
1655669463719716906 9181551
1655669463932730310 10616615
1655669464136974170 3289633
1655669464340517918 3304092
1655669464544035356 3211244
1655669464747609417 3105557
1655669464953504982 3318055
1655669465156736629 2932013
1655669465362099431 3065753
1655669465565847213 3046470
1655669465769167645 2981609
1655669465975558343 4505621
1655669466188034641 8472783
1655669466395936944 4806234
1655669466600705495 4468278
1655669466807682156 4117611
1655669467012509828 4579625
1655669467220663686 5995822
1655669467427682710 3904533
1655669467634140749 3295244
1655669467838115974 3551239
1655669468044799167 3147019
1655669468249362021 3749617
1655669468460044209 10114157
1655669468669720114 7786265
1655669468879742805 7281702
1655669469084753616 2989557
1655669469294445666 4784389
1655669469503456590 8530996
1655669469708539609 2977559
1655669469912034522 3101010
1655669470116990493 4389814
1655669470321541427 4217972
1655669470527627438 3349428
1655669470733105054 5135296
1655669470940181089 3381538
1655669471146013085 2909779
1655669471351813740 3167908
1655669471557546043 3002092
1655669471763370181 3248904
1655669471968827039 3076376
1655669472172756042 3297972
1655669472382509722 7163215
1655669472591686803 6908846
1655669472794720059 2772955
1655669473005218232 7369448
1655669473214276806 7961277
1655669473418555727 3598741
1655669473624245944 3479028
1655669473831449074 3673784
1655669474035575337 3679960
1655669474239981632 4061595
1655669474446992473 3598553
1655669474654201564 3921082
1655669474863700777 4841126
1655669475079985243 9824986
1655669475289073895 5841032
1655669475496191637 3775343
1655669475704228992 7292910
1655669475913905438 3918943
1655669476119863545 4933987
1655669476325742681 4984202
1655669476532689876 6035586
1655669476741174677 7239866
1655669476949500977 7564676
1655669477166812258 15873893
1655669477372158034 3775437
1655669477583374850 9003721
1655669477787425367 3494835
1655669477992303928 4376222
1655669478196832163 4182216
1655669478403572936 3720082
1655669478610602989 3936989
1655669478818088959 7121564
1655669479024688459 3255437
1655669479232226509 4038176
1655669479436695438 4017534
1655669479646251439 4153563
1655669479852091302 3754502
1655669480056412526 4024896
1655669480263596552 3182250
1655669480470976941 5632250
1655669480677957171 3661837
1655669480883284506 4936158
1655669481090272169 5836417
1655669481297102753 6123641
1655669481507488623 3277021
1655669481716993303 4310276
1655669481925446993 4523777
1655669482136158448 3536706
1655669482344200173 4291508
1655669482551552713 3297604
1655669482755236057 3045062
1655669482959988165 4041742
1655669483167324564 4608509
1655669483372027184 4354036
1655669483577736048 4844480
1655669483783646601 3753235
1655669483991526955 4734645
1655669484196106399 4267764
1655669484403125178 3613773
1655669484620795157 6156236
1655669484833414965 11437420
1655669485043650522 7500558
1655669485254697458 8469878
1655669485465641051 10036579
1655669485669579418 3268133
1655669485875298763 3327292
1655669486080207983 4776510
1655669486286535143 3716072
1655669486493041661 3014767
1655669486699929264 4448214
1655669486904065161 3896469
1655669487111513709 3830673
1655669487316240274 4303759
1655669487524632626 6117674
1655669487732804528 3719686
1655669487936986434 3045113
1655669488153577453 14333827
1655669488365684231 10510015
1655669488581767807 15558188
1655669488789174965 3044346
1655669488994834551 3260227
1655669489198458663 2907440
1655669489402865125 3927497
1655669489608180053 4958187
1655669489814702284 5775675
1655669490020785023 5730637
1655669490224741476 3260720
1655669490428688357 3200969
1655669490632411132 3143693
1655669490837893237 3256701
1655669491041202202 3006948
1655669491247414559 3849587
1655669491453102936 3242027
1655669491659862956 3912024
1655669491863851912 3416844
1655669492067397575 3204521
1655669492271228403 3574822
1655669492479640662 3349407
1655669492688978505 3834175
1655669492896488762 5556539
1655669493104454165 7529769
1655669493316147358 4907026
1655669493525548509 5464900
1655669493736137460 5211597
1655669493944101743 6180451
1655669494153643548 8664362
1655669494362761017 6183174
1655669494569668225 4326159
1655669494774708808 4766700
1655669494984266746 5852909
1655669495195692001 6756145
1655669495404851976 7916947
1655669495610381082 4741525
1655669495820415207 8432867
1655669496034033490 11122509
1655669496259460615 19113619
1655669496466249400 3798856
1655669496677565326 9646602
1655669496888984888 5546805
1655669497098121556 4953644
1655669497305426418 6931772
1655669497512664392 6037237
1655669497724905219 7467765
1655669497932226974 6428942
1655669498139782232 7227631
1655669498347715835 5786983
1655669498558438161 10392927
1655669498769281994 6777866
1655669498978784335 9186972
1655669499185561857 6231903
1655669499394946210 9020550
1655669499606391327 8778855
1655669499816761780 9350290
1655669500035847763 15928847
1655669500247252272 8326267
1655669500462798117 11961560
1655669500672016181 6525172
1655669500879031489 3204487
1655669501082659283 3149863
1655669501286564175 3398630
1655669501490204234 3256711
1655669501696342183 5599494
1655669501902476409 3245462
1655669502106110942 2929315
1655669502311476264 3178051
1655669502515294697 3102890
1655669502719109030 2924411
1655669502922842484 2915209
1655669503128137572 3103862
1655669503331370251 2808574
1655669503534836640 2910580
1655669503770581987 35405992
1655669503976062499 4123528
1655669504179617388 3244201
1655669504390936963 3296409
1655669504595437179 3656598
1655669504804284265 8297551
1655669505023511356 6338209
1655669505234647223 7402358
1655669505452446716 15648287
1655669505665927401 8994760
1655669505888015983 7841790
1655669506110755459 6269649
1655669506329443919 4358315
1655669506540825448 5467022
1655669506752473095 7001683
1655669506973381826 7392494
1655669507183833688 8904424
1655669507399670927 13747305
1655669507613200185 7261564
1655669507826084732 10784321
1655669508030576538 4182607
1655669508245201742 6614662
1655669508462713843 7615523
1655669508671741005 8503325
1655669508881825401 8890173
1655669509086678106 4485533
1655669509296638855 4850197
1655669509505300006 4486928
1655669509709914922 3971740
1655669509916631252 4324076
1655669510121373442 4176830
1655669510348974958 9267431
1655669510561943830 12014632
1655669510769549548 7297650
1655669510976800533 4334359
1655669511181825722 4485375
1655669511388949444 6805974
1655669511592818942 3552340
1655669511796902337 3431791
1655669512002856783 3278308
1655669512206772938 3254999
1655669512412468286 3508597
1655669512618050877 3096455
1655669512822051282 3122448
1655669513028255353 3283189
1655669513238602324 6859673
1655669513442897203 3938592
1655669513649576460 3210645
1655669513855042630 3129952
1655669514059390900 3654776
1655669514263134796 3090564
1655669514469039739 3564009
1655669514676700066 4229369
1655669514880688990 3392089
1655669515084121483 3167667
1655669515287988699 3530185
1655669515492935172 3988101
1655669515703499534 3398743
1655669515910368768 3482049
1655669516119556160 4035742
1655669516342960358 21988514
1655669516555904862 7611098
1655669516783996222 20220408
1655669516990500948 4529978
1655669517258782622 16478618
1655669517482190997 16229405
1655669517702394208 13419544
1655669517909064499 5658372
1655669518130149253 11079177
1655669518348615188 12668173
1655669518566470326 9988374
1655669518776752357 8244262
1655669518982625866 5688504
1655669519186661094 3699927
1655669519393698499 6728960
1655669519600915790 4199374
1655669519805776270 4219826
1655669520009113690 3033004
1655669520214674184 3028537
1655669520419824669 2709444
1655669520626438399 3124458
1655669520834501784 3474911
1655669521042485338 3772008
1655669521248913955 4591631
1655669521455404830 3706544
1655669521662996173 4407380
1655669521875034414 9341793
1655669522090352838 6934138
1655669522301704963 6618502
1655669522507758284 3505729
1655669522714081116 3296906
1655669522919043091 2787987
1655669523124010571 4462644
1655669523339072564 9929612
1655669523552746338 4958472
1655669523769998502 6015260
1655669523980831755 9157436
1655669524200664060 9303139
1655669524424043212 9449803
1655669524641496984 10964692
1655669524860600631 6271421
1655669525074658678 10735251
1655669525294019255 6643052
1655669525505954053 4557403
1655669525718281426 7332927
1655669525932973515 3252315
1655669526142733104 3380071
1655669526377017591 19029924
1655669526583788355 4412709
1655669526788013462 3377907
1655669526991641930 3325765
1655669527195958119 3406886
1655669527403615776 3790369
1655669527607717464 3123347
1655669527812576835 3818903
1655669528019683955 3263901
1655669528223931956 3777914
1655669528430101011 3281142
1655669528634754848 4019227
1655669528838429439 3373533
1655669529041663600 2738858
1655669529246596338 2802142
1655669529451246504 4275261
1655669529661428058 6629480
1655669529879603778 13576496
1655669530100187911 18264858
1655669530311810781 11311234
1655669530527818405 12261862
1655669530738782904 8791036
1655669530951774733 5588372
1655669531158392215 3165978
1655669531362550154 3795612
1655669531570659757 4728256
1655669531780571356 4138389
1655669531985310886 4390742
1655669532192614782 3868986
1655669532397209956 3431136
1655669532605843910 5094454
1655669532813479836 4106856
1655669533019735892 3140249
1655669533224727796 4621864
1655669533432136862 4949835
1655669533638244412 3201525
1655669533841612262 2932506
1655669534045212500 3282112
1655669534251475525 3285637
1655669534457144560 2970581
1655669534661102596 2989757
1655669534869947702 5497063
1655669535077311791 3277408
1655669535281571857 3603750
1655669535486907477 4967099
1655669535699719585 11803052
1655669535911196803 5992765
1655669536121230242 8310997
1655669536330928259 5911431
1655669536560661198 22107561
1655669536767026739 2692688
1655669536972556685 4636456
1655669537180998076 7254080
1655669537397023772 4029168
1655669537607274897 4597076
1655669537814515470 6724513
1655669538024786156 8825529
1655669538232723591 3819302
1655669538439696589 5403456
1655669538646599275 3967262
1655669538854715354 4637490
1655669539061699169 6427895
1655669539267308715 5296147
1655669539471291744 3626369
1655669539678234538 4389064
1655669539888090751 4700026
1655669540095673164 5185705
1655669540302544882 5848507
1655669540511727540 6091279
1655669540717092912 4264727
1655669540925354647 4003486
1655669541139297192 10386178
1655669541351774543 8696480
1655669541565209684 4869995
1655669541772075786 6551746
1655669541980420102 8042496
1655669542191029720 9631375
1655669542397477636 3247524
1655669542600965597 3149377
1655669542806314085 3128510
1655669543010360468 3129189
1655669543214139097 2936723
1655669543419395036 2940876
1655669543625313310 2715112
1655669543832167838 6232036
1655669544044308093 6229605
1655669544257043913 7149712
1655669544477412102 15502229
1655669544689728434 5899597
1655669544908772591 17833431
1655669545123462210 9498575
1655669545337543309 8631204
1655669545543660772 5029963
1655669545747751049 2994400
1655669545950658108 2719025
1655669546157331163 4387410
1655669546364677805 6739359
1655669546580966259 15023258
1655669546787362797 3656682
1655669546995680092 4374024
1655669547199644744 3178187
1655669547407001420 4320230
