1655668693108763564 123970105
1655668693323481976 5521688
1655668693534277858 4128869
1655668693742033989 4122643
1655668693947345398 5008750
1655668694156441197 4849566
1655668694366508136 5959396
1655668694574438814 4824276
1655668694781428701 3315018
1655668694987688454 3153657
1655668695192180856 4020765
1655668695396109712 3611234
1655668695603152918 4016662
1655668695812529280 5289677
1655668696021418840 5555800
1655668696226109835 4348656
1655668696433199858 6336278
1655668696643043195 6472221
1655668696852169525 4659429
1655668697063278882 8346042
1655668697271722541 7390979
1655668697484843821 6706179
1655668697700741542 6079393
1655668697914800107 7745955
1655668698123720309 8593012
1655668698330768291 4833812
1655668698534428200 3304532
1655668698739836458 3214476
1655668698945346962 3297425
1655668699149072203 3378408
1655668699353132210 3602560
1655668699558537686 3194794
1655668699764118216 3346287
1655668699968487646 3915974
1655668700177304422 4252689
1655668700381201367 3558699
1655668700586927591 3364785
1655668700790764858 3423272
1655668700996843615 3535695
1655668701202609227 3430618
1655668701408216293 3307489
1655668701614145060 3556721
1655668701817960633 3463681
1655668702022120466 3716582
1655668702226190248 3622358
1655668702429771830 3232224
1655668702636725329 4717573
1655668702842604827 3625817
1655668703047515327 4557054
1655668703252148267 4186879
1655668703458139763 3693555
1655668703665371535 4506036
1655668703870149492 4397839
1655668704075405832 4763648
1655668704281790022 4016157
1655668704488098596 3992932
1655668704695420939 4504144
1655668704902666262 4956169
1655668705110389859 3502840
1655668705314258401 3520498
1655668705518183354 3611680
1655668705722158477 3486355
1655668705930555804 4205256
1655668706137449333 3679680
1655668706344220140 5280943
1655668706550080634 3078968
1655668706753506747 2977438
1655668706957162865 3316517
1655668707162779711 3261780
1655668707368628777 3442453
1655668707572524349 3267760
1655668707778136462 3345567
1655668707983564535 3188478
1655668708189030388 3286183
1655668708392554738 3076136
1655668708598124965 3408233
1655668708803771817 3458889
1655668709007529046 3266211
1655668709211116441 3160188
1655668709414848777 3171495
1655668709618506684 3298085
1655668709822211095 3403677
1655668710027558341 3174877
1655668710234062642 4267899
1655668710439552033 3145053
1655668710645042311 3208769
1655668710849023066 3660741
1655668711054684559 3170940
1655668711259931253 3177376
1655668711465285416 3171964
1655668711669138959 3421043
1655668711875092894 3665062
1655668712081163081 3346193
1655668712287167409 3377715
1655668712492638292 3160849
1655668712698121572 3301966
1655668712903711873 3324981
1655668713109615321 3539931
1655668713313423439 3412303
1655668713517065650 3307394
1655668713720593926 3220687
1655668713926079486 3300864
1655668714131570169 3186394
1655668714335275874 3303981
1655668714539155154 3316617
1655668714742818632 3204345
1655668714948285736 3243478
1655668715152111573 3369922
1655668715357664014 3182324
1655668715563465800 3305206
1655668715767463841 3651414
1655668715976288596 4303384
1655668716180238391 3275122
1655668716384136191 3416289
1655668716587851431 3254724
1655668716791624763 3252551
1655668716995162630 3231543
1655668717199292652 3654038
1655668717403091466 3341404
1655668717608541306 3277375
1655668717812203071 3167407
1655668718018130505 3500326
1655668718224033623 3442747
1655668718429550949 3327577
1655668718635369948 3216356
1655668718839191414 3368587
1655668719044847330 3439216
1655668719250366950 3327378
1655668719455864516 3263592
1655668719661305100 3075079
1655668719865163480 3368342
1655668720072234919 4858365
1655668720276166095 3622283
1655668720480149351 3669675
1655668720684114724 3585596
1655668720890326754 3897929
1655668721097743886 4360009
1655668721303481242 3570487
1655668721510327542 4428929
1655668721715251141 4276750
1655668721922066147 4032885
1655668722129454473 3313197
1655668722333396446 3597597
1655668722537507391 3678927
1655668722742034054 4220952
1655668722948352296 3169292
1655668723154383457 3215311
1655668723359579198 4371541
1655668723566302138 3894671
1655668723770717940 4086921
1655668723974548339 3382746
1655668724181763803 3346130
1655668724386462051 4055094
1655668724593770721 3738494
1655668724799510538 4907656
1655668725007578174 6652770
1655668725218499138 7581269
1655668725427795799 5867646
1655668725637419355 4130718
1655668725841715745 4049764
1655668726050609125 5614453
1655668726259061715 4421854
1655668726466582249 6649816
1655668726673594949 6671545
1655668726881999575 6049560
1655668727096569749 5809455
1655668727307886856 4024975
1655668727518602875 4238223
1655668727727101509 3407814
1655668727933445979 4508077
1655668728142821374 5258406
1655668728348851240 4912431
1655668728553631845 4448005
1655668728763255587 3953813
1655668728969722017 5169543
1655668729177572594 6643580
1655668729383826568 5487662
1655668729590742692 6559885
1655668729797055006 5668167
1655668730006685929 4518560
1655668730211786493 4727606
1655668730419379513 4647721
1655668730624326963 4586454
1655668730832488311 7791229
1655668731037411096 4454200
1655668731244708206 5147139
1655668731453731105 6196499
1655668731659191274 5110189
1655668731864170413 4620685
1655668732070119384 5567048
1655668732274526521 4048813
1655668732490603210 12560254
1655668732699686830 6065255
1655668732908484641 7780807
1655668733119544867 7592374
1655668733327785578 7614565
1655668733534037282 5555063
1655668733743452618 6650314
1655668733948728660 4842455
1655668734152426765 3277108
1655668734358010014 3232200
1655668734561583555 3087627
1655668734767192376 3325850
1655668734972986357 3507378
1655668735176648057 3238142
1655668735380277972 3277550
1655668735583939779 3220208
1655668735789594974 3349420
1655668735995294903 3417222
1655668736200948080 3408881
1655668736404582100 3218964
1655668736608153705 3161007
1655668736813274419 3009940
1655668737016827398 3217868
1655668737221305614 4128071
1655668737424674384 3076096
1655668737628125700 3194295
1655668737833637879 3143693
1655668738038866094 3054641
1655668738244202789 3046997
1655668738447700277 3155503
1655668738651052448 3129464
1655668738856540819 3192721
1655668739060244872 3323460
1655668739263615643 3040212
1655668739469312753 3463144
1655668739673130539 3264293
1655668739877063636 3403185
1655668740082416738 5034133
1655668740286811434 3196694
1655668740492502587 3178375
1655668740702341695 6529391
1655668740907070314 4262073
1655668741113810754 4025948
1655668741320787197 4951461
1655668741525613217 4390162
1655668741730685782 4670632
1655668741937549058 4131050
1655668742142729882 4263870
1655668742347719597 3992563
1655668742552800646 4847479
1655668742760029245 3469091
1655668742966216057 3063666
1655668743181423761 10948568
1655668743388078784 3410993
1655668743595858137 4197577
1655668743803238835 3347493
1655668744007518815 3773567
1655668744214172373 3728155
1655668744422768479 5461981
1655668744629095771 3741366
1655668744833520171 4002143
1655668745040179721 3741470
1655668745247403811 4184650
1655668745454366280 3501173
1655668745660361349 4412820
1655668745864380656 3582926
1655668746072031197 4514287
1655668746275754237 3237732
1655668746481360839 3145442
1655668746686750254 3093445
1655668746890375321 3154014
1655668747096539361 3221088
1655668747300265108 3436107
1655668747504674318 3750822
1655668747709707558 4428783
1655668747916723549 4217174
1655668748121232484 4193862
1655668748325785578 4097911
1655668748529751527 2933686
1655668748733450658 3344755
1655668748939347913 2966545
1655668749143328618 3387326
1655668749349754802 3071603
1655668749554000602 3766151
1655668749758332714 3987126
1655668749965218754 3544969
1655668750169961604 4413308
1655668750376072668 3272401
1655668750580033632 3194716
1655668750784116060 3205921
1655668750988076543 3376889
1655668751194194329 3276184
1655668751399767604 3146222
1655668751605768055 3740773
1655668751810260645 4169981
1655668752015727604 3023331
1655668752221231319 3148296
1655668752432384496 8380722
1655668752635924505 3238420
1655668752839489146 3410520
1655668753045320052 3416203
1655668753249224541 3392228
1655668753455146344 3344173
1655668753658511204 3055985
1655668753863817678 3058203
1655668754067793796 3501671
1655668754271430855 3339613
1655668754477363677 5207791
1655668754680863059 3385616
1655668754886627536 3486753
1655668755090492440 3474670
1655668755295757409 3027745
1655668755499514228 3195199
1655668755703162547 2966777
1655668755910364250 3170898
1655668756119477327 4520994
1655668756326008835 3372512
1655668756529385680 3001889
1655668756733744055 3723748
1655668756940134253 5803395
1655668757147251798 3292461
1655668757352523383 3690010
1655668757556484855 3321418
1655668757761715156 4897028
1655668757969793066 4623858
1655668758180279448 3451315
1655668758393198874 7509662
1655668758597797648 3710823
1655668758809180820 11241209
1655668759014841357 2904595
1655668759220730257 4515949
1655668759427537549 3590090
1655668759633495011 3743729
1655668759837819949 3382207
1655668760041738806 3165491
1655668760248487123 3865006
1655668760452291013 3464139
1655668760655794560 2852875
1655668760859190797 2838343
1655668761064392116 2975414
1655668761268821966 4028436
1655668761474118075 4965184
1655668761681839546 3705437
1655668761890761760 8496160
1655668762095361465 3556966
1655668762304002936 4690351
1655668762508118087 3207156
1655668762714968787 4127636
1655668762923139282 3075221
1655668763126962845 3359004
1655668763331416273 3491229
1655668763535218805 3499309
1655668763738986620 3534877
1655668763943729693 4447131
1655668764148716689 4494982
1655668764352538873 3348487
1655668764556060413 3123326
1655668764762737318 4347623
1655668764968510934 3484553
1655668765175745401 5019077
1655668765379335458 3398465
1655668765584708177 3221958
1655668765790530447 3601262
1655668765996593625 3691670
1655668766202788443 3966235
1655668766410431564 4149889
1655668766614775153 3868062
1655668766821713403 4779722
1655668767028814070 4390499
1655668767232750613 3625953
1655668767439117756 4022326
1655668767643532552 3916345
1655668767848050597 3863557
1655668768054544948 3543329
1655668768259595474 3802474
1655668768463241919 3304214
1655668768667113669 3363121
1655668768875204438 4339615
1655668769080853572 3298627
1655668769284993090 3771710
1655668769488862404 3400885
1655668769696456929 4838902
1655668769900098598 3317855
1655668770105550987 3105386
1655668770310711688 2930100
1655668770515903314 3079700
1655668770721125192 2947920
1655668770924248594 2803708
1655668771127393990 2722542
1655668771335666809 4848320
1655668771545646017 4912865
1655668771753309720 6181891
1655668771964658863 8830933
1655668772178626412 7339445
1655668772389582178 4644040
1655668772598806837 6669293
1655668772810754713 8215309
1655668773014436317 3497931
1655668773227590286 5863109
1655668773439712451 6576664
1655668773647655236 6383843
1655668773857626075 6118333
1655668774063708244 5124631
1655668774269411608 4548417
1655668774474480077 4755142
1655668774679380326 3483154
1655668774886260303 3964581
1655668775091012124 3630029
1655668775298506674 4949448
1655668775502182691 3367887
1655668775706274366 3098890
1655668775909670295 3060797
1655668776115149066 3257243
1655668776318791386 3252516
1655668776524130616 3099129
1655668776729155837 2865956
1655668776934596459 3238573
1655668777138209780 3189091
1655668777343514779 3077516
1655668777548613458 2855135
1655668777753853594 2909063
1655668777959175894 3061347
1655668778162712624 3196599
1655668778368729821 3605524
1655668778574734505 3246466
1655668778778183018 3254156
1655668778983930101 3367271
1655668779189597112 3343961
1655668779393344280 3127713
1655668779596997892 3231732
1655668779802647019 2942414
1655668780005921426 2977321
1655668780212744894 3401565
1655668780420172432 3633639
1655668780626076007 2884478
1655668780831593118 2812008
1655668781035147074 3197928
1655668781239264284 3777493
1655668781444013131 4336184
1655668781648032415 3529821
1655668781852451110 3944921
1655668782059145891 3045791
1655668782263906038 3960813
1655668782472075329 6845050
1655668782678235678 5863195
1655668782883437502 4436030
