time,operation,name,city
1653835766162696358,INSERT,aary,uob
1653835766162741593,INSERT,aorth,iubs
1653835766162757156,INSERT,aiast,iiw
1653835766162762581,INSERT,ogh,iegy
1653835766162767545,INSERT,aiacts,iaosm
1653835766162773076,INSERT,ioucy,augh
1653835766162778324,INSERT,ieck,iect
1653835766162783056,INSERT,aems,iont
1653835766162787936,INSERT,euft,aialy
1653835766162793301,INSERT,aeld,aah
1653835766162797978,INSERT,uoncy,ieuf
1653835766162802755,INSERT,iarr,uach
1653835766162807300,INSERT,iounds,otts
1653835766162812196,INSERT,uaz,iex
1653835766162824089,INSERT,urm,aept
1653835766162829396,INSERT,ouh,ioult
1653835766162834129,INSERT,uih,aund
1653835766162841476,INSERT,oont,agy
1653835766162846294,INSERT,isp,uenn
1653835766162861494,INSERT,aasly,un
1653835766162866225,INSERT,uems,uicks
1653835766162870956,INSERT,oengs,eump
1653835766162875520,INSERT,aarty,oads
1653835766162880188,INSERT,auegs,iin
1653835766162884760,INSERT,iaogs,uiep
1653835766162897723,INSERT,uert,iongs
1653835766162917027,INSERT,eauch,iangly
1653835766162923295,INSERT,iicy,iunk
1653835766162928225,INSERT,iuld,arth
1653835766162933073,INSERT,iaosk,uah
1653835766162937894,INSERT,iolly,uight
1653835766162942698,INSERT,uict,eiasly
1653835766162947884,INSERT,uys,onn
1653835766162952519,INSERT,oogh,iount
1653835766162957105,INSERT,aufy,uintz
1653835766162961852,INSERT,eatz,oends
1653835766162975390,INSERT,iisch,aapt
1653835766162981568,INSERT,aosts,aeps
1653835766162986281,INSERT,aerk,aem
1653835766162990961,INSERT,oends,eusly
1653835766162995727,INSERT,aacts,uimp
1653835766163000435,INSERT,eiath,oor
1653835766163005080,INSERT,ioun,eausp
1653835766163009721,INSERT,oif,iann
1653835766163014349,INSERT,oows,asm
1653835766163018912,INSERT,iuny,oard
1653835766163023553,INSERT,act,oirty
1653835766163028600,INSERT,eoll,eengs
1653835766163041981,INSERT,aoly,iurn
1653835766163047444,INSERT,aapp,euk
1653835768948184127,INSERT,isp,ieugs
1653835768948265639,INSERT,eck,aony
1653835768948275186,INSERT,euns,aiords
1653835768948281148,INSERT,aiod,uans
1653835768948286317,INSERT,aoght,iouz
1653835768948291301,INSERT,olly,aiafy
1653835768948295990,INSERT,uiesch,uerk
1653835768948300766,INSERT,auerth,ers
1653835768948305604,INSERT,iaks,elt
1653835768948326977,INSERT,iorf,uidly
1653835768948343556,INSERT,onk,eeps
1653835768948348393,INSERT,uawn,aoct
1653835768948353076,INSERT,iend,arn
1653835768948357835,INSERT,oiws,aagy
1653835768948362586,INSERT,eez,uah
1653835768948367151,INSERT,aiafy,eauhl
1653835768948371944,INSERT,iots,uan
1653835768948377894,INSERT,oerly,iegh
1653835768948386160,INSERT,iagy,augh
1653835768948394370,INSERT,aabs,iorth
1653835768948401866,INSERT,iewn,ags
1653835768948410054,INSERT,eauls,eurs
1653835768948418897,INSERT,oind,iourf
1653835768948426484,INSERT,uiss,auey
1653835768948434549,INSERT,auds,iecs
1653835768948443006,INSERT,iig,eongs
1653835768948458799,INSERT,oahl,ern
1653835768948464999,INSERT,uonk,ell
1653835768948469725,INSERT,iisp,uaks
1653835768948474308,INSERT,iocts,eudly
1653835768948479041,INSERT,ams,eeff
1653835768948484069,INSERT,oiks,ieuft
1653835768948488845,INSERT,eohl,eiasch
1653835768948493701,INSERT,outz,iaotz
1653835768948498627,INSERT,eauh,aott
1653835768948503630,INSERT,auery,uern
1653835768948515523,INSERT,aiarr,eogy
1653835768948521622,INSERT,oob,aiopp
1653835768948534432,INSERT,aerry,aerg
1653835768948539452,INSERT,oapt,ers
1653835768948544207,INSERT,all,aesly
1653835768948548907,INSERT,aueld,oink
1653835768948553609,INSERT,oatz,uiem
1653835768948558324,INSERT,ost,iow
1653835768948562894,INSERT,airry,ons
1653835768948567609,INSERT,ently,oarst
1653835768948579925,INSERT,outy,een
1653835768948585639,INSERT,ioutt,eerk
1653835768948590325,INSERT,uiengly,eol
1653835768948595065,INSERT,uebly,eun
1653835791928459531,INSERT,iouh,erty
1653835791928609558,INSERT,iusm,ouff
1653835791928625889,INSERT,auently,iusts
1653835791928664553,INSERT,ult,ack
1653835791928676156,INSERT,iirly,iows
1653835791928685613,INSERT,ieught,uight
1653835791928695311,INSERT,uags,aioys
1653835791928704291,INSERT,ens,eongly
1653835791928712922,INSERT,aont,eodly
1653835791928738294,INSERT,oigy,uably
1653835791928749709,INSERT,oungly,eom
1653835791928773656,INSERT,oarly,oaly
1653835791928782814,INSERT,aarf,oidly
1653835791928791482,INSERT,eiats,uosm
1653835791928801075,INSERT,auely,oigs
1653835791928826603,INSERT,iaobly,ob
1653835791928845252,INSERT,ausly,aioct
1653835791928854742,INSERT,aely,oay
1653835791928863666,INSERT,uid,aully
1653835791928872559,INSERT,eiantly,oiady
1653835791928881569,INSERT,iurst,ieurg
1653835791928890827,INSERT,ety,iourst
1653835791928898561,INSERT,uiesk,oerm
1653835791928919814,INSERT,oav,iaok
1653835791928928156,INSERT,ieunt,aerm
1653835791928935658,INSERT,aiack,oets
1653835791928961920,INSERT,eunk,oeg
1653835791928992448,INSERT,eaub,auetz
1653835791929003725,INSERT,eut,aarf
1653835791929011975,INSERT,oiap,eaurt
1653835791929024437,INSERT,oent,einy
1653835791929031895,INSERT,org,iirts
1653835791929040094,INSERT,iaontz,oolly
1653835791929049353,INSERT,eegh,eiancy
1653835791929057692,INSERT,ontz,ibs
1653835791929065700,INSERT,iaows,uly
1653835791929089213,INSERT,ungly,uogh
1653835791929100288,INSERT,ialls,iew
1653835791929108172,INSERT,eegy,oufy
1653835791929132172,INSERT,ooh,aueps
1653835791929141457,INSERT,eiaps,iogs
1653835791929150393,INSERT,oests,eiapt
1653835791929159598,INSERT,oawn,oiac
1653835791929167881,INSERT,oult,oit
1653835791929176444,INSERT,iuhn,aiall
1653835791929184321,INSERT,oills,eet
1653835791929192937,INSERT,oialy,ant
1653835791929217229,INSERT,uft,oay
1653835791929228330,INSERT,uet,aioll
1653835791929236832,INSERT,oicts,aioly
1653835792294102405,INSERT,uars,eaurly
1653835792294298744,INSERT,eests,eaght
1653835792294317234,INSERT,oght,oeff
1653835792294326455,INSERT,ongly,ocy
1653835792294348073,INSERT,oiaght,iusm
1653835792294358313,INSERT,iorr,oubly
1653835792294367634,INSERT,ic,aueds
1653835792294377621,INSERT,ohl,uierk
1653835792294387039,INSERT,iald,aafy
1653835792294405499,INSERT,eausts,eaff
1653835792294415880,INSERT,aiag,aangs
1653835792294424515,INSERT,eauv,iaost
1653835792294433199,INSERT,iuv,iidy
1653835792294440712,INSERT,ueff,iom
1653835792294448987,INSERT,ialt,ould
1653835792294457167,INSERT,oils,eack
1653835792294466256,INSERT,ost,eock
1653835792294474999,INSERT,ah,uern
1653835792294484955,INSERT,ierry,ohl
1653835792294493659,INSERT,aueght,oogy
1653835792294503085,INSERT,eorst,uown
1653835792294510884,INSERT,eests,aucs
1653835792294519294,INSERT,aungly,aurk
1653835792294527991,INSERT,eems,aiz
1653835792294536432,INSERT,aiank,eoc
1653835792294545469,INSERT,oeng,aocy
1653835792294566721,INSERT,ibs,eont
1653835792294575926,INSERT,eings,arg
1653835792294583474,INSERT,ank,opt
1653835792294591065,INSERT,eist,ans
1653835792294599263,INSERT,eauft,euns
1653835792294606592,INSERT,aep,uatt
1653835792294614599,INSERT,aiw,aonds
1653835792294622389,INSERT,aacks,aity
1653835792294630100,INSERT,oim,oiaw
1653835792294657261,INSERT,uiek,aebly
1653835792294682859,INSERT,ierst,eaull
1653835792294701424,INSERT,eiatts,airth
1653835792294710767,INSERT,oiadly,aacy
1653835792294719772,INSERT,engs,ios
1653835792294728338,INSERT,oiay,eup
1653835792294736236,INSERT,eosk,aeth
1653835792294745072,INSERT,iunts,oiald
1653835792294753811,INSERT,egs,eiapt
1653835792294762779,INSERT,uiemp,eap
1653835792294771228,INSERT,eoy,aic
1653835792294780626,INSERT,olt,uerly
1653835792294797978,INSERT,iountz,urst
1653835792294808396,INSERT,east,iourt
1653835792294816504,INSERT,uik,euhl
1653835792634475281,INSERT,iops,oorm
1653835792634559925,INSERT,eests,uap
1653835792634574695,INSERT,oatts,iiny
1653835792634584411,INSERT,eert,oods
1653835792634604192,INSERT,eopt,aiaw
1653835792634613452,INSERT,oend,iech
1653835792634623295,INSERT,aasp,aionds
1653835792634632762,INSERT,irth,oards
1653835792634661750,INSERT,aart,iurst
1653835792634680942,INSERT,aek,iaok
1653835792634692230,INSERT,ains,iuhl
1653835792634701720,INSERT,aih,auls
1653835792634711233,INSERT,om,eez
1653835792634720284,INSERT,aiorst,iupp
1653835792634729203,INSERT,eom,uebly
1653835792634738380,INSERT,iirly,aiohn
1653835792634747540,INSERT,eoz,eitts
1653835792634756823,INSERT,ealt,iisk
1653835792634765365,INSERT,is,unt
1653835792634774087,INSERT,aiontz,auesch
1653835792634782504,INSERT,iaodly,igy
1653835792634791920,INSERT,eial,aex
1653835792634801220,INSERT,ailly,aosh
1653835792634809855,INSERT,aog,aigs
1653835792634818263,INSERT,eiv,oez
1653835792634826637,INSERT,oedly,uiry
1653835792634854904,INSERT,arth,aiaty
1653835792634866400,INSERT,oish,aoty
1653835792634875695,INSERT,erry,aiany
1653835792634885295,INSERT,iells,uall
1653835792634895034,INSERT,oards,iantz
1653835792634904735,INSERT,ieurg,urry
1653835792634916702,INSERT,eunn,oert
1653835792634926005,INSERT,iuty,ouft
1653835792634934748,INSERT,uatt,eihl
1653835792634944167,INSERT,aar,aedly
1653835792634962282,INSERT,iiry,ieusts
1653835792634973232,INSERT,aerts,oob
1653835792634981588,INSERT,eongly,iaop
1653835792634989479,INSERT,eab,aiorm
1653835792634998241,INSERT,ieul,aup
1653835792635006641,INSERT,aott,eik
1653835792635014951,INSERT,aown,aioct
1653835792635023206,INSERT,uiery,aisly
1653835792635031450,INSERT,eegs,eiarly
1653835792635039863,INSERT,eirm,eint
1653835792635048048,INSERT,oen,iad
1653835792635065181,INSERT,oiang,aenn
1653835792635074319,INSERT,auenn,aicy
1653835792635082064,INSERT,oerds,uagy
1653835792856750923,INSERT,ueg,iov
1653835792856826042,INSERT,uien,eorly
1653835792856843373,INSERT,aiosm,aiah
1653835792856860035,INSERT,iasch,oorts
1653835792856865999,INSERT,ont,ils
1653835792856871761,INSERT,uangly,ieuts
1653835792856877003,INSERT,eont,urds
1653835792856882048,INSERT,euntly,aiax
1653835792856887297,INSERT,aigs,aull
1653835792856898983,INSERT,iicks,ouk
1653835792856905287,INSERT,aasm,eump
1653835792856910186,INSERT,eock,oiasts
1653835792856915062,INSERT,ioubs,aots
1653835792856919901,INSERT,iouz,ieucs
1653835792856924840,INSERT,aiop,ert
1653835792856929660,INSERT,eongly,aerly
1653835792856934428,INSERT,eolly,aoght
1653835792856939395,INSERT,aitts,iirt
1653835792856944086,INSERT,uiests,aelt
1653835792856948908,INSERT,iart,ily
1653835792856953982,INSERT,ienk,erd
1653835792856958543,INSERT,uey,isp
1653835792856971497,INSERT,iongly,and
1653835792856976531,INSERT,ewn,uerty
1653835792856981537,INSERT,eurst,asm
1653835792856986344,INSERT,oorth,oiast
1653835792856997787,INSERT,aioh,etts
1653835792857003803,INSERT,eaux,uas
1653835792857008435,INSERT,ieuny,in
1653835792857013154,INSERT,easm,aoz
1653835792857017807,INSERT,auell,eur
1653835792857023203,INSERT,uirst,aorth
1653835792857028092,INSERT,oiall,aiolls
1653835792857032847,INSERT,eobly,oity
1653835792857037607,INSERT,eunk,aueb
1653835792857042386,INSERT,aaps,ust
1653835792857053563,INSERT,aerr,udy
1653835792857066247,INSERT,euf,iids
1653835792857071626,INSERT,ausp,ioz
1653835792857076134,INSERT,aiods,eaz
1653835792857080704,INSERT,aiam,ieulls
1653835792857085616,INSERT,uinds,ouss
1653835792857090426,INSERT,ed,einy
1653835792857095129,INSERT,eems,aiorth
1653835792857099813,INSERT,eirty,ects
1653835792857104880,INSERT,ieuch,oialt
1653835792857109440,INSERT,uiert,oiall
1653835792857114338,INSERT,iang,ad
1653835792857118915,INSERT,oufy,auels
1653835792857123529,INSERT,iirts,ouck
1653835793428751179,INSERT,aing,eady
1653835793428929674,INSERT,iolls,eaum
1653835793428948640,INSERT,oenk,uill
1653835793428957847,INSERT,uirty,oarly
1653835793428999957,INSERT,iagh,eaudly
1653835793429009646,INSERT,ieunk,aiast
1653835793429018405,INSERT,uieght,uosm
1653835793429026907,INSERT,eolly,eell
1653835793429036317,INSERT,ioch,iucs
1653835793429071899,INSERT,ieusly,oapp
1653835793429083943,INSERT,ooft,iight
1653835793429123663,INSERT,uors,och
1653835793429132271,INSERT,aaty,uay
1653835793429140746,INSERT,eahl,uonn
1653835793429150398,INSERT,eiah,oafy
1653835793429188678,INSERT,oal,uib
1653835793429197693,INSERT,eibs,egy
1653835793429207543,INSERT,aock,uast
1653835793429216379,INSERT,aues,eesp
1653835793429225421,INSERT,oirn,iorm
1653835793429235217,INSERT,aact,earg
1653835793429243676,INSERT,oiagy,oims
1653835793429252567,INSERT,aully,uirs
1653835793429261175,INSERT,uak,uards
1653835793429270495,INSERT,aups,iaots
1653835793429279058,INSERT,eahl,iaott
1653835793429316938,INSERT,eiang,eags
1653835793429328649,INSERT,uosh,er
1653835793429349198,INSERT,oac,ons
1653835793429358374,INSERT,iusts,eft
1653835793429366672,INSERT,iuks,oetz
1653835793429375967,INSERT,aim,ais
1653835793429383830,INSERT,eocts,oirty
1653835793429392911,INSERT,aadly,uoz
1653835793429401015,INSERT,oian,uig
1653835793429408986,INSERT,ieuncy,aurg
1653835793429468285,INSERT,eaunt,aps
1653835793429478717,INSERT,aontz,uacs
1653835793429486257,INSERT,oor,auew
1653835793429494100,INSERT,oirst,arr
1653835793429502513,INSERT,eehl,iends
1653835793429510113,INSERT,oiat,eaurry
1653835793429518141,INSERT,uirst,auery
1653835793429525590,INSERT,aow,uank
1653835793429559419,INSERT,ent,aid
1653835793429567434,INSERT,oops,uiems
1653835793429598862,INSERT,aiohl,eauhl
1653835793429607905,INSERT,iims,eott
1653835793429615989,INSERT,aoll,isch
1653835793429624303,INSERT,uef,iewn
1653835793769790478,INSERT,og,ioull
1653835793769958074,INSERT,ax,ausch
1653835793769980484,INSERT,iak,uack
1653835793769986572,INSERT,aiack,oungly
1653835793770005710,INSERT,eings,ieb
1653835793770011305,INSERT,iuc,eicks
1653835793770016591,INSERT,aably,uss
1653835793770021564,INSERT,eisk,ially
1653835793770026619,INSERT,uentz,iunt
1653835793770042478,INSERT,iint,iorth
1653835793770049022,INSERT,aioss,acy
1653835793770054008,INSERT,aung,iosts
1653835793770059055,INSERT,iosk,iect
1653835793770064195,INSERT,uiny,ierty
1653835793770069039,INSERT,eds,ieck
1653835793770073891,INSERT,uests,eautz
1653835793770092017,INSERT,ords,eerth
1653835793770097257,INSERT,ill,eests
1653835793770102539,INSERT,agy,aerth
1653835793770107622,INSERT,ens,uagh
1653835793770115070,INSERT,oarts,iimp
1653835793770120050,INSERT,ieuy,ioury
1653835793770124911,INSERT,ieupt,ooz
1653835793770129666,INSERT,iaps,eiatch
1653835793770134438,INSERT,uieng,airry
1653835793770139341,INSERT,ear,aach
1653835793770154655,INSERT,aell,eens
1653835793770161595,INSERT,etz,oin
1653835793770166226,INSERT,aiongly,ouz
1653835793770170966,INSERT,eauntz,einds
1653835793770175786,INSERT,uest,outz
1653835793770180428,INSERT,iurds,oits
1653835793770185311,INSERT,eirst,uoght
1653835793770189967,INSERT,uir,ooc
1653835793770194747,INSERT,eorn,uiem
1653835793770199601,INSERT,iorth,iorty
1653835793770218203,INSERT,eaul,eiancy
1653835793770227539,INSERT,ially,oor
1653835793770232883,INSERT,oirt,ontz
1653835793770237700,INSERT,eantly,eorm
1653835793770242267,INSERT,uiesch,aiongs
1653835793770247091,INSERT,iaohn,ord
1653835793770251739,INSERT,uerth,ely
1653835793770256427,INSERT,ah,eauys
1653835793770261210,INSERT,auerr,iirn
1653835793770266182,INSERT,iings,oef
1653835793770270802,INSERT,aiards,uiebly
1653835793770275971,INSERT,eorts,auncy
1653835793770280511,INSERT,iaf,iisly
1653835793770285240,INSERT,auents,oiad
1653835794360967197,INSERT,uonds,oeft
1653835794361032510,INSERT,engs,al
1653835794361041184,INSERT,uarty,iolls
1653835794361047310,INSERT,ialls,osp
1653835794361052673,INSERT,ieuy,oeh
1653835794361066318,INSERT,uess,aw
1653835794361071356,INSERT,eomp,iesm
1653835794361076341,INSERT,ioucts,oory
1653835794361081887,INSERT,aird,eart
1653835794361095984,INSERT,ieux,uoty
1653835794361102279,INSERT,aesh,oh
1653835794361107038,INSERT,eary,aet
1653835794361111779,INSERT,uocks,asm
1653835794361116485,INSERT,aez,iog
1653835794361121384,INSERT,iengly,iix
1653835794361126351,INSERT,uitz,oatt
1653835794361131124,INSERT,uists,aiard
1653835794361136232,INSERT,eid,ieuntly
1653835794361141197,INSERT,iourt,airt
1653835794361145935,INSERT,iony,uently
1653835794361158645,INSERT,eialt,uedy
1653835794361163531,INSERT,aarst,uiem
1653835794361175540,INSERT,uirty,aung
1653835794361181046,INSERT,opp,oiws
1653835794361185892,INSERT,uatch,auebly
1653835794361190683,INSERT,oot,eaucy
1653835794361202534,INSERT,iusts,erf
1653835794361208388,INSERT,iik,iary
1653835794361213031,INSERT,iend,eetz
1653835794361217735,INSERT,aad,eiall
1653835794361222616,INSERT,ems,eh
1653835794361227296,INSERT,oem,uiry
1653835794361232005,INSERT,iurt,eev
1653835794361236803,INSERT,iery,ets
1653835794361241305,INSERT,einn,oially
1653835794361246517,INSERT,auern,iiv
1653835794361265786,INSERT,oac,aight
1653835794361271867,INSERT,aioss,erk
1653835794361276768,INSERT,aiorf,iouth
1653835794361281553,INSERT,iaody,eard
1653835794361286186,INSERT,uieps,eauls
1653835794361290813,INSERT,uends,uov
1653835794361295403,INSERT,ieud,uiw
1653835794361299997,INSERT,iigs,oemp
1653835794361304531,INSERT,aioh,aiosts
1653835794361309162,INSERT,igh,eacks
1653835794361313711,INSERT,eaght,eeth
1653835794361320943,INSERT,oar,eds
1653835794361325843,INSERT,uort,iosm
1653835794361339481,INSERT,eiab,iedly
1653835795131067990,INSERT,olls,uast
1653835795131162690,INSERT,ieul,iory
1653835795131177948,INSERT,ufy,arty
1653835795131188020,INSERT,uorr,iams
1653835795131196846,INSERT,ioully,iah
1653835795131206294,INSERT,oit,aiaft
1653835795131216431,INSERT,ooft,oobs
1653835795131225728,INSERT,eucy,eam
1653835795131235826,INSERT,oiag,iolls
1653835795131256004,INSERT,auys,uost
1653835795131266802,INSERT,iwn,oiarry
1653835795131276731,INSERT,eaft,oiach
1653835795131286309,INSERT,en,iousp
1653835795131295032,INSERT,ieump,eunt
1653835795131304431,INSERT,iz,aents
1653835795131322626,INSERT,auh,ul
1653835795131332532,INSERT,aubs,iouts
1653835795131341523,INSERT,uonds,euk
1653835795131349794,INSERT,iaontz,eels
1653835795131358513,INSERT,iaoc,ieugy
1653835795131367094,INSERT,ial,ioum
1653835795131375185,INSERT,ipp,uawn
1653835795131383918,INSERT,oialt,eudly
1653835795131392606,INSERT,aiafy,iaody
1653835795131401692,INSERT,oict,eiatch
1653835795131410000,INSERT,ues,uierr
1653835795131428113,INSERT,uah,earty
1653835795131438706,INSERT,aucy,aiancy
1653835795131446334,INSERT,ieul,iicks
1653835795131453830,INSERT,iurth,eest
1653835795131461913,INSERT,iasm,itts
1653835795131469356,INSERT,iurry,iapp
1653835795131478226,INSERT,uist,uarry
1653835795131487188,INSERT,einy,iev
1653835795131495182,INSERT,oand,eomp
1653835795131503513,INSERT,eiahn,ug
1653835795131522514,INSERT,iourk,oibs
1653835795131533539,INSERT,uors,eian
1653835795131541847,INSERT,aontly,aucts
1653835795131550604,INSERT,ah,eiancy
1653835795131559523,INSERT,iouws,iouw
1653835795131568163,INSERT,oast,eorly
1653835795131576403,INSERT,ouh,uerst
1653835795131584992,INSERT,aiody,oeh
1653835795131593274,INSERT,oiafy,aemp
1653835795131601771,INSERT,oerk,eurg
1653835795131610053,INSERT,uik,eops
1653835795131621274,INSERT,uocts,ount
1653835795131629906,INSERT,ary,ugs
1653835795131666706,INSERT,aupt,us
1653835798651334468,INSERT,iuty,oiang
1653835798651431183,INSERT,iaow,uintly
1653835798651447337,INSERT,iourst,iah
1653835798651457439,INSERT,oing,oady
1653835798651466107,INSERT,oann,oks
1653835798651475423,INSERT,eiays,oty
1653835798651485572,INSERT,ougy,aasp
1653835798651495132,INSERT,oerry,uiest
1653835798651503615,INSERT,oys,oefy
1653835798651520980,INSERT,iadly,auss
1653835798651532443,INSERT,ialy,auedly
1653835798651541719,INSERT,aont,eiary
1653835798651563137,INSERT,auets,aehn
1653835798651571828,INSERT,aontz,oz
1653835798651580429,INSERT,eaucts,eorg
1653835798651588944,INSERT,aioh,eausk
1653835798651598056,INSERT,iintz,oeft
1653835798651621176,INSERT,auects,ieur
1653835798651630296,INSERT,uisk,aok
1653835798651657413,INSERT,eus,eaurth
1653835798651666640,INSERT,oft,aioly
1653835798651675496,INSERT,aiabs,uirt
1653835798651683961,INSERT,aaty,ously
1653835798651692669,INSERT,iaost,uengly
1653835798651701716,INSERT,iol,uesp
1653835798651711431,INSERT,eacy,airds
1653835798651739772,INSERT,eam,uags
1653835798651751159,INSERT,osts,iusch
1653835798651760511,INSERT,iiks,aerts
1653835798651781862,INSERT,aiaps,uarr
1653835798651791203,INSERT,iiny,oesch
1653835798651800240,INSERT,oost,oubs
1653835798651809526,INSERT,iency,aogy
1653835798651818870,INSERT,eugy,ely
1653835798651827277,INSERT,oex,oects
1653835798651846096,INSERT,eonts,iaons
1653835798651864692,INSERT,eutts,ioust
1653835798651876463,INSERT,iurm,ionn
1653835798651885108,INSERT,eilt,aiz
1653835798651894283,INSERT,oed,eatts
1653835798651903887,INSERT,eash,oagy
1653835798651913448,INSERT,eaund,aand
1653835798651922346,INSERT,iaorst,eend
1653835798651931192,INSERT,oontz,uienk
1653835798651940423,INSERT,untly,its
1653835798651948789,INSERT,iuv,eorty
1653835798651957118,INSERT,agh,aiorry
1653835798651965407,INSERT,aght,uenk
1653835798651973422,INSERT,eind,oorf
1653835798651981566,INSERT,air,oath
1653835800454059795,INSERT,eorn,oerth
1653835800454145450,INSERT,oudy,eawn
1653835800454160017,INSERT,uarty,iuy
1653835800454169712,INSERT,uiehl,aany
1653835800454178502,INSERT,ealt,uax
1653835800454188871,INSERT,aocy,ick
1653835800454197371,INSERT,iouty,aioft
1653835800454206262,INSERT,aiark,iicks
1653835800454215767,INSERT,ism,ieurts
1653835800454235136,INSERT,oialy,urts
1653835800454246974,INSERT,oaff,oiab
1653835800454255221,INSERT,eirds,our
1653835800454263277,INSERT,aown,augh
1653835800454271800,INSERT,iotz,uiys
1653835800454280796,INSERT,uard,etz
1653835800454288961,INSERT,eiags,ieucts
1653835800454297951,INSERT,aiog,iiy
1653835800454306212,INSERT,ets,ieuc
1653835800454315532,INSERT,iurty,uink
1653835800454324909,INSERT,eegh,oiach
1653835800454332733,INSERT,eis,oiaf
1653835800454340679,INSERT,of,airts
1653835800454348419,INSERT,iels,auev
1653835800454365912,INSERT,iould,oews
1653835800454374670,INSERT,aws,iaown
1653835800454382927,INSERT,uec,aab
1653835800454401833,INSERT,uieys,eapt
1653835800454413656,INSERT,uak,uiew
1653835800454422302,INSERT,eaurf,oonts
1653835800454430959,INSERT,ieuds,ouws
1653835800454440012,INSERT,iirly,aatch
1653835800454449409,INSERT,oocs,ir
1653835800454458422,INSERT,aiands,oosh
1653835800454467262,INSERT,auey,ork
1653835800454476277,INSERT,eatz,ind
1653835800454484656,INSERT,oisp,eiash
1653835800454502187,INSERT,ax,ioubly
1653835800454514166,INSERT,uilly,iudy
1653835800454522754,INSERT,uedy,oiarg
1653835800454532232,INSERT,eaurst,eutz
1653835800454541080,INSERT,iums,auex
1653835800454549467,INSERT,iirs,uitz
1653835800454558291,INSERT,ught,iouy
1653835800454567310,INSERT,airg,ourst
1653835800454575865,INSERT,oers,eaum
1653835800454584884,INSERT,eef,eufy
1653835800454593131,INSERT,uisp,eeds
1653835800454601987,INSERT,ith,eiry
1653835800454611350,INSERT,iiwn,iang
1653835800454619520,INSERT,oesm,ilt
1653835805235492999,INSERT,atts,uenn
1653835805235667765,INSERT,eeny,eist
1653835805235684104,INSERT,irth,uth
1653835805235694419,INSERT,ield,ioult
1653835805235704069,INSERT,eauws,id
1653835805235713826,INSERT,olly,acy
1653835805235723845,INSERT,aosk,ieurd
1653835805235733713,INSERT,eerty,iouwn
1653835805235743832,INSERT,uift,eiasly
1653835805235763552,INSERT,iorst,uaft
1653835805235775973,INSERT,oiagh,uoh
1653835805235784997,INSERT,aengs,aosly
1653835805235793732,INSERT,ang,oords
1653835805235801765,INSERT,ift,ousch
1653835805235811076,INSERT,oark,ew
1653835805235819771,INSERT,oirry,ud
1653835805235847591,INSERT,aerds,ul
1653835805235856977,INSERT,aafy,oapp
1653835805235866435,INSERT,eudy,eecs
1653835805235875863,INSERT,iips,eorty
1653835805235885156,INSERT,ach,iinn
1653835805235894426,INSERT,eork,oalt
1653835805235903213,INSERT,ieurt,oocy
1653835805235912197,INSERT,ip,oss
1653835805235921272,INSERT,ier,iigh
1653835805235929794,INSERT,oongs,iasp
1653835805235947692,INSERT,iirds,ealy
1653835805235958854,INSERT,oap,urk
1653835805235967346,INSERT,oady,oingly
1653835805235975532,INSERT,aiobs,oeks
1653835805235984548,INSERT,oiacs,iaots
1653835805235993202,INSERT,aubs,oarts
1653835805236001880,INSERT,aiahn,aiotz
1653835805236010561,INSERT,iesm,oands
1653835805236019093,INSERT,oiagy,iesk
1653835805236027924,INSERT,eiaz,airg
1653835805236047894,INSERT,eants,iaops
1653835805236059434,INSERT,aiahn,uierst
1653835805236068645,INSERT,eiay,eith
1653835805236077195,INSERT,oonn,eaps
1653835805236096484,INSERT,uiend,otz
1653835805236105474,INSERT,oiarn,eoys
1653835805236114879,INSERT,iens,iaolt
1653835805236123544,INSERT,iancy,acks
1653835805236132219,INSERT,eef,otts
1653835805236140612,INSERT,iaoch,oiall
1653835805236148898,INSERT,aiorr,uiest
1653835805236157779,INSERT,ocks,iaong
1653835805236165702,INSERT,uhl,ify
1653835805236186224,INSERT,iunds,ieury
1653835809741091300,INSERT,oord,eosp
1653835809741192646,INSERT,eaps,aech
1653835809741210600,INSERT,iatts,iang
1653835809741222797,INSERT,iunn,aasp
1653835809741235210,INSERT,eunds,ird
1653835809741244156,INSERT,iag,iaw
1653835809741255803,INSERT,aems,iats
1653835809741267040,INSERT,aux,esh
1653835809741278074,INSERT,oik,iingly
1653835809741299484,INSERT,oetch,eords
1653835809741310983,INSERT,iuss,iess
1653835809741320384,INSERT,eiast,auerds
1653835809741340816,INSERT,iaos,eiably
1653835809741353997,INSERT,uog,oongs
1653835809741363769,INSERT,eency,uek
1653835809741372643,INSERT,oaf,aark
1653835809741380829,INSERT,iips,aow
1653835809741389658,INSERT,itz,eipt
1653835809741398224,INSERT,aiops,ieul
1653835809741406504,INSERT,aiarty,auedly
1653835809741415166,INSERT,aez,aiays
1653835809741424270,INSERT,uann,oast
1653835809741432859,INSERT,aand,aells
1653835809741440900,INSERT,ords,iody
1653835809741449235,INSERT,oats,uiews
1653835809741458260,INSERT,urg,aiak
1653835809741479108,INSERT,aust,aiorly
1653835809741491169,INSERT,iaoc,aott
1653835809741502291,INSERT,oend,aioys
1653835809741511873,INSERT,arst,eautts
1653835809741520388,INSERT,oarm,oelly
1653835809741529592,INSERT,uieh,arm
1653835809741538667,INSERT,aioth,ueng
1653835809741547718,INSERT,ieusts,eorty
1653835809741556936,INSERT,uell,eaurg
1653835809741566015,INSERT,iund,oiasp
1653835809741584446,INSERT,olls,irf
1653835809741595651,INSERT,aetz,ailly
1653835809741604035,INSERT,aiangs,aiap
1653835809741612272,INSERT,iass,iurg
1653835809741621282,INSERT,auemp,iaons
1653835809741629730,INSERT,edy,aiorry
1653835809741654568,INSERT,iory,eusch
1653835809741671455,INSERT,oord,aants
1653835809741681088,INSERT,iows,aioft
1653835809741689554,INSERT,iouly,uierds
1653835809741697545,INSERT,iaft,org
1653835809741716995,INSERT,ard,eard
1653835809741730413,INSERT,oim,uiew
1653835809741741981,INSERT,aosp,iaong
1653835811731209746,INSERT,aiarg,auhn
1653835811731308209,INSERT,eaurn,eialy
1653835811731325206,INSERT,eusly,oagh
1653835811731336412,INSERT,uot,eask
1653835811731347494,INSERT,aft,oills
1653835811731358565,INSERT,uidy,eesch
1653835811731369707,INSERT,aiay,auerr
1653835811731380647,INSERT,or,aiors
1653835811731391784,INSERT,aity,uirm
1653835811731414351,INSERT,ahn,uff
1653835811731427107,INSERT,aict,oars
1653835811731439213,INSERT,eants,iutts
1653835811731450418,INSERT,oerg,eaws
1653835811731474775,INSERT,ieugy,udy
1653835811731486118,INSERT,iurs,ourry
1653835811731496289,INSERT,aadly,unn
1653835811731519738,INSERT,oic,ealt
1653835811731530304,INSERT,aocy,irg
1653835811731541005,INSERT,eugh,auch
1653835811731551730,INSERT,aid,ieuws
1653835811731561831,INSERT,oks,ooss
1653835811731572329,INSERT,urk,aish
1653835811731591119,INSERT,iirm,auest
1653835811731601801,INSERT,earth,aisk
1653835811731612623,INSERT,eiass,aogs
1653835811731623326,INSERT,aiobs,airt
1653835811731669668,INSERT,uaz,iard
1653835811731683963,INSERT,aunk,oiangs
1653835811731695345,INSERT,ourd,uez
1653835811731705828,INSERT,euf,iacks
1653835811731716205,INSERT,udly,eest
1653835811731726605,INSERT,oiak,aiont
1653835811731737214,INSERT,eept,oods
1653835811731747784,INSERT,aecks,aobs
1653835811731758283,INSERT,uak,uenk
1653835811731768572,INSERT,ounts,aesly
1653835811731789047,INSERT,aiorr,ian
1653835811731811649,INSERT,ory,am
1653835811731823073,INSERT,uc,eek
1653835811731834118,INSERT,aiks,oiny
1653835811731844276,INSERT,aam,ieuy
1653835811731854125,INSERT,aiagy,oiak
1653835811731864974,INSERT,eedly,aidy
1653835811731875359,INSERT,eiarn,ierly
1653835811731885914,INSERT,arts,uawn
1653835811731896638,INSERT,oiask,uigs
1653835811731906582,INSERT,urn,iad
1653835811731917103,INSERT,oiand,oobs
1653835811731939384,INSERT,oaks,oiak
1653835811731951134,INSERT,aecks,oor
1653835813345029296,INSERT,ounts,ouck
1653835813345123434,INSERT,uengly,oath
1653835813345140080,INSERT,eels,eiaps
1653835813345152151,INSERT,eurds,eott
1653835813345163445,INSERT,eesch,uawn
1653835813345173917,INSERT,ounn,uiers
1653835813345184949,INSERT,iald,eist
1653835813345194994,INSERT,uight,iosch
1653835813345205686,INSERT,ierk,ean
1653835813345221328,INSERT,ird,iarn
1653835813345235505,INSERT,uhl,eish
1653835813345246358,INSERT,uiends,aets
1653835813345256609,INSERT,iaorf,iony
1653835813345267003,INSERT,aueft,eicts
1653835813345277357,INSERT,il,oiaght
1653835813345287572,INSERT,uiedy,euhn
1653835813345297722,INSERT,iaoh,auch
1653835813345309073,INSERT,eaulls,aingly
1653835813345320352,INSERT,uans,uorm
1653835813345333797,INSERT,ounds,eady
1653835813345344500,INSERT,uell,euh
1653835813345355352,INSERT,aught,aig
1653835813345366781,INSERT,auesch,ieuch
1653835813345377652,INSERT,aiawn,uals
1653835813345388255,INSERT,aert,uolls
1653835813345398843,INSERT,oolt,ull
1653835813345419682,INSERT,ientz,iills
1653835813345432354,INSERT,aiohn,oills
1653835813345442688,INSERT,eint,oid
1653835813345453081,INSERT,arst,ueck
1653835813345463872,INSERT,eias,iucy
1653835813345473937,INSERT,ium,eintz
1653835813345483942,INSERT,osch,uns
1653835813345494197,INSERT,aueld,aiang
1653835813345504385,INSERT,oibly,iarn
1653835813345515132,INSERT,aioy,uierth
1653835813345536561,INSERT,aasp,aarty
1653835813345550048,INSERT,ells,eech
1653835813345560965,INSERT,auev,oac
1653835813345571987,INSERT,aiobs,oiards
1653835813345582931,INSERT,uonts,oov
1653835813345593015,INSERT,iounn,eongs
1653835813345603515,INSERT,eich,eops
1653835813345613542,INSERT,ieuds,aall
1653835813345623905,INSERT,iaft,oiab
1653835813345633845,INSERT,eims,uiss
1653835813345679391,INSERT,eiarry,ioull
1653835813345695601,INSERT,iawn,aionk
1653835813345706734,INSERT,oish,iurt
1653835813345717873,INSERT,oold,aueb
1653835813557094386,INSERT,ooff,oiff
1653835813557208393,INSERT,eiarts,iusm
1653835813557223177,INSERT,iaobly,ieurs
1653835813557233266,INSERT,uiep,oass
1653835813557242760,INSERT,uoss,uiedy
1653835813557252366,INSERT,eangs,aiost
1653835813557261494,INSERT,uont,uiff
1653835813557270333,INSERT,oedly,ib
1653835813557278865,INSERT,ec,uonk
1653835813557298900,INSERT,eump,oonts
1653835813557310702,INSERT,aich,iaors
1653835813557319719,INSERT,oiatt,auently
1653835813557328952,INSERT,uim,oows
1653835813557337735,INSERT,oecs,ougs
1653835813557346595,INSERT,old,otch
1653835813557355275,INSERT,eel,oiny
1653835813557364304,INSERT,aiontly,oonn
1653835813557373358,INSERT,iaoly,uierm
1653835813557381829,INSERT,oift,aors
1653835813557391026,INSERT,oorm,atts
1653835813557399205,INSERT,uold,eom
1653835813557408228,INSERT,aff,uents
1653835813557416885,INSERT,ioug,ions
1653835813557425028,INSERT,isp,ieuhl
1653835813557434180,INSERT,aiag,eick
1653835813557443286,INSERT,aens,eauws
1653835813557463565,INSERT,eautts,oils
1653835813557475551,INSERT,eoz,aens
1653835813557484007,INSERT,oght,iery
1653835813557492608,INSERT,ieubs,uof
1653835813557501965,INSERT,iaots,oucs
1653835813557511142,INSERT,ousts,oery
1653835813557519973,INSERT,aark,ix
1653835813557528482,INSERT,eth,iegy
1653835813557536240,INSERT,auend,audy
1653835813557545022,INSERT,uects,oox
1653835813557563352,INSERT,ourts,oorn
1653835813557576019,INSERT,airr,eolly
1653835813557584677,INSERT,ox,eurs
1653835813557592816,INSERT,uieys,and
1653835813557601356,INSERT,euv,oacs
1653835813557609492,INSERT,oop,orf
1653835813557617929,INSERT,eown,iys
1653835813557626644,INSERT,eaurg,eaun
1653835813557662774,INSERT,uenn,iebly
1653835813557675376,INSERT,aably,aiapp
1653835813557684314,INSERT,oency,eiad
1653835813557704798,INSERT,oilt,eern
1653835813557715471,INSERT,oecy,asp
1653835813557724175,INSERT,aag,iedy
1653835816446119494,INSERT,aock,etz
1653835816446245424,INSERT,iorr,ietz
1653835816446271172,INSERT,iurm,ioups
1653835816446292829,INSERT,auetz,airg
1653835816446313759,INSERT,uorf,aib
1653835816446338538,INSERT,oiasp,aily
1653835816446358940,INSERT,ieubly,uops
1653835816446368208,INSERT,iouy,ints
1653835816446376478,INSERT,oix,uob
1653835816446396558,INSERT,uitz,ueck
1653835816446407531,INSERT,in,ity
1653835816446429679,INSERT,ork,eausm
1653835816446438752,INSERT,oancy,iaolls
1653835816446447512,INSERT,eerty,eang
1653835816446456578,INSERT,iaongs,eaush
1653835816446465438,INSERT,ast,iorf
1653835816446474408,INSERT,oes,iong
1653835816446495796,INSERT,ett,aw
1653835816446504136,INSERT,oos,eants
1653835816446512447,INSERT,iug,aioncy
1653835816446521736,INSERT,oen,oently
1653835816446530840,INSERT,eunt,eirry
1653835816446539912,INSERT,oudy,eegy
1653835816446559463,INSERT,iiry,uoch
1653835816446580983,INSERT,aontz,auefy
1653835816446601976,INSERT,oapt,aiably
1653835816446623877,INSERT,auert,iouc
1653835816446665476,INSERT,iok,oeff
1653835816446674286,INSERT,uapt,aiany
1653835816446683036,INSERT,oiss,iaow
1653835816446691756,INSERT,oosch,erth
1653835816446700287,INSERT,iaosk,aiord
1653835816446711675,INSERT,aith,iirty
1653835816446720262,INSERT,aarts,erg
1653835816446729327,INSERT,auhn,uss
1653835816446737721,INSERT,eomp,aiably
1653835816446757417,INSERT,uierts,esm
1653835816446767956,INSERT,eests,eux
1653835816446776859,INSERT,oerth,agy
1653835816446784956,INSERT,iih,oals
1653835816446793517,INSERT,eerty,oarm
1653835816446802171,INSERT,ight,iends
1653835816446810779,INSERT,aioz,eks
1653835816446819146,INSERT,eauw,iug
1653835816446827636,INSERT,uohn,eauny
1653835816446846020,INSERT,oilly,ieh
1653835816446854434,INSERT,aork,ieuld
1653835816446863047,INSERT,ious,aoncy
1653835816446871731,INSERT,uotch,aodly
1653835816446880343,INSERT,uiey,eaw
1653835817932083594,INSERT,eaws,iaosm
1653835817932189074,INSERT,iebly,aust
1653835817932203470,INSERT,ietts,eongly
1653835817932214161,INSERT,iaoncy,eity
1653835817932223252,INSERT,iads,oills
1653835817932232595,INSERT,iopp,ilt
1653835817932255950,INSERT,ierly,aiond
1653835817932264633,INSERT,iaov,uot
1653835817932273042,INSERT,ells,al
1653835817932290962,INSERT,augy,aoly
1653835817932301793,INSERT,oiawn,auer
1653835817932310529,INSERT,oind,iengs
1653835817932336180,INSERT,eint,uiets
1653835817932344255,INSERT,eicks,uoth
1653835817932362816,INSERT,aasts,uosp
1653835817932371221,INSERT,ind,urt
1653835817932379702,INSERT,iasly,iock
1653835817932388228,INSERT,oiany,iic
1653835817932396383,INSERT,omp,ieurs
1653835817932405611,INSERT,ues,uands
1653835817932413722,INSERT,auests,aff
1653835817932435832,INSERT,eaucs,eably
1653835817932444523,INSERT,iirt,oeds
1653835817932452738,INSERT,uolly,aang
1653835817932461578,INSERT,oond,iogy
1653835817932469943,INSERT,eipt,iehl
1653835817932489542,INSERT,aiay,eolt
1653835817932499441,INSERT,ab,uays
1653835817932507952,INSERT,aesh,eiann
1653835817932516204,INSERT,eauf,iahn
1653835817932523960,INSERT,oost,eiald
1653835817932532108,INSERT,icts,uet
1653835817932541207,INSERT,iarty,esch
1653835817932549171,INSERT,aacks,oerts
1653835817932557777,INSERT,eiaght,oet
1653835817932566500,INSERT,eaust,oul
1653835817932585401,INSERT,aiar,uals
1653835817932596336,INSERT,aiabs,ieum
1653835817932604948,INSERT,aorr,eincy
1653835817932613417,INSERT,eecy,oers
1653835817932621657,INSERT,iah,eigy
1653835817932629727,INSERT,ours,eiaf
1653835817932655616,INSERT,aady,epp
1653835817932665098,INSERT,ieungly,euy
1653835817932674331,INSERT,ight,iouft
1653835817932682404,INSERT,aiach,iocy
1653835817932690877,INSERT,eod,aihl
1653835817932719070,INSERT,iinn,euks
1653835817932731312,INSERT,ehn,oept
1653835817932739717,INSERT,eocy,oency
1653835818157903599,INSERT,iurd,aicts
1653835818157981630,INSERT,aip,iogs
1653835818157991816,INSERT,ert,eaungly
1653835818157998506,INSERT,eudly,eerts
1653835818158012406,INSERT,eocs,eody
1653835818158017860,INSERT,oiasts,aionts
1653835818158023512,INSERT,aiart,iurd
1653835818158028861,INSERT,aicts,aiax
1653835818158034050,INSERT,aett,eidy
1653835818158046966,INSERT,aist,aiotz
1653835818158053620,INSERT,eiw,eaungs
1653835818158058609,INSERT,om,eaung
1653835818158063554,INSERT,ont,oins
1653835818158068423,INSERT,aorts,iass
1653835818158073404,INSERT,aap,eerd
1653835818158079039,INSERT,oerts,aitch
1653835818158084138,INSERT,oarth,oity
1653835818158089420,INSERT,aibly,eack
1653835818158102996,INSERT,ieks,ups
1653835818158108011,INSERT,ein,iosk
1653835818158112819,INSERT,autz,iefy
1653835818158117740,INSERT,oeh,aat
1653835818158122595,INSERT,uard,oems
1653835818158127295,INSERT,eaung,eold
1653835818158132349,INSERT,aerds,outt
1653835818158137258,INSERT,ooz,uorly
1653835818158149763,INSERT,oomp,eiarly
1653835818158156134,INSERT,uieff,eitch
1653835818158160966,INSERT,uirs,eofy
1653835818158166009,INSERT,an,eiaps
1653835818158171023,INSERT,eiays,aubs
1653835818158175920,INSERT,aubly,emp
1653835818158180635,INSERT,ieusch,uays
1653835818158185433,INSERT,eits,oush
1653835818158191060,INSERT,ek,ioll
1653835818158196195,INSERT,aiog,arts
1653835818158207950,INSERT,aely,eauft
1653835818158214438,INSERT,uerg,uok
1653835818158219156,INSERT,oups,ells
1653835818158224200,INSERT,uly,erty
1653835818158228809,INSERT,aiay,oerst
1653835818158233556,INSERT,eebs,iags
1653835818158238120,INSERT,iox,iagy
1653835818158242715,INSERT,asm,aurg
1653835818158247303,INSERT,eapp,oeg
1653835818158251845,INSERT,uorst,ousts
1653835818158256482,INSERT,aify,eaush
1653835818158268492,INSERT,utz,oiast
1653835818158274886,INSERT,iogh,oeks
1653835818158279616,INSERT,eirt,iipt
1653835818534003571,INSERT,eoss,uys
1653835818534088704,INSERT,oisch,ouc
1653835818534098190,INSERT,oer,ieurg
1653835818534104229,INSERT,ahn,oors
1653835818534109372,INSERT,eoth,ahl
1653835818534114798,INSERT,ully,och
1653835818534119996,INSERT,eonn,ourd
1653835818534124780,INSERT,eih,oigh
1653835818534129758,INSERT,orr,iacs
1653835818534141717,INSERT,ets,iaosly
1653835818534148239,INSERT,ocs,arm
1653835818534153556,INSERT,uatts,eerts
1653835818534158698,INSERT,ix,eaur
1653835818534163568,INSERT,eiann,uofy
1653835818534168439,INSERT,eish,iaorn
1653835818534173436,INSERT,aosch,iolls
1653835818534179422,INSERT,aiy,aaw
1653835818534184602,INSERT,ald,eaug
1653835818534189341,INSERT,iarm,ainds
1653835818534193954,INSERT,egy,odly
1653835818534198867,INSERT,oucs,uacy
1653835818534203869,INSERT,aiahl,ouhl
1653835818534208642,INSERT,eands,uirts
1653835818534213436,INSERT,iony,ind
1653835818534218060,INSERT,iofy,ell
1653835818534222640,INSERT,iirth,iurly
1653835818534234857,INSERT,iucts,aeny
1653835818534241252,INSERT,ously,aant
1653835818534246007,INSERT,urn,iick
1653835818534250755,INSERT,iapt,eends
1653835818534255782,INSERT,oirg,eiat
1653835818534260298,INSERT,acks,auer
1653835818534265142,INSERT,aioss,ear
1653835818534269917,INSERT,iory,uosch
1653835818534274739,INSERT,irly,aays
1653835818534279303,INSERT,uiept,eibs
1653835818534291628,INSERT,aords,aord
1653835818534297820,INSERT,uiel,iorm
1653835818534302866,INSERT,iirly,eatz
1653835818534307782,INSERT,antly,iink
1653835818534312504,INSERT,eor,auesk
1653835818534317253,INSERT,onn,eog
1653835818534321846,INSERT,uin,orty
1653835818534326395,INSERT,uels,eolly
1653835818534338906,INSERT,oeb,oorm
1653835818534343699,INSERT,iacs,eart
1653835818534348322,INSERT,uins,ests
1653835818534360286,INSERT,eurst,iock
1653835818534366466,INSERT,oiasp,ahl
1653835818534371138,INSERT,iult,ieully
1653835818755226850,INSERT,uits,aiacts
1653835818755307512,INSERT,ouys,oubly
1653835818755317357,INSERT,aisp,oift
1653835818755323738,INSERT,uax,aoff
1653835818755338114,INSERT,el,eicts
1653835818755348158,INSERT,ick,ecs
1653835818755353837,INSERT,ieg,eaums
1653835818755359048,INSERT,oontz,iiws
1653835818755364371,INSERT,aecy,auefy
1653835818755376531,INSERT,uers,uorm
1653835818755382995,INSERT,aosch,iepp
1653835818755388265,INSERT,iourth,oirk
1653835818755393176,INSERT,eel,uam
1653835818755398006,INSERT,untly,aohn
1653835818755402857,INSERT,ouv,aiotch
1653835818755407537,INSERT,eim,iaopp
1653835818755412475,INSERT,iorg,uierk
1653835818755417466,INSERT,eiald,aad
1653835818755422147,INSERT,iubs,uiy
1653835818755426925,INSERT,aurg,orry
1653835818755432179,INSERT,uoncy,eecs
1653835818755437006,INSERT,oads,ic
1653835818755442109,INSERT,oent,eegs
1653835818755447094,INSERT,aiand,iusk
1653835818755451853,INSERT,iuz,eall
1653835818755456838,INSERT,iaody,eaul
1653835818755468582,INSERT,iond,ests
1653835818755474779,INSERT,ausk,oehl
1653835818755479593,INSERT,ells,uiends
1653835818755485171,INSERT,all,eutt
1653835818755490251,INSERT,awn,ioust
1653835818755495119,INSERT,oiay,eild
1653835818755500159,INSERT,aady,iish
1653835818755505108,INSERT,aial,iosp
1653835818755509936,INSERT,ierth,adly
1653835818755514879,INSERT,uiek,eecks
1653835818755526230,INSERT,ots,iountly
1653835818755532649,INSERT,iuntly,aegs
1653835818755537507,INSERT,iax,aorts
1653835818755542808,INSERT,ouch,oiants
1653835818755547673,INSERT,oacs,iurk
1653835818755552359,INSERT,oem,eern
1653835818755556955,INSERT,aiawn,ouss
1653835818755561808,INSERT,oatz,eub
1653835818755566708,INSERT,euft,oacks
1653835818755571648,INSERT,oiangs,uish
1653835818755576839,INSERT,uey,uacy
1653835818755588401,INSERT,iungs,uix
1653835818755594739,INSERT,eird,utz
1653835818755599625,INSERT,eaush,iass
1653835819064096059,INSERT,ioush,eells
1653835819064185206,INSERT,aug,ieull
1653835819064194765,INSERT,uiegy,oiarst
1653835819064200630,INSERT,iaongs,eauct
1653835819064205936,INSERT,oalls,as
1653835819064211614,INSERT,iards,elt
1653835819064217143,INSERT,uarm,eff
1653835819064222143,INSERT,aih,uiefy
1653835819064227358,INSERT,oeg,eauwn
1653835819064239968,INSERT,aork,oeys
1653835819064246304,INSERT,oeny,ierk
1653835819064251734,INSERT,aith,uecks
1653835819064265732,INSERT,ieks,aarry
1653835819064271115,INSERT,olls,airts
1653835819064276659,INSERT,iosch,opt
1653835819064281587,INSERT,iongs,aiarf
1653835819064286399,INSERT,oiantly,eiz
1653835819064291792,INSERT,oah,aunt
1653835819064296823,INSERT,oid,oush
1653835819064301635,INSERT,iiss,ods
1653835819064307099,INSERT,uall,ourry
1653835819064312446,INSERT,uengly,ieurst
1653835819064318027,INSERT,eiat,eaft
1653835819064323407,INSERT,aiaft,ost
1653835819064328333,INSERT,aift,iaony
1653835819064342223,INSERT,ioz,aiony
1653835819064355516,INSERT,eiaf,eiws
1653835819064361970,INSERT,easp,eerg
1653835819064366930,INSERT,iouth,aasts
1653835819064372057,INSERT,aorg,eosm
1653835819064377687,INSERT,uedy,eenn
1653835819064391144,INSERT,oud,irs
1653835819064396290,INSERT,eern,ours
1653835819064403629,INSERT,ends,uems
1653835819064408546,INSERT,aiobly,uoff
1653835819064413492,INSERT,aiody,eor
1653835819064426213,INSERT,iotts,ioum
1653835819064432806,INSERT,eiam,auev
1653835819064438033,INSERT,aetz,oosly
1653835819064443003,INSERT,eocy,ears
1653835819064448176,INSERT,aund,iaopp
1653835819064453203,INSERT,iirm,eaug
1653835819064458193,INSERT,enn,erm
1653835819064463058,INSERT,uenn,ask
1653835819064468006,INSERT,oord,eerr
1653835819064474141,INSERT,uars,eod
1653835819064479175,INSERT,ieus,uosch
1653835819064491788,INSERT,easch,aests
1653835819064498503,INSERT,aith,aobs
1653835819064503495,INSERT,oirr,eift
1653835819363234217,INSERT,oiab,iasm
1653835819363307909,INSERT,irly,ex
1653835819363323804,INSERT,oows,erly
1653835819363337087,INSERT,aacts,iust
1653835819363342970,INSERT,eusm,aop
1653835819363348276,INSERT,eunk,uieg
1653835819363353363,INSERT,aiocy,aast
1653835819363359052,INSERT,eiad,eeg
1653835819363364326,INSERT,iirst,uiks
1653835819363376662,INSERT,oems,aioth
1653835819363383862,INSERT,eiahn,oitt
1653835819363388742,INSERT,ieud,ouw
1653835819363393682,INSERT,uiems,iall
1653835819363398664,INSERT,iubs,eauk
1653835819363403358,INSERT,iountz,ueght
1653835819363408745,INSERT,uiny,uirth
1653835819363413677,INSERT,iix,eaurth
1653835819363418463,INSERT,ocy,eery
1653835819363423232,INSERT,aady,iurst
1653835819363428351,INSERT,oerty,urt
1653835819363433529,INSERT,eiahl,iud
1653835819363438330,INSERT,aows,uorry
1653835819363443457,INSERT,iirk,uicy
1653835819363448376,INSERT,aev,old
1653835819363453823,INSERT,eerts,ect
1653835819363458962,INSERT,aosm,eed
1653835819363470876,INSERT,auft,urr
1653835819363477423,INSERT,uims,uals
1653835819363482136,INSERT,eown,eng
1653835819363486709,INSERT,aingly,eips
1653835819363491758,INSERT,uofy,eaunts
1653835819363496741,INSERT,iims,uiells
1653835819363501647,INSERT,ieups,eish
1653835819363506439,INSERT,eend,eiahl
1653835819363511380,INSERT,otts,auegy
1653835819363516205,INSERT,eincy,ieunt
1653835819363529956,INSERT,aiohn,eid
1653835819363536436,INSERT,oorf,eush
1653835819363541358,INSERT,auebs,uicts
1653835819363546316,INSERT,iegh,uong
1653835819363551506,INSERT,oeght,oorty
1653835819363556404,INSERT,ucks,euncy
1653835819363561519,INSERT,eerty,iitch
1653835819363566317,INSERT,uash,eauv
1653835819363571378,INSERT,iouts,aiosm
1653835819363576205,INSERT,opp,eirk
1653835819363581003,INSERT,auntz,aegy
1653835819363593224,INSERT,etz,oey
1653835819363599425,INSERT,oentz,euhn
1653835819363604304,INSERT,aiv,iouts
1653835819674089672,INSERT,aawn,auft
1653835819674185249,INSERT,uask,oeg
1653835819674200186,INSERT,uarr,ift
1653835819674210282,INSERT,uerts,eitts
1653835819674220082,INSERT,ount,aingly
1653835819674229832,INSERT,uiry,aiang
1653835819674239439,INSERT,eesp,ews
1653835819674255050,INSERT,uierds,eerty
1653835819674268548,INSERT,uas,eusk
1653835819674289698,INSERT,aint,ourg
1653835819674301456,INSERT,aett,iaosm
1653835819674310521,INSERT,aioty,aioft
1653835819674319765,INSERT,intly,oerts
1653835819674328203,INSERT,ogy,iants
1653835819674348533,INSERT,uist,ards
1653835819674357598,INSERT,aapt,uierly
1653835819674366632,INSERT,oay,oiss
1653835819674375529,INSERT,outz,oenk
1653835819674385088,INSERT,iuntz,aock
1653835819674407498,INSERT,or,oerty
1653835819674416748,INSERT,urty,ieurr
1653835819674426278,INSERT,aeff,aaff
1653835819674435286,INSERT,iick,iins
1653835819674443851,INSERT,eic,aioght
1653835819674452299,INSERT,aions,iaork
1653835819674460585,INSERT,aiarts,aucs
1653835819674478897,INSERT,eiafy,aiopp
1653835819674498642,INSERT,airry,ieuf
1653835819674508032,INSERT,iusp,iind
1653835819674517655,INSERT,ouck,ainn
1653835819674526468,INSERT,aers,uerts
1653835819674535716,INSERT,eetch,aintly
1653835819674544897,INSERT,eact,uins
1653835819674553873,INSERT,aects,ians
1653835819674563027,INSERT,aex,eiang
1653835819674571638,INSERT,ax,uhl
1653835819674589808,INSERT,oury,aosly
1653835819674601528,INSERT,eauz,aopt
1653835819674610583,INSERT,aiosp,oms
1653835819674619864,INSERT,aacts,auesp
1653835819674628596,INSERT,eews,iut
1653835819674656190,INSERT,oaft,ieungs
1653835819674665256,INSERT,aians,end
1653835819674674284,INSERT,aps,uld
1653835819674682759,INSERT,iils,oeth
1653835819674692709,INSERT,iirty,aungs
1653835819674701805,INSERT,iif,iourn
1653835819674720706,INSERT,iegs,orst
1653835819674732571,INSERT,ouhl,outy
1653835819674740587,INSERT,eiass,oend
1653835819973368601,INSERT,iinn,iouhl
1653835819973436409,INSERT,aegy,eaufy
1653835819973446309,INSERT,ieuny,oenk
1653835819973452671,INSERT,oecs,aess
1653835819973458271,INSERT,aents,eeck
1653835819973464026,INSERT,oot,oiy
1653835819973470186,INSERT,eaurth,enk
1653835819973475361,INSERT,oiahl,iild
1653835819973480513,INSERT,iang,eaght
1653835819973494250,INSERT,ourt,eauntz
1653835819973501774,INSERT,ieupt,iucks
1653835819973507250,INSERT,auew,iisly
1653835819973512535,INSERT,eucks,oagh
1653835819973517590,INSERT,eiapt,iounds
1653835819973522846,INSERT,eurr,iend
1653835819973527976,INSERT,uecs,unk
1653835819973533186,INSERT,eost,atz
1653835819973538749,INSERT,uald,iodly
1653835819973543826,INSERT,uods,ork
1653835819973548850,INSERT,iel,aush
1653835819973553802,INSERT,oak,uat
1653835819973558581,INSERT,oitts,aocks
1653835819973563920,INSERT,ooth,angs
1653835819973569116,INSERT,ouwn,ioutt
1653835819973574234,INSERT,eang,iny
1653835819973579226,INSERT,iaoh,aicts
1653835819973591932,INSERT,aard,im
1653835819973598246,INSERT,uesly,iusts
1653835819973603236,INSERT,ierds,ancy
1653835819973608111,INSERT,eesp,arly
1653835819973613057,INSERT,aueb,uiends
1653835819973617871,INSERT,iech,itz
1653835819973622726,INSERT,eauty,auets
1653835819973627614,INSERT,eaugy,orf
1653835819973632303,INSERT,aaft,uesk
1653835819973657384,INSERT,eatch,iougs
1653835819973670309,INSERT,uct,oen
1653835819973676971,INSERT,oacts,oehn
1653835819973682101,INSERT,aeh,oungs
1653835819973687020,INSERT,erty,auert
1653835819973692400,INSERT,aorf,aft
1653835819973697005,INSERT,uibs,eads
1653835819973710442,INSERT,oy,aects
1653835819973715594,INSERT,oirg,ogy
1653835819973720324,INSERT,auefy,edy
1653835819973725150,INSERT,ocks,eogh
1653835819973730051,INSERT,oenn,otts
1653835819973741953,INSERT,iok,iws
1653835819973748697,INSERT,oisch,auey
1653835819973753366,INSERT,aih,eact
1653835820271369241,INSERT,oiaks,iuntz
1653835820271571993,INSERT,eiants,eays
1653835820271590332,INSERT,oiarm,ipp
1653835820271601808,INSERT,iofy,eums
1653835820271611697,INSERT,uietts,iaogs
1653835820271621711,INSERT,aords,ists
1653835820271630535,INSERT,aict,oiands
1653835820271658307,INSERT,eiagy,oip
1653835820271667761,INSERT,eiacts,oiarth
1653835820271704890,INSERT,eolt,ound
1653835820271718498,INSERT,eusm,aiopp
1653835820271727765,INSERT,auers,aiar
1653835820271736770,INSERT,iils,aiond
1653835820271746724,INSERT,iourry,eenk
1653835820271755785,INSERT,uors,eov
1653835820271764767,INSERT,eiably,usch
1653835820271804188,INSERT,oll,eias
1653835820271813905,INSERT,aarts,eb
1653835820271822776,INSERT,aiord,in
1653835820271831846,INSERT,uows,uick
1653835820271840676,INSERT,aontz,eoh
1653835820271849707,INSERT,oerry,uotts
1653835820271858835,INSERT,oins,oetts
1653835820271868400,INSERT,aiork,uots
1653835820271876771,INSERT,eott,eosh
1653835820271885606,INSERT,iosts,iords
1653835820271920799,INSERT,eeff,aiapp
1653835820271933178,INSERT,uany,ousch
1653835820271942243,INSERT,iouds,ieuws
1653835820271951000,INSERT,its,uocy
1653835820271960407,INSERT,iaws,eiably
1653835820271969786,INSERT,eult,aurn
1653835820271978399,INSERT,ioks,eacks
1653835820271987402,INSERT,iously,iirst
1653835820271996920,INSERT,aots,iish
1653835820272005936,INSERT,aunn,eands
1653835820272046730,INSERT,uotz,awn
1653835820272058730,INSERT,eants,iawn
1653835820272067599,INSERT,ousp,aerly
1653835820272076495,INSERT,ieull,oiaks
1653835820272085841,INSERT,uiks,oacts
1653835820272094970,INSERT,oud,eiys
1653835820272104173,INSERT,aos,uosch
1653835820272113530,INSERT,iigs,oiass
1653835820272122041,INSERT,oan,aorn
1653835820272137190,INSERT,osts,uib
1653835820272146350,INSERT,oach,eiatt
1653835820272187598,INSERT,eudy,eung
1653835820272199933,INSERT,ieupp,oorth
1653835820272208420,INSERT,eiamp,ierst
1653835820650098645,INSERT,oofy,oirm
1653835820650189641,INSERT,auehl,iouks
1653835820650204729,INSERT,ird,ieunn
1653835820650214919,INSERT,uang,uents
1653835820650223492,INSERT,iaopt,oipt
1653835820650232828,INSERT,otts,uiert
1653835820650241155,INSERT,uiebly,ual
1653835820650249545,INSERT,iaoz,each
1653835820650258321,INSERT,iilly,uird
1653835820650277363,INSERT,iosh,eaupt
1653835820650288849,INSERT,eehn,eosts
1653835820650297037,INSERT,iaorly,aonds
1653835820650306128,INSERT,arr,eeg
1653835820650314825,INSERT,oong,iurm
1653835820650323690,INSERT,ontly,iontly
1653835820650364825,INSERT,urst,aun
1653835820650374852,INSERT,uosch,eaucy
1653835820650397919,INSERT,eaurm,eorly
1653835820650407305,INSERT,iurg,ett
1653835820650415730,INSERT,oilly,aun
1653835820650424499,INSERT,auec,oct
1653835820650433205,INSERT,auly,oian
1653835820650442191,INSERT,eok,uocts
1653835820650450901,INSERT,oald,uosm
1653835820650459461,INSERT,aeft,eaull
1653835820650468176,INSERT,iaoly,aiar
1653835820650487575,INSERT,iaods,iaorth
1653835820650499271,INSERT,uirg,aiall
1653835820650507404,INSERT,ually,eirn
1653835820650515558,INSERT,ioups,eed
1653835820650524237,INSERT,eegs,auecks
1653835820650533450,INSERT,eiancy,olt
1653835820650541657,INSERT,oiams,itt
1653835820650550237,INSERT,eantz,iusch
1653835820650559176,INSERT,aurst,uots
1653835820650568016,INSERT,ells,aak
1653835820650580111,INSERT,uosts,aalls
1653835820650588840,INSERT,iaons,iult
1653835820650597989,INSERT,eecs,oatt
1653835820650606997,INSERT,auel,oidly
1653835820650614916,INSERT,ioth,oabs
1653835820650623596,INSERT,ieungly,uift
1653835820650632029,INSERT,eung,oiat
1653835820650658536,INSERT,ieuks,iurf
1653835820650667645,INSERT,ierds,uefy
1653835820650676193,INSERT,uasts,eiay
1653835820650684285,INSERT,ually,eogs
1653835820650703392,INSERT,aueks,eitts
1653835820650715468,INSERT,aends,ius
1653835820650723938,INSERT,uays,auty
1653835820928350092,INSERT,ault,uilly
1653835820932783776,INSERT,act,uims
1653835820932799418,INSERT,uesm,aohn
1653835820932809748,INSERT,aly,eerly
1653835820932818672,INSERT,aoms,oiany
1653835820932828402,INSERT,aiangs,int
1653835820932852018,INSERT,aioz,aiopp
1653835820932861814,INSERT,aed,iougs
1653835820932870682,INSERT,aops,aucs
1653835820932882402,INSERT,aapt,eact
1653835820932892267,INSERT,eub,aash
1653835820932901831,INSERT,iuss,oalls
1653835820932910408,INSERT,iub,aent
1653835820932919321,INSERT,aiosch,iouck
1653835820932928900,INSERT,oorst,iws
1653835820932937906,INSERT,aueds,iet
1653835820932946649,INSERT,iouns,iaort
1653835820932955747,INSERT,urly,aech
1653835820932964805,INSERT,oify,aioh
1653835820932973576,INSERT,eaurry,eeng
1653835820932982541,INSERT,ourf,aads
1653835820932991605,INSERT,iuys,iam
1653835820933000606,INSERT,ioully,uiels
1653835820933009429,INSERT,aib,oist
1653835820933018293,INSERT,oasp,eots
1653835820933026879,INSERT,irty,eam
1653835820933045714,INSERT,ourn,aiorry
1653835820933057329,INSERT,agy,uiy
1653835820933066178,INSERT,eialy,urly
1653835820933084689,INSERT,euth,ih
1653835820933093319,INSERT,iaoll,oungly
1653835820933102253,INSERT,ieuc,oald
1653835820933111118,INSERT,uey,aens
1653835820933120442,INSERT,uoss,ioupt
1653835820933129717,INSERT,uieys,uantly
1653835820933138969,INSERT,eiarm,ieuck
1653835820933155514,INSERT,oiry,eind
1653835820933166296,INSERT,iaon,oerly
1653835820933175456,INSERT,uintly,uawn
1653835820933184567,INSERT,uosk,ind
1653835820933193348,INSERT,eenk,irts
1653835820933202090,INSERT,ioutch,oerk
1653835820933211421,INSERT,ieun,ouh
1653835820933220318,INSERT,iedly,ongly
1653835820933229301,INSERT,iary,uiegs
1653835820933237951,INSERT,iuld,iaocy
1653835820933246989,INSERT,aians,iods
1653835820933264508,INSERT,eintz,ieuks
1653835820933274838,INSERT,uod,eiax
1653835820933284041,INSERT,iaorf,uiesch
1653835821330171736,INSERT,iich,oetts
1653835821330278487,INSERT,eiann,oett
1653835821330294349,INSERT,oird,uotz
1653835821330304030,INSERT,eoz,eech
1653835821330313121,INSERT,oiapp,eorth
1653835821330323252,INSERT,eiac,in
1653835821330332833,INSERT,ourt,ips
1653835821330341445,INSERT,iinn,oubs
1653835821330350664,INSERT,uabs,uik
1653835821330368860,INSERT,eiav,aidly
1653835821330379495,INSERT,iaft,iuv
1653835821330388215,INSERT,aigy,aiard
1653835821330396931,INSERT,auey,iich
1653835821330406385,INSERT,uelt,oex
1653835821330414602,INSERT,aufy,uody
1653835821330422877,INSERT,aask,ouk
1653835821330432678,INSERT,iaosm,oopt
1653835821330441279,INSERT,aan,uch
1653835821330449433,INSERT,ins,eocts
1653835821330457905,INSERT,ium,aubs
1653835821330466191,INSERT,oiaks,ieds
1653835821330475742,INSERT,iecks,eos
1653835821330484392,INSERT,oap,ieff
1653835821330493814,INSERT,ieuys,iin
1653835821330502276,INSERT,aiorg,ont
1653835821330510466,INSERT,aiass,oucks
1653835821330529273,INSERT,iicts,oerg
1653835821330540248,INSERT,uonn,iosk
1653835821330549383,INSERT,ias,aib
1653835821330558013,INSERT,ierth,aiots
1653835821330565880,INSERT,icks,in
1653835821330574895,INSERT,aegs,ioh
1653835821330583090,INSERT,oerly,ioufy
1653835821330591974,INSERT,uarg,aely
1653835821330600489,INSERT,aong,iesly
1653835821330608417,INSERT,ielly,aorm
1653835821330624346,INSERT,irst,eist
1653835821330653009,INSERT,ioth,ieuld
1653835821330663913,INSERT,iaoght,aegh
1653835821330672506,INSERT,aangs,uorry
1653835821330691626,INSERT,orty,ionn
1653835821330700505,INSERT,ely,eught
1653835821330708709,INSERT,oogy,iosly
1653835821330717524,INSERT,aint,ex
1653835821330727358,INSERT,eills,ol
1653835821330735432,INSERT,eills,aatz
1653835821330743659,INSERT,uerts,airn
1653835821330761556,INSERT,eash,ialt
1653835821330771825,INSERT,iourry,off
1653835821330780224,INSERT,eotts,aioly
1653835821551123488,INSERT,oucy,ieud
1653835821551217698,INSERT,aingly,ols
1653835821551232760,INSERT,uin,iudy
1653835821551242680,INSERT,aow,iouny
1653835821551265864,INSERT,iild,eaw
1653835821551275122,INSERT,ausly,ouys
1653835821551284661,INSERT,aitts,oirds
1653835821551306392,INSERT,easly,eaurds
1653835821551315237,INSERT,iogs,auel
1653835821551343375,INSERT,ieuth,aerth
1653835821551355138,INSERT,aohl,iotch
1653835821551364026,INSERT,eify,aoth
1653835821551372230,INSERT,oiny,aagy
1653835821551380624,INSERT,ioully,iesch
1653835821551390438,INSERT,isch,iutts
1653835821551399065,INSERT,eords,oiass
1653835821551407905,INSERT,aurty,uath
1653835821551417133,INSERT,oet,uiesp
1653835821551426244,INSERT,iaoh,ieun
1653835821551435080,INSERT,ool,aegs
1653835821551443567,INSERT,uogh,ioudy
1653835821551452514,INSERT,aios,oiary
1653835821551461008,INSERT,uacs,uink
1653835821551469892,INSERT,iaorm,iaory
1653835821551478624,INSERT,aup,aung
1653835821551487755,INSERT,oangly,ieuhl
1653835821551506550,INSERT,aidly,oury
1653835821551517197,INSERT,oerts,aiap
1653835821551526097,INSERT,oiarst,iorts
1653835821551534926,INSERT,ouz,ieusp
1653835821551543459,INSERT,oings,ioss
1653835821551552328,INSERT,uihl,iots
1653835821551561359,INSERT,aiad,eudly
1653835821551570112,INSERT,ousch,oms
1653835821551579079,INSERT,uier,iits
1653835821551600751,INSERT,ierr,eauncy
1653835821551619964,INSERT,oiantz,iry
1653835821551631147,INSERT,ans,uiesch
1653835821551657306,INSERT,eongs,auss
1653835821551666373,INSERT,ed,auesly
1653835821551675144,INSERT,ouls,auetch
1653835821551683760,INSERT,aopp,oosp
1653835821551692522,INSERT,uemp,auests
1653835821551700506,INSERT,eudy,osh
1653835821551709233,INSERT,ioul,eaf
1653835821551717670,INSERT,eusch,oik
1653835821551726095,INSERT,eth,ins
1653835821551744886,INSERT,oeft,iitt
1653835821551755553,INSERT,aoct,eialls
1653835821551764056,INSERT,auws,oiarn
1653835821742477891,INSERT,oek,aatt
1653835821742582729,INSERT,ests,uonk
1653835821742597834,INSERT,ueks,aush
1653835821742610462,INSERT,eogy,aild
1653835821742620009,INSERT,ients,aurs
1653835821742629242,INSERT,aagy,eialls
1653835821742661256,INSERT,up,iong
1653835821742670844,INSERT,aioks,iy
1653835821742679835,INSERT,uierth,oants
1653835821742699149,INSERT,oy,aunk
1653835821742711185,INSERT,aiants,uw
1653835821742720495,INSERT,iengly,earth
1653835821742729214,INSERT,eill,ourk
1653835821742739042,INSERT,uintly,aong
1653835821742748202,INSERT,aorry,uaght
1653835821742757604,INSERT,ugs,iib
1653835821742766216,INSERT,eax,outch
1653835821742779511,INSERT,aows,eerty
1653835821742788179,INSERT,uaz,eilt
1653835821742796707,INSERT,urds,aiolly
1653835821742805667,INSERT,eiands,eap
1653835821742814555,INSERT,eocts,uer
1653835821742823459,INSERT,oirs,uits
1653835821742839654,INSERT,uict,ails
1653835821742848489,INSERT,oil,aunts
1653835821742856907,INSERT,ieuncy,uoks
1653835821742877491,INSERT,uom,aosts
1653835821742887974,INSERT,oes,oebs
1653835821742897523,INSERT,aurr,aiord
1653835821742918454,INSERT,iops,eich
1653835821742927212,INSERT,ilt,aiopp
1653835821742935944,INSERT,iaods,iuns
1653835821742944988,INSERT,eaun,iacy
1653835821742954041,INSERT,aiomp,eiaks
1653835821742962690,INSERT,and,oell
1653835821742971783,INSERT,eiapt,uosm
1653835821742989939,INSERT,iurth,auty
1653835821743000923,INSERT,oedly,eisch
1653835821743010154,INSERT,uogy,oerly
1653835821743018766,INSERT,oorm,iot
1653835821743027338,INSERT,ientz,ac
1653835821743035962,INSERT,uiesp,aiahn
1653835821743045066,INSERT,eed,eort
1653835821743053240,INSERT,eelt,iaomp
1653835821743061830,INSERT,aaz,urk
1653835821743071070,INSERT,earg,auv
1653835821743080284,INSERT,auef,aesly
1653835821743098066,INSERT,eaugy,uarn
1653835821743109024,INSERT,uers,ioush
1653835821743117999,INSERT,eurf,uintly
1653835822132130177,INSERT,oel,eaurs
1653835822132243277,INSERT,odly,oiff
1653835822132260229,INSERT,eosts,eengly
1653835822132271755,INSERT,iountly,eauy
1653835822132282249,INSERT,auery,eish
1653835822132292984,INSERT,ieds,eiys
1653835822132302889,INSERT,ierf,eick
1653835822132312667,INSERT,ieutts,oably
1653835822132322620,INSERT,iab,ooc
1653835822132361328,INSERT,aitz,eiast
1653835822132372792,INSERT,iaorr,uept
1653835822132382589,INSERT,aiol,uicks
1653835822132392280,INSERT,oantly,iouc
1653835822132401739,INSERT,ieurf,iaoms
1653835822132411872,INSERT,eiart,eengs
1653835822132421319,INSERT,ousp,eiast
1653835822132430731,INSERT,ieuwn,eurth
1653835822132440421,INSERT,auly,ierg
1653835822132449903,INSERT,ieuz,eax
1653835822132459143,INSERT,aly,iouns
1653835822132468560,INSERT,uhn,eiatts
1653835822132477910,INSERT,aiorst,oiatt
1653835822132487444,INSERT,oirly,oupp
1653835822132497129,INSERT,eums,aect
1653835822132506249,INSERT,ientz,eunk
1653835822132515757,INSERT,aiosk,aunn
1653835822132534092,INSERT,eiantly,augh
1653835822132545273,INSERT,is,ium
1653835822132554630,INSERT,or,iury
1653835822132563679,INSERT,iouks,iouhl
1653835822132572933,INSERT,iidly,eengly
1653835822132582316,INSERT,edy,eihn
1653835822132590129,INSERT,aels,ieur
1653835822132599026,INSERT,uesch,iorty
1653835822132608212,INSERT,oeh,oiwn
1653835822132617512,INSERT,oack,iawn
1653835822132649859,INSERT,oift,aioly
1653835822132674187,INSERT,aionds,ush
1653835822132684217,INSERT,aesk,ioft
1653835822132693353,INSERT,oiy,iouss
1653835822132703009,INSERT,oern,airf
1653835822132712324,INSERT,ooncy,euld
1653835822132721769,INSERT,uild,aurry
1653835822132731172,INSERT,eudly,eards
1653835822132740489,INSERT,uierg,oons
1653835822132750252,INSERT,itt,aot
1653835822132769022,INSERT,aunt,ool
1653835822132783243,INSERT,eell,aosh
1653835822132792841,INSERT,aiany,ieully
1653835822132802793,INSERT,uosh,eask
1653835822531006602,INSERT,uipp,eiad
1653835822531172658,INSERT,aald,uient
1653835822531192395,INSERT,aerds,uamp
1653835822531203026,INSERT,earts,oahn
1653835822531212683,INSERT,uish,uirn
1653835822531222612,INSERT,oiays,eauks
1653835822531232298,INSERT,aiank,oirs
1653835822531240665,INSERT,uesch,oen
1653835822531249734,INSERT,ioutts,iaogs
1653835822531261904,INSERT,iks,eaunn
1653835822531271119,INSERT,uisk,ouss
1653835822531282135,INSERT,iangly,oild
1653835822531291281,INSERT,ely,ouz
1653835822531300360,INSERT,iirs,oetts
1653835822531309439,INSERT,aiot,eorf
1653835822531318043,INSERT,uiez,ieuct
1653835822531326944,INSERT,oicy,ugs
1653835822531345931,INSERT,oerly,ulls
1653835822531354840,INSERT,eauk,outz
1653835822531363276,INSERT,iounts,irds
1653835822531372591,INSERT,iff,uords
1653835822531394680,INSERT,ib,urly
1653835822531403327,INSERT,aent,eamp
1653835822531412029,INSERT,ow,ons
1653835822531420244,INSERT,aigh,iacs
1653835822531429217,INSERT,eaully,ueh
1653835822531442342,INSERT,eiasts,ech
1653835822531450736,INSERT,uopt,oiahn
1653835822531459404,INSERT,aoss,aiotz
1653835822531468394,INSERT,uan,iects
1653835822531477336,INSERT,iict,urg
1653835822531486031,INSERT,eibs,ieuh
1653835822531494321,INSERT,auebly,iaoly
1653835822531503758,INSERT,et,urd
1653835822531512958,INSERT,iaolt,iurg
1653835822531522235,INSERT,oesh,ium
1653835822531533297,INSERT,uahl,iuks
1653835822531541907,INSERT,eiarm,uosts
1653835822531550999,INSERT,iuct,uesly
1653835822531560215,INSERT,uintz,egs
1653835822531568200,INSERT,ieubly,oipt
1653835822531577107,INSERT,ourts,aany
1653835822531586079,INSERT,ial,oarry
1653835822531595010,INSERT,uohn,eids
1653835822531603562,INSERT,ieuts,oght
1653835822531611869,INSERT,eict,eags
1653835822531621051,INSERT,iery,ausch
1653835822531629865,INSERT,ust,aos
1653835822531676339,INSERT,eory,ears
1653835822531686306,INSERT,uobs,aw
1653835822556021311,INSERT,uehl,aunk
1653835822556098523,INSERT,uents,oiars
1653835822556108116,INSERT,iich,ity
1653835822556114079,INSERT,ax,oents
1653835822556119840,INSERT,uierk,ief
1653835822556125059,INSERT,us,iirs
1653835822556130181,INSERT,aids,oiys
1653835822556135196,INSERT,eauhl,iaocs
1653835822556140405,INSERT,uends,aoll
1653835822556152647,INSERT,iey,iurf
1653835822556159032,INSERT,aox,oent
1653835822556164137,INSERT,oubly,iaontly
1653835822556169489,INSERT,aol,aacts
1653835822556174405,INSERT,oift,ats
1653835822556187988,INSERT,iah,uodly
1653835822556192771,INSERT,iaors,aol
1653835822556197532,INSERT,uiests,iitz
1653835822556202442,INSERT,eantly,ioux
1653835822556216166,INSERT,ass,uers
1653835822556221238,INSERT,iould,uoks
1653835822556225998,INSERT,aalt,eiarg
1653835822556230878,INSERT,ony,ioupt
1653835822556235986,INSERT,aosk,oobs
1653835822556240878,INSERT,auerds,eecs
1653835822556245589,INSERT,eusp,ieff
1653835822556250274,INSERT,aorty,iav
1653835822556262266,INSERT,att,uiegs
1653835822556268466,INSERT,uerf,eap
1653835822556273218,INSERT,uiesk,iouks
1653835822556278029,INSERT,uerst,oialt
1653835822556282870,INSERT,uicy,uency
1653835822556287841,INSERT,aohl,aians
1653835822556292770,INSERT,oild,ieult
1653835822556297474,INSERT,uacs,aim
1653835822556302538,INSERT,iutz,osp
1653835822556307278,INSERT,auecks,oiaght
1653835822556319483,INSERT,aety,aelt
1653835822556325729,INSERT,aiags,uiengly
1653835822556339209,INSERT,eiarg,aety
1653835822556344516,INSERT,aiotts,any
1653835822556349301,INSERT,ieuncy,oord
1653835822556354205,INSERT,uock,auss
1653835822556358861,INSERT,ael,eoct
1653835822556363440,INSERT,eehn,oth
1653835822556368152,INSERT,eiarth,iugs
1653835822556373038,INSERT,uadly,iagy
1653835822556377881,INSERT,uod,aov
1653835822556382826,INSERT,aew,uars
1653835822556387502,INSERT,oiald,aarly
1653835822556392426,INSERT,ask,uobly
1653835823028468596,INSERT,eert,icks
1653835823028582979,INSERT,auex,uatt
1653835823028598523,INSERT,uot,eaust
1653835823028608709,INSERT,eiys,oasch
1653835823028629363,INSERT,oiarn,angs
1653835823028638943,INSERT,iogy,aucy
1653835823028672695,INSERT,op,aaw
1653835823028686212,INSERT,iaoth,eny
1653835823028698379,INSERT,iirst,eiasch
1653835823028720291,INSERT,aims,iss
1653835823028730568,INSERT,oiafy,auly
1653835823028749995,INSERT,iks,eiast
1653835823028758646,INSERT,icy,iurr
1653835823028769383,INSERT,eapp,uiewn
1653835823028777802,INSERT,iody,oarg
1653835823028785863,INSERT,oaw,ecs
1653835823028794717,INSERT,iorg,eaunts
1653835823028815283,INSERT,oedy,iak
1653835823028824351,INSERT,oish,oify
1653835823028841383,INSERT,eiacks,ady
1653835823028850075,INSERT,uief,eiss
1653835823028860876,INSERT,ably,aor
1653835823028870323,INSERT,iaks,eeght
1653835823028879402,INSERT,iugh,usts
1653835823028888245,INSERT,iany,oag
1653835823028896714,INSERT,uems,aurts
1653835823028928948,INSERT,eudy,oer
1653835823028939781,INSERT,iengs,oight
1653835823028948501,INSERT,ueth,al
1653835823028957493,INSERT,eaut,oiars
1653835823028965836,INSERT,eih,erm
1653835823028974105,INSERT,oogy,uotch
1653835823028982463,INSERT,iaoss,oorly
1653835823028990870,INSERT,erts,iaong
1653835823028999471,INSERT,uieght,oiangly
1653835823029008102,INSERT,iof,af
1653835823029027319,INSERT,audy,iaomp
1653835823029048954,INSERT,oeh,auerg
1653835823029057939,INSERT,euth,aarts
1653835823029065848,INSERT,oiaty,oal
1653835823029074097,INSERT,aah,oask
1653835823029082446,INSERT,oock,iorth
1653835823029090566,INSERT,aiorg,iatch
1653835823029098517,INSERT,iouw,eend
1653835823029120556,INSERT,aiams,iotch
1653835823029130068,INSERT,aecks,oald
1653835823029139155,INSERT,eiary,unn
1653835823029147351,INSERT,aeg,aol
1653835823029155450,INSERT,oigy,oills
1653835823029163703,INSERT,iont,aord
1653835823030018515,INSERT,iably,uiecs
1653835823030097726,INSERT,oick,eiapt
1653835823030112039,INSERT,uery,iincy
1653835823030121555,INSERT,oiank,arn
1653835823030131416,INSERT,ootts,auetch
1653835823030141139,INSERT,ist,iund
1653835823030162159,INSERT,iah,aancy
1653835823030182910,INSERT,aiown,eoh
1653835823030191848,INSERT,ian,uirth
1653835823030209390,INSERT,uabs,euff
1653835823030220875,INSERT,aiawn,aarf
1653835823030230088,INSERT,aerd,uorry
1653835823030238618,INSERT,iaogh,iaogh
1653835823030247501,INSERT,uann,irry
1653835823030256534,INSERT,ueny,oips
1653835823030264792,INSERT,earty,eiantly
1653835823030285721,INSERT,oump,eurth
1653835823030295175,INSERT,oecs,iax
1653835823030303462,INSERT,aents,iann
1653835823030312163,INSERT,aold,oft
1653835823030320847,INSERT,oarst,aerst
1653835823030329875,INSERT,oub,euct
1653835823030339111,INSERT,orst,ocks
1653835823030347589,INSERT,eorst,aobs
1653835823030356308,INSERT,aehl,uiedly
1653835823030365277,INSERT,uangly,auery
1653835823030384862,INSERT,aony,eauff
1653835823030395790,INSERT,iouct,iatts
1653835823030404225,INSERT,airt,aucs
1653835823030412890,INSERT,uong,uims
1653835823030422530,INSERT,eeg,iag
1653835823030430982,INSERT,ab,auect
1653835823030452317,INSERT,aiatch,auff
1653835823030462036,INSERT,ails,auerry
1653835823030471108,INSERT,eosh,oums
1653835823030480142,INSERT,eibly,eody
1653835823030498398,INSERT,eeck,eigh
1653835823030508725,INSERT,aarly,ied
1653835823030516910,INSERT,iepp,iouly
1653835823030524981,INSERT,eud,ooys
1653835823030533446,INSERT,iont,iaofy
1653835823030542434,INSERT,aiogh,uieth
1653835823030551577,INSERT,iolls,outs
1653835823030560427,INSERT,ools,ound
1653835823030568955,INSERT,iungs,aux
1653835823030578169,INSERT,aiaks,ier
1653835823030586993,INSERT,aurds,eent
1653835823030596670,INSERT,ink,oently
1653835823030604907,INSERT,iik,iouch
1653835823030612987,INSERT,aioys,iond
1653835823450263344,INSERT,acks,eiarth
1653835823450363581,INSERT,eaum,oss
1653835823450377368,INSERT,uills,iounts
1653835823450387731,INSERT,ueft,ics
1653835823450397984,INSERT,ets,aisp
1653835823450407503,INSERT,oufy,ob
1653835823450416592,INSERT,uierm,uory
1653835823450426858,INSERT,eudy,iads
1653835823450436095,INSERT,eatch,oupp
1653835823450453992,INSERT,uoty,auc
1653835823450465300,INSERT,aomp,eitz
1653835823450474812,INSERT,eaft,eorts
1653835823450485010,INSERT,iaock,ouff
1653835823450495284,INSERT,uocy,up
1653835823450504772,INSERT,uedly,eodly
1653835823450514769,INSERT,aef,oosts
1653835823450524165,INSERT,eorr,auently
1653835823450534570,INSERT,iilly,um
1653835823450544031,INSERT,aafy,iaoncy
1653835823450552788,INSERT,ip,uong
1653835823450562532,INSERT,earry,iasp
1653835823450571320,INSERT,az,iaory
1653835823450579692,INSERT,uor,aiogs
1653835823450587978,INSERT,iills,oills
1653835823450596385,INSERT,ett,iusp
1653835823450604356,INSERT,ieurd,aiard
1653835823450623847,INSERT,oecks,uesly
1653835823450656071,INSERT,ieung,eaully
1653835823450666192,INSERT,oedy,uiets
1653835823450674805,INSERT,iuff,oncy
1653835823450683761,INSERT,eauns,ats
1653835823450692148,INSERT,euch,iaows
1653835823450700550,INSERT,oels,aobly
1653835823450709700,INSERT,iotts,ioulls
1653835823450718052,INSERT,aueght,oirly
1653835823450726989,INSERT,eetz,airg
1653835823450746077,INSERT,aorr,aebly
1653835823450756977,INSERT,ugs,err
1653835823450765468,INSERT,uinds,oond
1653835823450773778,INSERT,ouds,aerm
1653835823450782099,INSERT,iasts,emp
1653835823450790914,INSERT,oag,eadly
1653835823450799395,INSERT,uinds,aicks
1653835823450807901,INSERT,uangly,ests
1653835823450816630,INSERT,aoh,aohn
1653835823450825112,INSERT,uith,ohn
1653835823450834311,INSERT,oiably,ey
1653835823450843096,INSERT,iags,uelt
1653835823450851465,INSERT,afy,erst
1653835823450860481,INSERT,eiry,oirty
1653835823534066900,INSERT,uerr,ood
1653835823534166414,INSERT,ierr,auly
1653835823534181198,INSERT,aoc,iott
1653835823534190673,INSERT,uops,uisk
1653835823534199774,INSERT,iegh,ooly
1653835823534209146,INSERT,aiorth,eerg
1653835823534218886,INSERT,ob,uency
1653835823534228505,INSERT,uogy,aerry
1653835823534237641,INSERT,eausly,aox
1653835823534259493,INSERT,aiabs,ound
1653835823534271164,INSERT,uedly,uetts
1653835823534279853,INSERT,uity,aopt
1653835823534288186,INSERT,aant,aueth
1653835823534297081,INSERT,aecs,ust
1653835823534305861,INSERT,iur,oiays
1653835823534315126,INSERT,iour,uob
1653835823534323386,INSERT,ieuc,aiably
1653835823534340304,INSERT,uieb,auetz
1653835823534349007,INSERT,eiv,eurm
1653835823534357626,INSERT,eb,eics
1653835823534365490,INSERT,eiarn,ioh
1653835823534374331,INSERT,auesk,eial
1653835823534383260,INSERT,ucks,ieuwn
1653835823534391898,INSERT,eurk,oim
1653835823534399891,INSERT,uith,oarf
1653835823534408581,INSERT,uieth,uess
1653835823534428119,INSERT,east,iently
1653835823534439670,INSERT,oialt,iancy
1653835823534448646,INSERT,ags,aoh
1653835823534457635,INSERT,iutt,aiosm
1653835823534465933,INSERT,aians,aupt
1653835823534474562,INSERT,eufy,oiark
1653835823534483446,INSERT,iond,aiasm
1653835823534491522,INSERT,uapp,aiass
1653835823534500337,INSERT,uiett,ig
1653835823534521950,INSERT,iantly,aitch
1653835823534540341,INSERT,oids,eicts
1653835823534550950,INSERT,iold,auesly
1653835823534559818,INSERT,eals,oith
1653835823534568247,INSERT,auech,iiw
1653835823534577073,INSERT,eaucts,oegy
1653835823534586054,INSERT,eurts,aiwn
1653835823534594585,INSERT,eohn,uich
1653835823534603194,INSERT,auft,outs
1653835823534611683,INSERT,ats,ac
1653835823534620003,INSERT,aurds,uok
1653835823534628512,INSERT,iaorst,iisch
1653835823534654630,INSERT,arts,iild
1653835823534663447,INSERT,uicy,oiards
1653835823534671806,INSERT,iet,uerst
1653835823940015448,INSERT,aunk,iedly
1653835823940091885,INSERT,orf,uihn
1653835823940100793,INSERT,eiass,eerds
1653835823940109442,INSERT,aonk,uimp
1653835823940115143,INSERT,auern,auesly
1653835823940120719,INSERT,oup,uag
1653835823940126214,INSERT,auews,euch
1653835823940133382,INSERT,oaw,eiarly
1653835823940138462,INSERT,iutz,oish
1653835823940153789,INSERT,uos,eaux
1653835823940160413,INSERT,uerk,eung
1653835823940167050,INSERT,iuss,uienk
1653835823940186220,INSERT,ond,uild
1653835823940193292,INSERT,aitz,ieusp
1653835823940198558,INSERT,ies,oians
1653835823940203430,INSERT,uongly,uit
1653835823940208132,INSERT,iips,aiod
1653835823940213175,INSERT,uerts,uonn
1653835823940218004,INSERT,uobly,aend
1653835823940222736,INSERT,eaurt,iebly
1653835823940227546,INSERT,oann,antz
1653835823940232562,INSERT,eusts,aionn
1653835823940237493,INSERT,ieug,iously
1653835823940244428,INSERT,iouck,iapt
1653835823940249422,INSERT,iinds,aub
1653835823940262644,INSERT,eiaft,aurg
1653835823940276866,INSERT,aiff,ooty
1653835823940283167,INSERT,eiat,euly
1653835823940287895,INSERT,eiatt,ian
1653835823940292522,INSERT,eacks,eias
1653835823940297271,INSERT,eaul,uaft
1653835823940301908,INSERT,oiacts,auegy
1653835823940306861,INSERT,irt,eot
1653835823940311467,INSERT,oefy,aeght
1653835823940316243,INSERT,iisk,oegs
1653835823940320957,INSERT,uitts,aeds
1653835823940332809,INSERT,uieny,oll
1653835823940338927,INSERT,ift,iaty
1653835823940343511,INSERT,oury,ieuks
1653835823940350309,INSERT,eiards,eills
1653835823940355244,INSERT,euv,oidly
1653835823940359888,INSERT,auntz,ogs
1653835823940364686,INSERT,eeld,uings
1653835823940369426,INSERT,uiemp,aonts
1653835823940374501,INSERT,eown,oerk
1653835823940379609,INSERT,oirds,orr
1653835823940384269,INSERT,ihn,otch
1653835823940389273,INSERT,eucs,im
1653835823940393938,INSERT,eorm,auerth
1653835823940398701,INSERT,eauc,iency
1653835823945061480,INSERT,aarn,auerry
1653835823945168086,INSERT,auetz,iot
1653835823945183339,INSERT,eeff,oasly
1653835823945194295,INSERT,uwn,oewn
1653835823945204035,INSERT,eald,aiog
1653835823945214180,INSERT,auelly,oily
1653835823945234944,INSERT,euty,aards
1653835823945245472,INSERT,aurry,eaufy
1653835823945255469,INSERT,oahn,auets
1653835823945273743,INSERT,uegs,uak
1653835823945285017,INSERT,iisch,oeys
1653835823945294526,INSERT,earn,oird
1653835823945303972,INSERT,eaurd,uerty
1653835823945313870,INSERT,eif,aody
1653835823945344368,INSERT,eic,oagh
1653835823945354285,INSERT,aab,apt
1653835823945363599,INSERT,aegs,eel
1653835823945385061,INSERT,oipp,iarst
1653835823945394660,INSERT,an,uash
1653835823945404330,INSERT,eaurn,ieuns
1653835823945414164,INSERT,ailly,euff
1653835823945423811,INSERT,oiatts,aiys
1653835823945433759,INSERT,iint,eols
1653835823945443211,INSERT,eatts,ioush
1653835823945452927,INSERT,aiawn,uient
1653835823945462024,INSERT,obs,unn
1653835823945480897,INSERT,eerm,eck
1653835823945491581,INSERT,uetts,aork
1653835823945500229,INSERT,earry,uiengs
1653835823945509284,INSERT,eaupt,oetz
1653835823945517961,INSERT,aels,eiapt
1653835823945526603,INSERT,ought,uiesch
1653835823945535496,INSERT,oex,iouft
1653835823945544627,INSERT,eom,eerry
1653835823945553810,INSERT,app,uows
1653835823945562496,INSERT,uink,eusch
1653835823945581557,INSERT,iesch,auengs
1653835823945592147,INSERT,ots,oiny
1653835823945601231,INSERT,eah,iinn
1653835823945609750,INSERT,ieusly,eungly
1653835823945619397,INSERT,eipp,uck
1653835823945628615,INSERT,aiorn,iiws
1653835823945658701,INSERT,oibly,eebly
1653835823945669780,INSERT,eap,ieh
1653835823945678828,INSERT,eiact,oec
1653835823945687665,INSERT,eaux,eiasp
1653835823945696252,INSERT,uept,aues
1653835823945705826,INSERT,aiontz,oasts
1653835823945715772,INSERT,uecs,iisly
1653835823945725276,INSERT,ien,oeny
1653835824449130602,INSERT,oint,aonts
1653835824449238168,INSERT,uield,uatt
1653835824449262229,INSERT,ioush,eiac
1653835824449271670,INSERT,eirk,aiall
1653835824449291733,INSERT,eary,ieuw
1653835824449314648,INSERT,eit,ailly
1653835824449338061,INSERT,aiolly,iaght
1653835824449360111,INSERT,uend,aiopt
1653835824449381461,INSERT,eufy,iax
1653835824449401277,INSERT,uoss,eold
1653835824449413153,INSERT,euly,uch
1653835824449421621,INSERT,euft,aiall
1653835824449433361,INSERT,ieuc,airy
1653835824449453688,INSERT,aiontly,aiony
1653835824449462856,INSERT,eiall,aueck
1653835824449483491,INSERT,oiatch,eady
1653835824449492336,INSERT,aerst,iuss
1653835824449501302,INSERT,eaunn,aews
1653835824449509908,INSERT,aueck,ain
1653835824449518325,INSERT,uhl,uiew
1653835824449527090,INSERT,uarts,eibs
1653835824449535120,INSERT,ett,eufy
1653835824449543778,INSERT,eoty,iehn
1653835824449551968,INSERT,ieuls,aantz
1653835824449560603,INSERT,iehl,aons
1653835824449569420,INSERT,eiangs,eacy
1653835824449588281,INSERT,aaws,ueks
1653835824449598708,INSERT,aest,aoss
1653835824449607525,INSERT,arn,oirty
1653835824449615760,INSERT,aung,auf
1653835824449624668,INSERT,ueny,eost
1653835824449632885,INSERT,oiach,aueght
1653835824449657630,INSERT,iamp,ooft
1653835824449665066,INSERT,ungly,eiacks
1653835824449673544,INSERT,unn,oungs
1653835824449682328,INSERT,iett,iip
1653835824449710143,INSERT,iept,auerty
1653835824449720611,INSERT,eiagh,upp
1653835824449728472,INSERT,untly,oeps
1653835824449736687,INSERT,oorly,uiedly
1653835824449745200,INSERT,oosk,eeds
1653835824449753089,INSERT,eam,eurm
1653835824449764280,INSERT,iouly,aiafy
1653835824449849275,INSERT,eaz,ourds
1653835824449860180,INSERT,oax,ourly
1653835824449874433,INSERT,iurr,oist
1653835824449882556,INSERT,uemp,iough
1653835824449891432,INSERT,oot,autts
1653835824449899717,INSERT,ueng,ix
1653835824449933672,INSERT,aagy,aotts
1653835824528260650,INSERT,uecks,ory
1653835824528352545,INSERT,oiks,uesm
1653835824528362538,INSERT,aiank,eauh
1653835824528368756,INSERT,aoty,uier
1653835824528373746,INSERT,iings,ands
1653835824528378779,INSERT,aops,ius
1653835824528383610,INSERT,oiaght,aics
1653835824528389068,INSERT,eaft,iors
1653835824528394192,INSERT,eaubs,obs
1653835824528409109,INSERT,eauth,oirr
1653835824528415439,INSERT,aarf,iengs
1653835824528420093,INSERT,iaold,ueld
1653835824528425054,INSERT,eosm,ocs
1653835824528430008,INSERT,aack,iaohl
1653835824528434741,INSERT,aosh,euhl
1653835824528439410,INSERT,ourt,ieuty
1653835824528444214,INSERT,osp,aony
1653835824528449174,INSERT,eausk,eaull
1653835824528454194,INSERT,ouh,eily
1653835824528459015,INSERT,eiarn,aions
1653835824528464220,INSERT,oarts,oary
1653835824528469105,INSERT,iuntly,ioght
1653835824528474229,INSERT,im,iabs
1653835824528479093,INSERT,osts,ab
1653835824528483979,INSERT,aosp,iilt
1653835824528488749,INSERT,iern,aiag
1653835824528501210,INSERT,earg,uogs
1653835824528507488,INSERT,oubly,ip
1653835824528512228,INSERT,aarm,uesp
1653835824528516842,INSERT,eald,aasm
1653835824528521480,INSERT,uiets,iings
1653835824528526413,INSERT,uiem,eacy
1653835824528530995,INSERT,eaws,aeft
1653835824528535947,INSERT,eut,airf
1653835824528541164,INSERT,aopp,eetch
1653835824528546034,INSERT,eods,iuf
1653835824528558174,INSERT,ent,uiev
1653835824528564521,INSERT,aiabs,airr
1653835824528569314,INSERT,uecs,eaungly
1653835824528574314,INSERT,uts,ieugs
1653835824528579323,INSERT,eiand,uod
1653835824528584117,INSERT,eews,oats
1653835824528588761,INSERT,eify,aads
1653835824528593433,INSERT,iug,ousp
1653835824528597949,INSERT,iond,oects
1653835824528602730,INSERT,uiez,aiorr
1653835824528607434,INSERT,oly,esly
1653835824528615367,INSERT,eiats,eand
1653835824528620357,INSERT,eets,eiaff
1653835824528625087,INSERT,ex,osm
1653835824738932995,INSERT,ourth,oiahn
1653835824739001743,INSERT,uory,eash
1653835824739011486,INSERT,iorst,ash
1653835824739017415,INSERT,ill,eauw
1653835824739022818,INSERT,ourg,euny
1653835824739028274,INSERT,aiasch,uirg
1653835824739033559,INSERT,ogh,uah
1653835824739038591,INSERT,ied,uosk
1653835824739043520,INSERT,iay,iaorth
1653835824739051135,INSERT,uingly,eiadly
1653835824739056391,INSERT,ierf,aoh
1653835824739061136,INSERT,aiarst,oiand
1653835824739066029,INSERT,uery,aorr
1653835824739071256,INSERT,oucts,einy
1653835824739076209,INSERT,ohl,iaoty
1653835824739080932,INSERT,aosh,iountly
1653835824739085886,INSERT,aett,outch
1653835824739091171,INSERT,eism,iift
1653835824739096081,INSERT,aify,oems
1653835824739100735,INSERT,auents,iirk
1653835824739105792,INSERT,uiely,eaucks
1653835824739111016,INSERT,oirst,aiant
1653835824739116155,INSERT,airly,arry
1653835824739121107,INSERT,ods,iub
1653835824739125975,INSERT,eangly,eiaw
1653835824739130983,INSERT,ahl,ontz
1653835824739142822,INSERT,uaks,auerr
1653835824739149460,INSERT,iup,aarts
1653835824739154431,INSERT,eaunts,oiak
1653835824739159280,INSERT,aix,ieurs
1653835824739163922,INSERT,iaongs,iouncy
1653835824739175615,INSERT,oasm,aall
1653835824739180930,INSERT,uind,ouns
1653835824739185749,INSERT,iesm,ouly
1653835824739190451,INSERT,early,ieusk
1653835824739195366,INSERT,aall,aufy
1653835824739207947,INSERT,aons,uinn
1653835824739214821,INSERT,eiak,eosly
1653835824739219843,INSERT,oics,oald
1653835824739224626,INSERT,ub,eaudy
1653835824739229467,INSERT,uiff,aops
1653835824739234610,INSERT,aesh,iouwn
1653835824739239764,INSERT,oelt,iock
1653835824739244721,INSERT,urry,oirr
1653835824739249502,INSERT,ins,ieft
1653835824739254230,INSERT,eaudy,ieks
1653835824739259127,INSERT,aued,aiarm
1653835824739264367,INSERT,auty,uith
1653835824739269114,INSERT,iesh,eorts
1653835824739273939,INSERT,ourst,ouncy
1653835825134088638,INSERT,eep,eght
1653835825134196051,INSERT,aoght,aeds
1653835825134211803,INSERT,uwn,iupp
1653835825134221636,INSERT,iurty,iisly
1653835825134230392,INSERT,uagy,irry
1653835825134239829,INSERT,aiofy,oepp
1653835825134248561,INSERT,uingly,iingly
1653835825134257975,INSERT,eits,aiog
1653835825134266088,INSERT,uienn,autt
1653835825134284565,INSERT,eauw,aall
1653835825134295916,INSERT,ioys,iiks
1653835825134304584,INSERT,iems,iuld
1653835825134313393,INSERT,iaoll,iach
1653835825134321324,INSERT,aans,uiesly
1653835825134341586,INSERT,iarty,ez
1653835825134353329,INSERT,arst,oebly
1653835825134362703,INSERT,aif,eaust
1653835825134372232,INSERT,its,uohl
1653835825134381112,INSERT,aing,uiss
1653835825134390025,INSERT,aiarm,aoy
1653835825134398913,INSERT,oucts,en
1653835825134408332,INSERT,eiapt,oews
1653835825134417242,INSERT,uts,uay
1653835825134425294,INSERT,aiold,ieunt
1653835825134432976,INSERT,eenn,auess
1653835825134442068,INSERT,iard,ult
1653835825134470062,INSERT,aahn,aents
1653835825134483247,INSERT,eans,oab
1653835825134491184,INSERT,ieuhl,euns
1653835825134500519,INSERT,eells,iount
1653835825134508961,INSERT,ourt,usm
1653835825134516991,INSERT,aurn,uann
1653835825134525751,INSERT,octs,oics
1653835825134534593,INSERT,iks,uest
1653835825134543300,INSERT,aenk,ourly
1653835825134552041,INSERT,ieul,aul
1653835825134571189,INSERT,uits,aongly
1653835825134581958,INSERT,uolt,iefy
1653835825134590891,INSERT,iesp,eody
1653835825134598638,INSERT,uolly,auehl
1653835825134606875,INSERT,eurly,eauwn
1653835825134615275,INSERT,aesk,euny
1653835825134623244,INSERT,uongly,aiasly
1653835825134631761,INSERT,aid,uof
1653835825134657413,INSERT,iouck,iet
1653835825134666605,INSERT,aiod,oots
1653835825134675661,INSERT,iufy,eaugy
1653835825134684235,INSERT,eus,iuw
1653835825134693397,INSERT,uof,omp
1653835825134716161,INSERT,oiarst,iitch
1653835825430231769,INSERT,aontly,uieck
1653835825430421425,INSERT,oink,aef
1653835825430443623,INSERT,aacy,eaush
1653835825430454230,INSERT,earty,iaopp
1653835825430482244,INSERT,iatz,aiaws
1653835825430495017,INSERT,iett,ouns
1653835825430522289,INSERT,aosp,eaulls
1653835825430532120,INSERT,ieusm,euty
1653835825430543731,INSERT,uerds,oinds
1653835825430588664,INSERT,ucks,aingly
1653835825430625532,INSERT,iick,oimp
1653835825430661004,INSERT,uills,uom
1653835825430676006,INSERT,oidy,eik
1653835825430714879,INSERT,ioff,ior
1653835825430724511,INSERT,itt,aings
1653835825430733362,INSERT,aueght,iump
1653835825430742876,INSERT,any,eics
1653835825430753078,INSERT,iould,uack
1653835825430762109,INSERT,airs,urm
1653835825430771104,INSERT,ands,et
1653835825430780795,INSERT,iann,ooms
1653835825430789662,INSERT,iaw,ost
1653835825430798751,INSERT,upp,aiary
1653835825430807280,INSERT,eaurd,aiys
1653835825430815906,INSERT,iourf,ouds
1653835825430824992,INSERT,aueps,eands
1653835825430857927,INSERT,ieuhn,eolt
1653835825430868885,INSERT,urds,oaf
1653835825430877537,INSERT,aurf,aoms
1653835825430886689,INSERT,iaz,uierg
1653835825430895361,INSERT,uix,oangs
1653835825430903778,INSERT,iocks,eiad
1653835825430913322,INSERT,uecs,eoks
1653835825430922878,INSERT,oehn,aiadly
1653835825430931566,INSERT,ept,uafy
1653835825430939841,INSERT,eiantz,oims
1653835825430964228,INSERT,aiasch,eit
1653835825430975581,INSERT,urn,iots
1653835825430983937,INSERT,aing,aig
1653835825430991971,INSERT,eary,uieg
1653835825431000835,INSERT,urst,aock
1653835825431028187,INSERT,ointz,euth
1653835825431039944,INSERT,aash,ony
1653835825431048414,INSERT,oosp,eegs
1653835825431057411,INSERT,iaorf,eult
1653835825431105668,INSERT,auesk,ings
1653835825431114741,INSERT,ist,uely
1653835825431123742,INSERT,oix,uedly
1653835825431165061,INSERT,iousm,ierm
1653835825431202144,INSERT,aued,auys
