1655698417257471641 0
1655698418258689491 0
1655698419260051199 0
1655698420261338112 0
1655698421262507038 0
1655698422263679482 0
1655698423264844313 0
1655698424265313705 0
1655698425266474850 0
1655698426267636822 23
1655698427268329592 67
1655698428269503479 68
1655698429270817424 68
1655698430272002510 68
1655698431272310124 67
1655698432273651866 69
1655698433274776469 67
1655698434276347760 69
1655698435277524800 68
1655698436278294926 66
1655698437279461578 68
1655698438280316280 69
1655698439281309984 70
1655698440282465861 68
1655698441283836748 69
1655698442285164059 67
1655698443286449787 66
1655698444287319958 69
1655698445288567894 69
1655698446290198383 69
1655698447291458777 67
1655698448293016393 66
1655698449294303102 70
1655698450295575507 68
1655698451296907761 68
1655698452298052239 69
1655698453299208168 66
1655698454299959335 68
1655698455300623173 70
1655698456301310149 67
1655698457302460029 68
1655698458303717950 66
1655698459305417569 69
1655698460306609515 69
1655698461307752016 70
1655698462308310807 65
1655698463309333486 68
1655698464310585552 66
1655698465312732026 70
1655698466313301157 70
1655698467314313229 66
1655698468315310389 64
1655698469316645071 68
1655698470317974905 70
1655698471319140612 69
1655698472320484596 66
1655698473321311910 70
1655698474322540580 68
1655698475323858175 66
1655698476325032620 67
1655698477326184675 70
1655698478327331853 68
1655698479328381629 67
1655698480329902928 70
1655698481331178939 65
1655698482332311602 69
1655698483333464351 67
1655698484335153270 67
1655698485336314280 70
1655698486337459112 66
1655698487338866182 69
1655698488340166825 70
1655698489341318810 66
1655698490342449115 69
1655698491343763458 66
1655698492345067919 70
1655698493345344899 68
1655698494346482257 68
1655698495347296844 64
1655698496348325239 68
1655698497349469334 70
1655698498350639976 69
1655698499352121889 67
1655698500353382593 65
1655698501354456464 70
1655698502355310492 66
1655698503357095094 69
1655698504358404325 66
1655698505359657618 65
1655698506360819370 70
1655698507362164196 70
1655698508363457946 70
1655698509364363675 67
1655698510365513239 66
1655698511366695864 64
1655698512367742000 69
1655698513369032616 70
1655698514370538491 70
1655698515371367891 67
