1655669143049395166 0
1655669144050571844 0
1655669145051728493 0
1655669146052874679 0
1655669147054019793 0
1655669148055172087 0
1655669149055384754 0
1655669150056517123 0
1655669151057662128 0
1655669152058783604 0
1655669153059904858 60
1655669154061371120 96
1655669155062486649 91
1655669156063740077 99
1655669157064892026 95
1655669158066299618 97
1655669159067503569 96
1655669160068749115 95
1655669161070053112 100
1655669162071462714 96
1655669163072632735 99
1655669164073544684 96
1655669165074311095 95
1655669166075581435 96
1655669167076758200 100
1655669168077334247 99
1655669169078603222 92
1655669170079215852 99
1655669171080344327 94
1655669172081316836 92
1655669173082467697 98
1655669174083667705 99
1655669175084302187 99
1655669176085721651 92
1655669177086310467 97
1655669178087334573 98
1655669179088304862 97
1655669180089288721 96
1655669181090319204 97
1655669182091301085 98
1655669183092803448 96
1655669184094453807 96
1655669185095582190 100
1655669186096792824 94
1655669187097298622 97
1655669188099087418 94
1655669189100308452 100
1655669190101615845 95
1655669191102891149 96
1655669192104169575 99
1655669193105476829 97
1655669194107215815 98
1655669195108454352 97
1655669196109812858 95
1655669197110942870 95
1655669198111560601 95
1655669199112693366 100
1655669200114004354 100
1655669201114301707 97
1655669202115511155 90
1655669203116300835 98
1655669204117532640 97
1655669205118296338 99
1655669206119410620 94
1655669207120546177 96
1655669208121808015 93
1655669209123047894 100
1655669210124302914 95
1655669211125618426 99
1655669212126907235 100
1655669213127993376 95
1655669214128308996 93
1655669215129471122 98
1655669216130800385 100
1655669217132137826 95
1655669218132305515 95
1655669219134370256 94
1655669220135533721 100
1655669221136980370 97
1655669222137315329 89
1655669223138672223 100
1655669224139290635 100
1655669225140431878 90
1655669226141588184 99
1655669227142848010 98
1655669228143306946 99
1655669229144295739 93
1655669230145339462 96
1655669231146326910 97
1655669232147458971 96
1655669233148903943 100
1655669234150107056 97
1655669235151305207 98
1655669236152302635 90
1655669237153452530 100
1655669238154386869 98
1655669239155505352 94
1655669240156651882 99
1655669241157309103 98
