1655693364563408042 0
1655693365564398153 0
1655693366564779696 0
1655693367566066133 0
1655693368567291645 0
1655693369568582198 0
1655693370569782686 0
1655693371570969881 0
1655693372572289884 0
1655693373573751931 32
1655693374575224417 113
1655693375576719496 142
1655693376577373805 144
1655693377578312456 143
1655693378579752455 145
1655693379581340361 148
1655693380582332491 141
1655693381583330926 148
1655693382584626756 146
1655693383585973202 141
1655693384587293316 144
1655693385588440516 143
1655693386589975863 149
1655693387591284225 140
1655693388592311508 148
1655693389593346893 142
1655693390595007761 142
1655693391596451270 147
1655693392597320965 147
1655693393598467148 138
1655693394599305933 149
1655693395600591908 143
1655693396601892008 143
1655693397602322105 146
1655693398603309947 139
1655693399604456078 148
1655693400605744649 148
1655693401606976663 139
1655693402608432942 142
1655693403609739671 146
1655693404611008328 145
1655693405612307307 142
1655693406613300012 140
1655693407614303785 144
1655693408615318885 137
1655693409616324654 149
1655693410617768139 143
1655693411619010470 141
1655693412620290752 145
1655693413621565077 135
1655693414622881350 147
1655693415624102973 140
1655693416625366896 146
1655693417627117009 146
1655693418628342946 140
1655693419629286000 146
1655693420630435705 141
1655693421631346306 145
1655693422632459852 141
1655693423633303708 144
1655693424634314834 149
1655693425635334474 140
1655693426636863433 145
1655693427637327944 146
1655693428638489264 142
1655693429639647985 148
1655693430640892316 144
1655693431641327632 146
1655693432642295197 145
1655693433643538571 138
1655693434644317627 145
1655693435645557447 142
1655693436647048716 139
1655693437648408681 150
1655693438649305093 150
1655693439650519607 139
1655693440651785611 140
1655693441652312696 149
1655693442653304095 141
1655693443654529167 144
1655693444656151656 147
1655693445657313877 143
1655693446658710603 145
1655693447659927421 142
1655693448660309553 148
1655693449661320987 143
1655693450662626153 139
1655693451664360833 150
1655693452665931662 139
1655693453666406149 140
1655693454667638435 148
1655693455669634782 142
1655693456670306690 136
1655693457671469632 149
1655693458672331379 145
1655693459673322884 138
1655693460674372386 147
1655693461675316308 142
1655693462676721276 144
