1655693517183286714 0
1655693518184507595 0
1655693519185698306 0
1655693520186838588 0
1655693521188011050 0
1655693522189177250 0
1655693523189339046 0
1655693524190497902 0
1655693525191784337 2
1655693526192309419 47
1655693527193323908 62
1655693528194455635 99
1655693529195361040 87
1655693530196315079 94
1655693531197299076 104
1655693532198431037 92
1655693533199609335 94
1655693534200324302 93
1655693535201550724 109
1655693536202793675 96
1655693537203316017 90
1655693538204479562 108
1655693539205328538 93
1655693540206609639 94
1655693541208084904 93
1655693542209418459 89
1655693543210589877 90
1655693544211958962 91
1655693545213308822 102
1655693546214612963 79
1655693547215810439 63
1655693548216957209 67
1655693549217315774 105
1655693550218472429 113
1655693551219624338 108
1655693552220906982 94
1655693553221316658 109
1655693554222504043 103
1655693555223779270 112
1655693556225043628 94
1655693557225324374 111
1655693558226492822 98
1655693559227837122 107
1655693560229013004 102
1655693561230410064 96
1655693562231696544 98
1655693563233013831 104
1655693564234424470 89
1655693565235331611 81
1655693566236310126 94
1655693567237430407 105
1655693568238620024 98
1655693569239331220 93
1655693570240508763 118
1655693571241705914 97
1655693572243072711 98
1655693573244295751 84
1655693574245379333 95
1655693575246877448 116
1655693576248008155 86
1655693577249444475 107
1655693578250620023 100
1655693579251804126 94
1655693580253065171 95
1655693581254300830 90
1655693582255322967 103
1655693583256312044 92
1655693584257334267 103
1655693585258849221 96
1655693586260120552 109
1655693587261479482 104
1655693588263202983 93
1655693589264502129 104
1655693590265726522 105
1655693591266904798 98
1655693592268091725 92
1655693593269305228 107
1655693594270301357 98
1655693595271310894 114
1655693596272452557 90
1655693597273316726 104
1655693598274343309 98
1655693599275673114 91
1655693600276289189 106
1655693601277314195 112
1655693602278565915 83
1655693603279750965 86
1655693604281117318 100
1655693605282305797 96
1655693606283306056 96
1655693607284320779 96
1655693608285348855 100
1655693609286326511 98
1655693610287615248 107
1655693611288588495 74
1655693612290347395 82
1655693613291330630 107
1655693614292361982 93
1655693615293527187 99
