1655668684269877487 0
1655668685271061723 0
1655668686272232727 0
1655668687273449532 0
1655668688274636629 0
1655668689275347778 0
1655668690276529127 0
1655668691277716349 0
1655668692278881781 0
1655668693280051703 4
1655668694281294103 36
1655668695282664233 40
1655668696283839043 40
1655668697284317102 38
1655668698285510386 35
1655668699286310708 40
1655668700287493804 40
1655668701288838152 39
1655668702289329316 38
1655668703290516725 38
1655668704291799662 40
1655668705293091739 38
1655668706293317652 39
1655668707294766489 40
1655668708295922683 40
1655668709297172892 38
1655668710298482990 38
1655668711299147152 40
1655668712300294707 39
1655668713301341861 39
1655668714302981815 39
1655668715303311690 40
1655668716304316603 39
1655668717305458885 37
1655668718306637172 39
1655668719307781835 40
1655668720309090024 40
1655668721310310412 40
1655668722311400663 38
1655668723312550760 35
1655668724313668496 40
1655668725314313987 39
1655668726315312021 40
1655668727316453310 40
1655668728317618849 36
1655668729318322009 38
1655668730319468717 40
1655668731320663079 39
1655668732322333584 40
1655668733323463190 37
1655668734324619363 39
1655668735325313666 40
1655668736326646518 37
1655668737327843905 40
1655668738329005349 40
1655668739330294511 40
1655668740331298028 38
1655668741331509907 39
1655668742332313239 36
1655668743333415893 40
1655668744334639516 39
1655668745335878689 40
1655668746336334864 40
1655668747337473834 40
1655668748338724743 38
1655668749340439782 38
1655668750341305310 39
1655668751342455313 38
1655668752343321645 39
1655668753344483602 40
1655668754345628333 40
1655668755346762212 38
1655668756347901072 40
1655668757348289181 38
1655668758349315842 37
1655668759350476657 40
1655668760351647130 40
1655668761352306020 40
1655668762353292632 39
1655668763354436504 38
1655668764355285391 39
1655668765356402718 38
1655668766357554991 38
1655668767358694800 40
1655668768359950707 40
1655668769361193804 40
1655668770362324937 40
1655668771363563924 37
1655668772364380980 35
1655668773365318446 40
1655668774366474729 40
1655668775367743977 40
1655668776368691670 40
1655668777369856345 40
1655668778370299557 38
1655668779371340231 35
1655668780372362620 40
1655668781372555680 39
1655668782373742398 40
