1655670067580470546 82132159
1655670067790770424 9560959
1655670067994380293 3111112
1655670068198028072 3104481
1655670068401596675 3126632
1655670068605156202 3222314
1655670068808752643 3139380
1655670069012163652 3058192
1655670069215581232 3089088
1655670069419189424 3257420
1655670069622527682 3042683
1655670069827012848 4128402
1655670070030393457 3054117
1655670070233657223 2971277
1655670070437091111 3136727
1655670070640197031 2808835
1655670070843465909 2929883
1655670071047269740 3343725
1655670071251070643 3469126
1655670071454663064 3300413
1655670071658008861 3061360
1655670071862656407 4284561
1655670072067208382 4189663
1655670072271834898 4287443
1655670072477379022 5424845
1655670072682720771 5015475
1655670072888504202 4913479
1655670073093178177 4178530
1655670073297604959 3805260
1655670073501408376 3480155
1655670073705439107 3724246
1655670073909618417 3633441
1655670074113459298 3499372
1655670074317559879 3780530
1655670074522207576 4279889
1655670074726528401 4103259
1655670074931042629 4179860
1655670075135664137 4459779
1655670075340935863 3857674
1655670075545291722 4034539
1655670075749358064 3382898
1655670075953334270 3372375
1655670076157515909 3654742
1655670076361471837 3481255
1655670076566339821 4530982
1655670076770521224 3529109
1655670076974424182 3282426
1655670077178744340 3346917
1655670077382983126 3210246
1655670077586977455 3580737
1655670077791348173 3919064
1655670077995996142 4020846
1655670078200520486 3706697
1655670078405198359 4230608
1655670078610453791 3867638
1655670078815391116 4488514
1655670079019600709 3106569
1655670079223982190 3631870
1655670079429064432 3909270
1655670079633592520 4176592
1655670079838425604 3639700
1655670080043021266 3667523
1655670080246723701 3205179
1655670080451496423 3655378
1655670080656793649 4938873
1655670080860531373 3189864
1655670081064982328 3872795
1655670081273337208 7116336
1655670081478682244 4887008
1655670081683777677 4815888
1655670081888286417 4339810
1655670082092183604 3194129
1655670082296333386 3700262
1655670082500309061 3610188
1655670082704494147 3973396
1655670082908577114 3739353
1655670083113028310 4061660
1655670083317385946 4005166
1655670083522339770 4337487
1655670083726556581 3731076
1655670083931182470 4262467
1655670084135357414 3836262
1655670084339714429 3916025
1655670084544438254 4245231
1655670084748956936 4122657
1655670084953818214 4485070
1655670085158641946 4444087
1655670085363650128 4090256
1655670085568366544 4272591
1655670085773394561 4104617
1655670085979300410 5034538
1655670086183347469 3364543
1655670086387472001 3788052
1655670086592096556 4110654
1655670086797060459 4616751
1655670087001745217 3770677
1655670087206623647 3642417
1655670087411502438 3683649
1655670087615483622 3524243
1655670087820111152 3501371
1655670088024275403 3294834
1655670088228164034 3174334
1655670088432239277 3720000
1655670088636413619 3397087
1655670088840667974 3918766
1655670089045492912 3650600
1655670089249444478 3452221
1655670089453589668 3603953
1655670089657514988 3502255
1655670089862286464 4349022
1655670090066145693 3157815
1655670090270504020 4016966
1655670090474800433 3806984
1655670090678450683 3322659
1655670090883541968 3744250
1655670091087620844 3718599
1655670091291817937 3764185
1655670091496384915 4096932
1655670091701399979 3444126
1655670091905484825 3724370
1655670092109297922 3356428
1655670092313390624 3409280
1655670092517078533 3259307
1655670092722182455 4642740
1655670092927095003 4597638
1655670093131426704 3438772
1655670093335471817 3538386
1655670093539338750 3544477
1655670093743544326 3869083
1655670093947628738 3694863
1655670094152470194 4379716
1655670094356617917 3809639
1655670094560770582 3696136
1655670094764968660 3856862
1655670094971713207 6429036
1655670095178628717 6566074
1655670095383426414 4370189
1655670095588511902 4548602
1655670095792733249 3876353
1655670095996810823 3714742
1655670096201170018 3962709
1655670096406142217 4628490
1655670096610277520 3813207
1655670096814515853 3889647
1655670097019293925 4383897
1655670097223563847 3914876
1655670097427771385 3822081
1655670097632071410 3931967
1655670097836777532 4388073
1655670098041618732 4507084
1655670098246624373 3907034
1655670098450780457 3690512
1655670098654963169 3834468
1655670098859526284 4231939
1655670099064543096 4691501
1655670099268723945 3775185
1655670099472999227 3928894
1655670099677204746 3686215
1655670099882176280 4652323
1655670100086795878 4286328
1655670100292100885 4973706
1655670100496360539 3913235
1655670100700927872 3944023
1655670100905480792 3469660
1655670101110089370 4093349
1655670101314348792 3426032
1655670101518439613 3632391
1655670101722411659 3614117
1655670101926622285 3874491
1655670102131409839 3585174
1655670102335759662 3979352
1655670102540342601 4260320
1655670102744628231 3805495
1655670102949233492 4244994
1655670103153254666 3307807
1655670103357444695 3465587
1655670103561321284 3530892
1655670103765535055 3896744
1655670103969782711 3782364
1655670104174438282 3463591
1655670104379051908 4048010
1655670104583732994 3720444
1655670104787536510 3148259
1655670104991466606 3603428
1655670105195673196 3679638
1655670105400364333 4364059
1655670105604825389 3245642
1655670105808613685 3348862
1655670106013502194 4489147
1655670106217583222 3744700
1655670106422307815 4155185
1655670106626026063 3546003
1655670106830518709 4073506
1655670107034692711 3843139
1655670107239645374 3655789
1655670107445315858 4295885
1655670107650023333 3739071
1655670107854080664 3704679
1655670108058438888 3110582
1655670108262423786 3657405
1655670108466839015 3936616
1655670108672634358 4690977
1655670108879114817 4052136
1655670109082681696 3346262
1655670109286768758 3595838
1655670109491234255 4278004
1655670109695941829 4365419
1655670109900404998 3418581
1655670110104405040 3704575
1655670110308119157 3406883
1655670110512368104 3893817
1655670110716413044 3701268
1655670110920504284 3504355
1655670111124545657 3126061
1655670111328952732 3340150
1655670111533288406 3879625
1655670111737324501 3507799
1655670111941006486 3256112
1655670112145197755 3203415
1655670112349981989 3561211
1655670112554645017 3659441
1655670112758803285 3305651
1655670112963008502 3452026
1655670113166769051 3223024
1655670113371176280 4058204
1655670113575285057 3793795
1655670113779588804 3991969
1655670113984139539 4195455
1655670114188146977 3688431
1655670114392354620 3719557
1655670114596438697 3758707
1655670114800753589 3824648
1655670115004768774 3672398
1655670115208846048 3686045
1655670115413246530 4030363
1655670115617263322 3698118
1655670115821685381 3940453
1655670116025628961 3624018
1655670116229985405 4006710
1655670116434105476 3779427
1655670116638442621 4027687
1655670116842680470 3881651
1655670117047289837 4189653
1655670117252773983 5123386
1655670117457030072 3889722
1655670117661185345 3789037
1655670117865378984 3675311
1655670118070798602 5086091
1655670118276213347 5055995
1655670118483629116 7109926
1655670118688510911 4221829
1655670118892689809 3753213
1655670119097478556 4355829
1655670119302365173 4543576
1655670119507438974 4497381
1655670119712504505 4038957
1655670119918356717 4730975
1655670120124559929 4456314
1655670120329061733 4156137
1655670120533344193 3935222
1655670120738135659 3655995
1655670120941613860 3010239
1655670121146226323 4111709
1655670121350366945 3615622
1655670121554508089 3103832
1655670121758841978 3910418
1655670121963757882 3777702
1655670122171141178 6440037
1655670122376431696 4466662
1655670122580967324 4017503
1655670122786121643 4746756
1655670122990570272 3490825
1655670123196579568 5391151
1655670123400505033 3509597
1655670123604822973 3969959
1655670123809204723 3240022
1655670124013027687 3471382
1655670124216851934 3505804
1655670124421193979 3968332
1655670124625199923 3212018
1655670124829553219 4023073
1655670125034168526 4226501
1655670125238653419 4144447
1655670125443146369 4058752
1655670125647676934 3680286
1655670125851432590 3393556
1655670126055522558 3591697
1655670126259996580 4144882
1655670126464318427 3330048
1655670126668169307 3499125
1655670126872691915 4166585
1655670127077370520 4411511
1655670127281602284 3792263
1655670127486103448 3408222
1655670127690440669 3435425
1655670127894191751 3255147
1655670128098494880 3494664
1655670128303121802 3697606
1655670128506471486 3012519
1655670128710585200 3524560
1655670128914960965 3945257
1655670129119297059 3313050
1655670129323240949 3472570
1655670129527357557 3198981
1655670129731520797 3540226
1655670129935535101 3691579
1655670130141450715 5559755
1655670130345703217 3930429
1655670130549731224 3611934
1655670130753824747 3589983
1655670130957971252 3805160
1655670131162848123 4534111
1655670131367788458 4492197
1655670131572979709 4204113
1655670131778697067 4742577
1655670131983320076 4269671
1655670132191224913 6266622
1655670132395576586 3585734
1655670132600163847 4171495
1655670132805104037 3735892
1655670133010223983 3793802
1655670133217629866 6695702
1655670133423538205 3537494
1655670133628131988 4234291
1655670133832865950 4295934
1655670134037366448 3366288
1655670134241365159 3361933
1655670134445430925 3539083
1655670134649703116 3729368
1655670134854525096 3592131
1655670135059462486 4523570
1655670135264375291 3926703
1655670135468966922 3982452
1655670135676143798 5201164
1655670135880786463 3576869
1655670136086029811 3826705
1655670136289684845 3324070
1655670136493628484 3617157
1655670136698274777 3798703
1655670136902132361 3501651
1655670137106222327 3734125
1655670137310532270 3847773
1655670137514987509 3989624
1655670137719407884 3418677
1655670137923481285 3713528
1655670138128317323 4479183
1655670138332404119 3414119
1655670138536397965 3412073
1655670138740683335 3919142
1655670138945432162 3441472
1655670139149993027 3990856
1655670139354264114 3264785
1655670139558638303 3659284
1655670139762401463 3443292
1655670139967025043 4300229
1655670140171507758 4149226
1655670140375739743 3682294
1655670140580363933 3401290
1655670140785390127 4477140
1655670140989317524 3474108
1655670141193150836 3464802
1655670141397005672 3481388
1655670141601241576 3790121
1655670141805798619 4090923
1655670142010309245 3323451
1655670142214373269 3894208
1655670142419800126 3869591
1655670142624553339 4425637
1655670142829182870 4205672
1655670143033922651 3937811
1655670143237558329 3100777
1655670143441980011 4018189
1655670143646215354 3414561
1655670143850335483 3590484
1655670144054684013 3684315
1655670144259168508 4038629
1655670144463241653 3238465
1655670144667507689 3564221
1655670144871682894 3511251
1655670145075935723 3969124
1655670145280649360 4374928
1655670145485358854 4164873
1655670145689636598 3821386
1655670145894686522 4564407
1655670146099279325 4088005
1655670146303568018 4022834
1655670146507981017 4077942
1655670146712649343 4251065
1655670146917631199 4638658
1655670147121798241 3853250
1655670147326748514 4593108
1655670147531732868 4531811
1655670147736234505 3986080
1655670147940381899 3832668
1655670148145191121 4260728
1655670148349660522 3929523
1655670148554630429 4560986
1655670148759109380 4020891
1655670148963722896 4154508
1655670149171452304 7296332
1655670149377576637 4378146
1655670149581545547 3602801
1655670149786147444 4067389
1655670149990523259 4017190
1655670150195271827 3879763
1655670150399588441 3991660
1655670150604276418 4350621
1655670150808393938 3765565
1655670151012664830 3683136
1655670151216747292 3762501
1655670151421175633 4106545
1655670151625293743 3585244
1655670151830020813 4079450
1655670152034229219 3800164
1655670152238581219 3985967
1655670152442972785 3981947
1655670152647048814 3616755
1655670152850951671 3583495
1655670153055643026 4297471
1655670153259849396 3893046
1655670153463888142 3713876
1655670153668106051 3711038
1655670153872791415 4354818
1655670154076797622 3816718
1655670154281705222 4433925
1655670154486743583 4451453
1655670154691379412 4162336
1655670154895753034 4027007
1655670155099845960 3822196
1655670155305255984 4885983
1655670155509770345 4149684
1655670155713819827 3713542
1655670155917830523 3653960
1655670156122447401 4248275
1655670156327428983 4466613
1655670156531991173 4128206
1655670156737209561 4889890
1655670156942355815 4108974
1655670157146660184 3963391
1655670157350695118 3698593
