1655693831484645593 169177389
1655693831694783234 4409676
1655693831900680644 5727745
1655693832104215393 3243549
1655693832309933665 4974753
1655693832516919344 5997782
1655693832722652434 3567660
1655693832928816549 3895719
1655693833134747776 5429932
1655693833339637992 4660078
1655693833545248817 4707169
1655693833750842693 5275536
1655693833957258302 6083903
1655693834163795752 4995779
1655693834372612047 8488604
1655693834579943225 6454351
1655693834786047643 5183098
1655693834991150355 4784759
1655693835197314386 5091917
1655693835403167409 5058433
1655693835608699652 4751389
1655693835814576354 4714029
1655693836020784380 4777236
1655693836226699679 4738608
1655693836433466696 6521431
1655693836638186997 4266210
1655693836843470279 4298945
1655693837048402373 3930798
1655693837253284352 4556438
1655693837458473414 4054893
1655693837663080174 4290740
1655693837868300796 4364122
1655693838079325657 9360543
1655693838284252666 4589614
1655693838489682530 5108615
1655693838697419350 6655945
1655693838902151009 3601417
1655693839105953943 3489722
1655693839309431803 3178882
1655693839513144571 3287690
1655693839717491044 3519974
1655693839921093622 3110978
1655693840125156413 3496123
1655693840329022826 3349385
1655693840533064612 3732863
1655693840737165884 3586747
1655693840941608604 3460835
1655693841146366998 3918587
1655693841350030706 3243143
1655693841553671245 3228550
1655693841757196256 3269719
1655693841960901317 3307857
1655693842164688665 3492026
1655693842369625302 4207506
1655693842574837516 4919197
1655693842778714282 3554661
1655693842982585962 3539946
1655693843188410107 4475408
1655693843392424939 3681489
1655693843598719167 5469851
1655693843808763327 8827724
1655693844016835350 6898315
1655693844224849479 6913535
1655693844432279239 6618077
1655693844638155096 5225172
1655693844842317529 3848727
1655693845049721038 4902320
1655693845254690616 4749210
1655693845459369137 4409703
1655693845663763805 3980258
1655693845868499569 4296419
1655693846073254441 3794824
1655693846277809257 4044200
1655693846482553516 4225542
1655693846686533284 3601671
1655693846890528855 3579032
1655693847094714988 3819325
1655693847299286442 3880432
1655693847503724417 4100185
1655693847707554999 3287479
1655693847911017327 3118337
1655693848116589007 4646258
1655693848322486815 5563916
1655693848528549080 5731724
1655693848733992883 4784552
1655693848956977440 13424999
1655693849162311426 4665774
1655693849368274157 5388107
1655693849580686193 8755469
1655693849786379853 5452464
1655693849993422793 6188346
1655693850200466266 6241766
1655693850409222843 6644263
1655693850615754262 5890514
1655693850825078965 7532057
1655693851030433507 4509184
1655693851235849911 5079042
1655693851441657677 5279543
1655693851646616900 4570876
1655693851851653405 4720032
1655693852056318099 4358235
1655693852261974487 5218659
1655693852470149412 7211752
1655693852678601739 7637280
1655693852888697744 9030972
1655693853093782622 4798786
1655693853298221368 4264537
1655693853503197132 4510654
1655693853708558472 3838476
1655693853913032773 3853016
1655693854116662417 3312452
1655693854320553224 3219723
1655693854524190603 3234237
1655693854728336823 3604043
1655693854932506526 3697857
1655693855136468895 3534217
1655693855341200440 4260667
1655693855545710696 3785215
1655693855751277191 4332084
1655693855957654319 5724245
1655693856166645113 7702265
1655693856374450408 7481848
1655693856585679498 7979482
1655693856793798885 6867875
1655693857000799345 5863919
1655693857206711961 4928068
1655693857412777408 5042799
1655693857620086870 6594911
1655693857824745684 4340390
1655693858029617194 4092077
1655693858233651291 3713608
1655693858438570516 4593429
1655693858642442329 3548905
1655693858846502794 3562890
1655693859052336901 5377642
1655693859256084405 3426840
1655693859460131879 3622937
1655693859663802327 3376769
1655693859868465005 3935489
1655693860072695573 3747667
1655693860276361515 3420533
1655693860480213878 3656126
1655693860684320531 3767742
1655693860888058766 3380464
1655693861092573625 4103811
1655693861296313584 3406711
1655693861500037014 3411907
1655693861706745852 6203327
1655693861913793900 4850757
1655693862122289370 7694005
1655693862329755442 6973996
1655693862534756644 4821758
1655693862738266892 3333488
1655693862942465922 3160159
1655693863146120530 3230992
1655693863350328193 3306642
1655693863553865589 3194866
1655693863757561916 3167496
1655693863961397289 3361920
1655693864165052392 3314324
1655693864370472180 4997681
1655693864575712139 4338194
1655693864779682482 3276160
1655693864983505972 3300893
1655693865187392933 3393292
1655693865391084062 3255327
1655693865594762323 3296498
1655693865798507244 3251097
1655693866002037150 3080597
1655693866205296656 2757584
1655693866412391114 6672713
1655693866619249919 5541070
1655693866834708465 8780710
1655693867046427241 9491207
1655693867256627377 5901522
1655693867467708256 7778402
1655693867679223626 8167953
1655693868911775049 1029824776
1655693869119279520 6497219
1655693869326441683 6768278
1655693869534659496 7826014
1655693869744165299 7705675
1655693869952492446 7923176
1655693870159093320 6286480
1655693870366106898 5894659
1655693870572260798 5834271
1655693870779473537 6898003
1655693870986844345 6932451
1655693871194386649 7073481
1655693871403754312 9017649
1655693871612899857 8783016
1655693871820315303 6769545
1655693872028221053 6862921
1655693872236560876 7625179
1655693872448348890 11395630
1655693872658702600 8937226
1655693872867425694 8469217
1655693873085704636 15755341
1655693873296699713 6985486
1655693873503362480 5163791
1655693873709414100 3231137
1655693873912461042 2634094
1655693874115854967 2920264
1655693874320278651 4072849
1655693874524157557 3423397
1655693874728675817 3665074
1655693874933443617 3495992
1655693875137549735 3618482
1655693875341770169 3848645
1655693875548420779 5164033
1655693875753008663 4068105
1655693875959518267 4728394
1655693876165136235 4413815
1655693876375663107 9455272
1655693876581057371 4474739
1655693876786470493 4512678
1655693876993002110 5645226
1655693877201572192 8112248
1655693877406245606 4296169
1655693877611401686 4839063
1655693877816482230 4781526
1655693878021550950 4760292
1655693878227499598 5302752
1655693878431601057 3748310
1655693878636506901 4586685
1655693878843154672 6224840
1655693879050283688 5328636
1655693879254412045 3807018
1655693879457817670 2999210
1655693879661606809 3267463
1655693879865046684 3118941
1655693880069849356 4376010
1655693880273748978 3222490
1655693880477340881 3262393
1655693880681421675 3733092
1655693880885238642 3379637
1655693881089282651 3532696
1655693881293126283 3437571
1655693881496806226 3256622
1655693881700513248 3348140
1655693881903940393 3082561
1655693882107741549 3389858
1655693882311308909 3214032
1655693882514897653 3279104
1655693882718394728 3036408
1655693882921596111 2905222
1655693883125257931 3338300
1655693883328543644 2900891
1655693883532136006 3294138
1655693883736251938 3807141
1655693883941545802 4365049
1655693884147068354 5135458
1655693884353650377 6237097
1655693884562457490 6510943
1655693884770491974 6564191
1655693884978215479 6353685
1655693885185614246 6650428
1655693885395815143 8390022
1655693885604062100 5089535
1655693885808804966 4321600
1655693886013736608 3547443
1655693886219426833 2964108
1655693886427177562 5017100
1655693886632722475 4928216
1655693886838429508 5261315
1655693887044783492 6046580
1655693887250819373 5676784
1655693887456718404 5538674
1655693887669002939 9353517
1655693887880346695 7383666
1655693888086204819 5448658
1655693888292409257 5223379
1655693888499148161 4904817
1655693888705760824 5106662
1655693888913033079 5225398
1655693889120483426 5220976
1655693889325696439 4473023
1655693889529797998 3432977
1655693889733302807 3133258
1655693889937191529 3113765
1655693890143768898 6223481
1655693890348273610 4167306
1655693890552449584 3697527
1655693890759588204 5217848
1655693890964008853 4059302
1655693891170469193 5510044
1655693891383212502 9117667
1655693891589550636 4228972
1655693891795025219 4322991
1655693892001421910 5489163
1655693892207476901 4745148
1655693892414687337 5324997
1655693892619433808 4473705
1655693892825124832 4827381
1655693893030433817 4980290
1655693893238312838 6925433
1655693893444685127 4178587
1655693893650322194 4931260
1655693893858452572 7623033
1655693894065081014 5135529
1655693894272859541 7467124
1655693894481941320 8744478
1655693894688129680 5692091
1655693894893480208 4538731
1655693895098605701 4809828
1655693895304459117 5546384
1655693895509759716 4969430
1655693895713544172 3323368
1655693895917423497 2997150
1655693896120838281 2994560
1655693896324371462 3174902
1655693896527934378 3081688
1655693896731396162 2956025
1655693896934720886 2975568
1655693897138180874 3132786
1655693897341617892 3014814
1655693897545088070 3173103
1655693897748970268 3337695
1655693897952512405 3131814
1655693898155825884 2982102
1655693898360226633 4072590
1655693898565481414 4752790
1655693898774698371 8781838
1655693898981410618 6444601
1655693899187025235 4386972
1655693899391242777 3833827
1655693899595798873 3983506
1655693899800113863 3860000
1655693900005031177 4441569
1655693900210246807 4205222
1655693900414402767 3807321
1655693900619631727 4681054
1655693900825562853 5574461
1655693901032126262 5503845
1655693901237408489 4638029
1655693901443454793 5376371
1655693901651669958 7401515
1655693901861715394 4669400
1655693902069451764 6165006
1655693902278107523 7155527
1655693902483664342 4704120
1655693902688153510 4208833
1655693902892420374 3957168
1655693903097658795 4370023
1655693903303068912 5107026
1655693903507496159 3973154
1655693903712543441 3922652
1655693903917263566 3838873
1655693904122144079 3851886
1655693904326758687 3647581
1655693904530959991 3757579
1655693904735933385 4002037
1655693904941321517 4506426
1655693905146264978 4117315
1655693905351503100 4281481
1655693905556481539 4022915
1655693905761237546 4328484
1655693905967374378 5118369
1655693906176152804 5354932
1655693906382093665 4169634
1655693906587014422 4289068
1655693906791628684 3932703
1655693906997087893 5119908
1655693907203301737 4811138
1655693907408757948 4728319
1655693907614349208 4601896
1655693907820298767 4633287
1655693908025021460 4061184
1655693908230388855 4955585
1655693908434490498 3769175
1655693908638978225 4034721
1655693908843591677 4145180
1655693909048138965 4187951
1655693909253224992 4055655
1655693909458168297 4226679
1655693909663138216 3936398
1655693909868470516 4493171
1655693910074725762 4932938
1655693910280125837 4693990
1655693910484799739 4007128
1655693910689882567 4640712
1655693910894792170 4578645
1655693911101112522 4827388
1655693911305736894 3951881
1655693911510431865 3709756
1655693911715201627 3686310
1655693911920104990 4449241
1655693912124805251 3833062
1655693912329574568 4458371
1655693912534351096 4430831
1655693912739371041 4701075
1655693912944200681 4496711
1655693913148861586 4346123
1655693913354016087 4117340
1655693913559694338 4680448
1655693913764900309 4244451
1655693913970353481 4402254
1655693914175228387 4255285
1655693914379854750 3878256
1655693914584902258 4625340
1655693914789574685 4061909
1655693914995540833 4929289
1655693915200570728 3945484
1655693915405782034 3949292
1655693915610726197 4212319
1655693915816494240 5055645
1655693916023327955 6521995
1655693916226809185 3162826
1655693916430702503 2946938
1655693916634276238 3303872
1655693916838719761 3768579
1655693917042894861 3905722
1655693917247570349 4362620
1655693917452799007 4238475
1655693917657469883 4219603
1655693917862320949 4499827
1655693918067832365 4321268
1655693918282083425 12133458
1655693918486568668 3363347
1655693918692155567 5207001
1655693918895461391 2801257
1655693919098819378 2887051
1655693919302243559 3097795
1655693919505641355 3063827
1655693919710442101 3646656
1655693919917487658 3688191
1655693920122439624 4494549
1655693920326909973 4093617
1655693920532211937 4993977
1655693920737489853 4045408
1655693920942040674 4211285
1655693921146600745 4252828
