1655671140184383284 172956347
1655671140398529102 13799256
1655671140603565311 3173996
1655671140872928189 69020584
1655671141081490481 8195381
1655671141288631227 4676263
1655671141492531084 3189227
1655671141697520959 4565624
1655671141901258454 3265116
1655671142105442518 3762572
1655671142309346310 3414242
1655671142513405939 3706064
1655671142718396232 4618011
1655671142922401940 3550098
1655671143127035359 4120527
1655671143331754478 4381305
1655671143537169424 4177998
1655671143741423557 3951154
1655671143947716823 5784571
1655671144153413487 4610707
1655671144358507858 4651777
1655671144564396944 4397614
1655671144770243794 5274670
1655671144977744182 6815205
1655671145184176557 4374617
1655671145389672293 4711036
1655671145594641133 4660057
1655671145800176144 5241843
1655671146006029550 5359432
1655671146212169011 5638188
1655671146416029571 3138150
1655671146619463604 2827754
1655671146823379883 3451994
1655671147027410751 3190124
1655671147230820778 2990974
1655671147434193148 3240711
1655671147637735704 3133807
1655671147841993307 3829403
1655671148045917562 3480437
1655671148250525225 3585084
1655671148454674271 3480810
1655671148659140313 3638519
1655671148863170894 3433372
1655671149067169574 3467520
1655671149272212387 4249253
1655671149476537711 3957980
1655671149680797342 3847135
1655671149885292190 3628756
1655671150089607836 3944909
1655671150294064644 4130661
1655671150498336329 3975422
1655671150702742845 4064637
1655671150907477771 4280627
1655671151111608518 3773432
1655671151315817895 3856724
1655671151520627110 3675377
1655671151725137584 3311064
1655671151929392363 3392401
1655671152133252801 3515247
1655671152338028004 3574800
1655671152541717236 3359697
1655671152746178343 3472969
1655671152950090355 3547383
1655671153153806771 3376346
1655671153357757404 3610485
1655671153562100366 3668983
1655671153765820275 3046045
1655671153971206481 4451413
1655671154178204192 6251992
1655671154388344785 9416126
1655671154599663408 9575094
1655671154808802992 7823085
1655671155014551878 4443946
1655671155221320707 6387030
1655671155431840204 10060331
1655671155643553572 7132748
1655671155851693603 4454439
1655671156061584209 7104478
1655671156268199128 5343391
1655671156474011090 5158421
1655671156681941763 5003142
1655671156887980163 5030465
1655671157096187033 7869811
1655671157301702820 4842065
1655671157508766043 6710925
1655671157717210552 7369811
1655671157924709130 6062239
1655671158134661780 6095676
1655671158343574978 8226429
1655671158550556322 5623539
1655671158757966678 6475643
1655671158967920555 5981878
1655671159176619428 6924229
1655671159385018560 8062855
1655671159590890804 5445821
1655671159796786686 4939786
1655671160005804015 7841602
1655671160211233199 4292603
1655671160416307628 4763992
1655671160621721969 5102609
1655671160825617940 3527202
1655671161032739693 4542690
1655671161236756802 3674931
1655671161441529750 3733641
1655671161645267970 3413015
1655671161849160607 3497536
1655671162052864328 3264808
1655671162256813101 3495611
1655671162460518361 3199300
1655671162664534323 3308474
1655671162868360986 3466639
1655671163074736727 4246145
1655671163279201698 4012472
1655671163484055831 3893542
1655671163687708470 3348359
1655671163890727330 2791218
1655671164096808452 5638019
1655671164308271603 9790409
1655671164519471401 8514058
1655671164730174194 9241358
1655671164942788849 10848928
1655671165150767233 6831672
1655671165360535199 8980577
1655671165568170005 6231275
1655671165777299259 8665346
1655671165985724480 7232001
1655671166193909193 7498139
1655671166398440790 4210181
1655671166605604664 3711907
1655671166809277368 3307278
1655671167013168234 3398360
1655671167217036147 3517288
1655671167420698452 3310161
1655671167624403879 3258287
1655671167828194709 3432759
1655671168031781471 3258144
1655671168235350568 3270624
1655671168439082745 3241528
1655671168644694058 4656090
1655671168848818831 3716483
1655671169053636536 4300010
1655671169257569864 3604108
1655671169461605454 3338068
1655671169665708299 3700872
1655671169869942306 3995979
1655671170073726749 3487086
1655671170278561695 4601689
1655671170483552776 4597343
1655671170688649622 4720643
1655671170894213630 4854747
1655671171099658145 4349369
1655671171304768654 4805501
1655671171509280182 4339865
1655671171713325658 3413714
1655671171917707325 3439292
1655671172121993140 3317195
1655671172325709858 3299508
1655671172529252628 3295618
1655671172732652237 2965505
1655671172935842582 2910716
1655671173140122009 3922540
1655671173344331478 3382648
1655671173549522371 4733305
1655671173754199253 4264179
1655671173958358289 3825139
1655671174163767118 5112866
1655671174367778395 3822626
1655671174573974973 6017254
1655671174778271273 3748503
1655671174981952847 3356914
1655671175185774920 3383996
1655671175389622569 3385373
1655671175593030516 3099791
1655671175796542099 3081518
1655671175999780137 2834376
1655671176210756743 8814384
1655671176414384619 3145191
1655671176617746229 3029248
1655671176820595996 2660116
1655671177023507129 2589789
1655671177227163581 3223353
1655671177432151385 4533473
1655671177638729227 4936167
1655671177844322691 5393955
1655671178052259541 6759878
1655671178259551079 6888867
1655671178468163407 8036361
1655671178676265968 7593923
1655671178883722454 7153291
1655671179090744008 6804609
1655671179299122933 7301438
1655671179507349051 7536019
1655671179713893948 6172986
1655671179920920833 5549254
1655671180127463992 6221630
1655671180333824032 6009937
1655671180567307842 27355063
1655671180772604018 4930647
1655671180978210008 5436127
1655671181185289416 4325841
1655671181389957275 3839500
1655671181595216685 4493204
1655671181801183099 4831244
1655671182007108463 4944506
1655671182211814884 4008513
1655671182416407213 4047750
1655671182621918734 4943615
1655671182827398234 4374015
1655671183032277194 3934555
1655671183236866091 4234578
1655671183441126398 3566889
1655671183645673378 3487844
1655671183850501476 4547299
1655671184055082946 4272213
1655671184262120630 4448038
1655671184468018385 3402462
1655671184674676916 5355033
1655671184882185187 5976612
1655671185089784460 4991429
1655671185296836555 5174878
1655671185503517931 5004328
1655671185710415653 5036677
1655671185917407121 4573363
1655671186124423185 5052162
1655671186331468675 5354132
1655671186537371613 3881629
1655671186742497191 4800657
1655671186947524755 3592660
1655671187153199505 5133933
1655671187360405725 6878043
1655671187565689388 4768091
1655671187773663986 6974426
1655671187980634069 5695674
1655671188187049182 5245959
1655671188392144434 4181703
1655671188597001664 4436949
1655671188802073785 4636054
1655671189006709422 4186777
1655671189211836480 4086145
1655671189416610946 4368777
1655671189621457817 4415370
1655671189827116251 4698836
1655671190032217584 4668585
1655671190237540690 4257052
1655671190442625463 4664213
1655671190647430518 4454791
1655671190853173093 5186653
1655671191058412029 3974391
1655671191264286406 4713278
1655671191471511314 5542681
1655671191676262033 3433290
1655671191881099317 4341866
1655671192085076045 3461577
1655671192289546007 3587927
1655671192494538515 4254567
1655671192700230280 4820669
1655671192908174213 7514798
1655671193112398515 3849354
1655671193316861077 3400207
1655671193521815767 4326601
1655671193726775219 4499946
1655671193931525239 3839472
1655671194136454021 3828914
1655671194341324771 3829082
1655671194546455280 4149411
1655671194752160140 5080851
1655671194956535655 3719904
1655671195161052689 4064635
1655671195365528851 4178825
1655671195569618477 3631573
1655671195773691224 3725168
1655671195978283901 4140562
1655671196182128219 3531929
1655671196386275297 3484555
1655671196590400382 3807246
1655671196794295339 3594664
1655671196998571445 3972615
1655671197205579006 6626260
1655671197409295741 3385130
1655671197615376497 5544066
1655671197822723385 4319276
1655671198030625749 6430065
1655671198236050653 5079613
1655671198443004789 5863111
1655671198649924311 6340998
1655671198855501721 5243739
1655671199062062025 5841409
1655671199268389494 5865234
1655671199474860717 6002694
1655671199681393152 6111824
1655671199887908088 6100227
1655671200094550080 6098113
1655671200300659057 5695080
1655671200507587177 6312392
1655671200715739595 7150307
1655671200924536318 8024946
1655671201129941213 4498093
1655671201337367998 6676775
1655671201543986350 5307965
1655671201751228707 4426341
1655671201958033015 5605164
1655671202164351766 5688686
1655671202370565537 5146096
1655671202576908828 5166333
1655671202781427464 3289044
1655671202986071798 4116966
1655671203194248406 7314064
1655671203401231641 6694412
1655671203609713000 7584889
1655671203819343725 7244216
1655671204026140213 5163228
1655671204232923596 5988028
1655671204437975177 4120221
1655671204646739331 8342325
1655671204851865325 4172166
1655671205060054996 7826981
1655671205267395744 6995421
1655671205477509939 9303006
1655671205685355901 7267898
1655671205891722895 5556201
1655671206098798219 5953861
1655671206305846682 5924157
1655671206513284643 6490157
1655671206718424656 4668637
1655671206924946773 5229245
1655671207133256256 7726795
1655671207339173786 5192809
1655671207547261955 7096615
1655671207756798938 7758646
1655671207966665137 7841232
1655671208176603895 4950884
1655671208382723492 4775338
1655671208589928338 4531011
1655671208796007155 5517943
1655671209003510962 7243525
1655671209210662763 5355160
1655671209417680787 5312775
1655671209625276200 7053468
1655671209833431571 5791096
1655671210040497540 6432621
1655671210249664352 7591408
1655671210461317049 10368753
1655671210674181998 11231461
1655671210882224850 6782833
1655671211089727703 5792941
1655671211301044110 5873463
1655671211509293001 6333858
1655671211716213564 4423506
1655671211922693543 5057265
1655671212129211515 5608124
1655671212338978698 5900996
1655671212545721805 5770707
1655671212752828489 5754736
1655671212959838554 6363396
1655671213165298091 4446728
1655671213374262872 8311555
1655671213582555262 7283976
1655671213789334956 5231713
1655671213996332050 4761331
1655671214204197036 6932255
1655671214412244307 6279040
1655671214620049820 5328716
1655671214827236981 4239003
1655671215034436706 5147254
1655671215240590516 5665882
1655671215448546154 6396937
1655671215654925166 4107242
1655671215861270003 5618451
1655671216075741804 13032079
1655671216280819579 4887444
1655671216507197843 19980166
1655671216716315789 6570575
1655671216921273067 4343775
1655671217127978535 5243161
1655671217333747055 4006252
1655671217538199263 3439682
1655671217744216088 3957497
1655671217948743090 3711432
1655671218152582865 3637904
1655671218358712953 5505229
1655671218567572887 7730389
1655671218775558863 6664748
1655671218986224888 10297458
1655671219198026040 10541021
1655671219409253805 9087544
1655671219618697159 8261564
1655671219827087091 7859985
1655671220034671541 7251829
1655671220245952156 10521007
1655671220452765902 4050296
1655671220657384128 4461404
1655671220862035719 3688137
1655671221067054269 4125042
1655671221271747033 4196985
1655671221476521665 3879276
1655671221682026472 5184560
1655671221889050424 6689129
1655671222094311057 4687658
1655671222299417723 4682681
1655671222504464736 4744557
1655671222709837015 4881789
1655671222914760796 4577720
1655671223120704800 5741712
1655671223325431457 4476126
1655671223531759155 5798130
1655671223736469864 4025973
1655671223940808522 4022828
1655671224146225062 4316744
1655671224351230886 4214330
1655671224556292595 4318193
1655671224761387948 4410874
1655671224965612892 3907425
1655671225170577211 4607715
1655671225374586480 3691919
1655671225578508821 3574211
1655671225782377736 3425641
1655671225986451505 3634505
1655671226190405215 3216200
1655671226393800628 3068780
1655671226597244868 3100482
1655671226800510086 2975283
1655671227003774548 2840147
1655671227206984719 3044895
1655671227410204128 2925793
1655671227613445626 2910504
1655671227817833394 4050267
1655671228023423563 4350179
1655671228228775087 4361690
1655671228435697421 6052835
1655671228643823346 7608810
1655671228849317250 5264957
1655671229054544661 4932242
1655671229259640454 4799334
1655671229465731577 5495459
1655671229674324696 8254964
1655671229880665284 5738073
