1655671295272770498 104348663
1655671295483556383 4228252
1655671295687035603 3099410
1655671295890487432 3098277
1655671296094234290 3274923
1655671296301005868 6092629
1655671296510127293 7824465
1655671296716575086 5783464
1655671296924397146 6106443
1655671297131550271 5398371
1655671297338623847 5127886
1655671297544786241 5495325
1655671297753548738 7230280
1655671297960689246 5845858
1655671298168468289 6540145
1655671298381608588 7230613
1655671298588559566 6628801
1655671298798741178 7291600
1655671299004491409 5226860
1655671299211538506 6319692
1655671299419266848 6841464
1655671299625794966 4857997
1655671299830605200 4651734
1655671300035594983 4671011
1655671300241737976 5358802
1655671300446221763 4284818
1655671300651434059 4488410
1655671300856111392 4253409
1655671301061739354 5162454
1655671301266561278 4622751
1655671301471773309 4781813
1655671301676899468 4793184
1655671301882918886 5594919
1655671302087160646 3582827
1655671302290490325 3028065
1655671302493708299 2878098
1655671302699345803 4533895
1655671302905602719 5653205
1655671303112420998 4748225
1655671303325187645 12353119
1655671303542675713 16743231
1655671303758704901 11764663
1655671303978742047 18802309
1655671304193533918 10668800
1655671304409410116 12324608
1655671304619097149 7161787
1655671304826439904 5576522
1655671305035751705 7968268
1655671305244496217 6408900
1655671305452851887 5646403
1655671305659645785 4999734
1655671305869498581 7566221
1655671306077591812 7371707
1655671306285549970 6881772
1655671306494787891 8535074
1655671306702557935 6602810
1655671306911059691 7701158
1655671307117507817 5772439
1655671307322660288 4231378
1655671307526944102 4007081
1655671307735618225 7682805
1655671307944197255 5847264
1655671308152534663 6595917
1655671308359580454 5436751
1655671308567407117 7454826
1655671308777187928 8369016
1655671308983705964 4004622
1655671309189118801 4406412
1655671309394899567 4933279
1655671309601242406 4309562
1655671309806653199 4723910
1655671310013678979 6733484
1655671310223725152 9275753
1655671310433121494 7660568
1655671310645973622 6015875
1655671310853667596 6863767
1655671311083986542 28028174
1655671311290363108 3864823
1655671311496045009 3109989
1655671311703483289 5548617
1655671311911281290 7485891
1655671312116686241 4992600
1655671312320035158 3049670
1655671312524588803 3477143
1655671312730586793 3297711
1655671312935150253 3689922
1655671313139789810 4341974
1655671313343293886 3352306
1655671313547151489 3530441
1655671313750768339 3181505
1655671313954754724 3503565
1655671314159117231 4174291
1655671314364757694 5289914
1655671314569982841 4751868
1655671314776494056 5809087
1655671314982346768 5429029
1655671315190356867 7542927
1655671315396475518 4510938
1655671315603078063 6155117
1655671315810813398 6201760
1655671316016853287 4907684
1655671316224796469 7431472
1655671316430395562 4600121
1655671316636004284 4091667
1655671316842258913 5282682
1655671317048827875 4970432
1655671317264226445 11011882
1655671317472082525 7510169
1655671317680104308 6944174
1655671317885691048 5033267
1655671318090767827 4826396
1655671318297605748 5392300
1655671318503498296 4710829
1655671318709247218 4874194
1655671318916112016 6487152
1655671319122114218 5161695
1655671319327589404 4841651
1655671319533611543 5550300
1655671319739544443 5010857
1655671319946535453 6562988
1655671320153060856 5516138
1655671320359362722 4566813
1655671320565491765 4745863
1655671320772135902 5198009
1655671320977860376 4923491
1655671321184548958 5564151
1655671321390834273 4874639
1655671321597195216 5243950
1655671321801802717 3862712
1655671322009283441 4349221
1655671322215213047 5566817
1655671322423593294 7252554
1655671322629574277 4937023
1655671322835343644 4653473
1655671323041478747 5617203
1655671323249950416 7005455
1655671323456554969 5612820
1655671323662607265 5237816
1655671323870382116 5409347
1655671324076787804 5837020
1655671324283574208 5638951
1655671324490732788 5075374
1655671324697616729 6290012
1655671324903609720 4915977
1655671325108641192 4333867
1655671325315579998 6620707
1655671325521109120 4500187
1655671325730198193 6260641
1655671325937412723 5437327
1655671326144537984 6054450
1655671326357410187 10808343
1655671326563446838 4506950
1655671326770628616 6661886
1655671326980837641 8895894
1655671327194504319 13110696
1655671327401611844 4341925
1655671327608739331 4653470
1655671327815690726 4911189
1655671328024067835 4598928
1655671328227921341 3534008
1655671328432361630 3636035
1655671328636127096 3171783
1655671328840457491 3842735
1655671329044268865 3335345
1655671329248443749 3012101
1655671329452035749 3208597
1655671329655837888 3558435
1655671329860106330 3404215
1655671330064291337 3222692
1655671330267984828 3366552
1655671330471774052 3214206
1655671330677024675 4236914
1655671330882235563 4521175
1655671331088654357 4728446
1655671331295152894 6159564
1655671331502621756 6339103
1655671331709995539 7046887
1655671331918197319 7202182
1655671332127768622 7054688
1655671332338663503 5721720
1655671332553037794 7069470
1655671332757017692 3676267
1655671332961201281 3239881
1655671333165266974 3303020
1655671333370016211 4063518
1655671333573949233 3282751
1655671333777769432 3491434
1655671333982455878 4144644
1655671334186370653 3404064
1655671334390231649 3401750
1655671334594356206 3388316
1655671334798474499 3276692
1655671335002141165 3330394
1655671335205789953 3132691
1655671335409278985 3328908
1655671335613187870 3510061
1655671335817308350 3345094
1655671336021092683 3309578
1655671336225056346 3556076
1655671336428808023 3275525
1655671336633282024 3249612
1655671336838105637 3962077
1655671337043028460 4313750
1655671337250059368 5487326
1655671337454153866 3768767
1655671337658319119 3375230
1655671337863155264 4344536
1655671338068679558 5212617
1655671338273017655 4070988
1655671338478987610 5527328
1655671338684420565 5072982
1655671338890480621 5478626
1655671339095283801 4511727
1655671339299329618 3738018
1655671339504227988 4480166
1655671339707596122 3046644
1655671339911208989 3034487
1655671340114404519 2884025
1655671340317540798 2800055
1655671340521286254 3059444
1655671340725069046 3307215
1655671340929623194 4126992
1655671341135072464 4215332
1655671341340183996 4241263
1655671341545666352 5142886
1655671341750307088 3894516
1655671341954192751 3229298
1655671342158361409 3802124
1655671342363449300 4757824
1655671342567610584 3330430
1655671342771461259 3524495
1655671342975320334 3563667
1655671343183663549 8129855
1655671343388799734 4824859
1655671343594469815 5143316
1655671343800063548 4085762
1655671344005625592 5217204
1655671344212207264 5864656
1655671344419108332 6560921
1655671344631706650 11180580
1655671344841278379 9058009
1655671345048821689 5877205
1655671345256497565 6949263
1655671345462461405 5040119
1655671345670257148 6829644
1655671345877139769 4404777
1655671346083243329 3750682
1655671346288716463 3804861
1655671346494519668 4712065
1655671346699341384 4420041
1655671346904692124 5040960
1655671347110229352 5080117
1655671347324720186 13738537
1655671347530146128 5171097
1655671347736966875 5328777
1655671347942583027 4622594
1655671348147055558 3895679
1655671348351942708 3993566
1655671348556518770 3994411
1655671348761041375 4126828
1655671348967216536 3406560
1655671349170991844 3063449
1655671349375629868 3991949
1655671349579272380 3235248
1655671349784259425 4419806
1655671349988838173 4024385
1655671350194215394 4728196
1655671350399580532 4346827
1655671350603699733 3743504
1655671350808698514 4506148
1655671351013382054 4437850
1655671351219428319 5757380
1655671351423267411 3044007
1655671351627036950 3103229
1655671351830269390 2817097
1655671352034283019 3711199
1655671352238444659 3509857
1655671352444924143 5999402
1655671352652804204 5852245
1655671352859811856 6385124
1655671353064639031 4096251
1655671353275460095 9791949
1655671353482386337 4442643
1655671353689516660 4500290
1655671353895461090 4837228
1655671354101919201 5991682
1655671354307427203 4481075
1655671354513749264 5237163
1655671354719275698 3443238
1655671354924681318 4724165
1655671355129521172 3811692
1655671355333802785 3963867
1655671355540715581 6533459
1655671355747364055 6284420
1655671355955724345 5893778
1655671356161810710 3862750
1655671356368512016 5460150
1655671356574985729 4932720
1655671356780979054 4937604
1655671356990376042 7588076
1655671357197817723 6428768
1655671357413806209 14033411
1655671357617131686 3136409
1655671357820643960 2859602
1655671358026985997 6030101
1655671358233609159 5381677
1655671358440742677 6570904
1655671358647431660 5806711
1655671358853704928 5766892
1655671359061353476 7060493
1655671359268675903 6867303
1655671359475834633 6005702
1655671359683110362 6657350
1655671359889671588 5543905
1655671360096668822 6540656
1655671360302423140 5243384
1655671360508917350 5972995
1655671360714458926 4332944
1655671360924112165 6134959
1655671361129408572 4667870
1655671361335511548 3953720
1655671361540385477 3985858
1655671361746176430 4367615
1655671361950720720 4238535
1655671362157043927 5129783
1655671362362659914 4697687
1655671362568500963 4532012
1655671362776309449 7211129
1655671362985785755 7411180
1655671363197569076 5817685
1655671363401539059 3603436
1655671363607331775 3696002
1655671363813138876 5203363
1655671364019771451 5739724
1655671364227507064 7122053
1655671364434365459 6454725
1655671364643022762 8250747
1655671364849698963 6233896
1655671365055185755 4599430
1655671365261006818 5372877
1655671365471658499 10295802
1655671365677140589 5204216
1655671365882582150 4365431
1655671366089201492 6016999
1655671366305186993 15240008
1655671366512444818 6932298
1655671366720811698 4150914
1655671366926174536 4707142
1655671367132734679 5257466
1655671367338728038 4876350
1655671367546426072 5139549
1655671367751494993 4566942
1655671367957641680 4711186
1655671368165747245 7752370
1655671368375737812 9796733
1655671368580981571 5036812
1655671368788863959 6903191
1655671368997699410 5229608
1655671369209148986 10111583
1655671369419985504 9804158
1655671369634168003 12994725
1655671369844693860 4749893
1655671370060772474 13836694
1655671370272527487 10560460
1655671370482603169 8607815
1655671370692525749 9580172
1655671370905347074 11378896
1655671371116274245 9304844
1655671371333165976 15211852
1655671371555796820 18824547
1655671371766650243 8511113
1655671371974075914 6835212
1655671372183467493 5380708
1655671372392172594 5553394
1655671372605653241 7702268
1655671372812419242 5609141
1655671373021255115 7251966
1655671373232777327 9267346
1655671373439133005 4193681
1655671373644128326 4071830
1655671373848922662 3976196
1655671374055004353 5034623
1655671374260015566 4311720
1655671374464723848 4221929
1655671374669496634 4199950
1655671374874191277 3666076
1655671375079681581 4943160
1655671375284846544 3989529
1655671375489898588 4422767
1655671375699230363 7171248
1655671375904168145 4630297
1655671376108782345 4190383
1655671376313768888 4633147
1655671376519430924 4446145
1655671376724298984 4368612
1655671376929507147 4540879
1655671377134383624 4402954
1655671377339644935 4925010
1655671377550188022 10192989
1655671377759720114 7804147
1655671377975405117 10942218
1655671378184849272 7913170
1655671378392567360 7480335
1655671378599444831 5502032
1655671378808191616 4782787
1655671379016532997 6811547
1655671379222362126 4433112
1655671379431916964 9257841
1655671379640561531 8144484
1655671379860717562 5349656
1655671380071905613 9728169
1655671380281603670 5874773
1655671380490296209 6221132
1655671380700094678 8244797
1655671380906103679 4758138
1655671381113349185 6627681
1655671381319842770 5874600
1655671381525745022 5588461
1655671381729208570 2948031
1655671381941845032 10131610
1655671382148561891 6393676
1655671382352653609 3796498
1655671382560678220 4316017
1655671382763781135 2846995
1655671382967176274 2971207
1655671383177600331 8660330
1655671383381444927 3000504
1655671383585385480 3445587
1655671383788653360 2749572
1655671383992053989 2873300
1655671384195158642 2633769
1655671384399263811 3685090
1655671384604397236 4221134
1655671384808967032 3496474
1655671385013567678 3778271
