1655670374400630179 90808463
1655670374604312938 3292127
1655670374807917099 3253565
1655670375011380526 3144587
1655670375215158164 3438688
1655670375418488557 2996099
1655670375621846871 3011178
1655670375825291896 2816714
1655670376028724457 2792257
1655670376232478125 3196557
1655670376435549921 2634852
1655670376638540111 2618284
1655670376841614820 2668549
1655670377045374655 3420656
1655670377250567989 4648665
1655670377456171359 4612926
1655670377661222478 3564458
1655670377865517642 3732925
1655670378077659419 10986739
1655670378281536041 3454518
1655670378485358181 3435334
1655670378690334416 3707652
1655670378894654997 3739410
1655670379098588287 3635627
1655670379303469889 4522957
1655670379509448006 5138014
1655670379714540982 4408066
1655670379919418597 4320550
1655670380124419402 4659848
1655670380329436242 4454291
1655670380534781768 4286753
1655670380739813440 4004768
1655670380945506103 4542439
1655670381150658583 4275490
1655670381354829030 3776627
1655670381561561788 6358634
1655670381766540715 4642496
1655670381972220664 4555154
1655670382177251402 4713204
1655670382382972475 4128306
1655670382589764175 3664707
1655670382794442385 4018018
1655670383000548377 5165006
1655670383207734343 5837438
1655670383413955472 4983895
1655670383617809146 3400141
1655670383822438316 4143708
1655670384027662888 4131463
1655670384232089120 4132775
1655670384436553724 3908579
1655670384640429864 3416335
1655670384844108714 3368800
1655670385048635133 3951004
1655670385252596492 3626300
1655670385456784674 3583898
1655670385661379165 3894973
1655670385866197644 4475726
1655670386070782249 3949105
1655670386274990173 3419099
1655670386478907980 3580771
1655670386682763269 3537830
1655670386886716801 3788253
1655670387090636099 3610023
1655670387295043413 4065613
1655670387500966698 5252845
1655670387705231326 3368473
1655670387909248390 3536104
1655670388113477390 3134737
1655670388317257846 3269602
1655670388521059761 3119457
1655670388725024529 3084824
1655670388929656004 3667980
1655670389133278364 3185106
1655670389337396633 3076650
1655670389541381229 3491801
1655670389745307618 3342912
1655670389949585458 3598470
1655670390153284481 3185101
1655670390357260108 3293395
1655670390561150393 3424136
1655670390765431849 3447061
1655670390969374089 3473680
1655670391173670751 3745411
1655670391378199802 4270935
1655670391586605887 8103117
1655670391795541422 7806599
1655670392005122193 9139043
1655670392212162753 6635117
1655670392419591693 6991424
1655670392627181396 6838613
1655670392833272386 4254918
1655670393037535575 3872992
1655670393241936190 4084452
1655670393447483889 5112108
1655670393652303563 4219177
1655670393855769834 3105066
1655670394060576884 4343315
1655670394264725972 3799986
1655670394470755660 5064375
1655670394675711883 4347442
1655670394881527378 5099162
1655670395087572337 5232377
1655670395293229615 5324808
1655670395498655486 5088056
1655670395704042155 5095001
1655670395910003996 4651411
1655670396116348733 6021913
1655670396322077863 4670480
1655670396527930617 4481057
1655670396732660495 4062378
1655670396938078875 4492955
1655670397143413717 4461616
1655670397348594301 4264480
1655670397553948328 4605207
1655670397758833308 4074955
1655670397964844355 4899957
1655670398169471017 4112166
1655670398374734818 4496643
1655670398580202717 4734101
1655670398785405706 4185600
1655670398991967282 5495930
1655670399197855956 4826436
1655670399403068251 4420246
1655670399608003695 4186673
1655670399813413077 4564986
1655670400018319297 3721771
1655670400223303925 3857838
1655670400428010726 3888002
1655670400632757557 3766871
1655670400837826060 3827922
1655670401042670824 4605373
1655670401249606872 5815324
1655670401455101895 5116520
1655670401660581319 3622219
1655670401864440585 3405351
1655670402068292264 3338915
1655670402272211371 3291656
1655670402477557182 5032509
1655670402681748971 3889292
1655670402885663920 3597258
1655670403089746675 3790651
1655670403293536920 3613071
1655670403498076758 4244125
1655670403703488108 4994238
1655670403907411023 3606914
1655670404110987896 3210926
1655670404315023080 3591774
1655670404519184511 3520787
1655670404723119613 3261229
1655670404927421286 3878378
1655670405131187169 3234676
1655670405335183365 3452155
1655670405539137752 3415982
1655670405742459170 2837490
1655670405946261400 3315246
1655670406149796593 3061910
1655670406353415031 3179151
1655670406557141386 3229951
1655670406760681712 3105608
1655670406964484982 3295148
1655670407168700769 3529527
1655670407374106437 4175694
1655670407579457078 4597120
1655670407783411612 3471193
1655670407987725693 3791262
1655670408191638903 3380185
1655670408395691774 3611726
1655670408600140043 3951346
1655670408807807473 6866061
1655670409012471599 3493650
1655670409216608630 3563691
1655670409420523889 3184901
1655670409624473087 3619842
1655670409828358443 3410474
1655670410033057648 4087048
1655670410237579357 3599282
1655670410441770280 3773161
1655670410646605294 4377663
1655670410851090204 3730822
1655670411055190794 3786029
1655670411260017957 4271151
1655670411464739213 4383885
1655670411669754088 3798056
1655670411875734530 5530495
1655670412080902077 4950087
1655670412286166964 4933014
1655670412491627153 4438462
1655670412697138058 5188336
1655670412902997957 5506198
1655670413108312293 4308080
1655670413314262957 5208744
1655670413519748528 5106834
1655670413726689736 6458630
1655670413931651764 4460847
1655670414137346110 4669156
1655670414343048691 4644027
1655670414548510658 4575487
1655670414753946206 4403099
1655670414961582064 6913719
1655670415166808549 4891891
1655670415372724808 4805882
1655670415577580796 4102994
1655670415785027721 6098017
1655670415990976750 5615379
1655670416196909547 5489560
1655670416402788305 5458255
1655670416608723627 5619349
1655670416816913924 7167144
1655670417022263580 5055435
1655670417232408416 7333550
1655670417438773035 4806704
1655670417644755722 4523975
1655670417850670444 4776233
1655670418056185195 5243919
1655670418261918034 5182125
1655670418468327530 5385068
1655670418673777731 4826590
1655670418881711764 4756305
1655670419088614886 5548999
1655670419294536294 5141274
1655670419499571511 4600550
1655670419708656948 5138564
1655670419915009711 4171418
1655670420120623545 4684924
1655670420326299894 4695918
1655670420532109320 4710326
1655670420737435601 5016725
1655670420942890368 5117305
1655670421148695282 4919587
1655670421354309900 5301357
1655670421559791265 4882094
1655670421767533768 7061399
1655670421976808938 6867592
1655670422182587303 5242706
1655670422390084650 6997379
1655670422597009640 4516369
1655670422803738188 5451286
1655670423009237687 4299218
1655670423217618915 6625751
1655670423423171662 4767738
1655670423628246682 4287889
1655670423833289934 4325342
1655670424039911541 6313828
1655670424247280868 6344311
1655670424453443670 4888138
1655670424658767164 4479155
1655670424864414836 5261493
1655670425069398166 4431169
1655670425275251741 4042359
1655670425479478061 3739364
1655670425684231647 3731056
1655670425889414614 4060293
1655670426093048499 3100037
1655670426297006025 3531746
1655670426500940875 3598161
1655670426705714470 3260171
1655670426910120637 3180860
1655670427114250544 3702081
1655670427319094795 3617274
1655670427523983979 3970457
1655670427728273828 3758330
1655670427933301674 4576277
1655670428137472359 3825894
1655670428341631693 3286627
1655670428545604697 3650058
1655670428749245921 3045754
1655670428953244164 3205885
1655670429156950573 3195102
1655670429360569884 3107462
1655670429564176832 3234174
1655670429767714321 3222341
1655670429971832086 3638250
1655670430176179826 3943092
1655670430380698729 4151424
1655670430584346292 3414950
1655670430788195945 3430916
1655670430992314918 3796831
1655670431196582915 3616419
1655670431400664098 3696679
1655670431604671919 3659183
1655670431812614940 6832761
1655670432016103310 3162163
1655670432220094390 3663833
1655670432423597428 2684718
1655670432627030514 2902923
1655670432830327603 2864787
1655670433035626897 4349882
1655670433239308859 3362270
1655670433442739332 3065439
1655670433645799381 2870582
1655670433849675025 3224705
1655670434054219966 4229560
1655670434257842290 3320092
1655670434462265850 3972853
1655670434666291609 3507316
1655670434875379110 5443450
1655670435080250411 3880939
1655670435285768623 4450323
1655670435490208255 3236036
1655670435695459420 4834821
1655670435899356355 3074285
1655670436102945432 3235809
1655670436308209939 4719271
1655670436511377302 2836757
1655670436714548038 2856257
1655670436917697951 2833924
1655670437120704414 2769601
1655670437324013859 2797421
1655670437527226368 2837914
1655670437730431325 2719337
1655670437934147437 3114795
1655670438140190290 5482002
1655670438346751469 4285815
1655670438552362194 4209973
1655670438759157709 4171098
1655670438964841873 4777434
1655670439170601333 4808889
1655670439376154488 4478765
1655670439581777670 4840795
1655670439788385974 5682964
1655670439993451719 3437735
1655670440198572467 3847933
1655670440404300454 4147156
1655670440610188010 5249710
1655670440815638572 4316788
1655670441020563348 4621422
1655670441226272848 4518836
1655670441433148171 6134808
1655670441638790809 5006970
1655670441844814847 5192554
1655670442050186825 5049401
1655670442255696330 5034896
1655670442460391596 4469961
1655670442665578749 4873283
1655670442870680349 4606861
1655670443075645454 4700678
1655670443281106317 5167421
1655670443488227572 3699920
1655670443694669963 5743607
1655670443898704741 3708973
1655670444104022432 4264449
1655670444309211190 4632996
1655670444514424578 4482986
1655670444720078942 3916917
1655670444925054916 4106501
1655670445129946023 3996288
1655670445334780284 4006367
1655670445539294191 3431585
1655670445745114439 4595127
1655670445949038106 3560884
1655670446153809493 4008029
1655670446359238907 3420296
1655670446564003811 4442384
1655670446769574961 4830482
1655670446978754658 7795803
1655670447184735121 5065215
1655670447389612141 3821006
1655670447595031238 3875527
1655670447801084163 4336698
1655670448005705160 4186092
1655670448210259112 4226216
1655670448415709672 5103229
1655670448622126942 6060782
1655670448827076307 4587064
1655670449032279393 4237345
1655670449237312671 4704181
1655670449442366191 4404458
1655670449646657761 3733740
1655670449851975917 4566873
1655670450057453182 4478553
1655670450262243575 4448271
1655670450467293709 4613226
1655670450673599452 5635555
1655670450878406969 4092848
1655670451083464305 4017127
1655670451289709551 4989168
1655670451494988277 4655175
1655670451700626624 4507555
1655670451908996284 7698710
1655670452113233504 3287987
1655670452317184907 3474675
1655670452521660854 3879463
1655670452726474402 3686642
1655670452931251725 3713886
1655670453135970524 3866240
1655670453341071209 4337655
1655670453546025466 4102808
1655670453751020752 4095476
1655670453955947444 4326382
1655670454161507873 4946348
1655670454367431520 5133725
1655670454572987622 4641624
1655670454778681487 4986429
1655670454983599005 4575132
1655670455188909535 4961500
1655670455394010187 4584391
1655670455599212781 4587646
1655670455804275158 4763720
1655670456009561920 4869127
1655670456214640315 4724078
1655670456419701757 4747967
1655670456625247417 5138465
1655670456829787776 4102386
1655670457034675070 4550817
1655670457239119424 4139861
1655670457444955846 5021539
1655670457649381974 3405599
1655670457853578759 3839193
1655670458057401357 3479984
1655670458262161983 4219863
1655670458467211173 4476691
1655670458671987217 4216657
1655670458876808431 4352251
1655670459081054192 4084784
1655670459285581460 4069023
1655670459490772304 4854322
1655670459699474933 4905420
1655670459903531063 3265652
1655670460107672569 3172624
1655670460311636240 3579924
1655670460515493572 3540697
1655670460719711697 3216439
1655670460923525712 3509036
1655670461128279927 3344124
1655670461333043022 3850010
1655670461537861623 4156424
1655670461741707825 3112581
1655670461945437369 3251726
1655670462149089854 3189687
1655670462352660108 2684572
1655670462556188223 3219455
1655670462760587630 4054477
1655670462965117180 4176105
1655670463169416419 3896741
1655670463376398354 4025270
1655670463580321110 3466702
1655670463784971103 3854597
1655670463989719339 4099594
1655670464195263881 4938578
