1655869783340299048 0
1655869784341557226 0
1655869785342707105 0
1655869786343886255 0
1655869787345051010 0
1655869788346216514 0
1655869789347368237 0
1655869790348539037 0
1655869791349704126 0
1655869792350724936 0
1655869793351893542 1
1655869794353047282 40
1655869795354212999 50
1655869796355363983 45
1655869797356513309 44
1655869798357668331 48
1655869799358735344 44
1655869800361689263 47
1655869801362734209 46
1655869802363879289 47
1655869803364927252 45
1655869804366262672 44
1655869805366770923 46
1655869806368091144 45
1655869807369581149 48
1655869808370720746 46
1655869809371871052 46
1655869810373027669 48
1655869811374186964 47
1655869812375378630 45
1655869813376543189 50
1655869814377712190 45
1655869815378774292 49
1655869816379943257 46
1655869817381133774 47
1655869818382277235 48
1655869819382696019 45
1655869820383863515 47
1655869821385009025 48
1655869822386157685 47
1655869823387314952 46
1655869824388469295 49
1655869825389628075 46
1655869826390702712 46
1655869827391847696 48
1655869828392992321 47
1655869829394175354 46
1655869830394693974 46
1655869831395847570 48
1655869832397142554 44
1655869833398332198 48
1655869834399484239 44
1655869835400629306 50
1655869836401790637 43
1655869837402940031 48
1655869838404088490 49
1655869839405248551 45
1655869840406405076 46
1655869841407581233 49
1655869842408730010 47
1655869843409932404 46
1655869844411085361 48
1655869845412236926 48
1655869846413381089 44
1655869847414564779 48
1655869848415745527 46
1655869849416887567 47
1655869850418032394 49
1655869851419226336 45
1655869852420402426 46
1655869853421635957 46
1655869854422696229 45
1655869855423874811 45
1655869856425037646 47
1655869857426188174 44
1655869858427345248 46
1655869859428503290 48
1655869860429681775 43
1655869861430726135 47
1655869862431320957 47
1655869863432545680 46
1655869864433721314 46
1655869865434020683 48
1655869866434727212 46
1655869867435927218 47
1655869868437084028 49
1655869869438292680 44
1655869870440176537 47
1655869871441347074 47
1655869872442425907 48
1655869873443504854 42
1655869874444677464 48
1655869875446453765 43
1655869876446752749 49
1655869877447310196 43
1655869878448491186 49
1655869879450100067 43
1655869880450749425 48
1655869881452584773 44
