1655869956259847590 0
1655869957261079413 0
1655869958261279854 0
1655869959262922495 0
1655869960264099683 0
1655869961265273253 0
1655869962266438849 0
1655869963267675973 0
1655869964268851125 0
1655869965270033316 0
1655869966271270630 40
1655869967272450972 54
1655869968273612660 57
1655869969274784255 57
1655869970275947208 55
1655869971277101317 56
1655869972278242964 57
1655869973279439925 56
1655869974281052803 55
1655869975282261335 58
1655869976283425490 58
1655869977283693385 54
1655869978284894785 56
1655869979286371555 58
1655869980287865058 55
1655869981289706068 57
1655869982290876487 58
1655869983291811274 56
1655869984293252695 56
1655869985294418298 56
1655869986295761464 56
1655869987296402850 55
1655869988297552505 55
1655869989298707876 59
1655869990299858681 54
1655869991301002032 56
1655869992302157860 58
1655869993303299319 56
1655869994304464234 54
1655869995305616966 59
1655869996306782664 56
1655869997307932297 53
1655869998309084718 56
1655869999310231810 58
1655870000311378910 54
1655870001312539182 56
1655870002313711835 58
1655870003314858863 56
1655870004315747015 55
1655870005317296253 58
1655870006318472687 55
1655870007319671302 58
1655870008320827999 53
1655870009322226091 57
1655870010323400351 54
1655870011324556257 55
1655870012325703668 59
1655870013326851667 54
1655870014328012532 56
1655870015329180395 59
1655870016330337004 55
1655870017331522035 56
1655870018332675954 57
1655870019333880888 55
1655870020335871373 57
1655870021337028229 57
1655870022338191601 55
1655870023339353470 58
1655870024339722910 57
1655870025340876588 54
1655870026342037041 57
1655870027343348052 57
1655870028344951740 55
1655870029346102942 56
1655870030347263949 57
1655870031348414519 55
1655870032349572519 57
1655870033350721773 56
1655870034351728193 58
1655870035352877957 55
1655870036354039807 54
1655870037355321801 57
1655870038357199410 54
1655870039358003716 57
1655870040359169013 53
1655870041360321450 58
1655870042361480041 54
1655870043362618477 57
1655870044363767274 59
1655870045364942377 55
1655870046366096654 54
1655870047367246883 59
1655870048367691100 58
1655870049368842551 52
1655870050369989594 57
1655870051371205637 57
1655870052372943507 53
1655870053374098326 55
1655870054375271091 57
