1655868931966743324 0
1655868932967962871 0
1655868933968358558 0
1655868934969529671 0
1655868935970839817 0
1655868936972015701 0
1655868937973176656 0
1655868938974341569 0
1655868939975524235 0
1655868940976690694 1
1655868941977871249 20
1655868942979040678 31
1655868943980210083 50
1655868944981381155 80
1655868945982537604 89
1655868946982701420 92
1655868947983902470 74
1655868948985732505 79
1655868949986886363 76
1655868950988197140 77
1655868951990323985 75
1655868952990714582 96
1655868953991860371 62
1655868954993059626 91
1655868955994230772 93
1655868956994719107 91
1655868957995988219 97
1655868958997168137 77
1655868959998379172 93
1655868961000319789 87
1655868962001470473 80
1655868963002676821 82
1655868964003852550 91
1655868965005590204 94
1655868966006721628 98
1655868967007890675 79
1655868968009075092 89
1655868969010737038 90
1655868970011891316 86
1655868971013029362 99
1655868972014208651 84
1655868973015873119 95
1655868974017058666 99
1655868975018734785 93
1655868976019879691 87
1655868977021058925 97
1655868978022303899 85
1655868979024108165 97
1655868980025282211 98
1655868981026719968 93
1655868982027880964 88
1655868983029634803 89
1655868984030716372 91
1655868985032454715 84
1655868986033685556 93
1655868987034699259 93
1655868988035849207 93
1655868989036991091 82
1655868990038441401 95
1655868991039603977 66
1655868992040786062 88
1655868993042761604 88
1655868994043916094 103
1655868995045060691 92
1655868996046214850 95
1655868997047369978 75
1655868998048542120 71
1655868999049695495 92
1655869000050848073 54
1655869001051999698 92
1655869002053282162 81
1655869003054465147 89
1655869004055666400 80
1655869005057570554 84
1655869006058733894 77
1655869007059879681 91
1655869008061018342 86
1655869009062183313 86
1655869010063325341 91
1655869011064461964 90
1655869012065613759 89
1655869013066805174 84
1655869014068184290 82
1655869015069343916 88
1655869016070509359 84
1655869017070738589 85
1655869018071891664 88
1655869019073110788 91
1655869020074509028 98
1655869021075675655 82
1655869022076837420 87
1655869023077994697 82
1655869024078736037 90
1655869025082179753 92
1655869026083390395 87
1655869027084569445 85
1655869028085750319 89
1655869029086736816 80
