1655868313370612130 0
1655868314371860634 0
1655868315373017737 0
1655868316374190960 0
1655868317375357344 0
1655868318376529230 0
1655868319377685552 0
1655868320378857316 0
1655868321380010418 0
1655868322381173256 0
1655868323382342759 27
1655868324382799818 55
1655868325384133778 56
1655868326385281054 57
1655868327386443563 57
1655868328386702803 57
1655868329387968850 54
1655868330389121949 55
1655868331390284025 56
1655868332390694844 55
1655868333391843656 55
1655868334392986756 58
1655868335394182582 53
1655868336395808213 59
1655868337397071384 57
1655868338398351822 56
1655868339399524611 56
1655868340400689721 57
1655868341401834455 57
1655868342402764588 53
1655868343404590630 59
1655868344405992405 53
1655868345406904352 59
1655868346408050459 57
1655868347409323185 55
1655868348410689913 57
1655868349411839397 56
1655868350412993057 56
1655868351414213622 56
1655868352415495924 54
1655868353417351662 59
1655868354418536218 56
1655868355420055533 55
1655868356421214672 54
1655868357422371292 55
1655868358422736194 52
1655868359423889092 57
1655868360425072746 55
1655868361427589093 56
1655868362428251153 57
1655868363429400652 51
1655868364430547028 58
1655868365431735166 51
1655868366432896656 56
1655868367434079853 54
1655868368435248299 55
1655868369436526305 59
1655868370439399969 52
1655868371440550134 58
1655868372441832356 58
1655868373442714593 52
1655868374443101380 58
1655868375444918176 58
1655868376446999562 54
1655868377448157883 56
1655868378449343540 56
1655868379450519740 58
1655868380450864099 54
1655868381452569072 58
1655868382453733143 56
1655868383454759393 56
1655868384455639789 57
1655868385457345340 57
1655868386458513882 58
1655868387458843140 54
1655868388460033047 56
1655868389461173914 58
1655868390462333239 55
1655868391463493019 54
1655868392464637619 57
1655868393465803350 58
1655868394466874645 52
1655868395467591420 55
1655868396469494120 57
1655868397470747838 56
1655868398471909852 55
1655868399473063297 58
1655868400474249017 55
1655868401474793196 57
1655868402475941544 58
1655868403477152626 55
1655868404478751780 58
1655868405479891819 56
1655868406481032547 57
1655868407482192990 57
1655868408482736955 55
1655868409483896776 59
1655868410485044269 56
