1655868468739262644 0
1655868469740471768 0
1655868470741642639 0
1655868471742731681 0
1655868472743889364 0
1655868473745042145 0
1655868474746209433 0
1655868475746696902 0
1655868476747845622 0
1655868477748994139 4
1655868478750136596 29
1655868479751328554 60
1655868480752492715 88
1655868481753696440 104
1655868482754738090 104
1655868483756126104 104
1655868484757273577 86
1655868485758442626 100
1655868486759621796 100
1655868487760816963 93
1655868488762715136 95
1655868489763880258 68
1655868490765038711 75
1655868491766187410 103
1655868492767342649 94
1655868493768520725 98
1655868494770261337 98
1655868495770715343 94
1655868496771864237 105
1655868497773037511 91
1655868498774199099 96
1655868499774689978 98
1655868500775867306 107
1655868501777021410 100
1655868502778183412 104
1655868503779335148 60
1655868504780502108 97
1655868505781697553 101
1655868506782848206 99
1655868507784285136 103
1655868508785524417 111
1655868509786692475 97
1655868510787942816 105
1655868511789512965 98
1655868512791139433 103
1655868513792579071 107
1655868514794404425 91
1655868515796173595 101
1655868516797349613 96
1655868517798559330 109
1655868518799817219 105
1655868519800958346 81
1655868520802156016 87
1655868521803328819 109
1655868522804474518 113
1655868523805634266 101
1655868524806841200 101
1655868525807988705 110
1655868526809147899 92
1655868527810389789 98
1655868528812011575 94
1655868529812941885 101
1655868530814152154 110
1655868531815976208 97
1655868532817157151 107
1655868533819085531 95
1655868534820263690 96
1655868535822855659 103
1655868536824319453 96
1655868537826559317 111
1655868538828288860 104
1655868539829804870 111
1655868540830744913 94
1655868541832570396 102
1655868542833732991 112
1655868543834783624 104
1655868544835946660 93
1655868545837097127 104
1655868546838257903 103
1655868547838772523 105
1655868548839916442 97
1655868549841066028 57
1655868550842370539 97
1655868551842704486 78
1655868552843844895 97
1655868553845022540 81
1655868554846695553 99
1655868555847851412 97
1655868556849011936 95
1655868557850181404 113
1655868558850702820 108
1655868559851958270 102
1655868560853104981 89
1655868561854247892 113
1655868562854720221 81
1655868563855877063 78
1655868564857020738 98
1655868565858179381 105
