1655518382214305403 211889206
1655518382419319402 4062796
1655518382625562322 4886151
1655518382831853529 4999942
1655518383036892446 3907291
1655518383244481489 5331859
1655518383451881345 5440620
1655518383658530288 5044894
1655518383865181770 5117614
1655518384071819871 5191984
1655518384278085908 4857566
1655518384485246466 4840859
1655518384691042651 4674546
1655518384897501935 5439536
1655518385103655140 4911058
1655518385310192145 5357050
1655518385517454200 5857842
1655518385723186549 4541259
1655518385928387320 4173410
1655518386133976678 4496157
1655518386339433786 4372586
1655518386545751180 5005565
1655518386752031812 5126885
1655518386958347021 5035814
1655518387165267832 5745056
1655518387370731263 4302478
1655518387576331458 4516414
1655518387781210751 3974940
1655518387987148364 4744136
1655518388192860264 4599707
1655518388398474505 4604242
1655518388604065740 4479189
1655518388809262763 4137003
1655518389014891587 3919062
1655518389220416850 4266049
1655518389426726318 5061997
1655518389633053008 5016917
1655518389839328753 4923223
1655518390045772987 5098927
1655518390252286519 5212808
1655518390458342754 4866071
1655518390664012446 4319709
1655518390870170678 4842951
1655518391076382259 4912850
1655518391282761381 5055972
1655518391489216425 5194349
1655518391695668599 5149896
1655518391902238484 5260897
1655518392108303725 4756316
1655518392314677994 5246908
1655518392521073540 5094997
1655518392727291905 4914482
1655518392933747630 5127522
1655518393140408240 5350767
1655518393346539930 4891767
1655518393552892719 5040417
1655518393759398570 5178455
1655518393965382962 4660416
1655518394171820840 5146763
1655518394378175276 5047378
1655518394584576900 5085905
1655518394790737052 4913499
1655518394997240396 5121428
1655518395203508014 4981928
1655518395409843804 4974567
1655518395616332631 5222809
1655518395822901221 5431903
1655518396028928197 4763609
1655518396234961866 4760962
1655518396441153047 4906725
1655518396647693065 5207613
1655518396854038456 4995046
1655518397060515689 5113955
1655518397266888873 5087963
1655518397472211900 3994442
1655518397678014855 4575304
1655518397883948322 4652072
1655518398089854483 4622596
1655518398295891250 4783399
1655518398501934249 4743190
1655518398708195088 5021247
1655518398914057825 4699757
1655518399121057598 5698304
1655518399327894831 5537388
1655518399534688721 5492226
1655518399741574229 5589882
1655518399948466900 5658822
1655518400155304307 5562314
1655518400362149390 5521784
1655518400569136921 5693725
1655518400776109930 5687165
1655518400982995171 5521240
1655518401189888130 5595145
1655518401396874435 5666864
1655518401603612270 5423622
1655518401810547722 5610960
1655518402017479378 5648099
1655518402224435355 5602140
1655518402431268841 5525538
1655518402638205071 5611351
1655518402845240472 5752814
1655518403051698745 5127369
1655518403258074508 5095192
1655518403464493264 5164525
1655518403670866170 5067347
1655518403877172289 5026770
1655518404083665810 5169597
1655518404290164657 5159840
1655518404496627431 5164609
1655518404703016821 5082347
1655518404909427740 5118872
1655518405115865414 5116536
1655518405322537340 5322087
1655518405529211042 5349422
1655518405735955727 5444825
1655518405942861962 5578039
1655518406149866657 5690091
1655518406356790991 5616303
1655518406563703832 5621960
1655518406770444984 5418829
1655518406977315718 5572559
1655518407184091487 5483342
1655518407390666482 5301386
1655518407597344918 5358368
1655518407804199478 5574368
1655518408011749390 6232357
1655518408219397966 6296514
1655518408426370959 5543802
1655518408633311281 5609852
1655518408839587940 4998376
1655518409045795642 4891457
1655518409252186809 5095669
1655518409458398597 4935604
1655518409664798843 5113863
1655518409871183737 5046352
1655518410077424139 4924308
1655518410283686309 4981207
1655518410489978319 5019651
1655518410696262681 5015750
1655518410902511389 4959576
1655518411108515783 4804955
1655518411314829427 5016070
1655518411521146803 5033764
1655518411727499568 5088010
1655518411933716142 4894171
1655518412140293681 5251962
1655518412346564568 4955440
1655518412552869781 4983860
1655518412759171350 5024371
1655518412965392312 4894220
1655518413171699847 5014685
1655518413377784215 4794826
1655518413584019284 4934429
1655518413790250874 4910769
1655518413996646451 5126878
1655518414202943467 5048778
1655518414409280924 5084213
1655518414615543417 5011789
1655518414821863290 4945729
1655518415028244811 5084616
1655518415234631928 5103348
1655518415440932385 4983045
1655518415647363051 5122043
1655518415853917700 5199216
1655518416060292629 5092835
1655518416266623262 5055566
1655518416472856968 4961798
1655518416679266768 5117134
1655518416885547526 5017866
1655518417091936341 5111597
1655518417298073904 4835919
1655518417504727535 5367283
1655518417710841291 4823198
1655518417917197643 5057702
1655518418123519981 5016434
1655518418329812399 5116132
1655518418536082088 4945012
1655518418742680155 5316193
1655518418948951665 4994145
1655518419155163270 4903958
1655518419361458474 4976054
1655518419567771623 5011011
1655518419774011337 5013514
1655518419980451786 5162253
1655518420186643133 4937770
1655518420393005341 5111881
1655518420599162047 4960132
1655518420805531930 5088718
1655518421012734498 5877835
1655518421218815118 4981988
1655518421425360818 5269022
1655518421631643161 4965582
1655518421838334267 5456758
1655518422044870962 5232260
1655518422250816069 4811724
1655518422457196526 5123168
1655518422663371982 4943136
1655518422869742947 5076947
1655518423076284272 5211182
1655518423282946246 5345864
1655518423489302809 5055464
1655518423696082676 5454089
1655518423902569384 5132905
1655518424108730144 4859058
1655518424315200550 5182616
1655518424521667643 5146822
1655518424734505154 11594271
1655518424942471334 6161786
1655518425149031735 5246480
1655518425355619737 5347375
1655518425562206395 5297255
1655518425768941683 5419145
1655518425975042880 4839066
1655518426181495697 5151250
1655518426387613981 4901858
1655518426594008886 5096833
1655518426800519970 5215561
1655518427006784632 4983390
1655518427213238583 5158419
1655518427419494355 4961934
1655518427625929034 5111327
1655518427832233959 4995500
1655518428038660422 5127186
1655518428244904918 5015877
1655518428451247657 5059400
1655518428657464701 4902953
1655518428863848241 5104726
1655518429070263200 5120838
1655518429276626049 5125703
1655518429483068217 5129815
1655518429689344883 5038052
1655518429895669335 5040993
1655518430101876298 4899419
1655518430308101345 4938655
1655518430515362928 5988352
1655518430721755124 5047587
1655518430928115897 5074634
1655518431134349792 4954653
1655518431340828240 5215213
1655518431546991440 4866749
1655518431753337720 5064690
1655518431959785313 5167866
1655518432166161747 5008615
1655518432372522337 5062477
1655518432578803833 4980700
1655518432785195646 5095172
1655518432991534250 5055383
1655518433197771357 4960986
1655518433404255609 5200530
1655518433610400150 4884542
1655518433816885004 5226223
1655518434023187203 5027504
1655518434229358010 4860004
1655518434435748370 5222925
1655518434642057972 4971533
1655518434848755878 5429598
1655518435054949395 4891800
1655518435261275281 4995253
1655518435467350235 4771301
1655518435673842300 5147882
1655518435880158956 4990317
1655518436086376434 4964531
1655518436292905969 5253084
1655518436499249138 5055632
1655518436705879287 5295657
1655518436912436961 5246160
1655518437118716203 5003132
1655518437325317995 5343535
1655518437531582120 4964411
1655518437737963207 5068091
1655518437944271523 5026726
1655518438150638070 5091050
1655518438356881808 4908096
1655518438563490031 5321670
1655518438769755451 4953819
1655518438976098337 5073540
1655518439182524899 5127212
1655518439388892738 5039354
1655518439595251178 5046242
1655518439801599396 4960022
1655518440008201204 5348370
1655518440214349009 4859633
1655518440420836403 5203193
1655518440627640673 5561463
1655518440834009643 5059457
1655518441040237450 4947822
1655518441246477831 4938151
1655518441452818301 5029483
1655518441659091189 5013303
1655518441865532553 5145827
1655518442071993178 5144539
1655518442278409663 5056882
1655518442484750266 5072909
1655518442691121285 5077889
1655518442897401695 4981680
1655518443103792063 5128297
1655518443310212522 5104967
1655518443517529229 5608722
1655518443723740813 4915348
1655518443930110877 5055329
1655518444137455172 6013014
1655518444343803892 5067430
1655518444550151499 5028021
1655518444756608297 5115432
1655518444963134541 5250587
1655518445169396847 4933578
1655518445375711574 4995069
1655518445582163089 5110503
1655518445788853021 5381366
1655518445995035977 4919922
1655518446201614692 5230628
1655518446408194415 5242599
1655518446614489145 5063972
1655518446820868340 5131878
1655518447027139491 4927912
1655518447233344854 4898822
1655518447439757354 5115282
1655518447646106280 5036160
1655518447852582086 5135315
1655518448058705208 4826652
1655518448265060909 5070026
1655518448471303089 5000906
1655518448677514881 4902313
1655518448884177696 5331678
1655518449090441531 4931583
1655518449296763807 5019739
1655518449502976643 4942613
1655518449709260168 5002118
1655518449915558883 4948212
1655518450121706915 4842198
1655518450328152468 5122186
1655518450534499906 5032286
1655518450740780080 5018804
1655518450947026829 4987317
1655518451153340665 5041510
1655518451359657154 5038563
1655518451566088856 5082187
1655518451772525059 5162169
1655518451978794734 4958000
1655518452185976988 5948476
1655518452392434370 5133566
1655518452598747171 5003523
1655518452805147137 5167919
1655518453012062554 5628671
1655518453218646257 5296544
1655518453424930205 4988401
1655518453631315941 5091170
1655518453837538024 4893305
1655518454044202915 5323285
1655518454250335452 4867643
1655518454456838867 5170552
1655518454663183502 5051735
1655518454869457312 5115530
1655518455075784917 5072106
1655518455282113289 5010307
1655518455488450576 5052773
1655518455694659300 4950752
1655518455901128849 5121876
1655518456107529941 5086272
1655518456313843517 4985608
1655518456520244644 5116660
1655518456726336637 4900359
1655518456932797663 5175988
1655518457139025169 4978160
1655518457345306147 4986453
1655518457551612057 5013107
1655518457757850252 4926930
1655518457964244295 5066849
1655518458170538392 5027684
1655518458376804063 4959105
1655518458583058931 4945745
1655518458789423231 5085430
1655518458995759246 4991623
1655518459201973110 4881499
1655518459408415629 5133433
1655518459614688210 4999068
1655518459821089541 5112285
1655518460027445364 5020115
1655518460233876822 5124175
1655518460440223396 5089655
1655518460646476669 4951957
1655518460853270115 5459589
1655518461059731033 5154106
1655518461266236647 5088010
1655518461472742630 5201665
1655518461679114991 5091227
1655518461885493523 5004742
1655518462091883660 5088080
1655518462298205188 5024714
1655518462504620384 5118986
1655518462711114073 5188847
1655518462917596229 5071474
1655518463124004756 5086812
1655518463330422786 5077712
1655518463536786813 5105017
1655518463743132505 5064232
1655518463949473015 5020572
1655518464155877446 5109375
1655518464362230881 5008182
1655518464568577795 5084917
1655518464774896514 5009129
1655518464981312056 5063144
1655518465187729455 5104012
1655518465394019724 4973862
1655518465600409207 5103325
1655518465806691723 4997939
1655518466013473540 5506641
1655518466219872827 5121175
1655518466427428453 6126976
1655518466633898425 5168683
1655518466840326927 5152602
1655518467046760854 5081610
1655518467253157606 5112713
1655518467459594797 5118345
1655518467665970912 5039795
1655518467872392644 5139876
1655518468078811796 5079360
1655518468285192098 5091780
1655518468491581194 5071828
1655518468698045157 5115072
1655518468904645083 5292406
1655518469111085418 5051821
1655518469317399418 5009196
1655518469523712393 5026960
1655518469729996695 4941477
1655518469936481254 5194867
1655518470142897048 5079971
1655518470349362535 5158618
1655518470555697245 4999544
1655518470761955645 4877699
1655518470968303692 5109852
1655518471174654534 5054789
1655518471380942578 5035358
1655518471587000468 4820997
1655518471793240283 4968744