1655522479670462881 284443881
1655522479877394656 5540972
1655522480085362099 6819698
1655522480291628136 5029160
1655522480498006970 5116715
1655522480704299445 4976293
1655522480911706075 6012832
1655522481118625066 5620266
1655522481325472382 5541271
1655522481531850797 5097970
1655522481738125984 4953817
1655522481944398055 4975389
1655522482150976542 5253128
1655522482357850421 5571332
1655522482565015039 5842588
1655522482771896942 5592213
1655522482978901273 5645998
1655522483185719462 5524344
1655522483392654820 5652049
1655522483599749295 5746357
1655522483806736722 5645557
1655522484013703840 5618810
1655522484220533272 5477671
1655522484427068666 5200091
1655522484634296880 5929652
1655522484841852255 6293204
1655522485048344723 5240898
1655522485255029989 5358330
1655522485462152723 5820923
1655522485668761421 5326656
1655522485875573019 5452458
1655522486082604518 5653060
1655522486289429310 5492494
1655522486496027074 5321044
1655522486702612114 5292221
1655522486909268671 5426728
1655522487115546461 5006047
1655522487321959606 5106933
1655522487528221855 4970600
1655522487734310991 4828468
1655522487940474489 4891799
1655522488146777804 5010132
1655522488353186841 5197305
1655522488559396838 4919634
1655522488765759001 5078337
1655522488972428280 5362735
1655522489178825054 5109189
1655522489385291509 5202722
1655522489591658622 5086847
1655522489798225029 5279786
1655522490004744408 5240637
1655522490211377040 5331840
1655522490418132744 5441863
1655522490624858511 5432679
1655522490831471380 5268056
1655522491038213161 5497990
1655522491245086257 5592066
1655522491451794589 5365268
1655522491658849737 5672895
1655522491865718962 5498492
1655522492072827962 5768563
1655522492278158627 4272795
1655522492484556583 5118704
1655522492690924102 5083830
1655522492897383502 5195032
1655522493103687265 5049053
1655522493309980002 4976115
1655522493516252873 5014727
1655522493722627272 5077800
1655522493929105431 5160996
1655522494135500433 5109773
1655522494342621591 5867817
1655522494548902939 5076145
1655522494755411859 5188321
1655522494961771563 5068389
1655522495168215404 5156581
1655522495374488603 4999667
1655522495580849165 5125264
1655522495787138305 4982122
1655522495993547496 5141373
1655522496200009629 5139194
1655522496406365943 5059065
1655522496612568302 4910090
1655522496818930105 5077143
1655522497025300494 5093181
1655522497231745236 5162427
1655522497438109926 5035123
1655522497644428777 5075246
1655522497850812930 5078841
1655522498057218230 5116685
1655522498263615043 5120142
1655522498469914301 5011824
1655522498676232684 5061221
1655522498882420031 4822970
1655522499088723532 5042783
1655522499295082575 5068138
1655522499501456432 5116033
1655522499708630290 5899503
1655522499915020707 5105471
1655522500121369229 5051870
1655522500327804066 5125578
1655522500534161654 5012051
1655522500740575940 5088739
1655522500946691643 4837259
1655522501153133341 5174415
1655522501359478109 5065873
1655522501565806911 4971327
1655522501772210399 5133224
1655522501978600575 5081380
1655522502185010144 5139188
1655522502391320701 5020510
1655522502597662507 5083790
1655522502804045342 5096045
1655522503010374477 5019289
1655522503216572802 4979160
1655522503423004442 5123252
1655522503629394865 5098967
1655522503835816187 5127760
1655522504041920869 4842221
1655522504248376709 5136621
1655522504454549304 4909705
1655522504661037833 5190369
1655522504867025880 4730670
1655522505073492206 5153120
1655522505279962097 5155636
1655522505486258635 5011951
1655522505692560759 5050112
1655522505898835221 5017793
1655522506105100250 4985024
1655522506311320587 4929479
1655522506517748866 5127196
1655522506724173114 5109040
1655522506930631299 5102541
1655522507137059673 5145588
1655522507344281787 5131662
1655522507550622697 5005594
1655522507756969359 5056926
1655522507963061318 4841618
1655522508169384854 5068072
1655522508375826879 5124663
1655522508581843744 4711825
1655522508788210187 5097696
1655522508994347899 4870557
1655522509200865554 5245720
1655522509406871982 4753547
1655522509613358872 5196363
1655522509819454096 4855437
1655522510025970980 5196900
1655522510232275728 5007161
1655522510438613537 5046774
1655522510645010728 5115393
1655522510851224057 4949726
1655522511057595181 5087179
1655522511263946074 5073602
1655522511470340996 5095707
1655522511676639269 5017784
1655522511883068904 5130591
1655522512089452892 5128144
1655522512295899083 5127995
1655522512502118679 4934735
1655522512709533406 6130450
1655522512915943825 5101351
1655522513122306108 5034573
1655522513328635811 5046374
1655522513535064521 5130964
1655522513741526631 5209085
1655522513947818264 5005216
1655522514154065298 4904053
1655522514360505422 5200778
1655522514566996752 5159330
1655522514773447742 5169846
1655522514979795121 5087194
1655522515186123539 5041191
1655522515392475093 5090945
1655522515598755169 4962116
1655522515805199137 5156054
1655522516011560111 5068953
1655522516217869883 4999186
1655522516424293981 5087368
1655522516630765634 5161757
1655522516837081464 5035084
1655522517043573259 5237574
1655522517249923254 5061288
1655522517456344172 5133507
1655522517662748718 5105145
1655522517869106856 5105632
1655522518075462930 5037757
1655522518281816059 5045005
1655522518488157990 5069827
1655522518694555260 5077783
1655522518900980750 5155603
1655522519107232666 4985379
1655522519313678690 5188914
1655522519519987453 5093551
1655522519726457247 5086983
1655522519932498318 4958762
1655522520138762591 5021804
1655522520345309511 5141950
1655522520551777964 5162153
1655522520758102982 5026697
1655522520964404303 5067298
1655522521170797122 5123008
1655522521377204024 5115443
1655522521588930540 10424870
1655522521797776100 7062044
1655522522004114530 5087938
1655522522210427856 5016753
1655522522416766115 5035120
1655522522623109457 5038702
1655522522829611478 5213714
1655522523036010416 5126112
1655522523242354797 5045879
1655522523448720524 5079549
1655522523655040386 5044354
1655522523861520646 5166476
1655522524067876008 5075147
1655522524274202984 5011964
1655522524480695486 5112136
1655522524687039309 5040353
1655522524893480156 5150580
1655522525100034808 5282048
1655522525306278129 4973860
1655522525512601575 5070001
1655522525719018508 5169448
1655522525925433603 5132109
1655522526131757439 5048943
1655522526338186940 5060690
1655522526544563200 5100416
1655522526750857355 5023924
1655522526957295807 5120395
1655522527163641712 5064468
1655522527369864936 4935699
1655522527576135928 5030822
1655522527782455623 4978369
1655522527988902211 5157402
1655522528195196580 5008757
1655522528401521067 5060363
1655522528607991766 5128107
1655522528814275727 5004495
1655522529020769328 5217407
1655522529227131905 5013632
1655522529433524164 5093598
1655522529640163516 5340178
1655522529846449044 4954855
1655522530052908961 5165417
1655522530259381761 5156090
1655522530465812482 5147874
1655522530672284836 5198583
1655522530878489811 5004402
1655522531084912254 5135650
1655522531291176274 4961736
1655522531497675570 5138590
1655522531704071786 5091779
1655522531910505405 5120102
1655522532116936591 5145564
1655522532323266431 5022980
1655522532529640966 5080133
1655522532735878239 4965967
1655522532942214787 5040744
1655522533148635504 5116881
1655522533355133060 5180504
1655522533561573478 5121554
1655522533768041961 5138323
1655522533974495055 5109749
1655522534180981226 5159103
1655522534387313762 5003515
1655522534593604194 4980545
1655522534800004778 5146847
1655522535006388589 5080316
1655522535212810020 5168351
1655522535419078063 4979800
1655522535625470565 5057377
1655522535831893061 5114843
1655522536038173524 5026401
1655522536244325711 4915448
1655522536450732756 5082988
1655522536657218175 5197030
1655522536863542649 5029053
1655522537069824176 4987509
1655522537276143717 5035671
1655522537482510376 5076115
1655522537688945507 5150971
1655522537895120512 4908525
1655522538101529102 5142011
1655522538307948775 5119701
1655522538514324211 5059526
1655522538720743697 5115826
1655522538927157514 5113150
1655522539133502615 5155092
1655522539340050668 5255991
1655522539546270166 5024963
1655522539752654733 5074896
1655522539959062612 5084501
1655522540165443027 5045592
1655522540371851324 5147821
1655522540578178078 5047722
1655522540784583565 5097543
1655522540990939575 5123029
1655522541197312620 5108402
1655522541403594415 5003868
1655522541609891625 4981792
1655522541816275569 5100580
1655522542022731933 5147290
1655522542229159483 5164980
1655522542435525931 5082915
1655522542641856676 5000581
1655522542848400265 5194168
1655522543054733572 5054396
1655522543261241423 5183282
1655522543467567058 5052458
1655522543673963945 5039956
1655522543880332756 5082959
1655522544086648553 5073669
1655522544293069732 5144854
1655522544499509595 5143459
1655522544705840596 5060670
1655522544912263667 5126233
1655522545118684922 5102164
1655522545325171459 5171941
1655522545531501060 5059739
1655522545737900719 5067602
1655522545944284625 5113821
1655522546150656506 5064187
1655522546357079316 5144043
1655522546563377636 5008289
1655522546769719176 5084461
1655522546976176820 5139985
1655522547182488589 4998802
1655522547388894536 5123372
1655522547595215592 5042933
1655522547801631564 5154498
1655522548008088450 5178372
1655522548214445856 5090481
1655522548420866896 5104650
1655522548627264998 5096842
1655522548833701026 5125485
1655522549040128124 5130097
1655522549246327072 5021335
1655522549452745291 5148888
1655522549659088787 5050061
1655522549865443895 5086490
1655522550071862668 5111158
1655522550278160474 5026127
1655522550486191244 6238241
1655522550692545922 5098433
1655522550898968488 5114599
1655522551105373429 5124324
1655522551311729288 5108755
1655522551518089300 5016075
1655522551724461735 5114175
1655522551930874991 5106539
1655522552137255990 5095988
1655522552344412271 5069470
1655522552550511201 4928801
1655522552756911465 5104567
1655522552963150484 4926565
1655522553169578083 5128178
1655522553376012683 5170770
1655522553582387353 5090007
1655522553788735406 5096298
1655522553994937886 5055421
1655522554201420773 5164746
1655522554407820162 5116681
1655522554614020253 4898977
1655522554820363966 5063060
1655522555026789207 5126773
1655522555233288290 5138410
1655522555439755938 5134959
1655522555646165480 5109953
1655522555852341926 4930497
1655522556058741183 5078601
1655522556265107160 5110898
1655522556471381744 5021425
1655522556677784708 5110278
1655522556884129637 5097969
1655522557090608192 5166653
1655522557297080800 5206478
1655522557503440858 5048446
1655522557709814522 5092237
1655522557916276947 5167677
1655522558122618993 5054720
1655522558329078279 5150173
1655522558535360539 4976574
1655522558741799018 5158393
1655522558948148490 5110547
1655522559154518659 5043907
1655522559360895173 5128298
1655522559567176360 5022105
1655522559773657174 5170240
1655522559980115866 5180449
1655522560186205065 4807512
1655522560392615970 5094539
1655522560598918044 4989909
1655522560805355217 5151148
1655522561011766790 5112690
1655522561218092460 5039079
1655522561424471323 5114399
1655522561630827968 5044235
1655522561837245354 5124938
1655522562043515444 5065369
1655522562249854745 5010121
1655522562456263930 5137765
1655522562662598034 5057846
1655522562868552639 4734430
1655522563074840427 5007999
1655522563281225231 5147944
1655522563487328818 4873188
1655522563693675920 5098137
1655522563900118406 5155436
1655522564106523572 5087531
1655522564312842590 5071032
1655522564519182611 5055407
1655522564725554169 5089577
1655522564931958452 5127020
1655522565138325884 5036159
1655522565345034119 4927089
1655522565551400972 5049777
1655522565757702653 5053508
1655522565964152380 5172326
1655522566170524215 5039625
1655522566376725268 4932129
1655522566583086115 5040733
1655522566789458699 5092053
1655522566996142098 5410383
1655522567202563367 5129255
1655522567408961201 5148362
1655522567615266786 4991317
1655522567821727036 5208017
1655522568028145281 5140589
1655522568234484695 5031253
1655522568440949280 5132362
1655522568647483888 5217281
1655522568853854442 5023607
1655522569060264649 5130975
1655522569266650453 5062265