1655528286706751328 77816727
1655528286913352950 5260221
1655528287119624724 4991125
1655528287325867145 4987337
1655528287532109406 4988518
1655528287738296220 4870959
1655528287944666061 5094163
1655528288150952553 5016010
1655528288357362100 5096889
1655528288563941347 5243809
1655528288770302869 5044325
1655528288976562754 4963913
1655528289182745843 4920880
1655528289389126408 5068430
1655528289595392082 5008731
1655528289801383273 4739158
1655528290007611260 4966479
1655528290213707232 4861501
1655528290419952603 5003605
1655528290626267365 5029529
1655528290832662859 5111059
1655528291038880986 4943843
1655528291245322934 5156048
1655528291451737844 5092908
1655528291658092225 5040471
1655528291864483881 5108152
1655528292070753351 4965912
1655528292277711331 5646307
1655528292484390133 5314888
1655528292690704220 5018443
1655528292897329079 5238339
1655528293103762710 5138114
1655528293310258577 5173618
1655528293516794717 5120467
1655528293723346669 5274301
1655528293929813769 5082637
1655528294136343478 5156465
1655528294342870428 5257969
1655528294549291742 5078422
1655528294755702874 5129083
1655528294962104089 4996294
1655528295168577720 5077137
1655528295375169154 5329552
1655528295581757471 5257448
1655528295788253024 5283708
1655528295994727108 5096439
1655528296201225367 5228221
1655528296407554185 5064355
1655528296614049258 5177954
1655528296820554368 5190077
1655528297027006899 5107369
1655528297233548061 5279263
1655528297439921915 5102870
1655528297646315891 5169775
1655528297852717118 5092347
1655528298059102358 5124611
1655528298265420630 5038646
1655528298472013880 5311117
1655528298678335559 5027770
1655528298884863345 5261413
1655528299091225000 5002895
1655528299297758557 5248741
1655528299504210904 5135054
1655528299710747337 5227700
1655528299917376919 5368456
1655528300123683831 5031360
1655528300329886161 4963455
1655528300536327025 5179342
1655528300742871825 5403590
1655528300949410971 5234808
1655528301155866549 5188292
1655528301362318602 5401852
1655528301568752738 5096286
1655528301775229716 5206606
1655528301981640946 5018713
1655528302188106014 5135390
1655528302394734514 5321315
1655528302601096634 5100023
1655528302807552331 5078702
1655528303013953876 5070372
1655528303220420269 5111316
1655528303426933536 5201994
1655528303633221410 4927671
1655528303839940147 5453801
1655528304046469309 5181310
1655528304253224926 5469176
1655528304459831480 5239544
1655528304666237242 5162830
1655528304872640860 5076546
1655528305078857855 4953263
1655528305285179335 5095759
1655528305491434904 4993430
1655528305697669880 4938604
1655528305904011262 5099162
1655528306110384318 5088583
1655528306316703791 5070516
1655528306522919319 4956772
1655528306729290645 5099980
1655528306935633450 5072911
1655528307142700757 5774949
1655528307349131141 5156902
1655528307555382756 4989335
1655528307761853825 5072408
1655528307968301089 5150585
1655528308174622476 5038686
1655528308380921516 5007570
1655528308587245284 5037848
1655528308793521698 4965231
1655528308999789255 5004844
1655528309206060676 4994815
1655528309412475959 5127769
1655528309618690881 4945131
1655528309825017136 5055202
1655528310031502207 5194092
1655528310237877705 5080097
1655528310444206172 5062503
1655528310650121934 4740348
1655528310856539687 5107649
1655528311062786890 4946643
1655528311269156017 5072244
1655528311475469417 5053116
1655528311681781892 5064452
1655528311888147796 5078835
1655528312094449335 5042727
1655528312300752780 5062717
1655528312507006591 4991938
1655528312713097807 4885183
1655528312919388936 4966543
1655528313125660160 4975973
1655528313332015068 5038465
1655528313538240717 4945792
1655528313744537208 5047066
1655528313950803887 5008481
1655528314157103298 5078982
1655528314363609391 5168589
1655528314569978401 5055585
1655528314776305048 5026191
1655528314982574537 5009342
1655528315189035591 5087469
1655528315395337177 5031885
1655528315601509013 4876775
1655528315807872621 5104485
1655528316014262302 5076159
1655528316220645038 5131185
1655528316426943101 5011858
1655528316633275167 5107847
1655528316839670130 5108326
1655528317045992438 5167311
1655528317252409023 5147905
1655528317457458504 4112007
1655528317664016099 5241493
1655528317870379690 5077638
1655528318076744535 5109043
1655528318283067960 5026659
1655528318489373497 5055295
1655528318695618849 5037692
1655528318902009378 5054241
1655528319108397450 5116786
1655528319314208406 4598915
1655528319520677914 5230180
1655528319727010046 5088924
1655528319933303121 5009485
1655528320140460688 5901655
1655528320346731342 5052715
1655528320553087488 5083451
1655528320759421287 5063023
1655528320965653824 4936942
1655528321172030503 5081812
1655528321378387427 5087005
1655528321584727261 5034535
1655528321791083692 5082193
1655528321997427550 4988208
1655528322203598869 4911045
1655528322409913834 5016584
1655528322616212563 5045450
1655528322822592256 5031351
1655528323028933758 5073139
1655528323235282108 5003622
1655528323441390561 5007349
1655528323647702249 5055061
1655528323854077103 5037868
1655528324060478745 5115849
1655528324266734504 4995329
1655528324473026561 5041112
1655528324679370489 5064516
1655528324885781862 5144335
1655528325092168336 5099453
1655528325298562009 5150088
1655528325504977447 5158852
1655528325712161374 5844692
1655528325918520314 5122566
1655528326124898202 5119993
1655528326331270689 5062176
1655528326537523937 4982111
1655528326743938490 5163346
1655528326950211114 5174506
1655528327156650647 5120871
1655528327363025244 5077047
1655528327569472178 5138651
1655528327775880610 5114052
1655528327982282169 5116947
1655528328188676706 5097287
1655528328394987966 5028557
1655528328608446245 12149849
1655528328817587862 7417861
1655528329024173859 5322443
1655528329230496877 5071918
1655528329436762342 5034064
1655528329644080080 6004036
1655528329850462681 5137019
1655528330056845364 5154756
1655528330263427571 5267160
1655528330470002328 5300187
1655528330676587335 5323815
1655528330883169279 5306061
1655528331089897083 5403827
1655528331296435046 5175084
1655528331503020870 5216905
1655528331709480887 5015439
1655528331916038525 5160587
1655528332122388250 5033160
1655528332328741319 5039877
1655528332535145424 5054508
1655528332741537325 4926486
1655528332948069984 5133658
1655528333154400447 4968879
1655528333360808820 5087999
1655528333567156350 5082843
1655528333773297306 4814995
1655528333979649737 5019273
1655528334185770416 4860917
1655528334392301342 5089778
1655528334598569203 4974756
1655528334804986980 5074293
1655528335011374906 5051371
1655528335217546420 4849161
1655528335423935423 5129397
1655528335630330541 5123938
1655528335836671846 5072375
1655528336042876240 4912010
1655528336249225391 5085356
1655528336455537910 5067479
1655528336661653443 4811215
1655528336868064580 5121401
1655528337074345519 4978139
1655528337280748963 5137049
1655528337487206909 5124998
1655528337693435870 4911125
1655528337899814538 5093125
1655528338105943862 4966946
1655528338312433756 5097257
1655528338518441913 4968221
1655528338724782134 5085220
1655528338931125472 5065464
1655528339137373523 4945469
1655528339343543080 4981740
1655528339549916629 5033226
1655528339756259266 5056604
1655528339962508388 4979805
1655528340168833484 5054507
1655528340375161558 5060961
1655528340581370151 5101008
1655528340787874992 5177466
1655528340994045454 4971392
1655528341200461995 5112197
1655528341406517501 5000101
1655528341612711877 5013694
1655528341819152363 5066147
1655528342025304363 5074974
1655528342231513990 4952977
1655528342437863895 5011828
1655528342644999714 5915003
1655528342851339149 5077821
1655528343057738701 5058746
1655528343264148919 5063721
1655528343470483474 5038365
1655528343676631219 4895338
1655528343882760043 4854123
1655528344089079486 5046454
1655528344295443925 5083571
1655528344501643080 4867269
1655528344707942086 5011131
1655528344914441130 5060581
1655528345120781341 5067179
1655528345327242117 5099536
1655528345533380956 4985701
1655528345739850013 5146554
1655528345946234872 5011534
1655528346152523363 4986412
1655528346358868784 5025478
1655528346565333328 5175713
1655528346771667923 5044022
1655528346978070226 5132281
1655528347184410297 5051431
1655528347390711410 5004910
1655528347596823761 4851383
1655528347803129089 5005638
1655528348009413052 4993090
1655528348215630301 4950614
1655528348421913646 5032715
1655528348628297494 5137153
1655528348834479455 4933097
1655528349040841618 5054544
1655528349247114254 5018216
1655528349453186767 4900801
1655528349659538924 5047340
1655528349865803043 5035455
1655528350072178899 5102393
1655528350278415227 4976765
1655528350484684492 5031501
1655528350690975303 5020414
1655528350897334371 5014171
1655528351103729748 5084765
1655528351309493054 4520291
1655528351515786240 5027706
1655528351721915205 4829279
1655528351928294817 5089901
1655528352134627820 5012959
1655528352340951101 5029128
1655528352547302342 5055101
1655528352753535471 4916064
1655528352959852498 5045834
1655528353166138673 5006695
1655528353372448843 5066214
1655528353578704084 4950728
1655528353785040357 5065223
1655528353991354397 5005531
1655528354197775481 5081875
1655528354404094027 5142039
1655528354610365595 4983546
1655528354816469316 4860576
1655528355022795537 4993330
1655528355228929812 4872121
1655528355435226274 5033964
1655528355642333967 5819333
1655528355848700570 5111734
1655528356055013769 5043551
1655528356261078849 4816230
1655528356467459480 5090996
1655528356673839851 5094360
1655528356880081547 5031251
1655528357086333582 4994712
1655528357292755183 5112227
1655528357499067992 5000191
1655528357705165320 4853443
1655528357911388806 4989149
1655528358117587233 4919902
1655528358323928351 5086688
1655528358530037809 5025661
1655528358736414018 5094841
1655528358942646654 4957819
1655528359148826098 4979278
1655528359355203438 5089812
1655528359561451666 4931653
1655528359767770331 5016807
1655528359974040392 4988408
1655528360180315598 5023992
1655528360386500651 4906624
1655528360592895568 5069442
1655528360799247569 5058666
1655528361005526773 4993037
1655528361212472181 5684317
1655528361418763478 4985087
1655528361624940955 5008818
1655528361831231992 5061529
1655528362037513822 4982444
1655528362243937399 5145799
1655528362450015995 4903770
1655528362656370660 5069001
1655528362862714662 5064699
1655528363068863332 5001266
1655528363275135908 5010203
1655528363481394895 4962064
1655528363687772502 5029599
1655528363894165971 5021523
1655528364100483986 5084599
1655528364306717710 4917492
1655528364512983086 5108813
1655528364719377419 5121531
1655528364925451343 4974639
1655528365131676748 4982478
1655528365338085947 5064819
1655528365544468707 5101682
1655528365750733223 4974645
1655528365957089843 5091106
1655528366163346499 5017315
1655528366369782406 5012118
1655528366576073844 5086604
1655528366781730881 4437063
1655528366988297646 5213951
1655528367194734904 5165703
1655528367401092204 5064399
1655528367607324718 5017045
1655528367813656530 5027833
1655528368019929657 5115074
1655528368226195258 4967787
1655528368432517391 5109361
1655528368638793276 5013143
1655528368844895666 5044573
1655528369051204604 4994579
1655528369257548584 5042354
1655528369463941388 5091613
1655528369670295979 5043004
1655528369876669812 5097717
1655528370082987647 5058715
1655528370289152487 4899935
1655528370495435300 5015513
1655528370701766794 4994055
1655528370908153678 5091423
1655528371114436506 5004607
1655528371320637349 4952010
1655528371526891365 4946149
1655528371734431737 6186380
1655528371940768992 5039434
1655528372147082762 4968175
1655528372353354097 5008635
1655528372559721959 5166630
1655528372765847163 4929333
1655528372972170546 5075401
1655528373178438804 4949253
1655528373385140485 5481887
1655528373591493806 5068437
1655528373797441642 4732761
1655528374003885122 5142052
1655528374209979808 4804061
1655528374416335154 5134249
1655528374622615773 5005992
1655528374828723082 4858990
1655528375035011367 4994956
1655528375241100688 4860896
1655528375447500373 5081098
1655528375653515656 4733103
1655528375859886755 5099453
1655528376066245682 5053276
1655528376272603506 5090122
1655528376478818343 4933638