1655662508508632899 201816767
1655662508785172009 12411286
1655662508993009218 6802907
1655662509270914424 76217163
1655662509483195035 11152184
1655662509690129349 6118459
1655662509894350342 3418693
1655662510098552120 3280761
1655662510303261868 3523582
1655662510507636138 3425176
1655662510712249945 3534037
1655662510916391440 3326037
1655662511120752193 3329108
1655662511325102398 3414065
1655662511529126102 3211060
1655662511733425335 3404973
1655662511937759199 3234920
1655662512141745198 3227457
1655662512345462650 2819444
1655662512549243598 2915562
1655662512753289268 2751310
1655662512958669748 3878867
1655662513165853831 5142812
1655662513372432320 5262729
1655662513580039384 5398520
1655662513787707252 6707650
1655662513994661082 5853434
1655662514205442040 7046003
1655662514411038674 4346893
1655662514618719595 5446351
1655662514825140387 4282792
1655662515030676472 4426348
1655662515238090040 3409032
1655662515445115831 5719941
1655662515654712858 8314301
1655662515867168592 10939977
1655662516082323765 13617096
1655662516306725516 18274707
1655662516518129390 8332115
1655662516727518240 7714416
1655662516934724854 6057685
1655662517140623199 4403594
1655662517349103535 7737965
1655662517556346537 5026707
1655662517766341032 8882101
1655662517971756242 3808031
1655662518176364487 3717651
1655662518386745634 7554192
1655662518597816501 9054910
1655662518828677540 28909719
1655662519040330837 7080806
1655662519250392466 8250374
1655662519459088573 6545650
1655662519667172389 6867258
1655662519874663014 5969024
1655662520082068476 6362169
1655662520289470703 5822318
1655662520495673801 4730837
1655662520699545321 2868174
1655662520906462625 4982292
1655662521122208684 10375145
1655662521332713603 7949525
1655662521544611127 5892639
1655662521754433135 7641954
1655662521958557724 2760621
1655662522162459802 2994449
1655662522367060752 3148488
1655662522572765793 3912693
1655662522778371427 4626482
1655662522983778286 4058421
1655662523190922536 3985320
1655662523396912284 4091171
1655662523604033092 4406780
1655662523811435733 5075398
1655662524021107644 7415505
1655662524229152308 4720434
1655662524435493227 4796407
1655662524643429999 7106842
1655662524851645570 7391676
1655662525062016830 8165806
1655662525271186034 7705031
1655662525486627339 11904394
1655662525712935399 12274081
1655662525925841737 6409241
1655662526137051231 6526502
1655662526365634272 8980957
1655662526570912176 3349956
1655662526776853449 4356592
1655662526985096169 7414803
1655662527196652537 8894300
1655662527404688339 6469930
1655662527612476442 6318491
1655662527819353772 5966187
1655662528025587616 3893942
1655662528231104320 4377675
1655662528439203660 7149340
1655662528644444738 3779936
1655662528851042146 5179727
1655662529056647576 4269472
1655662529263455597 4914270
1655662529472568193 8304402
1655662529679404121 3689357
1655662529883483046 3114303
1655662530088569161 3770361
1655662530295454957 5833124
1655662530502695317 4523249
1655662530706807201 2717552
1655662530911221004 3055128
1655662531116829024 3784029
1655662531322223076 4172108
1655662531528447260 3606869
1655662531733531930 3918348
1655662531940525719 5768980
1655662532146604900 4322489
1655662532351766571 4029874
1655662532557999189 5154523
1655662532772484177 10078670
1655662532984542390 9854236
1655662533215760530 19986743
1655662533427496589 7807020
1655662533641105049 8539782
1655662533855001841 11334513
1655662534068729963 11983325
1655662534279490837 9284122
1655662534485218565 4579437
1655662534703864087 14401549
1655662534915297337 6447918
1655662535125895885 8718951
1655662535332432435 5441623
1655662535537114200 3411293
1655662535741959806 3356221
1655662535946466285 2981846
1655662536150484714 3025607
1655662536355292730 3089410
1655662536559257841 3108522
1655662536768578831 7871503
1655662536980072260 7164039
1655662537191717269 7121819
1655662537403789990 8963801
1655662537617468870 10732867
1655662537832094095 13493683
1655662538045376067 7563192
1655662538253866626 7255823
1655662538462331121 6604128
1655662538667652984 4151249
1655662538871506641 2799545
1655662539075475195 2832849
1655662539279546409 2874267
1655662539484003363 3548105
1655662539688180634 3317536
1655662539892851820 2864994
1655662540096567655 2749747
1655662540300841913 2908589
1655662540505111821 2872574
1655662540708668099 2775912
1655662540912261306 2866597
1655662541115652390 2592700
1655662541319078740 2694659
1655662541522529883 2597407
1655662541726481992 2748877
1655662541931001796 3307061
1655662542137027270 4408955
1655662542344038709 3544642
1655662542549730894 4446097
1655662542757694041 3964857
1655662542964187945 4489985
1655662543171703197 4907000
1655662543382023726 8378861
1655662543587500671 4426598
1655662543794110441 4388110
1655662544000986589 5369023
1655662544207547315 3843500
1655662544413027746 4220601
1655662544619757189 4855078
1655662544825855932 4226262
1655662545032313194 3879058
1655662545237188484 3575402
1655662545442155704 3744066
1655662545646561478 3352073
1655662545854082595 6410318
1655662546063757359 6891808
1655662546276580974 5825585
1655662546487773003 9084012
1655662546698957512 9146056
1655662546908402822 6636191
1655662547120577162 10571169
1655662547331343207 4792613
1655662547541486669 5487032
1655662547751486423 5491636
1655662547961414909 4652954
1655662548170097265 6377483
1655662548380756685 4072951
1655662548590640201 8603937
1655662548804865884 11918512
1655662549010592561 4387331
1655662549216833914 5468784
1655662549422590628 4558904
1655662549629583668 5183291
1655662549836727639 6373327
1655662550043751709 5493941
1655662550251785593 6905904
1655662550458512762 5969427
1655662550665705377 5472957
1655662550872770322 5359072
1655662551078696770 4474373
1655662551284481874 4231007
1655662551500864133 13199384
1655662551712326156 7557752
1655662551920126280 5138229
1655662552130736457 5254615
1655662552338938779 6800792
1655662552545291514 5426314
1655662552754223196 6505945
1655662552961491173 4752434
1655662553169736790 7036938
1655662553377076608 5805782
1655662553584859877 6690618
1655662553791737633 5051326
1655662554003729278 9032493
1655662554212823511 4291351
1655662554421044825 4750878
1655662554628421040 5687082
1655662554836233503 4424121
1655662555043361765 4285307
1655662555249340419 4741465
1655662555457254472 6861213
1655662555664164652 4499738
1655662555876674505 8948457
1655662556084960544 6272283
1655662556293724633 6026339
1655662556503217569 5466414
1655662556709560234 4840467
1655662556918164919 7425669
1655662557127758392 8019027
1655662557338022875 3265038
1655662557544714711 5400759
1655662557754048188 7218043
1655662557961945454 4925341
1655662558176755648 9141933
1655662558383159420 4048375
1655662558590383077 4691492
1655662558799113670 6759244
1655662559006702467 5023584
1655662559213547114 4586042
1655662559420069964 5381629
1655662559628662969 6593159
1655662559834005759 4520636
1655662560038159331 3260320
1655662560242736968 3413777
1655662560446962908 3366337
1655662560651011409 3234197
1655662560855144001 3306923
1655662561059420744 3252088
1655662561263751278 3336766
1655662561467856343 3293623
1655662561671813107 3028079
1655662561876173881 3474308
1655662562080810550 3513378
1655662562287826959 4105869
1655662562497601345 8752596
1655662562707480494 8014588
1655662562919660320 8524484
1655662563129644449 7952833
1655662563336403045 5700205
1655662563544844318 7311227
1655662563752316282 5611667
1655662563961110221 6866981
1655662564167201559 4375363
1655662564372645389 4237137
1655662564580625887 6912570
1655662564787756915 5062217
1655662564997757864 7925857
1655662565209767760 10124058
1655662565420497610 9188588
1655662565630326588 5560802
1655662565840151048 8452619
1655662566048526559 6800635
1655662566257074503 6345812
1655662566474324316 12644219
1655662566687010206 11560771
1655662566897431974 5720586
1655662567110788553 10996241
1655662567322135899 5442669
1655662567530712611 4923620
1655662567743302044 10324772
1655662567948652803 3867960
1655662568153436271 3978986
1655662568358228595 3891804
1655662568563538980 4390473
1655662568768894612 4137046
1655662568973893361 4221502
1655662569178817109 3909669
1655662569383108045 3425026
1655662569588808855 4061468
1655662569800565069 10120011
1655662570011909564 9768379
1655662570230564183 11793648
1655662570444181485 11509534
1655662570656637614 10829751
1655662570860120641 2704900
1655662571065147139 4100385
1655662571272709197 6025838
1655662571483511050 5938120
1655662571692288601 6553814
1655662571898616234 5222460
1655662572104756901 5003340
1655662572315198994 5044874
1655662572522444787 4737758
1655662572730439087 5666213
1655662572938376462 6676221
1655662573145735354 5937464
1655662573356151713 8451679
1655662573563849434 6121589
1655662573772222366 7229121
1655662573981532801 7828341
1655662574194590761 12162849
1655662574409804645 6909337
1655662574624585290 12894150
1655662574845495140 18791108
1655662575056482025 9130008
1655662575271632598 9930780
1655662575482745553 10001816
1655662575694866795 10080600
1655662575906555729 9588406
1655662576118774386 7955696
1655662576330970064 9176078
1655662576543250548 10432488
1655662576750010138 5252400
1655662576957701863 6023898
1655662577165310621 6600862
1655662577377426235 8688219
1655662577585608344 6043018
1655662577793649473 6816320
1655662578001536573 4767529
1655662578209437196 6771113
1655662578419224516 7410729
1655662578629008031 5961371
1655662578838736366 8814982
1655662579046560255 5791639
1655662579250452732 3060716
1655662579454238728 2997704
1655662579658052497 2888061
1655662579862048544 2944732
1655662580066605626 3641634
1655662580271015369 3329556
1655662580476764453 4293516
1655662580681346400 3499185
1655662580886547593 3917111
1655662581092054213 3724303
1655662581296483304 3454534
1655662581501014266 3656515
1655662581705757803 3163111
1655662581909677249 2982787
1655662582114219094 3446276
1655662582319498415 3731073
1655662582524639573 3937617
1655662582729628309 3185468
1655662582935216605 4410470
1655662583148526161 11033293
1655662583355478369 4734239
1655662583562742007 6278174
1655662583770669376 5755065
1655662583980334080 4670462
1655662584186638126 5116259
1655662584393527753 4726886
1655662584598629674 3926882
1655662584805190378 5362447
1655662585012959351 5237619
1655662585220095660 4439332
1655662585425934725 3884986
1655662585633656262 6211512
1655662585842097008 7289205
1655662586051199048 7546867
1655662586257608929 4834960
1655662586464139215 5010727
1655662586673706200 8463434
1655662586882763029 5364390
1655662587088729378 4701948
1655662587295916446 5637626
1655662587501856991 4446841
1655662587709193508 4774060
1655662587922616471 11886414
1655662588130399861 6969809
1655662588339229366 6839579
1655662588550545262 9135023
1655662588759822264 8025546
1655662588968672831 7423784
1655662589178509780 7798105
1655662589387670778 7193420
1655662589598762255 9386355
1655662589812832720 12987859
1655662590029984376 15260457
1655662590242583568 11458256
1655662590453395628 8735739
1655662590662668134 6870996
1655662590873403712 6567643
1655662591081567128 6627407
1655662591287328916 3967509
1655662591491483767 2975294
1655662591725396351 32356936
1655662591937266374 10484731
1655662592148251284 7763125
1655662592358931317 9243108
1655662592570533165 8514854
1655662592782178328 8461991
1655662592993360174 8674150
1655662593210294259 15501881
1655662593420658146 7856296
1655662593628243873 5650620
1655662593837637681 5848367
1655662594047035446 7294685
1655662594255581557 6768269
1655662594465253321 7488467
1655662594674348657 7619737
1655662594885734376 10014344
1655662595094527112 7763677
1655662595302717757 6801706
1655662595506436019 3028211
1655662595710785977 3061887
1655662595914757737 2866193
1655662596118374903 2963800
1655662596322305208 2944982
1655662596526215346 2998722
1655662596730102950 3065425
1655662596934286034 3233500
1655662597138085457 3013836
1655662597342368509 3004885
1655662597546421547 3141502
1655662597750137060 2920262
1655662597953817489 2872081
1655662598157924380 3204344