1655529402801556820 395979096
1655529403105556353 102441779
1655529403313438559 6426914
1655529403520207939 5428949
1655529403803009273 82036385
1655529404009397988 5130418
1655529404216035585 5339359
1655529404422385161 5199729
1655529404629053018 5310892
1655529404835781345 5395771
1655529405042336774 5235435
1655529405249941481 6275385
1655529405456597335 5352269
1655529405663402588 5482932
1655529405870382927 5641771
1655529406077587939 5869718
1655529406284547743 5592993
1655529406503192825 17337981
1655529406709684464 5177749
1655529406916726445 5753367
1655529407123749199 5667301
1655529407330327919 5236143
1655529407537320170 5732774
1655529407744679880 6074370
1655529407951970411 6009930
1655529408160028357 6773877
1655529408367264875 5896719
1655529408574599517 5935747
1655529408781871800 5840574
1655529408989150017 5871850
1655529409196419300 5879159
1655529409403586516 5823815
1655529409610601425 5667094
1655529409817216101 5242651
1655529410023883562 5326812
1655529410230550573 5343591
1655529410437393755 5542037
1655529410644117565 5401938
1655529410850772058 5446618
1655529411057423099 5383197
1655529411264112690 5433679
1655529411470832615 5475956
1655529411677531300 5392834
1655529411884277914 5473885
1655529412091090947 5517766
1655529412298003755 5520458
1655529412504638890 5360844
1655529412711329916 5424147
1655529412918063511 5437743
1655529413124621537 5299900
1655529413331560217 5713168
1655529413538235239 5334344
1655529413744984852 5454752
1655529413951693730 5445029
1655529414159137830 6088991
1655529414365995995 5573009
1655529414572708332 5409086
1655529414779483228 5529532
1655529414986324484 5538189
1655529415192959836 5338015
1655529415400219611 5957883
1655529415606754187 5245892
1655529415813443274 5372872
1655529416019949396 5275459
1655529416226855117 5585133
1655529416433570848 5402262
1655529416640429570 5565560
1655529416847164536 5447140
1655529417054163294 5659909
1655529417260891036 5446263
1655529417467370190 5328182
1655529417673991392 5270436
1655529417880727403 5552318
1655529418087444143 5423314
1655529418294066342 5322013
1655529418501086441 5772753
1655529418707790478 5409296
1655529418914652331 5496998
1655529419121485721 5499257
1655529419328111892 5393021
1655529419534859871 5445385
1655529419741562884 5436846
1655529419949236126 6376546
1655529420156435001 5853112
1655529420363255507 5517342
1655529420569275341 4825078
1655529420775927402 5283778
1655529420982432658 5215977
1655529421188807693 5071284
1655529421395688077 5564728
1655529421602948179 5799687
1655529421809532886 5068367
1655529422016214367 5218319
1655529422223015896 5589516
1655529422429148499 4856625
1655529422636660448 6188529
1655529422843775630 5824579
1655529423050794998 5518996
1655529423256856741 4343220
1655529423464048161 5646530
1655529423671256711 5597153
1655529423876877379 4185223
1655529424083922754 5601749
1655529424290630262 5080011
1655529424496627877 4330445
1655529424702831064 4912577
1655529424909752282 5584953
1655529425116912533 5874748
1655529425323699739 5369608
1655529425530417228 5041281
1655529425737342161 5299022
1655529425944694761 5806325
1655529426150895001 4806165
1655529426358598063 6057791
1655529426565313796 5211623
1655529426771791428 5051498
1655529426977814218 4676943
1655529427184731409 5351043
1655529427391467891 5252566
1655529427603010445 10047218
1655529427808587536 4266877
1655529428014366983 4641738
1655529428221415200 5520782
1655529428427881751 5039825
1655529428634801860 5478913
1655529428841816086 5558659
1655529429048232181 4831860
1655529429254761708 5116531
1655529429461616319 5402693
1655529429667708424 4900159
1655529429873774549 4653243
1655529430080610015 5533691
1655529430304300291 22405430
1655529430510925671 5376682
1655529430717506849 5351511
1655529430924396385 5587719
1655529431131203001 5536797
1655529431338041093 5445858
1655529431544529285 5243071
1655529431751198720 5562875
1655529431957579543 5249443
1655529432165233403 6321117
1655529432371913493 5523392
1655529432578960007 5706533
1655529432786258521 6001797
1655529432993303829 5705119
1655529433199780634 5224207
1655529433406047435 4969770
1655529433612655711 5304947
1655529433818979127 5051915
1655529434025512764 5239024
1655529434232448105 5608050
1655529434438858567 5186069
1655529434645542375 5436912
1655529434852096761 5428342
1655529435058556577 5199883
1655529435265065256 5207663
1655529435471845109 5496056
1655529435678751761 5558492
1655529435885409659 5349969
1655529436091934904 5456362
1655529436298746530 5636042
1655529436505971367 5923944
1655529436712506649 5221533
1655529436919116562 5340868
1655529437125390114 4974316
1655529437332190605 5447687
1655529437538151445 5056721
1655529437744856189 5661883
1655529437951321669 5220354
1655529438157948191 5555414
1655529438364502044 5492374
1655529438571016251 5332965
1655529438776796206 4653655
1655529438982306389 4458125
1655529439188442561 5035830
1655529439393637170 4285100
1655529439602897959 7988529
1655529439808102554 4299614
1655529440013245896 4070975
1655529440218294537 4132661
1655529440424163643 4974802
1655529440629570854 4304284
1655529440835649849 4935453
1655529441042989919 5587729
1655529441251327510 6601291
1655529441457897805 4950348
1655529441665053780 4989112
1655529441872051616 5310898
1655529442080217776 6130224
1655529442286399878 4956201
1655529442493420062 5486768
1655529442699272150 4737628
1655529442907974785 6552664
1655529443115701618 6299167
1655529443320981529 3883882
1655529443527984583 5521294
1655529443734516001 5200184
1655529443940916076 5141551
1655529444147523043 5041466
1655529444354802460 5634260
1655529444561422063 5588778
1655529444767815515 5215453
1655529444974659839 5456570
1655529445182103257 5834598
1655529445388625693 5258883
1655529445595102986 5160696
1655529445802162667 5517757
1655529446008759807 5292046
1655529446215570622 5386637
1655529446422211804 5231112
1655529446629122414 5333548
1655529446835685442 5213849
1655529447042132935 5321544
1655529447250226135 6530196
1655529447456895632 5007764
1655529447664023840 5442599
1655529447869065819 3881395
1655529448076340688 5896114
1655529448282487873 4737972
1655529448488444835 4454788
1655529448694204507 4640395
1655529448900437498 4896493
1655529449106282571 4699462
1655529449312094622 4497303
1655529449519757207 5508616
1655529449725367965 4263722
1655529449932235582 4730057
1655529450140534194 6204193
1655529450348812210 6140208
1655529450555788211 5448431
1655529450763671273 5728471
1655529450970931488 5395521
1655529451177389475 4900953
1655529451384123791 5218838
1655529451591289434 5432908
1655529451798692092 5636795
1655529452005190239 5050345
1655529452211990858 5302323
1655529452419803352 5990178
1655529452626334318 5052098
1655529452833508211 5445092
1655529453041118373 5922457
1655529453250579409 7492984
1655529453458053971 6170008
1655529453666559176 7016911
1655529453873261106 5260621
1655529454080597429 5587977
1655529454286785325 4556350
1655529454494047332 5133645
1655529454700117982 4621258
1655529454906466307 4651567
1655529455113408008 5347388
1655529455319337876 4399773
1655529455526065478 5319586
1655529455732736727 5138085
1655529455938403299 4334048
1655529456144747252 5007159
1655529456350464352 4730285
1655529456557949495 5869098
1655529456764416641 5213684
1655529456970480909 4898448
1655529457176487671 4986924
1655529457383327859 5394876
1655529457591231544 6123009
1655529457798618003 5754231
1655529458006188881 5944211
1655529458213264720 5612647
1655529458420249192 5548131
1655529458627776586 5964234
1655529458834617363 5223034
1655529459041280226 5168853
1655529459249220339 6449818
1655529459456558292 5458501
1655529459663078046 4682956
1655529459871633363 6937076
1655529460078849745 5358972
1655529460286143062 5172116
1655529460492817333 4562701
1655529460700171710 5586504
1655529460907184108 5173931
1655529461114398920 5285951
1655529461321733672 5284893
1655529461528689741 4986409
1655529461736197289 5372344
1655529461943646149 5347595
1655529462150913877 5371370
1655529462357931620 5122710
1655529462564711885 5225200
1655529462771716974 5407248
1655529462978367249 5188321
1655529463185069860 5311976
1655529463391573679 5252559
1655529463598106309 5203149
1655529463804796029 5303000
1655529464011384778 5254308
1655529464218079442 5201521
1655529464424858454 5157040
1655529464631671576 5257942
1655529464838568693 5291628
1655529465045336906 5203284
1655529465252375492 5396910
1655529465459232523 5301089
1655529465666574656 5224023
1655529465873945416 5185529
1655529466081071688 5176832
1655529466288592091 5365724
1655529466496089907 5422338
1655529466703147683 5230771
1655529466909919923 4894387
1655529467117164210 5084639
1655529467324571506 5298793
1655529467531669348 5166883
1655529467738962121 5251788
1655529467946265193 5195867
1655529468153198454 4892596
1655529468360654494 5407855
1655529468568163317 5535229
1655529468775706943 5686864
1655529468982545982 5337373
1655529469189249124 5412601
1655529469396050343 5561845
1655529469602628344 5297076
1655529469809033806 5259169
1655529470015862840 5520338
1655529470222575675 5322040
1655529470429492498 5600674
1655529470635994059 5164445
1655529470842487523 5170586
1655529471049412297 5627853
1655529471255838805 5121403
1655529471462467926 5295220
1655529471669075505 5353419
1655529471876816307 6424083
1655529472083553144 5440483
1655529472291837545 6983632
1655529472498500599 5186887
1655529472705298997 5303510
1655529472911988766 5411105
1655529473118581859 5548234
1655529473325478459 5643237
1655529473532338766 5672709
1655529473738895767 5590401
1655529473945727882 5548866
1655529474152540152 5339582
1655529474359188537 5443423
1655529474566355317 5555307
1655529474773594174 5882221
1655529474980270428 5419772
1655529475186825820 5500954
1655529475394374908 6250922
1655529475601783385 6278877
1655529475808540949 5446578
1655529476015487943 5631147
1655529476221368828 4647229
1655529476428119274 5462868
1655529476633236273 4273076
1655529476839651394 5149572
1655529477046341117 5450295
1655529477253256026 5603302
1655529477459808944 5187767
1655529477666221438 5224361
1655529477873381834 5840258
1655529478079864133 5183384
1655529478286331536 5331330
1655529478492896200 5275482
1655529478699704120 5522473
1655529478906196039 5269029
1655529479112776495 5562272
1655529479320229788 6161237
1655529479526306307 4913526
1655529479732798645 5409046
1655529479939714414 5643770
1655529480145922348 4916689
1655529480352728667 5517326
1655529480559451202 5548188
1655529480766422400 5612300
1655529480973591451 5826454
1655529481180050157 5087113
1655529481386107937 4902623
1655529481592283171 4899360
1655529481798097260 4857095
1655529482005348378 5894305
1655529482211851702 5146491
1655529482418888089 5718433
1655529482626452273 6130315
1655529482833424618 5647523
1655529483040724629 5912701
1655529483247949878 5879193
1655529483455064112 5737772
1655529483662263578 5791788
1655529483869502112 5915133
1655529484075886393 5120342
1655529484282891789 5625562
1655529484489995065 5688509
1655529484697151521 5778186
1655529484904144716 5591484
1655529485111098291 5645349
1655529485317989638 5501323
1655529485524786069 5490310
1655529485731770758 5674283
1655529485938480599 5305057
1655529486144676864 4861348
1655529486351244127 5252129
1655529486557866601 5293930
1655529486764445895 5325831
1655529486971059545 5306845
1655529487177550677 5158955
1655529487384153922 5245481
1655529487590756282 5335358
1655529487797315479 5243495
1655529488003887111 5280925
1655529488210554967 5356292
1655529488417266984 5442135
1655529488623887182 5294842
1655529488830359983 5175290
1655529489036918920 5259374
1655529489243564050 5308340
1655529489450110506 5195767
1655529489657529531 6075471
1655529489863997522 5162404
1655529490070622931 5257065
1655529490277282006 5338021
1655529490483955829 5374990
1655529490690664993 5350232
1655529490896917001 4965951
1655529491103669583 5461403
1655529491310701996 5700432
1655529491517371134 5372101
1655529491724423136 5729703
1655529491931582786 5720602
1655529492138495561 5522467
1655529492345215405 5338556