1655412592353922633 294625965
1655412592561495061 5348271
1655412592771123996 7186041
1655412592980786967 7022833
1655412593190687577 7227085
1655412593399902103 6814758
1655412593609176864 6974370
1655412593818767160 6925237
1655412594028530896 7355050
1655412594238802183 7469377
1655412594448472798 7104697
1655412594658437033 7197097
1655412594868140973 7244201
1655412595077216408 7376761
1655412595287137513 7245943
1655412595496413230 7123394
1655412595706103999 7291327
1655412595915971732 7351436
1655412596126197575 7402910
1655412596336243193 7421994
1655412596546404374 7406970
1655412596756104321 7276255
1655412596966094098 7178118
1655412597175924311 7157887
1655412597385621845 7180526
1655412597595548012 7314813
1655412597805366567 7335022
1655412598014926218 7118783
1655412598225083526 7497227
1655412598435683672 7913087
1655412598645586024 7184547
1655412598854327659 6300236
1655412599064123746 7336553
1655412599274356334 7344197
1655412599484382641 7403882
1655412599694167776 7134351
1655412599905095182 8041621
1655412600115340534 7629485
1655412600325413229 7305396
1655412600535489989 7548640
1655412600745913298 8041618
1655412600955549728 7061259
1655412601165435088 7512826
1655412601375369509 7460966
1655412601585083863 7458219
1655412601795110940 7450020
1655412602004825786 6990315
1655412602214812239 7317510
1655412602423385217 6466318
1655412602633566428 7534815
1655412602842616808 6450732
1655412603052467011 7285955
1655412603262278369 7181357
1655412603470740644 6396338
1655412603680388900 6996542
1655412603890087788 7087738
1655412604099329951 6905806
1655412604309402070 7344961
1655412604518329822 6576808
1655412604727697125 7209642
1655412604937655782 7319485
1655412605147531727 7262095
1655412605357525164 7526234
1655412605567417232 7257864
1655412605776861248 6837438
1655412605986838746 7376196
1655412606196750647 7375240
1655412606407002557 7565876
1655412606617327424 7713570
1655412606827595702 7477033
1655412607037535632 7295472
1655412607247611953 7468573
1655412607458894911 8657281
1655412607668568371 7161472
1655412607877903123 7084731
1655412608087388741 7193793
1655412608296964753 7561385
1655412608506482733 7094426
1655412608716694411 7614798
1655412608927172060 7496942
1655412609138725174 8882586
1655412609348128218 6718550
1655412609558170236 7315642
1655412609767702634 7204389
1655412609977230412 7305280
1655412610186738356 7015919
1655412610396003049 6981340
1655412610605362369 7113406
1655412610815666220 7664225
1655412611025896914 7608988
1655412611236047218 7358650
1655412611446810286 8002910
1655412611656895368 7445795
1655412611867163512 7539291
1655412612076442122 6586748
1655412612286294640 7219988
1655412612496229390 7221034
1655412612706376672 7334816
1655412612916277701 7338726
1655412613126276197 7354776
1655412613336158827 7278424
1655412613546103371 7264554
1655412613756196049 7449099
1655412613966501188 7558930
1655412614176725729 7261080
1655412614387019419 7534382
1655412614596945971 7447124
1655412614808039942 8393529
1655412615018101545 7264263
1655412615227717764 7130362
1655412615437918097 7140351
1655412615647573096 7148565
1655412615857765414 7533831
1655412616067981208 7463305
1655412616277979434 7394747
1655412616487898674 7313277
1655412616698016474 7305123
1655412616907990956 7318266
1655412617118024435 7351778
1655412617327964167 7193247
1655412617538075742 7462587
1655412617748114926 7418211
1655412617958325195 7503779
1655412618167817945 6823569
1655412618378013449 7539138
1655412618587834653 7168379
1655412618797643917 7037254
1655412619007643716 7448551
1655412619217706417 7383858
1655412619427786194 7444087
1655412619637645030 7236271
1655412619847507949 7335319
1655412620055062060 5453263
1655412620262728147 5576788
1655412620470153815 5427070
1655412620677347321 5181914
1655412620885113488 5663515
1655412621092530658 5364846
1655412621299810346 5220282
1655412621507307745 5443492
1655412621714701228 5307114
1655412621921943142 5266173
1655412622129358042 5374883
1655412622336915630 5464692
1655412622544219351 5225583
1655412622751595901 5334753
1655412622958756845 5171285
1655412623166050915 5282624
1655412623373307228 5151061
1655412623580580419 5310776
1655412623787913955 5311842
1655412623995460536 5508200
1655412624202992111 5503194
1655412624410585673 5525155
1655412624618142296 5541072
1655412624825541598 5312486
1655412625033034463 5419378
1655412625240367145 5337645
1655412625447758081 5353327
1655412625655311951 5547075
1655412625862679185 5332051
1655412626070257346 5464068
1655412626277603890 5384350
1655412626485189056 5425947
1655412626692458844 5268260
1655412626899768168 5237365
1655412627106959312 5178358
1655412627314502167 5479865
1655412627521889578 5296922
1655412627729234132 5318584
1655412627939569278 7217782
1655412628147205655 5650195
1655412628354678762 5422633
1655412628562083771 5283592
1655412628769467362 5321158
1655412628976939901 5282372
1655412629184316328 5117860
1655412629391516579 5083843
1655412629599075998 5408646
1655412629806491635 5290090
1655412630013952033 5432290
1655412630221408542 5263786
1655412630428641710 5107899
1655412630636121855 5177780
1655412630843598318 5305186
1655412631051251682 5470796
1655412631258863608 5359299
1655412631466379925 5301065
1655412631673625296 5243429
1655412631881144246 5300852
1655412632088665441 5320008
1655412632295972348 5221763
1655412632503458923 5354554
1655412632710747182 5285624
1655412632917992130 5213464
1655412633125232147 5081821
1655412633332606818 5225129
1655412633539561681 4772972
1655412633746901652 5380919
1655412633953991631 5006693
1655412634161401993 5258071
1655412634368566878 5265332
1655412634575767360 5285641
1655412634782932867 5262482
1655412634990215474 5327607
1655412635197754026 5303540
1655412635405128677 5271874
1655412635612386103 5096373
1655412635819731479 5367462
1655412636027356903 5673558
1655412636234851665 5484880
1655412636442128905 5286112
1655412636649458436 5201913
1655412636856541060 5119857
1655412637063609588 4960120
1655412637270664972 5224474
1655412637478109557 5397985
1655412637685509848 5348449
1655412637892641147 5131423
1655412638100256342 5458501
1655412638307839938 5644023
1655412638515265502 5561040
1655412638722771186 5588569
1655412638929850275 5214603
1655412639137374356 5344289
1655412639344799463 5195993
1655412639552075121 5291115
1655412639759521619 5481848
1655412639967094067 5662307
1655412640174390427 5355016
1655412640381698280 5322252
1655412640589248031 5420716
1655412640796167281 4863594
1655412641003811042 5711534
1655412641210645947 4906061
1655412641417850751 5249337
1655412641625108686 5177218
1655412641832270813 5047302
1655412642039632601 5363941
1655412642247328335 5746497
1655412642454695116 5407743
1655412642662124234 5493094
1655412642869171139 5063434
1655412643076472781 5194990
1655412643283669614 5278039
1655412643491392140 5618003
1655412643698691209 5314105
1655412643905955745 5317820
1655412644113237688 5246201
1655412644320728207 5404891
1655412644527868875 5013473
1655412644735078418 5293481
1655412644942370860 5309596
1655412645149554255 5122035
1655412645357060819 5452488
1655412645564266471 5192938
1655412645771392738 5257944
1655412645978435172 5196958
1655412646185576238 5338544
1655412646392691872 5084074
1655412646600036450 5207758
1655412646807383275 5452790
1655412647014723724 5368405
1655412647221932802 5334186
1655412647429218754 5149944
1655412647636427572 5073988
1655412647843737284 5412018
1655412648051350905 5648392
1655412648258689356 5389806
1655412648466039048 5411573
1655412648673203930 5177717
1655412648880582300 5192527
1655412649087658899 5228422
1655412649294916911 5339553
1655412649502270327 5425293
1655412649709481747 5167146
1655412649916760774 5250521
1655412650124012720 5140202
1655412650331497615 5592592
1655412650538728799 5263541
1655412650746004470 5273794
1655412650953595551 5552295
1655412651160904519 5234210
1655412651368366548 5442283
1655412651575762827 5510755
1655412651783283966 5475960
1655412651990817592 5569468
1655412652198146682 5401262
1655412652405777691 5529490
1655412652613048482 5187136
1655412652820299704 5110906
1655412653027458324 5228446
1655412653234643960 5323607
1655412653441659989 5112131
1655412653648991384 5310561
1655412653855904003 4904451
1655412654063352089 5417799
1655412654270868523 5489282
1655412654478013472 5166562
1655412654685204175 5091144
1655412654892412266 5141215
1655412655099698681 5287270
1655412655306992035 5293203
1655412655513970972 5054167
1655412655721250822 5179517
1655412655928438622 5092889
1655412656135934813 5478068
1655412656343208249 5307682
1655412656550388329 5323318
1655412656757610904 5240601
1655412656964939633 5219903
1655412657172383269 5269345
1655412657379763949 5311355
1655412657587402552 5619871
1655412657794674573 5242267
1655412658001979525 5352552
1655412658209416497 5302351
1655412658416750815 5235375
1655412658623283132 4819830
1655412658829757172 4752405
1655412659037114127 5311135
1655412659244263946 5213341
1655412659451486037 5238988
1655412659658934027 5439709
1655412659866276946 5332905
1655412660072921694 4834993
1655412660280346821 5279335
1655412660487756076 5413571
1655412660695304373 5532001
1655412660903019591 5638628
1655412661110237207 5258004
1655412661317630995 5319834
1655412661524963408 5300836
1655412661731664687 4854774
1655412661938983446 5262371
1655412662146271148 5309138
1655412662353664481 5372038
1655412662560943748 5220510
1655412662768337310 5286676
1655412662975636400 5335835
1655412663183013705 5385982
1655412663390426616 5367494
1655412663597534241 5170295
1655412663804755628 5083783
1655412664012259038 5363472
1655412664219674455 5355564
1655412664427268452 5609443
1655412664634239403 5056272
1655412664841668248 5282920
1655412665049108122 5295336
1655412665256411214 5270087
1655412665463677552 5275633
1655412665671035485 5441093
1655412665878226412 5296656
1655412666085798925 5400227
1655412666293422923 5425713
1655412666500818739 5239660
1655412666708239823 5296028
1655412666915529052 5328571
1655412667122832694 5343035
1655412667330322233 5490920
1655412667537782720 5491858
1655412667745097437 5222419
1655412667952439835 5175564
1655412668159719112 5326258
1655412668367240469 5579328
1655412668574530161 5202387
1655412668781791874 5299218
1655412668988443033 4801233
1655412669195714035 5369728
1655412669403217033 5545548
1655412669610973471 5733408
1655412669818241282 5342399
1655412670025829125 5488484
1655412670233210867 5318792
1655412670440357992 5040769
1655412670647522439 5216126
1655412670854755481 5335582
1655412671062221945 5595326
1655412671269339348 5085125
1655412671476380967 4948316
1655412671683758230 5410964
1655412671891231122 5459095
1655412672098560363 5298050
1655412672305661083 5103754
1655412672513190438 5368731
1655412672720456981 5245482
1655412672927671108 5172507
1655412673134858819 5218974
1655412673342120054 5197795
1655412673549522091 5372483
1655412673756753780 5193274
1655412673963991568 5117322
1655412674170364541 4641803
1655412674377773050 5332291
1655412674585239164 5378363
1655412674792628894 5303880
1655412675000087593 5387854
1655412675207495041 5411758
1655412675414789924 5337476
1655412675622094125 5372161
1655412675829410371 5212901
1655412676036807360 5255442
1655412676244285418 5313997
1655412676451824548 5501790
1655412676659126409 5269229
1655412676866410486 5294498
1655412677073607271 5247873
1655412677280936023 5244457
1655412677488259525 5242207
1655412677695370469 5143052
1655412677902454901 5038524
1655412678109855634 5399535
1655412678317335615 5408939
1655412678524810249 5357860
1655412678732181836 5254843
1655412678939706990 5527575
1655412679146931076 5217876
1655412679354380554 5363615
1655412679561671953 5237037
1655412679769036593 5291212
1655412679976242832 5218794
1655412680183700215 5487637
1655412680390967843 5218186
1655412680598122183 5152804
1655412680805301745 5171905
1655412681012701806 5345481
1655412681220204619 5396611
1655412681427460476 5220629
1655412681634884705 5370369
1655412681842261100 5340750
1655412682049259320 4997315
