1655509820955271490 259337750
1655509821162828159 5812830
1655509821560001140 104779642
1655509822356176141 401844250
1655509822563691669 6104892
1655509823055072478 198716754
1655509823262441380 5966226
1655509823469006803 5132098
1655509823757593608 87243553
1655509823965834102 6722368
1655509824358416485 191199074
1655509824754053351 194330052
1655509825061884658 7489039
1655509825461194565 104136756
1655509825759237822 96711668
1655509826056682356 95838031
1655509827555065745 1296864079
1655509828870437035 1015093080
1655509829077147291 5360457
1655509829555734347 277222877
1655509829857763452 100683184
1655509830357650377 298521803
1655509831686566978 1030871739
1655509831960186498 72591816
1655509832358039223 101784363
1655509832759308779 199954025
1655509834376716667 1222205137
1655509835595512830 1017147684
1655509835859397842 62339621
1655509836066901803 6126046
1655509836361823999 7565530
1655509836661850367 98618892
1655509836957770917 94626751
1655509837263236989 104112575
1655509837557104015 92456729
1655509837857749170 99241244
1655509838066168884 6358994
1655509838359974586 92507252
1655509838657500061 96085297
1655509838866431944 6819554
1655509839163189385 8725948
1655509839458245471 93561844
1655509839665082126 5450213
1655509839959481809 93095909
1655509840256550083 95735719
1655509840464021077 6102336
1655509840762222825 6497143
1655509841154573826 99488014
1655509841363251156 6635559
1655509841656581115 91979145
1655509841863707800 5746157
1655509842255509973 100251461
1655509842464027073 7032722
1655509842762628673 7199110
1655509843061235737 97298627
1655509843359231869 96690755
1655509843567235041 6308126
1655509843861017142 6025431
1655509844161721930 98525999
1655509844460236754 96553555
1655509844757395119 95393709
1655509845055046085 96320384
1655509845354541956 98076732
1655509845562753738 6028147
1655509845863443074 8082588
1655509846157020802 92191846
1655509846364950670 6434074
1655509846658459004 92188810
1655509846956422045 96562246
1655509847257644087 99856403
1655509847466405509 6994765
1655509847760215754 92371323
1655509848057751793 96097566
1655509848363520692 103717587
1655509848663070603 7358081
1655509848956491598 91998230
1655509849165940631 7659902
1655509849554693960 187430901
1655509849854698771 98569423
1655509850062396214 6183343
1655509850361124280 97199472
1655509850661115727 97813740
1655509850963085048 99773068
1655509851261274073 6781887
1655509851565617897 9253537
1655509851862673905 6751005
1655509852255051335 98554248
1655509852558709938 101104629
1655509852954851233 100759572
1655509853163978470 7672487
1655509853462350513 5934112
1655509853854551383 99956665
1655509854062699971 6133274
1655509854360499470 5944024
1655509854659384600 97563363
1655509854957591256 96278038
1655509855380698324 221432965
1655509855587321200 5336973
1655509855793855819 5247283
1655509856000166289 4901233
1655509856206729232 5259077
1655509856616989917 208959915
1655509856823816392 5450149
1655509857030204960 5099664
1655509857236981941 5505380
1655509857443445366 5196876
1655509857650640048 5857034
1655509857857161459 5189026
1655509858063584856 5109204
1655509858270137558 5163768
1655509858476613488 5175411
1655509858682322877 4591216
1655509858887663072 4334123
1655509859093560096 4668991
1655509859298661558 4122578
1655509859503884632 4266384
1655509859709922991 4823949
1655509859915533538 4393891
1655509860120907817 4423789
1655509860327473366 5277311
1655509860556382242 27527123
1655509860762743724 5088918
1655509860969156442 5115466
1655509861175563375 5118665
1655509861381456966 4680555
1655509861586838450 4308283
1655509861792630255 4612696
1655509861998666060 4808963
1655509862204210178 4427718
1655509862410045728 4693976
1655509862615244695 4083769
1655509862820824216 4446773
1655509863056373441 34358708
1655509863262873606 5179943
1655509863469309133 5115736
1655509863675807212 5215286
1655509863881357554 4388953
1655509864087369814 4845578
1655509864292651080 4262212
1655509864498387048 4538388
1655509864704006300 4538418
1655509864909513050 4520197
1655509865115456544 4748069
1655509865320893958 4297229
1655509865526613105 4555294
1655509865731881379 4187093
1655509865937451001 4508083
1655509866142920484 4408304
1655509866356000030 11772697
1655509866561051913 4183061
1655509866766677113 4536068
1655509866972021262 4334017
1655509867177747683 4797618
1655509867384091658 5188918
1655509867589420788 4239974
1655509867794753351 4163367
1655509868000135654 4097966
1655509868206213233 4851755
1655509868412027094 4562334
1655509868618107525 4956780
1655509868824487650 5044448
1655509869030441258 4677017
1655509869235971003 4435369
1655509869441774289 4721399
1655509869648304918 5199715
1655509869856274221 6586489
1655509870062783573 5187041
1655509870269155948 5007745
1655509870475677914 5221357
1655509870682185774 5102199
1655509870888918426 5341144
1655509871095385276 5151880
1655509871301893350 5197706
1655509871508211301 4991310
1655509871714322420 4853427
1655509871920832662 5213794
1655509872127664495 5479780
1655509872334078488 5110056
1655509872556349703 20933170
1655509872762960678 5297835
1655509872969310159 5042578
1655509873175791279 5171824
1655509873381737734 4750152
1655509873587259097 4521226
1655509873793743403 5203563
1655509874000244783 5223974
1655509874206421729 4972147
1655509874412585863 4815118
1655509874618858207 4907843
1655509874824841224 4444417
1655509875057479555 30753173
1655509875264161673 5356502
1655509875470625386 5099163
1655509875677068469 5069539
1655509875883525657 5135401
1655509876089879120 5079517
1655509876296514103 5276957
1655509876502929220 5140848
1655509876709373926 5099425
1655509876915868556 5200253
1655509877122368537 5195186
1655509877356351387 32630861
1655509877562715349 5104749
1655509877769103518 5100821
1655509877975610801 5208108
1655509878182004557 5014739
1655509878388528009 5207368
1655509878594938647 5117130
1655509878801380818 5132040
1655509879007705752 5112395
1655509879214096924 5103467
1655509879420428646 5190094
1655509879626905304 5183260
1655509879833302997 5040155
1655509880039907969 5258573
1655509880245702380 4714918
1655509880456261499 9230231
1655509880662713415 5140338
1655509880869111967 5088619
1655509881075601372 5203380
1655509881282045271 5129744
1655509881488602926 5179816
1655509881695133882 5211769
1655509881901579628 5174820
1655509882108081655 5197326
1655509882314505445 5073070
1655509882521007443 5180239
1655509882727646837 5331924
1655509882934189811 5188636
1655509883140741898 5222261
1655509883357244437 15181826
1655509883563772571 5231148
1655509883770208772 5104813
1655509883976812863 5239541
1655509884183361393 5230250
1655509884389792676 5084960
1655509884596304601 5191690
1655509884802721453 5137818
1655509885009128661 5044517
1655509885215831882 5438373
1655509885422257558 5172804
1655509885628848887 5214108
1655509885857304212 27152916
1655509886063764488 5177136
1655509886270341081 5274375
1655509886476919535 5271978
1655509886683530821 5293336
1655509886890000217 5146598
1655509887096531868 5238987
1655509887303052006 5190475
1655509887509432560 5061684
1655509887716486791 5717157
1655509887923000925 5198694
1655509888129469377 5138946
1655509888356149309 25372642
1655509888562564725 5102554
1655509888769173855 5309127
1655509888975758324 5259672
1655509889182287685 5220870
1655509889388866734 5274689
1655509889595510256 5357423
1655509889801972094 5153929
1655509890008546620 5255249
1655509890214939772 5094480
1655509890421395943 5125977
1655509890628098988 5373018
1655509890856352150 26965318
1655509891062889308 5214470
1655509891269293141 5087049
1655509891475838188 5184528
1655509891682290020 5136683
1655509891888798464 5143710
1655509892095410207 5291003
1655509892301893883 5210931
1655509892508425077 5213555
1655509892714946306 5181738
1655509892921396650 5117601
1655509893127846130 5128147
1655509893334388470 5192738
1655509893541028018 5342256
1655509893757605459 15279581
1655509893964140384 5235893
1655509894170579719 5076200
1655509894377104515 5203042
1655509894583661161 5226419
1655509894790156127 5174162
1655509894996737561 5246048
1655509895203302174 5227527
1655509895409739700 5124289
1655509895616377806 5279557
1655509895822805828 5121091
1655509896029186609 5112765
1655509896235721047 5183654
1655509896456908132 19859315
1655509896663422406 5180610
1655509896869868863 5085044
1655509897076330693 5184150
1655509897282748420 5124128
1655509897489167068 5075369
1655509897695713446 5228038
1655509897902328035 5295289
1655509898108844372 5194373
1655509898315315190 5154247
1655509898521836482 5160631
1655509898728404258 5183988
1655509898956372533 26646375
1655509899162876665 5180390
1655509899369209427 4995407
1655509899575783714 5245558
1655509899782268034 5151193
1655509899988725963 5130422
1655509900195184210 5165356
1655509900401573217 5067818
1655509900608197033 5327465
1655509900814637143 5123435
1655509901021160090 5156552
1655509901227663218 5123497
1655509901434142455 5132524
1655509901640696539 5193802
1655509901857131637 15096418
1655509902063732738 5276000
1655509902270410430 5269139
1655509902476683490 4974733
1655509902683229384 5181474
1655509902889677486 5105431
1655509903096249453 5221624
1655509903302686351 5105116
1655509903509107622 5109485
1655509903715637728 5204167
1655509903922064478 5131396
1655509904128615518 5256047
1655509904335897949 5934630
1655509904556371958 19157111
1655509904763075536 5234789
1655509904969550442 5127135
1655509905176345162 5460999
1655509905382822160 5157710
1655509905589244292 5069706
1655509905795681384 5151837
1655509906002187873 5127897
1655509906208747420 5204028
1655509906415299230 5234889
1655509906621897684 5183133
1655509906828421539 5212593
1655509907034878547 5154319
1655509907256360305 20183921
1655509907462850405 5164037
1655509907669308238 5102577
1655509907875795591 5181441
1655509908082134383 4975087
1655509908288571269 5157053
1655509908495031277 5184357
1655509908701452969 5158214
1655509908908223534 5473076
1655509909114788497 5206140
1655509909321161322 5076584
1655509909527751443 5227674
1655509909734304916 5225235
1655509909940952263 5319263
1655509910157495008 15199787
1655509910364039827 5215046
1655509910570479850 5112709