1655412112135434071 101119665
1655412112342668500 5236576
1655412112549680751 5084923
1655412112757304670 5695613
1655412112965227390 6096354
1655412113173211726 6072785
1655412113380265341 5114803
1655412113587983962 5753844
1655412113795045725 5104074
1655412114002029077 4999804
1655412114210071241 6103209
1655412114417650967 5649099
1655412114625090263 5523423
1655412114833013337 5944261
1655412115040718372 5693818
1655412115248490691 5736301
1655412115456443377 5871094
1655412115664157764 5650713
1655412115871888381 5539809
1655412116079630547 5754502
1655412116287476617 5857519
1655412116495412973 5804971
1655412116702241682 5065321
1655412116910046912 5753797
1655412117117898223 5795369
1655412117325931837 5964142
1655412117532779474 5179719
1655412117739647330 4960888
1655412117947132987 5458434
1655412118153820653 4758955
1655412118360817932 5021590
1655412118567884148 5168284
1655412118774544719 4682677
1655412118981709215 5152897
1655412119188457704 4939028
1655412119395570694 5118109
1655412119602797964 5228726
1655412119810070099 5262962
1655412120017102023 5102480
1655412120224210113 5314687
1655412120431393821 5174747
1655412120638619445 5238482
1655412120846063953 5433104
1655412121053423717 5304205
1655412121260780582 5333920
1655412121467970655 5144629
1655412121675459048 5430533
1655412121883094291 5523317
1655412122089978688 5024547
1655412122297330120 5378082
1655412122505108985 5683150
1655412122712636928 5386661
1655412122920085721 5379951
1655412123127672903 5395608
1655412123335079854 5318855
1655412123541828467 4813727
1655412123749378196 5502745
1655412123956870718 5412333
1655412124164227595 5323086
1655412124371605119 5252488
1655412124579101027 5376853
1655412124786513511 5185043
1655412124993945010 5411185
1655412125201230748 5246338
1655412125408690557 5439328
1655412125616249914 5554934
1655412125823677914 5351222
1655412126030918583 5199602
1655412126238400424 5347875
1655412126445608981 5265621
1655412126652976843 5354079
1655412126860197951 5254703
1655412127068506067 6205016
1655412127276193702 5690688
1655412127483620042 5368373
1655412127691328253 5590591
1655412127898811734 5426651
1655412128106306382 5527471
1655412128313922781 5580895
1655412128521279566 5382731
1655412128728727612 5432418
1655412128936059401 5389943
1655412129143480292 5407240
1655412129350914870 5427732
1655412129558188761 5200294
1655412129765527018 5350007
1655412129972973325 5418341
1655412130180161685 5300471
1655412130387642476 5462485
1655412130594744587 5128449
1655412130802121797 5358534
1655412131009645700 5431135
1655412131217250347 5548390
1655412131424548362 5295669
1655412131631945455 5362117
1655412131839346053 5333956
1655412132046651456 5339951
1655412132254039868 5345668
1655412132461444182 5381575
1655412132668888158 5360281
1655412132876406239 5438195
1655412133083893067 5320600
1655412133291316700 5265099
1655412133498666851 5199369
1655412133706312558 5515911
1655412133913759279 5370716
1655412134121124339 5314689
1655412134328753074 5537658
1655412134536258483 5393240
1655412134743692132 5245177
1655412134950949274 5158734
1655412135158376356 5265104
1655412135365848133 5382823
1655412135573366045 5482873
1655412135780655537 5298927
1655412135988032300 5420351
1655412136195447563 5277944
1655412136402707375 5212848
1655412136610228333 5305723
1655412136817703649 5316441
1655412137025314191 5466777
1655412137232643973 5336485
1655412137439702614 5152852
1655412137647259245 5426016
1655412137854345618 5153348
1655412138062206075 5758752
1655412138270127570 5931505
1655412138476420806 4676292
1655412138682955808 4755260
1655412138890425968 5299772
1655412139097937509 5410219
1655412139305457039 5431211
1655412139512976282 5456519
1655412139720375722 5492188
1655412139927888638 5379822
1655412140135871402 5883176
1655412140343414438 5567112
1655412140550906046 5427019
1655412140758237621 5280872
1655412140965659908 5405215
1655412141173296756 5540100
1655412141380757727 5481950
1655412141588403987 5652855
1655412141795885643 5566367
1655412142002539606 4899542
1655412142210336450 5865203
1655412142417945156 5732522
1655412142625610925 5715747
1655412142833233625 5732075
1655412143040918336 5757591
1655412143248682379 5804983
1655412143455892348 5217803
1655412143663345348 5488402
1655412143870686829 5191113
1655412144078040360 5343296
1655412144285373818 5422805
1655412144492651646 5248854
1655412144699811931 5258248
1655412144906898126 5153828
1655412145114008861 5091060
1655412145321012523 5067464
1655412145528169235 5200755
1655412145734617368 4682167
1655412145941683361 5025494
1655412146148960169 5371480
1655412146356289662 5424265
1655412146563700164 5222289
1655412146771254640 5477301
1655412146978560360 5202442
1655412147185742016 5125458
1655412147393197931 5379022
1655412147600692475 5380408
1655412147808209859 5481154
1655412148015555999 5187670
1655412148222935312 5171280
1655412148429472899 4858570
1655412148637022449 5421886
1655412148844463997 5280304
1655412149051589525 5084736
1655412149259201485 5456932
1655412149466265986 5091519
1655412149673603929 5302912
1655412149881871799 6178555
1655412150088953159 4947762
1655412150296297832 5215833
1655412150503599028 5131052
1655412150710813323 5081990
1655412150918064417 5073287
1655412151125354606 5152246
1655412151332780162 5287955
1655412151540146494 5283415
1655412151747282378 5015958
1655412151954466904 5020499
1655412152161797860 5222753
1655412152368932190 5141289
1655412152575356561 4665827
1655412152782632575 5123886
1655412152990236297 5463785
1655412153197698256 5330999
1655412153404964594 5177622
1655412153611528181 4717298
1655412153819095638 5376901
1655412154026463430 5224241
1655412154233802099 5240976
1655412154441082384 5158150
1655412154648516465 5300893
1655412154855900371 5364566
1655412155063377546 5358101
1655412155270876538 5271024
1655412155478257055 5188449
1655412155685749651 5335642
1655412155892907536 5069809
1655412156100328601 5337567
1655412156308176624 5621797
1655412156515869889 5472537
1655412156723702739 5525440
1655412156931239346 5239063
1655412157138668757 5126062
1655412157346039131 5428208
1655412157553637569 5642142
1655412157761723055 6102242
1655412157969677387 5907300
1655412158177421080 5723906
1655412158385243933 5896313
1655412158592492727 5257012
1655412158800009731 5364809
1655412159007396274 5271159
1655412159214564951 5020113
1655412159421730055 5194700
1655412159629011288 5327425
1655412159836125633 5165149
1655412160043512169 5280947
1655412160251175752 5637322
1655412160458257832 5031298
1655412160665600881 5319528
1655412160872706723 5097350
1655412161079934773 5151110
1655412161287438899 5415040
1655412161494816985 5312820
1655412161702310847 5489738
1655412161909728033 5485670
1655412162117053339 5384906
1655412162324451508 5304346
1655412162531762149 5288617
1655412162739165900 5231811
1655412162946597268 5353846
1655412163153597310 5041567
1655412163360786501 5280190
1655412163568178878 5295085
1655412163775921586 5500452
1655412163983581171 5532879
1655412164190833364 5242297
1655412164398106391 5308615
1655412164605602081 5419677
1655412164813265821 5567152
1655412165020594963 5362009
1655412165228288380 5560696
1655412165435846398 5402731
1655412165643339529 5341981
1655412165850710214 5304438
1655412166058336168 5552851
1655412166266148630 5383347
1655412166473763520 5580255
1655412166681534514 5674824
1655412166888798686 5298344
1655412167096320401 5537576
1655412167303737279 5327514
1655412167511332828 5446922
1655412167718616957 5185822
1655412167926126957 5444295
1655412168133616907 5481955
1655412168341252817 5610058
1655412168549376968 5667931
1655412168756785105 5325464
1655412168964133326 5368750
1655412169171754406 5446237
1655412169378764529 4971587
1655412169586323888 5324413
1655412169793913555 5586228
1655412170001757110 5754247
1655412170208602777 5027489
1655412170416080570 5445208
1655412170623558506 5356058
1655412170831151548 5489758
1655412171038744018 5338027
1655412171246368670 5631424
1655412171456408887 7281436
1655412171666922531 7530955
1655412171873909034 5199557
1655412172080811415 5103786
1655412172287411766 4941569
1655412172494217120 4905358
1655412172701138260 5141977
1655412172907835442 4983626
1655412173114704939 4859879
1655412173321803573 5208095
1655412173528589032 5097098
1655412173736315909 5561834
1655412173944024028 5509083
1655412174151567773 5350412
1655412174358858779 5271992
1655412174566438367 5430942
1655412174773963385 5481560
1655412174981056827 5251402
1655412175188409025 5418886
1655412175396119612 5536166
1655412175603458424 5270653
1655412175810687074 5260001
1655412176018074892 5387814
1655412176225673623 5543530
1655412176433238551 5510319
1655412176640630889 5377438
1655412176848248835 5584847
1655412177055912783 5511458
1655412177263792910 5637507
1655412177471095145 5225801
1655412177678422233 5263343
1655412177885917474 5532288
1655412178093599585 5701727
1655412178303051713 6891649
1655412178513119301 7410886
1655412178723394438 7616565
1655412178932924799 6783792
1655412179142643637 7183827
1655412179352474411 7106763
1655412179562462503 7075065
1655412179772411776 7230184
1655412179982628689 7500688
1655412180192821116 7335509
1655412180402348009 7007081
1655412180612334485 7310337
1655412180822047481 7079566
1655412181031931986 7206139
1655412181242058117 7193384
1655412181452068065 7391861
1655412181662607126 7746657
1655412181870434518 5737213
1655412182078142146 5744867
1655412182285864765 5716572
1655412182493676261 5780382
1655412182701548504 5880991
1655412182909107893 5587609
1655412183117106458 5978884
1655412183324923609 5928640
1655412183532291495 5588088
1655412183740037549 5680588
1655412183947898345 5834373
1655412184154643174 4934597
1655412184361403357 4854089
1655412184568725316 5338452
1655412184776038669 5438594
1655412184983658584 5590669
1655412185190997048 5243813
1655412185398411653 5413315
1655412185605603355 5150017
1655412185812600108 5054104
1655412186019910619 5335757
1655412186227248694 5267521
1655412186434447789 5190702
1655412186642077524 5524684
1655412186849603229 5517822
1655412187056715713 5165608
1655412187264064244 5304082
1655412187471623609 5426283
1655412187679041575 5283854
1655412187886368089 5257009
1655412188093683119 5354618
1655412188301254312 5533169
1655412188508507694 5279872
1655412188715510096 4873268
1655412188922834647 5208043
1655412189130201620 5301413
1655412189337457553 5271235
1655412189544653731 5184860
1655412189751577365 4988295
1655412189958326170 4863073
1655412190165601815 5360906
1655412190372889742 5273827
1655412190579579071 5039306
1655412190786909878 5313950
1655412190994223654 5277062
1655412191201516716 5217622
1655412191408976924 5407889
1655412191615926667 5157486
1655412191822829127 4981643
1655412192030185743 5306653
1655412192237480883 5216478
1655412192444698536 5178286
1655412192651778588 5143807
1655412192859374064 5565385
1655412193066810107 5386949
1655412193274115385 5217277
1655412193481448173 5353672
1655412193688913852 5483587
1655412193896499135 5632562
1655412194104258779 5598384
1655412194311643675 5313095
1655412194521766029 7304721
1655412194731613814 7310282
1655412194941621333 7280659
1655412195151057655 6815209
1655412195360669544 7045403
1655412195570041456 7106940
1655412195779550668 7221359
1655412195988091487 6342381
1655412196197509723 6959014
1655412196406655361 6746286
1655412196616192968 7217978
1655412196826013270 7515321
1655412197035916964 7488717
1655412197244953448 6780814
1655412197455362827 7640254
1655412197665434445 7439704
1655412197875648228 7699420
1655412198085711945 7229134
1655412198295596769 7344143
1655412198505308437 7035822
1655412198715023092 7147187
1655412198924662114 6987750
1655412199134671586 7461918
1655412199344513882 7151917
1655412199554115028 6891968
1655412199763708868 7208194
1655412199973273822 7202269
1655412200182593092 7275709
1655412200392541173 7381645
1655412200602267924 7293015
1655412200812187873 7625953
1655412201022096543 7561040
1655412201231665538 7229487
1655412201438927402 5243848
1655412201646437262 5397502
1655412201853769069 5332737
