1655412232834872229 99977114
1655412233042799873 5696067
1655412233250482737 5675000
1655412233458018156 5470363
1655412233665628660 5508154
1655412233873324714 5621527
1655412234081161196 5809285
1655412234288794366 5581838
1655412234496668853 5811570
1655412234704310423 5579135
1655412234911819288 5435243
1655412235119470213 5617240
1655412235327137538 5505605
1655412235534740478 5482999
1655412235742577143 5802841
1655412235950581322 5906604
1655412236158479967 5717063
1655412236366109283 5590127
1655412236573891655 5678046
1655412236781906278 5920853
1655412236989855902 5853714
1655412237197531931 5617782
1655412237405821880 6276630
1655412237613571629 5697247
1655412237821099678 5497976
1655412238028589342 5441777
1655412238236218657 5553411
1655412238443702313 5417634
1655412238651426539 5645879
1655412238859126216 5667560
1655412239069935315 8582399
1655412239278185701 6284944
1655412239486087312 5945593
1655412239693834607 5833240
1655412239901040948 5492414
1655412240108852843 5772084
1655412240317139739 6202565
1655412240524755714 5684712
1655412240732437558 5623326
1655412240940483093 5941460
1655412241148354290 5843678
1655412241355039431 4957242
1655412241562676989 5495285
1655412241770347376 5678059
1655412241978036117 5648450
1655412242185384363 5403145
1655412242392925039 5603980
1655412242601042620 6001586
1655412242809602930 5928577
1655412243017590334 5663528
1655412243225483682 5719169
1655412243433269929 5687037
1655412243641107023 5848473
1655412243849081284 5948894
1655412244057225847 6190731
1655412244265322156 6129826
1655412244473779208 6604960
1655412244682212462 6177075
1655412244889177410 5043584
1655412245096857221 5770286
1655412245304152236 5209793
1655412245511452055 5305494
1655412245718921884 5334750
1655412245926231649 5217979
1655412246133581165 5387607
1655412246340725616 5207267
1655412246548468525 5817350
1655412246755709076 5147481
1655412246963008378 5245560
1655412247170371956 5262042
1655412247377676271 5360742
1655412247585398799 5749958
1655412247793476471 5974440
1655412248001217666 5760117
1655412248209148020 5948389
1655412248416719783 5443821
1655412248624947666 6051646
1655412248832925836 5870817
1655412249040375463 5584148
1655412249247918309 5603156
1655412249455658869 5434932
1655412249663829812 5466576
1655412249873044795 6544560
1655412250082232858 7118360
1655412250291118418 6753052
1655412250500172760 6612680
1655412250707636032 5280010
1655412250914971401 5358951
1655412251122316794 5233345
1655412251329488531 5085450
1655412251536546843 5052237
1655412251744268626 5572328
1655412251951694352 5261093
1655412252159477590 5555322
1655412252366841275 5251383
1655412252574321209 5296438
1655412252781660300 5305378
1655412252989276601 5646498
1655412253196660591 5296886
1655412253403420455 5246261
1655412253610591154 5125334
1655412253817604088 5014825
1655412254024788381 5093799
1655412254231618698 4954926
1655412254438419991 4818689
1655412254645608819 5148396
1655412254852808546 5185488
1655412255060065726 5384407
1655412255267569262 5478954
1655412255474673514 5162073
1655412255681467508 4886147
1655412255888418181 5017070
1655412256095916669 5300027
1655412256303369286 5364750
1655412256510896252 5400701
1655412256717749142 5020289
1655412256924956565 5297465
1655412257132177669 5370571
1655412257338519663 4578732
1655412257545656014 5105112
1655412257752851356 5286443
1655412257960220751 5364144
1655412258166939778 4748269
1655412258373781358 4849510
1655412258580185874 4620097
1655412258787631918 5468096
1655412258994245759 4735278
1655412259201039761 4909587
1655412259408247090 5205004
1655412259614783768 4684639
1655412259821343905 4779884
1655412260027981215 4809548
1655412260234673017 4804199
1655412260441550009 4986426
1655412260648461213 5096841
1655412260855290846 5001730
1655412261062611062 5220327
1655412261269643814 5138688
1655412261476342438 4978848
1655412261683780021 5440867
1655412261891245899 5366894
1655412262098365346 5083477
1655412262305379655 4992641
1655412262513257506 5861439
1655412262719999819 5075282
1655412262927177154 5171200
1655412263134759697 5591869
1655412263341602047 4884978
1655412263548528744 4996919
1655412263756274938 5695268
1655412263963706146 5277635
1655412264171100621 5414562
1655412264378150793 5076159
1655412264585579986 5416361
1655412264792779025 5229915
1655412265000241372 5607394
1655412265207736498 5499076
1655412265414191245 4688612
1655412265621653924 5511796
1655412265829449942 5865295
1655412266036625220 5254402
1655412266244072944 5237703
1655412266450755094 4993617
1655412266657538374 5254012
1655412266865475319 5918969
1655412267073197765 5703492
1655412267281088410 6033947
1655412267488346775 5458766
1655412267696158389 5622599
1655412267903503773 5322410
1655412268112449737 6534345
1655412268319848654 5355254
1655412268527477606 5613557
1655412268734949100 5500886
1655412268942055803 5507739
1655412269150036358 5928855
1655412269357394995 5245678
1655412269565014557 5524908
1655412269772725831 5381252
1655412269980277038 5305333
1655412270187964929 5450819
1655412270395595974 5432152
1655412270603146194 5379338
1655412270810391122 5159481
1655412271017649961 5137297
1655412271225171818 5402417
1655412271432531998 5155238
1655412271639854620 5088363
1655412271846383613 4660585
1655412272052725911 4680919
1655412272259889841 5262878
1655412272466502246 4762366
1655412272673225544 4727168
1655412272879971111 5157151
1655412273086543127 4768730
1655412273294285766 5706586
1655412273501782515 5603880
1655412273709466750 5758076
1655412273917055473 5575581
1655412274124889797 5743809
1655412274332502899 5393783
1655412274540372000 5443609
1655412274747780635 5281408
1655412274955592201 5492211
1655412275163156055 5407714
1655412275370416268 5177274
1655412275577720001 5119422
1655412275785417795 5498288
1655412275992778012 5367562
1655412276199822852 5252456
1655412276407410588 5457981
1655412276614869127 5322819
1655412276821517319 4775701
1655412277029244237 5614126
1655412277236594566 5117531
1655412277444187686 5202114
1655412277651884740 5411804
1655412277859529585 5535698
1655412278066701813 5117761
1655412278274091757 5237524
1655412278481715111 5387129
1655412278689438938 5428754
1655412278896974100 5412127
1655412279104398072 5287047
1655412279311838200 5263110
1655412279519203850 5363134
1655412279726579298 5225987
1655412279933857598 5242668
1655412280141160099 5209183
1655412280347358103 4771744
1655412280554716022 5312582
1655412280762164794 5516277
1655412280969410951 5344073
1655412281176956617 5520929
1655412281384250328 5345387
1655412281591562882 5352082
1655412281798667445 5142376
1655412282006170949 5566381
1655412282214049746 5544708
1655412282421591973 5458502
1655412282629191495 5448561
1655412282836045533 5060269
1655412283043624658 5466264
1655412283251152795 5432601
1655412283458483349 5249309
1655412283665609884 5241711
1655412283873105110 5511836
1655412284080468003 5369585
1655412284287941011 5397368
1655412284495647403 5655620
1655412284703041767 5390621
1655412284910423817 5266380
1655412285117709575 5310084
1655412285325272774 5460532
1655412285532765260 5440338
1655412285740095285 5290551
1655412285947441786 5369977
1655412286154690425 5168428
1655412286361706289 5115257
1655412286569691958 5583812
1655412286777022795 5313326
1655412286984589121 5401062
1655412287192354487 5392841
1655412287400270565 5542110
1655412287607780334 5299987
1655412287815496859 5378676
1655412288022781402 5130655
1655412288230105269 5318442
1655412288437594480 5317579
1655412288645196169 5176585
1655412288853226013 5626334
1655412289060796223 5362148
1655412289268041164 5466394
1655412289475599542 5564790
1655412289683316075 5503838
1655412289891104462 5281935
1655412290098600863 5102622
1655412290306489167 5586324
1655412290514677486 5462660
1655412290722649392 5339495
1655412290930656106 5372493
1655412291138727710 5425140
1655412291346642967 5310832
1655412291554245116 5194364
1655412291761954465 5401630
1655412291969337745 5397511
1655412292176758121 5281800
1655412292384237329 5480174
1655412292591423826 5282037
1655412292798289719 4933414
1655412293005669965 5305842
1655412293213070002 5308657
1655412293420541826 5422212
1655412293627880964 5317910
1655412293835543770 5620845
1655412294042928397 5262971
1655412294250450531 5435694
1655412294458083453 5546648
1655412294665595204 5449161
1655412294872885870 5365329
1655412295080055469 5277024
1655412295287620624 5433889
1655412295495297169 5517018
1655412295702635260 5506211
1655412295909857203 5241239
1655412296117336940 5455376
1655412296324712467 5399014
1655412296531521094 4738881
1655412296738929235 5339818
1655412296946347342 5352575
1655412297153582453 5229693
1655412297360925997 5399928
1655412297568283885 5344511
1655412297775660459 5319962
1655412297983055851 5340068
1655412298190418599 5248781
1655412298397722248 5301905
1655412298604761188 5123701
1655412298811970472 5136636
1655412299019564372 5403694
1655412299226987990 5273628
1655412299434911344 5775963
1655412299642463154 5542913
1655412299849912477 5341239
1655412300057295397 5357081
1655412300264413056 5124862
1655412300471830424 5351853
1655412300679431299 5456662
1655412300886772358 5220568
1655412301094067463 5182979
1655412301301396925 5330945
1655412301509697943 6246609
1655412301718108642 6464193
1655412301925667000 5498801
1655412302133030577 5346880
1655412302340310647 5302328
1655412302546630487 4590891
1655412302753822707 5277684
1655412302960796684 4997022
1655412303168276271 5429566
1655412303375623673 5293366
1655412303583058144 5301607
1655412303790569719 5347740
1655412303997919670 5362164
1655412304205360402 5466147
1655412304412782030 5354660
1655412304620129789 5297859
1655412304827646160 5400159
1655412305035123960 5367750
1655412305242411816 5307834
1655412305449715999 5332717
1655412305657163554 5429401
1655412305864627041 5438373
1655412306072030301 5321604
1655412306279613281 5407897
1655412306486830872 5140268
1655412306694182849 5286371
1655412306901577012 5344316
1655412307109143701 5503760
1655412307316640559 5397194
1655412307523907338 5287995
1655412307731249441 5222680
1655412307938681019 5321451
1655412308146206159 5442582
1655412308353473937 5247335
1655412308560706664 5203549
1655412308767961804 5360136
1655412308975429262 5295516
1655412309182649264 5096842
1655412309389852519 5179735
1655412309597016288 5094726
1655412309804346122 5231873
1655412310011486211 5049793
1655412310218861091 5281701
1655412310425306805 4648205
1655412310632520736 5096302
1655412310839881761 5249532
1655412311047507812 5558516
1655412311255058802 5439651
1655412311462461414 5315765
1655412311669891188 5334186
1655412311877175659 5253585
1655412312084573109 5393127
1655412312292080521 5358668
1655412312498422830 4556105
1655412312705759780 5342567
1655412312913141199 5316687
1655412313120561575 5336765
1655412313327776896 5114525
1655412313535198093 5345534
1655412313742575558 5331730
1655412313949704425 5024450
1655412314157078918 5342314
1655412314364387518 5306541
1655412314571582413 5349629
1655412314778972570 5316714
1655412314986372343 5319479
1655412315193215030 4915379
1655412315400595390 5340615
1655412315607951450 5385177
1655412315815486799 5389450
1655412316022855370 5239087
1655412316230474423 5347003
1655412316437734692 5165516
1655412316645402689 5517819
1655412316852809009 5310840
1655412317061310233 6289466
1655412317268777701 5421032
1655412317475225617 4700394
1655412317682685700 5272336
1655412317890093824 5427769
1655412318097527781 5435444
1655412318304724898 5195704
1655412318512033666 5268500
1655412318719582881 5348054
1655412318927087203 5362683
1655412319134648381 5360833
1655412319341890628 5249117
1655412319549339189 5489567
1655412319756333271 5149540
1655412319963797838 5427110
1655412320170999670 5073131
1655412320378487944 5330243
1655412320585739228 5208379
1655412320793188755 5434318
1655412321000355718 5103862
1655412321208188153 5530987
1655412321415557028 5254753
1655412321623085436 5313845
1655412321830539638 5264305
1655412322037849413 5336632
1655412322245484175 5578792
1655412322452581600 5060386
1655412322660031467 5375450
