1655522614667710548 266367884
1655522614875049608 5897918
1655522615081458632 5117735
1655522615287656653 4921809
1655522615493919977 4960044
1655522615700275619 5030766
1655522615906554069 4966365
1655522616112951140 5079655
1655522616319269664 5034026
1655522616525593527 5035732
1655522616731840724 4996626
1655522616937982550 4841400
1655522617144455808 5140579
1655522617350728148 4974053
1655522617557102222 5095857
1655522617763433002 5039415
1655522617969734407 5014476
1655522618176030558 5020457
1655522618382282450 4945824
1655522618588664794 5011610
1655522618795041322 4930252
1655522619001349408 4972902
1655522619207599349 4977164
1655522619413927349 4975532
1655522619620071231 4874642
1655522619826455673 5026848
1655522620032832946 5099278
1655522620239129949 4992488
1655522620445399599 5015371
1655522620651907724 5166652
1655522620858157859 4939023
1655522621064552186 5122999
1655522621270893931 5060343
1655522621477372637 5169009
1655522621683960543 5182881
1655522621890115718 4837124
1655522622096497394 5069917
1655522622302881313 5028633
1655522622509324360 5124200
1655522622715765792 5148639
1655522622922158009 5020057
1655522623128710457 5276079
1655522623335101955 5057153
1655522623541479812 5030499
1655522623747832491 5091635
1655522623954230677 5065922
1655522624160657779 5132526
1655522624367028452 5075971
1655522624573668395 5178552
1655522624780055971 5088745
1655522624986378098 5025035
1655522625192760496 5084788
1655522625399115314 5037083
1655522625605406998 5041404
1655522625811753638 5052690
1655522626018165078 5081344
1655522626224425644 4959761
1655522626430798030 5066120
1655522626637228856 5077837
1655522626844297778 4939730
1655522627050635594 4976477
1655522627256974680 5051146
1655522627463259287 4971420
1655522627669576302 5007605
1655522627875995154 5082682
1655522628082367222 5015701
1655522628288748430 5054300
1655522628495147390 5090918
1655522628701646449 5169309
1655522628908008576 5066040
1655522629114382900 5039302
1655522629320820180 5088011
1655522629527057820 4955722
1655522629733520783 5159994
1655522629939902963 5095193
1655522630146237879 5000998
1655522630352523996 5000558
1655522630558934892 5075527
1655522630765310415 5098417
1655522630971708578 5101127
1655522631177978974 4947720
1655522631384342651 5062272
1655522631590621049 4988827
1655522631797000713 5061718
1655522632003266669 5005584
1655522632209708200 5159113
1655522632416086262 5056135
1655522632622415117 5002079
1655522632828843099 5133507
1655522633034663639 4586940
1655522633241032857 5088302
1655522633447174569 4869680
1655522633653677955 5151251
1655522633860127459 5122098
1655522634066449563 5012194
1655522634272893381 5158666
1655522634479172201 4981699
1655522634685631724 5150970
1655522634892004259 5107421
1655522635098317694 4980738
1655522635304833745 5187543
1655522635510693571 4667635
1655522635717234987 5198439
1655522635923632147 5092172
1655522636129675663 4963601
1655522636336054072 5090314
1655522636542414087 5061771
1655522636748820875 5113694
1655522636955139178 5030465
1655522637161580680 5188607
1655522637367948093 5069287
1655522637574396038 5104036
1655522637780841214 5120422
1655522637987145705 5018104
1655522638193471313 5037747
1655522638399876495 5120562
1655522638606101664 4882982
1655522638812417981 5046016
1655522639018784447 5015605
1655522639225253527 5142244
1655522639431617589 5028602
1655522639637946177 4965567
1655522639844694249 4714445
1655522640050819536 4917683
1655522640257236679 5099291
1655522640463345384 4806537
1655522640669762981 5107257
1655522640876112250 5042142
1655522641082411050 4975822
1655522641288759605 5026775
1655522641495107559 5027866
1655522641701414518 5061901
1655522641907739902 5042993
1655522642114019871 4948267
1655522642320393711 5095540
1655522642526740316 5030221
1655522642733102216 5030168
1655522642939426833 5016896
1655522643145806073 5088946
1655522643352021524 4921683
1655522643558227064 4917879
1655522643764456187 4953289
1655522643970749228 4972759
1655522644176958305 4926452
1655522644383241968 4960475
1655522644589664914 5125505
1655522644795950899 5001595
1655522645002276059 5018218
1655522645208605463 5017690
1655522645414920024 4975251
1655522645621320528 5125741
1655522645827861308 5210186
1655522646034112844 4911965
1655522646240473762 5073959
1655522646446808708 5022857
1655522646653201541 5134108
1655522646859538969 5033532
1655522647065863609 4983141
1655522647272194664 5046381
1655522647478524927 5021001
1655522647684947958 5116805
1655522647891169262 4920638
1655522648097546229 5077492
1655522648303826731 4991637
1655522648510089877 4963588
1655522648716458756 5075814
1655522648922842230 5041258
1655522649129239898 5049614
1655522649335575131 5027973
1655522649541858740 4932191
1655522649748313079 5111878
1655522649954709335 5063793
1655522650161040106 5031476
1655522650367328425 4956714
1655522650573802642 5193127
1655522650779981735 4901513
1655522650986021617 4771523
1655522651192364737 5034873
1655522651398696539 5029337
1655522651605066166 5080173
1655522651811260356 4934972
1655522652017679449 5089467
1655522652224109197 5122525
1655522652430462042 5015501
1655522652636879930 5096010
1655522652843944407 4992382
1655522653050195145 5022226
1655522653256537082 5004933
1655522653462858044 4989324
1655522653669205507 5037402
1655522653875490589 4977628
1655522654081781970 4927063
1655522654287998980 4954098
1655522654494134995 4810366
1655522654700513251 5083710
1655522654906679933 4911370
1655522655113046474 5112052
1655522655319444509 5057550
1655522655525816858 5052391
1655522655732188139 5101748
1655522655937828541 4433340
1655522656144192268 5068442
1655522656350499671 5014450
1655522656557083082 5267784
1655522656763369700 4985998
1655522656969806525 5150924
1655522657176139171 5016566
1655522657382260938 4838160
1655522657588545695 4974337
1655522657794781660 4961590
1655522658001167164 5062365
1655522658207512956 5056699
1655522658413610763 4867041
1655522658619892221 5024108
1655522658826258636 5038441
1655522659032690687 5102828
1655522659239044528 5050428
1655522659445245610 4940829
1655522659651612225 5075442
1655522659857771096 4826121
1655522660064193486 5146833
1655522660270416782 4846552
1655522660476771174 5044392
1655522660683085929 5015291
1655522660889502167 5123770
1655522661095887661 5084798
1655522661302273852 5000046
1655522661508625764 5047708
1655522661714984550 5036356
1655522661921306957 5049834
1655522662127694262 5074520
1655522662334077058 5053626
1655522662540481623 5128798
1655522662746614384 4861690
1655522662952953729 5026124
1655522663159261803 5011634
1655522663365652833 5109680
1655522663572081930 5172008
1655522663778430468 5038862
1655522663984843979 5092426
1655522664191100457 4978943
1655522664397528614 5069047
1655522664603911482 5078161
1655522664810315851 5055204
1655522665016657500 5020109
1655522665223046921 5049690
1655522665429521612 5137766
1655522665635858523 5023011
1655522665842986295 5807524
1655522666050136150 5886259
1655522666256422465 4987018
1655522666462764188 5045346
1655522666669072156 5014240
1655522666875350376 4983404
1655522667081701815 5052758
1655522667288124711 5089229
1655522667494473339 5003504
1655522667700736372 4985561
1655522667907012119 4998933
1655522668113393321 5098224
1655522668319772270 5027142
1655522668525819554 4716533
1655522668732238339 5076615
1655522668938630614 5039492
1655522669144965854 5054293
1655522669351296187 4977895
1655522669557439252 4868221
1655522669763795692 5052307
1655522669970170753 5037677
1655522670176588020 5103323
1655522670382755311 4860363
1655522670589212036 5085359
1655522670795528156 5035197
1655522671001848067 5013892
1655522671208162642 5025269
1655522671414201924 4784886
1655522671620533795 5032595
1655522671826872295 5032003
1655522672033261917 5129870
1655522672239652383 5086510
1655522672445933977 4984249
1655522672652114162 4930886
1655522672858075799 4717947
1655522673064473777 5051259
1655522673270670066 5049921
1655522673477087920 5099845
1655522673683403457 4981472
1655522673889780894 5068582
1655522674096275134 5139665
1655522674302215677 4796658
1655522674508704353 5207626
1655522674715025656 4965217
1655522674921328615 5070528
1655522675127698497 5051389
1655522675334019135 4990032
1655522675540392178 5060256
1655522675746699722 4994661
1655522675953121147 5119508
1655522676159467703 5025813
1655522676365817519 5045466
1655522676572219408 5107170
1655522676778312316 4847285
1655522676984683087 5043957
1655522677191054712 5037854
1655522677397386397 5048750
1655522677603846910 5134862
1655522677810234629 5026501
1655522678016582229 5029330
1655522678222842643 4960402
1655522678429221105 5080813
1655522678635309316 4833310
1655522678842472927 5870727
1655522679049679508 5878373
1655522679255923512 4947490
1655522679462092783 4861748
1655522679668867826 5452642
1655522679875038428 4893191
1655522680081428344 5105139
1655522680287763062 5024348
1655522680494097020 5012682
1655522680700483835 5094907
1655522680906588615 4832624
1655522681113043094 5136888
1655522681319441076 5082102
1655522681525820336 5068649
1655522681732230452 5109366
1655522681937867761 4490839
1655522682144302110 5105558
1655522682350673625 5057467
1655522682557191181 5178843
1655522682763598689 5112706
1655522682969864772 4897686
1655522683176238556 5047665
1655522683382515785 4956260
1655522683588962258 5143589
1655522683795196140 4909555
1655522684001580446 5066564
1655522684207899509 5016299
1655522684413874215 4707458
1655522684620267521 5118786
1655522684826393396 4861659
1655522685032859156 5144147
1655522685238714305 4800310
1655522685445047712 5040491
1655522685651430255 5065615
1655522685857894243 5200982
1655522686064258472 5059432
1655522686270652749 5041795
1655522686476680150 4886930
1655522686683034091 5060163
1655522686889411318 5068910
1655522687095671968 4969335
1655522687301931656 4960928
1655522687508309082 5082606
1655522687714582066 4976290
1655522687920986467 5092023
1655522688127227338 4946853
1655522688334830162 6319298
1655522688541225156 5101116
1655522688747468482 4979239
1655522688953868676 5048469
1655522689160210333 5038518
1655522689366627757 5047408
1655522689573048461 5099681
1655522689779232138 4900264
1655522689985580009 5036185
1655522690191958257 4979890
1655522690397815561 4593761
1655522690604124094 4990529
1655522690810225748 4803657
1655522691016572860 5066303
1655522691222779037 4900412
1655522691429230306 5145110
1655522691635638366 5100589
1655522691842775716 5797113
1655522692049912589 5855370
1655522692256264487 5059215
1655522692462642662 5073935
1655522692668935509 4974925
1655522692875188407 4918203
1655522693081499121 5021696
1655522693287766718 4993582
1655522693494110961 4989081
1655522693700470822 5052871
1655522693906731495 4911104
1655522694113150648 5129380
1655522694319452698 5016141
1655522694525845665 5011163
1655522694732174116 5031059
1655522694938255844 4817273
1655522695144813628 5279963
1655522695350881568 4723935
1655522695557513521 5313481
1655522695763870692 5020704
1655522695970242037 5076014
1655522696176627106 5036572
1655522696383241373 5275884
1655522696589817978 5250239
1655522696796186799 5055858
1655522697002541168 5078482
1655522697208824511 4958824
1655522697415256853 5100302
1655522697621911580 5351996
1655522697829819569 6526790
1655522698036012070 4891255
1655522698242412464 5097759
1655522698448646541 4945214
1655522698654984533 5007325
1655522698861248513 4968590
1655522699067328384 4798405
1655522699273933677 5307945
1655522699480338850 5061524
1655522699687169958 5358076
1655522699893845353 5366907
1655522700100181497 5045480
1655522700306592709 5084144
1655522700513683133 5774530
1655522700720073829 5082659
1655522700926400995 5012558
1655522701132828331 5104524
1655522701339929106 5712572
1655522701546330861 5015181
1655522701752720506 5038074
1655522701959140623 5123666
1655522702165549904 5104881
1655522702371940814 5094041
1655522702578382766 5057396
1655522702784618037 4963768
1655522702990955322 5005857
1655522703197286876 5046213
1655522703403588260 5027418
1655522703609858194 4917922
1655522703816296438 5040306
1655522704022603668 5020367
1655522704228895821 5001579