1655521630991285301 15665408
1655521631197927357 5311644
1655521631404294459 5114330
1655521631610589117 5040911
1655521631817074933 5196448
1655521632023399208 5001812
1655521632229789092 5079759
1655521632436279644 5208602
1655521632642693253 5089481
1655521632850041949 6082622
1655521633056468523 5120283
1655521633262794484 5081748
1655521633469168387 5089871
1655521633675460396 4996310
1655521633881788729 5058341
1655521634088080781 5013610
1655521634294405173 4994400
1655521634500812545 5060821
1655521634707057886 4960078
1655521634913590970 5242585
1655521635119998385 5155437
1655521635326236244 5005444
1655521635532640232 5119028
1655521635738764800 5050683
1655521635945184967 5137517
1655521636151508314 5041008
1655521636357846283 5002204
1655521636564197840 5045724
1655521636770528466 5022420
1655521636976821839 5017971
1655521637183110894 4985273
1655521637389398024 5018269
1655521637595807101 5052625
1655521637802257579 5069451
1655521638008678623 5087308
1655521638215014976 5026184
1655521638421541432 5213961
1655521638627912952 5075538
1655521638834192710 5051530
1655521639040621854 5098528
1655521639247073683 5163917
1655521639453369536 5013429
1655521639659747177 5096092
1655521639866079108 5039520
1655521640072468569 5065850
1655521640278839710 5133762
1655521640485298848 5127655
1655521640691700660 5135350
1655521640898127448 5126224
1655521641104546497 5141084
1655521641310844555 5040430
1655521641517222576 5082883
1655521641723645753 5077093
1655521641930052531 5119999
1655521642136542035 5142242
1655521642342901007 5060907
1655521642549380179 5152794
1655521642755726305 5101008
1655521642961912070 4900142
1655521643168301721 5102175
1655521643374305504 4726248
1655521643580650529 5075918
1655521643786963756 5046632
1655521643993382437 5119165
1655521644199934286 5288871
1655521644406192979 4968641
1655521644612541092 5073739
1655521644818905301 5057184
1655521645025343768 5171248
1655521645231695179 5057163
1655521645437806476 4830417
1655521645644179637 5093128
1655521645850458060 5168459
1655521646056883944 5090075
1655521646262951039 5057738
1655521646469307168 5080681
1655521646675678267 5081254
1655521646882066263 5073772
1655521647088502102 5141404
1655521647294913695 5132026
1655521647501300814 5054621
1655521647707676562 5097103
1655521647914070216 5015081
1655521648120424710 5071093
1655521648326766352 5042930
1655521648533187517 5128686
1655521648739561874 5118975
1655521648945792648 4936434
1655521649152185686 5109454
1655521649358640056 5109034
1655521649565074846 5135171
1655521649771476792 5072018
1655521649977791259 5069350
1655521650184035069 4949633
1655521650390276255 4943899
1655521650596560692 5040611
1655521650802763818 4933654
1655521651009082030 5031714
1655521651215297967 4958653
1655521651421630842 5021522
1655521651627997487 5129641
1655521651834245875 4988427
1655521652040658566 5114783
1655521652247027026 5074453
1655521652453233375 4987855
1655521652659635235 5077930
1655521652865885589 4951264
1655521653072281040 5058875
1655521653278624244 5003815
1655521653485011816 5094032
1655521653691293349 5008887
1655521653897633951 5084319
1655521654104008915 5107255
1655521654310304965 5020458
1655521654516885891 5249706
1655521654723231855 5009348
1655521654929579374 5073065
1655521655135959925 5069711
1655521655342291726 5016826
1655521655548652955 5093676
1655521655754936757 5008671
1655521655961420197 5196218
1655521656167791805 5092694
1655521656373887598 4868994
1655521656580339997 5123250
1655521656786681466 5080237
1655521656993202763 5184691
1655521657199515795 5057714
1655521657405796127 5035372
1655521657612123156 5033777
1655521657818514382 5069835
1655521658024925111 5113292
1655521658231144526 5001412
1655521658437614644 5178391
1655521658643958559 5073526
1655521658850415311 5145215
1655521659056891050 5225505
1655521659263235542 4961586
1655521659469602510 5057617
1655521659675955392 5075958
1655521659882056505 4812201
1655521660088421987 5086758
1655521660294734355 5005190
1655521660501160676 5117807
1655521660707450071 4994571
1655521660913812477 5054266
1655521661120362948 5267577
1655521661326788020 5089561
1655521661533122805 5040431
1655521661739458290 5068203
1655521661945825168 5004276
1655521662152174855 5063938
1655521662358341534 4895305
1655521662564652736 5035589
1655521662771156816 5074063
1655521662977561094 5122782
1655521663183883241 5041229
1655521663389906866 4764785
1655521663596141197 4936891
1655521663802151180 4778670
1655521664008557006 5120363
1655521664214811164 4955383
1655521664421054663 4957635
1655521664627413495 5016730
1655521664833771597 5037134
1655521665040242115 5145553
1655521665246530993 4950701
1655521665452959953 5189520
1655521665659254150 5017407
1655521665865735047 5133642
1655521666072157136 5115261
1655521666278480297 5014581
1655521666484875915 5111693
1655521666691184470 5017775
1655521666897630910 5143991
1655521667103959864 5056085
1655521667310243443 5023081
1655521667516693591 5150394
1655521667723013151 5069584
1655521667929456181 5118982
1655521668135856278 5122413
1655521668342122279 4956463
1655521668548497040 5001085
1655521668754795563 5029709
1655521668961196681 5145463
1655521669167549956 5085332
1655521669373890901 5069290
1655521669580277867 5083544
1655521669786624282 5045010
1655521669993206796 5183873
1655521670199583683 5059904
1655521670405850849 4965584
1655521670612168527 5020408
1655521670818512225 5064415
1655521671024942179 5106934
1655521671231321475 5071666
1655521671437643575 5050752
1655521671644055078 5109036
1655521671850461396 5101655
1655521672056944018 5177553
1655521672263285353 5043918
1655521672469616147 5049044
1655521672676017808 5105442
1655521672882383779 5025136
1655521673088732273 5084295
1655521673295353401 5313930
1655521673501708316 5072782
1655521673708086918 5088553
1655521673914103406 4728725
1655521674120454190 5043314
1655521674326797745 5025694
1655521674533171498 5107358
1655521674739493965 5041489
1655521674945757574 4946666
1655521675152152034 5120223
1655521675358311759 4868307
1655521675564746456 5120874
1655521675770987929 5156538
1655521675977402479 5152390
1655521676183806594 5152000
1655521676389997833 4987562
1655521676596336882 5039490
1655521676802733010 5103280
1655521677009154575 5077203
1655521677215541110 5110899
1655521677421853338 4992082
1655521677628242449 5111870
1655521677834587081 5027983
1655521678041327505 5361225
1655521678247680827 5119362
1655521678453984145 5017911
1655521678661201737 5908361
1655521678867610323 5107311
1655521679073820938 4930924
1655521679280098306 4968344
1655521679486489903 5088780
1655521679692824140 5104422
1655521679899150294 5032411
1655521680105562779 5126200
1655521680311926751 5088777
1655521680518352053 5073125
1655521680724755427 5072034
1655521680930812658 4830516
1655521681137211246 5123537
1655521681343678587 5099610
1655521681549954344 4951024
1655521681756342908 5062350
1655521681962775752 5093302
1655521682169145460 5118634
1655521682375357029 4924400
1655521682581717123 5075361
1655521682788085166 5123968
1655521682994519682 5134586
1655521683200822556 5040641
1655521683406778920 4717319
1655521683613114078 5098861
1655521683819528955 5116699
1655521684025928405 5049719
1655521684232262819 5053172
1655521684438878088 5298953
1655521684645286244 5133839
1655521684852444187 5876237
1655521685058719840 4980031
1655521685265195934 5173351
1655521685471706515 5206172
1655521685677955571 4938100
1655521685884387137 5102719
1655521686090826366 5066858
1655521686297264226 5136539
1655521686503695539 5101378
1655521686710089445 4995870
1655521686916687337 5288982
1655521687123012550 5030419
1655521687329408535 5105072
1655521687535799662 5107208
1655521687742076819 4969221
1655521687948535828 5110799
1655521688154792041 5016633
1655521688361174487 5126216
1655521688567653595 5151105
1655521688773911401 4940532
1655521688980245648 5094356
1655521689186599331 5053820
1655521689392952030 5067306
1655521689599161089 4887221
1655521689805550984 5124609
1655521690011916383 5094950
1655521690218192480 4977381
1655521690424620926 5117163
1655521690631017262 5031274
1655521690837417832 5140763
1655521691043814285 5146831
1655521691250375584 5241870
1655521691456836151 5126153
1655521691663052218 4956467
1655521691869510269 5149708
1655521692075974583 5188355
1655521692282290926 5004596
1655521692488562544 4930724
1655521692694849824 5019734
1655521692901204207 5094656
1655521693107548800 5079953
1655521693313901885 5020614
1655521693520241839 5055348
1655521693726672701 5123783
1655521693933086708 5073509
1655521694139402166 5078835
1655521694345805541 5103794
1655521694552140686 5038793
1655521694758474776 4972866
1655521694964861724 5076956
1655521695171168710 5044352
1655521695377617379 5138731
1655521695584140251 5151005
1655521695790268921 5030647
1655521695996649642 5103260
1655521696202939348 5017564
1655521696410708721 6511982
1655521696617068408 5067806
1655521696823430610 5065750
1655521697029722702 5013923
1655521697236122869 5146253
1655521697442405693 4997227
1655521697648807557 5115671
1655521697855259410 4976467
1655521698061652832 5106370
1655521698267999651 5077915
1655521698474190679 4903493
1655521698680593652 5132801
1655521698886945196 5006114
1655521699093382609 5143977
1655521699299686087 5034730
1655521699506043551 5087812
1655521699712486114 5136549
1655521699918881435 5111096
1655521700125268026 5125489
1655521700331646765 5067179
1655521700538755174 5817126
1655521700745188408 5122592
1655521700951640792 5205475
1655521701157858385 5042707
1655521701364249311 5144368
1655521701570632955 5076539
1655521701777023951 5094293
1655521701983320067 4995875
1655521702189637355 5060360
1655521702396024901 5135605
1655521702602294763 5011761
1655521702808522538 4959661
1655521703014935389 5108075
1655521703221408297 5209363
1655521703427794270 5127077
1655521703634392513 5299417
1655521703840745685 5091470
1655521704047101270 5090809
1655521704253490444 5069891
1655521704459950280 5152267
1655521704666318121 5030950
1655521704872707549 5124642
1655521705078997128 5023638
1655521705285511570 5210167
1655521705491800955 5051871
1655521705697946317 5006952
1655521705904324786 5108784
1655521706110522178 5088834
1655521706317003662 5185178
1655521706523360041 5059623
1655521706729809004 5142318
1655521706936067991 5002530
1655521707142401471 5044392
1655521707349615729 5910594
1655521707555974047 5090251
1655521707762321513 5041876
1655521707968742404 5152030
1655521708175041367 5100994
1655521708381421217 5136589
1655521708587809139 5125565
1655521708794145816 5030095
1655521709000540767 5113786
1655521709205720362 4158584
1655521709412092794 5067773
1655521709618422422 5016543
1655521709824790725 5066581
1655521710030777070 4698084
1655521710237171767 5157099
1655521710443499364 5044963
1655521710649821948 5014230
1655521710856269890 5111870
1655521711062700719 5109981
1655521711269059301 5140022
1655521711475406660 5055969
1655521711681794469 5060991
1655521711888194025 5143359
1655521712094533101 5023491
1655521712300971736 5149614
1655521712507365429 5052879
1655521712713675334 5036116
1655521712920016603 5079876
1655521713126409271 5056903
1655521713332758312 5041772
1655521713538984453 4933264
1655521713745300831 5020431
1655521713951769881 5201157
1655521714158164264 5073062
1655521714364515257 5055968
1655521714570829899 5054003
1655521714777138129 5148926
1655521714983431038 5024619
1655521715189807612 5067312
1655521715396135144 5073836
1655521715602482580 5025306
1655521715808845781 5084332
1655521716014681381 4613481
1655521716221108556 5147641
1655521716427546850 5081221
1655521716634334755 5164631
1655521716840642368 5048690
1655521717046733204 4803377
1655521717253073411 5055197
1655521717459513921 5108416
1655521717665806334 5000578
1655521717872211467 5108703
1655521718078550793 5043708
1655521718284942443 5100443
1655521718491277311 5036042
1655521718697642975 5074504
1655521718904047042 5071086
1655521719110427573 5035124
1655521719316789970 5049438
1655521719522954591 4853602
1655521719729413175 5137116
1655521719935837426 5169270
1655521720142157897 5020985
1655521720349394520 5939840
1655521720555741135 5058331
1655521720762103228 5005878