1655509459005944678 164049306
1655509459303272473 95973329
1655509459510077424 5590383
1655509459716812785 5478050
1655509459923607531 5484390
1655509460130244191 5346989
1655509460336309320 4891186
1655509460542902983 5292856
1655509460749442882 5268064
1655509460956019840 5306456
1655509461162678055 5419146
1655509461369358980 5369251
1655509461576010300 5376079
1655509461782692052 5312545
1655509461989336509 5334787
1655509462196680345 5968777
1655509462403640263 5650932
1655509462610282553 5362189
1655509462817104467 5529112
1655509463023849235 5469617
1655509463230491496 5336387
1655509463437202448 5382219
1655509463643964996 5454706
1655509463850776221 5474742
1655509464057485116 5412665
1655509464264765622 5886261
1655509464471566650 5499017
1655509464678069424 5265387
1655509464884721465 5368984
1655509465091420471 5386484
1655509465297959651 5245811
1655509465504646553 5415821
1655509465711240120 5318887
1655509465917848974 5323621
1655509466124679655 5530694
1655509466331428796 5416359
1655509466538088639 5294301
1655509466744705450 5359416
1655509466951242982 5294725
1655509467157825673 5220352
1655509467364509578 5376622
1655509467571225285 5431328
1655509467778017005 5448342
1655509467984673304 5376950
1655509468191172995 5286982
1655509468398537166 6088438
1655509468605180096 5368874
1655509468811812943 5409311
1655509469018489255 5380414
1655509469225159831 5405239
1655509469431784303 5326292
1655509469638578157 5481551
1655509469845295972 5424131
1655509470052119903 5542111
1655509470258777328 5329103
1655509470465439302 5386667
1655509470672288078 5566986
1655509470878843360 5255469
1655509471085458975 5311494
1655509471292073046 5323672
1655509471498678224 5305817
1655509471705369274 5400000
1655509471912023645 5356113
1655509472118614825 5316010
1655509472325288484 5401482
1655509472531897205 5320003
1655509472738521945 5358585
1655509472945124380 5312358
1655509473151679976 5253968
1655509473358268551 5302764
1655509473565020818 5387258
1655509473771600542 5322928
1655509473978225818 5322249
1655509474184973975 5482397
1655509474391626544 5380774
1655509474598317505 5372060
1655509474804987694 5394023
1655509475011629813 5354143
1655509475218207502 5273813
1655509475424879607 5397681
1655509475631491826 5339546
1655509475837960983 5393133
1655509476044503137 5314711
1655509476251240997 5344609
1655509476457829245 5312898
1655509476664511915 5403810
1655509476870687308 5011756
1655509477077346773 5371110
1655509477283985819 5348791
1655509477490087798 4916657
1655509477696791436 5400490
1655509477903449628 5377604
1655509478110147555 5340017
1655509478316831577 5329983
1655509478523478666 5388036
1655509478730066187 5309673
1655509478936817192 5425556
1655509479143455787 5376359
1655509479350024262 5271141
1655509479556729302 5409083
1655509479763442480 5452981
1655509479969987687 5220182
1655509480176573685 5274251
1655509480383181003 5314915
1655509480589639271 5307540
1655509480796229223 5314781
1655509481002833256 5239554
1655509481209411413 5295189
1655509481416023218 5330135
1655509481622608429 5249857
1655509481829233549 5346961
1655509482035901992 5378362
1655509482242564766 5368786
1655509482449198936 5361232
1655509482655821641 5315542
1655509482862459161 5296263
1655509483069075171 5343157
1655509483275724424 5389147
1655509483482409832 5374449
1655509483689045724 5433342
1655509483897030528 6715547
1655509484103582200 5266385
1655509484310156667 5317645
1655509484516726584 5299050
1655509484723416142 5382539
1655509484929911726 5192550
1655509485136529180 5342229
1655509485343180079 5320232
1655509485549834206 5403203
1655509485756452100 5353163
1655509485963058197 5309576
1655509486169659596 5293140
1655509486376294246 5324300
1655509486582956293 5338926
1655509486789517222 5287927
1655509486996078712 5287393
1655509487202616993 5273991
1655509487409286528 5400968
1655509487615915922 5320511
1655509487822387698 5181216
1655509488029053577 5383174
1655509488235765851 5420861
1655509488442397852 5288925
1655509488648990716 5338252
1655509488855674686 5410135
1655509489062291620 5281514
1655509489269022675 5342947
1655509489475587009 5315269
1655509489682103524 5220252
1655509489888707682 5339150
1655509490095301065 5309661
1655509490301871709 5217910
1655509490508426872 5304740
1655509490715002765 5320245
1655509490921706052 5395511
1655509491128279842 5315482
1655509491334822069 5237149
1655509491541377021 5265425
1655509491748047498 5324109
1655509491954626834 5254428
1655509492161241227 5300726
1655509492367912374 5390118
1655509492574581752 5364108
1655509492781250355 5400326
1655509492987853340 5320641
1655509493194465118 5240719
1655509493401983691 5394537
1655509493608648504 5381372
1655509493815166796 5252052
1655509494021723894 5254819
1655509494228313326 5334304
1655509494434860720 5292506
1655509494641421416 5281543
1655509494847996562 5315192
1655509495054626128 5304563
1655509495261204487 5290467
1655509495467897685 5394263
1655509495675748335 6412998
1655509495882471108 5355021
1655509496089139109 5391253
1655509496295828640 5394777
1655509496502481502 5350119
1655509496710337371 6555385
1655509496916950314 5353946
1655509497123511380 5316560
1655509497330102631 5301570
1655509497536780702 5395035
1655509497743749766 5633799
1655509497950654212 5534204
1655509498157426842 5500215
1655509498364555073 5776477
1655509498577298599 11419124
1655509498786573327 7521516
1655509498993426447 5420313
1655509499200067492 5388286
1655509499406265303 4973480
1655509499612902715 5356953
1655509499819515057 5298883
1655509500026090117 5256807
1655509500232764976 5390585
1655509500439379667 5371293
1655509500646033295 5309115
1655509500852676320 5341182
1655509501059316763 5365389
1655509501265900480 5285101
1655509501472528817 5338192
1655509501679113004 5255152
1655509501885772654 5360500
1655509502092508563 5388215
1655509502299177378 5353435
1655509502505858582 5293974
1655509502712527673 5355365
1655509502919223381 5373063
1655509503125637571 5369154
1655509503332259204 5326271
1655509503538789638 5233527
1655509503745352146 5268881
1655509503951999723 5349602
1655509504158618004 5275263
1655509504365294511 5423366
1655509504571968330 5383301
1655509504778473634 5204688
1655509504984832369 5124795
1655509505191484743 5336042
1655509505398615958 5828754
1655509505604926559 5077894
1655509505811580483 5341646
1655509506018191587 5328507
1655509506224819947 5334564
1655509506431529419 5382370
1655509506638159920 5323956
1655509506844781998 5343571
1655509507051144006 5134220
1655509507257801479 5352498
1655509507464468975 5385696
1655509507671042366 5275733
1655509507877812173 5473848
1655509508084530712 5392211
1655509508291129531 5281643
1655509508497782227 5340517
1655509508704472639 5417083
1655509508911056160 5295613
1655509509117749663 5363555
1655509509324332625 5307670
1655509509530825712 5189887
1655509509737384086 5287744
1655509509944047097 5317452
1655509510150646317 5324232
1655509510357247623 5359246
1655509510563937635 5383241
1655509510770635589 5379383
1655509510977269876 5346051
1655509511183899394 5330382
1655509511390538972 5298707
1655509511597153496 5357163
1655509511803829626 5387559
1655509512010447859 5281887
1655509512217090563 5359346
1655509512423817030 5415294
1655509512630615247 5467484
1655509512837283416 5385633
1655509513044197712 5556176
1655509513250728150 5327966
1655509513457410327 5391134
1655509513664150394 5459592
1655509513870809459 5353516
1655509514077536465 5431582
1655509514284176702 5291555
1655509514490736944 5288311
1655509514697377131 5360615
1655509514903944232 5294140
1655509515110590777 5359023
1655509515317206786 5291462
1655509515523796322 5296897
1655509515730278702 5196572
1655509515936943538 5380888
1655509516143533323 5285437
1655509516349991389 5173095
1655509516556587670 5338963
1655509516763194641 5319319
1655509516969775947 5262157
1655509517176462470 5385039
1655509517382988626 5234462
1655509517589524667 5225097
1655509517796114927 5345420
1655509518002779122 5380631
1655509518209323913 5284066
1655509518415884311 5307816
1655509518622375447 5127966
1655509518828879077 5242314
1655509519035524107 5300816
1655509519242065384 5256838
1655509519448709225 5377825
1655509519655395693 5348140
1655509519861925933 5244942
1655509520069096498 5849154
1655509520275666666 5309746
1655509520482338828 5371751
1655509520689043279 5370957
1655509520897306728 6992463
1655509521105204552 6523789
1655509521312037742 5571761
1655509521518693939 5376773
1655509521725405056 5627805
1655509521932090131 5359653
1655509522138858474 5423439
1655509522346631815 6504898
1655509522553881778 5933341
1655509522761001909 5830660
1655509522968105312 5634250
1655509523174953631 5301823
1655509523381795248 5332102
1655509523588830828 5633452
1655509523798416553 7777632
1655509524007121793 7486747
1655509524216267054 7455301
1655509524425635122 8111604
1655509524634916864 7978374
1655509524843907703 7801393
1655509525052893373 7555736
1655509525261669084 7429651
1655509525470214594 7195956
1655509525678693007 7168596
1655509525887387905 7434574
1655509526096242567 7541320
1655509526305029848 7545094
1655509526513882845 7417090
1655509526722716800 7524651
1655509526931371805 7379536
1655509527140081717 7394968
1655509527348614040 7230378
1655509527557375922 7481027
1655509527765575932 6947081
1655509527974017981 6922318
1655509528183100487 7464055
1655509528392113429 7484031
1655509528600984800 7354371
1655509528810038389 7267577
1655509529018929200 7394637
1655509529227997648 7470705
1655509529436938597 7427144
1655509529645878160 7283360
1655509529854659501 7428116
1655509530063282630 7340906
1655509530271907837 7299640
1655509530480448330 7249476
1655509530688927947 7201447
1655509530897954043 7745319
1655509531106110111 6879826
1655509531314050961 6660053
1655509531521630125 6243793
1655509531729014725 6067563
1655509531936212289 5873343
1655509532143290051 5791692
1655509532350389731 5821733
1655509532557117938 5645266
1655509532764292895 5834985
1655509532971351499 5751629
1655509533178206516 5576248
1655509533385117343 5648762
1655509533591956208 5602881
1655509533799124564 5873946
1655509534006353098 5943013
1655509534213282756 5688560
1655509534420593564 6036184
1655509534627721758 5865339
1655509534834951494 5884999
1655509535042142926 5906097
1655509535249729004 6284073
1655509535456610872 5650982
1655509535663786549 5863284
1655509535870928946 5845758
1655509536078082112 5833576
1655509536285305619 5909869
1655509536492376585 5755763
1655509536699086824 5528924
1655509536906247697 5817728
1655509537113378661 5907308
1655509537320586624 5901152
1655509537527628658 5789753
1655509537734878674 5916435
1655509537941900222 5732297
1655509538148667429 5481853
1655509538355830027 5842514
1655509538563057389 5896412
1655509538769839958 5455767
1655509538976832225 5686887
1655509539183462464 5339883
1655509539390027432 5297736
1655509539596309514 5041347
1655509539802829414 5272179
1655509540009464203 5362389
1655509540216096385 5321045
1655509540422664430 5291097
1655509540629335353 5385790
1655509540836009854 5387135
1655509541042664672 5341282
1655509541248865281 5152415
1655509541455500972 5355288
1655509541662071821 5243332
1655509541868779878 5419279
1655509542075467687 5416292
1655509542282000084 5281667
1655509542488581587 5338492
1655509542695272726 5365103
1655509542902718263 5331768
1655509543109378683 5359900
1655509543316030558 5381391
1655509543522455732 5156718
1655509543729156783 5429367
1655509543935776616 5345447
1655509544142389349 5322347
1655509544349030264 5340704
1655509544555661537 5332351
1655509544762280123 5294628
1655509544968914134 5351895
1655509545175617438 5361630
1655509545382218053 5286957
1655509545588932843 5402910
1655509545795555687 5333787
1655509546002127099 5304763
1655509546208799951 5388890
1655509546415545840 5415213
1655509546622192022 5324106
1655509546828823140 5343832
1655509547035421693 5297198
1655509547242010255 5317599
1655509547448716913 5413175
1655509547655366334 5325624
1655509547862305153 5350907
1655509548069209725 5631419
1655509548275938128 5460947
1655509548482325693 5141130
1655509548689045006 5467167