1655509941177508828 275192907
1655509941478137531 99195869
1655509941779154497 99325524
1655509941986158569 5573327
1655509942191748812 4391357
1655509942398807762 5542288
1655509942606220255 5960620
1655509942813355959 5722439
1655509943020575679 5884732
1655509943227647069 5590426
1655509943434498050 5427688
1655509943641413155 5491689
1655509943848368947 5612411
1655509944054985180 5270078
1655509944260859436 4633608
1655509944467913692 5529148
1655509944674637793 5320491
1655509944881441993 5446209
1655509945088410914 5531241
1655509945295318527 5513096
1655509945503053844 6308776
1655509945709713875 5271498
1655509945916376929 5261943
1655509946123372671 5561973
1655509946330302527 5583735
1655509946537597524 5940373
1655509946744460276 5565624
1655509946951093709 5345042
1655509947158343679 5905491
1655509947365076600 5443395
1655509947572595253 6261398
1655509947778751992 5032721
1655509947984721481 4806590
1655509948190483400 4786899
1655509948396358856 4606230
1655509948601916344 4354950
1655509948808468286 5202691
1655509949015252114 5424291
1655509949221611537 5085728
1655509949427681234 4858357
1655509949633685246 4718008
1655509949839817476 4873889
1655509950046356134 5227720
1655509950252488327 4847472
1655509950458382376 4791697
1655509950664944544 5277157
1655509950871782665 5575667
1655509951078765448 5676746
1655509951285833906 5758687
1655509951492577826 5502797
1655509951699581795 5943944
1655509951907554046 6561922
1655509952115481856 6060015
1655509952323645773 6476474
1655509952530626229 5599025
1655509952737962995 5678479
1655509952945685957 6112595
1655509953154061896 6936252
1655509953362405079 6911509
1655509953570823214 6744614
1655509953779099262 6996986
1655509953987196281 6833748
1655509954195366669 6862310
1655509954403414005 6709131
1655509954611851746 6913799
1655509954820168810 6583048
1655509955028567673 7007444
1655509955236569139 6748109
1655509955444920256 7089867
1655509955653287733 7010618
1655509955861781052 6980029
1655509956070208103 6784954
1655509956278786437 7030368
1655509956486914545 6564033
1655509956695246380 7001697
1655509956903631167 6958253
1655509957112109567 6881295
1655509957320129439 6572706
1655509957528488779 6892077
1655509957735970370 6259567
1655509957944281915 6913429
1655509958151958244 6355713
1655509958359595959 6074025
1655509958567521417 6612085
1655509958775836763 6930359
1655509958984301200 6889111
1655509959191522818 5970528
1655509959399524257 6672103
1655509959606985316 6129232
1655509959813774845 5458320
1655509960020285495 5254775
1655509960226767832 5258437
1655509960433543874 5518630
1655509960640384473 5538510
1655509960846730708 5132654
1655509961053624923 5645476
1655509961260620220 5696432
1655509961467063856 5174530
1655509961674005319 5644575
1655509961880904346 5624672
1655509962087615609 5393927
1655509962294507022 5539624
1655509962501480029 5692410
1655509962708444609 5670760
1655509962915337995 5608567
1655509963122357878 5725652
1655509963329457003 5777429
1655509963535902565 5131555
1655509963742379364 5130482
1655509963949141779 5412401
1655509964155601275 5175397
1655509964362191630 5294057
1655509964568857268 5356753
1655509964775667061 5519765
1655509964982142909 5179914
1655509965188574174 5137609
1655509965395544937 5694763
1655509965601626053 4895237
1655509965807954820 5114763
1655509966014322719 5042907
1655509966220587696 4981743
1655509966426690671 4863080
1655509966633069874 5097793
1655509966839473525 5073802
1655509967045829567 5013559
1655509967252177503 5063347
1655509967458449428 5027525
1655509967664877968 5175841
1655509967871073019 4912122
1655509968077596967 5253164
1655509968284303327 5417653
1655509968491035568 5428035
1655509968697779799 5453294
1655509968904363696 5337497
1655509969110524786 4892034
1655509969316848232 5077953
1655509969523114281 5017918
1655509969729500718 5118607
1655509969935930229 5165444
1655509970142025173 4813931
1655509970348362489 5072704
1655509970554740847 5074189
1655509970760927596 4937694
1655509970967159542 4956330
1655509971173561781 5105666
1655509971379911969 5062756
1655509971586214461 5049594
1655509971792425181 4952759
1655509971998874618 5108082
1655509972205324028 5142865
1655509972412301379 5033806
1655509972618566486 4995291
1655509972825029662 5174638
1655509973031378567 5048784
1655509973237769753 5146029
1655509973444200620 5132737
1655509973650599648 5121277
1655509973857094054 5145869
1655509974063468032 5081308
1655509974269743940 5030255
1655509974476162564 5157256
1655509974682623922 5144404
1655509974889013957 5121367
1655509975095302495 5015091
1655509975301548933 5003070
1655509975508001434 5172904
1655509975714273909 4979386
1655509975920590340 5021655
1655509976127004712 5104057
1655509976333406417 5131261
1655509976539797347 5080123
1655509976746139669 5060270
1655509976952506255 5076225
1655509977158820228 5021264
1655509977365263375 5166059
1655509977572410114 5857614
1655509977778831679 5150868
1655509977984963903 4870457
1655509978191237887 5032301
1655509978397563674 5061692
1655509978603915267 5127944
1655509978810213204 4995829
1655509979016513000 5059299
1655509979222750693 4994287
1655509979429633315 5624419
1655509979635967371 5093198
1655509979841926639 4717820
1655509980048351317 5140463
1655509980254709525 5087948
1655509980461209579 5184647
1655509980667558141 5091476
1655509980873893129 5023744
1655509981080263590 5130044
1655509981286559504 4969159
1655509981492982815 5169306
1655509981699398566 5067668
1655509981906642652 5927483
1655509982113145194 5191522
1655509982319626912 5191648
1655509982525955944 5023190
1655509982732351344 5094616
1655509982938589083 4965534
1655509983145086756 5193484
1655509983351428708 5073191
1655509983557826973 5039466
1655509983764255966 5091408
1655509983970596791 5057937
1655509984176837480 5006631
1655509984383107624 5004531
1655509984589546566 5162885
1655509984795955002 5127757
1655509985002314732 5038548
1655509985208654628 5091595
1655509985415026639 5022085
1655509985621379188 5053281
1655509985827676786 5021862
1655509986033932849 4975865
1655509986240358852 5122775
1655509986446743673 5087899
1655509986653161549 5148639
1655509986859492756 5032678
1655509987065898123 5085396
1655509987272312739 5133240
1655509987478754498 5134643
1655509987685142911 5140163
1655509987891430454 5008186
1655509988097850795 5121454
1655509988304301439 5191712
1655509988510680952 5080934
1655509988717118372 5138194
1655509988923448281 5016149
1655509989129840265 5154636
1655509989336154058 5046481
1655509989542541363 5070882
1655509989748942628 5119051
1655509989955250478 5032805
1655509990161597310 5076599
1655509990368001822 5114092
1655509990574422112 5108930
1655509990780749261 5037397
1655509990986874618 4846620
1655509991193254246 5093869
1655509991399658021 5110671
1655509991606031623 5060116
1655509991812475277 5150141
1655509992018749932 5018915
1655509992225147645 5116434
1655509992431575144 5168375
1655509992637860344 4949768
1655509992844207116 5075230
1655509993050627019 5102452
1655509993257064756 5146907
1655509993463590455 5190334
1655509993669896879 5011062
1655509993876393732 5213951
1655509994082699392 4968040
1655509994289171485 5136234
1655509994495592987 5103287
1655509994701894239 5012198
1655509994909092021 5909809
1655509995115487876 5077827
1655509995321807956 4941512
1655509995528218092 5089381
1655509995734542504 4993519
1655509995940933133 5091305
1655509996146893983 4713074
1655509996353211864 5034610
1655509996559483959 4972145
1655509996765802711 5044835
1655509996972152410 5075832
1655509997178536335 5062663
1655509997385003742 5124501
1655509997591274546 5011013
1655509997797575741 4994947
1655509998004082705 5223562
1655509998210398331 5003171
1655509998416899651 5204480
1655509998623348821 5048796
1655509998829281865 4666992
1655509999035736708 5117713
1655509999242056358 4994417
1655509999448456926 5128879
1655509999654739406 4956623
1655509999861147163 5128339
1655510000067505914 5096418
1655510000273826750 5045469
1655510000480221751 5092384
1655510000686566216 5059645
1655510000892654780 4903939
1655510001098964945 5019936
1655510001305352090 5091052
1655510001511691040 5063054
1655510001717923582 4940294
1655510001924229954 5027351
1655510002130450006 4907139
1655510002336647289 4927270
1655510002543106033 5149022
1655510002749482205 5110354
1655510002955834407 5062943
1655510003161875246 4704002
1655510003368303134 5123229
1655510003574676167 5073596
1655510003781056554 5116929
1655510003987359291 5029427
1655510004193674406 5062926
1655510004400012331 5065342
1655510004606354337 5048893
1655510004812527558 4891572
1655510005018799039 5040830
1655510005225243881 5139211
1655510005431514972 4989274
1655510005637848202 5009858
1655510005844148980 5020063
1655510006050184286 4787197
1655510006256439948 4992531
1655510006462779709 5032694
1655510006669105098 5072257
1655510006875400861 5022409
1655510007081736831 5059706
1655510007288009293 4978018
1655510007494291861 4992669
1655510007700612769 5032331
1655510007907040621 5279310
1655510008113067872 4804780
1655510008319440475 5067097
1655510008525801367 5091286
1655510008732188275 5128151
1655510008938596968 5100219
1655510009145042681 5139575
1655510009351279075 5013265
1655510009557378375 4871358
1655510009763774149 5097533
1655510009970066921 4941810
1655510010176346656 5033035
1655510010382614052 5024576
1655510010588985249 5078150
1655510010795273553 5031553
1655510011001632996 5100497
1655510011208011321 5091136
1655510011414310892 4978476
1655510011620556410 4971067
1655510011826911173 5047004
1655510012033253857 5090242
1655510012239611034 5039836
1655510012445912990 4998308
1655510012651818852 4972752
1655510012857632221 4749073
1655510013063912399 4979800
1655510013270355769 5147287
1655510013477133112 5722075
1655510013683425764 4996780
1655510013889810833 5067184
1655510014096215022 5098645
1655510014302477179 4997191
1655510014508818340 5063199
1655510014715044429 4988373
1655510014920996081 4752420
1655510015127244528 4956966
1655510015333579931 5049461
1655510015539830371 4991684
1655510015745993838 4871361
1655510015952197571 4985634
1655510016158595131 5055871
1655510016364877959 5016723
1655510016571182235 4964225
1655510016777607617 5130584
1655510016984095940 5232896
1655510017190481323 5056923
1655510017396369364 4843429
1655510017602706558 5038508
1655510017809134321 5140132
1655510018015127094 4760621
1655510018221517222 5106100
1655510018427900316 5131345
1655510018634210815 4996482
1655510018840802557 5339183
1655510019047166929 5013529
1655510019253560575 5139351
1655510019459674617 4863146
1655510019665866917 4905173
1655510019872209207 5035851
1655510020078624432 5103514
1655510020285010866 5144431
1655510020491312075 5039810
1655510020697689872 5096569
1655510020904161401 5138093
1655510021110507028 5081207
1655510021316883301 5108246
1655510021523143188 5018271
1655510021729570917 5133948
1655510021935754169 4956228
1655510022142064395 5036926
1655510022348678706 5325283
1655510022554987224 5014401
1655510022761353261 5072427
1655510022967738597 5092784
1655510023173961949 4934537
1655510023380271565 5059139
1655510023586642925 5080136
1655510023793053460 5119798
1655510023999428418 5074933
1655510024205710318 4973847
1655510024411674221 4751321
1655510024617945889 4935702
1655510024824294236 5076523
1655510025030663193 5079739
1655510025236746817 4844009
1655510025442999137 5033392
1655510025649357542 5056132
1655510025855746329 5045466
1655510026062068249 5012509
1655510026268338832 5028894
1655510026474652095 5044625
1655510026681075909 5140773
1655510026887407587 5061995
1655510027093843839 5119989
1655510027300170701 5068560
1655510027506527337 5062035
1655510027713059266 5229502
1655510027919328265 4989605
1655510028125481868 4893881
1655510028331874694 5111559
1655510028537781757 4684823
1655510028744179488 5128628
1655510028950252881 4843966
1655510029156512569 5027646
1655510029362773928 5008697
1655510029569067917 5028735
1655510029775222715 4924198
1655510029981161834 4727157
1655510030187283691 4897824
1655510030393407738 4936317
1655510030599585738 4929716
1655510030805735013 4916100