time,operation,name,city
1653844734211441949,INSERT,uontz,eungs
1653844734211493913,INSERT,ouhn,iaoms
1653844734211510828,INSERT,eincy,iuwn
1653844734211520038,INSERT,eiarty,ioudly
1653844734211529187,INSERT,eaugh,uams
1653844734211538691,INSERT,ails,iouh
1653844734211556529,INSERT,oihl,ocy
1653844734211566215,INSERT,uods,oeys
1653844734211575128,INSERT,uth,ogh
1653844734211583581,INSERT,ealy,urts
1653844734211592199,INSERT,oongs,aiosm
1653844734211600354,INSERT,eully,iomp
1653844734211608697,INSERT,iect,iody
1653844734211616503,INSERT,aorly,aeft
1653844734211624522,INSERT,eony,aiarth
1653844734211672372,INSERT,eans,auern
1653844734211681507,INSERT,ioug,iongly
1653844734211706384,INSERT,aegs,uiss
1653844734211714310,INSERT,ieucks,oeds
1653844734211722582,INSERT,eorty,eiack
1653844734211731680,INSERT,ioub,aorst
1653844734211739803,INSERT,eaump,aany
1653844734211747620,INSERT,iiwn,iirry
1653844734211755289,INSERT,oin,uft
1653844734211763421,INSERT,uery,ioc
1653844734211771211,INSERT,ieuys,eirr
1653844734211800912,INSERT,oaff,oasp
1653844734211811631,INSERT,iav,aots
1653844734211819872,INSERT,ierst,iountly
1653844734211828619,INSERT,oomp,uels
1653844734211836774,INSERT,oitts,is
1653844734211845096,INSERT,aght,eatt
1653844734211853068,INSERT,aacy,uiegh
1653844734211861235,INSERT,ieugh,iusm
1653844734211869121,INSERT,iountly,aiy
1653844734211877624,INSERT,oess,etz
1653844734211897065,INSERT,aioh,icks
1653844734211907544,INSERT,uot,eond
1653844734211915326,INSERT,eld,eiay
1653844734211923539,INSERT,ieunt,oabs
1653844734211931389,INSERT,iantly,eent
1653844734211939267,INSERT,aub,eauntly
1653844734211947857,INSERT,oown,ib
1653844734211956687,INSERT,oiasm,ieusts
1653844734211965331,INSERT,eiath,iur
1653844734211973148,INSERT,iog,eurts
1653844734211980880,INSERT,uonds,amp
1653844734211989845,INSERT,iny,oow
1653844734211998032,INSERT,eecy,aeys
1653844734212005887,INSERT,uarst,ieuff
1653844734676382802,INSERT,eocs,ioudly
1653844734676567393,INSERT,aoz,aib
1653844734676585327,INSERT,orty,oeks
1653844734676595442,INSERT,orts,ens
1653844734676603898,INSERT,uoff,ubs
1653844734676611890,INSERT,ieuth,uierm
1653844734676620456,INSERT,iass,aat
1653844734676629094,INSERT,aorth,ieund
1653844734676663247,INSERT,oiapp,uod
1653844734676705390,INSERT,oiarty,oog
1653844734676717101,INSERT,ouly,ock
1653844734676725444,INSERT,eol,orm
1653844734676733442,INSERT,iarly,opp
1653844734676742407,INSERT,ieuncy,eiasly
1653844734676751085,INSERT,eopp,eauns
1653844734676790073,INSERT,aims,auys
1653844734676798345,INSERT,oiss,iov
1653844734676806254,INSERT,iot,oays
1653844734676814989,INSERT,austs,ioun
1653844734676824099,INSERT,oorts,oasm
1653844734676832194,INSERT,oohl,ieuct
1653844734676840130,INSERT,uoch,iousk
1653844734676848042,INSERT,aiasch,oany
1653844734676856487,INSERT,ions,asch
1653844734676864276,INSERT,uefy,oss
1653844734676871447,INSERT,iws,aiogh
1653844734676898394,INSERT,ounds,uapt
1653844734676909037,INSERT,air,oimp
1653844734676918259,INSERT,iog,eaurly
1653844734676926296,INSERT,euhl,aetz
1653844734676934332,INSERT,eurr,aith
1653844734676942439,INSERT,auhn,iaotts
1653844734676951271,INSERT,iass,ouy
1653844734676959666,INSERT,uox,uienk
1653844734676967075,INSERT,oer,iunk
1653844734676975981,INSERT,uafy,aiohn
1653844734677014224,INSERT,ioty,aiah
1653844734677026009,INSERT,aently,aings
1653844734677034533,INSERT,aosm,aump
1653844734677042591,INSERT,aiotts,aucts
1653844734677050397,INSERT,auds,aiact
1653844734677057737,INSERT,eify,uacy
1653844734677065649,INSERT,eulls,eiax
1653844734677097360,INSERT,iuntz,aioz
1653844734677106111,INSERT,auesp,uex
1653844734677113817,INSERT,eurly,auemp
1653844734677122226,INSERT,oully,ieft
1653844734677130695,INSERT,uly,uags
1653844734677138012,INSERT,ourn,iath
1653844734677146090,INSERT,oack,euch
1653844737808045738,INSERT,auch,uegh
1653844737808118874,INSERT,uiegs,uigh
1653844737808130109,INSERT,aow,auly
1653844737808135767,INSERT,uocy,oibs
1653844737808140892,INSERT,ietz,aioch
1653844737808145857,INSERT,ourth,aiotts
1653844737808151058,INSERT,oact,un
1653844737808155989,INSERT,eotz,eeh
1653844737808170129,INSERT,aiant,aioss
1653844737808190339,INSERT,irst,aiark
1653844737808196571,INSERT,iaght,eaws
1653844737808201395,INSERT,oely,iengly
1653844737808206283,INSERT,onts,auegs
1653844737808213426,INSERT,uops,aids
1653844737808218135,INSERT,uil,eorly
1653844737808222930,INSERT,ieult,ooly
1653844737808227735,INSERT,ust,ot
1653844737808247586,INSERT,asts,aioy
1653844737808253098,INSERT,aiantz,ought
1653844737808258055,INSERT,osh,eiapp
1653844737808262751,INSERT,eaung,aiaf
1653844737808267492,INSERT,uony,aodly
1653844737808272049,INSERT,ild,iuft
1653844737808276690,INSERT,oasly,iut
1653844737808282140,INSERT,uk,uorth
1653844737808289058,INSERT,oict,aunds
1653844737808310814,INSERT,uirs,oand
1653844737808316979,INSERT,eov,aash
1653844737808328207,INSERT,ieurly,uink
1653844737808333223,INSERT,iov,aiond
1653844737808338129,INSERT,eask,eian
1653844737808351834,INSERT,amp,iaong
1653844737808356746,INSERT,iaow,iourst
1653844737808361494,INSERT,eauz,oern
1653844737808366397,INSERT,iug,ounts
1653844737808371041,INSERT,uipp,oann
1653844737808383286,INSERT,aesm,iz
1653844737808389189,INSERT,uiecy,ieurm
1653844737808393953,INSERT,iouft,eild
1653844737808398700,INSERT,iins,iaf
1653844737808403314,INSERT,eaft,usly
1653844737808407867,INSERT,iets,aiw
1653844737808412610,INSERT,ielt,az
1653844737808417155,INSERT,iaom,uarly
1653844737808422420,INSERT,iouff,iarg
1653844737808427105,INSERT,eills,iaolls
1653844737808431873,INSERT,eotz,id
1653844737808436751,INSERT,ag,oiff
1653844737808441595,INSERT,uars,urds
1653844737808446378,INSERT,ueg,aiorly
1653844739575429782,INSERT,ucks,oiamp
1653844739575531927,INSERT,iaosh,eerry
1653844739575545777,INSERT,iurds,eiath
1653844739575555221,INSERT,ieurs,eab
1653844739575563315,INSERT,ieurty,auery
1653844739575571602,INSERT,iaf,oev
1653844739575579778,INSERT,eirts,aont
1653844739575587742,INSERT,uiedy,ault
1653844739575610542,INSERT,eausch,auemp
1653844739575675814,INSERT,aarg,oirs
1653844739575689093,INSERT,eetts,incy
1653844739575709241,INSERT,eills,uins
1653844739575718291,INSERT,eiagh,udly
1653844739575745836,INSERT,aasm,iorn
1653844739575754635,INSERT,aiodly,eunk
1653844739575764368,INSERT,uontz,aiok
1653844739575773415,INSERT,aiw,aidy
1653844739575793590,INSERT,oiagh,eesh
1653844739575802686,INSERT,aontly,auec
1653844739575811202,INSERT,iats,uent
1653844739575819086,INSERT,uf,uogh
1653844739575826597,INSERT,uirst,eiasly
1653844739575835215,INSERT,aangs,auerts
1653844739575843353,INSERT,oocks,uss
1653844739575851530,INSERT,oaf,airy
1653844739575860142,INSERT,aunts,austs
1653844739575968542,INSERT,aeds,oay
1653844739575989311,INSERT,ieul,eiall
1653844739575999234,INSERT,eols,aidy
1653844739576008910,INSERT,uils,odly
1653844739576017812,INSERT,iosp,iorry
1653844739576077098,INSERT,irg,ouhl
1653844739576086701,INSERT,eez,aism
1653844739576096178,INSERT,om,iats
1653844739576127384,INSERT,aus,einn
1653844739576155917,INSERT,eib,aasts
1653844739576174334,INSERT,oiag,ioucks
1653844739576185454,INSERT,oaws,iunts
1653844739576194894,INSERT,ooty,ord
1653844739576204189,INSERT,ely,iaoch
1653844739576212503,INSERT,eosm,eialt
1653844739576221484,INSERT,uatch,aiams
1653844739576229912,INSERT,aiads,uocks
1653844739576238118,INSERT,aaks,oord
1653844739576247134,INSERT,audy,aelt
1653844739576256882,INSERT,oerst,uegs
1653844739576266128,INSERT,uny,iety
1653844739576275666,INSERT,atts,aiangs
1653844739576285179,INSERT,uihl,eows
1653844739576294583,INSERT,iurg,eaubs
1653844742396051931,INSERT,aorts,uigh
1653844742396142774,INSERT,iebs,oopp
1653844742396155131,INSERT,oarth,eaff
1653844742396163348,INSERT,oism,oog
1653844742396180439,INSERT,eorth,euys
1653844742396188561,INSERT,os,eirds
1653844742396196654,INSERT,oorth,oup
1653844742396205935,INSERT,iisch,oetts
1653844742396214501,INSERT,uams,uids
1653844742396232437,INSERT,ect,eaunt
1653844742396242569,INSERT,oocy,uiy
1653844742396251301,INSERT,eauty,aub
1653844742396259546,INSERT,iepp,aids
1653844742396266969,INSERT,oich,aawn
1653844742396274357,INSERT,ooly,aiars
1653844742396281680,INSERT,aibly,ieb
1653844742396289870,INSERT,uft,iitt
1653844742396298454,INSERT,aez,uarm
1653844742396316542,INSERT,eirt,ak
1653844742396334218,INSERT,oost,oirly
1653844742396342096,INSERT,iouct,ieugs
1653844742396349719,INSERT,its,eully
1653844742396357424,INSERT,eaus,aolls
1653844742396366338,INSERT,uitt,ely
1653844742396375142,INSERT,ouws,uec
1653844742396383609,INSERT,id,airly
1653844742396421212,INSERT,aints,iary
1653844742396430836,INSERT,eoth,iek
1653844742396438600,INSERT,ady,ooh
1653844742396446689,INSERT,eit,oungs
1653844742396454680,INSERT,iaw,eucks
1653844742396463034,INSERT,usk,eorry
1653844742396471424,INSERT,iofy,ass
1653844742396479904,INSERT,iew,ioub
1653844742396487645,INSERT,ary,auects
1653844742396495500,INSERT,aiaks,ook
1653844742396515083,INSERT,opt,eoss
1653844742396525806,INSERT,eurn,iaosts
1653844742396535197,INSERT,oiax,eiancy
1653844742396543504,INSERT,uierry,auly
1653844742396552743,INSERT,aiopt,eols
1653844742396574944,INSERT,angs,iigy
1653844742396583627,INSERT,eity,iaontz
1653844742396595901,INSERT,aarf,iuys
1653844742396604998,INSERT,aatz,eists
1653844742396613355,INSERT,airth,ask
1653844742396621309,INSERT,iiry,oim
1653844742396629458,INSERT,uieny,oms
1653844742396654601,INSERT,eiays,aops
1653844742396663559,INSERT,oias,eungly
1653844743999279936,INSERT,oins,aug
1653844743999367842,INSERT,aun,uow
1653844743999376895,INSERT,uotts,oecks
1653844743999383415,INSERT,iests,aett
1653844743999388549,INSERT,oany,aey
1653844743999393680,INSERT,auep,oings
1653844743999398707,INSERT,uiey,ut
1653844743999403636,INSERT,oonn,iaory
1653844743999408761,INSERT,aioys,oed
1653844743999428299,INSERT,aiangly,iourr
1653844743999434671,INSERT,eory,uot
1653844743999439436,INSERT,aerty,uasm
1653844743999444276,INSERT,eudy,aucks
1653844743999449099,INSERT,iird,oiarn
1653844743999453795,INSERT,eiv,iaorry
1653844743999458499,INSERT,oatch,iofy
1653844743999463293,INSERT,uegh,ieutts
1653844743999468132,INSERT,eiapp,ocks
1653844743999472797,INSERT,ail,iousts
1653844743999477492,INSERT,uiely,eald
1653844743999482274,INSERT,aeth,eens
1653844743999486974,INSERT,eesp,uarg
1653844743999491663,INSERT,ully,iout
1653844743999505669,INSERT,euld,ootch
1653844743999510501,INSERT,ers,eins
1653844743999515384,INSERT,ueft,ald
1653844743999535732,INSERT,iaohn,iaty
1653844743999542143,INSERT,olt,est
1653844743999546808,INSERT,apt,iys
1653844743999551372,INSERT,eenk,ials
1653844743999555985,INSERT,aiwn,airly
1653844743999560681,INSERT,ually,eaucy
1653844743999565339,INSERT,iehn,iety
1653844743999570185,INSERT,auesm,iuws
1653844743999574871,INSERT,eibly,aays
1653844743999579534,INSERT,oiarts,iump
1653844743999591522,INSERT,aigh,oeth
1653844743999597676,INSERT,eust,eiangs
1653844743999602452,INSERT,aash,iic
1653844743999607023,INSERT,oonn,ieps
1653844743999611728,INSERT,oiantly,uif
1653844743999616352,INSERT,ieurts,eim
1653844743999621152,INSERT,eiasts,aaw
1653844743999625881,INSERT,eipt,ich
1653844743999630570,INSERT,oorts,oods
1653844743999666050,INSERT,oems,iapt
1653844743999680411,INSERT,eauh,ieurm
1653844743999685339,INSERT,iull,ohn
1653844743999692462,INSERT,aiolt,ects
1653844743999697229,INSERT,uands,aiall
1653844744906712898,INSERT,euff,oull
1653844744906821653,INSERT,incy,em
1653844744906846823,INSERT,eilly,auf
1653844744906856228,INSERT,oency,oird
1653844744906865220,INSERT,uiens,eigh
1653844744906874062,INSERT,auepp,aask
1653844744906882617,INSERT,eot,oas
1653844744906890358,INSERT,eoct,arr
1653844744906898974,INSERT,oks,ueft
1653844744906916448,INSERT,ieuch,uil
1653844744906926018,INSERT,iunt,uept
1653844744906934442,INSERT,auff,aedly
1653844744906942828,INSERT,iib,oabs
1653844744906950646,INSERT,eeks,aiorts
1653844744906960188,INSERT,uoty,eintz
1653844744906967977,INSERT,oab,auw
1653844744906987405,INSERT,ieurty,aiay
1653844744906995781,INSERT,oentz,irn
1653844744907003262,INSERT,eirn,iouwn
1653844744907010582,INSERT,aesh,oegy
1653844744907018452,INSERT,iaofy,uiency
1653844744907026437,INSERT,oetch,uods
1653844744907034862,INSERT,iorr,ehl
1653844744907042993,INSERT,ents,uohn
1653844744907050899,INSERT,auss,iedly
1653844744907058819,INSERT,ioult,ieulls
1653844744907087625,INSERT,oids,uiy
1653844744907098679,INSERT,eeds,oenk
1653844744907107881,INSERT,utt,uiedy
1653844744907116352,INSERT,uitts,uosm
1653844744907125019,INSERT,uoght,iink
1653844744907133111,INSERT,air,oetts
1653844744907141646,INSERT,uay,oiantly
1653844744907150311,INSERT,uarr,ioch
1653844744907158575,INSERT,ueds,autts
1653844744907166974,INSERT,uiev,eely
1653844744907184183,INSERT,oug,eorth
1653844744907194498,INSERT,emp,ioks
1653844744907202941,INSERT,oaws,easts
1653844744907225082,INSERT,eiall,oasch
1653844744907233486,INSERT,oely,eiab
1653844744907245062,INSERT,ooc,eiarg
1653844744907252999,INSERT,uost,uiency
1653844744907261109,INSERT,eey,abs
1653844744907269300,INSERT,oubly,uigy
1653844744907277641,INSERT,auys,oirth
1653844744907285584,INSERT,uots,aioght
1653844744907294639,INSERT,eocks,aart
1653844744907303230,INSERT,aib,oit
1653844744907311938,INSERT,eabs,oentz
1653844746293997026,INSERT,ieg,uip
1653844746294072746,INSERT,oums,ualy
1653844746294084379,INSERT,eorly,iect
1653844746294094705,INSERT,uocs,eauz
1653844746294102838,INSERT,eend,oinds
1653844746294111122,INSERT,oav,aoll
1653844746294118947,INSERT,aics,aongly
1653844746294126832,INSERT,iupp,oibs
1653844746294134148,INSERT,iourry,eocks
1653844746294148998,INSERT,oaws,urry
1653844746294157413,INSERT,iind,uant
1653844746294165118,INSERT,uab,aedy
1653844746294172382,INSERT,euncy,uatts
1653844746294179730,INSERT,uiesm,eums
1653844746294187612,INSERT,eorg,iaorry
1653844746294195742,INSERT,eong,uorry
1653844746294203643,INSERT,eiks,ecks
1653844746294211402,INSERT,iarf,iirk
1653844746294228815,INSERT,oegy,iucs
1653844746294236554,INSERT,oiancy,aueks
1653844746294244388,INSERT,iery,aorly
1653844746294251920,INSERT,ueft,aaps
1653844746294259188,INSERT,autt,aek
1653844746294266571,INSERT,oeks,eics
1653844746294273891,INSERT,ionn,eiatch
1653844746294281475,INSERT,euds,ieudy
1653844746294304471,INSERT,of,aipp
1653844746294313197,INSERT,aucs,aionk
1653844746294330519,INSERT,eobly,ows
1653844746294338120,INSERT,eauncy,oesk
1653844746294345359,INSERT,end,ieuft
1653844746294352909,INSERT,irm,ery
1653844746294360168,INSERT,iaocks,aary
1653844746294367597,INSERT,ulls,aiosts
1653844746294375575,INSERT,eobs,aiob
1653844746294383094,INSERT,ieurly,uim
1653844746294398479,INSERT,uism,aob
1653844746294407285,INSERT,uef,oev
1653844746294415119,INSERT,iaw,iehl
1653844746294422683,INSERT,iatts,euks
1653844746294430662,INSERT,eill,oasp
1653844746294448369,INSERT,amp,iots
1653844746294457053,INSERT,iaosly,iush
1653844746294467498,INSERT,ump,aioly
1653844746294475927,INSERT,eiart,iusch
1653844746294485053,INSERT,aarth,euss
1653844746294493807,INSERT,uodly,aers
1653844746294502719,INSERT,eurs,oiars
1653844746294510686,INSERT,iaorf,oams
1653844746294518206,INSERT,eiatz,oily
1653844751495037191,INSERT,eash,aiost
1653844751495111338,INSERT,oul,ac
1653844751495124434,INSERT,oerry,ews
1653844751495134297,INSERT,egh,auess
1653844751495142493,INSERT,uegs,aod
1653844751495154346,INSERT,oght,aial
1653844751495162622,INSERT,ieurst,aih
1653844751495171192,INSERT,aiand,eauth
1653844751495181975,INSERT,oiacts,iunds
1653844751495198870,INSERT,aiosts,ony
1653844751495209703,INSERT,aadly,eiac
1653844751495218488,INSERT,eiabs,eek
1653844751495226133,INSERT,esp,aioth
1653844751495234273,INSERT,uielt,iiry
1653844751495242328,INSERT,uorr,uay
1653844751495250861,INSERT,odly,iuts
1653844751495259174,INSERT,aofy,iitt
1653844751495270002,INSERT,aionk,iar
1653844751495278281,INSERT,eiach,aently
1653844751495289906,INSERT,aiontz,ans
1653844751495298379,INSERT,ioutch,ell
1653844751495306471,INSERT,eiax,eas
1653844751495314646,INSERT,oints,iol
1653844751495335165,INSERT,oon,uorth
1653844751495343887,INSERT,eauss,eash
1653844751495352978,INSERT,ieust,aiag
1653844751495371853,INSERT,olly,oems
1653844751495382651,INSERT,uientz,aigs
1653844751495391222,INSERT,eaurk,ioudy
1653844751495399576,INSERT,oiss,inn
1653844751495408271,INSERT,iaorst,oill
1653844751495416278,INSERT,ogs,oiarly
1653844751495424462,INSERT,uks,aiontz
1653844751495432814,INSERT,uack,oast
1653844751495445477,INSERT,iourty,iaoh
1653844751495452931,INSERT,ery,aort
1653844751495469946,INSERT,iuh,ens
1653844751495480261,INSERT,aulls,oeft
1653844751495488129,INSERT,aiasp,aonds
1653844751495496187,INSERT,uiewn,aiancy
1653844751495504863,INSERT,uird,aengs
1653844751495512768,INSERT,aacs,uith
1653844751495524990,INSERT,auff,ieubs
1653844751495533274,INSERT,aach,uags
1653844751495544151,INSERT,oets,oosly
1653844751495552425,INSERT,esm,eully
1653844751495560845,INSERT,ieurts,ooff
1653844751495569098,INSERT,uieght,iincy
1653844751495577985,INSERT,eapt,oend
1653844751495586334,INSERT,eontly,aantz
1653844753096104428,INSERT,orf,oiay
1653844753096186606,INSERT,oedly,oag
1653844753096196129,INSERT,ouws,eery
1653844753096210186,INSERT,airy,oiacy
1653844753096215496,INSERT,eocts,uiegh
1653844753096221477,INSERT,uols,aesch
1653844753096226526,INSERT,iep,ieurly
1653844753096231444,INSERT,aongs,iasm
1653844753096236289,INSERT,uicks,iaows
1653844753096248624,INSERT,aiaks,ois
1653844753096254952,INSERT,auend,ioump
1653844753096259793,INSERT,ieurds,ig
1653844753096264609,INSERT,uests,ury
1653844753096269578,INSERT,ig,eaub
1653844753096274693,INSERT,uabs,eirds
1653844753096288679,INSERT,oorg,auew
1653844753096293857,INSERT,ieux,eautch
1653844753096307728,INSERT,eaurd,oicts
1653844753096312791,INSERT,iency,uicks
1653844753096317582,INSERT,aiown,eiwn
1653844753096322405,INSERT,aents,oelly
1653844753096327072,INSERT,auz,oox
1653844753096331765,INSERT,eack,iesch
1653844753096336468,INSERT,eesch,eeny
1653844753096341193,INSERT,oets,eicts
1653844753096346013,INSERT,um,iun
1653844753096365325,INSERT,euntz,iofy
1653844753096371452,INSERT,eut,iaoy
1653844753096376194,INSERT,oirt,iirf
1653844753096380844,INSERT,aaty,oopt
1653844753096385525,INSERT,aafy,oiards
1653844753096390320,INSERT,uorry,esly
1653844753096403669,INSERT,iitz,iaongs
1653844753096408518,INSERT,ainds,icts
1653844753096413248,INSERT,eimp,auells
1653844753096417975,INSERT,ois,uiesk
1653844753096429849,INSERT,eotz,aev
1653844753096436761,INSERT,osch,aency
1653844753096441597,INSERT,eix,iaogs
1653844753096446293,INSERT,oonts,ontly
1653844753096461447,INSERT,uirst,aidly
1653844753096466426,INSERT,eorty,aiongly
1653844753096473736,INSERT,auy,iects
1653844753096478537,INSERT,oiax,auerm
1653844753096483402,INSERT,uopp,uarm
1653844753096488528,INSERT,iangs,aueck
1653844753096493231,INSERT,ait,aesk
1653844753096498070,INSERT,eisch,aann
1653844753096502909,INSERT,uw,oics
1653844753096507681,INSERT,eily,ioucts
1653844757908113009,INSERT,irg,aioss
1653844757908215584,INSERT,aobs,eesk
1653844757908231886,INSERT,eaps,iourt
1653844757908241301,INSERT,uierts,iow
1653844757908250027,INSERT,aob,airt
1653844757908259182,INSERT,oesk,iech
1653844757908268504,INSERT,eiast,ount
1653844757908277177,INSERT,oiapp,euhl
1653844757908298078,INSERT,uielly,oiarly
1653844757908310865,INSERT,eof,eocs
1653844757908333271,INSERT,eigy,ieuv
1653844757908342666,INSERT,eots,aelt
1653844757908351245,INSERT,aits,eef
1653844757908358874,INSERT,oills,oath
1653844757908367762,INSERT,iaft,uorts
1653844757908386229,INSERT,enk,ieugy
1653844757908394061,INSERT,aiacks,oiy
1653844757908411142,INSERT,eiac,uies
1653844757908418969,INSERT,iath,apt
1653844757908426555,INSERT,unds,aems
1653844757908434329,INSERT,eucs,eesm
1653844757908441906,INSERT,aiary,uietts
1653844757908449648,INSERT,onds,aitts
1653844757908457241,INSERT,aioth,eimp
1653844757908465374,INSERT,oincy,aioh
1653844757908473110,INSERT,iaocs,uietz
1653844757908497407,INSERT,eesm,auep
1653844757908506412,INSERT,eicks,iiz
1653844757908513850,INSERT,eingly,eobly
1653844757908521640,INSERT,oen,oush
1653844757908528584,INSERT,osly,eaurts
1653844757908536476,INSERT,aex,eisly
1653844757908543821,INSERT,aump,ieun
1653844757908551221,INSERT,ieus,aof
1653844757908558837,INSERT,eps,ast
1653844757908565945,INSERT,oiags,aild
1653844757908581257,INSERT,iahl,eehn
1653844757908589979,INSERT,aunts,ists
1653844757908597631,INSERT,oisp,oingly
1653844757908604978,INSERT,eiad,ouy
1653844757908622370,INSERT,ounds,iagy
1653844757908630581,INSERT,oacts,igs
1653844757908672742,INSERT,uird,uiety
1653844757908681256,INSERT,oubly,auengs
1653844757908689398,INSERT,eauk,iagy
1653844757908697229,INSERT,oosm,iourr
1653844757908704833,INSERT,eib,eauck
1653844757908713056,INSERT,ung,uig
1653844757908720977,INSERT,aiarty,eaunts
1653844757908728849,INSERT,ierth,iin
1653844761706082672,INSERT,iouft,oubs
1653844761706187791,INSERT,uilt,eald
1653844761706203061,INSERT,oork,aiaws
1653844761706213215,INSERT,iorr,ehl
1653844761706222731,INSERT,aiodly,eps
1653844761706232133,INSERT,aemp,ett
1653844761706250968,INSERT,eauc,aem
1653844761706259328,INSERT,aih,ouch
1653844761706267700,INSERT,uocy,uilt
1653844761706280767,INSERT,ieuwn,uags
1653844761706287393,INSERT,iecs,aiack
1653844761706292450,INSERT,aents,aahn
1653844761706297596,INSERT,uiest,aoncy
1653844761706311476,INSERT,airy,ongs
1653844761706316566,INSERT,eeps,ought
1653844761706330694,INSERT,eow,oelt
1653844761706335757,INSERT,oipp,eorts
1653844761706340864,INSERT,uierth,oards
1653844761706345772,INSERT,uoh,eaurt
1653844761706350572,INSERT,iaols,ieuhl
1653844761706355524,INSERT,iups,uogh
1653844761706360251,INSERT,iubly,ons
1653844761706364984,INSERT,eer,ued
1653844761706369976,INSERT,aueg,iuc
1653844761706374860,INSERT,autts,ousch
1653844761706379583,INSERT,ually,aind
1653844761706399454,INSERT,aus,oenk
1653844761706405928,INSERT,ops,ourm
1653844761706410615,INSERT,uacks,auely
1653844761706415420,INSERT,oust,aodly
1653844761706420335,INSERT,eiah,augs
1653844761706425033,INSERT,eauhn,oard
1653844761706429776,INSERT,ieuws,aiolls
1653844761706434513,INSERT,aiaty,eaugh
1653844761706439366,INSERT,iists,iez
1653844761706444128,INSERT,ieunts,iex
1653844761706455961,INSERT,aond,eiat
1653844761706462036,INSERT,oiacy,iig
1653844761706475337,INSERT,eid,uies
1653844761706479996,INSERT,ich,aect
1653844761706487008,INSERT,irm,aarry
1653844761706491686,INSERT,iant,iord
1653844761706496296,INSERT,aiann,uabs
1653844761706501043,INSERT,eez,oetts
1653844761706506316,INSERT,uhl,aiy
1653844761706511015,INSERT,ieth,eocts
1653844761706515840,INSERT,aoz,iarm
1653844761706520660,INSERT,eiars,ews
1653844761706525472,INSERT,eck,iirds
1653844761706530048,INSERT,oialy,iub
1653844765412598541,INSERT,uety,aueds
1653844765412702854,INSERT,eewn,ieurst
1653844765412719524,INSERT,oehl,oax
1653844765412736714,INSERT,oisly,eaurk
1653844765412742748,INSERT,iup,ots
1653844765412748273,INSERT,ipt,acks
1653844765412753064,INSERT,ais,eorn
1653844765412758045,INSERT,ooc,aioly
1653844765412762964,INSERT,euch,eorm
1653844765412775163,INSERT,eoks,auebs
1653844765412781159,INSERT,oiy,iaoy
1653844765412785923,INSERT,iough,auch
1653844765412790675,INSERT,oapp,aiath
1653844765412795785,INSERT,oirds,irt
1653844765412800551,INSERT,iaorg,ools
1653844765412805162,INSERT,awn,aury
1653844765412809796,INSERT,aiah,ieuks
1653844765412814803,INSERT,oiws,uends
1653844765412819918,INSERT,oupp,urts
1653844765412824546,INSERT,oisly,eosp
1653844765412829268,INSERT,airg,uept
1653844765412834003,INSERT,oink,aiarr
1653844765412838734,INSERT,aud,iuft
1653844765412843488,INSERT,ats,ouhl
1653844765412855875,INSERT,ouws,ians
1653844765412861271,INSERT,aarn,iouth
1653844765412874399,INSERT,iaors,ag
1653844765412880602,INSERT,eapt,eh
1653844765412885291,INSERT,ept,aeks
1653844765412889963,INSERT,eedly,oesh
1653844765412894611,INSERT,uety,uepp
1653844765412899282,INSERT,oency,eaurt
1653844765412904144,INSERT,aoth,aetts
1653844765412908820,INSERT,airts,eetz
1653844765412913506,INSERT,uosh,euw
1653844765412918210,INSERT,eorg,oiwn
1653844765412929995,INSERT,oobly,uegy
1653844765412935840,INSERT,ieuv,aav
1653844765412940503,INSERT,og,eesch
1653844765412945182,INSERT,aiarr,aently
1653844765412958936,INSERT,uily,aend
1653844765412963756,INSERT,aes,uass
1653844765412970955,INSERT,ieurd,ent
1653844765412975643,INSERT,up,aast
1653844765412980229,INSERT,eez,euks
1653844765412984852,INSERT,aerf,uit
1653844765412989521,INSERT,ieutts,aesk
1653844765412994298,INSERT,auerd,icts
1653844765412998950,INSERT,oiz,iaob
1653844765413003486,INSERT,oaz,eomp
1653844766209982552,INSERT,auett,iorg
1653844766210061303,INSERT,uiv,oaps
1653844766210070521,INSERT,oiasch,aaws
1653844766210076957,INSERT,iey,aerk
1653844766210082386,INSERT,ork,iirm
1653844766210087636,INSERT,iih,uord
1653844766210092364,INSERT,oahl,oads
1653844766210097358,INSERT,uiec,ong
1653844766210102284,INSERT,eauncy,aiont
1653844766210114746,INSERT,aiown,uiely
1653844766210121109,INSERT,aiss,auec
1653844766210125958,INSERT,aongly,ioks
1653844766210130941,INSERT,aect,iz
1653844766210135803,INSERT,eorr,eels
1653844766210140889,INSERT,iirk,eeh
1653844766210145900,INSERT,oends,eern
1653844766210150652,INSERT,eill,iects
1653844766210155739,INSERT,oux,uick
1653844766210160404,INSERT,aud,eud
1653844766210165145,INSERT,eauck,end
1653844766210169945,INSERT,oz,ab
1653844766210174621,INSERT,ourt,eiantly
1653844766210179562,INSERT,eash,uogs
1653844766210184457,INSERT,oiady,iub
1653844766210189221,INSERT,iaobly,eich
1653844766210194036,INSERT,ieudly,uently
1653844766210223161,INSERT,eiys,ueght
1653844766210229682,INSERT,oiks,ieuv
1653844766210234598,INSERT,aeh,auesp
1653844766210239381,INSERT,aeld,ourth
1653844766210244331,INSERT,aiad,ieungly
1653844766210249112,INSERT,ueft,iuys
1653844766210253891,INSERT,oiaps,uol
1653844766210258530,INSERT,uierg,ontly
1653844766210272565,INSERT,uong,eill
1653844766210277447,INSERT,iutch,uos
1653844766210291641,INSERT,ean,eury
1653844766210298024,INSERT,eiat,eial
1653844766210302792,INSERT,uely,euc
1653844766210307475,INSERT,oonts,oosp
1653844766210312308,INSERT,euts,aez
1653844766210317129,INSERT,oolt,ioupt
1653844766210330057,INSERT,ecs,ob
1653844766210335052,INSERT,iint,ely
1653844766210339736,INSERT,iosts,iecy
1653844766210344576,INSERT,uord,ieuld
1653844766210349507,INSERT,aiabs,aicts
1653844766210354857,INSERT,uiefy,oefy
1653844766210359868,INSERT,atch,auer
1653844766210364720,INSERT,aiarry,iirr
1653844766505119017,INSERT,aiats,ieugs
1653844766505224403,INSERT,eomp,eix
1653844766505239970,INSERT,uab,ieung
1653844766505249097,INSERT,aor,oaps
1653844766505258452,INSERT,aueck,oirt
1653844766505267389,INSERT,iaz,eiaff
1653844766505275841,INSERT,aeng,av
1653844766505283958,INSERT,abs,uierty
1653844766505292161,INSERT,iaocts,ios
1653844766505310220,INSERT,eek,aaf
1653844766505319758,INSERT,uery,iisly
1653844766505327949,INSERT,iols,aify
1653844766505349020,INSERT,eiarly,ourst
1653844766505357486,INSERT,iobly,aod
1653844766505365208,INSERT,uct,uidly
1653844766505372033,INSERT,aeld,aueds
1653844766505379646,INSERT,oll,uls
1653844766508723843,INSERT,aioff,oiapp
1653844766508747078,INSERT,eorth,aueft
1653844766508757561,INSERT,aiang,ings
1653844766508772800,INSERT,ins,eirt
1653844766508781721,INSERT,iuty,eull
1653844766508793440,INSERT,aiorg,iepp
1653844766508802116,INSERT,aiasch,iogs
1653844766508810687,INSERT,aiolls,oitt
1653844766508828804,INSERT,ust,acts
1653844766508858158,INSERT,iask,uett
1653844766508868813,INSERT,iirly,iaorf
1653844766508877566,INSERT,euss,eilly
1653844766508886733,INSERT,aacts,uerf
1653844766508909972,INSERT,iep,uiy
1653844766508919076,INSERT,unk,aalls
1653844766508927954,INSERT,uinds,iart
1653844766508936377,INSERT,iots,ioupp
1653844766508944986,INSERT,oest,eiarg
1653844766508954277,INSERT,auecs,eutts
1653844766508972366,INSERT,eaup,eaund
1653844766508983753,INSERT,eef,irry
1653844766508992725,INSERT,aiank,eetch
1653844766509001038,INSERT,aioft,uody
1653844766509009304,INSERT,eibs,ind
1653844766509018180,INSERT,ieut,iing
1653844766509027152,INSERT,aody,eeght
1653844766509035494,INSERT,eiatz,aerst
1653844766509045145,INSERT,uek,oum
1653844766509053055,INSERT,iacts,eaurf
1653844766509061674,INSERT,iinn,euntly
1653844766509070915,INSERT,aucts,iel
1653844766509079553,INSERT,iihl,oogy
1653844766509087988,INSERT,oam,aord
1653844766910012586,INSERT,im,incy
1653844766910098035,INSERT,ieubs,uald
1653844766910109880,INSERT,iry,iar
1653844766910126815,INSERT,ouly,aaly
1653844766910134865,INSERT,idy,ieut
1653844766910142527,INSERT,eern,iaoth
1653844766910150476,INSERT,aiatt,ooth
1653844766910158060,INSERT,aueff,iourn
1653844766910165978,INSERT,aark,iehn
1653844766910183632,INSERT,iaosts,aiond
1653844766910193247,INSERT,ot,ugy
1653844766910210255,INSERT,aipp,elly
1653844766910218167,INSERT,ouf,irn
1653844766910228740,INSERT,aiasp,eiand
1653844766910236675,INSERT,oal,ax
1653844766910244482,INSERT,ialy,iefy
1653844766910252447,INSERT,ieght,eauly
1653844766910260267,INSERT,oss,aiobs
1653844766910267950,INSERT,auerds,aalt
1653844766910275847,INSERT,aamp,iind
1653844766910283664,INSERT,oiapt,oaf
1653844766910291752,INSERT,iaotts,eiv
1653844766910299637,INSERT,iinds,oacks
1653844766910307679,INSERT,eiks,eecks
1653844766910315293,INSERT,aix,eil
1653844766910335441,INSERT,iely,eolt
1653844766910354735,INSERT,iims,iorm
1653844766910364088,INSERT,aueff,uass
1653844766910373008,INSERT,aam,aar
1653844766910380996,INSERT,ict,oeck
1653844766910388676,INSERT,ioutch,ourf
1653844766910396385,INSERT,iouft,aepp
1653844766910404657,INSERT,aiarst,auers
1653844766910412557,INSERT,uegh,ey
1653844766910420082,INSERT,ioups,aiaws
1653844766910427545,INSERT,aohl,aueght
1653844766910443286,INSERT,iatz,aipp
1653844766910452403,INSERT,eely,aings
1653844766910460242,INSERT,aiapp,oiarf
1653844766910468298,INSERT,aiatch,uords
1653844766910476182,INSERT,oetz,enn
1653844766910483797,INSERT,auntly,uatts
1653844766910494508,INSERT,osly,antly
1653844766910502376,INSERT,ierr,ieuls
1653844766910509957,INSERT,aiongly,iaodly
1653844766910517809,INSERT,eows,eorly
1653844766910525769,INSERT,uocs,euys
1653844766910533417,INSERT,aiady,aiz
1653844766910540886,INSERT,aen,ieung
1653844766910548883,INSERT,oatt,eaull
1653844767596095170,INSERT,iaonds,oisly
1653844767596210847,INSERT,oiat,ants
1653844767596225556,INSERT,aest,ank
1653844767596235421,INSERT,aiots,oult
1653844767596244357,INSERT,oesly,ieucks
1653844767596253998,INSERT,eony,aert
1653844767596262094,INSERT,aoty,ioz
1653844767596270875,INSERT,aown,ipp
1653844767596278963,INSERT,eiangs,op
1653844767596297868,INSERT,ioght,iaory
1653844767596309476,INSERT,oeh,acts
1653844767596318113,INSERT,uably,auv
1653844767596326262,INSERT,iaoh,urds
1653844767596334464,INSERT,ietts,ucts
1653844767596342731,INSERT,oats,aomp
1653844767596351293,INSERT,uiely,eaurth
1653844767596359599,INSERT,iarst,iaown
1653844767596368826,INSERT,early,uient
1653844767596377302,INSERT,usp,auwn
1653844767596385983,INSERT,eauz,oot
1653844767596393798,INSERT,iourf,uerd
1653844767596402502,INSERT,oapp,oorth
1653844767596411025,INSERT,ois,uins
1653844767596419199,INSERT,ouf,eld
1653844767596427323,INSERT,oagy,ieutch
1653844767596435819,INSERT,ogs,aiory
1653844767596459775,INSERT,aows,aiord
1653844767596477803,INSERT,eys,uieff
1653844767596486528,INSERT,oey,eiaps
1653844767596494450,INSERT,eiach,uass
1653844767596502594,INSERT,urly,auefy
1653844767596511246,INSERT,alls,uirt
1653844767596519125,INSERT,ieuft,eaun
1653844767596528184,INSERT,eialy,uoh
1653844767596536843,INSERT,euck,iontz
1653844767596544963,INSERT,ak,eark
1653844767596563147,INSERT,eidly,ions
1653844767596573567,INSERT,oirg,iaocs
1653844767596582385,INSERT,iods,eiab
1653844767596590824,INSERT,irty,aums
1653844767596598964,INSERT,aiopp,auess
1653844767596606826,INSERT,earn,ob
1653844767596615030,INSERT,uis,ock
1653844767596623584,INSERT,eort,oif
1653844767596631603,INSERT,iuld,iuck
1653844767596660669,INSERT,oaks,iusm
1653844767596668653,INSERT,uosh,uark
1653844767596676702,INSERT,aiosly,uosly
1653844767596685170,INSERT,uty,aal
1653844767596693132,INSERT,oiantly,amp
1653844768297055275,INSERT,iitts,itts
1653844768297160428,INSERT,ueld,iaob
1653844768297172615,INSERT,aords,uect
1653844768297178653,INSERT,eans,ierds
1653844768297183974,INSERT,oiasly,iungs
1653844768297201419,INSERT,iaoty,eock
1653844768297206886,INSERT,ank,oiaght
1653844768297211994,INSERT,oosh,ear
1653844768297217410,INSERT,uetts,eth
1653844768297231637,INSERT,aosk,ieunt
1653844768297238655,INSERT,enn,auewn
1653844768297244046,INSERT,eiks,uh
1653844768297249114,INSERT,eern,ez
1653844768297253984,INSERT,oingly,aiods
1653844768297258969,INSERT,uiex,agy
1653844768297263889,INSERT,auetch,ehn
1653844768297268899,INSERT,uieks,uierds
1653844768297274235,INSERT,ieutt,eeds
1653844768297279099,INSERT,oiatt,iouy
1653844768297294725,INSERT,aopt,iaoks
1653844768297299652,INSERT,iaoms,eauhn
1653844768297304705,INSERT,oosp,eeft
1653844768297309555,INSERT,eorm,usch
1653844768297314555,INSERT,aotch,ieuff
1653844768297319382,INSERT,eiaff,oiash
1653844768297324384,INSERT,oiarry,earm
1653844768297348151,INSERT,eif,aow
1653844768297355859,INSERT,auect,uerly
1653844768297360915,INSERT,iards,oosly
1653844768297365813,INSERT,oiath,uieg
1653844768297370780,INSERT,iully,aiw
1653844768297375559,INSERT,eaufy,auerr
1653844768297380464,INSERT,uiets,aars
1653844768297385301,INSERT,auedly,aoh
1653844768297390204,INSERT,ords,uist
1653844768297395173,INSERT,ioh,oerty
1653844768297409588,INSERT,aic,iuk
1653844768297416428,INSERT,aiants,uild
1653844768297421326,INSERT,iends,iounts
1653844768297426208,INSERT,iaorst,aiodly
1653844768297431292,INSERT,uord,eosly
1653844768297436144,INSERT,iigs,aiosk
1653844768297440960,INSERT,aiarth,iully
1653844768297445874,INSERT,aun,oaft
1653844768297450633,INSERT,uerk,egy
1653844768297455404,INSERT,oats,eaft
1653844768297460284,INSERT,iust,aoms
1653844768297465341,INSERT,iirts,eish
1653844768297470180,INSERT,oadly,iaogh
1653844768297475400,INSERT,aalls,aiown
1653844768693054205,INSERT,aath,oant
1653844768693140890,INSERT,aodly,iaoll
1653844768693150726,INSERT,uiect,oahn
1653844768693156595,INSERT,iuf,iintly
1653844768693170494,INSERT,aehl,ahl
1653844768693175761,INSERT,iorg,uebly
1653844768693180799,INSERT,oocks,eaty
1653844768693185603,INSERT,aaft,ucs
1653844768693190500,INSERT,aiast,iaong
1653844768693202615,INSERT,iingly,iourst
1653844768693247006,INSERT,eauh,iusch
1653844768693252339,INSERT,ann,ioupt
1653844768693257230,INSERT,ueys,eaught
1653844768693262275,INSERT,auegh,iv
1653844768693267321,INSERT,ubly,airth
1653844768693272164,INSERT,uart,iupt
1653844768693277411,INSERT,aiys,aeck
1653844768693282281,INSERT,ieun,utts
1653844768693287208,INSERT,int,eurds
1653844768693292345,INSERT,uell,iocts
1653844768693297679,INSERT,uiery,ioust
1653844768693302873,INSERT,eily,ainy
1653844768693307751,INSERT,uadly,iows
1653844768693312651,INSERT,iouhn,oald
1653844768693317533,INSERT,aiapp,ooch
1653844768693322463,INSERT,emp,oect
1653844768693335189,INSERT,eiaght,aucs
1653844768693341611,INSERT,ealy,aew
1653844768693346423,INSERT,oufy,ang
1653844768693351402,INSERT,ern,aory
1653844768693356205,INSERT,auedy,eag
1653844768693361124,INSERT,eoly,ehl
1653844768693365907,INSERT,eund,euc
1653844768693370534,INSERT,ehl,oock
1653844768693375167,INSERT,iount,aasp
1653844768693379912,INSERT,oerts,eor
1653844768693392195,INSERT,ob,isch
1653844768693398248,INSERT,iown,uecs
1653844768693402992,INSERT,oorg,ailly
1653844768693407892,INSERT,iaogh,iutt
1653844768693412702,INSERT,aionds,aelly
1653844768693417742,INSERT,iurm,eony
1653844768693422563,INSERT,ueps,oal
1653844768693427383,INSERT,eupt,oins
1653844768693432082,INSERT,eim,iefy
1653844768693437047,INSERT,ieuc,oobly
1653844768693442208,INSERT,eaur,err
1653844768693446997,INSERT,euks,oitt
1653844768693451893,INSERT,ents,uetch
1653844768693456705,INSERT,aurd,arf
1653844769017920982,INSERT,oiax,aiott
1653844769018000683,INSERT,utch,iosch
1653844769018018394,INSERT,oiag,auentz
1653844769018029397,INSERT,uams,uientz
1653844769018040260,INSERT,outs,oery
1653844769018048237,INSERT,iincy,eauf
1653844769018056081,INSERT,uern,iopp
1653844769018063852,INSERT,idly,ieuy
1653844769018071690,INSERT,auett,auely
1653844769018087071,INSERT,eauld,eind
1653844769018096101,INSERT,ieurry,eck
1653844769018104022,INSERT,oiaws,aerf
1653844769018111763,INSERT,uawn,eam
1653844769018119853,INSERT,iofy,aiang
1653844769018127560,INSERT,ealy,iaoz
1653844769018135310,INSERT,oaws,ioly
1653844769018143072,INSERT,oiant,oeld
1653844769018150792,INSERT,odly,ieucks
1653844769018158457,INSERT,auck,oamp
1653844769018165925,INSERT,oially,outts
1653844769018173943,INSERT,uiens,iov
1653844769018181623,INSERT,eewn,oirty
1653844769018188970,INSERT,aarg,uieth
1653844769018196190,INSERT,aond,eial
1653844769018203438,INSERT,oiart,utt
1653844769018211161,INSERT,uogs,aapp
1653844769018228137,INSERT,ols,eusly
1653844769018237678,INSERT,eaurt,uieny
1653844769018245416,INSERT,uiels,ailly
1653844769018253025,INSERT,uieck,uinn
1653844769018260430,INSERT,auy,uom
1653844769018267846,INSERT,ointz,aods
1653844769018275122,INSERT,act,airt
1653844769018282342,INSERT,ioll,aff
1653844769018289757,INSERT,oicks,eeds
1653844769018297602,INSERT,ousp,oupt
1653844769018313204,INSERT,eil,uocts
1653844769018322648,INSERT,iofy,aiows
1653844769018331352,INSERT,iap,ieuwn
1653844769018339075,INSERT,in,euntly
1653844769018346580,INSERT,aend,aiw
1653844769018354122,INSERT,oogh,iad
1653844769018361643,INSERT,eols,iouct
1653844769018369232,INSERT,ieusly,ucy
1653844769018376686,INSERT,ioly,eiks
1653844769018384462,INSERT,airf,oig
1653844769018391640,INSERT,org,eiks
1653844769018398973,INSERT,os,ix
1653844769018406246,INSERT,eests,eausts
1653844769018413840,INSERT,uich,iatt
1653844769789857989,INSERT,oiz,oasts
1653844769789941796,INSERT,uarth,ills
1653844769789958939,INSERT,eal,aiatch
1653844769789964858,INSERT,ouf,uoty
1653844769789970303,INSERT,aush,aeng
1653844769789975570,INSERT,oidy,aiz
1653844769789980488,INSERT,id,oiash
1653844769789985447,INSERT,og,ieuct
1653844769789990405,INSERT,aost,ath
1653844769790002681,INSERT,iech,oas
1653844769790008970,INSERT,eocks,aih
1653844769790013728,INSERT,uicy,av
1653844769790018602,INSERT,iaoct,ects
1653844769790023425,INSERT,auends,iaong
1653844769790028704,INSERT,aiopp,aiosm
1653844769790033581,INSERT,uarr,iips
1653844769790038581,INSERT,eurg,oogs
1653844769790043633,INSERT,aiards,eibs
1653844769790048485,INSERT,uasp,ount
1653844769790053079,INSERT,oigh,aongs
1653844769790057848,INSERT,eilly,eps
1653844769790062643,INSERT,aoth,uav
1653844769790067253,INSERT,uiells,ountly
1653844769790071969,INSERT,iaocy,oently
1653844769790076765,INSERT,ond,uibly
1653844769790081702,INSERT,iught,ught
1653844769790094391,INSERT,aelt,aost
1653844769790100576,INSERT,orm,eerly
1653844769790105448,INSERT,eiarf,ierst
1653844769790110260,INSERT,uiehl,aat
1653844769790114885,INSERT,oez,uory
1653844769790119497,INSERT,eatts,eoncy
1653844769790124141,INSERT,iaorr,ieuys
1653844769790128835,INSERT,oiapp,ouft
1653844769790133867,INSERT,uov,iin
1653844769790138494,INSERT,auetts,ainy
1653844769790150373,INSERT,eint,uans
1653844769790156668,INSERT,ioungly,eilly
1653844769790161678,INSERT,aosch,aism
1653844769790166489,INSERT,ierm,iehn
1653844769790171381,INSERT,ieubs,eiarg
1653844769790176062,INSERT,esch,eusch
1653844769790180823,INSERT,eauff,az
1653844769790185521,INSERT,aipp,aiarst
1653844769790190185,INSERT,eiasts,ip
1653844769790194770,INSERT,ualy,ain
1653844769790199333,INSERT,eh,uiems
1653844769790213051,INSERT,aepp,oiy
1653844769790217782,INSERT,eoct,eony
1653844769790222337,INSERT,uald,iests
1653844769800995949,INSERT,aodly,iach
1653844769801080998,INSERT,aan,oann
1653844769801089982,INSERT,eunn,iins
1653844769801095616,INSERT,uebly,ioungly
1653844769801101216,INSERT,uehl,eigs
1653844769801106526,INSERT,uiett,ouncy
1653844769801111801,INSERT,iaort,aongs
1653844769801117217,INSERT,eisp,ach
1653844769801122037,INSERT,uists,aath
1653844769801134085,INSERT,uiek,auerk
1653844769801140262,INSERT,iulls,uies
1653844769801144859,INSERT,iaontz,aings
1653844769801149683,INSERT,eos,ounts
1653844769801154418,INSERT,uerf,ooss
1653844769801159180,INSERT,ioty,iify
1653844769801163817,INSERT,och,uix
1653844769801168607,INSERT,eecs,eauft
1653844769801173407,INSERT,aev,iorts
1653844769801178292,INSERT,euck,ans
1653844769801182927,INSERT,uerk,oiach
1653844769801187783,INSERT,uesp,eity
1653844769801192642,INSERT,eask,euth
1653844769801197265,INSERT,oadly,uelt
1653844769801202343,INSERT,oiarst,aioc
1653844769801207319,INSERT,auerf,eaup
1653844769801212308,INSERT,uow,uafy
1653844769801224719,INSERT,eiav,aengs
1653844769801230969,INSERT,aoft,oiad
1653844769801236358,INSERT,iaogh,oong
1653844769801241090,INSERT,eapt,ugy
1653844769801245805,INSERT,aax,eiady
1653844769801250361,INSERT,aimp,oick
1653844769801255289,INSERT,oiath,esk
1653844769801259917,INSERT,eely,uin
1653844769801264571,INSERT,oally,uiz
1653844769801269296,INSERT,eiags,oiangly
1653844769801281375,INSERT,aolt,auem
1653844769801287484,INSERT,eiads,esm
1653844769801292228,INSERT,aiady,oof
1653844769801296803,INSERT,uosly,ieunt
1653844769801301506,INSERT,uerr,iims
1653844769801306193,INSERT,aends,auntly
1653844769801310941,INSERT,oty,uocts
1653844769801315605,INSERT,isp,eaurg
1653844769801329704,INSERT,if,incy
1653844769801343751,INSERT,oiaks,auls
1653844769801348675,INSERT,aiosp,eaush
1653844769801353435,INSERT,aihl,ight
1653844769801358027,INSERT,aosk,iiff
1653844769801362705,INSERT,ough,intz
1653844770182859157,INSERT,eists,iaonk
1653844770182948644,INSERT,orts,uaws
1653844770182957915,INSERT,eoll,aiof
1653844770182963764,INSERT,eunn,iurst
1653844770182969347,INSERT,eoct,oeng
1653844770182983304,INSERT,uodly,iit
1653844770182988417,INSERT,iusp,uind
1653844770182993375,INSERT,uorm,iuws
1653844770182998161,INSERT,auen,eiady
1653844770183009990,INSERT,uih,uaw
1653844770183016091,INSERT,aaws,eops
1653844770183020889,INSERT,eebly,ieutt
1653844770183025678,INSERT,eeps,iabs
1653844770183030578,INSERT,eauns,aueys
1653844770183035289,INSERT,eelly,iitz
1653844770183040019,INSERT,iorly,oidy
1653844770183044730,INSERT,eiatz,aoh
1653844770183049499,INSERT,ocs,euff
1653844770183054237,INSERT,awn,ect
1653844770183058788,INSERT,aiath,eiab
1653844770183063464,INSERT,iiss,oev
1653844770183068216,INSERT,uiends,unn
1653844770183072967,INSERT,and,auff
1653844770183077689,INSERT,airr,iitts
1653844770183082528,INSERT,uiept,ueth
1653844770183087817,INSERT,iaosts,auelt
1653844770183101059,INSERT,ueds,iintz
1653844770183107423,INSERT,eosm,eacks
1653844770183112570,INSERT,oork,oull
1653844770183117247,INSERT,iaonts,aings
1653844770183122299,INSERT,aov,osch
1653844770183127117,INSERT,eirk,iupp
1653844770183132023,INSERT,ieuncy,ails
1653844770183136916,INSERT,iidy,auebly
1653844770183141916,INSERT,ieuft,eaugy
1653844770183146769,INSERT,oas,ug
1653844770183159140,INSERT,uesm,aeg
1653844770183165166,INSERT,eofy,uagh
1653844770183169996,INSERT,uills,aoty
1653844770183174872,INSERT,eiatt,ierth
1653844770183179548,INSERT,aost,oisly
1653844770183184391,INSERT,iill,uoct
1653844770183189091,INSERT,aark,aiocks
1653844770183203531,INSERT,aobs,eautt
1653844770183208515,INSERT,ost,eiash
1653844770183213183,INSERT,uosts,im
1653844770183218043,INSERT,uiec,eiasch
1653844770183222895,INSERT,aix,iult
1653844770183227639,INSERT,oerr,otch
1653844770183232325,INSERT,eift,eiar
1653844770688404254,INSERT,eet,eb
1653844770689813541,INSERT,oiads,eentz
1653844770689852538,INSERT,eegy,ehl
1653844770689862905,INSERT,uists,eks
1653844770689871216,INSERT,aols,uans
1653844770689879898,INSERT,aip,eng
1653844770689887755,INSERT,ek,aialls
1653844770689895610,INSERT,aiott,auec
1653844770689904096,INSERT,oorg,and
1653844770700200105,INSERT,iaog,iodly
1653844770700274197,INSERT,iess,iigy
1653844770700287331,INSERT,uisly,apt
1653844770700298826,INSERT,ail,auez
1653844770700344775,INSERT,iutch,iimp
1653844770700367427,INSERT,aoz,iush
1653844770700377211,INSERT,aody,iirm
1653844770700740862,INSERT,uast,iask
1653844770700790293,INSERT,uieght,oob
1653844770701547885,INSERT,uiesly,oeng
1653844770701561502,INSERT,uagy,oirs
1653844770701569910,INSERT,uiest,uoncy
1653844770704512158,INSERT,aiopp,utz
1653844770704539648,INSERT,uierf,oact
1653844770704550629,INSERT,uerk,iurly
1653844770704559514,INSERT,itch,iirth
1653844770704567984,INSERT,ually,auek
1653844770704591377,INSERT,uiegh,oiarf
1653844770704602089,INSERT,eers,auem
1653844770704610603,INSERT,oocts,esh
1653844770704619507,INSERT,iasly,eost
1653844770704627809,INSERT,eods,eiangs
1653844770704654464,INSERT,aiors,aalls
1653844770704665920,INSERT,iicy,uord
1653844770704688271,INSERT,udly,oiarst
1653844770704698749,INSERT,uess,aioct
1653844770704708471,INSERT,auetz,iupp
1653844770704727888,INSERT,oosm,uid
1653844770704739305,INSERT,ebs,og
1653844770704749110,INSERT,aows,iar
1653844770704758760,INSERT,oesh,ioff
1653844770704767281,INSERT,eurst,ihl
1653844770704777129,INSERT,utz,aiond
1653844770704786817,INSERT,oians,ih
1653844770704795520,INSERT,eks,uiewn
1653844770704805725,INSERT,uerst,uast
1653844770704814386,INSERT,ieulls,eects
1653844770704822865,INSERT,aeght,ioungly
1653844770704831677,INSERT,aiags,al
1653844770704840626,INSERT,iach,aany
1653844770704850119,INSERT,ern,aiobly
1653844770905235157,INSERT,iounds,uocy
1653844770905333588,INSERT,ieuv,ieuw
1653844770905350048,INSERT,iisly,iorry
1653844770905361287,INSERT,eiks,oiarly
1653844770905372061,INSERT,iiks,eef
1653844770905383294,INSERT,ealls,oird
1653844770905394252,INSERT,uoc,iaods
1653844770905404682,INSERT,uond,iup
1653844770905415496,INSERT,eiants,upt
1653844770905430502,INSERT,ieums,untz
1653844770905441408,INSERT,eork,ers
1653844770905451795,INSERT,eegy,eary
1653844770905462692,INSERT,aam,aib
1653844770905473552,INSERT,auell,iuv
1653844770905483813,INSERT,ean,all
1653844770905494263,INSERT,uogh,eits
1653844770905504522,INSERT,uisk,eort
1653844770905514896,INSERT,oiank,eirts
1653844770905528629,INSERT,aaps,eact
1653844770905539666,INSERT,eawn,oary
1653844770905550849,INSERT,ueys,uafy
1653844770905564485,INSERT,iaorm,aant
1653844770905576140,INSERT,ins,auemp
1653844770905587232,INSERT,oerm,ouss
1653844770905598084,INSERT,iech,ays
1653844770905608488,INSERT,iaght,iaocks
1653844770905623027,INSERT,oatt,aurth
1653844770905668385,INSERT,eetts,oub
1653844770905684037,INSERT,iosp,ast
1653844770905695301,INSERT,uets,iaorty
1653844770905706500,INSERT,iills,uaff
1653844770905716819,INSERT,iouth,euk
1653844770905728119,INSERT,aiaf,iip
1653844770905738795,INSERT,ieb,ieuf
1653844770905748213,INSERT,iarf,uld
1653844770905758796,INSERT,eutt,of
1653844770905773114,INSERT,oys,oincy
1653844770905783964,INSERT,eitt,aorts
1653844770905794707,INSERT,oask,aill
1653844770905804806,INSERT,aitts,aeps
1653844770905815668,INSERT,ouns,oiand
1653844770905826413,INSERT,oiasly,uiepp
1653844770905837200,INSERT,aath,eat
1653844770905847796,INSERT,ely,iouck
1653844770905858063,INSERT,aiohl,eur
1653844770905867096,INSERT,iupt,aegy
1653844770905901889,INSERT,ims,etz
1653844770905913252,INSERT,oust,uiny
1653844770905924227,INSERT,aiasch,eaff
1653844770905935482,INSERT,uesly,oerth
1653844771485539715,INSERT,aalt,aial
1653844771485632477,INSERT,oes,oiabs
1653844771485667550,INSERT,uasch,uirly
1653844771485677819,INSERT,aingly,uerd
1653844771485692644,INSERT,aady,iehl
1653844771485698162,INSERT,esp,aiats
1653844771485703202,INSERT,oians,iint
1653844771485708310,INSERT,urly,aiaw
1653844771485713390,INSERT,ov,euch
1653844771485725431,INSERT,ot,ab
1653844771485739253,INSERT,oiz,aiaff
1653844771485746710,INSERT,ueg,ehn
1653844771485751561,INSERT,iungs,eafy
1653844771485763976,INSERT,oils,erk
1653844771485769173,INSERT,ontz,eiaff
1653844771485773990,INSERT,oects,auep
1653844771485779085,INSERT,oially,eobly
1653844771485784242,INSERT,angs,audy
1653844771485789128,INSERT,iegh,aiancy
1653844771485793950,INSERT,iorf,uok
1653844771485798857,INSERT,iaoh,aiask
1653844771485804115,INSERT,iux,ard
1653844771485808801,INSERT,oahn,eems
1653844771485813925,INSERT,autt,aipt
1653844771485819211,INSERT,ims,ueff
1653844771485827101,INSERT,aash,ioct
1653844771485847510,INSERT,iiws,iouck
1653844771485853793,INSERT,aght,iurr
1653844771485858702,INSERT,iantz,euf
1653844771485863400,INSERT,ohn,iounk
1653844771485868121,INSERT,euct,uff
1653844771485872912,INSERT,eirr,aials
1653844771485877677,INSERT,uach,aibs
1653844771485882605,INSERT,eauks,urd
1653844771485887592,INSERT,aolt,oys
1653844771485892396,INSERT,oast,oims
1653844771485904553,INSERT,ioucts,ouk
1653844771485910741,INSERT,uiev,uents
1653844771485917546,INSERT,oos,oomp
1653844771485922197,INSERT,auept,oiarm
1653844771485927132,INSERT,uielly,oass
1653844771485932019,INSERT,eoch,eult
1653844771485936974,INSERT,ourst,iousk
1653844771485942097,INSERT,aacs,iigh
1653844771485946932,INSERT,uass,eungly
1653844771485951833,INSERT,uegs,uird
1653844771485956722,INSERT,uans,aiatch
1653844771485962024,INSERT,eauts,eauy
1653844771485967037,INSERT,iaontz,ueght
1653844771485971738,INSERT,oiatz,ios
1653844772803494372,INSERT,ooth,oerly
1653844772803746589,INSERT,iangs,oorn
1653844772803767155,INSERT,ioks,arr
1653844772803789280,INSERT,oight,auetch
1653844772803799922,INSERT,ieds,oum
1653844772803809842,INSERT,ity,iand
1653844772803818999,INSERT,auern,otch
1653844772803827547,INSERT,aetts,ooth
1653844772803836155,INSERT,eux,uirs
1653844772803854781,INSERT,epp,ael
1653844772803865416,INSERT,iusk,eiabs
1653844772803874803,INSERT,aify,arts
1653844772803883450,INSERT,oocts,usly
1653844772803891770,INSERT,uady,oux
1653844772803900242,INSERT,aiaw,oest
1653844772803908623,INSERT,auels,aiong
1653844772803916739,INSERT,iuss,ig
1653844772803925094,INSERT,ank,uk
1653844772803933285,INSERT,auels,aiams
1653844772803941772,INSERT,aiacs,auesm
1653844772803950320,INSERT,eorth,iogy
1653844772803958725,INSERT,oiald,uism
1653844772803970050,INSERT,aat,iss
1653844772803977949,INSERT,eihl,oosly
1653844772803986569,INSERT,ieuhn,ets
1653844772803995676,INSERT,iett,eits
1653844772804013955,INSERT,ioury,oark
1653844772804024539,INSERT,uids,uaws
1653844772804032967,INSERT,oitt,iincy
1653844772804041326,INSERT,iond,ix
1653844772804050219,INSERT,aacts,aunt
1653844772804059088,INSERT,ualy,uiec
1653844772804067647,INSERT,otts,eirm
1653844772804075775,INSERT,uiell,oaks
1653844772804083989,INSERT,ieuth,auert
1653844772804091960,INSERT,iaot,auks
1653844772804110915,INSERT,oiz,aior
1653844772804122138,INSERT,iey,eists
1653844772804131135,INSERT,iaorly,iouss
1653844772804140222,INSERT,eal,iorm
1653844772804149130,INSERT,oiarn,eups
1653844772804169162,INSERT,uierg,ails
1653844772804177855,INSERT,eaw,iond
1653844772804193303,INSERT,eiatt,iurn
1653844772804201905,INSERT,eiav,untly
1653844772804210754,INSERT,aipt,uld
1653844772804219142,INSERT,aiw,iord
1653844772804226896,INSERT,eect,aially
1653844772804235854,INSERT,iv,uoty
1653844772804244386,INSERT,aiabs,oiasch
1653844774812352237,INSERT,aig,ucts
1653844774812468596,INSERT,iitch,aueg
1653844774812483988,INSERT,ieurd,oiab
1653844774812493159,INSERT,aueds,orly
1653844774812502160,INSERT,iirg,iirm
1653844774812511961,INSERT,airr,uats
1653844774812533592,INSERT,iosch,uats
1653844774812542775,INSERT,eers,ouft
1653844774812551891,INSERT,urg,oantly
1653844774812570396,INSERT,oiarst,oug
1653844774812581057,INSERT,eict,eims
1653844774812590089,INSERT,uengly,eiarm
1653844774812599942,INSERT,own,oan
1653844774812618853,INSERT,ausch,ops
1653844774812628305,INSERT,eially,iaohl
1653844774812665235,INSERT,iuks,oerly
1653844774812675729,INSERT,oomp,eiantly
1653844774812686103,INSERT,aiows,einn
1653844774812695403,INSERT,iurth,oiacts
1653844774812705465,INSERT,uorst,aues
1653844774812714902,INSERT,aurn,iell
1653844774812723885,INSERT,oosp,uigh
1653844774812732693,INSERT,eaft,eurly
1653844774812742062,INSERT,oahn,auews
1653844774812751305,INSERT,iaop,oonk
1653844774812759896,INSERT,iouws,oarts
1653844774812778800,INSERT,uosts,eicy
1653844774812792703,INSERT,iys,oecs
1653844774812808762,INSERT,et,euck
1653844774812821754,INSERT,iihn,iarly
1653844774812830826,INSERT,aiany,iett
1653844774812839222,INSERT,iebs,ight
1653844774812848012,INSERT,aiopp,iofy
1653844774812855983,INSERT,eiamp,eoff
1653844774812864687,INSERT,urf,eorm
1653844774812872453,INSERT,eefy,auents
1653844774812890256,INSERT,oh,iinn
1653844774812900643,INSERT,auef,az
1653844774812908445,INSERT,eauct,ieurry
1653844774812917409,INSERT,its,iasm
1653844774812925701,INSERT,airg,aiks
1653844774812933872,INSERT,iaorst,aiock
1653844774812941777,INSERT,omp,eesk
1653844774812949237,INSERT,oitt,ems
1653844774812957401,INSERT,eegs,aft
1653844774812965421,INSERT,aiav,ough
1653844774812986317,INSERT,eow,iuns
1653844774812995528,INSERT,oast,eips
1653844774813003832,INSERT,ash,aald
1653844774813011552,INSERT,iogy,aisp
1653844775099134059,INSERT,ials,eiys
1653844775099228933,INSERT,uiesk,eong
1653844775099247413,INSERT,uill,aush
1653844775099253879,INSERT,aiosly,eialt
1653844775099259895,INSERT,iountz,esk
1653844775099272237,INSERT,ialt,uills
1653844775099282374,INSERT,aetch,aiolly
1653844775099288078,INSERT,eeght,aint
1653844775099293303,INSERT,iugs,auct
1653844775099306086,INSERT,ingly,aiontz
1653844775099320218,INSERT,aorry,iaocts
1653844775099325469,INSERT,ieuts,iaw
1653844775099330437,INSERT,oll,aelt
1653844775099335758,INSERT,uws,uery
1653844775099340536,INSERT,eagy,eings
1653844775099345445,INSERT,iibly,oav
1653844775099350619,INSERT,aufy,eitts
1653844775099355505,INSERT,oialt,uany
1653844775099360209,INSERT,aiak,aurd
1653844775099364958,INSERT,earr,ieurry
1653844775099369840,INSERT,aang,ouys
1653844775099374589,INSERT,oupp,iow
1653844775099379578,INSERT,uath,eautts
1653844775099384448,INSERT,oad,oobs
1653844775099391667,INSERT,aud,ood
1653844775099396766,INSERT,oel,iiys
1653844775099411753,INSERT,oaps,auey
1653844775099418044,INSERT,eery,uaws
1653844775099422890,INSERT,euntly,uism
1653844775099427806,INSERT,eauth,eiasch
1653844775099432789,INSERT,eaurd,iontz
1653844775099437758,INSERT,aiar,aert
1653844775099442583,INSERT,oincy,om
1653844775099447421,INSERT,oicy,eiah
1653844775099452127,INSERT,aueck,eapt
1653844775099456826,INSERT,aant,aiopp
1653844775099469128,INSERT,oich,iists
1653844775099475385,INSERT,oency,oafy
1653844775099480316,INSERT,eitz,uecks
1653844775099485053,INSERT,iody,iouns
1653844775099489993,INSERT,itz,iilly
1653844775099494705,INSERT,aally,orry
1653844775099499471,INSERT,aisch,auerth
1653844775099513768,INSERT,aann,auev
1653844775099518724,INSERT,oirds,ar
1653844775099523519,INSERT,aump,oesh
1653844775099528259,INSERT,ily,eiacks
1653844775099533280,INSERT,ion,aosly
1653844775099538016,INSERT,eit,ually
1653844775099542761,INSERT,audly,iegy
1653844776002081725,INSERT,aiot,ips
1653844776002189100,INSERT,oonn,iaont
1653844776002235561,INSERT,aords,iov
1653844776002245885,INSERT,eaurst,ieuld
1653844776002255977,INSERT,oarr,eory
1653844776002264460,INSERT,eency,ieuv
1653844776002699158,INSERT,aerst,iint
1653844776002719684,INSERT,iotts,uetz
1653844776002729626,INSERT,oess,iould
1653844776002749075,INSERT,aenn,aorf
1653844776002758174,INSERT,apt,engly
1653844776002765668,INSERT,auehn,aecy
1653844776002773116,INSERT,eify,aock
1653844776002780405,INSERT,utz,uiens
1653844776002787769,INSERT,eam,uas
1653844776002795228,INSERT,ues,urk
1653844776002802685,INSERT,aarn,auest
1653844776002811259,INSERT,ounk,aars
1653844776002819968,INSERT,aasp,uieg
1653844776002828500,INSERT,engs,of
1653844776002837627,INSERT,aarts,oiang
1653844776002848470,INSERT,ux,uonn
1653844776002856648,INSERT,iouck,any
1653844776002864639,INSERT,ould,eog
1653844776002872295,INSERT,euth,eebs
1653844776002880183,INSERT,oords,aiotts
1653844776002897588,INSERT,aih,austs
1653844776002907009,INSERT,euwn,eiasch
1653844776002915995,INSERT,iiwn,aird
1653844776002924408,INSERT,ionn,iork
1653844776002932857,INSERT,iurd,em
1653844776002941353,INSERT,ierk,oery
1653844776002949790,INSERT,onds,uarly
1653844776002958209,INSERT,aim,eiang
1653844776002966740,INSERT,eig,eugh
1653844776002975502,INSERT,uall,eecs
1653844776002992939,INSERT,eohn,ieucy
1653844776003003098,INSERT,aing,eaurr
1653844776003011534,INSERT,uiety,oiaty
1653844776003020224,INSERT,aiaft,oiac
1653844776003039549,INSERT,eobly,aueld
1653844776003048240,INSERT,aueff,aok
1653844776003056183,INSERT,iurds,aiott
1653844776003064343,INSERT,utt,erd
1653844776003072537,INSERT,iint,eft
1653844776003080509,INSERT,uh,incy
1653844776003089058,INSERT,iusp,iougs
1653844776003097733,INSERT,eict,oiapp
1653844776003106521,INSERT,uik,ein
1653844776003115252,INSERT,uieh,eigh
1653844776298980801,INSERT,ull,uic
1653844776299063202,INSERT,oiap,iaorg
1653844776299079386,INSERT,ialls,uesly
1653844776299085403,INSERT,uipt,ioucy
1653844776299091137,INSERT,eich,ip
1653844776299096362,INSERT,ams,aoncy
1653844776299101773,INSERT,aupp,ern
1653844776299107000,INSERT,eontly,err
1653844776299112394,INSERT,iil,eatz
1653844776299126796,INSERT,iotts,aialls
1653844776299133465,INSERT,eacy,eerm
1653844776299138582,INSERT,auends,eicks
1653844776299143566,INSERT,uasch,iaond
1653844776299148590,INSERT,uarts,uab
1653844776299153285,INSERT,ens,orth
1653844776299158166,INSERT,uicks,oum
1653844776299163291,INSERT,uerm,iounk
1653844776299168549,INSERT,eerk,iex
1653844776299173656,INSERT,iech,aiam
1653844776299178453,INSERT,iasly,aiods
1653844776299185444,INSERT,eiangly,iaght
1653844776299190511,INSERT,ats,aims
1653844776299195483,INSERT,aift,aupt
1653844776299200605,INSERT,oiarf,ox
1653844776299205397,INSERT,uings,iatch
1653844776299210917,INSERT,een,uob
1653844776299223366,INSERT,iently,ooys
1653844776299229887,INSERT,ongly,uorry
1653844776299234705,INSERT,iag,eim
1653844776299239399,INSERT,ald,aody
1653844776299244129,INSERT,engs,eidy
1653844776299248866,INSERT,oots,uacs
1653844776299253711,INSERT,uerth,eet
1653844776299258495,INSERT,iunk,uonk
1653844776299263399,INSERT,airts,iorr
1653844776299268204,INSERT,oerds,eec
1653844776299280802,INSERT,aiasp,uely
1653844776299287033,INSERT,oory,air
1653844776299292234,INSERT,oegs,uahn
1653844776299305952,INSERT,intz,eefy
1653844776299310985,INSERT,aiaz,aioft
1653844776299315970,INSERT,iush,iz
1653844776299320877,INSERT,oiwn,iict
1653844776299325792,INSERT,eecs,eorm
1653844776299330569,INSERT,ieucks,ionk
1653844776299335403,INSERT,iourm,oin
1653844776299340126,INSERT,auesk,ov
1653844776299345074,INSERT,oarg,uinds
1653844776299349901,INSERT,uans,eurk
1653844776299354584,INSERT,aioks,iaty
1653844776728756755,INSERT,oimp,ulls
1653844776728862988,INSERT,iox,aiad
1653844776728876733,INSERT,aend,unn
1653844776728888693,INSERT,oitz,eist
1653844776728914544,INSERT,aus,eip
1653844776728925886,INSERT,iomp,aiok
1653844776728936630,INSERT,uienk,iacks
1653844776728948096,INSERT,aiad,oan
1653844776728959100,INSERT,uisk,oerly
1653844776728979089,INSERT,eocts,uieds
1653844776728991721,INSERT,uos,aics
1653844776729002646,INSERT,aiabs,if
1653844776729013232,INSERT,eown,ieuny
1653844776729023860,INSERT,oinds,aerly
1653844776729034870,INSERT,oarts,iarly
1653844776729045502,INSERT,aiands,aiaght
1653844776729055977,INSERT,uash,iucy
1653844776729066659,INSERT,ueth,oants
1653844776729076884,INSERT,enk,uiems
1653844776729087372,INSERT,uently,ios
1653844776729101302,INSERT,auerly,eiahn
1653844776729112056,INSERT,iop,oeng
1653844776729123476,INSERT,oub,oucks
1653844776729133493,INSERT,oepp,eirry
1653844776729181653,INSERT,eity,aiafy
1653844776729193100,INSERT,ieuct,aiagh
1653844776729214605,INSERT,uord,eiact
1653844776729225798,INSERT,aiosh,ain
1653844776729235939,INSERT,eaufy,iirr
1653844776729246760,INSERT,eirr,ausk
1653844776729257239,INSERT,auegy,itch
1653844776729268068,INSERT,iorry,ontz
1653844776729278899,INSERT,aiaks,aolly
1653844776729288792,INSERT,auerg,iogh
1653844776729299247,INSERT,ueg,eohn
1653844776729309073,INSERT,oirty,al
1653844776729328401,INSERT,eigh,ualls
1653844776729339246,INSERT,ang,ieuc
1653844776729349668,INSERT,uieft,aiob
1653844776729372164,INSERT,iaofy,aafy
1653844776729381721,INSERT,ims,ourds
1653844776729391358,INSERT,iit,euz
1653844776729401329,INSERT,iosk,uotz
1653844776729411392,INSERT,uwn,eift
1653844776729420866,INSERT,uehn,euf
1653844776729431191,INSERT,euct,aiant
1653844776729441741,INSERT,ed,aod
1653844776729453025,INSERT,aopp,oet
1653844776729464868,INSERT,aests,uff
1653844776729475293,INSERT,iists,eaucs
1653844777100080709,INSERT,oern,iass
1653844777100162648,INSERT,oew,ith
1653844777100171951,INSERT,aehl,uobly
1653844777100177834,INSERT,aiontz,oiats
1653844777100184028,INSERT,iound,uind
1653844777100189349,INSERT,ieth,ox
1653844777100194715,INSERT,eerst,ety
1653844777100199862,INSERT,aims,uieff
1653844777100205202,INSERT,eialy,ows
1653844777100217650,INSERT,uink,eps
1653844777100223841,INSERT,ebly,oens
1653844777100229243,INSERT,eests,ieub
1653844777100234202,INSERT,auft,iosp
1653844777100238982,INSERT,aued,ieurf
1653844777100243796,INSERT,oll,oorg
1653844777100248627,INSERT,ouys,iaocts
1653844777100256029,INSERT,eaf,uants
1653844777100260891,INSERT,ap,aiord
1653844777100265758,INSERT,ieubs,oasch
1653844777100270651,INSERT,ehn,oiask
1653844777100275350,INSERT,eocy,eipp
1653844777100280069,INSERT,uirds,oums
1653844777100284982,INSERT,iuncy,eend
1653844777100289822,INSERT,iably,aiort
1653844777100294838,INSERT,eult,airts
1653844777100299798,INSERT,augh,oc
1653844777100312522,INSERT,aiom,eurly
1653844777100318770,INSERT,eiasch,oucts
1653844777100323887,INSERT,uly,intz
1653844777100328527,INSERT,iiss,aimp
1653844777100333897,INSERT,eiass,eisp
1653844777100338635,INSERT,oials,oat
1653844777100343373,INSERT,uagy,eetz
1653844777100348145,INSERT,ol,eauntz
1653844777100353137,INSERT,aiab,iicks
1653844777100367538,INSERT,iib,oety
1653844777100379778,INSERT,ot,oosts
1653844777100385728,INSERT,aont,uors
1653844777100390647,INSERT,uirth,ency
1653844777100395517,INSERT,aueff,ails
1653844777100400307,INSERT,uirty,iol
1653844777100405045,INSERT,oers,uer
1653844777100409642,INSERT,eiarty,uit
1653844777100414370,INSERT,eely,aulls
1653844777100419133,INSERT,aiorth,irk
1653844777100424053,INSERT,ials,ioub
1653844777100428671,INSERT,esp,eiants
1653844777100433471,INSERT,euhl,airts
1653844777100438344,INSERT,eory,aun
1653844777100442951,INSERT,oupt,uff
1653844778089103928,INSERT,oegy,oarry
1653844778089215048,INSERT,oung,uiet
1653844778089230676,INSERT,airr,iaogh
1653844778089240245,INSERT,uirly,oat
1653844778089249062,INSERT,eiard,aard
1653844778089258357,INSERT,aemp,ioudy
1653844778089267439,INSERT,eiass,aueng
1653844778089276887,INSERT,iosly,aiaty
1653844778089285623,INSERT,uerr,ouv
1653844778089305773,INSERT,iag,eorth
1653844778089316893,INSERT,auks,al
1653844778089325271,INSERT,iound,uorn
1653844778089336976,INSERT,eend,egh
1653844778089345198,INSERT,aiantly,uiess
1653844778089354277,INSERT,eauly,uefy
1653844778089362468,INSERT,aiongly,uks
1653844778089371340,INSERT,aarg,eots
1653844778089380090,INSERT,eesp,ods
1653844778089388357,INSERT,oirk,uad
1653844778089396926,INSERT,auntz,eipt
1653844778089405216,INSERT,uarts,uds
1653844778089414019,INSERT,oory,iaond
1653844778089422592,INSERT,oiwn,erm
1653844778089430997,INSERT,eidy,ils
1653844778089438946,INSERT,eink,uight
1653844778089448423,INSERT,uelt,uents
1653844778089467314,INSERT,iough,eld
1653844778089477574,INSERT,oentz,uolls
1653844778089485984,INSERT,aioct,auet
1653844778089494951,INSERT,ol,onts
1653844778089503297,INSERT,euds,aiaws
1653844778089523992,INSERT,eaush,aacy
1653844778089532747,INSERT,ian,eaung
1653844778089541018,INSERT,uieght,uierds
1653844778089550176,INSERT,iabs,uent
1653844778089558536,INSERT,eeght,oip
1653844778089577321,INSERT,iong,aiaps
1653844778089587170,INSERT,ioury,oest
1653844778089595558,INSERT,irly,eus
1653844778089604339,INSERT,eontz,iously
1653844778089612750,INSERT,oesm,oick
1653844778089621272,INSERT,oerry,eosp
1653844778089629393,INSERT,aitts,oiary
1653844778089657571,INSERT,eash,iws
1653844778089666752,INSERT,eutz,eutt
1653844778089674520,INSERT,outch,oegh
1653844778089682234,INSERT,iously,aosh
1653844778089690203,INSERT,uobly,uards
1653844778089698747,INSERT,eiarth,aonts
1653844778089706999,INSERT,ioucs,iong
1653844778302086305,INSERT,eins,eoth
1653844778302194937,INSERT,aiably,ourn
1653844778302210068,INSERT,ust,iuks
1653844778302235781,INSERT,eills,uaff
1653844778302244467,INSERT,iebs,oigy
1653844778302253590,INSERT,erth,aern
1653844778302262253,INSERT,eoly,iist
1653844778302270643,INSERT,eiably,eerth
1653844778302279185,INSERT,eisly,iah
1653844778302298816,INSERT,aueld,ots
1653844778302308743,INSERT,aish,iirth
1653844778302316907,INSERT,adly,uang
1653844778302325338,INSERT,oact,eauns
1653844778302334329,INSERT,eid,iirly
1653844778302345890,INSERT,ioug,euks
1653844778302354742,INSERT,uiepp,oawn
1653844778302363550,INSERT,oiany,uob
1653844778302372030,INSERT,iud,auct
1653844778302380420,INSERT,iirg,eully
1653844778302389228,INSERT,eeld,iiy
1653844778302397227,INSERT,aught,aopp
1653844778302405530,INSERT,ody,ish
1653844778302414977,INSERT,ain,ialt
1653844778302423242,INSERT,auek,ioups
1653844778302431799,INSERT,aioz,oonds
1653844778302440358,INSERT,orth,aiory
1653844778302460125,INSERT,ungly,oonk
1653844778302471362,INSERT,iucy,aiop
1653844778302480201,INSERT,ueds,oib
1653844778302488483,INSERT,oit,iewn
1653844778302497448,INSERT,eands,ioush
1653844778302506026,INSERT,aur,uirt
1653844778302514691,INSERT,oarst,ieucts
1653844778302535528,INSERT,aueck,uigh
1653844778302543842,INSERT,aorf,uncy
1653844778302552286,INSERT,eincy,iofy
1653844778302571548,INSERT,oians,ieump
1653844778302582615,INSERT,auff,eel
1653844778302590822,INSERT,ieux,urst
1653844778302598642,INSERT,oiands,eff
1653844778302607117,INSERT,eiang,aunn
1653844778302615118,INSERT,aiab,iaov
1653844778302623614,INSERT,ieum,app
1653844778302632051,INSERT,act,aatz
1653844778302658536,INSERT,ers,ieupp
1653844778302667548,INSERT,eiaf,eidy
1653844778302675738,INSERT,uos,uienk
1653844778302684998,INSERT,ooss,eiath
1653844778302693265,INSERT,ioucs,eiff
1653844778302702101,INSERT,ieys,iils
1653844778842034294,INSERT,eialt,aially
1653844778842741046,INSERT,aong,oay
1653844778842759661,INSERT,uk,uonk
1653844778842768617,INSERT,aurr,iots
1653844778842777393,INSERT,oocts,uaps
1653844778842785559,INSERT,ently,oirs
1653844778842793458,INSERT,eutts,eegs
1653844778842801424,INSERT,iosk,uidly
1653844778842809749,INSERT,euds,eaunk
1653844778842825298,INSERT,oan,earm
1653844778842836559,INSERT,int,uory
1653844778842844159,INSERT,autz,aiorry
1653844778842852333,INSERT,ionk,eiank
1653844778842860023,INSERT,uey,iork
1653844778842867623,INSERT,ects,earth
1653844778842875555,INSERT,oantly,uotch
1653844778842883659,INSERT,oull,iaord
1653844778842891768,INSERT,eiws,eiasm
1653844778842899678,INSERT,uoff,oab
1653844778842907761,INSERT,eox,eurr
1653844778842916486,INSERT,uems,eods
1653844778842924971,INSERT,iulls,end
1653844778842933403,INSERT,ouls,eucs
1653844778842941673,INSERT,ieurth,oats
1653844778842950439,INSERT,iasm,uicks
1653844778842959306,INSERT,eurm,ieunds
1653844778842976859,INSERT,ierf,oang
1653844778842986149,INSERT,iaohl,aitch
1653844778842994888,INSERT,iust,uny
1653844778843012939,INSERT,iaoms,uorr
1653844778843021079,INSERT,iaom,eiatch
1653844778843029140,INSERT,uov,aurst
1653844778843037288,INSERT,aaw,iousts
1653844778843045345,INSERT,oiz,aiag
1653844778843053024,INSERT,iongs,uok
1653844778843060522,INSERT,oins,uintly
1653844778843076978,INSERT,eiadly,aurry
1653844778843086246,INSERT,eaunts,aurt
1653844778843094327,INSERT,iousp,eiary
1653844778843102215,INSERT,onts,ieuk
1653844778843109927,INSERT,eirr,oecy
1653844778843117436,INSERT,aiacs,uill
1653844778843125237,INSERT,eohl,uiesp
1653844778843133931,INSERT,iewn,apt
1653844778843141492,INSERT,aurt,iaght
1653844778843149465,INSERT,eiags,eidy
1653844778843157271,INSERT,aorg,eiath
1653844778843165238,INSERT,iurts,iaown
1653844778843173035,INSERT,aest,ax
1653844778843180586,INSERT,eiax,eow
1653844781322100341,INSERT,aueck,oesm
1653844781322210566,INSERT,iath,ingly
1653844781322226385,INSERT,euntly,eaurds
1653844781322236864,INSERT,uann,eand
1653844781322246306,INSERT,eay,oost
1653844781322254868,INSERT,aitch,uit
1653844781322264000,INSERT,ougs,iiss
1653844781322272882,INSERT,aint,oirth
1653844781322280789,INSERT,irly,ael
1653844781322303086,INSERT,iect,aetts
1653844781322313609,INSERT,airs,ontly
1653844781322322274,INSERT,iils,irm
1653844781322330736,INSERT,iund,eiard
1653844781322339457,INSERT,aag,eild
1653844781322348646,INSERT,ux,iaofy
1653844781322357177,INSERT,aiarr,uesk
1653844781322365639,INSERT,eiarty,ioud
1653844781322374042,INSERT,iints,eaups
1653844781322382392,INSERT,ooss,oetts
1653844781322390974,INSERT,iuntly,iny
1653844781322399521,INSERT,arry,uib
1653844781322407720,INSERT,aff,oask
1653844781322416115,INSERT,eerly,uiegy
1653844781322424586,INSERT,uiecs,ioust
1653844781322432877,INSERT,eerf,ourst
1653844781322441290,INSERT,oiaght,eaunk
1653844781322461277,INSERT,euns,iarf
1653844781322471962,INSERT,eantz,oiarg
1653844781322492946,INSERT,ourds,ibs
1653844781322501769,INSERT,iact,iis
1653844781322509892,INSERT,oiadly,erth
1653844781322518939,INSERT,aibly,iad
1653844781322527625,INSERT,enn,oars
1653844781322536366,INSERT,oepp,ieul
1653844781322544826,INSERT,aoys,auwn
1653844781322553404,INSERT,uncy,aory
1653844781322573302,INSERT,iarr,augs
1653844781322584118,INSERT,eiarst,aads
1653844781322592273,INSERT,iings,aard
1653844781322600217,INSERT,uiels,aunk
1653844781322608792,INSERT,uok,aiaw
1653844781322617393,INSERT,omp,aioss
1653844781322625165,INSERT,eurry,eaw
1653844781322633534,INSERT,aueck,auntz
1653844781322659380,INSERT,eily,eiz
1653844781323810262,INSERT,erty,ieurth
1653844781323823659,INSERT,ieuntz,ourr
1653844781323833069,INSERT,euff,esp
1653844781323841945,INSERT,iuws,oiasp
1653844781323852473,INSERT,aif,ark
1653844781503086812,INSERT,uantly,iaod
1653844781503213140,INSERT,eangs,eintly
1653844781503229179,INSERT,east,eog
1653844781503238486,INSERT,usch,aiorst
1653844781503247661,INSERT,eiry,eft
1653844781503256792,INSERT,iard,auerk
1653844781503266472,INSERT,oorm,eosts
1653844781503275388,INSERT,eaup,eaft
1653844781503288224,INSERT,eauh,ieums
1653844781503306114,INSERT,ells,iangly
1653844781503317213,INSERT,aily,ecs
1653844781503326377,INSERT,oet,eusch
1653844781503335066,INSERT,uiez,oill
1653844781503356964,INSERT,iact,of
1653844781503365419,INSERT,eong,eurs
1653844781503374327,INSERT,auct,aiw
1653844781503382390,INSERT,iey,oft
1653844781503391400,INSERT,aiss,uon
1653844781503399765,INSERT,oerds,aetts
1653844781503408113,INSERT,untz,auests
1653844781503417220,INSERT,aally,asly
1653844781503425816,INSERT,uiev,ucks
1653844781503433735,INSERT,uicts,uably
1653844781503442677,INSERT,eiarts,iax
1653844781503450849,INSERT,uk,ady
1653844781503459803,INSERT,agh,ieuw
1653844781503479628,INSERT,err,ieux
1653844781503490703,INSERT,oy,ioutch
1653844781503499478,INSERT,aiond,our
1653844781503507540,INSERT,iuv,aupt
1653844781503516053,INSERT,aaff,eurs
1653844781503524461,INSERT,ugy,oirn
1653844781503533114,INSERT,iec,eeff
1653844781503540909,INSERT,oetz,egy
1653844781503549505,INSERT,oasts,iaosh
1653844781503557552,INSERT,aiat,iirty
1653844781503576562,INSERT,uients,auc
1653844781503587633,INSERT,uongly,edy
1653844781503595772,INSERT,oiatch,ery
1653844781503604497,INSERT,oiah,iott
1653844781503613432,INSERT,utz,aeght
1653844781503621759,INSERT,iusts,ett
1653844781503630796,INSERT,uy,oort
1653844781505734397,INSERT,aerd,uirn
1653844781505775501,INSERT,oex,epp
1653844781505786713,INSERT,auef,iof
1653844781505795941,INSERT,uengly,oins
1653844781505805044,INSERT,iacks,erk
1653844781505814322,INSERT,iopt,uys
1653844781505823166,INSERT,eacy,aack
1653844781812071516,INSERT,ias,eaght
1653844781812183756,INSERT,aiary,aiatts
1653844781812199968,INSERT,ioth,auebly
1653844781812210121,INSERT,eac,iouh
1653844781812218915,INSERT,eaught,eiark
1653844781812228151,INSERT,irt,uiem
1653844781812237116,INSERT,ish,ooct
1653844781812246351,INSERT,auell,oiss
1653844781812255333,INSERT,iaocts,aebly
1653844781812277581,INSERT,euks,ouls
1653844781812289092,INSERT,iuny,auep
1653844781812297466,INSERT,ieub,oox
1653844781812305591,INSERT,iuns,uach
1653844781812313911,INSERT,entz,ests
1653844781812321794,INSERT,eocy,iock
1653844781812330460,INSERT,oarts,ouds
1653844781812339484,INSERT,oill,iout
1653844781812348073,INSERT,aiob,iunk
1653844781812356631,INSERT,uierst,eys
1653844781812365583,INSERT,iund,aags
1653844781812373941,INSERT,iaods,eerg
1653844781812382344,INSERT,eings,iett
1653844781812390735,INSERT,ious,uency
1653844781812399547,INSERT,uopp,aas
1653844781812408451,INSERT,auel,otz
1653844781812416888,INSERT,ail,aiox
1653844781812445040,INSERT,oey,oat
1653844781812456377,INSERT,iin,oiably
1653844781812465491,INSERT,oogy,oially
1653844781812474416,INSERT,uort,iincy
1653844781812483422,INSERT,uil,orly
1653844781812492310,INSERT,aism,oil
1653844781812500885,INSERT,oonds,aark
1653844781812509844,INSERT,auerd,eags
1653844781812519235,INSERT,aiah,eoch
1653844781812527851,INSERT,eists,ougs
1653844781812546391,INSERT,eiat,etts
1653844781812560527,INSERT,iouch,imp
1653844781812568996,INSERT,oency,oiab
1653844781812577858,INSERT,oehl,uosch
1653844781812587094,INSERT,oigh,euys
1653844781812596534,INSERT,iiwn,and
1653844781812605811,INSERT,eogh,auehn
1653844781812615327,INSERT,uantly,ieps
1653844781812623653,INSERT,iik,earm
1653844781812632795,INSERT,ueg,ioutt
1653844781812660696,INSERT,iows,ieups
1653844781812670071,INSERT,aeps,iurf
1653844781812679243,INSERT,ends,iunn
1653844781812687621,INSERT,uiect,aosly
1653844782108370244,INSERT,uarf,ort
1653844782108582064,INSERT,aagy,aath
1653844782108603573,INSERT,uiewn,ieunts
1653844782108614417,INSERT,iond,ouks
1653844782108623318,INSERT,oirg,eak
1653844782108631997,INSERT,uens,oialy
1653844782108682413,INSERT,eauct,aiantz
1653844782108692332,INSERT,eght,aath
1653844782108700940,INSERT,auel,oenk
1653844782108721809,INSERT,ioz,iaocks
1653844782108760930,INSERT,oory,oics
1653844782108773848,INSERT,iourts,eiarf
1653844782108783575,INSERT,aetts,uib
1653844782108792346,INSERT,ailt,oiask
1653844782108801972,INSERT,ib,airm
1653844782108810226,INSERT,ousch,op
1653844782108842967,INSERT,ioug,eird
1653844782108857485,INSERT,imp,uol
1653844782108866733,INSERT,eirg,ieucks
1653844782108875175,INSERT,oatts,uads
1653844782108883937,INSERT,eigs,ueps
1653844782108905402,INSERT,ault,eaurd
1653844782108942569,INSERT,aiogs,uax
1653844782108952544,INSERT,uierry,euws
1653844782108961426,INSERT,oups,uiects
1653844782108970416,INSERT,auery,uapt
1653844782108990309,INSERT,airg,aahn
1653844782109026660,INSERT,uierds,oiangs
1653844782109036635,INSERT,aiank,ioub
1653844782109045362,INSERT,uell,aaff
1653844782109054333,INSERT,urk,uills
1653844782109063096,INSERT,oaft,iasly
1653844782109072153,INSERT,auept,osm
1653844782109099775,INSERT,aiarn,eialt
1653844782109111705,INSERT,aiacs,ieux
1653844782109119928,INSERT,uept,ul
1653844782109139288,INSERT,uerd,ioz
1653844782109150406,INSERT,aiarth,uiegs
1653844782109197750,INSERT,aions,aofy
1653844782109208404,INSERT,oib,oehl
1653844782109228092,INSERT,ioth,oiag
1653844782109237070,INSERT,oiath,iaok
1653844782109382898,INSERT,oests,eedly
1653844782109396000,INSERT,iitts,aiorts
1653844782109404687,INSERT,eengly,oorr
1653844782109413504,INSERT,iify,aiorry
1653844782109422021,INSERT,eiak,eings
1653844782109431040,INSERT,uopp,ierry
1653844782109552295,INSERT,aiosm,oett
1653844782109565099,INSERT,eaft,auct
1653844782513187432,INSERT,ousch,eaunk
1653844782513302953,INSERT,eony,orth
1653844782513319940,INSERT,irm,ount
1653844782513329604,INSERT,aary,eud
1653844782513338641,INSERT,oird,aim
1653844782513348300,INSERT,aoms,aiaw
1653844782513356309,INSERT,ouds,oap
1653844782513364236,INSERT,outh,eiast
1653844782513372453,INSERT,auedy,ally
1653844782513391426,INSERT,uorst,oend
1653844782513401636,INSERT,ill,oams
1653844782513410246,INSERT,aerg,aass
1653844782513418980,INSERT,eeh,aitts
1653844782513427405,INSERT,uorr,eint
1653844782513436373,INSERT,olt,uets
1653844782513444546,INSERT,ioubly,eb
1653844782513452665,INSERT,obs,auews
1653844782513461963,INSERT,uih,asm
1653844782513470388,INSERT,eks,uist
1653844782513490473,INSERT,aely,ieur
1653844782513499535,INSERT,uown,iaonk
1653844782513518672,INSERT,ieurd,oagh
1653844782513526619,INSERT,oirly,eantz
1653844782513534684,INSERT,oes,iouk
1653844782513542875,INSERT,aiom,aancy
1653844782513552006,INSERT,oity,uiegh
1653844782513578243,INSERT,ex,ieuts
1653844782513596635,INSERT,oull,als
1653844782513605357,INSERT,aght,uiends
1653844782513613653,INSERT,eidly,oann
1653844782513622412,INSERT,iaorf,eaught
1653844782513630224,INSERT,eerds,ialt
1653844782513657835,INSERT,ios,uotz
1653844782513668214,INSERT,uewn,eigy
1653844782513677167,INSERT,oehl,eaty
1653844782513685629,INSERT,uier,iix
1653844782513703321,INSERT,ooss,iew
1653844782513713604,INSERT,oeng,uirty
1653844782513721868,INSERT,iaords,oad
1653844782513730605,INSERT,eeys,uot
1653844782513738919,INSERT,eusly,aioch
1653844782513748078,INSERT,auec,ualls
1653844782513756643,INSERT,aotz,ant
1653844782513765582,INSERT,arg,eecks
1653844782513773917,INSERT,aiary,oify
1653844782513783301,INSERT,ealy,aull
1653844782513792027,INSERT,eir,eiarf
1653844782513799787,INSERT,ioul,oecs
1653844782513818896,INSERT,oiats,aong
1653844782513827377,INSERT,oefy,eiacks
1653844785998112233,INSERT,eaubs,ausm
1653844785998235696,INSERT,outts,oerd
1653844785998264130,INSERT,uirts,ieurth
1653844785998274504,INSERT,oity,oupt
1653844785998283708,INSERT,eety,auech
1653844785998292348,INSERT,aatt,euncy
1653844785998300819,INSERT,oib,aws
1653844785998309212,INSERT,aiars,eong
1653844785998317917,INSERT,iup,aah
1653844785998336750,INSERT,eiaf,iags
1653844785998350278,INSERT,iiks,iucy
1653844785998358196,INSERT,aoll,uocy
1653844785998367016,INSERT,iarg,uid
1653844785998374961,INSERT,uems,aibly
1653844785998383292,INSERT,eonds,eodly
1653844785998392016,INSERT,iil,iirn
1653844785998414038,INSERT,eiarth,uach
1653844785998423041,INSERT,op,aunds
1653844785998431531,INSERT,oerry,uolt
1653844785998439514,INSERT,iaoly,untly
1653844785998447423,INSERT,auny,aiosts
1653844785998456092,INSERT,eecs,eels
1653844785998463792,INSERT,aods,iiv
1653844785998472862,INSERT,iaogh,oaks
1653844785998481023,INSERT,uoght,aiots
1653844785998489642,INSERT,ioump,aoch
1653844785998509875,INSERT,esch,eify
1653844785998520870,INSERT,euws,oah
1653844785998529931,INSERT,ark,uieh
1653844785998538068,INSERT,aiax,iact
1653844785998547365,INSERT,acts,aoct
1653844785998555353,INSERT,ofy,oably
1653844785998564340,INSERT,aungly,oir
1653844785998572391,INSERT,ior,uark
1653844785998580691,INSERT,eey,uy
1653844785998588761,INSERT,aets,oian
1653844785998608024,INSERT,uart,eobs
1653844785998618859,INSERT,uis,oad
1653844785998627254,INSERT,eangly,iesp
1653844785998653064,INSERT,iam,uows
1653844785998662586,INSERT,irth,ooss
1653844785998670496,INSERT,enn,aiopt
1653844785998679061,INSERT,irs,ich
1653844785998687482,INSERT,iurty,eald
1653844785998695921,INSERT,eurst,auny
1653844785998703790,INSERT,aoncy,ect
1653844785998712391,INSERT,oat,iorr
1653844785998720622,INSERT,iaorf,urth
1653844785998728942,INSERT,eatch,iintly
1653844785998737266,INSERT,eic,uetz
1653844788311087295,INSERT,oeds,uems
1653844788311202950,INSERT,aapt,aonn
1653844788311217674,INSERT,ouy,eauss
1653844788311238554,INSERT,uoct,ieurth
1653844788311248107,INSERT,eaurn,uews
1653844788311257879,INSERT,iow,ioh
1653844788311266841,INSERT,oags,aerf
1653844788311276137,INSERT,auey,ubs
1653844788311283984,INSERT,aorty,iourk
1653844788311300301,INSERT,afy,aerst
1653844788311311521,INSERT,ieuhl,eaurds
1653844788311320003,INSERT,eews,euc
1653844788311328420,INSERT,iey,act
1653844788311336765,INSERT,ioush,uills
1653844788311345639,INSERT,aiods,aiown
1653844788311353801,INSERT,outh,eaurt
1653844788311363044,INSERT,ool,iaob
1653844788311381722,INSERT,eish,eff
1653844788311391448,INSERT,uers,uaps
1653844788311400362,INSERT,ioupt,obs
1653844788311407912,INSERT,oiass,euds
1653844788311416439,INSERT,oiacks,aect
1653844788311425320,INSERT,oetch,eosch
1653844788311434321,INSERT,eiak,eept
1653844788311442585,INSERT,uaf,aoss
1653844788311450714,INSERT,iests,oirm
1653844788311481678,INSERT,uorry,aent
1653844788311492933,INSERT,ium,iaords
1653844788311502180,INSERT,oally,aunk
1653844788311510913,INSERT,aist,aasm
1653844788311520180,INSERT,eoss,ef
1653844788311528521,INSERT,ouks,eaurk
1653844788311537156,INSERT,aury,oir
1653844788311545515,INSERT,oiat,oegy
1653844788311554364,INSERT,oiasp,oks
1653844788311562793,INSERT,iaof,uax
1653844788311581146,INSERT,iod,aincy
1653844788311596231,INSERT,uietch,orf
1653844788311605128,INSERT,ieung,oigs
1653844788311613401,INSERT,iicks,eiatts
1653844788311621728,INSERT,oiangs,oaw
1653844788311630203,INSERT,uitz,auerst
1653844788311666717,INSERT,iiw,uofy
1653844788311674784,INSERT,auhn,ierk
1653844788311682698,INSERT,auets,auebly
1653844788311691276,INSERT,uiegs,ag
1653844788311699429,INSERT,oehl,eeh
1653844788311707755,INSERT,ats,ic
1653844788311716367,INSERT,uly,eonts
1653844788311731639,INSERT,iimp,oungs
1653844789606110754,INSERT,ef,ux
1653844789606232207,INSERT,ards,eitch
1653844789606247219,INSERT,ety,oiacy
1653844789606256922,INSERT,aengs,iaocy
1653844789606265530,INSERT,uoys,eiss
1653844789606275538,INSERT,ioll,ooms
1653844789606284154,INSERT,oiark,eetts
1653844789606293042,INSERT,ill,oils
1653844789606301617,INSERT,aopp,eiabs
1653844789606330322,INSERT,aongs,iouwn
1653844789606342322,INSERT,uf,oals
1653844789606351120,INSERT,oerf,iosch
1653844789606360349,INSERT,oias,iill
1653844789606368338,INSERT,uft,uocs
1653844789606376684,INSERT,oiag,aolls
1653844789606385117,INSERT,ooll,uiels
1653844789606393536,INSERT,auelly,euld
1653844789606402913,INSERT,ooght,oiarly
1653844789606411605,INSERT,eialls,oarg
1653844789606419934,INSERT,ielly,ind
1653844789606428706,INSERT,aurd,auert
1653844789606437038,INSERT,aioff,ody
1653844789606446202,INSERT,ioly,usk
1653844789606454577,INSERT,eopp,eincy
1653844789606462506,INSERT,aun,auest
1653844789606471458,INSERT,eink,iintz
1653844789606492180,INSERT,eirly,ienn
1653844789606503167,INSERT,aiong,iaoll
1653844789606511574,INSERT,iott,uiehn
1653844789606520084,INSERT,aock,uarry
1653844789606528211,INSERT,aid,oorf
1653844789606550776,INSERT,eeb,eirds
1653844789606558954,INSERT,iaorm,oids
1653844789606567468,INSERT,oub,aol
1653844789606575512,INSERT,all,uert
1653844789606583629,INSERT,uieth,iorf
1653844789606603219,INSERT,iaws,oict
1653844789606614714,INSERT,ioum,eungly
1653844789606623881,INSERT,iuhl,uosly
1653844789606631948,INSERT,eubly,iousts
1653844789606671819,INSERT,uerd,uss
1653844789606680946,INSERT,iawn,ious
1653844789606689221,INSERT,oarly,opt
1653844789606696532,INSERT,eoth,oiatt
1653844789606703738,INSERT,aiork,oend
1653844789606711195,INSERT,arth,aups
1653844789606719238,INSERT,ich,unk
1653844789606726453,INSERT,iarg,aiaff
1653844789606733640,INSERT,iirth,oill
1653844789606740913,INSERT,eiarty,eorg
1653844791146416198,INSERT,uiefy,iic
1653844791146522379,INSERT,aeb,intz
1653844791146537335,INSERT,oect,euck
1653844791146561836,INSERT,aps,aess
1653844791146570907,INSERT,iev,eiacks
1653844791146580109,INSERT,ially,eintly
1653844791146589184,INSERT,aily,iaosk
1653844791146598230,INSERT,arst,euys
1653844791146606739,INSERT,ionts,ionds
1653844791146625279,INSERT,euf,iary
1653844791146672643,INSERT,euft,ieull
1653844791146684055,INSERT,ueh,uiern
1653844791146692448,INSERT,aict,ocy
1653844791146701597,INSERT,oerm,aiath
1653844791146709870,INSERT,aenn,uierty
1653844791146729979,INSERT,it,iurk
1653844791146738107,INSERT,urn,oecks
1653844791146748242,INSERT,uency,aasch
1653844791146756251,INSERT,iods,eaust
1653844791146764365,INSERT,iaoys,iaoght
1653844791146775268,INSERT,iund,aoks
1653844791146783106,INSERT,ears,iugy
1653844791146790957,INSERT,ieull,eaunn
1653844791146800508,INSERT,iuwn,ierst
1653844791146809652,INSERT,ueght,aipp
1653844791146817618,INSERT,ouh,uogs
1653844791146842042,INSERT,iubly,eantz
1653844791146851191,INSERT,iaon,eontz
1653844791146858791,INSERT,airly,iatch
1653844791146866462,INSERT,uenk,aotz
1653844791146874466,INSERT,aian,oiaps
1653844791146883816,INSERT,eiaps,oarm
1653844791146892538,INSERT,eiants,iousch
1653844791146900602,INSERT,usm,iouct
1653844791146908368,INSERT,ugs,aift
1653844791146916230,INSERT,auld,einy
1653844791146932101,INSERT,eir,uodly
1653844791146940919,INSERT,oack,oiasts
1653844791146948687,INSERT,uantz,eecy
1653844791146956465,INSERT,eez,eiak
1653844791146965147,INSERT,aiosts,uaks
1653844791146974271,INSERT,uief,uans
1653844791146981990,INSERT,aiantly,ib
1653844791146989792,INSERT,ief,ioc
1653844791146997287,INSERT,iaows,iaorly
1653844791147005114,INSERT,oics,eob
1653844791147012745,INSERT,aehn,uism
1653844791147021019,INSERT,iaosp,aueks
1653844791147039646,INSERT,iudy,ieurts
1653844791147048610,INSERT,ects,iagh
1653844798528509383,INSERT,aurry,oncy
1653844798528628967,INSERT,ialt,aiotch
1653844798528676444,INSERT,eauh,aoy
1653844798528699057,INSERT,eiany,iught
1653844798528711221,INSERT,uigy,oesly
1653844798528730803,INSERT,eiarr,oif
1653844798528739942,INSERT,oodly,oatt
1653844798528747953,INSERT,uientz,iust
1653844798528768917,INSERT,ould,iaorts
1653844798528789038,INSERT,uiez,oiacy
1653844798528798957,INSERT,iev,iow
1653844798528826800,INSERT,iach,arst
1653844798528837044,INSERT,iags,ieuz
1653844798528845767,INSERT,aiohn,eentz
1653844798528854062,INSERT,iaft,eaf
1653844798528862143,INSERT,aal,uarty
1653844798528869913,INSERT,aeff,oiap
1653844798528889408,INSERT,ioupp,eiann
1653844798528912325,INSERT,iaox,oart
1653844798528931713,INSERT,aids,aods
1653844798528940339,INSERT,eorty,oiady
1653844798528948876,INSERT,ieup,uegh
1653844798528957151,INSERT,oelt,auet
1653844798528964784,INSERT,eigy,uirn
1653844798528974068,INSERT,auerr,ofy
1653844798528982763,INSERT,auhl,aaps
1653844798529008297,INSERT,oiaght,iaohn
1653844798529019701,INSERT,uaz,uengs
1653844798529027979,INSERT,aigs,iost
1653844798529036179,INSERT,ieft,iolls
1653844798529045074,INSERT,eent,iert
1653844798529053636,INSERT,upp,oems
1653844798529061795,INSERT,irr,iold
1653844798529069888,INSERT,osly,oars
1653844798529078344,INSERT,eohn,oaws
1653844798529086168,INSERT,oek,aogs
1653844798529102339,INSERT,oety,aiack
1653844798529112074,INSERT,uiw,oiany
1653844798529120700,INSERT,iks,aibs
1653844798529128722,INSERT,uasts,auely
1653844798529137248,INSERT,oosp,oiak
1653844798529146219,INSERT,oerg,ism
1653844798529165866,INSERT,aionts,eiagy
1653844798529175001,INSERT,eunts,auecks
1653844798529183819,INSERT,uly,uash
1653844798529192377,INSERT,aorts,oiad
1653844798529201766,INSERT,aids,eigy
1653844798529210922,INSERT,ids,aahn
1653844798529219615,INSERT,usm,ests
1653844798529228317,INSERT,iod,iasm
1653844798888887359,INSERT,air,uosly
1653844798889018898,INSERT,eirts,aiass
1653844798889034504,INSERT,urry,eg
1653844798889046804,INSERT,aants,ieurly
1653844798889055410,INSERT,iaox,eaufy
1653844798889064367,INSERT,aft,uasts
1653844798889072933,INSERT,ep,iawn
1653844798889081340,INSERT,aiown,ic
1653844798889090031,INSERT,eaw,oiangly
1653844798889107435,INSERT,ony,uang
1653844798889118539,INSERT,oocks,arst
1653844798889126823,INSERT,oiad,aer
1653844798889135457,INSERT,aift,uotts
1653844798889143432,INSERT,ught,eink
1653844798889151469,INSERT,oiaz,uank
1653844798889160007,INSERT,iory,ued
1653844798889167956,INSERT,uiects,aurds
1653844798889176485,INSERT,aiarn,ienn
1653844798889184812,INSERT,iops,oiats
1653844798889193310,INSERT,aan,us
1653844798889202094,INSERT,ieulls,aoc
1653844798889209838,INSERT,uiesly,ieuk
1653844798889218802,INSERT,eaugh,eiab
1653844798889227361,INSERT,ock,aors
1653844798889235712,INSERT,asts,eiark
1653844798889242979,INSERT,ify,itt
1653844798889261532,INSERT,aorg,iok
1653844798889272552,INSERT,eintly,iotz
1653844798889282340,INSERT,eitch,uab
1653844798889291309,INSERT,euncy,eann
1653844798889299923,INSERT,iip,ueks
1653844798889308760,INSERT,iups,oialy
1653844798889317482,INSERT,uierr,eonds
1653844798889335341,INSERT,aats,aogs
1653844798889344398,INSERT,oiabs,aiapp
1653844798889353370,INSERT,eas,uoth
1653844798889372001,INSERT,aeh,uarf
1653844798889382060,INSERT,eny,aiors
1653844798889389720,INSERT,aey,oigh
1653844798889398185,INSERT,oesly,ubly
1653844798889406418,INSERT,auebs,oos
1653844798889414625,INSERT,uac,iaons
1653844798889423096,INSERT,uilt,uentz
1653844798889431152,INSERT,oohn,oeth
1653844798889439464,INSERT,iantz,uipt
1653844798889447389,INSERT,iups,eautz
1653844798889455663,INSERT,ourd,aably
1653844798889464108,INSERT,eerk,aorst
1653844798889952280,INSERT,auend,aiats
1653844798889996836,INSERT,ualt,uisp
1653844800206121757,INSERT,eult,oontz
1653844800206224185,INSERT,auerk,oiasts
1653844800206240182,INSERT,uasts,eeys
1653844800206263530,INSERT,aonn,eums
1653844800206273235,INSERT,aarr,iubly
1653844800206282295,INSERT,iourt,auerty
1653844800206291995,INSERT,onds,eiantz
1653844800206301118,INSERT,aiatts,uify
1653844800206309934,INSERT,eusm,oact
1653844800206326402,INSERT,oemp,iott
1653844800206339732,INSERT,oiaps,usp
1653844800206359088,INSERT,ueys,airry
1653844800206367593,INSERT,auecy,imp
1653844800206376454,INSERT,usly,aioch
1653844800206386246,INSERT,ieuck,ioubly
1653844800206395494,INSERT,ums,ouwn
1653844800206404536,INSERT,iuck,iics
1653844800206415118,INSERT,aard,aiom
1653844800206426090,INSERT,eucts,aurry
1653844800206435424,INSERT,eitts,iupt
1653844800206445171,INSERT,oiv,aiox
1653844800206455384,INSERT,auk,ueff
1653844800206464613,INSERT,ieuhn,aoft
1653844800206473406,INSERT,iurg,uiedly
1653844800206482794,INSERT,airy,iuth
1653844800206492146,INSERT,erm,uiwn
1653844800206518663,INSERT,aeff,auend
1653844800206530829,INSERT,ahl,ioutch
1653844800206540678,INSERT,aiv,ehl
1653844800206550147,INSERT,ioups,eon
1653844800206559430,INSERT,eaurm,ioff
1653844800206568331,INSERT,uopt,oids
1653844800206578586,INSERT,iuz,iix
1653844800206588084,INSERT,eaur,uontz
1653844800206597674,INSERT,iack,ieud
1653844800206606954,INSERT,oancy,uot
1653844800206621094,INSERT,eiws,oors
1653844800206631103,INSERT,ep,aeys
1653844800206661918,INSERT,uiys,iust
1653844800206672024,INSERT,aueng,oem
1653844800206681592,INSERT,iux,aind
1653844800206690714,INSERT,uen,usk
1653844800206699772,INSERT,oamp,eald
1653844800206707542,INSERT,uiek,ic
1653844800206715422,INSERT,eeff,oants
1653844800206723720,INSERT,eauncy,iuncy
1653844800206732511,INSERT,iap,aions
1653844800206753229,INSERT,aor,iorm
1653844800206762334,INSERT,iass,oiagh
1653844800206771053,INSERT,oongly,ioups
1653844800993973844,INSERT,iof,aesch
1653844800994058600,INSERT,uesp,uentz
1653844800994067569,INSERT,eip,aiaks
1653844800994073268,INSERT,iaolly,erly
1653844800994079269,INSERT,eerly,uienn
1653844800994084829,INSERT,ioubly,arty
1653844800994090044,INSERT,uify,iibly
1653844800994095097,INSERT,ac,eoly
1653844800994100174,INSERT,aiord,auen
1653844800994113699,INSERT,iaosp,ax
1653844800994120004,INSERT,eup,iic
1653844800994124717,INSERT,oils,erly
1653844800994129720,INSERT,aik,iolls
1653844800994134699,INSERT,aords,aiars
1653844800994139531,INSERT,auetch,ieurst
1653844800994144444,INSERT,idy,aarf
1653844800994149549,INSERT,ieur,oiapt
1653844800994154566,INSERT,aurt,ies
1653844800994159458,INSERT,icy,aows
1653844800994164681,INSERT,iaom,ux
1653844800994169360,INSERT,iust,ert
1653844800994174437,INSERT,iomp,eh
1653844800994179218,INSERT,aiotz,aitz
1653844800994184141,INSERT,aords,oop
1653844800994189222,INSERT,aeh,euny
1653844800994193930,INSERT,eev,eirn
1653844800994206540,INSERT,att,ock
1653844800994212769,INSERT,aict,eahn
1653844800994220044,INSERT,iox,iuts
1653844800994233347,INSERT,iaf,auegh
1653844800994238179,INSERT,eoc,uard
1653844800994242946,INSERT,aolt,uects
1653844800994247809,INSERT,auek,ind
1653844800994252637,INSERT,eags,eih
1653844800994257226,INSERT,uart,ioups
1653844800994261948,INSERT,aiag,uerty
1653844800994273876,INSERT,engly,eurf
1653844800994280068,INSERT,uast,uern
1653844800994284895,INSERT,uards,aohl
1653844800994289883,INSERT,uawn,oeft
1653844800994294880,INSERT,oiann,ern
1653844800994299672,INSERT,eoct,ioly
1653844800994304384,INSERT,uis,ics
1653844800994309167,INSERT,uinn,oest
1653844800994314084,INSERT,urts,auer
1653844800994327660,INSERT,oiahl,uiery
1653844800994333087,INSERT,uantly,ionts
1653844800994338358,INSERT,aty,eisly
1653844800994343175,INSERT,uoss,uied
1653844800994348076,INSERT,iebly,eially
1653844801708023968,INSERT,erly,iught
1653844801708128774,INSERT,oals,aiaff
1653844801708145002,INSERT,iirg,eaump
1653844801708154903,INSERT,auets,eaury
1653844801708164505,INSERT,euft,uatz
1653844801708173985,INSERT,auss,aerry
1653844801708182415,INSERT,aiott,eesm
1653844801708190869,INSERT,iidy,aunts
1653844801708199934,INSERT,aurry,iourn
1653844801708217223,INSERT,aial,ogh
1653844801708227491,INSERT,oab,autts
1653844801708236452,INSERT,ainds,iodly
1653844801708245295,INSERT,iax,aiangs
1653844801708254408,INSERT,eauk,aorf
1653844801708263173,INSERT,aur,iiys
1653844801708271872,INSERT,usk,of
1653844801708280676,INSERT,auesm,ousm
1653844801708289849,INSERT,utt,oarr
1653844801708298075,INSERT,ioungly,arf
1653844801708306624,INSERT,iaonds,eauz
1653844801708315201,INSERT,eath,ow
1653844801708323261,INSERT,oaft,eagy
1653844801708331772,INSERT,upt,eally
1653844801708339001,INSERT,ieusp,eorr
1653844801708346708,INSERT,uiex,oals
1653844801708354241,INSERT,iaoh,uz
1653844801708372133,INSERT,aiogh,eiac
1653844801708382615,INSERT,aosk,imp
1653844801708393105,INSERT,ierst,uiz
1653844801708412570,INSERT,eaugh,usts
1653844801708421529,INSERT,uold,euf
1653844801708430563,INSERT,ouss,eiaght
1653844801708439731,INSERT,aump,uierk
1653844801708447811,INSERT,aians,eaurry
1653844801708456921,INSERT,uiws,eutz
1653844801708465682,INSERT,oaks,eack
1653844801708483170,INSERT,eant,auerf
1653844801708493815,INSERT,oish,iough
1653844801708502715,INSERT,oiasly,iiys
1653844801708511987,INSERT,iarly,iuntz
1653844801708520410,INSERT,auent,ily
1653844801708529352,INSERT,oarr,airts
1653844801708538436,INSERT,aiocks,oir
1653844801708546945,INSERT,iomp,eact
1653844801708555626,INSERT,air,eoks
1653844801708564117,INSERT,oen,aify
1653844801708573044,INSERT,eiaft,ount
1653844801708582029,INSERT,uls,earty
1653844801708590946,INSERT,aueck,eicks
1653844801708599692,INSERT,uogs,orf
1653844802091911180,INSERT,auec,iady
1653844802092028752,INSERT,arm,aally
1653844802092051962,INSERT,eock,uept
1653844802092062306,INSERT,iult,iaonds
1653844802092071545,INSERT,aink,easp
1653844802092092330,INSERT,iict,oacs
1653844802092100803,INSERT,iaopt,oot
1653844802092109078,INSERT,unts,eoncy
1653844802092118091,INSERT,untly,aueght
1653844802092136964,INSERT,iux,aady
1653844802092146806,INSERT,arr,uegy
1653844802092155387,INSERT,iuntz,aurt
1653844802092172046,INSERT,iimp,eunds
1653844802092181074,INSERT,aands,uiev
1653844802092189849,INSERT,eord,oaft
1653844802092198917,INSERT,iaons,oeff
1653844802092210417,INSERT,oows,eing
1653844802092229036,INSERT,eos,auds
1653844802092237891,INSERT,eub,ieucks
1653844802092246534,INSERT,art,iaot
1653844802092254294,INSERT,euns,oorr
1653844802092262641,INSERT,aedy,oiady
1653844802092271038,INSERT,airr,aawn
1653844802092280068,INSERT,aueys,eaufy
1653844802092289322,INSERT,ioud,uied
1653844802092298270,INSERT,oiash,oecy
1653844802092325002,INSERT,aary,oarts
1653844802092334878,INSERT,aiarth,iints
1653844802092343674,INSERT,aials,iidy
1653844802092353145,INSERT,eogh,uerd
1653844802092362095,INSERT,oiack,auv
1653844802092371026,INSERT,aios,ott
1653844802092379881,INSERT,iuntz,uenk
1653844802092388576,INSERT,ids,aatts
1653844802092397694,INSERT,ils,ieudly
1653844802092406937,INSERT,aiafy,iard
1653844802092426526,INSERT,aintz,ien
1653844802092437155,INSERT,eng,oorts
1653844802092445678,INSERT,ait,oop
1653844802092454631,INSERT,ialls,iacts
1653844802092463404,INSERT,iund,uiers
1653844802092472227,INSERT,eurts,amp
1653844802092480814,INSERT,irts,oeh
1653844802092489732,INSERT,eentz,auents
1653844802092497894,INSERT,uoncy,eaurst
1653844802092505927,INSERT,oer,ut
1653844802092514277,INSERT,uty,ask
1653844802092522288,INSERT,iirm,uemp
1653844802092530138,INSERT,uieght,uecks
1653844802092539038,INSERT,aart,eurd
1653844802328512921,INSERT,ael,eiact
1653844802328594465,INSERT,oitch,iusch
1653844802328604529,INSERT,aung,aak
1653844802328610324,INSERT,ourds,iab
1653844802328615558,INSERT,iry,iift
1653844802328620682,INSERT,usk,oian
1653844802328625476,INSERT,ouy,ungs
1653844802328630310,INSERT,aech,eebly
1653844802328659640,INSERT,aitch,ousm
1653844802328691500,INSERT,eesh,ourg
1653844802328700008,INSERT,enn,oacts
1653844802328704898,INSERT,auerk,uentz
1653844802328709988,INSERT,iall,eidly
1653844802328723734,INSERT,eitz,awn
1653844802328728752,INSERT,iocks,uint
1653844802328733780,INSERT,uantz,aiand
1653844802328739164,INSERT,aatch,eiatt
1653844802328744440,INSERT,ean,eck
1653844802328749568,INSERT,eank,iidy
1653844802328754360,INSERT,oeth,uiems
1653844802328759201,INSERT,angly,ioll
1653844802328764097,INSERT,iol,aufy
1653844802328768815,INSERT,airly,aify
1653844802328773525,INSERT,eaurds,eaully
1653844802328778500,INSERT,eoll,uoys
1653844802328783620,INSERT,aews,oong
1653844802328796381,INSERT,ungly,iums
1653844802328802542,INSERT,aerty,iarr
1653844802328807270,INSERT,aioll,uodly
1653844802328812029,INSERT,oiss,aihn
1653844802328816796,INSERT,uem,or
1653844802328821455,INSERT,op,ard
1653844802328826030,INSERT,eaurf,iux
1653844802328831258,INSERT,ieubly,iaws
1653844802328835972,INSERT,iuft,iusts
1653844802328850385,INSERT,irds,ek
1653844802328862395,INSERT,aiagh,aiarm
1653844802328868628,INSERT,eaunts,aicy
1653844802328875912,INSERT,ops,aux
1653844802328880544,INSERT,eiat,eemp
1653844802328885079,INSERT,iogh,ord
1653844802328889654,INSERT,entz,oery
1653844802328905411,INSERT,iork,oact
1653844802328910425,INSERT,eock,aiasly
1653844802328915624,INSERT,oess,orf
1653844802328920255,INSERT,aar,oats
1653844802328925268,INSERT,auert,uiwn
1653844802328930174,INSERT,orts,eiss
1653844802328934853,INSERT,iuns,eals
1653844802328939424,INSERT,ieks,eiall
