1655668837271589832 0
1655668838273010279 0
1655668839274196701 0
1655668840275397567 0
1655668841276612456 0
1655668842277792135 0
1655668843279068737 0
1655668844280290182 0
1655668845281452530 1
1655668846282599704 56
1655668847283352280 80
1655668848284310349 76
1655668849285333049 78
1655668850286497480 78
1655668851287867854 76
1655668852289072207 80
1655668853290308510 74
1655668854291496767 80
1655668855292308834 77
1655668856293486674 76
1655668857294642284 79
1655668858295776067 76
1655668859297296774 80
1655668860298454717 74
1655668861299749818 80
1655668862300311772 75
1655668863301596018 76
1655668864302750240 80
1655668865303514790 77
1655668866304309996 79
1655668867305640972 78
1655668868306298636 77
1655668869307444069 75
1655668870308770508 78
1655668871310190107 80
1655668872311369834 78
1655668873312530661 77
1655668874313703917 79
1655668875314299614 80
1655668876315410049 72
1655668877316634448 79
1655668878317902805 79
1655668879318307005 77
1655668880319467646 72
1655668881320310187 79
1655668882321316184 80
1655668883322600161 75
1655668884323736379 79
1655668885324960514 80
1655668886326075920 72
1655668887327318476 79
1655668888328317743 77
1655668889329653761 79
1655668890330870207 78
1655668891331571732 76
1655668892332735674 79
1655668893334094818 80
1655668894335460184 77
1655668895336584786 75
1655668896337312449 79
1655668897338461875 77
1655668898340132897 77
1655668899341383387 80
1655668900342320772 77
1655668901343335114 74
1655668902344539012 78
1655668903345393350 79
1655668904346658772 77
1655668905347804903 79
1655668906348944078 74
1655668907349287947 79
1655668908350304707 77
1655668909351739777 77
1655668910352893161 78
1655668911353947713 80
1655668912354954032 74
1655668913356260342 74
1655668914357375483 80
1655668915358621401 79
1655668916359981134 79
1655668917361112473 76
1655668918362266808 75
1655668919363414127 79
1655668920364554887 77
1655668921365716781 80
1655668922366946133 79
1655668923368285580 75
1655668924368864522 78
1655668925370079069 78
1655668926371233642 79
1655668927372297703 78
1655668928373546457 74
1655668929374818489 76
1655668930375382609 78
1655668931376337717 76
1655668932377638456 77
1655668933378991880 79
1655668934380302022 76
1655668935381466130 67
