1655668989875337528 0
1655668990876539940 0
1655668991877308195 0
1655668992879036502 0
1655668993880164287 0
1655668994881057522 0
1655668995882193187 0
1655668996883317451 0
1655668997884474807 0
1655668998885635777 19
1655668999886799968 80
1655669000888056035 75
1655669001889193391 78
1655669002890331095 78
1655669003891462294 78
1655669004892284043 78
1655669005893394094 77
1655669006894295647 78
1655669007895286823 74
1655669008896403984 78
1655669009897621268 79
1655669010898734202 80
1655669011899296130 74
1655669012900556863 78
1655669013901671852 78
1655669014902297292 79
1655669015903500853 76
1655669016904302119 79
1655669017905543480 77
1655669018906288231 77
1655669019907402091 79
1655669020908301292 75
1655669021909328220 79
1655669022910305966 77
1655669023911344836 75
1655669024912484864 80
1655669025913739048 76
1655669026915040460 79
1655669027916194174 74
1655669028917429452 78
1655669029918579890 78
1655669030919809724 76
1655669031920296291 79
1655669032921508789 77
1655669033922767890 78
1655669034924051763 76
1655669035924333414 78
1655669036925330127 77
1655669037926607788 80
1655669038927748637 77
1655669039929005585 74
1655669040930283293 76
1655669041931305892 79
1655669042932446418 79
1655669043933323538 80
1655669044934300247 75
1655669045935305005 74
1655669046935781526 80
1655669047936989913 79
1655669048937281219 77
1655669049938513390 78
1655669050939301874 74
1655669051940302736 78
1655669052941066699 78
1655669053942297748 74
1655669054943473965 78
1655669055944299046 78
1655669056945309590 80
1655669057946300279 80
1655669058947679838 72
1655669059948790870 80
1655669060950053248 78
1655669061951285363 76
1655669062952295863 80
1655669063953326139 75
1655669064954305582 78
1655669065955495596 78
1655669066956766952 79
1655669067957897780 78
1655669068958365218 78
1655669069959319142 80
1655669070960305849 77
1655669071962065694 75
1655669072963312116 79
1655669073965011492 80
1655669074965295881 78
1655669075966413649 75
1655669076967341812 75
1655669077968599264 79
1655669078969867656 79
1655669079970358729 73
1655669080971499767 78
1655669081972291462 78
1655669082973413146 78
1655669083974806642 77
1655669084976016484 77
1655669085976311013 80
1655669086977293791 77
1655669087978504654 77
