1655696476691445190 0
1655696477692622302 0
1655696478693315387 0
1655696479694485415 0
1655696480695333285 0
1655696481696470610 0
1655696482697341914 0
1655696483698493817 0
1655696484699327878 0
1655696485700483238 41
1655696486701333073 89
1655696487702312791 79
1655696488703580832 85
1655696489704836749 90
1655696490706214192 89
1655696491707334548 86
1655696492708606507 86
1655696493709757207 89
1655696494710897730 84
1655696495711317861 89
1655696496712585215 89
1655696497713341893 89
1655696498714303659 83
1655696499715588340 86
1655696500716305345 90
1655696501717524162 88
1655696502718855007 88
1655696503720009095 85
1655696504721142381 90
1655696505722294983 84
1655696506722526896 90
1655696507723315440 88
1655696508724574691 87
1655696509725758696 87
1655696510726321421 88
1655696511727480654 88
1655696512728817133 88
1655696513729993114 84
1655696514731185793 89
1655696515732351388 86
1655696516733852277 89
1655696517734303083 86
1655696518735552372 87
1655696519736294161 89
1655696520737307865 89
1655696521738298771 84
1655696522739319684 88
1655696523740556733 88
1655696524741332350 87
1655696525742506105 88
1655696526743798150 83
1655696527744980679 89
1655696528745342856 89
1655696529746300418 88
1655696530747540954 88
1655696531749214988 84
1655696532750912306 89
1655696533751334074 88
1655696534752314217 89
1655696535753540701 83
1655696536754874666 88
1655696537756153039 88
1655696538757311247 90
1655696539758457475 88
1655696540760122433 85
1655696541760340113 87
1655696542761290494 89
1655696543766300866 87
1655696544767319479 90
1655696545768337696 84
1655696546769514915 85
1655696547770707579 89
1655696548772002160 86
1655696549773156846 89
1655696550774299142 88
1655696551775328735 87
1655696552776723659 82
1655696553777326989 90
1655696554778355208 88
1655696555779542789 85
1655696556780838302 90
1655696557782106768 86
1655696558783334228 87
1655696559784332581 85
1655696560785869008 87
1655696561787016893 88
1655696562788311563 90
1655696563789296705 85
1655696564790330075 87
1655696565791477524 86
1655696566791718006 90
1655696567792886672 84
1655696568793316536 90
1655696569794408852 88
1655696570795321052 86
1655696571796486210 85
1655696572797774087 86
1655696573798959698 89
