1655668225456693521 0
1655668226457875081 0
1655668227459031314 0
1655668228459367444 0
1655668229460538113 0
1655668230461713195 0
1655668231462932396 0
1655668232464120340 0
1655668233465338559 2
1655668234466609578 8
1655668235467807419 10
1655668236469002704 10
1655668237470184807 10
1655668238471394852 10
1655668239473058783 10
1655668240474216650 8
1655668241475399028 10
1655668242476582496 10
1655668243477755697 10
1655668244478938286 10
1655668245480129403 10
1655668246481323747 10
1655668247482345964 10
1655668248483517041 8
1655668249484619825 10
1655668250485427650 10
1655668251486328199 10
1655668252486551693 10
1655668253487327386 10
1655668254488581183 10
1655668255489742712 10
1655668256490892834 8
1655668257492053389 10
1655668258492672094 10
1655668259493306726 10
1655668260494467812 10
1655668261495625228 10
1655668262496799134 10
1655668263497931493 10
1655668264499087599 8
1655668265500269694 10
1655668266501405419 10
1655668267502630397 10
1655668268503797132 10
1655668269504962544 10
1655668270506125931 10
1655668271507306629 8
1655668272508439453 10
1655668273509595796 10
1655668274510333063 10
1655668275511503991 10
1655668276512659219 10
1655668277513779143 10
1655668278515078444 8
1655668279516524015 10
1655668280517680846 10
1655668281518840138 10
1655668282520005217 10
1655668283521175832 10
1655668284522342940 10
1655668285523485302 10
1655668286524334127 9
1655668287524626020 9
1655668288525764007 10
1655668289526382650 10
1655668290527562316 10
1655668291528729869 10
1655668292529967283 10
1655668293531121846 10
1655668294532308040 10
1655668295533460555 8
1655668296534638503 10
1655668297535816901 10
1655668298536977390 10
1655668299537950717 10
1655668300538346308 10
1655668301539516923 10
1655668302540298809 10
1655668303541454126 8
1655668304542629903 10
1655668305543723074 10
1655668306544910061 10
1655668307546384128 10
1655668308547329027 10
1655668309548453589 10
1655668310549305222 10
1655668311550314203 8
1655668312551700506 10
1655668313552847922 10
1655668314554003132 10
1655668315554337802 10
1655668316555488708 10
1655668317556642640 10
1655668318557016421 10
1655668319558086820 8
1655668320558545916 10
1655668321559728899 10
1655668322560893572 10
1655668323562067304 8
