1655693059075417132 0
1655693060076614922 0
1655693061077757418 0
1655693062078933061 0
1655693063080119671 0
1655693064080325739 0
1655693065081507631 0
1655693066082670168 0
1655693067083836321 0
1655693068084311351 58
1655693069085339622 107
1655693070086348780 107
1655693071087479764 104
1655693072088314162 109
1655693073089387603 104
1655693074090698527 105
1655693075091875645 108
1655693076092990539 106
1655693077093335304 108
1655693078094300264 104
1655693079095582823 106
1655693080096851960 110
1655693081097300928 108
1655693082098705061 102
1655693083100063762 104
1655693084101334375 110
1655693085102758297 108
1655693086104067048 105
1655693087104320926 106
1655693088105310920 103
1655693089106639834 108
1655693090107790315 108
1655693091108309790 105
1655693092109293063 107
1655693093110469784 102
1655693094111307668 110
1655693095112445223 105
1655693096113581500 108
1655693097114834020 104
1655693098116089273 106
1655693099117310369 110
1655693100118302547 101
1655693101119467590 107
1655693102120294296 104
1655693103121634663 108
1655693104122318425 107
1655693105123587807 105
1655693106124310783 107
1655693107126084836 103
1655693108127334496 110
1655693109128967785 107
1655693110129842458 103
1655693111130307022 105
1655693112131317479 108
1655693113132330000 108
1655693114133450823 98
1655693115134316014 107
1655693116135611644 110
1655693117136315526 103
1655693118137970995 110
1655693119139386516 107
1655693120140326093 106
1655693121141496284 106
1655693122142299329 108
1655693123143599503 103
1655693124144849826 108
1655693125145298859 104
1655693126146306752 108
1655693127147455089 107
1655693128148640357 107
1655693129150066181 110
1655693130151375937 101
1655693131152547773 109
1655693132153301388 106
1655693133154553471 105
1655693134155951790 105
1655693135157128292 109
1655693136158420435 103
1655693137159304422 110
1655693138160572495 102
1655693139161858328 110
1655693140163035475 104
1655693141164232151 104
1655693142165721600 107
1655693143166974522 109
1655693144167789916 109
1655693145169146377 103
1655693146170453353 109
1655693147171355005 106
1655693148172512264 109
1655693149173827607 102
1655693150175223554 108
1655693151176444796 106
1655693152177343611 107
1655693153178472260 109
1655693154179949066 103
1655693155180514789 102
1655693156181763425 110
