1655669754653725562 0
1655669755654916234 0
1655669756656060044 0
1655669757657319334 0
1655669758658467542 0
1655669759659621827 0
1655669760660771449 0
1655669761661888793 0
1655669762663048585 0
1655669763664327648 42
1655669764665505758 145
1655669765666742414 151
1655669766667321215 156
1655669767668745411 150
1655669768670150623 149
1655669769670312002 144
1655669770671466344 157
1655669771672723522 150
1655669772673974403 156
1655669773675469683 153
1655669774676298301 153
1655669775677306546 146
1655669776678710722 145
1655669777679313158 151
1655669778680511603 146
1655669779681725466 153
1655669780682304823 157
1655669781683589021 148
1655669782684338792 160
1655669783685805934 143
1655669784687304705 152
1655669785688311408 156
1655669786691355400 155
1655669787692460910 156
1655669788693365131 142
1655669789694522502 147
1655669790695506936 149
1655669791697277263 159
1655669792698319256 157
1655669793699320741 149
1655669794700478757 158
1655669795701324434 155
1655669796702579108 149
1655669797703375770 155
1655669798704320632 153
1655669799705550450 151
1655669800706301590 158
1655669801707312571 152
1655669802708303780 154
1655669803709332628 153
1655669804710497385 142
1655669805711653365 160
1655669806712899909 133
1655669807713660163 145
1655669808714300784 158
1655669809715291985 143
1655669810716305595 156
1655669811717523427 153
1655669812718318468 155
1655669813719454333 153
1655669814720678985 146
1655669815721914779 159
1655669816723313474 148
1655669817724299295 151
1655669818725411926 149
1655669819726638991 155
1655669820727303335 156
1655669821728305070 153
1655669822729319756 158
1655669823731119658 153
1655669824731312552 150
1655669825732323598 157
1655669826733591765 147
1655669827734709596 155
1655669828735286367 136
1655669829736413975 142
1655669830737641773 149
1655669831738765899 153
1655669832740021326 152
1655669833741327397 155
1655669834742339234 157
1655669835743459732 150
1655669836744319107 156
1655669837745322742 155
1655669838746448614 150
1655669839747309694 156
1655669840748299548 157
1655669841749447845 150
1655669842750344456 154
1655669843751490166 153
1655669844752326949 152
1655669845753464124 156
1655669846754597499 147
1655669847755317950 155
1655669848756598545 154
1655669849758105181 152
1655669850759307147 154
1655669851760311775 156
1655669852761328951 148
