1655668377767083442 0
1655668378768114749 0
1655668379769323487 0
1655668380770618113 0
1655668381771791581 0
1655668382773325528 0
1655668383775018592 0
1655668384776208692 0
1655668385777414200 1
1655668386778668537 20
1655668387780031604 20
1655668388781201340 19
1655668389782349950 20
1655668390783622416 20
1655668391784795332 17
1655668392786057246 20
1655668393787332718 20
1655668394788665104 20
1655668395789855991 20
1655668396791030170 20
1655668397792195707 16
1655668398793313074 20
1655668399794490908 20
1655668400795649738 20
1655668401796778684 20
1655668402798075646 17
1655668403799227449 20
1655668404800317850 20
1655668405801305840 19
1655668406802316595 20
1655668407803467594 20
1655668408804612578 18
1655668409805743744 20
1655668410806884375 19
1655668411808046298 20
1655668412808321552 20
1655668413809438143 20
1655668414810689092 19
1655668415811302494 18
1655668416812464451 20
1655668417813588587 20
1655668418814875615 19
1655668419816033242 20
1655668420817173464 20
1655668421818333165 20
1655668422819458940 17
1655668423820599512 20
1655668424821751941 20
1655668425822880508 20
1655668426824023400 20
1655668427824287635 19
1655668428825325021 17
1655668429826492226 20
1655668430828033673 20
1655668431829209119 20
1655668432830403658 20
1655668433831582420 20
1655668434832719208 18
1655668435833862846 19
1655668436835015190 20
1655668437836154636 19
1655668438837295528 20
1655668439837654974 20
1655668440838794824 20
1655668441843314069 18
1655668442844457483 20
1655668443845346074 19
1655668444846475746 20
1655668445847652131 19
1655668446848611011 20
1655668447849762637 20
1655668448850157392 20
1655668449851310798 18
1655668450852586392 20
1655668451853393408 20
1655668452854559626 19
1655668453855724847 20
1655668454856891896 19
1655668455857844745 20
1655668456858998123 20
1655668457859306421 18
1655668458860567586 20
1655668459861755897 20
1655668460862320791 19
1655668461863317804 20
1655668462864317014 20
1655668463865489772 19
1655668464866663863 20
1655668465867849724 18
1655668466869023322 20
1655668467870200064 20
1655668468871417277 20
1655668469872590468 19
1655668470873763346 20
1655668471874488392 19
1655668472874966163 18
1655668473876126585 20
1655668474877435109 20
1655668475878606790 16
1655668476879758224 0
