1655668531047414393 0
1655668532048613310 0
1655668533049786574 0
1655668534050941103 0
1655668535052101667 0
1655668536052816342 0
1655668537053965174 0
1655668538055115010 0
1655668539056287508 1
1655668540057447541 40
1655668541058908456 40
1655668542060065209 36
1655668543060487297 40
1655668544061764124 36
1655668545062930901 40
1655668546064342009 40
1655668547065479661 40
1655668548066632207 37
1655668549067282596 39
1655668550068455370 37
1655668551069634116 40
1655668552070811547 39
1655668553071970176 40
1655668554073119489 40
1655668555074303890 35
1655668556075323452 38
1655668557076484861 40
1655668558077373089 40
1655668559078554131 40
1655668560079729830 39
1655668561080305391 38
1655668562081313394 39
1655668563082315829 39
1655668564083461805 37
1655668565084598523 40
1655668566085741483 40
1655668567086893993 40
1655668568088041525 38
1655668569089198967 36
1655668570090391659 39
1655668571091677994 40
1655668572092858691 39
1655668573094123100 40
1655668574095269132 38
1655668575096581216 37
1655668576097723297 39
1655668577098902092 40
1655668578099322474 40
1655668579100490714 39
1655668580101656962 37
1655668581102920720 38
1655668582104059460 40
1655668583105349469 39
1655668584106476812 40
1655668585108134623 39
1655668586109411176 40
1655668587110339895 40
1655668588111615413 37
1655668589112893935 38
1655668590113993761 39
1655668591114314352 40
1655668592115449161 39
1655668593116702728 39
1655668594117339599 39
1655668595118337202 39
1655668596119456327 39
1655668597120622841 38
1655668598121883495 40
1655668599123047446 39
1655668600124193456 40
1655668601125478886 39
1655668602126588807 37
1655668603127732601 37
1655668604128888015 40
1655668605130292145 40
1655668606131427272 40
1655668607132592264 40
1655668608133731901 39
1655668609134847096 37
1655668610135973104 37
1655668611137141071 39
1655668612138303254 40
1655668613139454581 40
1655668614140702730 37
1655668615141871418 36
1655668616143049774 40
1655668617144214801 40
1655668618145314705 40
1655668619146547727 39
1655668620147349516 40
1655668621148294210 35
1655668622149457439 39
1655668623150299872 40
1655668624151451396 39
1655668625152614933 40
1655668626153768009 40
1655668627154376592 40
1655668628155633730 36
1655668629156926722 32
