1655672513047162788 0
1655672514048408356 0
1655672515049352486 0
1655672516050515468 0
1655672517051720105 0
1655672518052884941 0
1655672519054042943 0
1655672520055210842 0
1655672521056312328 0
1655672522057467159 34
1655672523058812223 68
1655672524059980710 72
1655672525061329076 77
1655672526062493594 69
1655672527063709167 70
1655672528064886038 67
1655672529066157677 54
1655672530067496927 76
1655672531068686306 69
1655672532069315284 76
1655672533070515134 73
1655672534071804468 74
1655672535073030533 73
1655672536073325212 78
1655672537074308722 73
1655672538075330938 72
1655672539076509536 70
1655672540077658646 67
1655672541078313113 74
1655672542079572610 72
1655672543080409646 75
1655672544081346344 70
1655672545082319242 74
1655672546083474270 72
1655672547084343409 73
1655672548085334202 77
1655672549086471554 76
1655672550087293176 75
1655672551088553888 72
1655672552089792296 80
1655672553091120623 74
1655672554092437113 78
1655672555093314235 76
1655672556094366367 76
1655672557095530832 74
1655672558096898988 73
1655672559097342854 74
1655672560098520433 74
1655672561099707352 79
1655672562100347956 70
1655672563101510443 74
1655672564102646307 76
1655672565104321770 74
1655672566105460779 74
1655672567106759316 74
1655672568107296086 75
1655672569108403780 76
1655672570109622483 69
1655672571110884992 76
1655672572111319553 75
1655672573112581140 69
1655672574113746710 74
1655672575114309281 73
1655672576115470821 75
1655672577116785206 74
1655672578117916791 76
1655672579118307102 69
1655672580119695482 71
1655672581121129168 76
1655672582122491457 72
1655672583123327745 74
1655672584124517513 73
1655672585125687057 72
1655672586126922480 76
1655672587128184667 72
1655672588129477325 74
1655672589130733794 76
1655672590132032693 74
1655672591133316744 71
1655672592134505655 78
1655672593136284300 76
1655672594137596859 73
1655672595138781706 73
1655672596139296479 75
1655672597140441493 71
1655672598141623153 69
1655672599142813226 70
1655672600143933946 77
1655672601145338921 67
1655672602146498739 72
1655672603147785402 72
1655672604149451825 55
1655672605150622749 64
1655672606151804151 50
1655672607153054365 69
1655672608154366114 72
1655672609155317819 74
1655672610156458741 71
1655672611157625049 75
