1655694591182720542 0
1655694592183927689 0
1655694593185118051 0
1655694594185348337 0
1655694595186525650 0
1655694596187723397 0
1655694597188314267 0
1655694598189487028 0
1655694599190657704 0
1655694600191770183 32
1655694601192932427 101
1655694602194339879 98
1655694603195629798 89
1655694604196805961 105
1655694605198288513 101
1655694606199306208 109
1655694607200466824 101
1655694608201964088 103
1655694609203105620 102
1655694610203306638 106
1655694611204323985 94
1655694612205432069 93
1655694613206313331 105
1655694614207486641 101
1655694615208307656 107
1655694616209470733 101
1655694617210305782 103
1655694618211315482 105
1655694619212978316 97
1655694620213310177 106
1655694621214432680 105
1655694622216130383 95
1655694623217307231 103
1655694624218467874 105
1655694625219289763 103
1655694626220453247 103
1655694627221619035 109
1655694628222892930 99
1655694629224175469 105
1655694630225437134 101
1655694631226304150 106
1655694632227527520 104
1655694633228313576 97
1655694634229374331 105
1655694635230298421 98
1655694636231339010 100
1655694637232499441 106
1655694638233797300 110
1655694639235090115 103
1655694640236319236 100
1655694641237678871 106
1655694642238313070 102
1655694643239322742 103
1655694644240483420 105
1655694645241326387 105
1655694646242308473 106
1655694647244188763 98
1655694648245310554 105
1655694649246545196 102
1655694650247695813 107
1655694651248327412 97
1655694652249489255 103
1655694653250316754 99
1655694654251312753 105
1655694655252316639 102
1655694656253306020 102
1655694657254464929 104
1655694658255777147 106
1655694659256331872 105
1655694660256591110 100
1655694661258202439 106
1655694662259378508 102
1655694663260332470 104
1655694664261327876 103
1655694665262332555 109
1655694666263348900 99
1655694667264365802 105
1655694668265313320 96
1655694669265797531 108
1655694670267296424 89
1655694671268509945 102
1655694672269682174 103
1655694673270331086 96
1655694674271552698 105
1655694675272334353 97
1655694676273588577 108
1655694677274345873 104
1655694678275827913 100
1655694679277414493 97
1655694680278693157 108
1655694681279339841 105
1655694682280683325 100
1655694683282282665 95
1655694684283304699 105
1655694685284606423 99
1655694686285849442 101
1655694687287525496 105
1655694688288343358 103
1655694689289336872 103
1655694690291003125 44
