1655672974482407262 0
1655672975483619324 0
1655672976484713827 0
1655672977485316377 0
1655672978486453827 0
1655672979487584964 0
1655672980488717428 0
1655672981489863162 0
1655672982491023680 0
1655672983492261082 6
1655672984493347005 84
1655672985494597008 116
1655672986495293849 109
1655672987496309676 108
1655672988497411647 113
1655672989498534105 109
1655672990499648558 106
1655672991501148552 112
1655672992501302437 109
1655672993502690869 115
1655672994503308583 106
1655672995504288948 118
1655672996505553795 109
1655672997506321762 109
1655672998507311213 115
1655672999508315997 108
1655673000509301741 104
1655673001510317682 106
1655673002511475656 114
1655673003512301305 117
1655673004513899746 108
1655673005515709948 115
1655673006516297512 110
1655673007517429239 106
1655673008518578860 106
1655673009519825614 94
1655673010520299253 111
1655673011521291592 118
1655673012522595024 106
1655673013523330119 108
1655673014524538204 113
1655673015525774918 107
1655673016526311703 104
1655673017528861868 114
1655673018530214865 111
1655673019530717146 81
1655673020531861700 112
1655673021532345991 103
1655673022533520823 110
1655673023534302758 110
1655673024535691698 108
1655673025536289026 113
1655673026537431049 113
1655673027538314070 111
1655673028539769006 112
1655673029541085089 114
1655673030541340659 107
1655673031542299974 118
1655673032543658371 106
1655673033544300534 107
1655673034545378684 112
1655673035546324679 113
1655673036547565273 116
1655673037548689847 106
1655673038549318961 113
1655673039550310796 109
1655673040551345511 120
1655673041552340139 109
1655673042553480613 111
1655673043554836719 99
1655673044556081953 99
1655673045557347495 108
1655673046558310768 107
1655673047559465265 114
1655673048560323098 117
1655673049561331622 112
1655673050562508306 110
1655673051563805377 115
1655673052564996007 114
1655673053566300312 109
1655673054567414985 110
1655673055568784340 113
1655673056569298341 110
1655673057570312830 109
1655673058571468404 110
1655673059572353571 117
1655673060573733842 113
1655673061575232911 107
1655673062576338574 113
1655673063577510572 110
1655673064578782378 114
1655673065580144483 108
1655673066581346376 114
1655673067582345492 112
1655673068583348249 114
1655673069584630099 109
1655673070585773785 112
1655673071587054207 113
1655673072588327797 113
