1655673282054310041 0
1655673283055500904 0
1655673284056314439 0
1655673285057481223 0
1655673286058661270 0
1655673287059822302 0
1655673288060983483 0
1655673289062156414 0
1655673290063300371 0
1655673291064587021 25
1655673292065749825 47
1655673293067079749 59
1655673294068341703 56
1655673295069635825 79
1655673296070789591 70
1655673297072055010 73
1655673298072313162 72
1655673299073475388 71
1655673300074475014 65
1655673301075315263 76
1655673302076450645 47
1655673303077834272 55
1655673304079350534 72
1655673305080376237 70
1655673306081313360 82
1655673307082649725 61
1655673308083822022 70
1655673309084981816 65
1655673310086140663 74
1655673311087486965 85
1655673312088775692 65
1655673313090129906 80
1655673314090294298 66
1655673315091451277 66
1655673316092287423 78
1655673317093450213 68
1655673318094437613 75
1655673319095323917 72
1655673320096311477 69
1655673321097749880 72
1655673322099122625 67
1655673323100307301 65
1655673324101323515 76
1655673325102314133 72
1655673326103359510 79
1655673327104675599 75
1655673328106037133 65
1655673329107207026 61
1655673330108448995 58
1655673331110123084 74
1655673332111472557 60
1655673333112668468 76
1655673334113856460 75
1655673335115172939 70
1655673336116455651 70
1655673337117328437 71
1655673338118616829 53
1655673339119781328 78
1655673340120303496 66
1655673341122024177 78
1655673342123196221 68
1655673343124405580 73
1655673344125594317 65
1655673345126763997 70
1655673346127901576 67
1655673347129166399 74
1655673348130490153 80
1655673349131310728 74
1655673350132488309 75
1655673351134181325 73
1655673352135470747 76
1655673353136609380 72
1655673354138003601 60
1655673355139337290 58
1655673356140455461 80
1655673357141490288 65
1655673358143207459 73
1655673359144490044 57
1655673360145762934 56
1655673361146918644 61
1655673362147314117 69
1655673363148642135 71
1655673364149984400 76
1655673365151174996 75
1655673366151383994 74
1655673367152322786 70
1655673368153468207 69
1655673369154643959 72
1655673370156039428 65
1655673371157383215 75
1655673372158311324 72
1655673373158845497 51
1655673374159992195 64
1655673375161274460 78
1655673376162715113 72
1655673377163980907 77
1655673378165438169 75
1655673379166621834 69
1655673380167784329 64
