1655673436090190170 0
1655673437091421664 0
1655673438092608165 0
1655673439093770415 0
1655673440094953316 0
1655673441096127742 0
1655673442097317987 0
1655673443098743547 0
1655673444099920684 0
1655673445101091651 0
1655673446102270859 0
1655673447103432988 0
1655673448104316198 0
1655673449105449975 6
1655673450106312784 92
1655673451107602182 138
1655673452108785741 139
1655673453110020909 138
1655673454111289766 138
1655673455112547713 143
1655673456113624497 133
1655673457114296095 87
1655673458115327560 101
1655673459116320378 141
1655673460117324912 122
1655673461118432821 100
1655673462119672856 128
1655673463120803697 125
1655673464121351653 123
1655673465122487747 115
1655673466123291209 138
1655673467124300848 141
1655673468125571291 111
1655673469126835105 133
1655673470128315634 124
1655673471129483052 114
1655673472130996943 127
1655673473132213486 122
1655673474133610277 123
1655673475134777554 109
1655673476136108239 125
1655673477137311126 140
1655673478138531724 113
1655673479139674777 133
1655673480140316230 128
1655673481141978851 126
1655673482143296204 137
1655673483144755808 139
1655673484146423845 68
1655673485147563885 133
1655673486148866864 141
1655673487149314152 139
1655673488150339637 125
1655673489151673050 121
1655673490152857251 116
1655673491153991541 146
1655673492155145004 131
1655673493156434672 90
1655673494157625502 92
1655673495158802031 130
1655673496159324700 95
1655673497160312177 68
1655673498161600224 123
1655673499162952493 69
1655673500163345518 104
1655673501164635162 123
1655673502165825297 123
1655673503166328704 122
1655673504167700268 104
1655673505168887782 109
1655673506170222235 85
1655673507171334222 83
1655673508172770117 110
1655673509173319455 70
1655673510174604441 120
1655673511175351605 115
1655673512176330537 114
1655673513177523615 112
1655673514178714103 123
1655673515179881062 127
1655673516181149807 124
1655673517181334271 123
1655673518183338443 118
1655673519185279041 98
1655673520186991165 80
1655673521188315504 114
1655673522189590361 126
1655673523190307939 122
1655673524191556800 111
1655673525192928472 119
1655673526193327750 119
1655673527194335555 125
1655673528195597496 124
1655673529196367839 128
1655673530197755319 111
1655673531199442777 81
1655673532200631089 112
1655673533201343060 118
1655673534202334546 117
1655673535203319617 115
1655673536204336656 117
1655673537205293335 110
1655673538206321234 120
1655673539207466752 102
