1655672051759456943 0
1655672052760652793 0
1655672053761802007 0
1655672054762726624 0
1655672055762954070 0
1655672056763205982 0
1655672057764379172 0
1655672058765502221 0
1655672059766637304 0
1655672060767321878 4
1655672061768304292 20
1655672062769464770 20
1655672063770596678 20
1655672064771733139 20
1655672065772888090 18
1655672066773315055 20
1655672067774456843 18
1655672068775589371 20
1655672069776746313 20
1655672070777307838 19
1655672071778057161 19
1655672072779228851 18
1655672073780413225 20
1655672074781612111 20
1655672075782784238 20
1655672076783952632 18
1655672077785105704 20
1655672078785313852 18
1655672079786366531 20
1655672080787853741 20
1655672081788948566 18
1655672082790211632 20
1655672083791307873 20
1655672084792476917 18
1655672085793663322 20
1655672086794691184 20
1655672087795369052 18
1655672088796329034 20
1655672089797513160 18
1655672090798672874 20
1655672091799830655 20
1655672092800993649 18
1655672093802174496 20
1655672094803333653 20
1655672095804508845 18
1655672096805324777 20
1655672097806369024 18
1655672098807541865 20
1655672099808735146 20
1655672100809899766 20
1655672101811043965 18
1655672102812202002 20
1655672103813392696 18
1655672104814541882 20
1655672105815087801 20
1655672106815353128 18
1655672107816502079 20
1655672108817305111 20
1655672109818441936 18
1655672110819754274 20
1655672111820899370 20
1655672112822066629 18
1655672113823290877 20
1655672114824330967 18
1655672115825546829 20
1655672116826700005 20
1655672117827844651 18
1655672118828317675 20
1655672119829467156 18
1655672120830752821 20
1655672121831336139 20
1655672122832306078 19
1655672123833390566 19
1655672124834506178 20
1655672125835334278 18
1655672126836501719 20
1655672127837642069 20
1655672128838308982 20
1655672129839462549 18
1655672130840617812 18
1655672131841334464 20
1655672132842522358 20
1655672133844319578 20
1655672134845467379 18
1655672135846354571 20
1655672136847486311 18
1655672137848646552 20
1655672138849794094 20
1655672139851172739 20
1655672140852449236 18
1655672141853315213 18
1655672142854495382 20
1655672143855667644 20
1655672144856827773 20
1655672145857980921 20
1655672146859112717 18
1655672147860297919 18
1655672148861426712 20
1655672149862579533 20
1655672150863749942 12
