1655672205483678342 0
1655672206484601489 0
1655672207485674022 0
1655672208486301116 0
1655672209486500434 0
1655672210487328050 0
1655672211488470743 0
1655672212490192742 0
1655672213491372062 0
1655672214492762139 19
1655672215493914010 38
1655672216495077501 40
1655672217496810657 37
1655672218498122408 40
1655672219499310194 40
1655672220500309363 36
1655672221501474114 36
1655672222502644535 40
1655672223503792093 40
1655672224504726392 34
1655672225506014344 39
1655672226507407712 40
1655672227508304591 37
1655672228509484033 38
1655672229510771067 40
1655672230511325106 39
1655672231512456471 39
1655672232513614291 36
1655672233514773345 40
1655672234515935978 40
1655672235517034392 38
1655672236518181406 38
1655672237519436313 36
1655672238520803147 40
1655672239521985886 40
1655672240522317441 40
1655672241523341081 37
1655672242524617391 37
1655672243525776165 40
1655672244526345357 39
1655672245527500954 39
1655672246528778495 38
1655672247530028585 39
1655672248531307501 38
1655672249532295698 39
1655672250533926625 40
1655672251534363462 36
1655672252535527883 40
1655672253536710980 37
1655672254538202485 36
1655672255539497623 40
1655672256540693357 40
1655672257541854153 36
1655672258543004256 37
1655672259544304787 40
1655672260546384500 39
1655672261548189205 39
1655672262549335009 34
1655672263550355370 40
1655672264551494090 40
1655672265552311557 37
1655672266553295195 36
1655672267554332290 39
1655672268555495326 40
1655672269556629836 40
1655672270557888548 37
1655672271559184372 38
1655672272560390047 38
1655672273561571681 40
1655672274562746936 39
1655672275563949253 38
1655672276565116538 39
1655672277565359930 36
1655672278566972669 40
1655672279568346098 40
1655672280569654793 37
1655672281571098826 37
1655672282572293508 40
1655672283573549857 38
1655672284574732704 37
1655672285575392493 40
1655672286576556786 38
1655672287577885286 40
1655672288579325951 39
1655672289580338906 38
1655672290581604314 37
1655672291582964310 40
1655672292584275779 38
1655672293585430505 40
1655672294586615169 37
1655672295587795488 38
1655672296588947739 40
1655672297590115565 37
1655672298591295243 40
1655672299592451188 37
1655672300593978356 38
1655672301594324992 40
1655672302595587235 37
1655672303596761498 37
1655672304597950970 12
