1655672359675093560 0
1655672360676338421 0
1655672361677335340 0
1655672362678630047 0
1655672363679807368 0
1655672364680947063 0
1655672365681327326 0
1655672366682493456 0
1655672367683675336 0
1655672368684849840 8
1655672369686017690 40
1655672370687441462 35
1655672371688965501 38
1655672372689510093 40
1655672373690320731 38
1655672374691361897 38
1655672375692512405 39
1655672376693328188 38
1655672377694509465 39
1655672378695352282 37
1655672379696500653 40
1655672380697316821 40
1655672381698583231 38
1655672382700384982 38
1655672383701523616 40
1655672384702683746 38
1655672385703815536 39
1655672386704937168 39
1655672387705296628 38
1655672388706311820 40
1655672389707306277 39
1655672390708314923 37
1655672391709322323 40
1655672392710286219 40
1655672393711446435 36
1655672394712329189 38
1655672395713460669 38
1655672396713678694 40
1655672397714848095 37
1655672398715312823 40
1655672399716480985 37
1655672400717325269 40
1655672401718478553 38
1655672402719969998 37
1655672403720289251 40
1655672404721442785 37
1655672405722602867 40
1655672406723869436 36
1655672407725049704 39
1655672408726235189 40
1655672409727317705 38
1655672410728785766 40
1655672411729941987 37
1655672412731106234 40
1655672413732448318 39
1655672414733305652 39
1655672415734313170 37
1655672416735564479 38
1655672417736753815 39
1655672418737933290 35
1655672419739098880 40
1655672420740294339 40
1655672421741397300 37
1655672422742557734 37
1655672423743701156 39
1655672424744859483 40
1655672425745382331 39
1655672426746158166 40
1655672427747404112 36
1655672428748831596 39
1655672429750000659 39
1655672430751167442 40
1655672431751394293 35
1655672432753116067 40
1655672433754310287 39
1655672434755451721 40
1655672435756626552 35
1655672436757793492 38
1655672437758969413 40
1655672438759385450 40
1655672439760539163 37
1655672440761718826 39
1655672441762921078 36
1655672442764231463 40
1655672443765417883 37
1655672444766589422 35
1655672445767775530 40
1655672446768936394 40
1655672447770318683 37
1655672448771616830 37
1655672449772304416 39
1655672450773097148 40
1655672451773330390 39
1655672452774696797 38
1655672453776159674 36
1655672454777336318 40
1655672455778510449 40
1655672456779699849 36
1655672457780992125 40
