1655698107268839737 154824957
1655698107478624214 4556178
1655698107684892110 3966190
1655698107890643355 3364181
1655698108096330343 3521163
1655698108302104604 3439720
1655698108508081806 3591679
1655698108713627340 3159431
1655698108921177785 3376301
1655698109130153510 4103359
1655698109340510286 4508728
1655698109551128891 5838858
1655698109761248402 5272849
1655698109974540285 7195359
1655698110187741423 6459370
1655698110400617157 6157051
1655698110617298583 9788403
1655698110834221265 9918475
1655698111045415569 5344828
1655698111256889271 6036565
1655698111473532394 9194999
1655698111690668280 11015237
1655698111896822175 3860904
1655698112102689651 3409322
1655698112308807619 3548757
1655698112514692367 3579990
1655698112721537956 3981432
1655698112927350737 3572843
1655698113133111269 3477780
1655698113339356153 3906857
1655698113545069114 3523617
1655698113751646812 3565722
1655698113957990511 3603798
1655698114165686758 5143965
1655698114372065864 4092639
1655698114578734299 4391193
1655698114787942347 5930431
1655698114996013921 5462189
1655698115204597843 5363219
1655698115414401454 5158176
1655698115622729785 4459056
1655698115830452663 3909809
1655698116038461286 4272686
1655698116246721701 4503674
1655698116454802858 4367785
1655698116666690603 4468515
1655698116876152097 5005593
1655698117087586224 5492112
1655698117296551858 4547872
1655698117507488353 4183101
1655698117716767547 3693030
1655698117926930749 3754201
1655698118136405056 3810710
1655698118345843676 3570883
1655698118555991583 3628003
1655698118767136365 4987413
1655698118978081925 4792953
1655698119188463042 5025255
1655698119397074125 4887716
1655698119606380942 5105860
1655698119828238754 14320730
1655698120041409302 7117612
1655698120250650261 5341534
1655698120463442285 8860478
1655698120681471307 15746683
1655698120900283851 4024855
1655698121111351381 2868558
1655698121320229481 4210207
1655698121529193795 3803742
1655698121738820351 4152112
1655698121949530806 3578795
1655698122158038599 6327436
1655698122368434074 4270613
1655698122581766475 6191280
1655698122791691684 6158611
1655698123005613955 6293873
1655698123215722354 5579946
1655698123421738508 3954415
1655698123627783589 3645859
1655698123833422179 3385316
1655698124039605247 3515652
1655698124245533112 3587800
1655698124451431150 3486669
1655698124657048681 3376857
1655698124862861049 3474910
1655698125069048626 3873692
1655698125275187135 3594432
1655698125481103380 3504742
1655698125686624620 3175887
1655698125892598833 3767124
1655698126103752950 5499903
1655698126318905714 7384695
1655698126534527085 9294421
1655698126749507367 6787547
1655698126961520591 5508999
1655698127172720392 7419040
1655698127384852777 8361934
1655698127597486998 8982233
1655698127809311078 9157977
1655698128019735551 7425181
1655698128228743354 6761617
1655698128435392264 3584830
1655698128643695152 3434210
1655698128851527205 4638533
1655698129057126604 3361179
1655698129262743151 3384675
1655698129468659168 3538460
1655698129677431525 4479771
1655698129883460816 3560475
1655698130089385680 3568362
1655698130295671569 3659704
1655698130501666109 3555611
1655698130707610627 3558130
1655698130914772596 4421981
1655698131120951699 3818470
1655698131326843187 3637297
1655698131532212488 3185566
1655698131740309053 4150777
1655698131956127759 4173911
1655698132167248431 4429416
1655698132384689466 4426269
1655698132598526132 4940646
1655698132810992241 4666026
1655698133025998999 4898665
1655698133236718305 4101520
1655698133446075675 5391270
1655698133656626258 7250745
1655698133866452548 7541558
1655698134083654873 14075493
1655698134292621946 5037597
1655698134503454016 7678943
1655698134714630506 5592797
1655698134925564187 5067190
1655698135136297311 4142892
1655698135344229985 3683684
1655698135554580981 3421283
1655698135762636915 4449185
1655698135975487717 8100617
1655698136185586484 6264358
1655698136395808331 5271513
1655698136603720506 3087507
1655698136810739449 3296546
1655698137019167947 3785874
1655698137251379742 11949206
1655698137470416711 12869505
1655698137689052778 11372059
1655698137911426380 7677469
1655698138128952483 13641386
1655698138343952232 9898483
1655698138565672538 11138779
1655698138782376048 14237924
1655698138996706308 9174096
1655698139202714868 3548688
1655698139408573341 3288221
1655698139614162059 3227355
1655698139819855682 3233767
1655698140026012415 3429024
1655698140231331214 3154361
1655698140440057389 4879538
1655698140654722070 4966015
1655698140866727752 5432272
1655698141078711105 5566727
1655698141294385911 9736333
1655698141506998893 6468669
1655698141719727725 8477524
1655698141935795496 10639411
1655698142153703064 9052361
1655698142369021193 7895225
1655698142582590860 7555061
1655698142796578670 7356951
1655698143010279755 8255757
1655698143232020160 14249511
1655698143452202107 14659291
1655698143658463254 4096055
1655698143864061039 3338169
1655698144069883933 3510726
1655698144275313469 3155571
1655698144480826223 3145961
1655698144686212836 3130119
1655698144892000665 3324603
1655698145097598614 3264444
1655698145303501218 3414235
1655698145509034593 3227215
1655698145714376486 3036224
1655698145920700933 2890899
1655698146136413085 5231088
1655698146358292215 9797268
1655698146577165470 4824686
1655698146795199288 6107717
1655698147009240931 9585294
1655698147227642187 8046597
1655698147444462715 6310517
1655698147662024105 11647940
1655698147879755986 9205557
1655698148093479274 9860074
1655698148301512793 4270335
1655698148510042918 4823378
1655698148718460100 3184051
1655698148924979534 3639774
1655698149133153568 3987757
1655698149339752837 3036558
1655698149547378818 4025450
1655698149754258363 3539253
1655698149962051427 3425964
1655698150168347721 3334233
1655698150379795089 3650373
1655698150589452349 4940100
1655698150796342158 3618788
1655698151011811044 8208144
1655698151220518301 2819102
1655698151426974085 3218667
1655698151633486355 3182622
1655698151840496571 3552350
1655698152046406142 3267137
1655698152253963430 3883790
1655698152461052574 3396996
1655698152668275624 3552321
1655698152875100641 3560830
1655698153081520245 3286345
1655698153290256312 3982614
1655698153510947448 14299460
1655698153717777570 3711931
1655698153925791430 3737134
1655698154133595269 3513996
1655698154341063417 3270769
1655698154547445121 3266013
1655698154754132830 3287985
1655698154961125318 3368420
1655698155170335724 5540916
1655698155380595584 4075628
1655698155590676796 3225870
1655698155800082467 3028220
1655698156009151289 4616353
1655698156217836908 5018845
1655698156426620307 4811149
1655698156637366041 4866165
1655698156846491921 5199713
1655698157057282852 4095655
1655698157267572050 3535082
1655698157476034524 4595257
1655698157688248618 9669124
1655698157901533363 10850649
1655698158115266393 8738139
1655698158328497754 5206488
1655698158542296347 8343319
1655698158755413786 5172808
1655698158974021216 12342467
1655698159187050039 9483590
1655698159403389797 11700495
1655698159617567860 10647060
1655698159831463226 5405906
1655698160040690204 4524960
1655698160249419855 4894090
1655698160460208897 5080694
1655698160670921433 6256495
1655698160883623123 3300483
1655698161092959854 3815910
1655698161301517713 4829015
1655698161510294832 4971663
1655698161719787928 4706136
1655698161938577123 13575399
1655698162148172614 6309873
1655698162357555291 4773261
1655698162566409952 5021347
1655698162781660795 11507019
1655698162993217692 3847145
1655698163206350125 9298707
1655698163415309506 6488098
1655698163622395952 4724920
1655698163828008605 3458973
1655698164034684239 4250399
1655698164240813942 3817064
1655698164449778161 6602512
1655698164657278646 4382487
1655698164865939451 4495809
1655698165077728343 4904130
1655698165286473015 4807692
1655698165494254122 3991311
1655698165714163828 4396274
1655698165920123583 3709013
1655698166126811516 4051136
1655698166338970445 9921144
1655698166544662568 3365520
1655698166750537777 3574589
1655698166956216874 3409071
1655698167161987304 3385581
1655698167368021925 3458459
1655698167573827095 3620677
1655698167779654691 3567658
1655698167985602398 3596523
1655698168191406326 3513968
1655698168398960216 4710533
1655698168606037117 4142941
1655698168813678941 5351629
1655698169019936093 4043924
1655698169228224211 5448973
1655698169435330908 3940361
1655698169644829706 4769178
1655698169856767858 8171076
1655698170066644597 7029466
1655698170280112012 9055974
1655698170493964315 10241214
1655698170705861015 8177900
1655698170919657401 9271702
1655698171129335145 4682172
1655698171342327393 9178444
1655698171554586548 8516524
1655698171769406583 10142196
1655698171988752774 14053238
1655698172197048789 4848031
1655698172403135696 3473033
1655698172609200621 3687679
1655698172814849740 3449428
1655698173020568455 3459073
1655698173228035928 3500079
1655698173433394219 3197370
1655698173641661897 4971647
1655698173847085169 3312197
1655698174052535455 3231484
1655698174257941679 3232282
1655698174463024873 2989244
1655698174668463641 3098390
1655698174873886516 3222271
1655698175080406714 3108690
1655698175294040705 6101930
1655698175509298612 5437854
1655698175721594791 6200787
1655698175937197845 5982322
1655698176152009229 6834402
1655698176366460403 8092120
1655698176586731098 6802237
1655698176800045540 6797270
1655698177016469127 9031377
1655698177229584578 5564147
1655698177441306714 5032263
1655698177653315713 5149101
1655698177866711636 5409075
1655698178104718727 11444346
1655698178327442236 7930457
1655698178548345886 9776219
1655698178766007583 7479882
1655698178986855525 11952722
1655698179207006433 9421657
1655698179427154363 4486981
1655698179640846423 6533990
1655698179854500190 7571011
1655698180069793715 4908706
1655698180287209322 14804640
1655698180508361997 15950551
1655698180723753396 11418101
1655698180929271450 3133088
1655698181134812049 3115742
1655698181340188434 3352976
1655698181545716448 3154157
1655698181751541983 3432746
1655698181957011104 3192934
1655698182162419834 3152337
1655698182368312555 3409615
1655698182574121736 3205124
1655698182780418777 3455701
1655698182985996826 3317802
1655698183193788765 5007598
1655698183401157449 3609019
1655698183607571362 3438733
1655698183815683258 4992789
1655698184023168456 4042535
1655698184230079311 3387276
1655698184437463778 3820271
1655698184649474646 6089976
1655698184866320466 10796050
1655698185079713914 10260474
1655698185285690410 3396609
1655698185491312070 3466546
1655698185699739492 4568512
1655698185905487613 3428985
1655698186111036604 3370937
1655698186316739843 3235325
1655698186522504832 3552538
1655698186728090088 3368232
1655698186933755455 3372444
1655698187139552184 3374083
1655698187345167454 3343139
1655698187551507506 3628155
1655698187756861547 3154426
1655698187962532232 3428196
1655698188168404929 3610105
1655698188374137676 3506183
1655698188580098415 3361476
1655698188785654079 3282705
1655698188993839877 4427038
1655698189205119832 3695799
1655698189415008046 4232307
1655698189628289825 5444178
1655698189840858529 4900722
1655698190052728203 5081429
1655698190265564772 4476088
1655698190482642682 6597756
1655698190697355729 10943363
1655698190905779956 4476043
1655698191118816598 9490187
1655698191324478553 3373261
1655698191530697860 3326439
1655698191736434874 3076844
1655698191948666784 6143941
1655698192177185265 17963204
1655698192393666473 10144995
1655698192608383647 12133952
1655698192818264212 7084929
1655698193023798143 3218029
1655698193230099292 3246372
1655698193435430040 3213621
1655698193640996861 3203510
1655698193848704806 4815365
1655698194053965985 3150626
1655698194259180838 3073135
1655698194464753687 3252269
1655698194670474083 3129794
1655698194881208252 3725110
1655698195092222544 4283254
1655698195302650243 5168914
1655698195513291344 8440516
1655698195724655747 8922332
1655698195943393997 13057554
1655698196155912802 8382236
1655698196370014116 10405425
1655698196581506887 4952037
1655698196791740543 4676677
1655698197002065885 6784735
