1655672521278697253 172515407
1655672521489556611 7248963
1655672521772983460 77269372
1655672521991192733 14957284
1655672522268684197 65673720
1655672522485933632 6644974
1655672522701639488 5481391
1655672522972939559 62383576
1655672523211006336 27191215
1655672523426584394 11850144
1655672523643094079 10316614
1655672523862277334 6211851
1655672524085308087 8004790
1655672524307798793 18902994
1655672524576589670 4230231
1655672524784921621 3735806
1655672524992054066 3431181
1655672525199785757 3984498
1655672525408113471 4175109
1655672525672235598 57179519
1655672525878541112 3332296
1655672526084256430 3412382
1655672526293566800 5818062
1655672526512247538 9977769
1655672526774601551 51390422
1655672526989120605 4085579
1655672527201655724 5922787
1655672527470682187 64878143
1655672527695723919 8039821
1655672528071147916 78427864
1655672528294183118 7601949
1655672528589734062 5754981
1655672528893648716 25451711
1655672529168607156 65259666
1655672529383399236 8972950
1655672529596030569 5052878
1655672529816078605 12983612
1655672530030914061 12091467
1655672530248812016 14461027
1655672530470012494 16421662
1655672530691527950 7459293
1655672530910269558 8421367
1655672531125549963 6142409
1655672531377389394 5443913
1655672531592517287 3942313
1655672531807109267 6591916
1655672532023327630 6256757
1655672532238982940 4851991
1655672532470902642 19115751
1655672532689549179 6470596
1655672532968120005 71726344
1655672533179969388 9282860
1655672533385582797 3320440
1655672533591594423 3534362
1655672533798151109 3359740
1655672534004677314 2887936
1655672534219578120 4683510
1655672534438649624 3665162
1655672534653521268 5515713
1655672534871412001 3847659
1655672535088678636 7055949
1655672535305554018 12290614
1655672535521456344 7812907
1655672535739444935 9865929
1655672535968733384 18250026
1655672536176790123 4247254
1655672536387492848 6872270
1655672536603146514 7698609
1655672536822263488 7841830
1655672537073797119 47370709
1655672537291625482 11402293
1655672537511273270 15934940
1655672537724776816 7889227
1655672537940128447 11433258
1655672538145852962 3414338
1655672538351356715 3280432
1655672538580623621 7198557
1655672538813465620 29613900
1655672539070101774 39823616
1655672539288405630 12340178
1655672539503040998 6460619
1655672539771351900 60750739
1655672540070693148 83022618
1655672540288487071 13206350
1655672540502531479 10261564
1655672540710937763 3995970
1655672540917951898 4447269
1655672541129015040 5950706
1655672541336532814 5300261
1655672541541907881 3180127
1655672541747350558 3183707
1655672541952502696 3083392
1655672542182670956 6335871
1655672542397258590 6916590
1655672542610487228 7114009
1655672542871419724 44672106
1655672543086825344 8542824
1655672543303366647 8767653
1655672543569678011 60276574
1655672543779108303 4706535
1655672543988755860 6506887
1655672544198744766 4741166
1655672544472725163 69915819
1655672544690417355 6472112
1655672544908541460 9486559
1655672545122146722 4664534
1655672545369721869 41946424
1655672545589204978 14740173
1655672545807409381 6043624
1655672546027477358 14858113
1655672546249625688 6298130
1655672546466117266 12760638
1655672546685774370 12353116
1655672546909392166 12885449
1655672547131364368 12006223
1655672547370466665 27237054
1655672547577023539 3314479
1655672547784062840 3456839
1655672547996918629 6814504
1655672548209820166 3984598
1655672548415688500 3445925
1655672548625824350 3345881
1655672548831409617 3331152
1655672549036978831 3204285
1655672549243524923 3743102
1655672549449027216 3116729
1655672549654236463 3050663
1655672549875698778 4772560
1655672550084993548 4898901
1655672550293734610 4830104
1655672550503144547 5190383
1655672550712453465 6415975
1655672550922270714 4785909
1655672551132288016 5295841
1655672551341160325 4204019
1655672551550611206 5425243
1655672551760721155 7128016
1655672551970693550 5273399
1655672552179510776 4415847
1655672552389016250 4822809
1655672552597554587 4824918
1655672552806704295 4580926
1655672553018102417 3624847
1655672553230530933 4937909
1655672553440590601 3441532
1655672553647811317 3923433
1655672553856097638 5151616
1655672554062129885 3915776
1655672554278734462 7271727
1655672554490172335 4486654
1655672554699179876 5151872
1655672554909008587 6393938
1655672555119340214 6359668
1655672555328863103 5303452
1655672555546724837 11655126
1655672555785583647 4741332
1655672555996171103 3366850
1655672556205457642 5385486
1655672556413704392 4564888
1655672556622773438 6543548
1655672556832472691 7372118
1655672557040717566 4634332
1655672557246329764 3386495
1655672557479162801 7860688
1655672557704857048 15443008
1655672557925456166 9463286
1655672558148451012 18155168
1655672558362862476 10472153
1655672558580656989 13220473
1655672558803302843 9873142
1655672559021748610 11315072
1655672559241617771 15336380
1655672559469777247 24382359
1655672559688211709 6930691
1655672559907461918 9737916
1655672560126166321 14938373
1655672560345197928 8347376
1655672560557723058 8411423
1655672560764304610 3361936
1655672560973580058 3048833
1655672561179690716 3236169
1655672561385512349 3256346
1655672561591348277 3220960
1655672561796991320 3485911
1655672562005298382 4728685
1655672562214625982 4517183
1655672562481195242 62820066
1655672562698805015 4423482
1655672562915143227 5072454
1655672563134829995 15577912
1655672563378106281 7435018
1655672563588728701 6338924
1655672563797621853 4496011
1655672564008575038 6281882
1655672564217269008 4918226
1655672564428437435 6183221
1655672564637052751 4834074
1655672564869168238 26552302
1655672565083554393 5503820
1655672565299927367 12450490
1655672565522625949 12009050
1655672565738379703 7751570
1655672565953723793 11117334
1655672566166820640 5857274
1655672566383783674 9425015
1655672566600330914 5294152
1655672566814404815 6681170
1655672567032583108 11469498
1655672567249605920 6570509
1655672567466597552 12405495
1655672567688708681 7560921
1655672567904054493 4861974
1655672568120154421 4595051
1655672568370027470 37760489
1655672568578420983 4298312
1655672568785015997 3730325
1655672568992127708 3190115
1655672569204633554 5493011
1655672569476779207 59337674
1655672569709531329 5251899
1655672569924369016 6091657
1655672570141026454 8844427
1655672570355087258 4453930
1655672570571844885 5460281
1655672570785821005 6872689
1655672570998323076 3772373
1655672571208564545 3285512
1655672571473286216 4306463
1655672571682249722 5020957
1655672571893436015 7135044
1655672572107498732 5636000
1655672572319491909 5342804
1655672572581317024 58125853
1655672572869747015 73682762
1655672573091022381 5884893
1655672573309764104 10439063
1655672573528642925 10188532
1655672573746400738 5353148
1655672573960674656 5161973
1655672574176720397 11479185
1655672574393587725 11160266
1655672574611220864 6072674
1655672574826527742 8473109
1655672575069629983 36899799
1655672575275713754 3329544
1655672575481191213 3467941
1655672575686761978 3298727
1655672575892569932 3412800
1655672576098214637 3299081
1655672576303555375 3213803
1655672576509282406 3246048
1655672576716490834 3572935
1655672576929559659 8990286
1655672577147096232 13746115
1655672577370436460 19366841
1655672577590781850 7346130
1655672577812666125 7486693
1655672578078059114 60979470
1655672578298351287 4298294
1655672578568592000 58667722
1655672578777389994 4692987
1655672578985418788 4202645
1655672579192736383 3358505
1655672579400461566 3442269
1655672579607389084 3472178
1655672579869610553 58790833
1655672580076747683 4446541
1655672580284187476 4786138
1655672580491158693 3906745
1655672580700589478 5477623
1655672580913607062 4962511
1655672581127624724 3618960
1655672581339208985 3654028
1655672581573697606 27539947
1655672581785377138 5716572
1655672581995376048 6070050
1655672582207251562 7641981
1655672582415906742 4654019
1655672582692686457 19694347
1655672582910050790 13274684
1655672583116233576 3225477
1655672583374357974 5343986
1655672583580905445 4155197
1655672583786824998 3487430
1655672583992592257 3501767
1655672584198043125 3260309
1655672584404675354 3040380
1655672584670538611 61991006
1655672584885677620 8442910
1655672585100550672 7270462
1655672585313837532 7396097
1655672585526646957 5097784
1655672585768456093 34370044
1655672585977540410 5061464
1655672586186458397 4983444
1655672586398098657 8997973
1655672586608413990 3638684
1655672586872027416 58489784
1655672587081580151 5059025
1655672587291070596 6783425
1655672587512717738 18437889
1655672587718775929 3831543
1655672587924658131 3414425
1655672588130846095 3815738
1655672588336664196 3364624
1655672588542407961 3509206
1655672588748033726 3317506
1655672588953327155 3136304
1655672589175073540 4716569
1655672589386225414 8237457
1655672589598617937 5519463
1655672589817275319 7417314
1655672590036663395 7317213
1655672590270578815 22304759
1655672590492357148 10595520
1655672590711857607 13283545
1655672590928818925 10733941
1655672591147711938 5556057
1655672591372404012 14229971
1655672591584458849 5159826
1655672591796257387 5152820
1655672592008857699 8255638
1655672592222036663 8652932
1655672592471405826 44557032
1655672592685459399 7441628
1655672592896842736 7459383
1655672593111864347 11405799
1655672593369136101 52623261
1655672593587004681 8402441
1655672593800790021 9993932
1655672594018214189 14160124
1655672594234126735 5088934
1655672594445297329 7611060
1655672594650985614 3445694
1655672594856670130 3459035
1655672595073194729 3863335
1655672595281126768 4164081
1655672595486659467 3262939
1655672595692910369 4130388
1655672595904842765 7400099
1655672596115319174 8290234
1655672596376970632 57715995
1655672596591143425 10603760
1655672596806227569 5382745
1655672597084154635 70662216
1655672597294527332 6972083
1655672597509260425 7794205
1655672597772618164 56374359
1655672597988559046 5086900
1655672598200458486 4824771
1655672598471580313 60973314
1655672598681193707 5343046
1655672598890829874 5418335
1655672599104200316 9340172
1655672599313041959 4838700
1655672599521666470 6077600
1655672599727468514 3664952
1655672599933093782 3072011
1655672600139525368 2750800
1655672600381437158 7147059
1655672600669048032 71597548
1655672600881150173 7573707
1655672601094742633 6807841
1655672601309179075 5203523
1655672601523081657 7453238
1655672601740625440 10788237
1655672601960389383 11176770
1655672602180197825 5609433
1655672602398596957 7285082
1655672602668057202 63722357
1655672602878000720 5309154
1655672603085465273 3444343
1655672603292531838 3739192
1655672603583292727 10063130
1655672603885187962 84067772
1655672604181682518 6391850
1655672604468717965 80178963
1655672604681371014 10478971
1655672604890745017 6491221
1655672605100854495 7770017
1655672605388410333 11601657
1655672605684345270 6064559
1655672605981965832 79650688
1655672606203200042 14830641
1655672606418345505 7106255
1655672606671502624 42753724
1655672606883753661 5410297
1655672607102590924 4696298
1655672607311683074 5160552
1655672607569954789 53915107
1655672607780704661 6784852
1655672607990467457 5004601
1655672608199836174 6381410
1655672608409959385 7458612
1655672608618804292 5562050
1655672608830186279 6401103
1655672609044535915 8167611
1655672609286090695 7479397
1655672609579142244 79866959
1655672609794120873 4957974
1655672610012475718 6307887
1655672610230343756 15622338
1655672610484352559 12253579
1655672610692720774 4605287
1655672610902546625 4556724
