1655696322998585601 128610661
1655696323269204838 63906953
1655696323484773702 9690290
1655696323691210886 4116428
1655696323897022569 3522343
1655696324102570947 3457272
1655696324308633573 3604093
1655696324514623548 3395646
1655696324720668789 3622258
1655696324926697076 3655835
1655696325132399108 3418365
1655696325338089466 3407042
1655696325543778971 3419212
1655696325749728813 3495867
1655696325955490239 3468559
1655696326161181681 3352415
1655696326367171424 3582635
1655696326572862288 3478541
1655696326779637450 4366198
1655696326985621630 3713172
1655696327191654229 3636989
1655696327397547303 3493480
1655696327604114024 3259717
1655696327812472508 4642157
1655696328031603919 6378507
1655696328248070949 8864141
1655696328466485407 6999117
1655696328680314677 5033813
1655696328897588713 6459511
1655696329110347120 9247179
1655696329324671943 11152134
1655696329544814644 12436407
1655696329765672688 8363631
1655696329984530254 4535233
1655696330199816944 5701928
1655696330411260789 5215804
1655696330624479286 3794865
1655696330838081838 8848383
1655696331049225162 3774546
1655696331261149636 4614800
1655696331471616682 3264441
1655696331682482163 4897704
1655696331894732824 5165904
1655696332110844884 5191222
1655696332327084776 6583105
1655696332541065267 5336692
1655696332753590896 8247678
1655696332969859951 8529633
1655696333208352997 27766505
1655696333413676430 3191667
1655696333619513350 3120842
1655696333826733532 3563910
1655696334034721176 4713849
1655696334244419443 7281839
1655696334469520326 16118890
1655696334688047910 4351613
1655696334903461245 5380799
1655696335117374622 10016722
1655696335328715634 5266387
1655696335536389027 4275987
1655696335743117390 4281441
1655696335948574186 2958245
1655696336158166422 5312646
1655696336373649165 6038960
1655696336588968378 4793926
1655696336802605225 4704960
1655696337020178008 4431295
1655696337243383805 8825899
1655696337452594480 4222926
1655696337661123500 4215754
1655696337869292442 4464947
1655696338081619789 7381277
1655696338291674514 5832686
1655696338500956514 4630827
1655696338710176780 5033278
1655696338918566855 4426258
1655696339128276293 6130627
1655696339338287662 5030556
1655696339547279131 5083398
1655696339757477140 4842916
1655696339974580755 4516731
1655696340192318086 7891227
1655696340407421820 8569673
1655696340622990664 6435642
1655696340841534220 8201180
1655696341060669369 11185614
1655696341284163822 15379564
1655696341511800978 13037050
1655696341723688799 7834131
1655696341929384993 3436164
1655696342134923110 3270625
1655696342340838097 3585076
1655696342546252457 3145308
1655696342751635053 3125810
1655696342957147937 3316687
1655696343162649011 3147254
1655696343371400275 4766325
1655696343582068709 4741519
1655696343798039843 5341741
1655696344018258719 8422479
1655696344234139843 7398390
1655696344449691003 10113366
1655696344663759221 9699615
1655696344878307908 9625159
1655696345089710372 7491538
1655696345312003933 14677587
1655696345523760017 8033380
1655696345729659931 2919437
1655696345936040257 3965417
1655696346145382049 5140997
1655696346364709208 8932067
1655696346587952138 13206523
1655696346806115051 6746998
1655696347028665902 5068183
1655696347245161263 12731848
1655696347463646017 7881004
1655696347691615558 14431706
1655696347899644851 3192813
1655696348108041955 4685052
1655696348319966936 7470552
1655696348540237803 12479505
1655696348755061418 7423222
1655696348967664745 4176666
1655696349183484493 8097456
1655696349395472488 8210019
1655696349610060757 7709413
1655696349823566290 6251098
1655696350036540125 4751735
1655696350249552502 3905789
1655696350459372711 4684379
1655696350665578120 3145496
1655696350871826336 3416717
1655696351077756279 3142601
1655696351284045044 3248561
1655696351490399371 3191117
1655696351707568296 3323441
1655696351923536294 9068822
1655696352145948953 15837452
1655696352366411370 16758400
1655696352589915097 15168954
1655696352806084880 12777642
1655696353024723043 6614235
1655696353234755159 4708277
1655696353444598808 4779379
1655696353658396370 8009506
1655696353872724739 8156934
1655696354087182882 9275596
1655696354300150953 6009563
1655696354515493042 8099454
1655696354730981749 11485154
1655696354947467803 13359681
1655696355166124188 7982660
1655696355387710947 6497608
1655696355607442425 7883016
1655696355823439897 7634843
1655696356038676173 6473873
1655696356250334986 7966668
1655696356463144640 9934005
1655696356675743325 7963545
1655696356893269316 14421645
1655696357124779397 27573563
1655696357332470933 4418378
1655696357539656866 4299486
1655696357747689248 4979151
1655696357955512721 4286009
1655696358163677724 4937143
1655696358371710907 4478519
1655696358579171309 5369911
1655696358788384939 5242383
1655696358998551976 7763430
1655696359206361272 5566335
1655696359412066369 3469063
1655696359617963834 3268709
1655696359823501573 3112724
1655696360030161342 3303776
1655696360236279006 2972715
1655696360443689982 3629310
1655696360653275771 3541453
1655696360861996327 4819075
1655696361074075813 8152215
1655696361285673232 7895666
1655696361495327133 5176712
1655696361706210338 6782157
1655696361917049596 8413039
1655696362130921594 10580513
1655696362346503931 6507527
1655696362556492817 6052389
1655696362767105002 7481279
1655696362984279461 11658478
1655696363197809528 10229830
1655696363406970214 5929260
1655696363614554765 5233964
1655696363820567692 3862719
1655696364027698075 4894389
1655696364235057696 4490912
1655696364444239106 6485468
1655696364651731024 4532755
1655696364861208981 3699472
1655696365069590935 3916854
1655696365282849653 5648417
1655696365497822969 8506156
1655696365712756234 8421128
1655696365932550912 10215925
1655696366172189242 32084427
1655696366389576050 11183656
1655696366604202084 7798436
1655696366815767249 5565088
1655696367029978359 8250236
1655696367246543880 10151450
1655696367462650873 10917116
1655696367674427682 8018992
1655696367889045634 12402704
1655696368102256770 4828777
1655696368313728014 5306539
1655696368526803094 4193932
1655696368739453902 7167979
1655696368952239999 5926976
1655696369165186385 4501042
1655696369378065128 5242607
1655696369591074234 4595306
1655696369803405289 4832079
1655696370017679714 10049243
1655696370235558283 11185185
1655696370449681947 11011968
1655696370664691556 10496161
1655696370879971255 11486234
1655696371089812668 7299616
1655696371295356350 3217451
1655696371502379396 3583928
1655696371721716684 15126546
1655696371952683731 21300212
1655696372187233947 21714777
1655696372419741822 9050519
1655696372642220409 6014779
1655696372860452118 5376719
1655696373079970230 13403365
1655696373296541308 7024406
1655696373529203751 15178892
1655696373736996583 4470597
1655696373948126738 3694242
1655696374156258111 3888127
1655696374365562156 4349375
1655696374578952390 5141949
1655696374790532253 5849694
1655696374999931247 7154686
1655696375205723187 3336750
1655696375412194051 3906697
1655696375621037880 4326566
1655696375846860654 11519223
1655696376080591524 19227734
1655696376321249440 21767608
1655696376558767056 18570807
1655696376796675971 13538865
1655696377032131362 14598389
1655696377250612880 6506789
1655696377475004399 12023452
1655696377692029285 5342663
1655696377907589014 5748718
1655696378129160314 8345758
1655696378341580209 7165706
1655696378553528593 4006457
1655696378767283244 10607322
1655696378981658174 4432002
1655696379192944148 8129764
1655696379398774517 3512121
1655696379610712471 3355490
1655696379816793596 3583254
1655696380022630355 3651830
1655696380228354092 3425273
1655696380434556248 3588435
1655696380648735382 6803725
1655696380865997088 5928027
1655696381085180858 6945081
1655696381302759868 7680018
1655696381518496735 8984767
1655696381739752199 14360599
1655696381978422261 29913971
1655696382209962012 9284473
1655696382429658927 6848189
1655696382652652201 11453802
1655696382866558269 9844938
1655696383088584847 10828355
1655696383302376043 4285134
1655696383514459878 4998098
1655696383726523974 5484687
1655696383938625971 6564149
1655696384153621295 7078957
1655696384367337811 6051640
1655696384580672429 9615588
1655696384793836263 3555197
1655696385004756709 2920301
1655696385213022102 3572000
1655696385423305438 3542176
1655696385633559466 3966498
1655696385842498071 5186518
1655696386055608027 5646017
1655696386269389395 6657733
1655696386481662374 6509595
1655696386695504075 6016900
1655696386909157870 6115168
1655696387122566049 4971272
1655696387335228587 3592220
1655696387547984094 4872949
1655696387757040141 3195749
1655696387976413131 12211564
1655696388207778528 4663848
1655696388425497308 12396031
1655696388645386754 7184429
1655696388870417009 7156111
1655696389091204174 3942409
1655696389308461161 6636909
1655696389525556496 4386102
1655696389748587969 6275744
1655696389966316454 3951210
1655696390187129450 7201940
1655696390403390061 8210889
1655696390620228488 13210627
1655696390838504329 7535976
1655696391059706848 9618210
1655696391280737267 13526897
1655696391498744594 14669280
1655696391714708531 9762352
1655696391920787078 3806398
1655696392126333693 3331794
1655696392332151254 3508445
1655696392538275895 3653066
1655696392743709392 3131439
1655696392949558656 3162651
1655696393155140498 3175684
1655696393360653178 3161914
1655696393566771791 3099873
1655696393774201443 4033122
1655696393986201484 5718334
1655696394199130838 4172837
1655696394412420781 3486486
1655696394623813521 4381331
1655696394839440181 11124253
1655696395058115517 7823974
1655696395277684888 10613742
1655696395508839791 16490159
1655696395747312021 16258908
1655696395960430835 6092578
1655696396167902895 3563505
1655696396374567221 3799340
1655696396582424336 4260967
1655696396790160332 4043068
1655696396997799843 3727040
1655696397210822789 6782867
1655696397419145346 3745740
1655696397627762514 3567168
1655696397836600395 4375710
1655696398046689419 4038776
1655696398256262711 3680412
1655696398466169079 4583513
1655696398676441714 4247488
1655696398886969644 3797852
1655696399095746899 4364040
1655696399306045817 3941687
1655696399517363764 5271344
1655696399728804587 5785159
1655696399940814460 5850164
1655696400153606630 7692983
1655696400366641371 7983697
1655696400575796364 6371779
1655696400781898044 3815853
1655696400990384853 4091090
1655696401214051091 15831329
1655696401430020039 9993897
1655696401661379989 16351387
1655696401891557056 4346123
1655696402109172286 4387625
1655696402332973064 11336079
1655696402554740857 5083202
1655696402779519449 11037522
1655696402999094850 3605411
1655696403238033243 5786246
1655696403451821790 4658177
1655696403678747283 7577860
1655696403896786658 9759770
1655696404112755418 9644791
1655696404327095996 10839827
1655696404532744382 3377920
1655696404738616245 3507098
1655696404944232099 3443068
1655696405149735419 3264298
1655696405355382640 3294746
1655696405567302092 4903314
1655696405782703473 11377371
1655696405989738707 3962472
1655696406196825188 4197282
1655696406405699558 6027015
1655696406614432786 4338594
1655696406822425863 4429062
1655696407029616009 4260570
1655696407238485962 5539265
1655696407446497239 4449083
1655696407654172301 4059446
1655696407862450736 4552216
1655696408071159624 5118801
1655696408280342724 3784639
1655696408490183498 5066086
1655696408698464354 4646156
1655696408911099032 4898825
1655696409121303086 3672241
1655696409330231699 3587196
1655696409539505779 3710955
1655696409749644571 4690090
1655696409960658782 6981168
1655696410176541558 7215361
1655696410390988291 11550223
1655696410597444576 3824979
1655696410805668128 5326349
1655696411013394132 4876979
1655696411223593198 4447679
1655696411435695473 6426050
1655696411653437634 4927400
1655696411867581369 8069663
1655696412079826263 5313049
1655696412292744961 9352426
1655696412504944381 9362027
1655696412716799055 9468221
