1655671906890824477 17494005
1655671907099586364 4982895
1655671907307037083 3664101
1655671907514462735 3247289
1655671907722287485 3907637
1655671907929708037 3575184
1655671908138224642 4537646
1655671908346356725 3961295
1655671908553735684 3744029
1655671908761285815 3210461
1655671908968810121 3710514
1655671909176207196 3944917
1655671909383222408 3356251
1655671909589855448 3239237
1655671909797423516 3900553
1655671910005419377 4110967
1655671910215523538 3539020
1655671910421172260 3020488
1655671910627086539 3494117
1655671910833468654 3290917
1655671911039865870 3468369
1655671911247425634 3844687
1655671911458935908 4205792
1655671911669562757 6307567
1655671911878706923 5711028
1655671912087666591 6709410
1655671912296578532 6534594
1655671912504601975 4850224
1655671912712566628 4788184
1655671912921159443 6320463
1655671913128446231 4494393
1655671913335852463 4459841
1655671913542864867 4363087
1655671913750489357 4977058
1655671913957977216 4309996
1655671914166186707 5515286
1655671914374464116 4167417
1655671914582719066 4553142
1655671914791093308 4537128
1655671914998807701 4170676
1655671915205922337 4812872
1655671915413404727 4578390
1655671915622707468 4809702
1655671915830769160 4295177
1655671916038423488 3963147
1655671916245843046 3556562
1655671916453655760 4042662
1655671916661768828 3765817
1655671916869496693 3976436
1655671917077667991 4171349
1655671917286529633 4593089
1655671917494205819 3980711
1655671917713279641 13504431
1655671917920790885 3486173
1655671918128404369 3355946
1655671918336460326 4188082
1655671918543792241 3474223
1655671918751707354 4156003
1655671918958954089 4387557
1655671919166850038 5096207
1655671919374710022 4409072
1655671919582335307 4244136
1655671919790285575 4427845
1655671919997769579 4241679
1655671920204852575 4687151
1655671920411737190 4460520
1655671920618829289 4555092
1655671920826213825 4923156
1655671921033956331 4494171
1655671921241730596 5311316
1655671921449784058 4586461
1655671921656604589 4628107
1655671921863824445 4393893
1655671922071145219 4924048
1655671922277193758 3782839
1655671922483408839 3786315
1655671922689506994 3956420
1655671922896750641 5083259
1655671923103075187 4189658
1655671923310908401 4941655
1655671923520712559 6372076
1655671923729379641 5619538
1655671923936562672 4487144
1655671924144668946 4991092
1655671924353864276 6593692
1655671924561178029 4482938
1655671924769056393 4727310
1655671924981290537 8781119
1655671925188724515 3767270
1655671925398169877 4438023
1655671925606084809 4045297
1655671925813640310 3774786
1655671926022543237 3951701
1655671926230704954 2861527
1655671926436172022 3422333
1655671926643949700 4543438
1655671926852249589 5903617
1655671927059997283 5236964
1655671927267350562 4500109
1655671927475227107 4661691
1655671927683494855 4208280
1655671927891581508 4397028
1655671928099513799 4784054
1655671928309824908 4582009
1655671928517292442 3584694
1655671928723514530 3316951
1655671928930417824 3598049
1655671929137454460 3722956
1655671929344242093 3299026
1655671929552343836 4096489
1655671929760819347 4470590
1655671929969941879 4521251
1655671930177944070 3839469
1655671930385998796 3814007
1655671930594115777 3795023
1655671930801544068 3815551
1655671931008446389 3382854
1655671931216378861 4244241
1655671931424896019 3398857
1655671931631185205 3284168
1655671931843944277 9302084
1655671932049398411 3239132
1655671932254431864 2860851
1655671932459543888 2888303
1655671932665110480 3157940
1655671932870853999 3139311
1655671933077284890 3369927
1655671933283624408 3171889
1655671933492274065 4946075
1655671933700191262 4503708
1655671933906800657 4343194
1655671934113170489 4100208
1655671934321612067 5578641
1655671934529145110 5281590
1655671934735972105 4358741
1655671934943651247 5148357
1655671935150856608 4450472
1655671935358566837 5325451
1655671935566555773 4812219
1655671935775296545 5707108
1655671935983226669 4201384
1655671936191214049 3902737
1655671936399265859 3963445
1655671936606113016 3361259
1655671936812996357 3277573
1655671937020030423 3394276
1655671937226529044 3346234
1655671937433117137 3395988
1655671937640527990 3093950
1655671937846988586 3594103
1655671938053694276 3617980
1655671938259735732 3178209
1655671938466413255 3603980
1655671938676831350 6136581
1655671938883844643 4533330
1655671939091904324 4152576
1655671939301094098 3123182
1655671939507135626 3132448
1655671939713371529 3528791
1655671939921065057 3743680
1655671940129949549 3687157
1655671940338269528 4959794
1655671940545061549 3473758
1655671940751934062 3461210
1655671940958644160 3358215
1655671941166813282 4413202
1655671941374618006 4027380
1655671941582351243 3376527
1655671941789179181 3536969
1655671941996253566 3830904
1655671942205381723 5666755
1655671942413074764 3903516
1655671942620688268 3850306
1655671942828474387 4127700
1655671943036568975 4167597
1655671943244772941 3783943
1655671943452137820 3580429
1655671943658588600 3035589
1655671943864556669 3185412
1655671944072406539 3417154
1655671944278150811 3142567
1655671944483819386 3385470
1655671944690764751 3242690
1655671944896827403 3531687
1655671945103690164 3558938
1655671945310437240 3150988
1655671945516816884 3044395
1655671945722839979 2992878
1655671945929122272 3077815
1655671946134997956 2997130
1655671946344928250 3345132
1655671946551502902 3388855
1655671946758082776 3273405
1655671946965090164 3542176
1655671947172011017 3421613
1655671947378514461 3150460
1655671947584598469 3473238
1655671947792608451 4274350
1655671948000512858 4123883
1655671948208259984 4050563
1655671948415710827 3710869
1655671948623391605 3890611
1655671948831523382 4091381
1655671949039479485 4174227
1655671949247155774 4007252
1655671949454496234 3468371
1655671949661779889 3620396
1655671949869266137 3164819
1655671950077030641 3291139
1655671950284834437 3702501
1655671950492532748 3956307
1655671950700487380 4132623
1655671950909059142 3777940
1655671951117603170 3528214
1655671951326690393 3685114
1655671951534700941 4176246
1655671951743406439 2975712
1655671951949483616 3804382
1655671952157390899 3107292
1655671952364807023 5197056
1655671952576272694 8649474
1655671952785156119 5668075
1655671952993496940 6244933
1655671953205772080 5253646
1655671953413656338 3929313
1655671953622654258 4287237
1655671953831602976 4800358
1655671954038514233 4717106
1655671954246014086 5115314
1655671954453773895 4730401
1655671954661692494 4466621
1655671954869954839 4591563
1655671955077379228 4436569
1655671955286004090 5556355
1655671955493402337 5051165
1655671955701590742 4493817
1655671955909420197 5535593
1655671956118375351 5660618
1655671956326442288 4298188
1655671956534756694 4396543
1655671956742672965 3487427
1655671956950641220 3985971
1655671957158543891 3392227
1655671957365659180 3359994
1655671957573545161 4096188
1655671957781257741 3760251
1655671957989298815 4278323
1655671958196671779 3209168
1655671958404555438 3785394
1655671958611184681 3524164
1655671958817653630 3108602
1655671959024013852 3174792
1655671959230066532 3451947
1655671959436935501 3729105
1655671959644071503 3660097
1655671959851111986 3264811
1655671960057317355 3257147
1655671960263499859 3138899
1655671960469574614 3287527
1655671960676090973 3382406
1655671960883021949 3569959
1655671961092096542 4988235
1655671961299699151 3929033
1655671961507764974 4360643
1655671961715359558 3962251
1655671961923198954 3815311
1655671962131069704 4234200
1655671962338831827 3691820
1655671962546801020 3680297
1655671962753434043 3409731
1655671962960110829 3576926
1655671963166371432 3296648
1655671963373636747 3459614
1655671963581409126 3522877
1655671963788209610 3512538
1655671963994952146 3441261
1655671964202228114 3447907
1655671964408952412 3482584
1655671964615785458 3770301
1655671964822834268 3365859
1655671965030191700 3392740
1655671965236751513 3374153
1655671965443435894 3443837
1655671965650215928 3515655
1655671965856512359 4101294
1655671966065328645 6574377
1655671966276446037 6159647
1655671966484302493 3812575
1655671966693540325 3949891
1655671966899778408 3116680
1655671967106190786 3153668
1655671967312010253 3237475
1655671967518748855 3701214
1655671967724511813 3327588
1655671967931696766 3613726
1655671968139045227 3250069
1655671968346588549 3964725
1655671968554181930 3827701
1655671968761348695 3517091
1655671968968692358 4280117
1655671969176791290 4979370
1655671969383741862 4484650
1655671969592289341 5715055
1655671969799750015 4481620
1655671970007916424 4652288
1655671970215099975 4561378
1655671970421622826 4239463
1655671970629632884 4638566
1655671970836406471 4636154
1655671971043924629 5075009
1655671971251212045 5040953
1655671971461681118 8401713
1655671971669213606 4263133
1655671971879703908 5868327
1655671972088421394 5720364
1655671972296095440 4821426
1655671972503862303 4711433
1655671972711504491 4317152
1655671972920403040 4287978
1655671973126392127 3812180
1655671973333251166 4625866
1655671973539495089 3883082
1655671973746073232 4398409
1655671973952265927 3990862
1655671974159071486 4649228
1655671974364965633 3723187
1655671974570999113 3843648
1655671974778899062 5588029
1655671974986717060 5289678
1655671975194855790 5113390
1655671975401856211 4557658
1655671975608991735 4778658
1655671975816510025 4688953
1655671976023691203 4718346
1655671976231226487 4396552
1655671976438796986 4320100
1655671976646258493 4296870
1655671976853047060 4570253
1655671977059559886 4271980
1655671977270655726 8473486
1655671977480050388 5028526
1655671977687783439 3597225
1655671977895552013 3523379
1655671978102707675 3891036
1655671978311128508 3117945
1655671978517338642 3126184
1655671978723293151 3104595
1655671978929226658 3265256
1655671979136015459 3418114
1655671979343682173 4861664
1655671979551052976 3709928
1655671979758530548 3788889
1655671979966298546 4042024
1655671980178346421 7496800
1655671980384508039 3426064
1655671980590794367 3352744
1655671980797812933 3329507
1655671981005741826 3423395
1655671981213396662 3851279
1655671981421399366 4064162
1655671981628736329 4417866
1655671981835928847 4823619
1655671982043766848 5629978
1655671982250791616 4822038
1655671982458030798 4958500
1655671982665350844 4450127
1655671982872805150 4682732
1655671983081627621 4823335
1655671983289310782 4367947
1655671983501673364 3530580
1655671983708726166 3506583
1655671983917176013 4042387
1655671984123612303 3109964
1655671984331362423 3938505
1655671984537850175 3133654
1655671984745281963 3579151
1655671984952325843 3138819
1655671985160141771 4469400
1655671985367530818 4713121
1655671985574000124 4484190
1655671985780997601 4855615
1655671985987952918 4523239
1655671986195844957 5127608
1655671986403699203 4582539
1655671986611301890 4878614
1655671986818996523 4970246
1655671987026019324 4675550
1655671987233602403 5268033
1655671987441060291 4435060
1655671987648629807 5098291
1655671987856920407 5248308
1655671988064785462 5262437
1655671988272411842 4346384
1655671988480666430 4724083
1655671988688197310 4272275
1655671988896050719 4684082
1655671989103549644 4418325
1655671989310010847 4312597
1655671989517916964 5682608
1655671989725415619 4321970
1655671989932847137 4410001
1655671990140312439 4869572
1655671990347679929 4500609
1655671990554991072 5156885
1655671990762410934 4681701
1655671990970012653 4560581
1655671991178325663 4294217
1655671991385827168 4721724
1655671991593539248 4332125
1655671991801725131 4150161
1655671992009452433 4240854
1655671992216763653 4235360
1655671992424356741 4192120
1655671992632456185 4811581
1655671992840532256 5763998
1655671993048494596 5431758
1655671993255571087 4453181
1655671993464065813 5425125
1655671993674058829 7602408
1655671993881631211 4835017
1655671994089693515 5010428
1655671994297743105 5640553
1655671994504772854 4459486
1655671994712293048 4725788
1655671994920513256 4954580
1655671995129673422 4265797
1655671995337398425 3317979
1655671995545270377 4051740
1655671995753739854 4543542
1655671995961705112 4154911
1655671996169694820 4304939
1655671996377953222 3883734
1655671996586076753 3838960
1655671996793355244 3753942
