1655694599683724230 282943701
1655694599903855593 3497896
1655694600117635760 5246093
1655694600328372071 5608330
1655694600583158609 6856178
1655694600804759804 11583317
1655694601022540836 8181863
1655694601238557680 10270192
1655694601446284363 4105205
1655694601653307721 4835852
1655694601863633211 4634686
1655694602087689396 13616696
1655694602310634768 16398410
1655694602534814725 17624893
1655694602765375398 25949769
1655694602998600161 7612295
1655694603228556257 19577474
1655694603441491447 10217967
1655694603655279569 9783732
1655694603867745933 9335712
1655694604086674360 7396551
1655694604299757793 10041828
1655694604512173939 9001497
1655694604721436526 4423215
1655694604929738761 4898521
1655694605135532775 3163318
1655694605340936831 3097018
1655694605547220395 4050583
1655694605752248085 2833274
1655694605963451060 5349347
1655694606181180805 8256678
1655694606410557245 23049459
1655694606642681740 15664408
1655694606874304847 18367868
1655694607096234825 4651436
1655694607315008225 5716169
1655694607530411174 4816092
1655694607744903751 9830463
1655694607962576269 11518251
1655694608175577350 7067961
1655694608385558593 6263156
1655694608591218873 3407760
1655694608796648123 3279685
1655694609002523605 3410716
1655694609208188570 3301330
1655694609413673823 2918365
1655694609623962980 6315608
1655694609837379642 5446583
1655694610051591902 8169131
1655694610279426706 21256830
1655694610500856321 13530225
1655694610780416638 43385834
1655694610991207576 7105786
1655694611198175188 4113163
1655694611406190102 5074349
1655694611613523442 4159474
1655694611825887428 8537891
1655694612034862056 4813991
1655694612242747723 5451773
1655694612449769465 3996470
1655694612661020280 5096129
1655694612886190767 12563343
1655694613109693545 8841389
1655694613341050334 7721250
1655694613548071109 4523100
1655694613754077866 3404255
1655694613960239013 3225487
1655694614165697276 3129510
1655694614371496226 3276792
1655694614577664897 3823065
1655694614783462452 3669199
1655694614989067910 3303061
1655694615198593202 4696402
1655694615413497718 9792182
1655694615630608242 14796018
1655694615845684681 4498847
1655694616069664309 12699992
1655694616291729768 8659318
1655694616510146806 5078794
1655694616722162230 4365499
1655694616941674536 9496925
1655694617160287578 15038893
1655694617373825454 10991995
1655694617584016088 3997363
1655694617791776938 5554547
1655694618000060953 5653270
1655694618208611391 3073184
1655694618429237053 9745725
1655694618651613669 12317565
1655694618900783117 35382086
1655694619169638044 43689025
1655694619379198677 5301922
1655694619587114311 5016928
1655694619794529927 4354940
1655694620001852075 4263389
1655694620217184214 10604037
1655694620463130335 24084376
1655694620679342467 10317838
1655694620909975976 17299786
1655694621133051283 10005407
1655694621355579783 10387812
1655694621574681506 12508929
1655694621792173717 7477807
1655694622007392281 4245549
1655694622232110802 12301659
1655694622450589245 6026339
1655694622662816930 4088282
1655694622875910285 5061036
1655694623087275473 5086713
1655694623299587490 5849311
1655694623514323377 4908013
1655694623728219773 6665361
1655694623943061335 4020940
1655694624154698602 3763850
1655694624366538518 4999277
1655694624574500152 3649798
1655694624789846799 6322809
1655694625018631951 12948688
1655694625237735192 9580460
1655694625458470273 9855472
1655694625674625441 9124256
1655694625887846043 10145085
1655694626101265823 9139251
1655694626307272885 3349595
1655694626513318229 3334468
1655694626718788382 3088263
1655694626924363984 3201079
1655694627129745425 3100067
1655694627335485202 2941339
1655694627549125283 7400548
1655694627767215662 14507799
1655694627982173706 4503017
1655694628196441100 9953831
1655694628410847817 10732454
1655694628624167390 9165940
1655694628834921427 7644122
1655694629042740739 5342434
1655694629248160621 3419931
1655694629454509358 3686825
1655694629659827154 3002245
1655694629865182448 3132281
1655694630073667516 6211324
1655694630280281286 3525456
1655694630489525398 5076956
1655694630695644467 3194453
1655694630900946168 3151237
1655694631108406222 2953525
1655694631320351984 3943533
1655694631533633333 7515573
1655694631758114787 9821144
1655694631983347045 8902427
1655694632200629192 11397857
1655694632420673432 9833349
1655694632640149776 7807661
1655694632858631279 5934920
1655694633088429236 11199030
1655694633308493309 10034580
1655694633522483988 7868943
1655694633729730350 4952619
1655694633935790048 3549840
1655694634149408131 7844860
1655694634357666324 4868864
1655694634570022262 5305533
1655694634793389610 13165988
1655694635025237908 16015381
1655694635235224247 4441539
1655694635443776293 4502934
1655694635652651262 4720635
1655694635861819323 6280401
1655694636075346272 10709016
1655694636291216728 5509099
1655694636505373554 5811317
1655694636719301944 4071188
1655694636932025113 6368764
1655694637144771167 5719929
1655694637356125786 4926734
1655694637568018494 3627427
1655694637783226859 10802670
1655694637996425778 5534167
1655694638211055288 11392421
1655694638425845633 10529646
1655694638641715203 8050161
1655694638852744067 6287490
1655694639061852202 6257660
1655694639270543525 4981200
1655694639477692044 4235658
1655694639684833492 4942205
1655694639892260325 4620096
1655694640100287225 4961140
1655694640309601641 4822111
1655694640522461561 4919506
1655694640729533635 2908612
1655694640943286045 6322395
1655694641162080234 5986993
1655694641379479245 7820898
1655694641603313408 8227436
1655694641819376293 7192368
1655694642033218154 4022784
1655694642246583467 8861188
1655694642460417119 9604459
1655694642674088607 11332458
1655694642884774898 3801097
1655694643094109371 5406605
1655694643307102512 6034702
1655694643522118197 10051893
1655694643734780044 3561316
1655694643945141926 4057200
1655694644161107468 5578759
1655694644391694436 18304869
1655694644603710139 8768581
1655694644812071344 4783043
1655694645024805265 5612609
1655694645237583076 5040154
1655694645450544168 4460202
1655694645663220817 4264997
1655694645877570882 6149715
1655694646090969937 9567509
1655694646302820115 8221383
1655694646514742846 5226978
1655694646726739508 5335310
1655694646939216182 8689099
1655694647179562130 36464509
1655694647392529172 8963607
1655694647601928030 6741083
1655694647808169055 3715081
1655694648013768431 3140365
1655694648219397751 3290970
1655694648424971238 3242922
1655694648630485298 3172840
1655694648839700590 4359905
1655694649045756512 2819963
1655694649254004299 3920239
1655694649467127147 3908226
1655694649682064934 8759267
1655694649890190494 4547853
1655694650098625985 4604856
1655694650307457070 4534753
1655694650517740587 7401649
1655694650730285370 5856457
1655694650944813957 4707258
1655694651158722594 3762748
1655694651371642107 5056020
1655694651583530213 8468788
1655694651794246603 7064694
1655694652010625903 11795405
1655694652218854127 4631647
1655694652426491636 4099779
1655694652634549798 4433467
1655694652843151627 3951471
1655694653049845116 4110114
1655694653263494613 7170582
1655694653478351607 7769204
1655694653703226872 12890412
1655694653913941547 3918216
1655694654125047318 3227813
1655694654336407453 5230107
1655694654552066188 4435318
1655694654768174373 8036844
1655694654990189607 7962734
1655694655211721649 10695543
1655694655424366708 7170884
1655694655636396105 4647794
1655694655848553555 5509069
1655694656060650251 6468131
1655694656275119739 7098805
1655694656487418794 5082234
1655694656701589245 5049772
1655694656913741242 8659186
1655694657126414896 8814085
1655694657340927497 9594677
1655694657554103324 6924363
1655694657766841515 7070327
1655694657981848657 7458361
1655694658190351338 5278422
1655694658399685078 7024755
1655694658609750265 6627650
1655694658819748005 7189131
1655694659026602735 3938170
1655694659231768860 3030458
1655694659438439906 2723172
1655694659653153830 8643497
1655694659867915029 8283643
1655694660090823883 16289617
1655694660301034589 5068422
1655694660510781246 7305649
1655694660721578777 8315993
1655694660930409948 4992579
1655694661141365928 4682294
1655694661351465305 4068464
1655694661563733711 5187887
1655694661778565259 6279975
1655694661991473215 4486311
1655694662205068640 11297507
1655694662410821321 3244415
1655694662616962068 3301949
1655694662822670754 3397183
1655694663028162493 3225259
1655694663234234635 3603387
1655694663439741995 3243229
1655694663645191736 3132534
1655694663850507970 3031251
1655694664062607565 7566368
1655694664284147317 17694315
1655694664503357649 14956725
1655694664724799296 11573138
1655694664949609796 16239678
1655694665175606043 9277714
1655694665396561700 10132837
1655694665612536646 8201266
1655694665829633222 7340589
1655694666045745227 8458022
1655694666259768271 5348522
1655694666473047722 7976013
1655694666685678182 6892252
1655694666900621479 10732056
1655694667113344531 6167617
1655694667324567552 4394279
1655694667536709665 4512787
1655694667753122141 12669587
1655694667968304514 8870448
1655694668184241585 6242463
1655694668398065443 9844785
1655694668609997771 3919102
1655694668823378700 5410904
1655694669036146752 5582440
1655694669254865155 8260138
1655694669469580195 4846910
1655694669687428824 8597563
1655694669906486192 5940338
1655694670127276576 14842479
1655694670341813906 7208662
1655694670554467250 8828871
1655694670767564538 9285239
1655694670979704454 9786687
1655694671192517873 9713311
1655694671407434561 10645441
1655694671620281891 4786743
1655694671833090781 4908283
1655694672040991536 4277723
1655694672246968772 3809042
1655694672456779345 6859711
1655694672670788929 9189895
1655694672893461232 14271992
1655694673101727239 3516781
1655694673308090510 2988261
1655694673515996640 3811820
1655694673731683915 6699889
1655694673955060631 8025918
1655694674181218326 17081064
1655694674417218774 25049632
1655694674631645868 8856377
1655694674854315838 15183185
1655694675087276755 23874149
1655694675305731140 7494297
1655694675524164060 3975516
1655694675739551748 6490105
1655694675956058557 5821226
1655694676169689634 8425901
1655694676384027312 9750867
1655694676599973050 13508849
1655694676815754585 11869169
1655694677035454245 8893559
1655694677254663124 6038805
1655694677463505165 4689456
1655694677676099957 4396502
1655694677888621052 3991639
1655694678100330315 4305766
1655694678314010900 7508826
1655694678526246544 5275687
1655694678740183145 5333189
1655694678955592502 5327150
1655694679169668032 7342522
1655694679389660142 11712568
1655694679605103487 6404119
1655694679818833133 5493897
1655694680031783670 6507099
1655694680244472861 5363599
1655694680457150630 4522430
1655694680676376983 8123023
1655694680889544580 9383026
1655694681100434890 3282621
1655694681309599429 4665364
1655694681572471769 4434458
1655694681786742281 4947614
1655694682002993195 6822387
1655694682246758775 13092718
1655694682476431249 26987956
1655694682692708966 12800338
1655694682915712840 17447446
1655694683137628492 18862037
1655694683378147823 4063886
1655694683590014331 7969019
1655694683803455254 10432491
1655694684016406490 5518801
1655694684282767499 13499225
1655694684501597839 11488030
1655694684727692521 12583756
1655694684943934627 10399775
1655694685149695906 3428651
1655694685355833577 3575171
1655694685561510653 3306378
1655694685767005392 3284598
1655694685974849735 4557976
1655694686180454208 3396115
1655694686386023024 3268491
1655694686596540814 5126555
1655694686828994735 18732994
1655694687050385829 7076709
1655694687271174336 10529618
1655694687490737121 5391457
1655694687714517086 6461698
1655694687929565028 6311026
1655694688136103921 3559751
1655694688342242528 3495945
1655694688548603157 3313829
1655694688755817643 3029234
1655694688962767147 3452964
1655694689175840093 4611508
1655694689396742491 10459699
