1655672983889765842 259152311
1655672984186191313 4127186
1655672984391598940 2934902
1655672984597665309 2955481
1655672984805476203 3963447
1655672985020189726 4873560
1655672985240629994 4855211
1655672985482680782 36672652
1655672985733633148 39379571
1655672985963210474 18952097
1655672986193508093 5544403
1655672986415051036 3993050
1655672986629921455 6377210
1655672986845573500 8989096
1655672987066232636 10766016
1655672987281509920 7194630
1655672987536172281 31008763
1655672987755208794 10240916
1655672987969619375 10477124
1655672988187076098 12370481
1655672988406053970 11546771
1655672988623549789 8395168
1655672988854446572 6183974
1655672989067195535 4947259
1655672989294633364 21024213
1655672989523282975 20965390
1655672989747696100 16451784
1655672989978653736 8170129
1655672990198672273 13297539
1655672990414086609 11153218
1655672990626476602 9099234
1655672990839642569 9689895
1655672991051858626 9904527
1655672991265090342 9369895
1655672991481132782 12683114
1655672991689276419 4227780
1655672991899213830 3945415
1655672992108069098 4058879
1655672992317489275 5608857
1655672992529439587 9698895
1655672992737722212 4522121
1655672992952391379 7738009
1655672993171652467 12109791
1655672993387669736 9448215
1655672993598700302 8466170
1655672993805752840 3357316
1655672994012487905 3185571
1655672994219291049 3256149
1655672994426457354 3471282
1655672994633189568 3413885
1655672994840149049 3323437
1655672995047089520 3073323
1655672995254073553 3268830
1655672995472805469 3419043
1655672995680441091 4219630
1655672995901367220 10881705
1655672996130743908 15055940
1655672996354147707 4486172
1655672996571199765 9680995
1655672996788163458 4614459
1655672997004565149 10738770
1655672997246463862 19936914
1655672997465702318 10087457
1655672997688245220 12824789
1655672997900962529 5332059
1655672998114276350 3759414
1655672998327135428 5726969
1655672998541404579 5070183
1655672998753706222 8388231
1655672998987479240 18419133
1655672999209001807 12011965
1655672999444471444 20725259
1655672999682023526 18931899
1655672999904104873 16029266
1655673000116926097 10206338
1655673000326399741 3464567
1655673000532125384 3372356
1655673000738101384 3377163
1655673000943985443 3286827
1655673001149419468 3193959
1655673001354864280 2889327
1655673001563754372 3509572
1655673001773898636 5223259
1655673001985162509 5117192
1655673002197532012 5391550
1655673002410809309 6548904
1655673002623027986 6604817
1655673002838180541 8951061
1655673003054969534 7565116
1655673003275433426 11376546
1655673003493745862 10432409
1655673003716670028 9612160
1655673003941722174 20741184
1655673004158773486 12459085
1655673004375052497 5863411
1655673004593093393 14049088
1655673004816402435 7968738
1655673005071576279 39798350
1655673005281570958 6835527
1655673005490479803 5184113
1655673005719470776 25463424
1655673005934091511 5046043
1655673006173782750 3499303
1655673006379571350 3512129
1655673006585504017 3649530
1655673006791459356 3608301
1655673006996670529 3038145
1655673007210382489 7240986
1655673007420294839 3624634
1655673007632658286 7334860
1655673007842434817 7461518
1655673008053149339 5929172
1655673008271180859 12585554
1655673008504321199 11912578
1655673008771953136 55713548
1655673008994033195 18483814
1655673009218631088 18234926
1655673009440690152 9226658
1655673009661441221 13162570
1655673009872599484 3353117
1655673010078150817 3418695
1655673010284429824 3639884
1655673010490055466 3425653
1655673010695662121 3334124
1655673010901202891 3186230
1655673011106658472 3126299
1655673011312597611 3208961
1655673011519765331 3678784
1655673011728744076 5530761
1655673011944690904 6642848
1655673012163540738 8684385
1655673012401668556 14511195
1655673012641184227 19692877
1655673012856798785 7724946
1655673013081070526 17375350
1655673013295346664 9767116
1655673013517168899 7077536
1655673013730778378 4266626
1655673013946643290 8378494
1655673014164009356 9693893
1655673014378604777 10822037
1655673014590193219 7104512
1655673014803641476 9704941
1655673015016035296 9073130
1655673015227369371 7046770
1655673015437706735 6915997
1655673015674649857 31324449
1655673015899149121 17603498
1655673016138400923 18094246
1655673016365326331 14031743
1655673016571302297 3826231
1655673016777619219 3364458
1655673016983353069 3565362
1655673017189511603 3316813
1655673017394563022 2813264
1655673017602518215 3336961
1655673017813665561 4073535
1655673018026801653 3230067
1655673018237551841 4535923
1655673018454932513 6917178
1655673018683047172 22303102
1655673018902734070 11220310
1655673019121931407 15023931
1655673019339508003 10907803
1655673019557150385 14417322
1655673019772415589 5369999
1655673019994432269 4575607
1655673020219136650 6214328
1655673020441904797 15673041
1655673020671073276 17564477
1655673020896755665 9363593
1655673021127541636 13055844
1655673021350986884 9743397
1655673021570652990 8183511
1655673021798938311 20528252
1655673022026196420 11695124
1655673022262451590 6812583
1655673022484253078 9342522
1655673022703160863 5694842
1655673022918400103 3570953
1655673023169809089 41638398
1655673023376683506 4509056
1655673023582827986 3950679
1655673023791502318 5782262
1655673023998993620 4136569
1655673024212526880 10606524
1655673024428685069 7172697
1655673024672259611 30300542
1655673024890440126 5004083
1655673025121507709 15205629
1655673025336434338 8970786
1655673025557654873 9129777
1655673025774631778 13832386
1655673025988668468 9161021
1655673026209650586 16895967
1655673026420485761 8184571
1655673026630680620 6878096
1655673026838290196 4436893
1655673027043436422 2985426
1655673027248332581 2770521
1655673027483704852 9590926
1655673027706900285 13334506
1655673027913240944 3229930
1655673028119200513 3427413
1655673028376764032 5742082
1655673028591641927 6708578
1655673028798944102 4265408
1655673029013858206 8710598
1655673029235144294 8060516
1655673029452006446 4226684
1655673029673562727 9861139
1655673029896736862 15555572
1655673030133307178 17083486
1655673030356733311 11628689
1655673030573107983 9978553
1655673030789689696 11369095
1655673030999835348 7701076
1655673031205567369 3488930
1655673031411031962 3285633
1655673031616538415 3212889
1655673031822192416 3394351
1655673032028087607 3672362
1655673032233469737 3008352
1655673032449652712 9460392
1655673032665488884 9058458
1655673032910415771 29815382
1655673033145018393 9885943
1655673033377834099 15635725
1655673033606682352 13629126
1655673033842034471 14316362
1655673034068709203 6749057
1655673034288851316 10228144
1655673034506262995 9992465
1655673034725154150 7607305
1655673034940742161 7374021
1655673035157489318 6937233
1655673035377936066 9697962
1655673035611098941 12832275
1655673035829719215 7708623
1655673036050073182 5458618
1655673036273168599 4257484
1655673036492804636 3706364
1655673036724554568 16513012
1655673036943221629 4155467
1655673037157153478 10174960
1655673037374992891 5375853
1655673037590631294 5586755
1655673037810533038 10313443
1655673038031582632 7839123
1655673038246364198 6875402
1655673038462999196 7524918
1655673038695542179 17380860
1655673038909260054 6424108
1655673039125406504 6303311
1655673039343595520 14362610
1655673039561540031 6886647
1655673039782074620 6381596
1655673039995596660 8324732
1655673040210708165 5231695
1655673040425847100 9285495
1655673040638767949 6503390
1655673040851233439 9891221
1655673041065466550 10798390
1655673041281712178 12124035
1655673041489248141 5459377
1655673041704067946 11038614
1655673041915837200 9367455
1655673042124772320 5852002
1655673042373778203 46448695
1655673042584665850 7294111
1655673042796861040 5208573
1655673043005657975 5028114
1655673043306022484 87630238
1655673043574828025 48043680
1655673043782505463 3789917
1655673043989568183 3329152
1655673044196520066 3112173
1655673044403221853 3795318
1655673044610692716 4133398
1655673044816848727 3692247
1655673045024467980 5440536
1655673045272512491 45737362
1655673045480687547 4191224
1655673045693625296 7198209
1655673045906450650 6336188
1655673046127376835 6976984
1655673046352463767 13217005
1655673046563270568 4249923
1655673046775662767 3910181
1655673046988580739 4888772
1655673047199807311 7751082
1655673047415273333 4061317
1655673047641612732 22833732
1655673047851457080 4009720
1655673048059486088 4451874
1655673048269693943 7129706
1655673048480611005 5833644
1655673048697074611 8003630
1655673048909366911 7826487
1655673049123892674 7487714
1655673049338755006 11362454
1655673049549416591 5145385
1655673049759714674 6847986
1655673049970350370 6319197
1655673050181709812 6491090
1655673050395730456 5611200
1655673050609309073 9768124
1655673050821636908 4321772
1655673051033508725 4217259
1655673051242588065 5270347
1655673051450752982 4519894
1655673051673830836 17683757
1655673051884731221 8902583
1655673052101481844 7026381
1655673052320638100 5877573
1655673052548336623 7239924
1655673052770382803 8423157
1655673052987767157 7607942
1655673053221383264 8118133
1655673053428563060 4285217
1655673053638608775 5064806
1655673053857945380 2810266
1655673054081414948 9384139
1655673054295752677 9275060
1655673054509407604 9978603
1655673054721614969 8237507
1655673054936313572 5680305
1655673055148692240 8325238
1655673055369554806 16664240
1655673055588729878 11441728
1655673055810781110 19015447
1655673056035308897 12155248
1655673056256419314 5907830
1655673056487355140 7631819
1655673056710582716 4353909
1655673056926390711 5495266
1655673057151302444 13860824
1655673057376692755 12624535
1655673057596724485 7940962
1655673057825351332 12883507
1655673058047114974 12403150
1655673058269653715 17653388
1655673058496188082 21844457
1655673058768331413 65073149
1655673058978606797 7977998
1655673059189361970 6223521
1655673059399487626 4179751
1655673059607603526 4403617
1655673059817449661 6275345
1655673060030135584 10537572
1655673060243643556 8099952
1655673060458564675 10337233
1655673060672402779 5299053
1655673060884434667 5043830
1655673061099239752 6332070
1655673061312330350 6039674
1655673061524854877 5796258
1655673061736110146 4969243
1655673061950107266 6745584
1655673062171964756 6702964
1655673062389756670 6252266
1655673062607077350 6359659
1655673062822765161 6009965
1655673063037574506 10294391
1655673063258205648 5728181
1655673063467185251 5171630
1655673063678686355 7414991
1655673063884491955 3206947
1655673064089977885 3203022
1655673064295259930 3090613
1655673064501341882 2904262
1655673064708437077 3302994
1655673064922699940 9863710
1655673065139160717 4665936
1655673065369758111 21618712
1655673065593903276 7368467
1655673065813111975 3781505
1655673066028618548 3535829
1655673066242456542 6147493
1655673066459823548 9615139
1655673066677640513 4992574
1655673066891347686 3888005
1655673067110581185 10820249
1655673067325525489 3087287
1655673067536139193 5692913
1655673067752678594 11291773
1655673067967759172 7526491
1655673068191598647 17054787
1655673068410581299 6351789
1655673068629253011 6833081
1655673068845334258 8082763
1655673069065493693 6224458
1655673069283375045 5069652
1655673069499430526 8057986
1655673069726561846 17843050
1655673069943653152 8988363
1655673070159671377 8878869
1655673070392431997 17292758
1655673070608780208 4521496
1655673070823271309 5109193
1655673071040217855 11178208
1655673071257646288 7373931
1655673071484281584 9084319
1655673071710402460 9492830
1655673071927260955 6028393
1655673072144188677 10784217
1655673072357494767 7885076
1655673072567168028 7244429
1655673072773355715 3875892
1655673072980043598 4219517
1655673073194746113 8394661
1655673073401836063 4289602
1655673073609635529 4950589
