1655672060569638849 87866965
1655672060777808403 4590335
1655672060983588948 3591456
1655672061189266094 3249213
1655672061395049478 3472161
1655672061600819988 3435295
1655672061806537305 3434625
1655672062012427872 3463036
1655672062218806224 3858369
1655672062424659560 3472020
1655672062631408848 3491290
1655672062837236693 3654678
1655672063043343730 3732582
1655672063248717656 3240323
1655672063454465617 3555945
1655672063659892852 3286322
1655672063865723028 3604716
1655672064073119769 3426455
1655672064278736945 3368338
1655672064484390651 3546828
1655672064690424468 3695947
1655672064896479980 3586221
1655672065102242726 3472313
1655672065308328738 3687293
1655672065514229564 3389093
1655672065720074689 3560954
1655672065925665177 3373588
1655672066131385978 3443947
1655672066352455762 17369074
1655672066560471714 4229715
1655672066769688406 4446141
1655672066978795484 3642468
1655672067186427963 3456731
1655672067393516083 3975517
1655672067601471657 4154921
1655672067809638431 4302379
1655672068017315696 3910067
1655672068224942826 3583814
1655672068433663331 4493082
1655672068642785954 4599006
1655672068849385318 3129177
1655672069056716695 3358894
1655672069264363827 3241653
1655672069472115979 3918169
1655672069679177176 3249092
1655672069886030537 3481014
1655672070093042764 3364615
1655672070299710042 3200104
1655672070505735702 3190821
1655672070711219370 3313175
1655672070918211133 3286365
1655672071125293932 3165441
1655672071333516042 4448345
1655672071541629804 4431908
1655672071749693563 3442295
1655672071957201462 3665362
1655672072164466227 3289840
1655672072372307429 4063653
1655672072581431047 4570186
1655672072789448918 4244041
1655672072997532216 4903720
1655672073214971536 12747866
1655672073420366839 3082302
1655672073625658543 3070269
1655672073830901286 3046203
1655672074036699948 3382130
1655672074242254492 3165675
1655672074447554051 3029684
1655672074653104949 3051694
1655672074859162717 3066236
1655672075065467593 3410195
1655672075273661982 4353626
1655672075479678000 3047968
1655672075688311161 3472891
1655672075895197884 3353676
1655672076103095428 4185733
1655672076309367836 3627949
1655672076518574130 6723592
1655672076726831236 4593374
1655672076934639130 4386604
1655672077142454424 4456033
1655672077350526557 4722117
1655672077557716291 4897364
1655672077764997394 4828794
1655672077972072040 4865089
1655672078179328869 4625170
1655672078386771935 4619518
1655672078593706986 4521954
1655672078801069126 4460622
1655672079008584197 5006462
1655672079216446089 4382053
1655672079424794159 4275356
1655672079632832623 5136810
1655672079840832822 4732330
1655672080048303447 4868941
1655672080255842463 4229635
1655672080463657228 4303667
1655672080673076237 4069529
1655672080880794786 3847055
1655672081089409784 4710939
1655672081297987945 4585046
1655672081506116452 3911223
1655672081713061603 3196161
1655672081920093701 3385484
1655672082127475656 3616265
1655672082335233480 3803688
1655672082542854625 3731629
1655672082750516370 3865452
1655672082958500936 4317284
1655672083166486289 4160358
1655672083374985409 4530791
1655672083582634949 3454110
1655672083789964248 3710195
1655672083999764001 5825897
1655672084206490645 3186106
1655672084413178689 3364198
1655672084620580308 3659082
1655672084828648808 3510305
1655672085035854938 3177194
1655672085242404082 3465726
1655672085448786158 3315961
1655672085656092852 3511674
1655672085862759521 3464638
1655672086069440200 4306767
1655672086277567954 4964537
1655672086485955380 4752041
1655672086697282006 7032398
1655672086904815107 5009610
1655672087113223917 5325523
1655672087321100987 4341504
1655672087527092321 3638253
1655672087736966183 7150093
1655672087944978399 3646500
1655672088152320975 3765646
1655672088359517269 3432781
1655672088566585686 4097569
1655672088778556031 5206511
1655672088987059254 3705205
1655672089194302982 3943098
1655672089401973571 3041444
1655672089608061693 3362739
1655672089814930422 3375791
1655672090021995404 3542998
1655672090229379552 3837817
1655672090436923697 3963075
1655672090644490126 3356496
1655672090851974105 3259033
1655672091059472742 3293926
1655672091267486199 3715413
1655672091474326702 3355094
1655672091681583942 3146039
1655672091888542972 3590808
1655672092094465625 3206155
1655672092301078044 3646391
1655672092507956986 3583336
1655672092714282524 3131457
1655672092921635390 3429220
1655672093128719909 3439244
1655672093336130225 3539824
1655672093543709439 3464562
1655672093751607636 3642762
1655672093958493984 3326103
1655672094166387615 4181248
1655672094373326353 3207177
1655672094581436824 4015706
1655672094789372303 3962232
1655672094997154126 3527048
1655672095204488493 3799854
1655672095412044764 3811557
1655672095619997868 3826543
1655672095827174906 3501350
1655672096033527783 2973376
1655672096239636643 3067676
1655672096445507964 2993830
1655672096651521188 3041444
1655672096857849441 3270465
1655672097063778337 2812886
1655672097270426679 3572358
1655672097476561049 3295741
1655672097682573868 3387343
1655672097888728733 3247488
1655672098094584985 3733684
1655672098300804088 3420488
1655672098508544941 3920555
1655672098716576315 4306827
1655672098924264624 4526906
1655672099133179389 4486632
1655672099341073335 4455209
1655672099548899038 4662511
1655672099756287022 4557881
1655672099964459713 4341243
1655672100173087711 5656883
1655672100380754172 5356563
1655672100588145637 4748716
1655672100797626922 3237950
1655672101005310358 3757612
1655672101212989210 3821087
1655672101420787439 3646887
1655672101628791276 3234968
1655672101835391852 4320266
1655672102043570294 4935266
1655672102250379905 4542695
1655672102459336564 6071925
1655672102666712421 4903629
1655672102879226259 4906392
1655672103088356805 4639045
1655672103295968910 3640051
1655672103503022968 3355220
1655672103710816882 3006658
1655672103918723971 3961808
1655672104126337649 3689885
1655672104333708615 3353784
1655672104541635333 4017962
1655672104749966580 3857698
1655672104958209137 3911682
1655672105165466174 3828340
1655672105372326852 3623802
1655672105580050243 3437712
1655672105787499351 3686117
1655672105994486387 3376323
1655672106201820196 3452157
1655672106409781378 4181048
1655672106618069188 4204286
1655672106825664632 3912957
1655672107033292229 3139062
1655672107240495614 3433466
1655672107448453770 4138500
1655672107656410324 4096334
1655672107864178988 3864863
1655672108076561926 7527642
1655672108284011557 3444729
1655672108491529226 3212801
1655672108700069340 3570715
1655672108907473896 3647446
1655672109114787990 3815493
1655672109321707314 3429315
1655672109529340771 3629756
1655672109736538342 3521547
1655672109944357448 4084542
1655672110152248130 4007710
1655672110360115105 3899603
1655672110567402137 3375047
1655672110774305668 3482408
1655672110981308835 3339614
1655672111188370342 3416774
1655672111396164127 3595517
1655672111603247236 3850029
1655672111809611616 3210958
1655672112015715179 3527421
1655672112222574695 3284007
1655672112429766906 3473006
1655672112637421380 3521786
1655672112847449361 3836949
1655672113055480456 4276576
1655672113265426021 4708309
1655672113473483536 4488941
1655672113681598205 5114517
1655672113889856626 4188139
1655672114097191706 4941774
1655672114305643461 4961264
1655672114514917213 6548205
1655672114723193741 5528007
1655672114932063970 6561185
1655672115140181397 4345733
1655672115347484873 3538975
1655672115555178635 3722874
1655672115762445673 3469632
1655672115971991046 4757051
1655672116179435160 3418382
1655672116386680452 3445556
1655672116593391664 3642744
1655672116799506963 2974722
1655672117005764323 3188569
1655672117211729732 2908167
1655672117417688178 3092408
1655672117624852519 3493114
1655672117832079775 3184406
1655672118038972567 3431681
1655672118246322418 3410477
1655672118453276619 3542476
1655672118659785964 3132270
1655672118867299549 3933579
1655672119075627564 4264911
1655672119282665441 3680052
1655672119489611251 3397606
1655672119701099151 5322011
1655672119908999807 3727255
1655672120116344062 3853491
1655672120324512726 4425109
1655672120531956611 3627100
1655672120739498863 3281996
1655672120946866668 3529463
1655672121154402172 3820847
1655672121362113069 3798267
1655672121569467769 3641043
1655672121777509795 4299314
1655672121986647905 4119678
1655672122210473648 11548391
1655672122417721837 4013869
1655672122623607670 3302871
1655672122838109627 8851257
1655672123043629718 3309431
1655672123248855615 3036012
1655672123454400801 3226705
1655672123659847714 3200288
1655672123865580839 3212290
1655672124072308995 3787839
1655672124277678392 3164216
1655672124483177349 3206461
1655672124689140977 3414548
1655672124894840246 3159544
1655672125100541380 3149889
1655672125306668837 3376751
1655672125512366520 3502385
1655672125719382508 3519411
1655672125926423712 3725751
1655672126133209053 3476045
1655672126344634705 3622913
1655672126552246697 3485384
1655672126759251615 3493251
1655672126966010933 3216494
1655672127172518390 3300061
1655672127378409579 3602401
1655672127585078016 3266429
1655672127791842116 3272424
1655672128000453982 3570055
1655672128207030516 3224807
1655672128413727509 4468972
1655672128621632067 4426749
1655672128831200996 3165207
1655672129038561828 4652121
1655672129246014344 4254599
1655672129454781051 4583210
1655672129663386216 5830594
1655672129875727846 9135909
1655672130086299593 4689898
1655672130293845839 3851869
1655672130502606847 3693311
1655672130711342512 3781886
1655672130919291722 4125190
1655672131127114031 4079036
1655672131335439692 3627318
1655672131543542810 3600321
1655672131750429149 3361238
1655672131957595242 3302580
1655672132165270440 3298242
1655672132372296575 3478485
1655672132579557045 3850644
1655672132786672729 3550523
1655672132994177353 3370083
1655672133204018922 3994775
1655672133412208073 3765134
1655672133619272164 3751715
1655672133826419134 3586805
1655672134033380414 3576767
1655672134240171706 3187285
1655672134447048502 3347073
1655672134654986538 4226054
1655672134862658964 3571315
1655672135070570192 3572175
1655672135277351601 3517433
1655672135484188563 3289290
1655672135691424309 3703923
1655672135897804914 3281249
1655672136104801453 3189452
1655672136310748440 3022552
1655672136516630924 2839713
1655672136722553422 3438999
1655672136929284668 3684449
1655672137136517886 3429070
1655672137344167106 3450095
1655672137552143954 4203905
1655672137759570860 3312939
1655672137967539909 3599266
1655672138174756861 3183234
1655672138380782036 3466267
1655672138587754947 3341618
1655672138795224295 3431690
1655672139001646848 3169276
1655672139210392139 4524815
1655672139416386286 2980706
1655672139622814570 3191727
1655672139828393436 3290697
1655672140035497121 3267300
1655672140243145602 3637809
1655672140450401729 3558399
1655672140657538246 3374743
1655672140865568132 4254016
1655672141074325952 3562411
1655672141281290635 3481497
1655672141488846185 3917068
1655672141698185770 5273302
1655672141906529852 3069345
1655672142112669248 3162992
1655672142319094591 4002662
1655672142526201117 3708435
1655672142733489543 3632400
1655672142942039958 4802583
1655672143149223019 4524456
1655672143356196788 4293524
1655672143563107944 4141432
1655672143771326283 5930767
1655672143980980235 5879267
1655672144188826530 5572911
1655672144396178872 4807763
1655672144602326352 3783878
1655672144808156796 3495651
1655672145014423403 3700695
1655672145221711325 5033691
1655672145430630119 6006588
1655672145638009440 4210512
1655672145846653568 4308507
1655672146054710715 4706988
1655672146263402609 3997918
1655672146471724219 4490854
1655672146681144551 4853158
1655672146888566393 3590620
1655672147096710800 4948745
1655672147304184628 4267631
1655672147511761644 4241168
1655672147718760185 4782701
1655672147926311501 4299996
1655672148135471079 4412915
1655672148342967365 4571182
1655672148550947577 4625220
1655672148758406208 4485135
1655672148965932365 4134711
1655672149173006509 4766110
1655672149381113787 5830533
1655672149588418523 4472173
1655672149796025285 4302694
1655672150004088215 4632326
1655672150212011008 5164794
1655672150419719587 4210375
