1655672213968552673 160782216
1655672214176731082 3305375
1655672214382168470 2919594
1655672214588060743 2904608
1655672214796696995 4967098
1655672215005983454 4146970
1655672215216539359 4122343
1655672215424925704 4701203
1655672215633742158 4913972
1655672215843244868 5119433
1655672216052461457 5260584
1655672216262036325 4618076
1655672216471741254 5621352
1655672216681103188 4951041
1655672216889664410 4690189
1655672217098924656 6089672
1655672217311086507 9979283
1655672217520377154 5114810
1655672217729067409 5486963
1655672217940192075 7615290
1655672218151822943 3615514
1655672218362620821 3424052
1655672218571858698 3848272
1655672218780553842 3962292
1655672218990983180 3258995
1655672219199812120 3995042
1655672219410721308 3124249
1655672219619114299 4926068
1655672219830082751 3551988
1655672220038442112 4189594
1655672220248306666 4591642
1655672220462185853 9740652
1655672220674665111 3760369
1655672220887790603 5192017
1655672221100730164 5617766
1655672221312318373 5001072
1655672221525079461 8439081
1655672221737704575 8518444
1655672221951584573 9442618
1655672222161782518 6204867
1655672222370845310 6163035
1655672222581716085 5456500
1655672222792157439 4649150
1655672223008081784 11800435
1655672223228397061 7214387
1655672223454286819 12149444
1655672223668121796 7111021
1655672223879228714 3741464
1655672224092136694 4909635
1655672224304044251 4656154
1655672224527484390 7865440
1655672224743076651 9668095
1655672224956820544 4196952
1655672225178715161 16449718
1655672225391537347 8819605
1655672225603460975 8186316
1655672225817391596 10662738
1655672226029498089 8226474
1655672226242142972 9553823
1655672226451509657 3899365
1655672226664698829 9300998
1655672226882712205 7304637
1655672227092825750 5170741
1655672227300782179 5663931
1655672227506278751 3353920
1655672227711959702 3404976
1655672227917789006 3169681
1655672228123127215 3039186
1655672228328635072 3239286
1655672228534491088 3386186
1655672228739753249 3061536
1655672228945431837 3359261
1655672229150945409 3203743
1655672229356220961 2962817
1655672229561588569 3159804
1655672229767042485 3203385
1655672229972737772 3397892
1655672230178117347 3368139
1655672230384479999 3432482
1655672230590030265 3358321
1655672230795359003 3207097
1655672231000777910 3222849
1655672231206672821 3053993
1655672231412280213 3170675
1655672231617705270 3207133
1655672231823344380 3239628
1655672232029516802 3768865
1655672232234959765 3213511
1655672232440521501 3318340
1655672232645813740 2995373
1655672232851444927 3243928
1655672233057335363 3536531
1655672233262655383 3150441
1655672233468242543 3228417
1655672233675194645 4147786
1655672233880481826 3152802
1655672234085976809 3035759
1655672234291619393 3206045
1655672234497041473 3014232
1655672234702318284 3094779
1655672234908022829 3297129
1655672235113289832 2966042
1655672235318431899 2881669
1655672235523571963 2873669
1655672235728557319 2858510
1655672235933636977 2892088
1655672236138736417 2973786
1655672236345171609 3311337
1655672236551548538 3410595
1655672236758471798 2895334
1655672236964408419 3123140
1655672237170192857 3160916
1655672237377232539 3603952
1655672237584929152 3814495
1655672237791133674 3069956
1655672237996476864 3156240
1655672238205525682 4334308
1655672238413392915 4005958
1655672238621218905 3298789
1655672238833553863 8448253
1655672239038890651 3223819
1655672239245012621 3668012
1655672239454409458 6793305
1655672239661640833 3590980
1655672239889459568 22796582
1655672240095144700 3490377
1655672240301077633 3587508
1655672240506727686 3247930
1655672240712334624 3205538
1655672240917858509 2830332
1655672241124402132 2914343
1655672241332342113 3887646
1655672241542569445 3056736
1655672241750910675 3345467
1655672241960112109 3198180
1655672242170260258 5244929
1655672242379414224 5157929
1655672242589337819 5001824
1655672242801523367 4129613
1655672243010137064 5060522
1655672243221546651 4964689
1655672243428454880 3702775
1655672243636950936 4512559
1655672243842492973 3401756
1655672244048428848 3596342
1655672244254047663 3347140
1655672244459589478 3359818
1655672244664988979 3234009
1655672244870598405 3235108
1655672245076462787 3676635
1655672245282230587 3526790
1655672245487719840 3268905
1655672245693945360 3845392
1655672245899510629 3261639
1655672246105192215 3315537
1655672246310838548 3382412
1655672246516487563 3421746
1655672246722111927 3263237
1655672246927927170 3652422
1655672247133743415 3363534
1655672247339750647 3427652
1655672247545487249 3310667
1655672247751166325 3527184
1655672247956558478 3197751
1655672248161976852 3237632
1655672248367459871 3247924
1655672248573029529 3263005
1655672248778787590 3373225
1655672248984491797 3482430
1655672249190190878 3384669
1655672249395585347 3258089
1655672249601046507 3209210
1655672249806716578 3473845
1655672250012182365 3125282
1655672250217701187 3267574
1655672250422792285 2980962
1655672250627785994 3011669
1655672250833667216 3024233
1655672251040694258 3547265
1655672251251447861 3522845
1655672251459710115 4333666
1655672251669498175 5966148
1655672251884065884 8875475
1655672252095165316 7496152
1655672252308542007 2869517
1655672252515717024 3874026
1655672252726307061 3183240
1655672252934448379 3638542
1655672253143719228 3503435
1655672253353450471 3356053
1655672253561224450 4022407
1655672253775402848 9572521
1655672253983611350 4432933
1655672254193442077 6370694
1655672254405348881 3587814
1655672254619264824 6926383
1655672254830411431 3339280
1655672255039030751 4860276
1655672255249159176 3548972
1655672255457613609 4869103
1655672255667220175 5183631
1655672255881593705 10447210
1655672256097050409 4536550
1655672256309532765 8861989
1655672256519725803 6209450
1655672256730825593 7605946
1655672256940252630 6363540
1655672257146734912 3813181
1655672257352360915 3343818
1655672257558221686 3526898
1655672257763489456 3151326
1655672257969199492 3483322
1655672258174944710 3416773
1655672258380773828 3408411
1655672258586765145 3494008
1655672258792539357 3496577
1655672258998086729 3316978
1655672259203914001 3363510
1655672259409619660 3061596
1655672259614641767 2847543
1655672259821138193 3283168
1655672260029405447 4748304
1655672260242639586 3486831
1655672260453578748 5081406
1655672260665713133 5524107
1655672260879898207 9772416
1655672261094825870 9532036
1655672261306777716 7615046
1655672261519102805 8493330
1655672261732465174 9786754
1655672261944099598 7773595
1655672262158542584 10540001
1655672262371854182 5287358
1655672262593511373 11578501
1655672262805968119 4633285
1655672263017728927 4694045
1655672263269539212 37983002
1655672263481254727 9533412
1655672263698470066 9009411
1655672263907464291 5020752
1655672264118109615 5549801
1655672264325481520 3940217
1655672264532697021 4325068
1655672264739677414 4621536
1655672264945926484 4094052
1655672265152228016 4035693
1655672265361016046 6533334
1655672265569677243 5374554
1655672265780355992 4049772
1655672265989413379 3499685
1655672266196963468 3851496
1655672266404244590 3419213
1655672266611948832 4014002
1655672266819333233 3289032
1655672267026410503 3043980
1655672267233997422 4245749
1655672267440969920 4004765
1655672267648435698 5247782
1655672267855729046 4959163
1655672268063670070 4350965
1655672268279795249 12291600
1655672268490992524 4958850
1655672268700448728 5816509
1655672268912128117 8364366
1655672269124295823 8270057
1655672269332549374 4541517
1655672269542906218 4123988
1655672269751728167 4550239
1655672269960780138 4890846
1655672270171773564 7650805
1655672270380412028 4403014
1655672270589685920 5657845
1655672270799784850 6599255
1655672271012743742 4389919
1655672271222416121 3304122
1655672271431202889 3267425
1655672271639321832 3097130
1655672271848226507 4051069
1655672272055501775 3173028
1655672272262223643 2988653
1655672272469717525 3503497
1655672272676595830 3212668
1655672272883774317 4139931
1655672273091697212 4023012
1655672273298915144 4050978
1655672273506723208 4757952
1655672273716394230 6131023
1655672273923759470 4875272
1655672274131522485 5534928
1655672274337579182 3784315
1655672274545519764 5344894
1655672274753034095 4723931
1655672274960491951 4944968
1655672275168056485 4582964
1655672275375745400 5031856
1655672275585353635 5117734
1655672275792521786 3392398
1655672276000161590 3973075
1655672276208327423 3480527
1655672276415031136 3646504
1655672276621213904 3281402
1655672276827863165 3326192
1655672277033803103 3082039
1655672277244572260 7150570
1655672277452471946 4702991
1655672277660186710 4172297
1655672277867707753 4904514
1655672278081277492 9238998
1655672278291042329 4816555
1655672278499630207 4790999
1655672278707718368 3815296
1655672278915684108 4693846
1655672279124669163 4877473
1655672279334406112 4620092
1655672279544772120 3400500
1655672279753914057 3131422
1655672279963502301 7361380
1655672280176646620 6306361
1655672280387625986 3058596
1655672280596485070 4887183
1655672280805660977 5461368
1655672281017076075 5622872
1655672281227578735 3425448
1655672281436402724 4475830
1655672281646508585 3284665
1655672281855554753 3704155
1655672282064702420 3414224
1655672282276425489 4389091
1655672282483844897 3450145
1655672282692961232 4299746
1655672282903136042 3634640
1655672283111781363 4984621
1655672283323123117 6703404
1655672283531666531 4217518
1655672283742029795 3802853
1655672283950581310 4788942
1655672284161615056 5452394
1655672284369748720 4272735
1655672284578696722 5617551
1655672284787780449 6350711
1655672284996932441 6286747
1655672285206630210 5449170
1655672285415681789 4667904
1655672285624835838 4727779
1655672285834989419 6618871
1655672286043376498 4319353
1655672286252493164 4580599
1655672286459701402 5036502
1655672286666752103 4819050
1655672286872789051 3745891
1655672287079162472 3519962
1655672287285508570 3592769
1655672287491275175 3440785
1655672287699774455 4984816
1655672287905157777 3232554
1655672288111019225 3333764
1655672288316666695 3277186
1655672288522316660 3429025
1655672288728024439 3335264
1655672288944383164 10583801
1655672289150255002 3544968
1655672289356054832 3440993
1655672289561752105 3283476
1655672289767685024 3523723
1655672289973544917 3591820
1655672290179239248 3464763
1655672290385032501 3410629
1655672290590844121 3479471
1655672290796439302 3404682
1655672291002190876 3413222
1655672291208033917 3452893
1655672291413926114 3554639
1655672291619518794 3278870
1655672291825115320 3303503
1655672292030681120 3330680
1655672292236516853 3512251
1655672292442096207 3384213
1655672292647497624 3269439
1655672292853402064 3425140
1655672293059402515 3786782
1655672293265298291 3418995
1655672293472948336 5420787
1655672293679637779 3445968
1655672293890096525 6986275
1655672294095721646 3475311
1655672294301443809 3411602
1655672294507226143 3529480
1655672294713055371 3444354
1655672294919448153 3525097
1655672295124707285 3229401
1655672295331020553 3895189
1655672295536523426 3282047
1655672295742060332 3333347
1655672295948416953 3695862
1655672296153650259 3099151
1655672296358992476 3085858
1655672296564157090 3104395
1655672296769376754 3077138
1655672296975347084 3345502
1655672297181089425 2929295
1655672297388307529 3657809
1655672297596530608 4467835
1655672297805865399 4729316
1655672298014442289 4761381
1655672298223539744 5291170
1655672298432811365 5900006
1655672298643195933 7826355
1655672298856416093 9805884
1655672299064755117 4412663
1655672299274174505 4409899
1655672299484438260 3348332
1655672299693713222 4780170
1655672299902037779 3490378
1655672300111107808 3337920
1655672300319252500 4626238
1655672300527699979 4417380
1655672300736697219 5501560
1655672300948911437 8070901
1655672301158538583 5022513
1655672301367628662 4875502
1655672301578921327 6497452
1655672301790729887 3553973
1655672302000088662 3480401
1655672302210301236 6553279
1655672302420689173 7492579
1655672302630609477 7597351
1655672302840145404 6887030
1655672303049648917 6660345
1655672303261209451 6697195
1655672303470375318 6009528
1655672303680619984 5219642
