1655672368781252109 100009979
1655672368993708489 8217004
1655672369206033107 9558371
1655672369422694226 7043833
1655672369638168401 10057738
1655672369855678622 13020616
1655672370075543398 6093211
1655672370288924845 6681824
1655672370503273658 6832596
1655672370716754436 4816340
1655672370929340244 6162597
1655672371141693012 3655524
1655672371353186066 4345999
1655672371564817338 4675003
1655672371777266963 6426705
1655672371988605898 5855204
1655672372201078370 8723859
1655672372415426685 8161017
1655672372628343826 10116985
1655672372841684212 7453242
1655672373052790345 8157737
1655672373265659857 9889879
1655672373475442874 6786109
1655672373681325226 3686997
1655672373887252087 3644641
1655672374093149552 3531154
1655672374299064222 3430738
1655672374504726890 3364172
1655672374710538202 3522324
1655672374916213877 3441947
1655672375121803069 3275462
1655672375327459292 3325728
1655672375532899881 3120373
1655672375738461299 3265003
1655672375944229769 3311202
1655672376150028809 3427128
1655672376355574569 3320163
1655672376560844488 3132820
1655672376766469594 3323661
1655672376976200294 4585308
1655672377182624705 3874629
1655672377388432550 3456031
1655672377594481002 3306334
1655672377800632854 3416664
1655672378006365603 3480273
1655672378211741981 3168143
1655672378417608472 3432851
1655672378623367141 3586518
1655672378829278437 3541107
1655672379034805572 3255408
1655672379240539196 3290036
1655672379446103857 3309231
1655672379651591814 3334990
1655672379856954254 3126820
1655672380062371683 3143186
1655672380268188463 3375593
1655672380473670667 3117098
1655672380679162687 3273064
1655672380885085977 3620717
1655672381090601068 3144774
1655672381296167637 3378159
1655672381501780016 3114334
1655672381706672578 2887641
1655672381911957395 2960956
1655672382117746486 3021545
1655672382323557305 2870010
1655672382529732614 3263067
1655672382737001845 3364743
1655672382943122896 2939556
1655672383149172511 3123962
1655672383355143565 2978500
1655672383561163095 3522643
1655672383767858894 3340135
1655672383974172788 3236266
1655672384180416703 3120431
1655672384386171199 3333349
1655672384592420070 3976420
1655672384801452384 4786359
1655672385009009000 3655668
1655672385217152115 4032577
1655672385424997292 4060972
1655672385632428420 3290311
1655672385840003534 3770252
1655672386047994612 4017075
1655672386255253880 3578998
1655672386462388298 3429777
1655672386669784580 3798365
1655672386878811888 4308433
1655672387086347544 3230072
1655672387294820208 3821991
1655672387501631521 3365772
1655672387708076697 3087043
1655672387915201953 3272761
1655672388122295403 3443235
1655672388330111451 3282184
1655672388536144914 3525906
1655672388742500172 3000859
1655672388949241204 3673030
1655672389156971471 3994021
1655672389364499269 3796083
1655672389576409497 7025559
1655672389784486540 4108250
1655672389992314595 4096279
1655672390200351304 4036793
1655672390407459609 3563929
1655672390614516151 3327645
1655672390821458579 3597196
1655672391029974171 4917764
1655672391237780361 3499665
1655672391446300524 4203077
1655672391653460468 3396199
1655672391861841463 4501460
1655672392071355425 5221649
1655672392278330013 3855172
1655672392484690015 3617267
1655672392694236126 6948899
1655672392901435133 4079545
1655672393108498606 4136788
1655672393315731004 4620494
1655672393523718655 5022208
1655672393734670680 8606877
1655672393946334968 5327277
1655672394154577156 4653117
1655672394365158798 4851398
1655672394575580562 4323837
1655672394785096890 4032368
1655672394994535449 5448392
1655672395204304586 4494101
1655672395413212501 5080481
1655672395622669930 5207787
1655672395833559802 5752282
1655672396042564920 5051664
1655672396252502243 5233014
1655672396462974043 7148025
1655672396673232934 4680307
1655672396884401722 5265686
1655672397094923824 4216266
1655672397304323033 4184568
1655672397514664545 3922215
1655672397724325007 4027425
1655672397933920020 3798619
1655672398144031925 5034152
1655672398353780298 3718941
1655672398564028284 4610409
1655672398772778081 4668688
1655672398985660204 9395149
1655672399195561710 3459370
1655672399405896025 3714173
1655672399615147581 3591506
1655672399824235596 3580792
1655672400033491918 4746600
1655672400242465053 5371250
1655672400451595866 4331432
1655672400660791418 4861007
1655672400869508850 5029014
1655672401079397890 5355249
1655672401289256838 4992009
1655672401500159132 5113461
1655672401708517625 4026755
1655672401919286493 4219288
1655672402128177664 4017970
1655672402338072210 4403330
1655672402548697761 4675499
1655672402759357664 4196256
1655672402968447690 4940403
1655672403189282465 7045613
1655672403396751046 4084569
1655672403605168761 5165629
1655672403812695353 4292268
1655672404022437239 4972298
1655672404233055484 4773162
1655672404442534442 4821310
1655672404651621507 4990580
1655672404858841717 4148387
1655672405066735485 4492300
1655672405278657269 6962511
1655672405488457912 4390513
1655672405699711875 7507935
1655672405905755288 3615409
1655672406111350482 3255075
1655672406316833043 3194575
1655672406522713112 3525105
1655672406728484829 3435240
1655672406933979039 3344910
1655672407139575577 3259816
1655672407345319821 3419879
1655672407551626803 3338507
1655672407757159902 3345895
1655672407963173561 3425539
1655672408169138162 3808848
1655672408374532502 3284198
1655672408580573621 3532925
1655672408786667828 3526137
1655672408992408049 3353936
1655672409198229757 3523143
1655672409403600410 3147505
1655672409609218329 3306622
1655672409814767701 3333526
1655672410020773731 3592692
1655672410226683245 3526116
1655672410432429643 3537591
1655672410638822587 3540220
1655672410844579455 3458109
1655672411050285823 3532173
1655672411256287705 3624459
1655672411461924761 3328176
1655672411667539663 3329293
1655672411873713926 3986235
1655672412079755955 3575603
1655672412285199473 3295139
1655672412491827764 4262722
1655672412697391173 3370986
1655672412903111079 3356615
1655672413109388591 3457836
1655672413315604113 3422587
1655672413521749309 3502869
1655672413727646642 3365989
1655672413933396412 3545475
1655672414139782083 3374728
1655672414345939371 3705179
1655672414551815041 3551873
1655672414757811578 3498359
1655672414963666244 3539133
1655672415173504691 5651214
1655672415380029793 3456570
1655672415585615331 3248125
1655672415791648635 3785779
1655672415997580233 3364030
1655672416203201370 3384714
1655672416408698219 3253019
1655672416614194915 3157938
1655672416824416562 6420156
1655672417038587179 7882522
1655672417253645630 6488059
1655672417472526015 6813028
1655672417686557964 10287627
1655672417904637999 8598163
1655672418119256907 7669017
1655672418335525862 5590003
1655672418550769802 5491793
1655672418766635228 7353257
1655672418984329655 8795435
1655672419197415199 4744161
1655672419408767143 4512861
1655672419623644620 6677442
1655672419838160976 4648652
1655672420052333267 3854531
1655672420262710984 3546371
1655672420475864665 4076459
1655672420685794835 5050406
1655672420899506289 5960404
1655672421112366793 5238061
1655672421324203124 4361883
1655672421532792019 4626262
1655672421741711547 5464993
1655672421949735985 5646664
1655672422157723338 5937204
1655672422364773704 4863123
1655672422570057027 3374230
1655672422776687849 3724768
1655672422985259916 4544893
1655672423191483343 3992778
1655672423397139231 3429867
1655672423602983761 3620896
1655672423809654612 4342053
1655672424015430785 3278516
1655672424220949869 3314069
1655672424426528547 3398448
1655672424632271341 3413901
1655672424838323513 3748709
1655672425044408141 3556003
1655672425250273696 3505693
1655672425455522264 3135410
1655672425661105927 3289537
1655672425867729977 4251042
1655672426074647925 3632980
1655672426280507924 3632425
1655672426486331219 3606425
1655672426694173527 5570841
1655672426899986196 3455186
1655672427105405440 3275217
1655672427311153620 3566667
1655672427517510161 4032777
1655672427723064221 3358498
1655672427928576922 3302687
1655672428134118481 3297949
1655672428339538958 3215599
1655672428545253056 3417256
1655672428750645724 3224159
1655672428956435240 3307326
1655672429161980855 3296290
1655672429368696890 4377350
1655672429578564178 3539134
1655672429784351718 3439160
1655672429990219119 3362933
1655672430195720340 3304102
1655672430401223459 3322536
1655672430606825887 3249020
1655672430812481069 3303773
1655672431018412103 3521697
1655672431224120731 3484214
1655672431429815149 3519515
1655672431635436594 3360763
1655672431841230573 3793603
1655672432046708668 3215510
1655672432252577738 3336968
1655672432457977151 3199173
1655672432663715870 3577880
1655672432869486733 3491720
1655672433079288676 5300787
1655672433285812218 3387247
1655672433491519557 3367664
1655672433710862138 11109365
1655672433916530743 3435673
1655672434121968471 3170542
1655672434327146084 3020548
1655672434532335864 3085197
1655672434746639525 8903761
1655672434953592154 4146766
1655672435165116383 4849973
1655672435377955753 5798038
1655672435586611113 3593023
1655672435797054166 3899712
1655672436007364703 4651451
1655672436216297964 4724277
1655672436426513147 4508110
1655672436636668575 3582026
1655672436847842622 6720877
1655672437061463347 8504839
1655672437274092903 9444391
1655672437486270267 7530103
1655672437704169360 14204849
1655672437914367604 4079573
1655672438123414622 5070804
1655672438333922702 4802634
1655672438543971095 3938031
1655672438753507966 3907114
1655672438964167932 4796228
1655672439174478720 3848034
1655672439383735951 3556812
1655672439593778654 3584440
1655672439803777259 4035924
1655672440013359241 4440178
1655672440222378918 4052592
1655672440432486599 4429850
1655672440643038969 3856631
1655672440852081513 3960603
1655672441060567420 3375539
1655672441269683802 4250443
1655672441480460329 6278783
1655672441689840306 5293108
1655672441902211750 4882303
1655672442112200209 4159719
1655672442321641722 3854910
1655672442532331950 4837891
1655672442741012978 3966935
1655672442951023543 4532584
1655672443159613090 4844051
1655672443368157110 5017524
1655672443586672843 8534383
1655672443795616047 5317595
1655672444006793273 4833490
1655672444217115080 4672836
1655672444428094699 4409582
1655672444636971612 3962519
1655672444846597758 6097274
1655672445058795737 6655268
1655672445266806864 3445540
1655672445478297041 3931303
1655672445689800162 4087571
1655672445899661474 5527617
1655672446109744317 7878836
1655672446317898920 4965232
1655672446528944326 6632989
1655672446737655646 5041350
1655672446946555903 4381039
1655672447155572633 5489242
1655672447365645951 4906275
1655672447577043800 5560631
1655672447785984066 4840225
1655672447996188919 4190993
1655672448205342313 4213573
1655672448413718955 3579100
1655672448625039926 5858321
1655672448833179651 4815252
1655672449043983809 7356714
1655672449252296529 5015062
1655672449461791091 5591500
1655672449685668426 20269710
1655672449892970759 3580591
1655672450100677891 4176979
1655672450308192193 3744604
1655672450516095459 3966121
1655672450722854924 4125547
1655672450931269557 4059579
1655672451138738217 4785057
1655672451345989115 4541501
1655672451552820215 4391308
1655672451760938710 5693605
1655672451968801525 4283958
1655672452177084443 5201207
1655672452385031852 5148982
1655672452594098207 6756587
1655672452803718559 7124340
1655672453012923148 6454296
1655672453230531191 9294837
1655672453440425867 3797719
1655672453648852814 4702692
1655672453859952516 7513570
1655672454067831141 4330680
1655672454279701975 7692267
1655672454490250014 5384632
1655672454698978059 5158575
1655672454907016937 4329635
1655672455118087050 5866191
1655672455333958959 7936819
1655672455546071303 9644495
1655672455759290518 10988841
1655672455972328671 7858723
1655672456184952725 9595306
1655672456398006974 8004248
1655672456612383202 9893504
1655672456826247033 9515196
1655672457039557457 8279012
1655672457259672631 12757315
1655672457473629273 6941904
1655672457684477502 4434662
1655672457892803204 4622418
1655672458105816402 5608973
1655672458312187769 3549189
1655672458517611089 3189296
