1654494215215741816 416088867
1654494216920571371 310550928
1654494218436080979 306615958
1654494218610311473 116629238
1654494218724001279 113312206
1654494219121538608 384855239
1654494219338900120 140895868
1654494219915648921 488767625
1654494220313355273 390501869
1654494221122653816 325076487
1654494222524590731 212173651
1654494223106258920 379468292
1654494223424247633 317579726
1654494225538295653 244224178
1654494226614269486 309163679
1654494227936507725 234419844
1654494228101231612 164308975
1654494229425536679 1324077578
1654494229915104719 484660388
1654494230736843485 333629741
1654494231534181290 315744162
1654494232599461700 190404453
1654494233527362569 325175996
1654494235928280551 402306246
1654494236419423350 414606976
1654494238235154702 211367735
1654494238817520598 289097605
1654494239503522237 210834808
1654494240512903926 120137296
1654494241204631479 691219363
1654494241523165286 318129684
1654494241916616737 392887380
1654494242213998801 296918340
1654494242531704623 317438356
1654494242737354154 205302459
1654494243012003947 274237684
1654494243293992479 281593025
1654494243833214958 504770564
1654494244794613092 167466402
1654494245598458347 190778988
1654494245934223305 335341441
1654494246321623215 387007768
1654494247292504031 760118146
1654494248114201525 306714508
1654494248409428938 201280438
1654494249899104535 606537213
1654494250395846378 492010335
1654494250932118924 316580844
1654494251828176173 205106198
1654494252003860207 168282844
1654494253299003770 191944722
1654494253502466103 102164466
1654494253921117061 389523905
1654494254518558811 485032049
1654494254806329142 186474371
1654494255706960572 368294184
1654494256937561826 1215307714
1654494258293379165 296717673
1654494259125057835 392627297
1654494260002432336 175434314
1654494261112867605 405151544
1654494262322137697 492679909
1654494263498528592 183625056
1654494263797451517 298477874
1654494265895666072 1193380438
1654494266500756609 277521643
1654494267535052304 397699375
1654494268908929861 473394180
1654494269224460411 314772286
1654494270519299007 182881949
1654494270921045087 401386492
1654494271527285979 404749937
1654494272414807172 313297648
1654494273826872026 626361616
1654494275103656870 501221893
1654494275424764762 320734718
1654494276427640460 415952955
1654494276997671939 569437896
1654494277223374495 225363092
1654494278137496600 913622249
1654494279211383925 506140767
1654494280223688428 426049829
1654494280406333722 107414291
1654494281309050690 502896369
1654494281835234313 518695677
1654494283098870546 160535040
1654494284216797998 323267067
1654494285437490257 212149810
1654494285895059101 457269594
1654494286995844892 291754526
1654494287500723436 307835700
1654494288046390391 308382422
1654494288793288637 278036652
1654494290418128808 406412875
1654494291003046860 195712840
1654494291912041473 204286730
1654494293316741286 484707304
1654494294711828994 290325172
1654494295035288041 217717701
1654494295599076003 485982491
1654494296217197995 224268258
1654494296519405302 205824025
1654494297095831403 402844874
1654494297325248278 220515694
1654494297801262051 389820281
1654494298104111714 302638615
1654494298418088784 304163572
1654494299998674099 1166559164
1654494301400590748 584481531
1654494302625609122 109762607
1654494303099808236 360035673
1654494304501952897 464352665
1654494305715061975 385732706
1654494306415377414 499133835
1654494306911622274 208705926
1654494308608021379 604425308
1654494310195381378 584644144
1654494311028592674 395377246
1654494311403819478 289219430
1654494312608576618 302864685
1654494312917890290 199322242
1654494313509999381 376508998
1654494313739161762 129703806
1654494314309449436 376998275
1654494314632693565 322763370
1654494314806787269 94006310
1654494315128663622 315851669
1654494316017481005 401472358
1654494317032990459 412899484
1654494317408631525 375300258
1654494318395489694 292329727
1654494318628845730 213246378
1654494320103043975 396027813
1654494320336494201 114949380
1654494321902786168 392095111
1654494323398041888 291012589
1654494324293373151 463418303
1654494324912148032 618310951
1654494326333921250 620252916
1654494326812796557 473136499
1654494327314510146 474985584
1654494327539714212 224881997
1654494327933442222 393357368
1654494328792441210 279128359
1654494330492817525 388569539
1654494330727689041 110413190
1654494332316154177 400472879
1654494333493614331 371951587
1654494334617129234 416241109
1654494335836350378 614091547
1654494336826735653 610706520
1654494337218192577 325426896
1654494338629318065 426029392
1654494340016894999 201365588
1654494340494063018 476458409
1654494340908548936 414073999
1654494342137791707 419750677
1654494342610662463 217992659
1654494343492670750 199902103
1654494344536320225 805583348
1654494346193891541 392041076
1654494347002726829 209627375
1654494347215721490 202086637
1654494347709063296 483829741
1654494348798612148 290333510
1654494349302507531 503374670
1654494350412006181 185735798
1654494351111575844 417449716
1654494351932126084 237997262
1654494353437320855 328714659
1654494354032827206 595204214
1654494355493492835 467240632
1654494356923713665 429552540
1654494357539455488 615007251
1654494357931127763 336355025
1654494358393397284 94136210
1654494359411146982 195132607
1654494359603534134 192151784
1654494360624299989 308603369
1654494361605318401 465790416
1654494362921397886 110612923
1654494364108220588 195601560
1654494365507075297 414393282
1654494366019160234 511819328
1654494367298802915 1279378667
1654494368292553790 365919704
1654494368618905056 325911680
1654494369210968384 379579903
1654494369726551670 496094075
1654494370119872775 324298885
1654494370538429828 417985990
1654494373133089579 339259684
1654494373801063708 380241257
1654494374136130101 311907544
1654494374698703340 480162605
1654494375003778065 304667519
1654494375497806619 469220875
1654494375809451048 311322100
1654494376035383624 225703816
1654494377434817427 342244862
1654494378738104095 322463356
1654494379217674613 195129763
1654494380506475843 675950194
1654494380707012889 199986502
1654494381097223161 389934301
1654494382612302724 418679971
1654494383605805617 467805102
1654494384735853229 229401412
1654494385528745861 706607803
1654494385932624378 337394697
1654494387110829242 207263717
1654494387936077661 214574361
1654494388813834020 208959529
1654494390109485935 416805865
1654494391129113904 134803282
1654494391695443626 565375528
1654494392532291158 134115106
1654494392717291942 184668557
1654494393408504774 169828490
1654494394814249131 473863175
1654494395735434656 228645675
1654494396538289077 214894391
1654494396997709700 458722593
1654494398022853619 692457885
1654494398994474147 351756802
1654494400338073766 343726232
1654494400802108829 406820024
1654494402236715899 503255439
1654494403705882029 186103997
1654494404020354516 313667260
1654494405114235647 396284986
1654494405193430918 78748217
1654494405412801266 213759061
1654494406410773476 575104628
1654494408919458485 282023394
1654494411237807312 424296700
1654494411718703377 480440041
1654494413296288918 285718172
1654494413594813471 298196750
1654494413916235801 320643461
1654494415326116695 819580030
1654494415436001654 109441975
1654494415728476521 291992006
1654494417136482167 393829371
1654494419697856363 484382283
1654494419917250801 201331192
1654494421533333838 126947011
1654494422627222943 509014111
1654494422917384199 289891900
1654494423892972613 393461152
1654494425915128117 1374100860
1654494427204413095 200495994
1654494428016787345 222311026
1654494428201513314 184200044
1654494429625804891 298819252
1654494429827254243 200803651
1654494431414325500 403948684
1654494431715178273 300406380
1654494432823026979 413298532
1654494434118570088 504166859
1654494435105753982 466543282
1654494435326881114 220611456
1654494436032922998 228594786
1654494436223818930 190227013
1654494437193604728 396021475
1654494437516268443 198199807
1654494438220706465 306231064
1654494438897862100 500361333
1654494442130905024 217982576
1654494443892812318 464164167
1654494445501442537 302974935
1654494446935656937 229917097
1654494447036813287 100911543
1654494448214588505 312714924
1654494448518907138 303839401
1654494449915980884 407204639
1654494450728605172 190472922
1654494452199171548 572022176
1654494452432620509 214332866
1654494453426440996 415213711
1654494453717726557 209683063
1654494454403902695 500874949
1654494454715790648 311574031
1654494455994596185 378932606
1654494456393434854 398318856
1654494456806072369 412345547
1654494457302613753 496171231
1654494457523195824 209560227
1654494458799351635 385486975
1654494459224656772 409877275
1654494459599273689 374395029
1654494461497818449 702907984
1654494461720511214 222322981
1654494462999369372 273003638
1654494463623423427 605302641
1654494464109288744 214881928
1654494465092517289 365078901
1654494466501253003 359897394
1654494466919407723 392917262
1654494467037633033 117980339
1654494468436004650 529046379
1654494471928369815 630488912
1654494472304645359 311830787
1654494472525325968 215150148
1654494474434005281 427469954
1654494475296714339 204060247
1654494476594596524 492364128
1654494477429411463 312268921
1654494478714322810 492333955
1654494480125229992 400077703
1654494481502894772 474762631
1654494481820782258 216682386
1654494483208596830 406211085
1654494483399345753 170237300
1654494483613600972 99992029
1654494488093389592 3358132780
1654494488801464738 285602066
1654494489005009715 194930554
1654494490020125517 288377276
1654494490900333395 285415488
1654494491914175452 181847657
1654494492113331020 89175188
1654494493734536414 414559595
1654494494304370172 487102073
1654494497009899407 1970155301
1654494497996406774 287045249
1654494500137508056 832283087
1654494500893895925 378181504
1654494501026648448 132445153
1654494502504435684 368758068
1654494503392693571 554403186
1654494503695425135 302036472
1654494504521556754 100797395
1654494505610384291 217735007
1654494507400606826 281905119
1654494508121887441 110869251
1654494509693421065 691245327
1654494510496083776 180749561
1654494510698633153 202125524
1654494510927279607 228201226
1654494511806683440 613884636
1654494512804855952 375461640
