1654494563331223057 208770515
1654494563493520358 161942274
1654494564434639297 203457988
1654494565806059929 186481211
1654494565920261501 113372643
1654494566240263972 314247761
1654494567120295188 76717425
1654494568239192108 133906364
1654494569331836835 107385703
1654494570524169879 207789702
1654494571697069130 197523602
1654494571822617471 124616124
1654494572741243749 26636505
1654494573740634540 104864691
1654494574135336568 326415317
1654494576600164754 407414007
1654494577440324776 38627498
1654494578613815098 106484242
1654494579009844520 288132715
1654494579140062506 103293209
1654494579415103597 274738274
1654494580693421503 100586338
1654494580747774557 53936372
1654494581593741747 73216214
1654494582493504551 75366111
1654494583318870870 192034474
1654494584115624437 22918962
1654494585339160020 212493762
1654494585740642990 132975430
1654494586007467985 266445644
1654494586711879250 109485731
1654494587993718920 165585609
1654494588310973757 217667294
1654494589437174327 121119822
1654494589506248278 68647515
1654494589730284063 223714436
1654494590847872895 255084890
1654494592002119326 90391640
1654494592228766754 226219879
1654494592423388208 187072872
1654494593398476568 301694698
1654494593636027154 232072139
1654494594616587775 113086747
1654494595516665944 72385941
1654494596893555167 167768435
1654494597631491324 38413102
1654494597728289679 95793866
1654494599001193595 269893051
1654494599140385977 138802429
1654494600040222828 26339533
1654494600225063881 184261764
1654494600343186642 117537962
1654494601299396826 86792847
1654494602325792307 33221363
1654494603228175154 119561636
1654494603517829175 205027485
1654494604822515834 221461087
1654494605034675004 36886207
1654494605218278464 93007300
1654494606531036900 293697517
1654494606710180891 178775587
1654494607734488647 241698872
1654494608826209011 192746648
1654494610125902743 202731504
1654494610952971291 130581545
1654494611098491647 95665486
1654494612211420726 181584087
1654494612410387385 112482674
1654494613438433659 42645307
1654494613639272358 142573050
1654494614839016030 28354734
1654494615909496923 276938224
1654494616892720027 179946190
1654494617804582236 261330226
1654494617914540286 109347963
1654494618815312064 81738307
1654494620023232483 113040524
1654494621048443020 126971935
1654494621233498885 184718733
1654494621319079602 84518864
1654494622226199155 233094571
1654494623793744493 160385065
1654494623929929886 135326408
1654494624936839242 296129862
1654494626001291928 104834114
1654494626119270055 117141027
1654494627318443412 377848565
1654494629302385869 96094487
1654494629394365113 91675553
1654494630599713693 167712759
1654494631593499591 261206421
1654494632492760371 148683327
1654494632803222171 308851437
1654494633798621281 97837511
1654494634920906125 120659441
1654494636115496927 117077598
1654494636234459255 118011557
1654494636334384082 99223849
1654494637627294612 100841626
1654494638444077380 106702031
1654494639693892763 167191045
1654494639730671076 23229800
1654494640935475298 125686226
1654494642932477755 100903639
1654494643025119781 91516689
1654494643113108558 87666868
1654494643925733747 104603225
1654494644135170806 91819068
1654494645452432908 351048091
1654494646725670306 190274116
1654494647935585101 202119946
1654494648093591631 151983453
1654494648142657622 33883689
1654494649322225019 182221715
1654494649913250200 201842209
1654494650019207223 105535692
1654494650918153678 80332557
1654494651207287647 288815483
1654494652036930419 139326178
1654494652138345426 100484744
1654494653121346812 128422319
1654494654498714247 273419391
1654494654537144265 38081023
1654494654616313948 78921358
1654494655712188374 299802113
1654494656510865406 177298371
1654494656538965612 27288536
1654494657330225786 211309413
1654494657424061660 92915286
1654494657628400967 203505458
1654494658311341489 110848000
1654494658419564684 107408148
1654494660332684056 95267093
1654494661533377657 138989565
1654494662534368537 340202184
1654494662693746672 158567828
1654494662830197112 135634156
1654494664000749524 196952995
1654494665030508609 95847978
1654494665293438159 190646990
1654494666425822658 111635571
1654494666527112066 100635263
1654494666713007102 185211928
1654494667844533817 144110535
1654494668003763738 158638633
1654494670193159843 176410165
1654494671122548345 89068540
1654494671309148186 186221946
1654494671593538484 257176653
1654494672693432825 95592229
1654494672926317198 230009516
1654494673334399068 309545430
1654494674437145378 207744235
1654494674540351706 102310171
1654494674634822802 93589006
1654494674816188665 180505178
1654494674934213886 100200830
1654494675602341033 103982341
1654494676700886932 163470188
1654494676793508185 91801210
1654494678793737277 188406074
1654494678838366929 44138454
1654494679795208048 180569041
1654494680626842353 204338194
1654494680739978386 111936489
1654494681616259069 86692902
1654494681807361555 190169716
1654494681893428058 85224391
1654494683004100503 162951208
1654494684034698405 227275956
1654494685098650886 205582327
1654494685923063934 30453461
1654494687028986944 27731411
1654494687803504133 77988714
1654494688704252419 104439585
1654494688815070981 109934923
1654494689026306690 87645376
1654494689592746943 390035718
1654494689693487890 84283727
1654494689740263542 45391694
1654494690412189469 84824300
1654494693035089564 141921271
1654494693893520823 98124968
1654494695234833117 211081919
1654494695503498582 261513644
1654494696630365578 209570605
1654494698033319635 121428073
1654494698525223177 491398516
1654494699699001971 285291088
1654494700742285100 200935251
1654494701719494287 66917154
1654494701899289895 170098896
1654494702200092315 261515753
1654494702424249164 223352982
1654494702621169687 77741149
1654494703639412004 137090325
1654494703712786274 72801677
1654494704018103927 95337562
1654494704139010051 120006520
1654494705113154144 96538361
1654494705496162897 381989379
1654494706610435323 193279298
1654494707826879271 87198623
1654494708123309817 213231311
1654494708441171503 317515446
1654494710026889438 95511989
1654494710099889093 72124220
1654494710228641398 111244717
1654494711450995944 48680605
1654494711707327886 255937943
1654494711893549654 176124010
1654494713098244476 76895205
1654494713920199192 90960406
1654494714099046680 178010306
1654494714232383932 132325788
1654494715396832370 255240274
1654494716326120797 104222560
1654494716496834849 94073472
1654494717618818714 210332303
1654494718917100533 103940141
1654494719233410909 194884466
1654494719412411854 178270137
1654494719503338236 89989334
1654494720631921060 99493435
1654494720809147565 176752885
1654494720837110257 27288871
1654494721724748929 93544120
1654494723132893339 300280627
1654494723337876392 110024336
1654494724832301435 126640415
1654494725710197252 175904627
1654494725901229377 190729323
1654494726123182298 221222400
1654494726337913709 214055111
1654494727411354949 216712215
1654494728335148185 107644566
1654494729028162587 134692065
1654494729895658697 261369387
1654494731108869975 204361651
1654494731940562894 47933800
1654494732093474551 82689877
1654494733007012577 171674870
1654494733210583378 202833443
1654494733592788578 199122781
1654494734725421430 122969443
1654494735839413814 108062197
1654494736098424339 201766982
1654494736317074547 104693907
1654494737193073642 85073653
1654494737306238491 112096004
1654494737904587305 191309836
1654494739032350354 223978340
1654494739128727958 21739401
1654494739315325351 177653895
1654494740801883276 280454963
1654494742142144494 178772088
1654494743134711031 216822602
1654494743331283046 114412597
1654494743613210828 281020074
1654494743906317360 292260879
1654494745037928003 32674653
1654494746131255091 396949433
1654494746223180983 30150957
1654494747412363220 196492523
1654494747434575972 21322855
1654494747613109766 113453226
1654494748439899757 101565226
1654494749894958021 257642757
1654494750006386755 110995332
1654494750029264105 22050130
1654494751397212894 285965576
1654494751620527981 222610202
1654494751922803808 301350356
1654494752541422889 107726573
1654494753705673096 282483126
1654494754709474717 174825427
1654494756043292915 326652707
1654494757623263073 304988836
1654494757738222139 113671567
1654494759035564769 304042643
1654494760028127148 34442739
1654494760404642034 209642530
1654494760505313660 100438429
1654494762008510417 198062941
1654494763008524735 172646910
1654494763210990964 201489721
1654494764502187989 98602501
1654494764603661469 100804934
1654494765444556592 116352012
1654494765700120350 255082870
1654494766645269870 41786866
1654494767812830822 87296476
1654494768813601509 189187624
1654494768942090648 106474352
1654494769811224838 78915351
1654494770138886385 203605696
1654494770237916296 98464267
1654494771318291983 215629699
1654494771626099208 307206411
1654494773008077937 388037685
1654494773118234075 109556631
1654494774203871640 80991461
1654494774415797944 199921382
1654494774805640432 366251773
1654494775539876513 33609259
1654494775710205669 170055437
1654494776706996785 190675582
1654494776832833254 124229013
1654494776936877162 103499291
1654494777241360315 303983550
1654494778233975236 141285080
1654494778306322811 71077969
1654494779292819018 85041380
1654494780300445068 188770228
1654494780421328527 120213447
1654494781314339826 276864683
1654494781608344356 163679085
1654494782793718580 198239494
1654494782922471427 127765735
1654494783029256684 105422896
1654494784128243683 126688882
1654494785229632619 88107477
1654494786305665979 207923746
1654494786593759882 188285744
1654494786807221495 205746880
1654494787693462891 150135747
1654494788995304736 95800837
1654494789024333291 14562046
1654494789126007955 83366276
1654494791317507810 188339882
1654494791698462878 175300671
1654494791895732909 182248457
1654494792207044291 190588039
1654494793055581256 120887579
1654494793793443783 176905206
1654494795109441515 277256448
1654494796141623178 129962766
1654494796936713756 100786167
1654494797097699659 160597003
1654494797310555925 166187394
1654494798405600529 89107211
1654494799313235640 190861313
1654494800323053753 113651448
1654494800493604848 163202827
1654494801713129435 198327948
1654494802840343375 27556206
1654494802994851992 152688843
1654494803193745675 198225375
1654494803393496865 199004006
1654494803530365510 135872153
1654494803738213145 206902520
1654494803919566546 89792714
1654494804399687051 479769891
1654494804519079256 93170913
1654494804726419933 133845090
1654494805627391386 197160656
1654494805730257577 102366009
1654494806793541880 176732620
1654494807709143616 169567250
1654494808629988925 198135606
1654494808844355453 131215936
1654494810000164164 94732287
1654494811115410435 200300394
1654494811204089913 87907703
1654494811940318935 33821692
1654494812098563957 157153715
1654494812294877247 195325765
1654494812331118960 25665814
1654494813440330634 206747881
1654494813532896990 92017494
1654494814832162605 300869639
1654494815894007711 83814749
1654494816026391503 131921570
1654494816392671196 365829057
1654494816536149903 142467398
1654494817440467052 14864004
1654494818800653304 259124239
1654494819600165312 85176366
1654494819740554044 139472398
1654494820212275099 194897041
1654494821121275814 190937464
1654494822316763044 385075936
1654494822534184359 198339766
1654494822695465794 157160241
1654494823609036876 96700477
1654494824907189798 185757321
1654494826093573766 178193444
1654494827114892999 86183800
1654494827434164869 318912974
1654494827625443941 190873061
1654494827722419689 96548662
1654494828629587068 84814041
1654494831010114037 117244020
1654494831318358330 307428110
1654494831593487805 261963757
1654494831711382482 112071937
1654494832420421691 221345162
1654494833413128901 180510726
1654494833536190908 122085364
1654494835100469826 83146540
1654494835195342321 94553788
1654494835995748819 89832831
1654494836892464569 166931402
1654494837004398492 95885001
1654494838239413336 227575477
1654494838444194032 41054261
1654494838602542926 157558891
1654494838637880202 34431450
1654494840198570255 171054056
1654494840329081352 130236076
1654494841140252033 99623857
1654494841316218988 175205472
1654494843303411619 78539675
1654494843623819746 319964058
1654494843893515394 269114931
1654494845131286039 136825896
1654494845993679883 181259659
1654494847009692249 99323159
1654494848235234830 201922512
1654494848310650879 74824930
1654494849814157544 613143248
1654494852114182435 93576156
1654494853293492077 175251906
1654494854496383918 277952065
1654494854640655669 143977430
1654494855025992511 384485566
1654494855129421996 89072718
1654494855242249258 29947171
1654494855415334672 118993175
1654494855636708174 221033013
1654494856693517952 200061782
1654494857109654479 169871701
1654494858128505122 317867025
1654494859324345593 130103092
