1654495258101009175 296874895
1654495260739167272 911284685
1654495260893494390 153751195
1654495263210922875 588445001
1654495264831356071 298251566
1654495266925218501 404828705
1654495267503598179 577431443
1654495269707776509 196991461
1654495272637899934 242428053
1654495275509332077 395932131
1654495276112748384 493441185
1654495276524692779 411391275
1654495276732051877 192921396
1654495278328500018 113845482
1654495278613061881 283931647
1654495280111480955 387263370
1654495280534923036 422735878
1654495280843826059 308253605
1654495280932604719 88539620
1654495281242541135 219201619
1654495283518280628 288046374
1654495285732016788 617699733
1654495287710961890 597400936
1654495289727594900 389100728
1654495291293808645 200772792
1654495291898415941 603973041
1654495292028491043 129578226
1654495295438726241 716410946
1654495298125828538 761357177
1654495300295050102 298877628
1654495302027208002 396780154
1654495302322696669 294647399
1654495303728216304 307822535
1654495303892759719 163991076
1654495304392729862 499461176
1654495304793592174 400327840
1654495305032647591 238454070
1654495306733216432 136771224
1654495308931373185 223624319
1654495311853911653 215882095
1654495312822018491 622353300
1654495314726722313 204066500
1654495315193708719 455148367
1654495317838641224 1109815045
1654495318046075979 206696951
1654495318405706026 358921628
1654495318732074977 325990425
1654495320395269354 228904443
1654495320831060593 218945996
1654495321431649451 110071423
1654495323242205638 217766731
1654495325131315556 391128189
1654495327093834819 289436268
1654495327324681153 229852364
1654495327718317686 392994245
1654495327917152633 197776552
1654495330541224066 343311766
1654495333432442363 625411531
1654495335610479599 795792756
1654495339017862425 324019849
1654495341294364220 490982542
1654495342005352564 591978339
1654495345137250007 97656245
1654495345626172161 113112666
1654495345995500212 202779758
1654495346310792262 314467546
1654495348792781054 569271532
1654495351022157063 387480614
1654495353604207493 470668100
1654495355911293294 436032602
1654495358621532756 588113514
1654495359300207669 659083547
1654495360809444738 275223140
1654495362235107934 229568673
1654495362709498626 473875337
1654495363202129924 492354991
1654495363610522868 408038916
1654495365229173051 1617665044
1654495368535353109 1422602206
1654495370993967611 167433895
1654495372030352623 1035934897
1654495373732012618 317598852
1654495374293653263 561045048
1654495374901315207 607220211
1654495375326426121 326786438
1654495377330311051 237411894
1654495380127434156 527882323
1654495380499139517 296303759
1654495382635729723 419998645
1654495382939414771 218009811
1654495385300857279 771422881
1654495385821101978 519400894
1654495387805273305 672857179
1654495390421869266 482991816
1654495391015810184 593153175
1654495391322180217 306129282
1654495391627146916 304714555
1654495392217225891 589153979
1654495394221129836 380811525
1654495396808133711 349998608
1654495397295828267 278268475
1654495398093588984 755202653
1654495398340300062 139505742
1654495401026482292 510923465
1654495402734419154 802941156
1654495405642689298 704100330
1654495409312663351 591175887
1654495413001385966 890917571
1654495414032900110 599135940
1654495415225111437 221955331
1654495416412531969 1186434278
1654495418212855883 206445839
1654495420211168194 567462217
1654495420693556654 379036328
1654495421923157073 489034245
1654495422614262287 289623703
1654495424028373930 1090015361
1654495424632692245 308166170
1654495426718570683 594477752
1654495429101437303 680704229
1654495431193589626 169800530
1654495433229766477 317325070
1654495434336068171 1105751900
1654495434904080156 386653260
1654495435113198852 208746870
1654495436800483874 207844632
1654495439220107177 388645614
1654495441537211230 432353194
1654495443335606155 310818147
1654495443508925887 172976854
1654495445827579820 688263916
1654495446109060122 82796439
1654495447310410148 1197593605
1654495447509215363 198490431
1654495447698093486 188656441
1654495449032753587 239931882
1654495451203334004 381756925
1654495451515417554 277881872
1654495453230332682 225801115
1654495453716294430 203694238
1654495454930072063 429805064
1654495458221661288 3291027063
1654495458499213508 178587509
1654495460831600337 137919674
1654495462618386127 323524511
1654495463936101755 121393999
1654495464335259100 398281656
1654495465113702194 778148997
1654495465693451041 463508141
1654495468217583322 507256297
1654495468543439361 241375530
1654495470924371451 611386849
1654495471595031107 670156132
1654495472126202434 530833402
1654495474637055803 819009553
1654495474995356957 284924425
1654495479402123189 1188273398
1654495481112131519 171347730
1654495483741314326 1599300074
1654495487119122064 324701563
1654495488609897892 376090287
1654495491139300566 212431324
1654495493098419003 605749243
1654495493932952672 694517800
1654495495107419486 288125401
1654495497036134814 328250784
1654495499402122640 483515789
1654495501420393434 697846259
1654495502039259449 239695590
1654495504299424925 474859946
1654495504723342270 418144504
1654495504999748780 275425922
1654495507208240208 582763588
1654495507637748224 395633998
1654495513626086629 133056181
1654495514026365566 399262405
1654495516242123449 609764856
1654495517232539352 825086532
1654495519941488745 611167285
1654495520025448839 83056491
1654495520493554581 376092735
1654495522606854628 369123337
1654495524231277315 207872186
1654495524508713306 276931728
1654495525235114899 725880764
1654495527414193469 591715335
1654495529029405876 218753625
1654495531318588699 91027020
1654495531725010210 312171565
1654495533093537930 383857538
1654495533333643798 239818059
1654495535022518285 86157573
1654495536694227645 262771364
1654495538803188482 581204907
1654495539226047386 317191803
1654495540793266893 277648691
1654495542725419765 507837729
1654495543119327118 300979329
1654495545213800169 320994254
1654495549402285277 1902717680
1654495551095402301 357862303
1654495552693579860 680897027
1654495552910350041 215746687
1654495553693901018 782725044
