1654493277033195028 131287154
1654493277340714370 43086242
1654493277603620450 84830180
1654493277720013636 105399920
1654493277794090273 61080316
1654493277917399389 120940662
1654493278132401949 19314469
1654493278608513757 175492446
1654493278630753512 21939700
1654493278826527127 15153774
1654493278898860280 71493486
1654493279092411024 68521448
1654493279126735781 33542352
1654493279195819095 68832672
1654493279398511754 168103100
1654493279439737705 40986009
1654493279510657476 69976405
1654493279796852228 90453589
1654493280123310943 95548550
1654493280201168308 77525013
1654493280231848606 30181363
1654493280536097785 21470915
1654493280897789267 90530508
1654493281209534087 71376864
1654493281416341426 83856227
1654493281714061895 98650279
1654493282044125948 142207931
1654493282298643860 88594791
1654493282627888646 93082600
1654493282916533978 92613358
1654493283226643783 28491935
1654493283392502963 74093181
1654493283411835113 18802538
1654493283428479992 14667661
1654493283437494290 8671415
1654493283592467560 154493699
1654493283704441982 111155747
1654493283730762816 14728678
1654493284192835452 98874144
1654493284224080595 25435369
1654493284399627103 80286930
1654493284724099715 187961176
1654493285111803136 174407885
1654493285210061890 87288830
1654493285235972974 25718752
1654493285726045486 194942156
1654493285993289713 69539072
1654493286037371530 43722565
1654493286125416163 27011574
1654493286418629696 111145558
1654493286703913395 83820204
1654493286934588009 107359240
1654493287092580199 157542857
1654493287134523098 41506565
1654493287427618038 89805843
1654493287504887272 76984431
1654493287731583375 18874988
1654493288093494483 88444527
1654493288326846501 86505571
1654493288622652731 88174477
1654493288708162818 85091013
1654493288930597388 101960375
1654493289225819125 24224771
1654493289313847471 87713964
1654493289612338123 72841515
1654493290115592203 187072139
1654493290152327603 36378205
1654493290504366208 106224642
1654493290598410274 93617503
1654493290910268609 79606465
1654493291025564019 114754007
1654493291319036133 24343501
1654493291924472687 89180569
1654493292133275203 208468487
1654493292195658439 58807080
1654493292299868185 97075760
1654493292526987390 14575963
1654493292926721185 28657009
1654493293334602393 31493119
1654493293438386630 102833704
1654493293526950934 88155188
1654493293733703896 36910891
1654493294011798161 77662168
1654493294233742585 13693623
1654493294423791248 20892895
1654493294518958250 85295199
1654493294819270126 80084904
1654493294892499076 67020746
1654493295008531374 93149864
1654493295395152289 94712016
1654493295806091361 107182922
1654493295823323296 16811601
1654493296429422440 108020877
1654493296739836950 110392487
1654493296839837736 37553537
1654493297040851538 129078371
1654493297438792202 38930573
1654493297735037493 96373688
1654493298093395098 76680157
1654493298493334712 80536429
1654493298520210822 26066197
1654493298621330897 100464708
1654493298709733406 87968497
1654493299109390643 110566272
1654493299426480880 33907496
1654493299719167114 78434260
1654493299810491825 91026857
1654493299833958165 22602257
1654493299934683484 41368344
1654493300018161882 19603140
1654493300103155377 84527775
1654493300122411726 18140951
1654493300192413459 67342513
1654493300529426444 99342097
1654493300734112825 29722035
1654493300805977781 71467078
1654493300907162150 89600856
1654493301503198847 61099488
1654493301529979708 26255162
1654493301816871819 100793656
1654493302192432149 161800146
1654493302408983592 85950648
1654493302715401971 17099367
1654493303097742579 68429138
1654493303531656357 89629962
1654493303609640828 77610551
1654493303717394688 106947394
1654493303796419915 78565315
1654493303806114686 9245263
1654493303840678332 33631020
1654493304099120165 158245959
1654493304117527090 17889184
1654493304208830826 74969596
1654493304493900847 67278273
1654493304608274026 110723005
1654493304637221131 28516367
1654493304719093859 81551206
1654493304794663472 75181186
1654493305103172505 93540769
1654493305309179502 79843866
1654493305525472808 97880699
1654493305801071611 88142434
1654493306110739100 98156080
1654493306409559791 98800418
1654493306642595309 18098969
1654493307021633751 82185736
1654493307236079222 36456997
1654493307524445607 84438748
1654493307723469803 93268774
1654493307792436803 68573172
1654493307897993745 105012259
1654493308236317004 125110514
1654493308607154375 182473932
1654493308817678929 9085883
1654493308893738780 75400272
1654493309292421079 81134624
1654493309400276992 107434596
1654493309797459351 104735662
1654493309827187242 18469702
1654493310247898092 133609713
1654493310621861996 100956140
1654493310829604560 107397218
1654493310929515422 92130670
1654493311192536941 66453951
1654493311436921809 39083218
1654493311708134272 81578174
1654493311720759446 12174512
1654493311729663412 8217967
1654493311807577539 76256895
1654493311902890845 79251513
1654493311999819408 91000577
1654493312038722509 17036583
1654493312125819522 86713460
1654493312209039621 82399646
1654493312409855850 77807763
1654493312708024174 67543274
1654493312726764552 18239398
1654493313210489267 112378717
1654493313710879658 18037642
1654493313798532714 86736148
1654493313839906645 37793848
1654493314241119635 22242321
1654493314603986287 90479019
1654493314831200975 15350219
1654493315027253329 105983272
1654493315102040692 74495826
1654493315396185629 158711308
1654493315710796326 111971740
1654493316223103169 108925083
1654493316533158070 40338068
1654493316820647712 86071994
1654493316904610814 76264755
1654493316931179486 26042474
1654493317238153642 30128570
1654493317592814710 100255393
1654493317617620928 24233437
1654493317705768740 87664052
1654493317909423775 9849975
1654493318020592444 110680470
1654493318407549912 110310035
1654493318698076534 89656581
1654493319015331162 105539291
1654493319303231239 88653336
1654493319698482979 105754246
1654493319819241085 80883539
1654493319893362227 73739707
1654493320129590214 90863039
1654493320140040526 10011937
1654493320442308942 32925720
1654493320518001379 25514310
1654493320605975540 85580754
1654493320704790884 98247111
1654493320797333809 86682591
1654493321215564931 89789344
1654493321227629170 11169119
1654493321692434674 167080482
1654493321903398758 68673534
1654493322103615935 199742694
1654493322423797723 83191795
1654493322507203062 82744954
1654493322636738898 23679215
1654493322941666222 27104091
1654493323215267906 21056833
1654493323403739700 187981802
1654493323439518689 35276372
1654493323607984775 114011385
1654493323632068049 23503559
1654493323712301094 75228149
1654493323825686719 112860878
1654493323900312670 66307631
1654493324121368231 99596434
1654493325013809810 17092347
1654493325036906770 22268751
1654493325605785280 90164339
1654493325637718286 31491306
1654493325915398122 82286169
1654493326316992686 93721542
1654493326430648521 96081581
1654493326511401533 80314787
1654493326708471133 81671083
1654493326809190525 94750536
1654493327106372394 90108031
1654493327339716182 26555056
1654493327641453738 107656768
1654493327916478964 23152207
1654493327932233640 15002741
1654493328329907464 99737269
1654493328620197242 17858441
1654493329031406935 130722663
1654493329414322869 81366785
1654493329430577249 15313219
1654493329720098069 22534849
1654493330038639397 109633093
1654493330136779016 97660421
1654493330392746747 91149914
1654493330418561426 25437859
1654493330807536818 109658010
1654493330904390074 96116144
1654493331024823866 119561199
1654493331336080985 203253358
1654493331414566644 18019225
1654493331717989028 181384615
1654493332008969390 86352617
1654493332314993614 80577762
1654493332398759086 71160220
1654493332623654248 95317351
1654493332735813064 111900537
1654493332822790277 25181685
1654493332915713569 86914302
1654493333530893498 121009570
1654493333819640757 90159152
1654493334197712637 83979122
1654493334407099161 76027394
1654493334795681502 102837197
1654493335036442523 25699513
1654493335529342134 92533375
1654493335895588168 175989059
1654493336227595938 15108023
1654493336297537922 69674292
1654493336338505227 40649022
1654493336707339870 97985966
1654493337008876805 86869779
1654493337136100169 116038327
1654493337216069492 79673501
1654493337509666379 98304045
1654493337624285378 97890485
1654493337921539987 96728819
1654493337993307534 71388362
1654493338013212331 13378159
1654493338318666764 90161211
1654493338704189726 196061530
1654493338726327428 17008187
1654493338937172692 29544646
1654493339104011989 88992750
1654493339193280789 74487549
1654493339298339470 99189785
1654493339403602472 88776156
1654493339708486281 170077345
1654493339817282252 108543424
1654493340116905761 81231745
1654493340197811816 71673681
1654493340220289449 22170592
1654493340607772211 82896389
1654493340638720711 30571702
1654493340711294680 72301913
1654493341129494833 123022504
1654493341419585078 102234568
1654493341832304819 99816299
1654493342139872752 107950896
1654493342422447974 98759428
1654493342600155226 79509450
1654493342813477210 79669267
1654493343032219561 13664240
1654493343108436208 75633416
1654493343492460078 84954547
1654493343531893603 32837789
1654493343796027424 63330683
1654493344104149426 78868420
1654493344409100308 98660230
1654493344522091851 101408856
1654493345094564609 74378210
1654493345317649890 78479761
1654493345428975728 36374634
1654493345512755551 6876293
1654493345537646212 24583366
1654493346236877733 17346117
1654493346339336179 102002649
1654493346432908625 93230352
1654493346732304555 98077671
1654493347011069040 15647045
1654493347192482609 162289098
1654493347308139382 78970654
1654493347514284664 95832301
1654493347630841353 16039827
1654493347893737352 77930034
1654493348299226099 173874566
1654493348332043058 32363741
1654493348700076846 107492271
1654493349022353510 92814630
1654493349135255920 42682752
1654493349218590463 83036917
1654493349321853430 97157100
1654493349730792380 28910536
1654493350019042019 114680227
1654493350307660130 104181018
1654493350411719083 86938013
1654493350913638882 188225576
1654493351096334445 156138372
1654493351407730837 87527763
1654493351426222948 17902277
1654493351801278001 92989014
1654493352227843936 84257647
1654493352618829800 112937749
1654493352708718330 89488543
1654493352793302246 78378389
1654493352914543639 115190490
1654493353212584588 96738625
1654493353616281478 96387100
1654493353719240252 102594435
1654493353797405041 65838094
1654493353823063955 25369487
1654493354236476126 132866889
1654493354306473238 69611965
1654493354602893943 108736856
1654493354616383069 12969496
1654493354915192594 13644562
1654493355221866038 82797317
1654493355299173006 76445732
1654493355612697323 19596688
1654493355631486831 18305198
1654493355935247393 37442457
1654493356233275989 35536443
1654493356308321103 74228424
1654493356539916782 28646893
1654493356831062457 92466394
1654493356927720667 34217207
1654493357001332988 72945879
1654493357034762291 33066244
1654493357130729497 24425604
1654493357210682613 75035352
1654493357398468322 176419814
1654493357428061921 29240593
1654493357625597655 14499641
1654493357693869018 67972943
1654493357811721961 111642840
1654493358029675703 22568980
1654493358447057975 147362361
1654493358692438442 155176567
1654493359006190530 105854110
1654493359302845303 108561873
1654493359901344418 87070976
1654493359932801542 30690721
1654493360022239158 89131868
1654493360129607533 106654058
1654493360210521774 78918650
1654493360520921721 117581713
1654493360937571513 123456954
1654493361248962475 42482647
1654493361594408279 68634220
1654493362108031016 72538863
1654493362120048417 11553504
1654493362331570536 31910163
1654493362607673381 94054371
1654493362832754153 36574859
1654493363204341563 83815539
1654493363618593953 98022228
1654493363894032740 88653629
1654493364203800731 74201389
1654493364498104236 98957470
1654493364798254926 105650399
1654493365120212799 98184662
1654493365443581660 38267040
1654493366010000386 10366266
1654493366192600680 90168771
1654493366299134398 92304509
1654493366529715668 37176688
1654493366616210342 20493640
1654493366927967236 88346554
1654493367122635053 187974174
1654493367210045752 71349112
1654493367611781272 166970025
1654493367938856777 99476280
1654493368016325239 77135934
1654493368131179807 108313413
1654493368434015301 99035553
1654493368533425577 98893665
1654493368617424881 24915203
1654493368920389448 80144520
1654493369134896886 26189427
1654493369419240612 26624071
1654493369522382293 90696166
1654493369805254948 102245975
1654493370409059155 98496630
1654493370512722202 89088558
1654493370594698290 81639025
1654493370650212035 27121343
1654493370999824832 74694366
1654493371334181477 126850355
1654493371494658312 94303603
1654493371800350415 166841941
1654493371842059874 40802448
1654493371920022338 73006850
1654493372115336123 9783895
1654493372137533692 21651944
1654493372309363500 171094613
1654493372403093085 93473776
1654493372430989584 27508504
1654493372636960553 34186449
1654493372923837108 101117556
1654493373019777801 90253484
1654493373029714439 9412656
1654493373107142477 76958060
1654493373503789824 87336898
1654493373828869860 109170229
1654493374122263571 80561470
1654493374224992605 102230768
1654493374501315427 76411847
1654493374515261940 11414787
1654493374734598085 16271865
1654493374809222373 74370972
1654493375104716097 79467648
1654493375128723345 23690232
1654493375215882037 75750792
1654493375317698016 90863919
1654493375721295184 122209077
1654493375801054754 79300859
1654493375838674084 37379095
1654493376135121967 108027516
1654493376530448705 102236056
1654493376618532889 82025050
1654493376928653448 9623219
1654493376994200240 65324531
1654493377310603690 17961328
1654493377519796910 100567092
1654493377840891679 20464466
1654493377937079424 43451317
1654493378028623762 17423316
1654493378316360514 111002298
1654493378831059526 91269424
1654493379125539704 10618602
1654493379137134750 11096084
1654493379415581645 81207910
1654493379809444835 175997445
1654493379901153332 83768356
1654493380203058081 73776820
1654493380392464059 71998001
1654493380411360952 18514912
1654493380492499117 80941923
1654493380641528202 148687800
1654493380740727421 98530633
1654493381113692716 10272157
1654493381123457070 9462114
1654493381140919410 17219451
1654493381620879367 83671902
1654493381719810224 87595759
1654493381792443604 67283099
1654493382208758991 98872184
1654493382540039922 35622778
1654493382693428183 153133569
1654493383027369048 13088180
1654493383232439327 26616045
1654493383305695912 72857412
1654493383416490006 100246760
1654493383739567171 27217096
1654493383824924690 84899398
1654493384225006304 19791651
1654493384232296253 6596658
1654493384293882675 61014970
1654493384927635343 127235712
1654493385018182328 89783623
1654493385306185725 102007040
1654493385512716185 69215337
1654493385822108916 105812327
1654493386020117873 11323784
1654493386332243303 34806594
1654493386615785251 74451027
1654493386928660367 13481142
1654493387140692293 138396622
1654493387504840907 74635892
1654493387613177315 107762306
1654493387903085796 74688285
1654493387930887620 27398618
1654493388214725308 92278636
1654493388543266230 37425248
1654493388628219840 84169353
1654493389206080042 177983772
1654493389593325738 82573916
1654493389635207832 41322628
1654493389716136913 80513387
1654493389935675331 27797234
1654493390027286069 91237215
1654493390200707567 103085448
1654493390537486006 39821265
1654493390831864624 101802334
1654493390993544631 161399822
1654493391106150995 112270832
1654493391320773171 85196064
1654493391723213078 20906254
1654493392035134472 108286105
1654493392413852683 113532755
1654493392697816833 88942669
1654493392936956998 100339419
1654493393133490863 93465375
1654493393427829446 106975799
1654493393523731693 95532128
1654493393606825519 82855927
1654493393833322604 33203904
1654493393939379813 105641904
1654493394023618548 23449686
1654493394093398687 69513107
1654493394492448000 78742239
1654493394723377702 88885896
1654493394819914837 89663094
1654493394925789080 22316763
1654493395219177072 91676319
1654493395530576950 108190138
1654493395620389960 83534722
1654493395920488548 88177009
1654493396111566178 108357753
1654493396194155011 82096921
1654493396498506322 163795465
1654493396717762985 80544156
1654493396924867442 88616263
1654493397292418360 70183159
1654493397638158523 40300745
1654493397929754146 29010983
1654493398314344453 84869239
1654493398529050605 22427639
1654493398903176579 174556905
1654493399105801263 77000719
1654493399414837483 84847804
1654493399437066618 15041349
1654493399640908959 22870791
1654493399725809586 84594726
1654493399827567996 88711425
1654493400202796579 110118885
1654493400239884425 36595718
1654493400822236643 90553566
1654493401120630546 98086238
1654493401412905400 80338469
1654493401737022519 37134267
1654493401805785910 68155766
1654493401994685108 72215653
1654493402537000575 107431811
1654493402622317778 27024326
1654493402707036593 83978926
1654493402811287911 84598116
1654493403013542587 76538956
1654493403335329508 21010556
1654493403699588326 72350392
1654493403935809590 35722770
1654493404230385204 36552246
1654493404524629602 97740061
1654493405109985670 86422891
1654493405823522540 93019756
1654493406034688674 31895160
1654493406131793384 39210971
1654493406502913056 91648497
1654493406892532319 185494249
1654493406938340792 44620768
1654493407219775130 25477871
1654493407592443911 186819319
1654493407612226952 9052140
1654493407710266037 97665371
1654493407835218795 109312198
1654493407916801384 81190780
1654493408212398275 104585301
1654493408518030133 103727556
1654493408695251362 168975706
1654493409019114893 78652250
1654493409314052137 15470035
1654493409332916669 13384312
1654493409539559456 16103380
1654493409636287703 38690997
1654493409825547084 188544131
1654493410126689991 122902774
1654493410219447628 25758272
1654493410292521704 68719587
1654493410396631007 103549065
1654493410408258060 10985991
1654493410628909077 105573172
1654493410719388928 89972570
1654493411127275470 24151617
1654493411513265144 15196642
1654493411693119386 158675127
1654493411729908466 36454377
1654493412107414307 91658179
1654493412399801720 71122332
1654493412710798927 87552501
1654493412722137433 10848980
1654493412832539599 96729546
1654493412928540633 35979378
1654493413321206210 119683491
1654493413510619494 97745440
1654493413531629544 20565229
1654493413623470480 85381529
1654493413793353695 73429353
1654493413815139209 21339213
1654493413900149561 77267456
1654493414219141829 81158107
1654493414313835693 94005509
1654493414730355858 98153273
1654493414810435212 79694650
1654493415105697718 97617399
1654493415412985310 172844817
1654493415492516911 79039323
1654493415844514384 40530206
1654493415902791446 57766945
1654493416293407022 73903318
1654493416319309991 25438393
1654493416600478589 68413790
1654493416834109960 112977622
1654493417116238445 85736726
1654493417329493892 105760354
1654493417592437991 160415487
1654493417634261086 41502362
1654493417910299876 79296117
1654493418299150278 88994654
1654493418799629623 91428780
1654493419095429603 157144324
1654493419415108722 113557348
1654493419505911460 90401317
1654493419608463176 102058785
1654493420128785949 12789870
1654493420206064628 76827891
1654493420224976429 18382259
1654493420541129356 8841568
1654493420899211277 159116017
1654493421210002608 73720246
1654493421219388999 8970553
1654493421305099018 64345406
1654493421697983654 100015238
1654493421835598466 137125116
1654493421900149036 63979709
1654493421992714471 90640630
1654493422022448411 29294272
1654493422102204075 68432924
1654493422433231335 16775484
1654493422738717907 107609418
1654493422804418136 11386552
1654493422915656653 111007995
1654493423000745639 79412117
1654493423319385679 12306160
1654493423426882541 6271300
1654493423725228652 85558583
1654493424016594799 87482696
1654493424316412144 86219368
1654493424540213708 106364712
1654493424805647313 70082041
1654493424897889591 91305580
1654493425216514103 22646563
1654493425925708943 85396906
1654493425942284493 15805244
1654493426397492320 101812681
1654493426492466473 94383483
1654493426611389687 94691564
1654493426909514252 101393595
1654493427528919210 124409140
1654493427837669083 45111991
1654493427923153517 85129273
1654493428008889568 76930277
1654493428307654631 93759844
1654493428403719981 95282228
1654493428737080927 97094199
1654493429042336339 115791035
1654493429497737455 194905046
1654493429813633248 178766506
1654493429836732256 22762447
1654493429992519509 155564186
1654493430009990172 17123447
1654493430302128249 87276117
1654493430502864668 100279346
1654493430843375677 36128851
1654493431114796267 100642749
1654493431197431408 82306911
1654493431298455175 89956182
1654493431420308421 114183991
1654493431505786596 85051117
1654493431813268925 94991664
1654493432017705766 85597420
1654493432217277077 11501720
1654493432332821671 115174532
1654493432620238632 82193751
1654493433238980394 35015246
1654493433534176825 17641921
1654493433793194641 59311416
1654493434295102960 188417485
1654493434522148236 117631800
1654493434926546493 27677586
1654493435128507447 98009076
1654493435521184671 106960232
1654493435537636060 15612028
1654493435607789438 69866189
1654493435634598914 26338702
1654493435993275793 182074687
1654493436298865425 182442127
1654493436322852683 23197122
1654493436533775443 27413376
1654493436637690080 92797273
1654493436930869246 16134627
1654493437312214898 79435906
1654493437503589411 78108167
1654493437730799932 35190052
1654493437819387950 87747561
1654493438192431606 162700394
1654493438419186009 98478693
1654493438698369654 96696023
1654493439009577153 102534285
1654493439234995910 104605169
1654493439516904702 74107189
1654493439542763252 25355065
1654493439909875633 73684156
1654493440042169894 131954159
1654493440110578010 14428778
1654493440121309991 10080131
1654493440307861339 186103218
1654493440341410104 16153131
1654493440415724333 18418332
1654493440505250112 70661246
1654493440617903026 106929878
1654493441000259750 75149203
1654493441018948315 18154150
1654493441036132167 16770337
1654493441128551466 92147589
1654493441238276199 109466015
1654493441833391265 23299871
1654493442004730005 170459491
1654493442236994678 44375391
1654493442612645392 114518117
1654493442694726058 81460579
1654493442739048300 41983959
1654493442834230525 41714045
1654493442899835570 63351522
1654493442937741305 37596396
1654493443297363885 62366177
1654493443504354726 75093520
1654493443598460399 93687315
1654493443622622359 23692886
1654493443692421687 69091494
1654493443992770808 70917302
1654493444100177031 106884263
1654493444435642209 117563175
1654493444807440294 197138065
1654493445109455459 89345938
1654493445394907886 90660212
1654493445702534107 165611241
1654493446111082693 114950682
1654493446198855135 86987820
1654493446412363729 79887490
1654493446718451850 78554421
1654493446801470362 71493279
1654493446821656568 17867215
1654493447193593307 76663068
1654493447230791176 36594341
1654493447638690592 144948125
1654493447992915333 92103024
1654493448031960709 38668379
1654493448115723535 83510518
1654493448403748905 77549940
1654493448831252869 37300916
1654493448918944483 85111611
1654493449134033245 18326825
1654493449228257543 87603462
1654493449535631602 32398820
1654493450035576489 41586986
1654493450125814091 28204865
1654493450207677292 81594242
1654493450516045113 78309259
1654493450526690995 6274100
1654493450630839461 103750356
1654493450741422778 43804878
1654493450836834124 94722300
1654493451106098119 67527087
1654493451205552123 98918432
1654493451514865794 78132003
1654493451904005570 85574257
1654493451993762873 88300167
1654493452039174678 41080916
1654493452099357363 57922023
1654493452125683762 25880729
1654493452520241045 110845806
1654493452538429772 17855878
1654493452907586875 65374074
1654493453016804609 75604839
1654493453099689541 72157457
1654493453508888153 116272695
1654493453922662138 22181418
1654493454318046912 81666637
1654493454328675162 10142616
1654493454402500384 62666464
1654493454540522887 20833961
1654493454692478869 92230236
1654493455014889941 107938090
1654493455233370547 21450957
1654493455525226813 86162195
1654493455898810152 82329882
1654493456336079252 35840932
1654493456408405239 71973706
1654493456704785579 94504450
1654493456801523514 96262837
1654493457120769407 110747798
1654493457209980620 75851163
1654493457492522082 84357493
1654493457505084320 12112162
1654493457533985159 28341070
1654493457992550548 160347095
1654493458210370372 81270266
1654493458302438294 91576570
1654493458433238324 39327972
1654493459022473498 9415289
1654493459293306383 82970688
1654493459427917785 20433912
1654493459637789744 45149293
1654493459919251211 89835590
1654493460192593428 88616207
1654493460221258335 28123448
1654493460294029051 72409038
1654493460530024898 90695378
1654493460599486935 69060025
1654493460617016623 16884542
1654493460710600751 93109937
1654493460903330856 8015039
1654493460908764175 5139736
1654493460913377163 4325761
1654493461008407010 6841609
1654493461109343258 7504085
1654493461197508696 52280340
1654493461304563956 8161178
1654493461349648164 7929026
1654493461392418045 42249347
1654493461397109835 4181740
1654493461445212120 6630130
1654493461709577775 7551969
1654493461800705838 7587501
1654493461900685897 7256808
1654493461943866759 7828929
1654493461950323336 5823672
1654493461992298637 37078421
1654493462050312479 7512667
1654493462097815438 5302731
1654493462143019022 7011008
1654493462229717253 7293045
1654493462234799377 4717166
1654493462238906523 3835202
1654493462326001292 7123229
1654493462331892436 4994683
1654493462417650462 6865145
1654493462507750020 7643482
1654493462592628578 47711327
1654493462598751125 4943672
1654493462603114871 3897549
1654493462610546044 3466040
1654493462618197335 3755190
1654493462702612675 6821290
