1654496670658304894 460536049
1654496675053556616 1074255707
1654496676632194157 1578335910
1654496677298663197 652854362
1654496677562657133 263083701
1654496678449231072 885714379
1654496678821156300 306794712
1654496679118109099 291954931
1654496679693569587 333511313
1654496680439366591 743125716
1654496681520374123 573083728
1654496684456408301 832142166
1654496685314873598 613427889
1654496686754789267 448419812
1654496689869278785 1405954351
1654496692425763039 1330665967
1654496693740185017 1313747247
1654496696907454684 842635793
1654496700645473989 134707085
1654496703315573987 461891408
1654496705007558439 1690217435
1654496706111303154 1102733985
1654496709815707681 1415871058
1654496714252401448 1127136196
1654496717755403869 824551802
1654496720297366831 246209898
1654496722130532474 1683748223
1654496722921306036 269259695
1654496723636446094 603101422
1654496724107653860 470677926
1654496724494858045 386978213
1654496724649971973 154182076
1654496728700267632 405609727
1654496730100225080 781748282
1654496732024605597 611820657
1654496732707744096 507344551
1654496736844794000 375340138
1654496740561515037 1146967916
1654496741013389642 450993053
1654496741497288846 400281039
1654496745795662078 1357488854
1654496747994346341 550190829
1654496748602470249 607705466
1654496750817562731 300143846
1654496751904930929 682409159
1654496758349271071 526272307
1654496761595339574 344852195
1654496762333559747 737323246
1654496762715588862 381660195
1654496766003567044 771011447
1654496766359229131 354510167
1654496773037926028 731563887
1654496774058076927 1017824567
1654496774399613972 341129111
1654496776236747013 197290239
1654496779360109410 1443581752
1654496781812904998 674175062
1654496782330206631 515791830
1654496787442488577 520222711
1654496789519539421 391477913
1654496789812319438 292130395
1654496790160275274 223425860
1654496793902803477 486196039
1654496796435993138 1819595507
1654496797116060968 679194778
1654496797502414972 99891491
1654496800051606347 500642320
1654496803210379270 785980384
1654496803528736950 317377875
1654496804176835144 526543172
1654496805059146669 751709741
1654496808641202453 1291749785
1654496810499923312 674712929
1654496811441227170 816668769
1654496811823366921 381176306
1654496816555614449 1001092460
1654496819954217075 816848511
1654496820728070605 773538711
1654496821434782447 706333039
1654496821925360263 489958377
1654496823333253167 1407243441
1654496826193511579 592975896
1654496826696667485 187352277
1654496827339806476 614166529
1654496830395362623 974442614
1654496831196459707 772127361
1654496832024382729 380122170
1654496835816585015 1019446122
1654496837647241999 624471142
1654496838412385385 561797434
1654496839300266713 887541981
1654496840006474271 271107316
1654496840595328712 588505924
1654496844530748796 677368508
1654496847258320219 704061286
1654496847474863050 216090343
1654496848111917989 618405756
1654496848693028039 580691790
1654496849541894144 848544922
1654496851539296292 640577517
1654496854947166330 2031208697
1654496860812139271 479273085
1654496866460314376 1861531443
1654496871938360480 996776969
1654496872449908030 511215140
1654496876120192869 3462580265
1654496883670472996 2368220390
1654496894922328283 8994967235
1654496899627120697 1573458755
1654496900904794514 345088395
1654496904158144846 2049038094
1654496905345098097 1180317911
1654496912694365363 1041575371
1654496917439253872 1291586753
1654496918198469932 758680211
1654496920340250151 1898864149
1654496926936150038 129708091
1654496933572831324 2637500051
1654496935126496685 831983696
1654496938434079652 615551785
1654496943121301098 209676620
1654496947309207422 683791161
1654496952112448973 1815143990
1654496953611591131 1309622993
1654496955931085939 2117492239
1654496959825135216 912679816
