1654493515739919517 97500504
1654493516094744737 199383400
1654493516598763337 106196306
1654493516717080963 87246926
1654493516892500513 162260822
1654493517007082848 114282989
1654493517292577590 72446599
1654493517337401318 40482695
1654493517837692169 26172751
1654493518031159217 192656846
1654493518304802676 201016547
1654493519027295088 189030833
1654493519493362441 160689355
1654493519605452175 104099887
1654493519824650563 208316993
1654493519993549841 168637446
1654493520815818567 183377250
1654493521028065784 134636300
1654493521207009943 80727778
1654493521700123886 87661716
1654493522206576264 272713796
1654493522714237157 105438938
1654493523392650983 158085145
1654493523913361570 190879733
1654493524125018041 211408554
1654493524293399665 156922527
1654493524792543082 86231541
1654493525017995493 222646622
1654493525629202190 235532432
1654493525917123205 212948156
1654493526600899825 361741198
1654493527200930597 177727067
1654493527393283798 191691465
1654493527521989715 117609851
1654493527692495393 156625437
1654493528311144818 180274792
1654493528894045322 78314191
1654493529139632241 111056586
1654493529511918067 370792764
1654493530205995508 86408402
1654493530292505691 86137451
1654493531128724865 129144357
1654493531396816590 267641567
1654493531526725659 118853069
1654493532113662409 95433330
1654493532399799883 275425537
1654493532508689639 108424876
1654493533012290492 189845219
1654493533127233877 114509882
1654493533297028305 162949964
1654493533705127706 98497774
1654493534334868243 103580520
1654493534531838148 138457526
1654493535444961080 352171870
1654493535609465650 111809303
1654493535730041068 103827148
1654493536013210170 282526215
1654493536107455893 93869582
1654493536511836065 19175256
1654493537112854144 184494379
1654493537617212390 106627419
1654493537836311339 199743445
1654493538337566275 203502812
1654493538934530633 101309365
1654493539923537986 202128876
1654493540097526504 102295743
1654493540507001796 100690792
1654493540628523613 112212784
1654493541695188437 180632480
1654493541722983922 27478210
1654493541857799417 123554473
1654493542527492537 116742522
1654493542623155487 95380013
1654493542808717391 179849090
1654493542899644482 90342062
1654493543698413048 205624452
1654493544438763445 100330149
1654493544611435490 172208479
1654493545105420370 82265376
1654493545539039817 200358133
1654493546322327633 283438206
1654493546398032358 62030029
1654493546432046282 33731161
1654493546734531721 296555181
1654493547093586201 280068626
1654493547202391767 108351696
1654493547911887733 183218211
1654493548123515524 211128633
1654493548333458211 204325773
1654493548794251540 177628316
1654493549629290236 25823061
1654493549739702680 110114943
1654493550009891145 217012494
1654493550219638222 100173431
1654493550394946718 163041047
1654493551204415367 195625571
1654493551437916037 220936004
1654493551538809727 100172882
1654493552097579640 299040852
1654493552636418453 107559374
1654493553026236476 204353618
1654493553133484914 106792193
1654493553328344918 135678316
1654493553912380283 180495280
1654493554535128101 189174720
1654493555038393796 210902066
1654493556127829820 30235707
1654493556216821832 88149179
1654493558127516488 118734512
1654493558534415898 100864588
1654493558637486400 102610952
1654493558737649515 99412227
1654493558911907595 173715872
1654493559525314017 89045813
1654493559630375739 104655897
1654493559806296423 175560784
1654493559910717453 86069901
1654493560492566705 197152152
1654493560637008746 143476844
1654493560792616493 91220134
1654493561423714534 186591104
1654493561522333847 98309514
1654493562120475171 121242812
1654493562510316947 117739429
1654493562635436543 112702257
1654493563205179575 103384315
1654493563395413736 170225589
1654493563530064667 134265395
1654493563808744451 184373315
1654493564092677716 269508477
1654493564706974355 176121432
1654493564892633350 185136164
1654493564932924905 39608108
1654493565638999923 301265535
1654493566406830002 74129542
1654493567117316687 119586981
1654493567230511472 111931344
1654493567824047430 213632159
1654493567926703785 102304079
1654493568132978079 133714023
1654493568302639783 90119745
1654493568520261870 179045781
1654493568699024965 178491443
1654493569322677447 310061866
1654493569406479384 81393395
1654493569593260046 167539748
1654493570210926612 178028508
1654493570911069235 295002913
1654493571016321795 104869240
1654493571595062494 192363166
1654493572117022301 22668693
1654493572711957861 104898457
1654493573197179779 260698895
1654493573916956668 203413401
1654493574006329622 9169437
1654493574798693000 101034773
1654493575338198893 116974709
1654493576040350705 140120348
1654493576294039286 253288537
1654493576801492724 163431819
1654493577339021687 113352557
1654493577494026513 79163510
1654493578036846361 203272707
1654493578692679615 178367448
1654493579200645907 106202097
1654493579308070495 106725298
1654493579905796927 91608140
1654493579922500986 15908696
1654493580298135054 169413615
1654493580510436623 201250783
1654493580622564357 111910143
1654493581413405463 110169189
1654493582637498644 205337131
1654493582794085804 156027237
1654493583126509577 116776336
1654493584104781561 193969030
1654493584792454504 269573033
1654493585504557325 277405536
1654493585616975877 112076390
1654493585829533370 212164200
1654493586001510524 171240868
1654493586324792126 132131920
1654493586537966199 210794311
1654493588093408041 100184428
1654493588230472161 136701535
1654493588813665945 120206889
1654493589130863704 198599267
1654493589828251714 121718942
1654493590435555036 110380582
1654493590739094986 205431961
1654493591601061190 292468090
1654493591845727678 219694935
1654493592040082912 193880100
1654493592196337342 155788409
1654493592319459799 122821579
1654493592432596836 112921376
1654493592998428834 262971583
1654493593046890008 48036166
1654493593293307569 90610051
1654493593429105474 129772261
1654493593506113980 76787911
1654493593528200681 21813979
1654493593904680291 206671113
1654493594438914538 36007066
1654493594535084003 42045865
1654493595120963534 120819205
1654493595298430343 90206839
1654493595414797829 115931989
1654493595615489128 169044981
1654493595916726509 117276752
1654493596216928850 299864470
1654493596328634756 111295361
1654493596419315764 90363769
1654493596515691442 96073071
1654493597399542411 175586168
1654493597609804751 193377558
1654493597816921973 201713615
1654493597912747841 95273086
1654493598232876207 319684992
1654493599635554497 206729882
1654493600592456523 269681669
1654493601036621730 108327193
1654493601820370796 85004435
1654493601902657694 81586021
1654493602412025797 501297554
1654493602997746716 188853234
1654493603115535113 115631765
1654493603238288700 40148048
1654493603417653026 178739129
1654493603715018103 200452373
1654493603893350900 178083849
1654493603934180235 32484890
1654493604203478483 269038085
1654493604893396086 87921262
1654493606024546929 409999638
1654493606535798481 307959426
1654493606629310918 92734642
1654493607320352951 94707146
1654493607825874700 190103642
1654493607993619783 99386717
1654493608337224479 44167550
1654493609229560842 17495669
1654493609838557294 202417674
1654493610497710341 371037893
1654493611293314840 268867116
1654493611728447009 92526962
1654493612608774427 273577991
1654493613020747638 180518809
1654493613209146224 187686949
1654493613996727750 169800921
1654493614119536944 122192074
1654493615131144331 92716595
1654493615707483434 93329209
1654493616625392617 306556812
1654493617301508876 76918041
1654493617797468990 184115081
1654493618308296546 173750634
1654493618737584009 30048512
1654493618829977261 91740937
1654493619026968187 115862344
1654493619201837070 174157980
1654493619826567165 115758224
1654493620505354667 96104345
1654493621414578434 179422465
1654493621546748395 131762668
1654493622209359946 202257632
1654493622792619462 157142017
1654493623230231026 313697640
1654493623407787485 177128665
1654493624033727658 103843812
1654493624633691225 125790957
1654493624838825271 123448474
1654493624937748116 37850563
1654493625613020472 96633158
1654493625842959900 229166166
1654493625930915685 87548164
1654493626140403554 209026869
1654493626702688607 179589937
1654493627633322948 35970403
1654493627921006696 215412673
1654493628492611899 171522214
1654493629220864231 296646523
1654493629392426568 169405373
1654493630093312586 258354075
1654493630404733079 285010478
1654493630493244068 88066896
1654493630822230935 210495187
1654493630997913992 175258601
1654493631024059793 25553378
1654493631718390282 86296219
1654493632234059257 129832836
1654493632411307297 176878675
1654493632703730393 178762028
1654493632827360808 122957947
1654493633024320539 196658529
1654493633433111429 104153019
1654493634106870738 172283882
1654493634195541319 80121074
1654493634438474031 44938781
1654493634628292325 125245564
1654493635198442444 181927402
1654493635728876181 128610080
1654493636419964559 191392777
1654493636628023494 207591974
1654493636798689595 170165121
1654493638108746255 71281830
1654493638228760039 119569810
1654493638822929248 186174612
1654493638929967616 101839369
1654493639124056621 108316976
1654493639307632330 104585394
1654493640007554855 95835375
1654493640419269902 200006185
1654493641007132685 169062977
1654493641636997888 319190576
1654493642305654589 166525431
1654493643095593661 189875314
1654493643821772561 292110021
1654493644334309887 132970637
1654493645138425002 338252161
1654493645997532735 171988654
1654493646093182554 89073065
1654493646602003676 90281853
1654493646699264633 96800454
1654493646839196974 139157365
1654493647392386675 89909225
1654493647594851053 202045168
1654493648110368456 199527501
1654493648226823751 98227933
1654493648318010955 90724273
1654493648828485626 97120034
1654493649512854909 94401432
1654493649592495251 79318304
1654493650210478065 275267970
1654493650400611935 179044339
1654493651303795653 186419922
1654493651927334778 33646722
1654493652115330705 187615581
1654493652625246069 129484762
1654493652839346467 120782402
1654493653095791952 97195662
1654493653708502195 284579482
1654493653833438151 105425644
1654493653929045581 92226759
1654493654808668678 203300366
1654493655500435741 207763647
1654493655601457663 100634493
1654493656498591476 186095461
1654493656538804481 39701468
1654493657132700419 139878708
1654493657724658720 91800681
1654493658436714229 133240798
1654493658894647444 157394426
1654493659025391818 130462826
1654493659204130238 178480925
1654493659731039120 121932678
1654493659796607533 52048486
1654493659925777140 110691729
1654493660599106663 105080760
1654493661315426962 179131455
1654493662407148238 290827834
1654493662994869850 195526548
1654493663709397906 192049986
1654493663938844553 228941290
1654493664698005202 369382930
1654493664901744898 202725173
1654493665631513176 211678468
1654493665899841044 267789999
1654493666018295126 117865850
1654493666207886259 189226466
1654493666321057965 98843964
1654493666412448239 90948671
1654493666910757293 113034643
1654493667415302728 183683594
1654493667938840924 113785649
1654493668037544685 43848151
1654493668513681846 195308393
1654493669005524278 188699412
1654493669120364372 16780022
1654493669293462574 161181518
1654493669398192136 104040555
1654493669495116559 94500889
1654493669810898056 307071881
1654493670392422632 163431052
1654493670528372965 119840560
1654493670823183351 200674776
1654493671497990108 86189752
1654493671592565290 94202896
1654493672630508135 225312608
1654493673333087970 114546058
1654493674314355858 211013090
1654493674936319522 323992834
1654493675108194672 171153918
1654493675530748185 207247245
1654493675740214825 132538190
1654493676406257529 98155024
1654493677105081860 288745505
1654493677230840984 114443082
1654493677737585802 117908069
1654493678433290240 137983529
1654493679104195064 189799752
1654493680329232099 190512424
1654493680836991125 33583889
1654493681331891863 121725990
1654493681394160543 61807962
1654493681599218255 204679789
1654493681718779756 118887455
1654493682425880360 133319319
1654493682599234011 173002877
1654493682910241852 167590485
1654493683509182540 173123253
1654493683593490146 72289313
1654493684098735780 82699262
1654493684319615341 209550643
1654493684519305836 108056353
1654493684931223395 105823597
1654493685129438110 124189434
1654493685293289669 163024419
1654493685837294815 244451872
1654493685934513016 95797065
1654493686009528136 74555852
1654493686727469818 117305507
1654493686912421730 184158184
1654493687827562332 99933813
1654493688427700404 128363855
1654493689034040044 104004922
1654493689606331140 206279102
1654493690193877409 182434171
1654493690299952166 105634991
1654493690935639288 38825806
1654493691094769055 67189947
1654493691597496168 180261425
1654493692198385643 268171681
1654493692493345370 193949267
1654493693139563410 299687696
1654493693637544507 36810686
1654493694011374190 186014435
1654493694223205753 211584354
1654493695103194373 170794031
1654493695220621269 116961025
1654493695315573579 94198165
1654493696218752901 84176453
1654493696902833685 284736283
1654493697638477086 223000509
1654493698030710988 137641322
1654493698207616914 167057042
1654493698239009835 31046563
1654493698908363884 213089049
1654493699033538837 40542445
1654493699128387140 94402197
1654493699800458058 287973138
1654493700204851170 166179560
1654493700319132147 83615367
1654493700719518054 400164297
1654493700994158720 274316830
1654493701104326993 109724746
1654493701211178589 106391307
1654493701315976505 104324512
1654493701916263196 99694454
1654493702634700048 313942224
1654493702730513025 95428131
1654493703204402442 191152070
1654493703637679216 115876804
1654493703919872758 111601775
1654493704098613580 178360956
1654493704999954365 207224384
1654493705615247032 98655569
1654493706228073481 119471442
1654493706509518040 181626236
1654493707128130775 116397007
1654493707799961161 291467636
1654493707916473568 98156419
1654493708739013266 308008372
1654493708893309936 153904203
1654493709197840109 303987520
1654493709712589489 176591038
1654493710192631085 95781504
1654493710310712041 91038757
1654493710527093555 191948987
1654493710792391299 264698157
1654493711326226473 418059056
1654493712006461450 285221981
1654493712117551073 110262635
1654493712611225799 110873212
1654493712634834195 23245268
1654493712811299243 176110464
1654493713403169481 199078712
1654493713993803107 289583548
1654493714626309866 203503221
1654493715207599228 79368266
1654493716001833163 102217285
1654493716338972838 107083054
1654493716601161927 261784243
1654493717326788070 107807816
1654493717921584414 104362766
1654493718530568433 221320463
1654493719206922461 267112884
1654493719333744962 117054407
1654493719923147374 218833159
1654493720693264921 172377650
1654493721340780324 229057801
1654493721632453394 224940459
1654493721738427931 105472297
1654493722012052412 97306471
1654493722295921740 273115186
1654493722405802917 103562465
1654493723113241763 178476379
1654493723403445807 264206171
1654493723601746314 103112571
1654493724412923450 82757911
1654493724608039426 189989875
1654493725292479312 164274182
1654493725397759451 104728959
1654493725930867186 215119032
1654493726125227183 193919481
1654493726637063832 44479338
1654493727224849616 123721282
1654493727397262823 82090896
1654493728121352556 128039723
1654493728328131138 127233590
1654493728493489254 154800145
1654493728703864104 97822694
1654493729137446210 144691070
1654493729292668547 154816779
1654493729503842243 210440984
1654493730099395619 157624205
1654493730731146502 225508564
1654493731097911034 274532574
1654493731293126138 178768558
1654493731427369229 133842808
1654493732637763064 100744472
1654493733511289050 356626831
1654493734225191503 276918143
1654493734939431765 208052091
1654493735641377290 104581599
1654493736518010038 120118475
1654493737312451205 113603329
1654493737504552382 191580951
1654493738119004859 188835182
1654493738220052213 89507716
1654493738692520108 159402477
1654493738808534406 115155420
1654493739402004142 270624130
1654493740139305972 44145817
1654493740337556215 119791415
1654493741108424987 172558292
1654493741838677061 206280992
1654493742719022190 24380254
1654493743136348450 301984924
1654493743734122269 113927543
1654493744302349799 187268130
1654493744493530292 88745083
1654493744627813624 132432813
1654493745114321976 113931335
1654493745715900237 97075817
1654493746220143020 187041370
1654493746439704349 218849783
1654493746601541616 106313021
1654493746708907333 100908824
1654493746933392975 223731435
1654493747608433347 273707279
1654493748118496630 212080332
1654493748404954812 104418393
1654493748838808604 146078457
1654493749393197595 188811819
1654493750108281649 299699211
1654493750213769252 94340572
1654493751202016915 179976826
1654493751236034031 33719459
1654493751507076450 269862589
1654493752132281863 118667042
1654493752238806802 40733473
1654493752393228353 153761099
1654493753035293785 226623071
1654493753700865439 304191761
1654493754492446085 258216886
1654493755002034190 264379418
1654493755499460438 181920203
1654493755618723440 118742864
1654493756305800616 277301042
1654493756334181059 21770729
1654493757492472422 278908626
1654493757610147262 112276781
1654493758303794380 89724171
1654493758419500745 114900707
1654493759210545783 185094175
1654493759397681355 186612289
1654493760000202115 99729502
1654493760093295340 91771501
1654493760316445972 222661685
1654493761219625847 201859941
1654493761800817166 107712438
1654493761933870385 132424394
1654493762106240365 171576140
1654493762498053569 166207838
1654493762799025430 204957654
1654493763198692341 159704885
1654493763217253270 14216201
1654493763938078113 127738774
1654493764118027743 123995421
1654493765010701336 170109853
1654493765212529955 201072557
1654493765816928446 110697354
1654493766617651287 299689204
1654493767093597968 180612894
1654493767198374291 104473554
1654493767330152952 131440911
1654493767507984403 114652934
1654493767724573290 197183292
1654493767827350973 89152910
1654493768418972400 98991247
1654493768506338585 75826661
1654493768719317339 99035652
1654493769301195119 164105110
1654493769493926957 100950728
1654493770111350240 113043098
1654493770594544894 79626111
1654493770824020784 228987189
1654493770919021586 88747891
1654493771197893029 272697712
1654493771305749840 81681398
1654493771425770383 119022274
1654493771518864033 92806958
1654493772392708458 195100002
1654493772700157772 166061237
1654493773007013069 114083693
1654493773599785571 154946413
1654493774019598278 184817886
1654493774721716693 127814118
1654493774904203976 174727771
1654493775198083129 164655246
1654493775316620303 117801165
1654493775834183996 192289398
1654493776120683774 120808076
1654493776510777812 110243091
1654493777100684860 179346756
1654493777213507243 112237945
1654493777392662629 168786557
1654493778125251419 127848301
1654493778928846991 136091805
1654493779025925840 96538167
1654493779225069366 184997373
1654493779930550976 231546090
1654493780193512230 262641951
1654493780316644388 122301467
1654493780492471457 175147542
1654493781338127591 239783363
1654493781549054802 121179102
1654493781717617696 168166999
1654493782413782587 193798981
1654493782505014497 90468023
1654493782692535424 187062130
1654493783392534641 176269964
1654493783525473376 132163070
1654493784197261162 185379212
1654493784718632739 184502124
1654493784812021907 93044464
1654493785420282209 127382122
1654493786302989687 108327731
1654493786711813871 117672816
1654493786829145637 111330322
1654493787427912607 220877587
1654493787934773048 216459045
1654493788611644437 286934069
1654493789208049606 84846265
1654493789732079362 118722240
1654493790808338497 1075671109
1654493791392971983 175693016
1654493791498421016 104629191
1654493792039756853 29206852
1654493792516729598 124145451
1654493792916200356 197034318
1654493793420805847 93375099
1654493793935200969 42385622
1654493794529427630 190318299
1654493794833308819 107901419
1654493795519751098 294591325
1654493796129917056 92116937
1654493796227239006 96621096
1654493796438158805 104715435
1654493797035370477 104305274
1654493797105636081 69926598
1654493797317557858 202795561
1654493797910425656 184738824
1654493799318739110 125885312
1654493799410317245 91096816
1654493799735071567 135379391
1654493800337047803 43949036
1654493800720709749 112513996
1654493801515338313 115788764
1654493801832424838 23919805
1654493802332792582 95535764
1654493802428400192 94845893
1654493802537368607 103252247
1654493803199108886 174282079
1654493804121383403 518788942
1654493804628334574 130525349
1654493804792545873 163578272
1654493804832651266 39789024
1654493805017371076 178923776
1654493805892618090 298727718
1654493806506128753 112969006
1654493807112074386 276236101
1654493807198787941 86391931
1654493807292486586 83252510
1654493807828023004 22659676
1654493808505635644 195345675
1654493808604300041 98227330
1654493809222253829 108866728
1654493809733770832 104706311
1654493810350512551 117122064
1654493810495430290 144620116
1654493810616000491 120244240
1654493811413129738 187039678
1654493812200575480 188300861
1654493812337311708 118931707
1654493812428765456 91195989
1654493812708987425 216415043
1654493812936076143 226472497
1654493813592478785 264128746
