1654493869007569002 82325728
1654493869592451931 155568112
1654493870014008282 80428115
1654493870105825031 91314719
1654493870508994089 77275511
1654493871029239818 27664857
1654493871593478463 90936652
1654493871737032434 25582083
1654493871822708959 85250315
1654493871908434159 79018438
1654493872511604957 83626408
1654493873029856604 98412334
1654493873101908492 71155784
1654493873606518422 72282967
1654493873626872480 19220477
1654493873639784727 9010736
1654493873721916157 78627833
1654493873821104352 98234047
1654493873920996594 25131874
1654493874520851801 105521209
1654493875120228975 122634984
1654493875315085245 112626095
1654493876403011957 87522410
1654493877409488295 75509916
1654493878003098802 95780036
1654493878099357989 85141481
1654493878133120224 33259800
1654493878622701874 26934464
1654493878835968410 107946948
1654493879415110671 95334141
1654493879903655425 68784420
1654493880324046255 19575969
1654493880939686317 36061433
1654493881024557052 30208969
1654493881493683691 67896319
1654493881994037851 75067070
1654493882509624335 99088943
1654493883032291673 120940229
1654493883128800422 84581403
1654493883202978930 73886622
1654493883623057340 82665464
1654493884132589203 98669392
1654493884226293580 92818734
1654493884727426035 14959494
1654493885223082113 28262458
1654493885293442061 69770122
1654493885716132249 87358575
1654493886238716434 20172768
1654493886309563793 70176444
1654493886402948699 92850934
1654493886441254153 37816005
1654493887025498383 29592033
1654493887601404898 70946986
1654493887637539133 25070615
1654493887707972949 69754600
1654493888228473710 35707893
1654493888731397078 99776040
1654493889327111937 126802268
1654493889399885690 71916817
1654493889419585678 19356407
1654493889437167673 16845596
1654493889520113992 24717425
1654493889593494507 72429264
1654493889639089342 44896466
1654493890207913085 83415869
1654493890298399399 89858737
1654493890927306973 14469618
1654493891500658043 100235078
1654493892026412278 90531867
1654493892621206861 78331347
1654493893293396930 65948107
1654493894209846344 72644687
1654493894792522059 91786823
1654493895332219263 126952222
1654493895901291560 81588896
1654493896404271476 95663606
1654493896892661321 95881873
1654493897325686275 88285200
1654493897396653162 70124068
1654493897812551082 88680210
1654493898319389959 94658684
1654493898836300256 99715833
1654493899498509726 165842439
1654493899612913991 72151821
1654493900025467253 29915569
1654493900099364887 72646742
1654493900518915594 20649443
1654493900598736451 77325565
1654493900624735205 25459024
1654493901143617749 105042604
1654493901834143494 39589525
1654493901898926350 63935346
1654493902393482302 77305612
1654493902423043136 28674002
1654493902493417622 69620495
1654493902610254917 116039928
1654493902699237926 88262751
1654493903323389941 30688186
1654493903340599992 16707899
1654493903830090838 26788132
1654493903905243041 74652640
1654493904399192133 71881533
1654493904826008381 22076990
1654493905392684010 90451134
1654493905414998841 21740153
1654493905503093132 87343306
1654493905604013030 65974225
1654493906132791760 101192297
1654493906705061216 75556974
1654493906720714323 15228137
1654493907293469687 71010020
1654493907308975996 14309180
1654493907814396569 80202330
1654493908298311734 105700351
1654493908934049860 31689674
1654493909003504544 69069396
1654493909027567019 23619126
1654493909692709768 86607252
1654493910215046704 178817346
1654493910826884338 104296710
1654493910904329325 76489031
1654493911024351008 30660182
1654493911093405290 65892383
1654493911232056372 137970788
1654493911717896177 86537562
1654493911905287711 56724239
1654493912010997453 105307676
1654493912524161049 21581869
1654493912616650971 91410476
1654493912693469968 76006257
1654493912799049047 96291366
1654493913310611849 77997959
1654493913912472793 109082731
1654493915158600719 117051925
1654493916214274088 78074186
1654493916810228916 89545301
1654493917731021978 28520870
1654493917810918985 79411497
1654493918308097243 93926327
1654493918893433937 164006003
1654493919235827579 17828565
1654493919400317034 164027443
1654493919435619539 34886089
1654493920009581234 84870788
1654493920708532321 173457167
1654493920909872086 53400243
1654493920992778220 79674305
1654493921034133669 22107816
1654493921634571561 41504122
1654493922218055976 95739726
1654493922725847001 85688747
1654493922809746662 83056199
1654493922897024940 86506651
1654493923329021295 27672315
1654493923428725430 98644938
1654493923538696697 27630774
1654493924127902040 20116949
1654493924701040785 165329960
1654493924793412787 91873809
1654493924826927658 32810030
1654493925319095020 81197042
1654493925392466812 72609529
1654493925429026710 21968114
1654493925935764739 94401771
1654493926432344042 22885430
1654493926512036069 79349546
1654493926536229075 20798994
1654493926608659182 72115265
1654493926641050729 32045836
1654493926794334304 152981726
1654493926993849196 170315320
1654493927522234742 111401618
1654493927612052618 73794006
1654493928206399678 67569202
1654493929228111931 19689907
1654493929736572277 141811507
1654493929908971171 80228685
1654493929929101219 18285353
1654493930399317970 94654717
1654493930822601801 27119058
1654493930936961939 114003342
1654493930997607335 53739429
1654493931016070035 16670499
1654493931593432712 84890484
1654493931623494294 29365691
1654493932134763646 19118031
1654493932519059040 25357143
1654493933111508359 97738723
1654493933626662832 110903792
1654493933700359335 73371265
1654493934126399583 90523179
1654493934234166303 107325826
1654493934318089730 78183886
1654493934407238239 88759313
1654493935007119234 174919652
1654493935030647424 22724376
1654493935537911903 35701287
1654493935602110097 63219416
1654493935620012317 16858180
1654493935715632845 80661413
1654493935814699032 88678353
1654493936304964080 99379440
1654493936719172306 86881958
1654493936741499264 22064870
1654493937328179369 32531953
1654493937909119270 88049027
1654493938014360313 90336645
1654493938725096936 83678933
1654493938809279911 83671241
1654493939298890003 91210187
1654493939836025048 98897396
1654493939934677886 98295059
1654493940436253026 24917034
1654493940608077067 95857539
1654493941206035261 82632650
1654493941793472021 85908234
1654493942412037287 117795456
1654493942493449605 80834592
1654493942915641968 77806962
1654493943518061103 95582566
1654493944093125461 89160970
1654493944122311519 28924441
1654493944135501882 12146164
1654493944209395844 13792486
1654493944293420872 83813431
1654493944399673960 104848459
1654493944826295034 21805079
1654493945224834640 18394385
1654493945714751407 103905261
1654493946116232597 84441411
1654493946225278646 100562009
1654493946320246467 94254797
1654493946416048406 94807304
1654493947029755419 35988243
1654493947518458272 85665266
1654493948030459043 106199522
1654493948117098254 85665775
1654493948231425719 113813156
1654493949293454842 77059393
1654493949735351942 28833944
1654493949808747050 72890529
1654493949840910426 31550156
1654493950000776030 159312452
1654493950492753161 79449304
1654493950615708787 110952524
1654493950723553156 93148723
1654493950809783404 75729356
1654493951395863300 72602929
1654493951428325455 26722732
1654493951997827364 149805072
1654493952525694069 33053370
1654493953220182672 114497476
1654493953794080887 84283712
1654493953808564912 14021514
1654493953828249202 19258833
1654493953893422623 64731398
1654493954429538400 127652353
1654493954933154889 98436639
1654493955106216610 88001930
1654493955695731463 101409343
1654493956301220033 99619594
1654493956725295443 27153254
1654493956912281023 98539367
1654493957003546349 80014454
1654493957592849269 89162329
1654493957624101961 30470239
1654493958204485395 166672071
1654493958798542003 88290866
1654493958833528091 24341911
1654493958910548615 75688323
1654493958927356476 16117609
1654493958993809194 65713805
1654493959208221065 172687221
1654493959239990550 30479704
1654493959314114396 21262702
1654493959329347300 14670031
1654493959394265685 60837639
1654493959420068242 25168745
1654493959524208205 86717300
1654493959713753187 92451810
1654493959802807058 88252444
1654493960493456207 177005692
1654493960607240764 113466983
1654493961243227944 118931401
1654493961297301862 53784989
1654493961393238064 95605302
1654493961493543831 90503575
1654493961595767058 75386627
1654493961637835871 41391726
1654493962134096204 97585768
1654493962212845623 78084922
1654493962237586693 23716202
1654493962903671569 77197860
1654493962992773418 88703733
1654493963514465038 21812947
1654493963915507994 79019335
1654493964441741913 37088529
1654493964915721410 89873310
1654493965506005891 89714831
1654493966018592260 76852670
1654493966513538048 88814466
1654493966608404505 94077185
1654493966726064972 116875393
1654493967227846673 98531744
1654493967303287898 74480435
1654493967425312564 121117714
1654493967512132805 85778679
1654493968015216719 84814011
1654493968117148241 72601080
1654493968599084209 75211801
1654493969203153394 81715459
1654493969228083843 23905691
1654493969812602251 80774991
1654493970330171709 30627163
1654493970412404701 80987761
1654493970838107662 36193662
1654493970999221937 105879274
1654493971141281991 97221084
1654493971208245739 61066305
1654493971612716260 82933915
1654493971695914953 82012708
1654493972207519162 80907532
1654493972632144275 17125128
1654493972704916221 72365894
1654493973219810962 23178018
1654493973341238791 48313139
1654493973898344437 75848211
1654493973936732846 37956639
1654493974534483152 101242741
1654493974637261899 102228426
1654493974730093404 92366756
1654493974936025148 32553488
1654493975021330177 28367210
1654493975601559580 101039029
1654493976195458013 70979491
1654493976840199314 96550868
1654493977820023265 85887928
1654493978429705502 100324895
1654493978533564928 103127225
1654493979117997211 25396249
1654493979624294930 89317159
1654493979720172381 95503099
1654493979808581542 88081697
1654493979893434206 84295700
1654493979998506242 104663975
1654493980093489485 94649932
1654493980121325930 27432778
1654493980196422320 74718942
1654493980220884440 23200860
1654493980811869839 92184210
1654493980892487877 80270038
1654493981337462718 113942600
1654493981519351273 180884889
1654493981601291682 81366032
1654493982041135168 32946172
1654493982121775551 80297551
1654493982615340278 74821643
1654493983129272073 23225966
1654493983220725385 90436602
1654493983714391541 89193281
1654493984333368093 103688286
1654493984539036791 45380171
1654493984624880587 85093707
1654493985124135893 91380582
1654493985333148141 99247768
1654493985841170055 106934487
1654493986433295415 101718804
1654493986600432988 107722724
1654493987200108238 78078815
1654493987824425684 30920961
1654493987919753409 84229358
1654493988023193140 102890257
1654493988043955467 19845953
1654493988525137185 110642427
1654493988624275197 84938600
1654493989138178403 97941021
1654493989307187626 113671493
1654493989900859469 73063212
1654493990008842986 107067140
1654493990422292872 78987510
1654493990921335730 82999519
1654493991334513808 85107419
1654493991392896133 57804223
1654493991427174592 33914773
1654493991516223915 81468031
1654493992130238179 211495118
1654493992235120808 92744681
1654493992828108154 32754266
1654493992905300604 76289219
1654493993024173095 117983803
1654493993709219073 76417669
1654493993818982751 80652537
1654493994404033090 68280414
1654493994924574697 98286138
1654493995508828591 185436341
1654493996041064172 118274826
1654493996708567867 177863435
1654493997131260502 91211074
1654493997728071743 191919219
1654493998333616838 96324205
1654493998917127677 108821880
1654493999003798242 86304865
1654493999116376806 110993761
1654493999705533646 111689301
1654494000223111433 104752308
1654494000801118086 103328922
1654494000837682980 23102950
1654494000907161789 68202091
1654494001407065445 79548087
1654494001493422838 86042348
1654494001529369412 31647014
1654494001611898322 81721669
1654494002193536718 76004703
1654494002233539136 38793453
1654494002417243656 94967223
1654494002511047804 85134035
1654494002595108458 75845222
1654494003207151099 73527256
1654494003704896300 73406455
1654494004800113846 79655682
1654494004828955923 28434036
1654494004906447217 77011371
1654494004931701304 24863404
1654494005018911655 86736315
1654494005093418136 73974335
1654494005119130404 24875384
1654494005633193567 105562008
1654494005797648328 163983415
1654494006341055854 125557392
1654494006431237812 89666395
1654494006510653034 68815178
1654494007325142314 110710153
1654494007401148110 74959280
1654494007432768183 30629085
1654494007832009939 19505650
1654494007905141895 71036149
1654494007930466023 23781810
1654494008533314688 100846165
1654494008693388801 73137805
1654494009216686747 81274427
1654494009740199197 114695483
1654494010298527148 84836449
1654494010335141305 36265744
1654494011013413465 107658161
1654494011618778471 75097850
1654494012131354727 12953113
1654494012233978788 102003527
1654494012312021124 77178624
1654494012393380190 80402361
1654494012436190253 42025401
1654494013047674787 40283121
1654494013119997622 71495133
1654494013213335918 92421338
1654494013716686841 5942785
1654494014213702620 105413637
1654494014236009222 15267953
1654494015300053516 82667406
1654494015330294274 29235219
1654494015413455899 82210080
1654494015842227598 24841190
1654494015911816961 19443196
1654494016336034230 27107263
1654494016415031626 75390409
1654494016927989243 34905352
1654494017520427993 97365894
1654494017543192838 22295583
1654494017611509650 67901772
1654494017641505802 29388481
1654494017701417966 59604816
1654494018321528539 27530494
1654494018492632690 170758419
1654494018593430209 99634216
1654494018710057822 110680146
1654494018733499776 20214912
1654494019233864451 38933643
1654494019697546530 72231380
1654494020126027660 102323301
1654494020693764091 89291165
1654494020802594420 108167348
1654494020836014124 33048994
1654494021446063676 37700060
1654494021601158633 154560070
1654494022038775414 38727181
1654494022509287875 87038073
1654494022930097687 23400054
1654494023410115966 86414644
1654494023594438782 161947028
1654494023717056582 117407483
1654494023794243162 76005997
1654494023815633454 17241745
1654494023905511073 71385696
1654494024319274635 17205799
1654494024343041082 19991540
1654494024415980660 72385177
1654494025016331368 98275361
1654494025612262069 93588641
1654494025698393318 85758572
1654494025823175854 124460343
1654494025896291634 64588980
1654494026402668469 102627896
1654494026504810660 101688669
1654494026822017011 10549780
1654494026927186905 104860769
1654494027022694484 95275108
1654494027093651141 70648996
1654494027608058193 72556132
1654494027703365047 94325827
1654494027739037148 34865578
1654494028400058721 163208209
1654494028437047991 22306269
1654494028927054731 123461477
1654494029107197751 93234342
1654494029218636543 109677745
1654494029710057699 95340205
1654494029824089447 30250324
1654494030327040533 91034011
1654494030940520325 46836691
1654494031459023738 57500429
1654494031510324774 16578559
1654494031535019400 20369061
1654494031596574114 60411486
1654494032018220814 75830945
1654494032093337790 68056330
1654494032208120952 114518353
1654494032638210637 26545699
1654494032701516487 62902616
1654494033109436533 68588385
1654494033710395704 96630591
1654494033825013180 91622442
1654494033910114387 84265877
1654494033971245302 49960739
1654494035033237068 91813689
1654494035130236379 34042886
1654494035214099394 76634082
1654494035300785017 85993698
1654494035414152460 98464864
1654494035937425849 96202099
1654494036042453813 104630479
1654494036542788811 25046550
1654494037124416655 82593375
1654494037212489115 87564347
1654494037301562706 88719441
1654494037844062203 44073755
1654494037929051466 84355076
1654494038405645106 112589647
1654494038493391320 87472667
1654494038519114748 24883301
1654494039093472220 87575556
1654494039308401078 214155909
1654494039904193501 71330790
1654494040504576170 78941751
1654494040625722275 120711615
1654494041124633632 21207633
1654494041697601594 172039452
1654494042206091935 87571945
1654494042630744573 16820796
1654494043111982333 55938475
1654494043733189911 106555027
1654494043804981971 71279709
1654494043819700777 14226335
1654494043839841424 19279642
1654494043910382520 17460517
1654494044438111762 41040617
1654494044915823575 83748591
1654494045430096249 26577571
1654494046039381583 46047649
1654494046096243079 56577096
1654494046166050906 68514104
1654494046640680648 35128113
1654494047211919490 75643075
1654494047793612845 98486756
1654494048314348349 84504105
1654494048396125354 81053388
1654494048993628464 95717331
1654494049132042748 137734766
1654494049703408819 110611390
1654494050140130452 33719079
1654494050616855945 24039354
1654494051093101071 53865921
1654494051199313222 105313602
1654494051292613240 84793843
1654494051829261654 124131598
1654494052412976724 72638577
1654494052438684569 24508721
1654494052526364171 87381911
1654494053212573377 119180937
1654494053807815480 110656460
1654494054017879977 186492067
1654494054093741810 75206022
1654494054113721639 19221745
1654494054609124079 75355628
1654494055218889175 85387077
1654494055308704207 77055946
1654494055823672695 17864316
1654494056398468239 84142930
1654494056893479109 75783377
1654494057440022043 98990916
1654494058040526303 136015609
1654494058138046765 97211666
1654494058298379661 160070803
1654494058793375504 79958507
1654494058817977609 24335992
1654494058911061780 92374317
1654494059527443763 88322398
1654494059619071035 91328307
1654494059693340293 73610128
1654494060321118360 196460333
1654494060413487525 19870396
1654494060502891373 88860390
1654494060525524461 14876525
1654494060628051380 35240202
1654494061192682159 150436052
1654494061731493909 26193019
1654494062434174925 125432905
1654494062503197814 68339477
1654494062533836392 29949315
1654494062628204155 31736594
1654494062800609307 171925641
1654494063293434561 97448228
1654494063732827645 36044080
1654494064226586821 22845740
1654494064898713530 170574803
1654494065340749501 99009408
1654494065433164583 91522671
1654494065493563321 55120900
1654494065540179223 45735510
1654494066103769192 104438332
1654494066713539603 82173577
1654494067326528579 33412070
1654494067412794370 85762268
1654494067435561249 18840513
1654494067521765942 72031430
1654494067606395362 84255183
1654494068208230903 89777208
1654494068806662114 76359854
1654494068893687821 86764156
1654494069409112490 86764082
1654494070004765747 79725845
1654494070542297440 110328512
1654494071103929146 163144903
1654494071137129917 32906551
1654494071716240895 106632584
1654494071793877197 77058158
1654494072293506178 78824343
1654494073009616817 105913994
1654494073504212579 79759828
1654494074001410212 95056173
1654494074033022925 30586955
1654494075206282968 113167232
1654494076617111159 108760253
1654494077021137210 7276181
1654494077128574927 106299365
1654494077741295356 48482066
1654494078408428180 106870445
1654494078440253578 22206856
1654494078925480894 22841003
1654494079622131026 99758959
1654494079704183286 81707094
1654494079737063373 32571150
1654494080322065831 28966445
1654494080399665786 77261734
1654494080493461696 93540568
1654494080534010268 40225294
1654494081038097758 29379596
1654494081128929843 90567882
1654494081798375737 167996422
1654494081850157808 51303048
1654494082500123588 86513398
1654494082993474828 75057846
1654494083016322878 22280544
1654494083537340908 22851255
1654494084193460373 100839317
1654494084731758996 19217832
1654494085328800812 92707723
1654494085793379126 86927928
1654494085836458399 35627560
1654494085915664867 75238735
1654494086920627724 13701914
1654494086938639182 17559280
1654494087037215513 98110521
1654494087702001467 105465585
1654494088118971910 81165837
1654494088206159971 86758375
1654494088700611124 85846715
1654494089210362808 89629267
1654494089417060828 108262924
1654494089510871771 93493091
1654494089532967264 21776689
1654494090098619846 87356336
1654494090137154816 30698460
1654494090228019143 90577602
1654494090309616676 81340849
1654494091418416825 99820576
1654494091895917617 85987584
1654494092329573965 103653920
1654494092493420718 75153438
1654494092910871199 83467174
1654494093007296804 95530326
1654494093608458689 97145820
1654494094216975122 177317466
1654494094313785408 96168175
1654494094340035840 25286746
1654494094402803760 61962789
1654494094429082499 25431606
1654494094493299148 63425693
1654494094530774268 36923287
1654494095025422815 19856254
1654494095537534962 103170983
1654494096100444662 159250939
1654494096538523330 21743738
1654494096699458669 71569514
1654494097308874838 82628534
1654494097726849794 17527692
1654494098238067807 39801227
1654494098322049600 24151511
1654494098905711727 80325802
1654494099399170268 62873164
1654494099525116627 125048581
1654494099605017674 73557480
1654494099693500857 72181793
1654494099741146569 46611233
1654494099923147249 181623841
1654494100340183651 14614486
1654494100418110317 24437691
1654494100608148212 94764464
1654494101114044224 78090795
1654494101196212852 81376162
1654494101729211815 98099042
1654494102298900074 181241948
1654494102831096998 38321376
1654494103398740915 98869359
1654494103515703130 115899366
1654494104031300872 87908910
1654494104127103168 95378387
1654494104630045151 98249469
1654494104720428858 27823480
1654494104829127825 108209814
1654494104918180204 88596810
1654494105513043827 114462459
1654494105593409901 80002836
1654494105621152434 27411286
1654494106200897675 72717673
1654494106245899559 13983480
1654494106307361145 61210403
1654494106737425446 26859091
1654494107233589752 103135920
1654494107320210421 85820438
1654494107338517357 17408092
1654494107907376433 99349293
1654494108396277877 77413887
1654494108896217941 74014201
1654494108994218717 97755929
1654494109497869673 98455959
1654494109930871620 90825115
1654494110092429076 161279156
1654494110199231375 69089134
1654494110816616206 98004266
1654494111511918830 99578702
1654494112013187259 101644535
1654494112120872820 91551798
1654494112198007022 75985603
1654494112216460931 16834101
1654494112843638579 127984376
1654494113499871181 105176687
1654494113539313144 39060596
1654494114139584377 44976647
1654494114225636084 85783339
1654494114693425743 94921123
1654494114807804969 75275231
1654494115338345952 102456623
1654494115445093527 105852696
1654494116034067156 96224506
1654494116615104605 116082147
1654494116645799283 30376165
1654494117293509906 175129533
1654494117831009214 28590731
1654494118329709751 25841524
1654494118405477297 74736620
1654494118499180229 68640913
1654494118630248782 109087435
1654494119301929702 87327560
1654494119999143382 87551619
1654494120523079715 85269135
1654494121007059363 85573858
1654494121108121839 73793266
1654494121611003156 101216105
1654494121693435086 82118799
1654494121732509997 38662744
1654494122298335028 85753975
1654494122893577005 84574140
1654494122916266812 22352507
1654494122940071590 23538555
1654494124317682765 90590812
1654494124832062343 16016413
1654494125325050218 78918553
1654494125424910158 90666376
1654494125913506200 76543165
1654494126015404800 95067599
1654494126093657625 77796925
1654494126142573510 48454953
1654494126208810065 65832922
1654494126241661325 32526372
1654494126316666654 74662934
1654494126839199232 46607056
1654494127492995675 100355559
1654494127998278768 172778242
1654494128432065170 33114812
1654494128536064697 103657963
1654494129247344048 13417223
1654494129809141851 77704239
1654494130293509929 72837079
1654494130828172225 93288442
1654494131394046623 94441119
1654494132000734945 93975230
1654494132095928865 94803997
1654494132617077131 106527157
1654494133101028505 85120707
1654494133213546761 111681961
1654494133393370614 158041840
1654494133798411181 80880193
1654494133815873506 17114099
1654494134400568850 93865060
1654494134928026298 109636075
1654494135540370645 114662044
1654494136047092003 36011231
1654494136722119357 122803169
1654494137793319702 166349211
1654494138327029060 86393196
1654494138836893973 41232496
1654494138905611855 68392323
1654494138932709178 26817926
1654494139014039555 81060213
1654494139036260206 21586999
1654494139520667879 19597893
1654494139593439192 65816564
1654494140321171633 80528026
1654494140404245329 82563052
1654494140917072262 86188171
1654494141008218115 87367800
1654494141527990495 85305023
1654494141892715249 50325868
1654494141925362877 32019968
1654494142522008710 29019038
1654494142629136168 106297961
1654494143096552140 82850657
1654494143125098361 27850634
1654494143721229084 96022143
1654494144313205799 80573715
1654494144408913037 85579836
1654494144520544730 86897233
1654494144999848809 93741542
1654494145517455702 90305905
1654494146305198380 183672181
1654494146332980361 15647761
1654494146838179409 96749289
1654494147437452086 99388518
1654494148120495519 119838706
1654494148535019347 36946201
1654494149131036267 110941688
1654494149307708899 85335886
1654494149819301123 77708783
1654494150304165540 85995986
1654494150435301195 130475665
1654494150593371559 94777070
1654494151116515283 89192709
1654494151236259106 118973229
1654494151309217103 72370457
1654494151337056106 27097631
1654494151444098697 106733679
1654494151525403591 32743899
1654494152039128855 99589527
1654494152055471174 15969336
1654494152511019535 78340794
1654494152602076895 90129337
1654494153102685682 77316844
1654494153124650017 17326554
1654494153193421562 67845232
1654494153238968700 45309652
1654494153315867928 76004628
1654494153493368792 173289044
1654494153535568828 9246976
1654494154045169692 91801896
1654494154530018653 93899114
1654494154999163761 87727214
1654494155040080156 40026782
1654494155225231737 86859049
1654494155714553124 74551688
1654494155827290513 96160506
1654494156306098529 96453135
1654494156336927313 30367973
1654494156406417125 69109828
1654494156892432639 78272432
1654494156925303329 32213090
1654494157534920768 23908560
1654494157629110909 90538729
1654494157706291327 73052827
1654494157805922902 75277145
1654494157901106709 94672763
1654494158431541738 108639238
1654494159001046252 91234621
1654494159117482575 91315907
