1654498064118779472 3905558515
1654498071907692656 7787909132
1654498075521244285 1156834420
1654498079247055512 993440027
1654498084306345337 3560856631
1654498085727175480 1420406434
1654498091123886969 3794757796
1654498094260761380 711969059
1654498094533007157 270698607
1654498097811179554 1245154039
1654498101347510616 893188309
1654498104362184384 1254927069
1654498106407558206 404872995
1654498109654866126 592471422
1654498110348089171 340610331
1654498114077499610 650147054
1654498114958692701 880850807
1654498119264218800 956519819
1654498133628843885 1233513667
1654498134592557748 723966260
1654498134967362806 374183834
1654498136067316183 1061939997
1654498140203919826 564435623
1654498141107382227 902844452
1654498142054751044 947063336
1654498143201195960 882619287
1654498148307226920 2471066316
1654498150245229553 703839200
1654498150617288169 371745634
1654498151117413988 498899254
1654498154417127437 570664772
1654498155132890324 224282096
1654498159057331170 709778856
1654498162053905176 646298833
1654498163480381969 1426118567
1654498166640390423 584584876
1654498167243490067 600219426
1654498169012920325 1664269243
1654498171663426625 330113513
1654498177530463873 1930668610
1654498186402325158 1200603287
1654498197745728956 7848067740
1654498203796449467 682644378
1654498204595656184 798949531
1654498207555422932 232888453
1654498211856151044 734602698
1654498214223985870 267646897
1654498221703384723 593847699
1654498233217711765 7467262590
1654498240202099587 1828906255
1654498248240174109 2844556166
1654498253209815560 4968501885
1654498259007461176 1506667113
1654498265158222733 1263096260
1654498267731129833 2572102254
1654498283213632175 8342148445
1654498286213072865 2998513996
1654498293246181954 3042498322
1654498295157225133 1908354491
1654498302408271041 1000959536
1654498304203835855 1795202683
1654498305870181435 925120925
1654498308735528120 1827077947
1654498311400450783 2663980507
1654498312739272779 1336034375
1654498314503806814 1756597086
1654498315913243355 997961822
1654498328248842487 535937240
1654498328437968064 69423420
1654498333391805398 4953594136
1654498336728501716 339771934
1654498341737512295 544880401
1654498342646860125 908303806
1654498343132792464 482055459
1654498344725116383 1591872915
1654498347649054665 2921667473
1654498348697593280 1048097265
1654498352653734499 1151663790
1654498354126973226 1250482285
