1655869608322289740 301674072
1655869608544192748 10184469
1655869608756472604 9415795
1655869608971677114 14786849
1655869609217462992 41351088
1655869609438452341 16253653
1655869609657551810 14139414
1655869609874800540 12654713
1655869610094102148 14370650
1655869610311897035 17151716
1655869610530744158 18450124
1655869610750967513 15782311
1655869610976549782 21066084
1655869611195843240 16514880
1655869611425889109 22358407
1655869611648601198 18659824
1655869611865113273 16065364
1655869612085642217 17607512
1655869612297764421 11076567
1655869612514921974 16357857
1655869612724751318 9423004
1655869612937034560 9380770
1655869613149139287 9427853
1655869613361295261 9287056
1655869613573399358 9360186
1655869613783366332 9571720
1655869613993282311 9423896
1655869614203153226 9464896
1655869614415281656 9267764
1655869614627455257 9384577
1655869614837299146 9398870
1655869615049559149 9414690
1655869615262225653 9931973
1655869615472081462 9469177
1655869615684228904 9394194
1655869615896412750 9464971
1655869616108502778 9355121
1655869616320970109 9612217
1655869616533124985 9407973
1655869616742829048 9285941
1655869616955682699 10181533
1655869617171127567 14994314
1655869617382019129 9204459
1655869617591691177 9272774
1655869617801283665 9210696
1655869618013574644 9446258
1655869618223371187 9403169
1655869618435970621 9798964
1655869618645595907 9233463
1655869618857898186 9543010
1655869619067565218 9263910
1655869619279660886 9404124
1655869619489324850 9275993
1655869619715644246 25926454
1655869619925368756 9282428
1655869620138593133 9394070
1655869620349728465 10683255
1655869620616375194 63205398
1655869620828807004 9706401
1655869621038807076 9594452
1655869621251265793 9499486
1655869621461103787 9411514
1655869621671310546 9781317
1655869621883653151 9513258
1655869622095661807 9305649
1655869622307831710 9395935
1655869622520055301 9520637
1655869622732155891 9416766
1655869622942054082 9487822
1655869623154169549 9293743
1655869623364021231 9442721
1655869623577503688 10687754
1655869623787034135 9127666
1655869623996831505 9396091
1655869624208834958 9303566
1655869624421073846 9454049
1655869624630642102 9172333
1655869624840209256 9166323
1655869625053307921 9562367
1655869625266394147 12653984
1655869625477141617 10293203
1655869625689581908 9451388
1655869625900352127 10343393
1655869626112630236 9337121
1655869626324751696 9407926
1655869626537119628 9500479
1655869626749221641 9331547
1655869626961644484 9700136
1655869627171366718 9334226
1655869627383459137 9362234
1655869627610919757 27076505
1655869627822603278 11337713
1655869628032162578 9169512
1655869628244169679 9238960
1655869628457372489 10468104
1655869628669785043 9630001
1655869628881755983 9179455
1655869629091299869 9126671
1655869629301127122 9411473
1655869629513209473 9244265
1655869629725346444 9373374
1655869629934889685 9141318
1655869630146998107 9333268
1655869630359381277 9863664
1655869630569134341 9351102
1655869630778687949 9168274
1655869631017448293 35921941
1655869631229398577 9194786
1655869631454956287 25144471
1655869631666433211 11072745
1655869631878688964 9555405
1655869632116110395 34306516
1655869632325906828 9375820
1655869632538028005 11678657
1655869632750112817 9253954
1655869632960588899 10083984
1655869633170337714 9346631
1655869633381456119 10681163
1655869633592786128 10858546
1655869633803573584 10340423
1655869634021618476 14294874
1655869634231150820 9108012
1655869634453560260 21935852
1655869634666880478 12538475
1655869634876756944 9069605
1655869635088774943 9145834
1655869635299319622 10063707
1655869635510642668 10856197
1655869635724227873 13155159
1655869635937581019 9447994
1655869636147088633 8995897
1655869636358252830 10624636
1655869636575413948 11150748
1655869636788230423 9312876
1655869637002054708 10213785
1655869637212106989 9484734
1655869637421752585 9258114
1655869637634096244 9587813
1655869637843804442 9297184
1655869638053446359 9260003
1655869638265619436 9414049
1655869638477807492 9426246
1655869638687639103 9420392
1655869638899980327 9646889
1655869639109927210 9560228
1655869639319995186 9677812
1655869639532269015 9398878
1655869639744254955 9204882
1655869639956095320 9195248
1655869640165676496 9196010
1655869640377833750 9366306
1655869640589885634 9247367
1655869640801882228 9242287
1655869641013919634 9219284
1655869641228643495 14142867
1655869641459517066 30469178
1655869641673714403 11447319
1655869641883410516 9297340
1655869642095433486 9331787
1655869642307490877 9364521
1655869642519619209 9345835
1655869642731763575 9249420
1655869642944316093 9724011
1655869643160987498 13919235
1655869643373227769 9416513
1655869643586213371 10098421
1655869643797968802 9084004
1655869644007429357 9076286
1655869644219350364 11489785
1655869644432836257 9858987
1655869644645180003 9483521
1655869644855377787 9624563
1655869645065089374 9108092
1655869645277232791 9369213
1655869645492400306 12210659
1655869645704627709 9547421
1655869645914354285 9313811
1655869646123769566 9024076
1655869646335831691 9327022
1655869646548010841 9436816
1655869646760598093 9875636
1655869646973489646 9969417
1655869647185866433 9579023
1655869647398284789 9556008
1655869647615059994 15799117
1655869647824748937 9297959
1655869648036940982 9466932
1655869648246550561 9227594
1655869648457269586 10336243
1655869648669519255 9426645
1655869648879527670 9557722
1655869649091597073 9331135
1655869649301378119 9369827
1655869649513978976 9855373
1655869649725889382 9150556
1655869649937949560 9325691
1655869650150324656 9616001
1655869650362481294 11761028
1655869650574433410 9255775
1655869650786903888 9783408
1655869651000731132 10892928
1655869651212840939 9364867
1655869651427470521 11917504
1655869651639784811 11880361
1655869651852566200 9833704
1655869652062315385 9152080
1655869652277665311 12535007
1655869652489026120 10420757
1655869652698968280 9331895
1655869652909011657 9636891
1655869653121244561 9454094
1655869653330830562 9199050
1655869653540511862 9258189
1655869653752832067 9481298
1655869653964843768 9218288
1655869654174541979 9280982
1655869654386806227 9489306
1655869654596604163 9379602
1655869654806371216 9364499
1655869655015929692 9166631
1655869655225373693 9039549
1655869655437867637 9757881
1655869655649890954 9248760
1655869655861865669 9163855
1655869656074353226 12073155
1655869656294238782 19473169
1655869656506532527 9646291
1655869656716460934 9534629
1655869656926410699 9524509
1655869657136290978 9490167
1655869657348360760 9344729
1655869657560802718 9789512
1655869657773545040 10008250
1655869657985662276 9393297
1655869658197877583 9411893
1655869658409260372 10995277
1655869658619729664 9981688
1655869658829637855 9509328
1655869659039497728 9494113
1655869659251453734 9289486
1655869659461941296 10110520
1655869659674069848 9323300
1655869659886028214 9243424
1655869660095571573 9148115
1655869660305189740 9206103
1655869660517077963 9223697
1655869660729152775 9356391
1655869660941285509 9377684
1655869661151009454 9317207
1655869661360760517 9482402
1655869661572986623 9475776
1655869661782708864 9314296
1655869661994122233 10999679
1655869662203750461 9222018
1655869662415950786 9437018
1655869662626687537 10339769
1655869662837356471 10372401
1655869663047005741 9268528
1655869663259065846 9563805
1655869663468853447 9309734
1655869663680955402 9279347
1655869663890443363 9090267
1655869664099990360 9159761
1655869664313906896 10077730
1655869664524547358 10179518
1655869664737442789 9162619
1655869664950383339 9125861
1655869665162410012 9213627
1655869665374594642 9261701
1655869665584231323 9389109
1655869665796328287 9467282
1655869666008687294 9719349
1655869666220880045 9316749
1655869666433782720 9820175
1655869666646238240 9371346
1655869666860443545 11358047
1655869667072908907 12078281
1655869667307580057 31644422
1655869667521243258 11045075
1655869667734424818 10456532
1655869667946187574 9103292
1655869668158126879 9102186
1655869668368105703 9590605
1655869668582127854 10425470
1655869668797415956 12137906
1655869669011856239 11634241
1655869669223467448 11140522
1655869669440837569 13836290
1655869669654442453 12729441
1655869669870507060 12823998
1655869670082084221 11078805
1655869670297365491 14444646
1655869670507505443 9539720
1655869670717394350 9472471
1655869670929664716 9449738
1655869671139616763 9561793
1655869671354863275 12579088
1655869671564861633 9594093
1655869671777394054 9833049
1655869671987357523 9570101
1655869672199875597 9640242
1655869672412166130 9411299
1655869672622005448 9443881
1655869672834503063 9733813
1655869673044693889 9615617
1655869673257076017 9505153
1655869673469484565 9649997
1655869673679094412 9200050
1655869673891502257 9491589
1655869674104658381 10352769
1655869674314575938 9501588
1655869674526732636 9357153
1655869674738677942 9284475
1655869674948523387 9410745
1655869675158451957 9526010
1655869675368611735 9758768
1655869675578563167 9545236
1655869675790912712 9525479
1655869676000775037 9455420
1655869676213105340 9508509
1655869676426400721 10445131
1655869676639002289 9804446
1655869676851388712 9622463
1655869677061274343 9456571
1655869677273008200 11309883
1655869677482664272 9231585
1655869677694673110 9269134
1655869677906631840 9170062
1655869678116294967 9259139
1655869678330286155 11220112
1655869678540198925 9507097
1655869678750260422 9644233
1655869678960076383 9421003
1655869679172248677 9398100
1655869679381969104 9304433
1655869679591632204 9252154
1655869679801397991 9369240
1655869680011087953 9273180
1655869680223045472 9272329
1655869680433143872 9691792
1655869680644228906 10598640
1655869680856644353 9589352
1655869681068027731 10978994
1655869681285540681 14109286
1655869681495349486 9407462
1655869681705475562 9724865
1655869681919924334 11669554
1655869682132010968 9284753
1655869682343858519 9179744
1655869682553413381 9155326
1655869682765424003 9258595
1655869682977478980 9144115
1655869683187709948 9823961
1655869683399732978 9308563
1655869683611736471 9350308
1655869683821230796 9101711
1655869684034020302 9990112
1655869684243412876 8977909
1655869684457110030 9880246
1655869684669904549 9229810
1655869684882309098 9399490
1655869685091967778 9260359
1655869685302124056 9730640
1655869685513372384 10829545
1655869685726924518 9309327
1655869685936784265 9361072
1655869686146581351 9415883
1655869686358847339 9198793
1655869686568667711 9405231
1655869686780301154 11243299
1655869686992985333 9649683
1655869687205298693 9359684
1655869687415990029 10295197
1655869687638423893 19553937
1655869687854220768 15398761
1655869688067069814 12167749
1655869688289003455 18610874
1655869688503930988 13724606
1655869688723200627 18868183
1655869688949741284 16105250
1655869689168750593 14694796
1655869689391626133 15393086
1655869689607083255 15051835
1655869689825060140 17548023
1655869690044587885 18701614
1655869690268704133 21331946
1655869690487547914 17263996
1655869690712902293 20553375
1655869690931584281 12488505
1655869691147736254 15749688
1655869691361625190 13479948
1655869691573815179 11745536
1655869691788748463 14463554
1655869692003650940 10583307
1655869692216256845 11503248
1655869692434979361 13703651
1655869692648474454 13218352
1655869692860965096 11876737
1655869693072149113 10370392
1655869693285930576 10451940
1655869693497945020 10955177
1655869693710569822 9244227
1655869693926530856 12472600
1655869694136698048 9761427
1655869694346423231 9321884
1655869694558652561 9365955
1655869694772195081 9411329
1655869694982096558 9516138
1655869695191591129 9135271
1655869695401082007 9084314
1655869695613108976 9105111
1655869695823730714 10221865
1655869696033224099 9108001
1655869696247759072 11780449
1655869696458928643 10772613
1655869696668485440 9220862
1655869696877962548 9083475
1655869697089893375 9205131
1655869697301861644 9277783
1655869697512011034 9760312
1655869697721492922 9098557
1655869697931035494 9140797
