1655868478797053174 282360483
1655868479123619337 119359368
1655868479612049864 199008019
1655868480126515601 188506012
1655868480511713646 118901923
1655868480723518415 10792734
1655868480939648683 11307360
1655868481149559802 9472129
1655868481387181518 34515055
1655868481621266183 24262391
1655868481922150611 98953627
1655868482403396015 218142851
1655868482708404051 102403266
1655868483007772162 98289943
1655868483297875373 78494647
1655868483538009194 36595129
1655868483757958924 17106249
1655868483973605723 15265642
1655868484198758561 21531909
1655868484442435153 38403707
1655868484799271572 97922107
1655868485056668031 48760180
1655868485286978496 26006753
1655868485642729345 151056805
1655868485868029227 16231021
1655868486077769243 9253132
1655868486319866287 29106251
1655868486538708571 18401146
1655868486806000404 64355175
1655868487034210703 27781929
1655868487251105844 13599457
1655868487465273822 13777731
1655868487685424881 15364505
1655868487918071113 29438081
1655868488140765464 17427138
1655868488423536362 34323965
1655868488649435835 25426360
1655868488901810260 47696977
1655868489138041072 29233018
1655868489423587755 80988458
1655868489667665348 27061009
1655868489913642631 45510887
1655868490194366082 77474322
1655868490491641060 92487735
1655868490726133866 24903083
1655868491020376301 93409915
1655868491309470842 81668004
1655868491610064771 95397257
1655868491888596489 76337751
1655868492113140927 20922182
1655868492404244538 90399760
1655868492793367643 181089949
1655868493099790513 104755115
1655868493315150994 13383357
1655868493598692651 78738920
1655868493989751709 186703942
1655868494294458372 104268395
1655868494592621271 97845438
1655868494823931891 30893803
1655868495195025511 104624760
1655868495433686087 18670724
1655868495685282549 50910408
1655868495924751511 38490251
1655868496198129979 70455185
1655868496488363076 88660297
1655868496737690497 30964037
1655868497094007320 102014631
1655868497397193909 99743219
1655868497626640402 24565190
1655868497913139342 78998950
1655868498139239639 14951392
1655868498486116837 96868417
1655868498710372446 18486278
1655868499027550259 115343631
1655868499487055889 246855445
1655868499783847199 91573365
1655868500106350298 108834233
1655868500405046250 92464791
1655868500718849753 102450253
1655868501100002666 115775956
1655868501403077625 88031608
1655868501714642635 110206127
1655868502055733051 70788726
1655868502269607327 10906272
1655868502597855333 112485743
1655868502826128016 25412748
1655868503260284719 233747794
1655868503478307250 17609530
1655868503699128527 17948928
1655868503918835412 18409714
1655868504139623701 20377923
1655868504355492415 15259355
1655868504701237928 119982624
1655868505004898861 100694815
1655868505317251906 93630871
1655868505608298952 67265699
1655868505926004397 101523172
1655868506201430104 65835485
1655868506481990716 77731858
1655868506798888477 112427831
1655868507027847180 28537075
1655868507287888774 51205343
1655868507603966669 106015754
1655868507891343217 81805774
1655868508195966614 104155956
1655868508516355885 114926670
1655868508799924447 80213802
1655868509019207861 18987448
1655868509310820158 84944664
1655868509594993393 82074203
1655868509806691240 11299835
1655868510016254019 9153381
1655868510326691579 44693396
1655868510614508883 82805792
1655868510901119001 78711049
1655868511202120880 95895082
1655868511492517026 85938461
1655868511788029314 91491822
1655868512090447503 69872229
1655868512331366092 35825898
1655868512603537657 21542847
1655868512835432353 24032863
1655868513084865208 42319552
1655868513299833975 10612515
1655868513510542296 10325670
1655868513810839039 96159670
1655868514200257366 188034039
1655868514506745145 74250475
1655868514755158704 47598861
1655868515045888417 51400304
1655868515388328209 139368947
1655868515623085129 19395480
1655868515922967857 84032768
1655868516188926272 56188253
1655868516439293966 46913912
1655868516655185602 13035510
1655868516922780689 41458515
1655868517234128079 110910978
1655868517490669981 55728529
1655868517711401001 19557926
1655868518007606176 92990093
1655868518398650462 116500942
1655868518706830633 102581731
1655868518988326702 78937939
1655868520301082110 1107890790
1655868520519453946 17962363
1655868520734357986 11119962
1655868520946452635 9556703
1655868521212777969 61148079
1655868521513397184 93892003
1655868521727614519 13468702
1655868521997327148 65127693
1655868522230553064 28840452
1655868522444351333 10665263
1655868522710721823 62998430
1655868523004053114 92866447
1655868523386680179 175213929
1655868523619266841 31786202
1655868523885337038 65640857
1655868524101167292 15436192
1655868524390831177 77738716
1655868524617607798 12604083
1655868524909108307 85966170
1655868525191125440 78836770
1655868525506721804 100647319
1655868525811391991 97310631
1655868526038440219 25693227
1655868526307456754 67237919
1655868526585155775 74799126
1655868526831003026 44841793
1655868527104854878 72699209
1655868527411053138 22160133
1655868527696812169 13092010
1655868527995748425 98515654
1655868528222183435 21114534
1655868528447253939 21468967
1655868528662613586 14450565
1655868528897328003 12266628
1655868530135043076 1037298416
1655868530356885772 13067058
1655868530594162108 11410317
1655868530906510097 111402001
1655868531293102248 101768733
1655868531610396506 116108061
1655868531838973321 22972488
1655868532098384004 17100059
1655868532337857829 39044022
1655868532630895777 45046065
1655868532903540683 11084666
1655868533127540765 23553356
1655868533487915573 159373580
1655868533741363352 52347254
1655868533956398169 11865070
1655868534172033924 10731057
1655868534389293972 14433786
1655868534610332662 19608789
1655868534849061367 9488283
1655868535117998894 27824181
1655868535423319785 95992707
1655868535711138925 83246691
1655868536016224667 26227989
1655868536297855207 13225587
1655868536598460212 95485761
1655868536882599895 80418018
1655868537109957670 22317676
1655868537528713813 120041351
1655868537836529379 107413252
1655868538115473789 75188317
1655868538418297679 94246306
1655868538708036889 87824243
1655868538927041833 18539981
1655868539156535364 18407820
1655868539371842425 14914311
1655868539594227279 16067379
1655868539816509727 20239198
1655868541119039520 1090468535
1655868541328849238 9425522
1655868541547630564 13317935
1655868541766485517 14798617
1655868541990126802 23243163
1655868542290916651 99810954
1655868542534674364 43323725
1655868542809049638 24031790
1655868543182623821 165304429
1655868543408940895 25305057
1655868543735055632 109193504
1655868544102666396 90050282
1655868544322626820 17051284
1655868544583091060 60065196
1655868544801699246 12582691
1655868545084550206 80275551
1655868545312329692 21350359
1655868545617426685 89541661
1655868546095814131 264279635
1655868546497213727 196569587
1655868546727624093 30002906
1655868547021736009 40467118
1655868547295359870 70568437
1655868548534069063 1034197450
1655868548796632241 49643018
1655868549030387712 26505712
1655868550254573037 1023787187
1655868550582433000 97092712
1655868550885695028 97747058
1655868551211122648 124622475
1655868551516803035 90244737
1655868551747496723 23275074
1655868552085155393 95834927
1655868552387053578 42299819
1655868552618845747 28183893
1655868552834922243 14662530
1655868553047700936 12443250
1655868553258621907 10432666
1655868553490625883 27214942
1655868553710829418 18940109
1655868553937900548 25141901
1655868554194651648 10637466
1655868554418270104 19163328
1655868554649481614 21045996
1655868554867311995 17427520
1655868555098938735 23696808
1655868555525530886 221794539
1655868555898850171 155016785
1655868556122523743 22980054
1655868556386460316 56208520
1655868556603421698 12619809
1655868556825200112 17239135
1655868557086052791 53275257
1655868557328968668 40748339
1655868557600939228 71401541
1655868557904529681 97429853
1655868558189210873 80980801
1655868558411491490 19596824
1655868558789455642 175956035
1655868559109666344 117408551
1655868559387632432 67728556
1655868559709133748 113547456
1655868561043464013 1111329176
1655868561327145054 73119104
1655868561609683257 24178911
1655868561893647895 81436467
1655868562288065621 175128826
1655868562691072680 198694956
1655868562999497719 107285806
1655868563214965973 14945299
1655868563427131801 11766519
1655868563697612354 16356018
1655868563996184182 94052883
1655868564229542781 32742876
1655868564506724087 25459604
1655868564796986518 84785568
1655868565187286519 187039661
1655868565406648629 14709925
1655868565699103121 91550085
1655868566006817921 87805615
1655868566240281891 24389189
1655868566530813453 49534098
1655868566882067217 93857240
1655868567119463790 35221563
1655868567482197637 93291234
1655868567793246261 99545276
1655868568109320638 115660537
