1653836668574810291 1
1653836668781465569 2
1653836668784933084 3
1653836669001403436 4
1653836670098458711 5
1653836670273517180 6
1653836670492451395 7
1653836671590539563 8
1653836676793931368 9
1653836676891581297 10
1653836679278560081 11
1653836683171612278 12
1653836683269389170 13
1653836684298598505 14
1653836685893440521 15
1653836686369618603 16
1653836687373585164 17
1653836688290523635 18
1653836689404668671 19
1653836690203787169 20
1653836691680497596 21
1653836692288401460 22
1653836692973474551 23
1653836693388356972 24
1653836693898655511 25
1653836694583466172 26
1653836695774396001 27
1653836696872159272 28
1653836697669549101 29
1653836698260478120 30
1653836698771418875 31
1653836699201502475 32
1653836699305344964 33
1653836699392450458 34
1653836699969553271 35
1653836700369450315 36
1653836700878452338 37
1653836701474451858 38
1653836701946014455 39
1653836702676487252 40
1653836703192539154 41
1653836703669354362 42
1653836703985420622 43
1653836704669518391 44
1653836704693517820 45
1653836705319797460 46
1653836705517744328 47
1653836706185703664 48
1653836706504025003 49
1653836706979993213 50
1653836707185540923 51
1653836707602551926 52
1653836708038690844 53
1653836708569135684 54
1653836708969639947 55
1653836709388389515 56
1653836712805090774 57
1653836713212996983 58
1653836714198589308 59
1653836716513072382 60
1653836716870713956 61
1653836717269585054 62
1653836717695207422 63
1653836719669550998 64
1653836719985342104 65
1653836720598829705 66
1653836721069582889 67
1653836721299607738 68
1653836721811801534 69
1653836721981194666 70
1653836722294445310 71
1653836722794754525 72
1653836723174568545 73
1653836723487967747 74
1653836724189660188 75
1653836724281294979 76
1653836724781436357 77
1653836725369374428 78
1653836725795423083 79
1653836726194821262 80
1653836726780607179 81
1653836727241939521 82
1653836731057525164 83
1653836731375511951 84
1653836731779589718 85
1653836732247213351 86
1653836732897642870 87
1653836733595377892 88
1653836735459577794 89
1653836738569736139 90
1653836738872426166 91
1653836739326897688 92
1653836739483543015 93
1653836739970818244 94
1653836739975609860 95
1653836740457581131 96
