1656030098902772633 0
1656030099903958931 0
1656030100905086445 0
1656030101906223093 0
1656030102906887734 0
1656030103908045500 0
1656030104909194003 0
1656030105910318352 0
1656030106911442209 0
1656030107912587252 0
1656030108913741747 21
1656030109914899360 50
1656030110915837511 50
1656030111916806921 50
1656030112917821396 44
1656030113919104013 46
1656030114920412623 50
1656030115921544832 50
1656030116922840431 50
1656030117923823453 49
1656030118924835769 41
1656030119925982709 50
1656030120927324065 50
1656030121928453012 50
1656030122928809602 47
1656030123929875683 48
1656030124930992050 48
1656030125932186085 47
1656030126933317119 50
1656030127934237197 50
1656030128934812952 49
1656030129935814460 48
1656030130936826684 46
1656030131937962248 50
1656030132939185018 47
1656030133940410855 50
1656030134940851628 48
1656030135942141418 49
1656030136942827747 50
1656030137944051981 47
1656030138944808383 48
1656030139946139103 49
1656030140947472433 47
1656030141948590614 49
1656030142949730042 50
1656030143951164817 50
1656030144952801588 48
1656030145953910472 46
1656030146954809471 47
1656030147955928828 49
1656030148957175889 50
1656030149958300765 50
1656030150959544038 50
1656030151959841756 45
1656030152960968558 46
1656030153962096476 50
1656030154963324505 49
1656030155964581352 50
1656030156965820565 48
1656030157967042767 47
1656030158968262147 46
1656030159969430092 50
1656030160970688883 50
1656030161970856649 50
1656030162972075892 49
1656030163973726608 41
1656030164974908598 50
1656030165976029908 50
1656030166977143679 50
1656030167978276681 50
1656030168979536396 47
1656030169980688517 44
1656030170981812380 49
1656030171982928631 50
1656030172983851460 50
1656030173985272051 50
1656030174985862699 49
1656030175986827903 46
1656030176987964774 46
1656030177989215461 49
1656030178990470196 50
1656030179991631694 50
1656030180992962243 50
1656030181993813694 44
1656030182995407870 47
1656030183996525270 50
1656030184997652401 49
1656030185998898398 50
1656030187000005849 50
1656030188001120015 42
1656030189002174511 50
1656030190003343631 49
1656030191004593000 50
1656030192004822185 50
1656030193005813801 49
1656030194007041494 43
1656030195007815127 50
1656030196008954543 49
1656030197010227118 49
