1656031083682918637 0
1656031084684115290 0
1656031085685278869 0
1656031086686445953 0
1656031087686835572 0
1656031088688017766 0
1656031089688835415 0
1656031090689963540 0
1656031091691108572 0
1656031092691839857 7
1656031093693005328 109
1656031094694414015 170
1656031095695595659 159
1656031096697035005 126
1656031097698343768 240
1656031098699713273 245
1656031099700848043 117
1656031100701967703 206
1656031101703513396 173
1656031102704822459 114
1656031103706079083 182
1656031104706824712 124
1656031105707970323 117
1656031106708806130 193
1656031107709958575 241
1656031108711098284 216
1656031109712068687 221
1656031110713678722 227
1656031111714821884 165
1656031112715843464 136
1656031113716809479 144
1656031114718525511 126
1656031115718801446 211
1656031116719813677 192
1656031117721568807 122
1656031118722828269 110
1656031119723827192 169
1656031120724951873 206
1656031121726248612 109
1656031122727029149 80
1656031123727873703 227
1656031124728860788 115
1656031125729818113 197
1656031126730821994 248
1656031127731839421 191
1656031128732808523 190
1656031129733821117 129
1656031130734811982 117
1656031131735801285 105
1656031132736821062 135
1656031133738334469 244
1656031134738860526 224
1656031135739842545 150
1656031136740809831 85
1656031137741809441 222
1656031138743436231 223
1656031139744681960 91
1656031140745820133 118
1656031141746820007 98
1656031142748040902 151
1656031143748836232 215
1656031144749944754 261
1656031145750808963 186
1656031146751927169 175
1656031147753233958 108
1656031148754502604 95
1656031149755859492 89
1656031150756973505 162
1656031151758204024 172
1656031152759320681 135
1656031153760424689 155
1656031154761674995 160
1656031155762928506 114
1656031156764179983 63
1656031157765313867 138
1656031158766571767 232
1656031159767572368 222
1656031160768705048 104
1656031161769933687 114
1656031162771051443 118
1656031163771855144 94
1656031164773854519 194
1656031165775101752 145
1656031166776389075 120
1656031167776820898 73
1656031168777951763 125
1656031169779218035 155
1656031170780453973 150
1656031171781915001 184
1656031172783076056 138
1656031173783815063 213
1656031174785071214 185
1656031175785834323 170
1656031176787077230 183
1656031177788286773 105
1656031178789517693 169
1656031179790651844 133
1656031180791803819 139
1656031181793043142 127
