1656031330472915566 0
1656031331474440868 0
1656031332475578376 0
1656031333476690216 0
1656031334477874129 0
1656031335478991753 0
1656031336480112093 0
1656031337481247054 0
1656031338482402533 0
1656031339483340648 0
1656031340483826577 90
1656031341484816783 118
1656031342485916091 133
1656031343486398660 177
1656031344487527054 202
1656031345488627657 207
1656031346489734398 57
1656031347490952151 84
1656031348492077190 82
1656031349492818373 119
1656031350493946575 170
1656031351494810056 219
1656031352495817015 142
1656031353496820618 103
1656031354497927023 177
1656031355499120875 205
1656031356500667661 123
1656031357501817454 225
1656031358502920756 252
1656031359504162069 236
1656031360505747947 206
1656031361506883633 55
1656031362508118124 100
1656031363509249516 240
1656031364510511643 244
1656031365511797092 232
1656031366513000014 143
1656031367514189119 113
1656031368514817203 140
1656031369515918061 169
1656031370516809141 243
1656031371517908619 123
1656031372518566359 92
1656031373519667707 89
1656031374520783286 147
1656031375521879685 166
1656031376523440437 139
1656031377524636707 114
1656031378524821739 171
1656031379525815711 108
1656031380526915779 216
1656031381527812034 168
1656031382528810103 126
1656031383529823027 178
1656031384530919289 203
1656031385531820851 156
1656031386532817525 112
1656031387533928728 163
1656031388534813247 137
1656031389535816149 183
1656031390536807484 115
1656031391537820202 136
1656031392538818187 141
1656031393540017079 187
1656031394541191327 111
1656031395542946286 169
1656031396543831506 156
1656031397544793892 176
1656031398545819720 226
1656031399546936275 164
1656031400548038856 178
1656031401549185302 149
1656031402549870960 165
1656031403551071322 179
1656031404552187124 194
1656031405553308184 96
1656031406554432793 202
1656031407554876910 254
1656031408555832825 218
1656031409557238356 147
1656031410557820997 128
1656031411559348448 146
1656031412560352972 216
1656031413561616937 96
1656031414562127513 83
1656031415563584490 201
1656031416564901410 212
1656031417565833073 150
1656031418567998158 75
1656031419568813642 216
1656031420569809896 144
1656031421570839225 109
1656031422571989371 115
1656031423572815461 179
1656031424573926724 168
1656031425575033940 168
1656031426576250773 198
1656031427576811832 154
1656031428577923825 84
1656031429579354397 112
