1656030222008322131 0
1656030223009928526 0
1656030224011078010 0
1656030225012213287 0
1656030226013341163 0
1656030227013839136 0
1656030228014977752 0
1656030229016128340 0
1656030230017271950 0
1656030231018408121 17
1656030232018847743 74
1656030233019806879 72
1656030234020944433 67
1656030235022176785 75
1656030236023600672 75
1656030237024941510 72
1656030238025436657 75
1656030239026713062 67
1656030240027890438 73
1656030241029003715 73
1656030242030903290 75
1656030243032116209 71
1656030244032816915 72
1656030245033831988 71
1656030246034945044 71
1656030247036561208 75
1656030248036805858 75
1656030249037922301 71
1656030250039319974 71
1656030251040838680 70
1656030252041971901 75
1656030253042827486 73
1656030254044220232 71
1656030255045316697 74
1656030256046865451 68
1656030257048003451 75
1656030258049410817 74
1656030259050646722 71
1656030260051946529 73
1656030261053156974 70
1656030262054291972 75
1656030263055522794 72
1656030264056120932 75
1656030265057703612 72
1656030266059049168 70
1656030267059814143 74
1656030268060955281 74
1656030269061373002 70
1656030270062128347 75
1656030271062862750 68
1656030272063814398 75
1656030273064832538 69
1656030274065972461 74
1656030275066959496 75
1656030276068096578 70
1656030277068812716 75
1656030278069921821 66
1656030279071329905 75
1656030280072462666 75
1656030281072806245 74
1656030282074440193 67
1656030283074823523 71
1656030284075938650 73
1656030285077064271 68
1656030286078282322 75
1656030287079520883 75
1656030288080718824 71
1656030289081844124 73
1656030290082828626 71
1656030291084086451 71
1656030292085293251 74
1656030293086419375 75
1656030294086822554 74
1656030295088231705 69
1656030296088811152 72
1656030297090084801 72
1656030298090847173 74
1656030299091827949 74
1656030300092816760 75
1656030301093825898 70
1656030302095250605 73
1656030303096360350 72
1656030304097539247 72
1656030305098647718 75
1656030306098826809 70
1656030307099969424 74
1656030308100822891 75
1656030309101829393 69
1656030310102819676 72
1656030311103821830 75
1656030312104809849 72
1656030313105904023 69
1656030314106850079 73
1656030315108017722 75
1656030316108814186 72
1656030317109819013 75
1656030318110914034 71
1656030319111814235 72
1656030320112831107 71
