1656029855063990815 0
1656029856065529552 0
1656029857066661752 0
1656029858067310699 0
1656029859068272367 0
1656029860069385348 0
1656029861070499400 0
1656029862071608017 0
1656029863072861341 8
1656029864073980831 10
1656029865075089661 10
1656029866076193654 10
1656029867077306336 10
1656029868077838161 10
1656029869078827275 10
1656029870079832334 8
1656029871081023374 10
1656029872081560673 10
1656029873082682395 10
1656029874083806087 10
1656029875084928212 10
1656029876086026932 10
1656029877087148726 8
1656029878088257741 10
1656029879089361427 10
1656029880090465158 10
1656029881091577501 10
1656029882092681771 10
1656029883093794229 10
1656029884094901421 8
1656029885096020694 10
1656029886097286835 10
1656029887098429363 10
1656029888098844681 10
1656029889099972037 10
1656029890101204591 10
1656029891102324906 8
1656029892103434229 10
1656029893104549121 10
1656029894105657342 10
1656029895106818074 10
1656029896107924492 10
1656029897109059256 10
1656029898109832267 8
1656029899110972884 10
1656029900112091484 10
1656029901113296992 10
1656029902114399988 10
1656029903115503984 10
1656029904115826654 9
1656029905116937603 9
1656029906118055684 10
1656029907119266283 10
1656029908120370036 10
1656029909121580679 10
1656029910122697043 10
1656029911123357154 8
1656029912124051472 10
1656029913125174200 10
1656029914126291315 10
1656029915127414721 10
1656029916127840160 10
1656029917128930246 10
1656029918130043236 8
1656029919130824497 10
1656029920131823545 10
1656029921132962258 10
1656029922134090760 10
1656029923135202444 10
1656029924136313483 10
1656029925137425233 8
1656029926138553204 10
1656029927139037237 10
1656029928140157721 10
1656029929141281379 10
1656029930142403239 10
1656029931143121764 10
1656029932144242093 8
1656029933145355178 10
1656029934146463869 10
1656029935147696249 10
1656029936148813125 10
1656029937150040979 10
1656029938150876088 8
1656029939152000913 10
1656029940153226538 10
1656029941154391601 10
1656029942155519524 10
1656029943156630110 10
1656029944157727129 10
1656029945158867415 8
1656029946159820712 10
1656029947160929758 10
1656029948162065679 10
1656029949163288218 10
1656029950163663579 10
1656029951164812125 10
1656029952165928192 8
