1656030345506929169 0
1656030346508209877 0
1656030347509348471 0
1656030348510494855 0
1656030349511634269 0
1656030350512827257 0
1656030351513846710 0
1656030352514973745 0
1656030353516126518 0
1656030354516840016 0
1656030355517832189 80
1656030356519002174 93
1656030357520430460 94
1656030358520838054 97
1656030359521830950 100
1656030360522812174 93
1656030361523974315 96
1656030362525108486 100
1656030363525353808 95
1656030364526637921 97
1656030365527821711 96
1656030366529141402 95
1656030367530276622 98
1656030368530826679 99
1656030369531849212 96
1656030370532962437 97
1656030371534242361 95
1656030372535482613 97
1656030373535815793 99
1656030374536964920 93
1656030375537819808 99
1656030376538813367 97
1656030377539950657 96
1656030378540821729 100
1656030379542068330 92
1656030380542854627 95
1656030381543837409 99
1656030382546865652 98
1656030383547804921 100
1656030384548812885 91
1656030385549925058 93
1656030386551157757 100
1656030387552394760 95
1656030388553501851 99
1656030389554666932 92
1656030390555821754 96
1656030391557128213 99
1656030392558278120 100
1656030393558874574 87
1656030394559809432 96
1656030395560831325 98
1656030396562002482 94
1656030397562848456 99
1656030398564539039 85
1656030399564840898 90
1656030400565964433 98
1656030401567075109 98
1656030402567827162 90
1656030403568963835 98
1656030404569820094 98
1656030405571137248 94
1656030406571818084 100
1656030407573034377 95
1656030408574263683 98
1656030409575524536 97
1656030410575844917 100
1656030411576886993 95
1656030412578202533 95
1656030413579389027 96
1656030414580526631 99
1656030415581817547 98
1656030416582813151 100
1656030417584059567 89
1656030418585596305 100
1656030419586883256 96
1656030420587994200 93
1656030421589410736 98
1656030422590553747 97
1656030423591781291 97
1656030424592903011 100
1656030425593822057 96
1656030426594847761 92
1656030427596267818 100
1656030428597808770 96
1656030429598940487 98
1656030430600075583 97
1656030431601903172 92
1656030432603209871 97
1656030433604563607 100
1656030434605818650 96
1656030435606811810 98
1656030436607817800 93
1656030437608815175 98
1656030438610639935 99
1656030439611830629 97
1656030440612970533 96
1656030441613705513 96
1656030442615821410 97
1656030443616545220 92
