1656030467780967931 0
1656030468782602145 0
1656030469783753462 0
1656030470784923388 0
1656030471786038188 0
1656030472787163636 0
1656030473788311951 0
1656030474789494599 0
1656030475790624666 0
1656030476791776131 0
1656030477792908668 22
1656030478794083725 119
1656030479795337649 121
1656030480795805778 123
1656030481797062761 116
1656030482797839619 121
1656030483798971137 125
1656030484799889308 122
1656030485801022377 116
1656030486802147867 121
1656030487803570107 120
1656030488804831933 121
1656030489806070659 115
1656030490807184625 125
1656030491808433802 116
1656030492809879037 123
1656030493810810608 118
1656030494811971245 121
1656030495812816118 125
1656030496813807629 117
1656030497815129964 122
1656030498815827147 123
1656030499816822358 118
1656030500817930974 123
1656030501819186657 118
1656030502820431097 123
1656030503820819833 115
1656030504821829270 121
1656030505823458092 117
1656030506824943976 98
1656030507826069568 80
1656030508826870971 119
1656030509828122685 120
1656030510828823479 124
1656030511829813115 119
1656030512830939796 123
1656030513832571062 116
1656030514833815256 124
1656030515834824181 125
1656030516836100308 117
1656030517837334713 115
1656030518838849440 119
1656030519839831701 104
1656030520840833868 118
1656030521841572412 121
1656030522842804827 117
1656030523843827597 124
1656030524845024044 121
1656030525845859770 117
1656030526847141803 121
1656030527847851582 125
1656030528848983395 117
1656030529849854442 119
1656030530851126574 119
1656030531851812637 125
1656030532853036294 115
1656030533854308743 125
1656030534854817765 122
1656030535856233777 116
1656030536857479638 124
1656030537858965823 114
1656030538860626558 124
1656030539862039094 119
1656030540862819334 121
1656030541863846191 119
1656030542865448932 120
1656030543866291987 125
1656030544867546104 119
1656030545868805796 121
1656030546870034606 118
1656030547871300582 120
1656030548872454731 124
1656030549873566397 118
1656030550874779254 119
1656030551876058347 119
1656030552876843414 109
1656030553877995222 122
1656030554878834233 124
1656030555880498546 111
1656030556881856111 118
1656030557882816021 125
1656030558884445691 120
1656030559885745862 119
1656030560886886008 113
1656030561887814984 124
1656030562888851460 119
1656030563889848262 117
1656030564890811177 123
1656030565891936642 121
