1656029976663621502 0
1656029977664799717 0
1656029978665931572 0
1656029979666829367 0
1656029980667975153 0
1656029981669112145 0
1656029982669823631 0
1656029983670967222 0
1656029984672092347 0
1656029985672821631 23
1656029986673933690 22
1656029987675180643 25
1656029988676492487 25
1656029989677353106 25
1656029990678484636 23
1656029991679601636 25
1656029992680718527 25
1656029993682021370 22
1656029994683143626 25
1656029995684264661 25
1656029996684860242 25
1656029997686115528 23
1656029998687339183 25
1656029999687840973 25
1656030000688970155 22
1656030001690104059 25
1656030002691227747 25
1656030003692390503 23
1656030004693559582 25
1656030005694742832 25
1656030006696036917 25
1656030007696821410 23
1656030008698007367 24
1656030009698835836 25
1656030010699970898 23
1656030011700874088 25
1656030012701993662 25
1656030013702824064 25
1656030014703930094 23
1656030015705049676 24
1656030016705819021 25
1656030017706943074 23
1656030018708164635 25
1656030019708838471 25
1656030020709970954 23
1656030021711083129 25
1656030022712208388 24
1656030023712812176 25
1656030024713952674 23
1656030025715072765 25
1656030026716383129 25
1656030027717512242 23
1656030028718633468 25
1656030029719002571 24
1656030030721916625 23
1656030031723059805 25
1656030032724186389 25
1656030033725331678 25
1656030034726458784 23
1656030035727585593 25
1656030036729227066 25
1656030037730361394 22
1656030038730818052 25
1656030039731820505 25
1656030040732825473 25
1656030041733944249 23
1656030042735065453 25
1656030043736262769 25
1656030044737387779 22
1656030045738543387 25
1656030046739811136 25
1656030047740926974 25
1656030048742591559 23
1656030049743713681 25
1656030050744906363 25
1656030051746052273 23
1656030052747181947 24
1656030053748308054 25
1656030054748807023 25
1656030055749944049 23
1656030056751092997 25
1656030057752250568 25
1656030058752818210 23
1656030059753947814 24
1656030060755226546 25
1656030061756370224 25
1656030062757487792 23
1656030063758906892 25
1656030064760032437 25
1656030065761139404 23
1656030066762260372 24
1656030067763407488 25
1656030068763845219 23
1656030069764828258 25
1656030070765949295 25
1656030071767086866 25
1656030072768216517 23
1656030073769439905 25
1656030074770648579 24
