1656030713301949590 0
1656030714303112742 0
1656030715304273741 0
1656030716305437082 0
1656030717306572738 0
1656030718307841915 0
1656030719308969585 0
1656030720310085529 0
1656030721311229999 0
1656030722312359870 0
1656030723313489106 63
1656030724314734293 200
1656030725315868625 147
1656030726317307255 155
1656030727318543958 121
1656030728318857338 213
1656030729319880123 230
1656030730321455012 253
1656030731321834155 221
1656030732322807653 190
1656030733324261026 124
1656030734325558386 118
1656030735326734968 125
1656030736327921855 73
1656030737329070811 160
1656030738330212225 91
1656030739330817026 150
1656030740332030408 92
1656030741333144719 134
1656030742333832052 251
1656030743334817054 243
1656030744335803109 180
1656030745336716193 110
1656030746337833991 117
1656030747339145499 189
1656030748340621601 250
1656030749341882892 164
1656030750343102428 108
1656030751344395804 114
1656030752345500286 105
1656030753345817905 166
1656030754346809442 235
1656030755348022889 231
1656030756349281795 256
1656030757349821372 232
1656030758350821213 249
1656030759352044405 189
1656030760353158446 96
1656030761353817694 110
1656030762354916715 51
1656030763355822128 192
1656030764356819389 168
1656030765357941418 120
1656030766358810703 154
1656030767359823353 235
1656030768360827751 230
1656030769362027248 260
1656030770362825211 217
1656030771364353017 82
1656030772364825495 118
1656030773366044222 217
1656030774367447424 186
1656030775368571434 86
1656030776369905585 123
1656030777371092386 96
1656030778371829992 217
1656030779373747608 244
1656030780374803589 210
1656030781375811118 242
1656030782376914850 249
1656030783377824836 256
1656030784379460140 223
1656030785379801078 188
1656030786380909784 78
1656030787382017839 135
1656030788383120614 119
1656030789383843067 111
1656030790385345644 202
1656030791386540092 195
1656030792387644478 173
1656030793388917524 79
1656030794390168959 97
1656030795391395114 172
1656030796392619509 112
1656030797393916905 132
1656030798394832959 224
1656030799396029773 221
1656030800396826492 229
1656030801397832138 268
1656030802398843659 233
1656030803399958412 242
1656030804400819555 215
1656030805401956432 235
1656030806402824410 244
1656030807403872779 250
1656030808404873259 230
1656030809405799684 253
1656030810407004665 234
1656030811407388684 235
