1656030836564231204 0
1656030837565705726 0
1656030838566828897 0
1656030839567846764 0
1656030840568818913 0
1656030841569820362 0
1656030842570828330 0
1656030843571837636 0
1656030844572819492 0
1656030845573863896 0
1656030846574818797 83
1656030847575916033 157
1656030848576816120 227
1656030849577803816 139
1656030850578816103 111
1656030851579824654 217
1656030852580935288 232
1656030853581809095 127
1656030854583097339 228
1656030855584196958 199
1656030856585403304 67
1656030857586608209 148
1656030858586874021 120
1656030859588034996 189
1656030860589224502 239
1656030861589821131 124
1656030862590804230 175
1656030863591912686 167
1656030864592839382 125
1656030865593942872 152
1656030866595215921 238
1656030867596448049 207
1656030868596826786 88
1656030869597933712 133
1656030870598806974 235
1656030871600012777 230
1656030872601604395 190
1656030873602893130 78
1656030874604014255 159
1656030875605125818 101
1656030876605812948 142
1656030877606933341 93
1656030878607873764 107
1656030879608792906 116
1656030880609812595 159
1656030881610924068 139
1656030882612028225 128
1656030883613232398 141
1656030884614804244 88
1656030885615818620 164
1656030886616813374 181
1656030887618060763 140
1656030888618640404 136
1656030889619777537 147
1656030890620979818 106
1656030891622213285 87
1656030892622827725 183
1656030893623812822 253
1656030894624830282 230
1656030895625923865 207
1656030896626808391 233
1656030897627978333 183
1656030898629348897 133
1656030899629837950 165
1656030900630850078 93
1656030901631805879 114
1656030902632946554 198
1656030903634217583 140
1656030904634840492 234
1656030905636597804 203
1656030906638501235 150
1656030907639616872 143
1656030908640813028 122
1656030909641929859 122
1656030910643043333 123
1656030911644611019 93
1656030912644998917 120
1656030913646398032 139
1656030914646870298 157
1656030915647821837 167
1656030916648813273 171
1656030917649822651 140
1656030918650836507 138
1656030919652008244 135
1656030920653145977 110
1656030921654253769 112
1656030922655371340 98
1656030923655817216 109
1656030924656851434 236
1656030925657833309 207
1656030926658812083 262
1656030927660036952 227
1656030928661107033 256
1656030929661825298 193
1656030930663057731 131
1656030931664169173 92
1656030932665443441 169
1656030933666816947 243
1656030934667813454 239
