time,operation,name,city
1653844734892818847,INSERT,oonk,uerly
1653844734892845812,INSERT,oeft,iurly
1653844734892861091,INSERT,oiah,eoll
1653844734892867042,INSERT,ool,osly
1653844734892871903,INSERT,uirg,oebs
1653844734892876804,INSERT,eurn,iects
1653844734892881855,INSERT,az,oiat
1653844734892886715,INSERT,eiak,af
1653844734892891500,INSERT,eiaks,iurr
1653844734892896563,INSERT,aiocts,ents
1653844734892901857,INSERT,iups,oy
1653844734892906723,INSERT,aionts,ausk
1653844734892911457,INSERT,eeb,antz
1653844734892916197,INSERT,eolly,iaopt
1653844734892920837,INSERT,oolls,usts
1653844734892925570,INSERT,ieutt,uirly
1653844734892938591,INSERT,oiagy,ioulls
1653844734892946652,INSERT,auev,oeght
1653844734892960033,INSERT,auews,uards
1653844734892964926,INSERT,oots,iapt
1653844734892969656,INSERT,eoh,aioz
1653844734892974284,INSERT,eow,etz
1653844734892978957,INSERT,aiall,ack
1653844734892983659,INSERT,uierry,uird
1653844734892995308,INSERT,uond,urts
1653844734893000885,INSERT,oasm,oiarth
1653844734893021981,INSERT,oerg,iedy
1653844734893027801,INSERT,uety,uas
1653844734893032420,INSERT,eiadly,aeff
1653844734893037158,INSERT,iourn,uncy
1653844734893041659,INSERT,eac,ieuty
1653844734893046200,INSERT,esp,iews
1653844734893050752,INSERT,aert,ir
1653844734893055334,INSERT,aul,aarr
1653844734893059805,INSERT,oody,uff
1653844734893064372,INSERT,ourn,euch
1653844734893075768,INSERT,oors,oiws
1653844734893081393,INSERT,iert,ap
1653844734893085857,INSERT,eed,aary
1653844734893090307,INSERT,aobs,oiarn
1653844734893094828,INSERT,eiancy,aiod
1653844734893099496,INSERT,uatz,aiact
1653844734893104193,INSERT,outy,oacts
1653844734893117077,INSERT,oust,iony
1653844734893122296,INSERT,osts,eaugh
1653844734893126807,INSERT,iolt,uieny
1653844734893131383,INSERT,urt,iwn
1653844734893135977,INSERT,aoz,uierm
1653844734893140573,INSERT,all,aolly
1653844734893145120,INSERT,uohl,aig
1653844737898029829,INSERT,aiacs,oufy
1653844737898089597,INSERT,oiarn,eald
1653844737898098738,INSERT,oash,iougs
1653844737898104277,INSERT,uim,aez
1653844737898109268,INSERT,uib,eadly
1653844737898126075,INSERT,iaoh,oorst
1653844737898131119,INSERT,iaw,aoly
1653844737898143114,INSERT,ob,eirts
1653844737898156301,INSERT,eaull,oays
1653844737898168813,INSERT,aerf,oocts
1653844737898174903,INSERT,iemp,uark
1653844737898179699,INSERT,eauys,ov
1653844737898184323,INSERT,iaorry,uind
1653844737898189236,INSERT,aiary,oorg
1653844737898194134,INSERT,uesk,eaurg
1653844737898213696,INSERT,oiarr,iight
1653844737898219208,INSERT,eerds,eausp
1653844737898224168,INSERT,eann,uetch
1653844737898228915,INSERT,eiap,iass
1653844737898233808,INSERT,oinds,ek
1653844737898240689,INSERT,uacy,auegy
1653844737898245361,INSERT,auly,eest
1653844737898257988,INSERT,aiarth,aus
1653844737898262661,INSERT,iatch,eecs
1653844737898267230,INSERT,iouts,uery
1653844737898272053,INSERT,iuy,ets
1653844737898300560,INSERT,uatch,ail
1653844737898306629,INSERT,iaorst,ois
1653844737898311180,INSERT,ounn,aerry
1653844737898315799,INSERT,oes,oiaft
1653844737898330241,INSERT,ify,aehn
1653844737898335127,INSERT,euls,eax
1653844737898339809,INSERT,oorst,iepp
1653844737898344407,INSERT,eft,arr
1653844737898349290,INSERT,uad,oiaps
1653844737898362815,INSERT,eohn,iinn
1653844737898375252,INSERT,aums,eods
1653844737898381143,INSERT,aacy,eungly
1653844737898385951,INSERT,aiards,aorts
1653844737898391038,INSERT,aur,aiongs
1653844737898396187,INSERT,aw,oangly
1653844737898400886,INSERT,aioss,austs
1653844737898405562,INSERT,eoys,ouds
1653844737898410431,INSERT,iihn,ing
1653844737898415004,INSERT,iing,iaols
1653844737898419595,INSERT,ools,ainds
1653844737898424082,INSERT,uiett,auer
1653844737898428878,INSERT,urm,aarr
1653844737898433543,INSERT,uahn,eintz
1653844737898438072,INSERT,iounn,uers
1653844743399001319,INSERT,iaold,uirry
1653844743399061470,INSERT,uorn,aimp
1653844743399070454,INSERT,utt,aerry
1653844743399084957,INSERT,uor,auent
1653844743399089972,INSERT,iugy,ieug
1653844743399094963,INSERT,eird,oucks
1653844743399107958,INSERT,auehn,iow
1653844743399112714,INSERT,ouct,uirts
1653844743399117497,INSERT,uaty,eirr
1653844743399129264,INSERT,atz,aihn
1653844743399135315,INSERT,unt,eaurn
1653844743399147257,INSERT,ied,eirk
1653844743399152481,INSERT,aabs,uitch
1653844743399165362,INSERT,er,aionn
1653844743399170183,INSERT,aaz,aiams
1653844743399174781,INSERT,oeg,oafy
1653844743399179711,INSERT,uz,ionds
1653844743399184465,INSERT,itz,aec
1653844743399191035,INSERT,oiany,oorg
1653844743399195667,INSERT,ienk,uff
1653844743399229427,INSERT,iards,uss
1653844743399235238,INSERT,oefy,ieuwn
1653844743399240017,INSERT,aer,uirg
1653844743399244647,INSERT,auenk,ais
1653844743399258827,INSERT,urst,aisp
1653844743399263738,INSERT,oends,ieurth
1653844743399283197,INSERT,uigh,iif
1653844743399289297,INSERT,iirly,eff
1653844743399294113,INSERT,uihn,ucs
1653844743399298648,INSERT,eord,iify
1653844743399303467,INSERT,iism,ity
1653844743399308014,INSERT,ueks,oerty
1653844743399312917,INSERT,eutt,uips
1653844743399326097,INSERT,alt,ialt
1653844743399330873,INSERT,iouk,uins
1653844743399335504,INSERT,iwn,uirds
1653844743399347501,INSERT,oilly,aufy
1653844743399353397,INSERT,uacts,iourf
1653844743399358223,INSERT,uty,eiss
1653844743399362846,INSERT,iasm,aaft
1653844743399367514,INSERT,aist,aup
1653844743399372094,INSERT,aop,uierts
1653844743399376739,INSERT,iend,eiaws
1653844743399381373,INSERT,uncy,eidly
1653844743399385999,INSERT,ioutz,oerf
1653844743399390940,INSERT,auell,aux
1653844743399395691,INSERT,iarth,uer
1653844743399400483,INSERT,eony,oacts
1653844743399405102,INSERT,uihn,iaort
1653844743399409682,INSERT,euws,ings
1653844744210815860,INSERT,aends,aiaws
1653844744210883257,INSERT,uingly,ieus
1653844744210902312,INSERT,oirth,aebs
1653844744210908767,INSERT,iungly,eicy
1653844744210914480,INSERT,oocks,eoct
1653844744210919715,INSERT,uosh,uish
1653844744210925074,INSERT,iusly,arg
1653844744210929993,INSERT,auelly,aehl
1653844744210934875,INSERT,uield,iarly
1653844744210942477,INSERT,ioup,urm
1653844744210955190,INSERT,ieull,uarm
1653844744210960263,INSERT,euny,eerr
1653844744210965120,INSERT,iintz,uord
1653844744210970013,INSERT,eld,aiags
1653844744210974742,INSERT,aid,aohn
1653844744210979462,INSERT,ow,auerds
1653844744210984195,INSERT,oam,atts
1653844744211001022,INSERT,uov,aiody
1653844744211005855,INSERT,iurf,uory
1653844744211010557,INSERT,oaty,iuly
1653844744211015319,INSERT,auemp,uost
1653844744211020075,INSERT,aang,iountz
1653844744211026996,INSERT,iow,ieuk
1653844744211031791,INSERT,aosk,aorg
1653844744211045330,INSERT,uin,auers
1653844744211050253,INSERT,auegy,eiys
1653844744211063419,INSERT,eids,ausp
1653844744211069895,INSERT,iarr,out
1653844744211084931,INSERT,eiamp,aeb
1653844744211089905,INSERT,eutts,eintly
1653844744211094701,INSERT,elt,aungs
1653844744211099419,INSERT,eucs,uorly
1653844744211104327,INSERT,eepp,uob
1653844744211109151,INSERT,eobly,eoh
1653844744211113819,INSERT,eal,uach
1653844744211118670,INSERT,arg,oirts
1653844744211131019,INSERT,aiotts,oiss
1653844744211144446,INSERT,auets,aueg
1653844744211149297,INSERT,eitts,eangly
1653844744211154202,INSERT,aiorn,iock
1653844744211159157,INSERT,uacs,eump
1653844744211164055,INSERT,aams,iaotch
1653844744211169290,INSERT,aorst,auegy
1653844744211174153,INSERT,iar,oerk
1653844744211178887,INSERT,ig,aiolt
1653844744211183637,INSERT,oengly,orry
1653844744211188439,INSERT,uerm,oiask
1653844744211193394,INSERT,iz,aesk
1653844744211198159,INSERT,uims,eips
1653844744211202838,INSERT,uev,eesm
1653844748514459289,INSERT,ioungs,aosm
1653844748514520776,INSERT,iuv,aok
1653844748514535828,INSERT,eump,ausm
1653844748514541576,INSERT,aang,uatch
1653844748514554855,INSERT,oerd,auests
1653844748514559902,INSERT,eesh,ioys
1653844748514564796,INSERT,oat,out
1653844748514569520,INSERT,iusm,aially
1653844748514574300,INSERT,eauft,uiff
1653844748514594034,INSERT,uith,ueks
1653844748514599996,INSERT,aiats,iourr
1653844748514604841,INSERT,eaudy,iurg
1653844748514609802,INSERT,iuy,uars
1653844748514614892,INSERT,uik,oards
1653844748514621395,INSERT,eos,eiasly
1653844748514626067,INSERT,iaorth,eitts
1653844748514673384,INSERT,uaw,easly
1653844748514682232,INSERT,ulls,eauw
1653844748514690761,INSERT,aafy,aept
1653844748514696110,INSERT,uiells,iurf
1653844748514710042,INSERT,ail,ieupp
1653844748514715049,INSERT,aiath,aict
1653844748514719814,INSERT,eosts,ioth
1653844748514724725,INSERT,erk,iimp
1653844748514729792,INSERT,eiss,aiast
1653844748514734853,INSERT,eirty,iouff
1653844748514754171,INSERT,eob,eads
1653844748514760200,INSERT,aft,osk
1653844748514764933,INSERT,acts,uents
1653844748514778749,INSERT,uonk,angly
1653844748514783522,INSERT,oiams,uoz
1653844748514788455,INSERT,aiotz,ofy
1653844748514793264,INSERT,eiarty,aiantz
1653844748514798105,INSERT,aiohl,aueps
1653844748514802716,INSERT,uemp,aitts
1653844748514807291,INSERT,euss,aoz
1653844748514830083,INSERT,uop,aioks
1653844748514836592,INSERT,iintz,uets
1653844748514841202,INSERT,uiesp,ioct
1653844748514845836,INSERT,oudly,eust
1653844748514850431,INSERT,easm,oongs
1653844748514855001,INSERT,ools,iiys
1653844748514860263,INSERT,uors,ioks
1653844748514864887,INSERT,uks,onds
1653844748514869509,INSERT,ahn,uols
1653844748514874067,INSERT,autt,euns
1653844748514878604,INSERT,aueks,oiann
1653844748514883617,INSERT,iaongly,ous
1653844748514888306,INSERT,aaff,eosk
1653844748514892896,INSERT,oitts,auev
1653844753691107797,INSERT,aians,auend
1653844753691187688,INSERT,aewn,antz
1653844753691206097,INSERT,eiass,aof
1653844753691216186,INSERT,ouw,uirk
1653844753691225212,INSERT,uosm,oons
1653844753691245279,INSERT,ueg,oeff
1653844753691253428,INSERT,aioft,eilt
1653844753691262172,INSERT,uibly,uch
1653844753691270661,INSERT,aupt,eb
1653844753691290032,INSERT,uiny,oiss
1653844753691300531,INSERT,auly,aues
1653844753691319347,INSERT,eungs,eulls
1653844753691327442,INSERT,eerty,aofy
1653844753691336312,INSERT,iourd,uatz
1653844753691344183,INSERT,uacy,oantz
1653844753691352421,INSERT,iolls,iags
1653844753691363538,INSERT,aueys,efy
1653844753691372093,INSERT,ueff,uhn
1653844753691394033,INSERT,iounds,auegs
1653844753691402360,INSERT,aian,eeft
1653844753691410546,INSERT,id,ioull
1653844753691418277,INSERT,ioury,eesh
1653844753691442968,INSERT,iutts,ogs
1653844753691451601,INSERT,iek,iaorth
1653844753691460061,INSERT,eem,eell
1653844753691468224,INSERT,oell,oias
1653844753691499713,INSERT,ieuks,oent
1653844753691509796,INSERT,uib,ioury
1653844753691517629,INSERT,ady,ieurk
1653844753691525061,INSERT,aopp,eibs
1653844753691532754,INSERT,iaork,aed
1653844753691554497,INSERT,eiasm,ieuhl
1653844753691562911,INSERT,etch,ieudly
1653844753691571034,INSERT,uof,ioz
1653844753691579625,INSERT,eaupp,oind
1653844753691588059,INSERT,eauhn,aests
1653844753691606357,INSERT,oomp,edy
1653844753691617394,INSERT,oify,ioss
1653844753691625335,INSERT,urk,ob
1653844753691633931,INSERT,aur,eesh
1653844753691670885,INSERT,aiorty,eoy
1653844753691678731,INSERT,eiafy,ountly
1653844753691687554,INSERT,uws,uec
1653844753691695930,INSERT,aiols,imp
1653844753691711564,INSERT,uart,ents
1653844753691719914,INSERT,iogh,aiag
1653844753691727405,INSERT,iouys,auengly
1653844753691735814,INSERT,oish,aests
1653844753691743509,INSERT,aly,ooty
1653844753691750585,INSERT,uols,eot
1653844754485004464,INSERT,auety,aes
1653844754485067474,INSERT,uok,iisch
1653844754485076574,INSERT,ieusp,aics
1653844754485082725,INSERT,aady,uoh
1653844754485087996,INSERT,aiab,iing
1653844754485093119,INSERT,aurts,eutt
1653844754485106275,INSERT,en,auz
1653844754485111342,INSERT,uontly,aiol
1653844754485116629,INSERT,uws,aongly
1653844754485124156,INSERT,eihn,uitch
1653844754485129085,INSERT,eoff,oiv
1653844754485135539,INSERT,ails,oof
1653844754485140437,INSERT,aiays,iaov
1653844754485154022,INSERT,iengly,oiacks
1653844754485159229,INSERT,eiaws,uidy
1653844754485164075,INSERT,uiss,ubs
1653844754485176213,INSERT,eaurm,aeft
1653844754485190767,INSERT,ords,iebly
1653844754485195775,INSERT,aeds,auez
1653844754485200898,INSERT,auey,auls
1653844754485205662,INSERT,eerds,uiech
1653844754485210500,INSERT,auf,eols
1653844754485215046,INSERT,ioms,iws
1653844754485219888,INSERT,iat,oosch
1653844754485224730,INSERT,aiam,uek
1653844754485229612,INSERT,eaudly,eirk
1653844754485256029,INSERT,iips,oely
1653844754485262573,INSERT,inn,aks
1653844754485267323,INSERT,iank,oialy
1653844754485272210,INSERT,iic,iourry
1653844754485276953,INSERT,uitz,oantz
1653844754485281777,INSERT,uoct,aiong
1653844754485286450,INSERT,uism,aiown
1653844754485291107,INSERT,iums,eort
1653844754485295821,INSERT,uangs,unn
1653844754485300501,INSERT,aex,iaolly
1653844754485312445,INSERT,uawn,iuk
1653844754485318431,INSERT,iaody,ioulls
1653844754485331131,INSERT,iuff,iaols
1653844754485336221,INSERT,eust,iany
1653844754485341103,INSERT,og,eal
1653844754485345813,INSERT,aancy,uiept
1653844754485350473,INSERT,iw,uihl
1653844754485355271,INSERT,olls,uant
1653844754485360522,INSERT,eas,iouck
1653844754485365237,INSERT,ioup,ioup
1653844754485369821,INSERT,aioct,uock
1653844754485374723,INSERT,ods,oast
1653844754485379669,INSERT,ieul,eins
1653844754485384491,INSERT,ioud,eauwn
1653844759410880282,INSERT,iorts,iesk
1653844759410939603,INSERT,oiwn,euc
1653844759410955545,INSERT,iuwn,ency
1653844759410961350,INSERT,aink,eiants
1653844759410966966,INSERT,iently,eids
1653844759410972253,INSERT,iegy,uietch
1653844759410977019,INSERT,eontly,ooms
1653844759410984480,INSERT,euns,uks
1653844759410989103,INSERT,eel,aued
1653844759411000123,INSERT,aiotts,iurry
1653844759411006242,INSERT,eerry,aang
1653844759411011286,INSERT,ieult,earg
1653844759411016377,INSERT,euncy,oow
1653844759411021210,INSERT,aians,auhl
1653844759411027658,INSERT,aed,aann
1653844759411032356,INSERT,iully,iaoys
1653844759411047069,INSERT,engly,oubs
1653844759411052137,INSERT,iould,ierg
1653844759411056712,INSERT,aorr,ibly
1653844759411061358,INSERT,iourk,iaongly
1653844759411074533,INSERT,ioth,ams
1653844759411086410,INSERT,eiancy,eunn
1653844759411091724,INSERT,aungs,aiohn
1653844759411096563,INSERT,aim,aabs
1653844759411101170,INSERT,eagy,auls
1653844759411105908,INSERT,eock,iogy
1653844759411124367,INSERT,iorts,aicks
1653844759411132165,INSERT,ieurth,ough
1653844759411137211,INSERT,oonn,oinn
1653844759411150308,INSERT,iar,engly
1653844759411155215,INSERT,eiasch,ieg
1653844759411160217,INSERT,iad,iebs
1653844759411164728,INSERT,iarg,oufy
1653844759411169294,INSERT,oars,uands
1653844759411173945,INSERT,aiat,oerg
1653844759411178489,INSERT,ueys,ountz
1653844759411189727,INSERT,uopt,aogs
1653844759411195471,INSERT,ucks,oiahl
1653844759411200165,INSERT,om,itt
1653844759411204724,INSERT,aent,oialt
1653844759411209629,INSERT,aiotch,uilt
1653844759411214297,INSERT,eauntz,oir
1653844759411219007,INSERT,ieurk,iary
1653844759411230436,INSERT,iouny,auev
1653844759411235802,INSERT,oiks,aims
1653844759411240404,INSERT,eauhn,uicts
1653844759411245104,INSERT,aiols,iaof
1653844759411249868,INSERT,osm,uicy
1653844759411254411,INSERT,aash,ieuny
1653844759411259166,INSERT,eoss,aial
1653844760178194139,INSERT,uiesch,oond
1653844760178271602,INSERT,uolt,ex
1653844760178284196,INSERT,iaorth,ieungly
1653844760178294150,INSERT,oerg,ump
1653844760178302516,INSERT,oaw,ehn
1653844760178311474,INSERT,iangly,erg
1653844760178322692,INSERT,eims,eausch
1653844760178331506,INSERT,arm,eaunk
1653844760178350721,INSERT,aorf,uigs
1653844760178369592,INSERT,uiss,aueg
1653844760178380348,INSERT,aiands,aip
1653844760178388102,INSERT,oarf,uatt
1653844760178415864,INSERT,eian,iegh
1653844760178425013,INSERT,eiamp,eny
1653844760178433167,INSERT,aipt,uiets
1653844760178441971,INSERT,eet,iept
1653844760178449937,INSERT,auel,airt
1653844760178458807,INSERT,uegh,oarn
1653844760178466950,INSERT,eaud,oaly
1653844760178474714,INSERT,aingly,oonn
1653844760178483238,INSERT,auwn,aiorr
1653844760178505379,INSERT,iiys,uch
1653844760178513522,INSERT,eaurn,own
1653844760178521897,INSERT,obly,oiads
1653844760178530147,INSERT,oack,eest
1653844760178538585,INSERT,intz,aiarg
1653844760178570319,INSERT,iintz,aiab
1653844760178581215,INSERT,ests,iay
1653844760178589072,INSERT,aiord,uasly
1653844760178597087,INSERT,ih,ion
1653844760178605629,INSERT,ieunts,oert
1653844760178613654,INSERT,ord,oacs
1653844760178621789,INSERT,eom,ops
1653844760178629970,INSERT,aarty,iugs
1653844760178656060,INSERT,ointz,uoch
1653844760178664430,INSERT,uirst,iaolly
1653844760178681287,INSERT,ary,aasp
1653844760178691949,INSERT,aeg,eigh
1653844760178700133,INSERT,ieuw,uz
1653844760178708781,INSERT,el,oft
1653844760178716758,INSERT,ieunds,ioums
1653844760178725760,INSERT,aengly,aiolls
1653844760178734610,INSERT,oists,oolls
1653844760178742863,INSERT,uc,eenn
1653844760178750758,INSERT,eugh,oahn
1653844760178758302,INSERT,auey,ogy
1653844760178766865,INSERT,iaok,uorly
1653844760178775568,INSERT,ens,eaug
1653844760178783718,INSERT,iaoc,aurty
1653844760178791998,INSERT,ot,otz
1653844762508515393,INSERT,iaows,uets
1653844762508673950,INSERT,ioncy,oecy
1653844762508698926,INSERT,auengly,aof
1653844762508709612,INSERT,oils,uotts
1653844762508718814,INSERT,ost,oab
1653844762508757615,INSERT,otz,iopp
1653844762508766846,INSERT,aift,irk
1653844762508774639,INSERT,auls,auerst
1653844762508823456,INSERT,uarth,auerm
1653844762508858703,INSERT,eudly,oof
1653844762508908750,INSERT,ioump,oucy
1653844762508917828,INSERT,oert,eif
1653844762508926793,INSERT,oc,eiat
1653844762508935133,INSERT,aiahn,iods
1653844762508971784,INSERT,outz,auerd
1653844762508980042,INSERT,eurs,uop
1653844762508988360,INSERT,auwn,eock
1653844762508997597,INSERT,oery,iw
1653844762509005590,INSERT,aoms,aadly
1653844762509014323,INSERT,uacy,uism
1653844762509022990,INSERT,eadly,ioutt
1653844762509031713,INSERT,aol,oial
1653844762509040321,INSERT,oof,oaw
1653844762509081310,INSERT,ons,uasch
1653844762509090365,INSERT,uhl,uns
1653844762509099182,INSERT,aueny,iaols
1653844762509161551,INSERT,aur,iitch
1653844762509172257,INSERT,auel,oush
1653844762509180935,INSERT,ioucts,iuv
1653844762509189162,INSERT,octs,aec
1653844762509197727,INSERT,eiahn,ect
1653844762509206311,INSERT,ioll,eausch
1653844762509215262,INSERT,aogy,iourt
1653844762509223583,INSERT,irg,aently
1653844762509232194,INSERT,aud,ift
1653844762509240198,INSERT,ioubs,oofy
1653844762509275848,INSERT,aian,auev
1653844762509286802,INSERT,irs,audly
1653844762509295162,INSERT,euw,uirg
1653844762509303881,INSERT,oiacs,urty
1653844762509312072,INSERT,iaoc,eux
1653844762509320616,INSERT,auss,aerts
1653844762509329033,INSERT,oiarth,orr
1653844762509337335,INSERT,erry,uirm
1653844762509345855,INSERT,aads,aiomp
1653844762509354150,INSERT,ieust,iurty
1653844762509362875,INSERT,eantly,oat
1653844762509372599,INSERT,ais,uicks
1653844762509380476,INSERT,iufy,iosly
1653844762509398534,INSERT,eiack,uep
1653844766087454081,INSERT,eass,uihl
1653844766087516251,INSERT,aengly,eiadly
1653844766087525870,INSERT,aiots,oal
1653844766087531994,INSERT,uegy,uom
1653844766087537381,INSERT,oiak,eel
1653844766087549540,INSERT,oirty,oacks
1653844766087555262,INSERT,earg,aic
1653844766087559919,INSERT,aots,uetch
1653844766087564676,INSERT,aacts,uitz
1653844766087576650,INSERT,uiett,aued
1653844766087582934,INSERT,eusch,aingly
1653844766087587894,INSERT,eesm,uangs
1653844766087601028,INSERT,uiesly,uery
1653844766087605912,INSERT,iounn,atz
1653844766087619244,INSERT,oop,aeb
1653844766087624122,INSERT,eoz,oirs
1653844766087628745,INSERT,iart,aols
1653844766087655528,INSERT,ill,aicts
1653844766087675801,INSERT,ids,euff
1653844766087684914,INSERT,aold,ieucks
1653844766087693793,INSERT,oog,opt
1653844766087701841,INSERT,eaudly,eef
1653844766087710154,INSERT,eint,oiats
1653844766087717696,INSERT,oald,ieurty
1653844766087725369,INSERT,iods,eaull
1653844766087733493,INSERT,oiarm,eerd
1653844766087750988,INSERT,auells,eiaty
1653844766087770809,INSERT,eiafy,ish
1653844766087778776,INSERT,uiegs,eiang
1653844766087785868,INSERT,eauft,uintz
1653844766087793078,INSERT,ourds,uiett
1653844766087800187,INSERT,aiaf,oangly
1653844766087807778,INSERT,eitz,et
1653844766087815115,INSERT,uacks,ioucy
1653844766087822897,INSERT,angly,iav
1653844766087831066,INSERT,uesly,eaks
1653844766087850392,INSERT,uinds,iips
1653844766087860204,INSERT,iouft,ialt
1653844766087868515,INSERT,eg,iects
1653844766087877392,INSERT,ies,iasp
1653844766087885494,INSERT,eats,iasch
1653844766087892662,INSERT,oerds,uerf
1653844766087899946,INSERT,eilly,ogy
1653844766087908489,INSERT,oult,iaort
1653844766087916209,INSERT,ongly,uact
1653844766087924051,INSERT,iorm,iaon
1653844766087931502,INSERT,aarts,uiew
1653844766087939404,INSERT,oats,ieux
1653844766087948727,INSERT,aols,aip
1653844766087957105,INSERT,iaocy,iid
1653844767226080637,INSERT,iubs,ith
1653844767226143504,INSERT,oac,eay
1653844767226154882,INSERT,uosk,uahn
1653844767226163816,INSERT,ieuls,uoly
1653844767226172486,INSERT,oam,oirt
1653844767226182810,INSERT,eiably,iarly
1653844767226191929,INSERT,iaown,eorn
1653844767226208918,INSERT,ieth,aorts
1653844767226217082,INSERT,eauncy,oos
1653844767226232682,INSERT,uierg,auek
1653844767226242264,INSERT,auenk,aay
1653844767226250017,INSERT,auck,aurt
1653844767226258494,INSERT,arst,oiard
1653844767226266833,INSERT,aicks,aiofy
1653844767226275791,INSERT,aiall,ady
1653844767226283484,INSERT,aily,aurds
1653844767226291417,INSERT,ords,iaorm
1653844767226299209,INSERT,aiacs,eirty
1653844767226306952,INSERT,aialls,esh
1653844767226315106,INSERT,eunt,uocks
1653844767226323029,INSERT,oun,eiaz
1653844767226331222,INSERT,oents,ims
1653844767226343014,INSERT,aends,ac
1653844767226351608,INSERT,eiafy,ett
1653844767226359622,INSERT,eelt,eung
1653844767226368772,INSERT,aiol,eiasly
1653844767226393156,INSERT,ieck,oasp
1653844767226402407,INSERT,iaocs,eausts
1653844767226410548,INSERT,orly,ety
1653844767226418293,INSERT,oant,eauly
1653844767226429618,INSERT,auntz,iopt
1653844767226438381,INSERT,oech,eends
1653844767226445898,INSERT,iarf,iosm
1653844767226453468,INSERT,eends,outch
1653844767226461575,INSERT,oc,eoys
1653844767226469466,INSERT,eolt,ieuk
1653844767226486541,INSERT,oonk,iaontz
1653844767226496660,INSERT,ears,ead
1653844767226505196,INSERT,ieutch,utts
1653844767226513233,INSERT,uaw,uam
1653844767226521141,INSERT,oiall,aiobs
1653844767226529219,INSERT,itt,uefy
1653844767226537292,INSERT,auet,aiors
1653844767226545454,INSERT,iuct,aacts
1653844767226553372,INSERT,oiary,oicts
1653844767226561441,INSERT,oells,oupt
1653844767226569811,INSERT,euwn,eur
1653844767226577858,INSERT,uif,unds
1653844767226585514,INSERT,ilt,oiald
1653844767226593032,INSERT,iarn,eups
1653844767711000813,INSERT,ify,iougs
1653844767711066847,INSERT,eoks,ets
1653844767711078117,INSERT,oiapt,ody
1653844767711086231,INSERT,eug,oiam
1653844767711093764,INSERT,aiff,iangs
1653844767711101721,INSERT,iougy,ooms
1653844767711109272,INSERT,eaups,oiaf
1653844767711116741,INSERT,iaott,aods
1653844767711124003,INSERT,eem,eorts
1653844767711138463,INSERT,eaubly,eugh
1653844767711147647,INSERT,uisk,ingly
1653844767711156001,INSERT,oects,eirst
1653844767711163611,INSERT,iunn,eorts
1653844767711171316,INSERT,aurth,eaf
1653844767711179342,INSERT,onk,ieth
1653844767711186622,INSERT,eauls,eells
1653844767711194010,INSERT,eft,aiopt
1653844767711201579,INSERT,aelly,oncy
1653844767711209182,INSERT,eart,iin
1653844767711217414,INSERT,iaorf,airr
1653844767711224641,INSERT,iong,ioump
1653844767711231909,INSERT,iills,auerst
1653844767711239360,INSERT,oiancy,auebly
1653844767711247070,INSERT,iacs,ault
1653844767711254245,INSERT,aght,eurd
1653844767711262047,INSERT,iown,eens
1653844767711283041,INSERT,uierm,eery
1653844767711291841,INSERT,ausk,ieunn
1653844767711299269,INSERT,oav,iars
1653844767711306585,INSERT,iours,uend
1653844767711314035,INSERT,eoft,ual
1653844767711321269,INSERT,ioll,eauntly
1653844767711329850,INSERT,eahn,aigy
1653844767711337276,INSERT,iaomp,eipt
1653844767711344694,INSERT,oiarty,auels
1653844767711351803,INSERT,iungly,iutz
1653844767711366922,INSERT,uonts,aiorst
1653844767711375841,INSERT,aalls,aiows
1653844767711383326,INSERT,aept,oirds
1653844767711390706,INSERT,auefy,aent
1653844767711398152,INSERT,ieuc,iacts
1653844767711407737,INSERT,ontly,aiamp
1653844767711415326,INSERT,aiox,oantly
1653844767711422742,INSERT,ieurg,aont
1653844767711430576,INSERT,uidy,iosly
1653844767711438924,INSERT,iubly,eutts
1653844767711446534,INSERT,atz,oiancy
1653844767711454663,INSERT,iaobs,ausp
1653844767711462844,INSERT,iins,aiorth
1653844767711470456,INSERT,uort,auerly
1653844769397004909,INSERT,iep,aank
1653844769397063153,INSERT,ount,eauny
1653844769397072256,INSERT,aon,auery
1653844769397078170,INSERT,ul,ieuft
1653844769397085902,INSERT,auehn,afy
1653844769397091100,INSERT,oitch,aups
1653844769397096486,INSERT,iiy,eians
1653844769397101618,INSERT,oak,aiangs
1653844769397107159,INSERT,aos,iads
1653844769397118436,INSERT,iiw,aiary
1653844769397124701,INSERT,ieft,uieny
1653844769397129777,INSERT,aoss,oohl
1653844769397134597,INSERT,iugh,iaocy
1653844769397139481,INSERT,oury,uiery
1653844769397144240,INSERT,airr,eiarf
1653844769397149168,INSERT,uidy,att
1653844769397154112,INSERT,iaonk,aiask
1653844769397159415,INSERT,ouw,eugs
1653844769397164252,INSERT,aecs,oist
1653844769397169191,INSERT,eauth,auek
1653844769397174050,INSERT,aly,ok
1653844769397185874,INSERT,aiss,aady
1653844769397191276,INSERT,earst,eomp
1653844769397195880,INSERT,oads,oild
1653844769397200513,INSERT,ausk,aak
1653844769397205204,INSERT,eez,oesch
1653844769397225076,INSERT,ism,euk
1653844769397231131,INSERT,aiorty,eift
1653844769397235964,INSERT,eaurty,oews
1653844769397240716,INSERT,eam,it
1653844769397245409,INSERT,ard,aary
1653844769397250288,INSERT,aank,iogy
1653844769397255092,INSERT,aesm,eorts
1653844769397259879,INSERT,eauff,ich
1653844769397264619,INSERT,aatt,eorty
1653844769397269688,INSERT,oec,eis
1653844769397281168,INSERT,oerth,itch
1653844769397287264,INSERT,iaws,iells
1653844769397292159,INSERT,eacts,uys
1653844769397296860,INSERT,uic,ith
1653844769397301669,INSERT,uilt,uerk
1653844769397306424,INSERT,uerst,eily
1653844769397311009,INSERT,ef,eusch
1653844769397315598,INSERT,az,ux
1653844769397329836,INSERT,oiapp,aiarr
1653844769397335059,INSERT,eiss,eaurm
1653844769397340018,INSERT,ueng,uahn
1653844769397345026,INSERT,aer,aueds
1653844769397349669,INSERT,oiacks,iagh
1653844769397354252,INSERT,ieurst,aiosk
1653844770296093733,INSERT,ios,uism
1653844770296170886,INSERT,auhn,oerg
1653844770296186330,INSERT,iosts,iarly
1653844770296198169,INSERT,oitt,eogy
1653844770296217559,INSERT,etz,iah
1653844770296226350,INSERT,ooc,oiabs
1653844770296234966,INSERT,uof,uieth
1653844770296243873,INSERT,oont,iocs
1653844770296251987,INSERT,iouz,iels
1653844770296269881,INSERT,oongly,auels
1653844770296279921,INSERT,uiehl,eal
1653844770296291523,INSERT,uieh,eed
1653844770296299851,INSERT,iilly,iolls
1653844770296308853,INSERT,oak,aurty
1653844770296316833,INSERT,aiows,eofy
1653844770296325641,INSERT,iard,aalt
1653844770296333892,INSERT,iaoght,eugs
1653844770296342328,INSERT,oiasts,iicks
1653844770296350280,INSERT,iings,eauff
1653844770296358492,INSERT,uirt,iaohl
1653844770296367140,INSERT,iny,aorly
1653844770296375685,INSERT,oght,irs
1653844770296384258,INSERT,aurn,onk
1653844770296392313,INSERT,iilly,iot
1653844770296401646,INSERT,uart,iosts
1653844770296410933,INSERT,oincy,iist
1653844770296441599,INSERT,uony,uahl
1653844770296452644,INSERT,ims,oums
1653844770296460823,INSERT,iok,ount
1653844770296469345,INSERT,urty,eirm
1653844770296477516,INSERT,eilly,aiasch
1653844770296486276,INSERT,eey,aug
1653844770296494363,INSERT,ieurry,ics
1653844770296502650,INSERT,iongly,iit
1653844770296510966,INSERT,ieck,arr
1653844770296518843,INSERT,airy,uiect
1653844770296538396,INSERT,iott,uigs
1653844770296549543,INSERT,uigy,eiantly
1653844770296557440,INSERT,ouls,aaft
1653844770296565616,INSERT,iiws,ums
1653844770296573993,INSERT,ieuc,oiarly
1653844770296582086,INSERT,aer,aemp
1653844770296590629,INSERT,iech,eath
1653844770296598606,INSERT,uift,aerg
1653844770296607166,INSERT,utz,aiorf
1653844770296615589,INSERT,oup,aups
1653844770296623750,INSERT,aesly,eorst
1653844770296632211,INSERT,eall,uop
1653844770296658040,INSERT,oiark,iold
1653844770296665987,INSERT,uotz,ierts
1653844770503393936,INSERT,ily,auef
1653844770503456246,INSERT,aasp,ourf
1653844770503465896,INSERT,iency,eably
1653844770503472230,INSERT,aetts,iodly
1653844770503477378,INSERT,oiak,iack
1653844770503482613,INSERT,eirds,eirds
1653844770503487736,INSERT,oot,ounn
1653844770503492501,INSERT,iourds,oert
1653844770503497463,INSERT,uncy,eecs
1653844770503509516,INSERT,ubly,elt
1653844770503515698,INSERT,iaov,aaf
1653844770503520439,INSERT,auest,app
1653844770503527563,INSERT,aank,uends
1653844770503540588,INSERT,ieg,iaorst
1653844770503545436,INSERT,ebs,uids
1653844770503549978,INSERT,aengs,aing
1653844770503554903,INSERT,arty,iicks
1653844770503559738,INSERT,aorr,eams
1653844770503564365,INSERT,ieugy,aiarr
1653844770503568991,INSERT,iag,irm
1653844770503573788,INSERT,uosk,aiack
1653844770503578400,INSERT,iangs,aingly
1653844770503583195,INSERT,urth,aegy
1653844770503587813,INSERT,aom,aongly
1653844770503592487,INSERT,iings,outy
1653844770503597049,INSERT,ieunds,ieutz
1653844770503609471,INSERT,uir,aiv
1653844770503615345,INSERT,ierr,olls
1653844770503620165,INSERT,ouh,uild
1653844770503624985,INSERT,aurly,oom
1653844770503629839,INSERT,iend,ery
1653844770503723123,INSERT,uerr,iily
1653844770503734287,INSERT,ieuncy,iay
1653844770503742053,INSERT,aesly,ingly
1653844770503747231,INSERT,aorth,oug
1653844770503752144,INSERT,uiedy,uox
1653844770503774371,INSERT,aioth,eoys
1653844770503780554,INSERT,eaup,uirst
1653844770503785614,INSERT,eatch,aev
1653844770503790403,INSERT,oiaks,iobly
1653844770503795571,INSERT,eaub,eirry
1653844770503800608,INSERT,ieuntz,ant
1653844770503816681,INSERT,iect,aicy
1653844770503831609,INSERT,aotch,aucs
1653844770503837003,INSERT,uys,eads
1653844770503841823,INSERT,auest,uiex
1653844770503855274,INSERT,ietts,aally
1653844770503860298,INSERT,aump,eon
1653844770503864986,INSERT,ouls,iehn
1653844770503869667,INSERT,oiarm,eists
1653844770511038818,INSERT,eutt,ieurts
1653844770511105318,INSERT,iaoms,iach
1653844770511118563,INSERT,eb,eld
1653844770511135946,INSERT,angs,auh
1653844770511145520,INSERT,oiafy,auely
1653844770511155095,INSERT,iorly,oeght
1653844770511164099,INSERT,aosh,aior
1653844770511172980,INSERT,eiady,uist
1653844770511182419,INSERT,iegh,ask
1653844770511198364,INSERT,uibs,uatt
1653844770511208915,INSERT,uidly,oisk
1653844770511218240,INSERT,eorry,iork
1653844770511227231,INSERT,aidly,aarg
1653844770511236115,INSERT,uiz,ieuct
1653844770511245239,INSERT,uah,eung
1653844770511254169,INSERT,iaord,oosts
1653844770511263256,INSERT,oocts,oep
1653844770511273016,INSERT,oasts,ioll
1653844770511282034,INSERT,ably,ot
1653844770511291032,INSERT,oalt,oiags
1653844770511300189,INSERT,eubly,uab
1653844770511308859,INSERT,iaf,uiens
1653844770511317569,INSERT,aul,ieunds
1653844770511328623,INSERT,eaucy,ieusm
1653844770511336177,INSERT,oack,eiask
1653844770511343869,INSERT,iouwn,euts
1653844770511377195,INSERT,ould,idly
1653844770511387560,INSERT,ioft,oiarn
1653844770511395951,INSERT,oiats,aiaw
1653844770511405122,INSERT,oancy,iols
1653844770511413779,INSERT,ouy,ails
1653844770511422649,INSERT,uesch,eump
1653844770511442439,INSERT,iougy,ily
1653844770511450159,INSERT,eck,aand
1653844770511458379,INSERT,iwn,iig
1653844770511466311,INSERT,ally,aioms
1653844770511496034,INSERT,eol,eugy
1653844770511506589,INSERT,uihl,aiorm
1653844770511514471,INSERT,iorf,iys
1653844770511522398,INSERT,iout,auep
1653844770511531128,INSERT,erds,uills
1653844770511539408,INSERT,auebs,eaught
1653844770511547522,INSERT,ieucts,iatt
1653844770511556092,INSERT,iank,ualt
1653844770511564850,INSERT,ieurty,ild
1653844770511572448,INSERT,oag,aolt
1653844770511580353,INSERT,angs,ucts
1653844770511588948,INSERT,aeff,eurts
1653844770511597708,INSERT,oangly,uick
1653844770511605897,INSERT,ioncy,iik
1653844771710002852,INSERT,uay,aueg
1653844771710067447,INSERT,eant,eov
1653844771710076596,INSERT,oll,oiangs
1653844771710084549,INSERT,eauns,eemp
1653844771710089871,INSERT,ees,eang
1653844771710103059,INSERT,oiag,ugs
1653844771710108070,INSERT,uect,uegs
1653844771710112864,INSERT,eauth,asly
1653844771710117612,INSERT,eucks,augs
1653844771710128965,INSERT,uorry,aogs
1653844771710135322,INSERT,uoms,ois
1653844771710140057,INSERT,uantz,iorf
1653844771710145012,INSERT,aov,eaucs
1653844771710149592,INSERT,eerds,iupt
1653844771710154723,INSERT,ieuv,ups
1653844771710159632,INSERT,eiasp,eaurm
1653844771710164699,INSERT,oys,euncy
1653844771710169668,INSERT,eurk,oorry
1653844771710174478,INSERT,ieucts,iaots
1653844771710179197,INSERT,aitts,aoct
1653844771710186446,INSERT,oun,ountz
1653844771710191259,INSERT,uatz,eaurs
1653844771710196024,INSERT,ily,aioks
1653844771710202212,INSERT,aiog,eud
1653844771710206888,INSERT,euff,uiex
1653844771710211736,INSERT,eoch,iihn
1653844771710237649,INSERT,ontly,iirty
1653844771710243875,INSERT,eens,aueght
1653844771710248846,INSERT,iouty,iity
1653844771710253807,INSERT,uentz,eiahl
1653844771710258468,INSERT,ooss,oill
1653844771710263505,INSERT,ery,oadly
1653844771710278854,INSERT,iunn,oonk
1653844771710283824,INSERT,aims,ony
1653844771710288632,INSERT,ieudly,iuly
1653844771710293407,INSERT,aiatt,uitz
1653844771710314855,INSERT,oisch,aars
1653844771710332988,INSERT,oetz,eik
1653844771710340718,INSERT,uort,eom
1653844771710348503,INSERT,ieurg,iaomp
1653844771710356627,INSERT,iouks,iits
1653844771710364632,INSERT,uath,eauks
1653844771710372051,INSERT,iaoff,iuck
1653844771710379173,INSERT,any,aiats
1653844771710387074,INSERT,eash,oorg
1653844771710393955,INSERT,ieud,iit
1653844771710400991,INSERT,eucks,aurk
1653844771710409290,INSERT,aionk,oaft
1653844771710416300,INSERT,eurst,ieuch
1653844771710423913,INSERT,auecs,eorst
1653844772013034046,INSERT,eurts,auks
1653844772013103844,INSERT,oad,eiant
1653844772013117258,INSERT,otts,oiald
1653844772013126908,INSERT,eil,eaurd
1653844772013136041,INSERT,act,aal
1653844772013145447,INSERT,uism,uisly
1653844772013153982,INSERT,uitz,eank
1653844772013164106,INSERT,oiarn,oof
1653844772013172834,INSERT,oab,oonk
1653844772013189856,INSERT,iaok,uently
1653844772013199797,INSERT,eums,oast
1653844772013207353,INSERT,uilly,oably
1653844772013224086,INSERT,intz,oiarf
1653844772013231730,INSERT,uorr,aobly
1653844772013239118,INSERT,ieuct,and
1653844772013246147,INSERT,iaorr,ieurth
1653844772013253594,INSERT,aioth,ielly
1653844772013261594,INSERT,aorty,airr
1653844772013278926,INSERT,aey,isch
1653844772013286518,INSERT,auetz,aidy
1653844772013293953,INSERT,eauly,auepp
1653844772013301765,INSERT,irty,iants
1653844772013330280,INSERT,el,augh
1653844772013338053,INSERT,uesly,auest
1653844772013346030,INSERT,iutt,aeps
1653844772013353356,INSERT,erst,aims
1653844772013376604,INSERT,oangly,unds
1653844772013385909,INSERT,uebs,eamp
1653844772013393431,INSERT,aial,iegh
1653844772013401134,INSERT,iurts,ound
1653844772013408444,INSERT,ioks,aiosh
1653844772013415514,INSERT,auty,aors
1653844772013423011,INSERT,eubly,aiott
1653844772013430922,INSERT,iaoll,euts
1653844772013438355,INSERT,ocs,eiahl
1653844772013445882,INSERT,iuh,eorn
1653844772013460613,INSERT,iuds,aiam
1653844772013469131,INSERT,eils,uarry
1653844772013476395,INSERT,aent,euny
1653844772013483360,INSERT,eusm,eaps
1653844772013490698,INSERT,iends,oocks
1653844772013498185,INSERT,uieft,aiav
1653844772013505442,INSERT,oiasm,oosk
1653844772013522382,INSERT,auev,oiacts
1653844772013530177,INSERT,iafy,aists
1653844772013538087,INSERT,idly,oogy
1653844772013545789,INSERT,aaws,aid
1653844772013553638,INSERT,eiagh,aurs
1653844772013560929,INSERT,ips,iurg
1653844772013568054,INSERT,oiadly,ax
1653844772811076101,INSERT,ooks,aiocs
1653844772811160673,INSERT,oarst,oiadly
1653844772811175116,INSERT,ieucs,eak
1653844772811184862,INSERT,aary,iiry
1653844772811205859,INSERT,aen,oiap
1653844772811215977,INSERT,uex,iuk
1653844772811224662,INSERT,ierry,orly
1653844772811242088,INSERT,eiarr,eoy
1653844772811251020,INSERT,eac,eev
1653844772811269974,INSERT,ords,aengs
1653844772811280668,INSERT,uefy,uients
1653844772811290231,INSERT,ieuck,eaks
1653844772811299520,INSERT,uiewn,entz
1653844772811308403,INSERT,ieunk,eubs
1653844772811317288,INSERT,oity,aoss
1653844772811325829,INSERT,eums,uawn
1653844772811335177,INSERT,ieuks,iany
1653844772811344853,INSERT,oiancy,uirn
1653844772811354561,INSERT,uiest,aiorg
1653844772811363779,INSERT,iurst,ioufy
1653844772811371600,INSERT,iodly,aawn
1653844772811379968,INSERT,outh,aacy
1653844772811388012,INSERT,uingly,oind
1653844772811410565,INSERT,oes,uesch
1653844772811418830,INSERT,oiasm,oords
1653844772811427932,INSERT,eiapt,ium
1653844772811449703,INSERT,engs,ioump
1653844772811459807,INSERT,aagh,aioty
1653844772811467692,INSERT,aiahl,ith
1653844772811475740,INSERT,uoys,oiarf
1653844772811484076,INSERT,oks,eaupt
1653844772811492438,INSERT,ius,uiems
1653844772811500470,INSERT,ooty,ueld
1653844772811508199,INSERT,eests,unn
1653844772811516596,INSERT,eagh,ealy
1653844772811524767,INSERT,uax,aady
1653844772811542329,INSERT,aagh,oly
1653844772811554329,INSERT,eips,uds
1653844772811562496,INSERT,iup,iirty
1653844772811570656,INSERT,aly,aatz
1653844772811579247,INSERT,uorts,iuws
1653844772811587214,INSERT,oecks,aerf
1653844772811594865,INSERT,uewn,aont
1653844772811603047,INSERT,iit,eird
1653844772811610879,INSERT,ootch,iaosch
1653844772811619140,INSERT,eintz,eausm
1653844772811627339,INSERT,uieks,aont
1653844772811659103,INSERT,oasch,ieurm
1653844772811670136,INSERT,aow,iaft
1653844772811678701,INSERT,auess,aish
1653844773157028781,INSERT,eaufy,uibly
1653844773157091664,INSERT,eups,oells
1653844773157103433,INSERT,eiac,uiently
1653844773157112893,INSERT,aints,iaody
1653844773157121724,INSERT,oists,is
1653844773157130237,INSERT,ioly,auesly
1653844773157138764,INSERT,ooc,euz
1653844773157146973,INSERT,aueth,aess
1653844773157155537,INSERT,ieuz,eih
1653844773157171662,INSERT,ah,aarth
1653844773157181670,INSERT,ean,oents
1653844773157189791,INSERT,iv,ugh
1653844773157198051,INSERT,ourts,eausp
1653844773157265143,INSERT,aerds,iaorst
1653844773157274198,INSERT,ups,eopt
1653844773157282719,INSERT,ik,erds
1653844773157290947,INSERT,eiatt,eipp
1653844773157299666,INSERT,uarts,ull
1653844773157307837,INSERT,auy,ist
1653844773157315833,INSERT,iuhl,eaurk
1653844773157323923,INSERT,uef,uiemp
1653844773157331961,INSERT,ierds,usm
1653844773157339930,INSERT,aiontz,oiass
1653844773157348099,INSERT,uetz,iusts
1653844773157356236,INSERT,ieunn,ieuntz
1653844773157364297,INSERT,auerf,eash
1653844773157380654,INSERT,uerr,eus
1653844773157389903,INSERT,iang,aehl
1653844773157397775,INSERT,auft,uews
1653844773157405704,INSERT,iaocy,aev
1653844773157413863,INSERT,iert,uopp
1653844773157421796,INSERT,iock,oory
1653844773157429419,INSERT,aiorf,uiebs
1653844773157437494,INSERT,ut,ealls
1653844773157445874,INSERT,aesk,ieuk
1653844773157453967,INSERT,aits,uiend
1653844773157470076,INSERT,uarr,iord
1653844773157479923,INSERT,eet,oiasts
1653844773157488671,INSERT,ark,eund
1653844773157497077,INSERT,iaty,iaotz
1653844773157505632,INSERT,iaotz,aad
1653844773157514282,INSERT,iops,oah
1653844773157522750,INSERT,eun,ans
1653844773157531303,INSERT,eancy,uieb
1653844773157539327,INSERT,aurg,oorts
1653844773157546947,INSERT,ulls,ieuv
1653844773157554722,INSERT,ainy,uong
1653844773157562649,INSERT,idly,iosly
1653844773157570534,INSERT,uants,ecs
1653844773157578164,INSERT,iipt,iaoy
1653844774520118775,INSERT,uosp,uagh
1653844774520188003,INSERT,aehl,iaops
1653844774520197218,INSERT,euly,ungs
1653844774520202815,INSERT,eigs,ault
1653844774520207715,INSERT,uacs,iaogy
1653844774520212594,INSERT,uop,oiath
1653844774520217394,INSERT,auepp,ungly
1653844774520222479,INSERT,aiays,aor
1653844774520227452,INSERT,in,eingly
1653844774520247277,INSERT,eeg,aepp
1653844774520253590,INSERT,oiank,iably
1653844774520258622,INSERT,aulls,ouws
1653844774520263966,INSERT,uiect,uack
1653844774520269002,INSERT,oorry,eoch
1653844774520273819,INSERT,uov,iucs
1653844774520278608,INSERT,eiantly,iouws
1653844774520283663,INSERT,eiarm,eup
1653844774520288809,INSERT,eiff,uct
1653844774520293549,INSERT,us,iays
1653844774520298123,INSERT,aiack,eapp
1653844774520302848,INSERT,uadly,eiapt
1653844774520307599,INSERT,aengly,oold
1653844774520312447,INSERT,eent,ieuhl
1653844774520317142,INSERT,uisk,eiag
1653844774520331151,INSERT,uomp,uerd
1653844774520336232,INSERT,uems,oiays
1653844774520349563,INSERT,uork,eud
1653844774520355818,INSERT,eilt,uarry
1653844774520360957,INSERT,ioump,iuft
1653844774520365829,INSERT,autt,auegy
1653844774520370803,INSERT,und,auerd
1653844774520375752,INSERT,auh,uab
1653844774520380634,INSERT,eiacks,eiapt
1653844774520386314,INSERT,eiapp,oalt
1653844774520391303,INSERT,iick,uird
1653844774520396301,INSERT,aosh,uess
1653844774520409103,INSERT,oiatz,eiash
1653844774520415191,INSERT,aang,aest
1653844774520419975,INSERT,iefy,uaght
1653844774520424664,INSERT,old,iugy
1653844774520429391,INSERT,oafy,iics
1653844774520434055,INSERT,ers,uontly
1653844774520438728,INSERT,ieuws,eorth
1653844774520443435,INSERT,ieub,ett
1653844774520448174,INSERT,aiogs,oists
1653844774520452857,INSERT,ots,uens
1653844774520457559,INSERT,eiank,aiably
1653844774520462590,INSERT,aaws,eiats
1653844774520467261,INSERT,aiown,aorry
1653844774520471907,INSERT,etz,aus
1653844774781526081,INSERT,iurst,oeff
1653844774782010570,INSERT,ugy,aiolt
1653844774782034556,INSERT,ip,eelt
1653844774782045273,INSERT,eoss,ietch
1653844774782054594,INSERT,iuh,ars
1653844774782063664,INSERT,eaurt,ells
1653844774782071930,INSERT,uip,uir
1653844774782080081,INSERT,ucy,auntly
1653844774782087865,INSERT,aiong,oity
1653844774782105473,INSERT,auehl,oosp
1653844774782115336,INSERT,aoh,iok
1653844774782124390,INSERT,ouk,uonk
1653844774782133572,INSERT,aeg,eiands
1653844774782142534,INSERT,aands,ough
1653844774782150913,INSERT,ierf,ourry
1653844774782159386,INSERT,iays,aob
1653844774782168260,INSERT,eugy,oask
1653844774782177473,INSERT,oly,uecs
1653844774782186414,INSERT,eir,eurds
1653844774782195394,INSERT,uasly,eauncy
1653844774782204922,INSERT,iey,orts
1653844774782213993,INSERT,eials,iaorn
1653844774782223168,INSERT,aiarm,acks
1653844774782231774,INSERT,eaurly,aws
1653844774782240388,INSERT,aing,uosm
1653844774782248953,INSERT,aiok,earth
1653844774782269536,INSERT,ooth,ess
1653844774782280052,INSERT,iight,eiag
1653844774782289133,INSERT,eafy,iosm
1653844774782298141,INSERT,aueds,aiocy
1653844774782306717,INSERT,eialy,airds
1653844774782315532,INSERT,oiagh,eipp
1653844774782324454,INSERT,eory,ef
1653844774782333219,INSERT,urst,uesm
1653844774782342272,INSERT,iouly,een
1653844774782351116,INSERT,aiown,uies
1653844774782367342,INSERT,oond,eags
1653844774782377584,INSERT,uebs,uals
1653844774782385212,INSERT,iots,uiys
1653844774782393182,INSERT,iagh,uib
1653844774782400686,INSERT,ooch,uism
1653844774782408663,INSERT,oiark,iirds
1653844774782416528,INSERT,eoff,uaws
1653844774782424737,INSERT,an,oicts
1653844774782434448,INSERT,auerr,eaucts
1653844774782442960,INSERT,ieng,eary
1653844774782451522,INSERT,aiorm,earts
1653844774782470780,INSERT,oub,oenk
1653844774782479863,INSERT,ient,ogs
1653844774782488737,INSERT,oem,aift
1653844775414007202,INSERT,uonk,uors
1653844775414068433,INSERT,iax,ioff
1653844775414081465,INSERT,uietz,uss
1653844775414092805,INSERT,aess,oengly
1653844775414102367,INSERT,eec,uarn
1653844775414111426,INSERT,eaungly,aicts
1653844775414120284,INSERT,uacs,uiemp
1653844775414129187,INSERT,eedy,ieuds
1653844775414138067,INSERT,orn,eow
1653844775414153698,INSERT,aik,eipp
1653844775414163768,INSERT,eauss,eausts
1653844775414172900,INSERT,ich,iaong
1653844775414181571,INSERT,aact,aath
1653844775414190332,INSERT,iask,uamp
1653844775414199039,INSERT,oar,utz
1653844775414207678,INSERT,uegh,illy
1653844775414218936,INSERT,ann,eenk
1653844775414227395,INSERT,ierk,oef
1653844775414235767,INSERT,iarg,iany
1653844775414244710,INSERT,aegh,aasm
1653844775414253358,INSERT,ian,euncy
1653844775414261723,INSERT,oncy,ish
1653844775414270280,INSERT,oic,aurm
1653844775414279599,INSERT,aump,aiwn
1653844775414288753,INSERT,aoft,iesly
1653844775414296816,INSERT,onn,alls
1653844775414315224,INSERT,iesk,ault
1653844775414335382,INSERT,iaory,oiants
1653844775414343880,INSERT,aiald,oials
1653844775414353062,INSERT,ieusts,uiengly
1653844775414361524,INSERT,eews,auens
1653844775414370186,INSERT,ew,ieds
1653844775414378674,INSERT,uell,aoff
1653844775414387299,INSERT,iutz,oerry
1653844775414396103,INSERT,ioung,ot
1653844775414404026,INSERT,oiax,auehl
1653844775414421310,INSERT,ieucts,est
1653844775414431568,INSERT,ealls,iirts
1653844775414440598,INSERT,euv,eapp
1653844775414449556,INSERT,uarty,aurst
1653844775414457922,INSERT,uw,uasp
1653844775414466771,INSERT,iangly,oihl
1653844775414475579,INSERT,uiet,ith
1653844775414484150,INSERT,ueth,auept
1653844775414496836,INSERT,aesm,uierds
1653844775414505819,INSERT,aint,uiesp
1653844775414514796,INSERT,iands,iun
1653844775414523447,INSERT,od,ousp
1653844775414531959,INSERT,aax,ourg
1653844775414540068,INSERT,eaunn,iouc
1653844781092799485,INSERT,aum,urr
1653844781092863891,INSERT,iald,uect
1653844781092872970,INSERT,ahn,ells
1653844781092878970,INSERT,ieun,aiows
1653844781092884104,INSERT,aolly,ud
1653844781092889314,INSERT,oads,eny
1653844781092894444,INSERT,uatt,eungs
1653844781092899608,INSERT,uiegh,audy
1653844781092904799,INSERT,uoy,aiald
1653844781092916490,INSERT,eif,uipp
1653844781092922532,INSERT,aion,iont
1653844781092927578,INSERT,ouf,uiely
1653844781092932360,INSERT,aurt,ach
1653844781092936919,INSERT,iougs,oons
1653844781092941535,INSERT,iould,iougy
1653844781092947138,INSERT,aag,aars
1653844781092952184,INSERT,oots,oiap
1653844781092957882,INSERT,ools,aiarts
1653844781092962919,INSERT,ably,aions
1653844781092967810,INSERT,ioucts,aub
1653844781092972615,INSERT,iung,oupt
1653844781092977766,INSERT,oun,aueck
1653844781092982515,INSERT,uies,ight
1653844781092987445,INSERT,iucy,oup
1653844781092992446,INSERT,augh,eids
1653844781092997375,INSERT,uitch,iirg
1653844781093011566,INSERT,ions,oiaf
1653844781093017745,INSERT,oungs,uorg
1653844781093022504,INSERT,of,aak
1653844781093027334,INSERT,uinn,eocs
1653844781093031898,INSERT,aibly,oerds
1653844781093036918,INSERT,iouf,aosly
1653844781093041570,INSERT,oiasp,ialt
1653844781093046133,INSERT,ooff,eagh
1653844781093050719,INSERT,iipp,aends
1653844781093055296,INSERT,eauhn,euh
1653844781093067107,INSERT,uty,iocy
1653844781093072929,INSERT,ih,aink
1653844781093077632,INSERT,uett,eiaf
1653844781093082832,INSERT,eirty,iaops
1653844781093087678,INSERT,iind,ieusm
1653844781093092470,INSERT,eaf,eics
1653844781093097034,INSERT,eiably,eent
1653844781093101726,INSERT,iouncy,aurs
1653844781093106411,INSERT,iocts,uohn
1653844781093111186,INSERT,iors,uert
1653844781093124491,INSERT,uedy,eags
1653844781093129456,INSERT,oongs,iry
1653844781093134022,INSERT,als,oeh
1653844781093138719,INSERT,eax,iir
1653844782179115587,INSERT,ently,uark
1653844782179200552,INSERT,eas,ieft
1653844782179214662,INSERT,aicks,euth
1653844782179224064,INSERT,iaols,oont
1653844782179242682,INSERT,iuz,eently
1653844782179251903,INSERT,ird,aach
1653844782179260868,INSERT,aows,oocks
1653844782179270467,INSERT,ol,ieurd
1653844782179278160,INSERT,eick,eipp
1653844782179295253,INSERT,erty,eic
1653844782179313874,INSERT,iarth,ouf
1653844782179322385,INSERT,oih,eaff
1653844782179330782,INSERT,uok,aiks
1653844782179339711,INSERT,uiep,augh
1653844782179348182,INSERT,autch,erts
1653844782179355549,INSERT,aeks,oorth
1653844782179362755,INSERT,iars,eutts
1653844782179370285,INSERT,uidly,uiesch
1653844782179377908,INSERT,oiarr,ioulls
1653844782179385495,INSERT,oesch,auecs
1653844782179393021,INSERT,eeny,oewn
1653844782179400236,INSERT,iiff,iump
1653844782179407831,INSERT,eaungly,opt
1653844782179416953,INSERT,oongs,ieunts
1653844782179425496,INSERT,ooght,eiv
1653844782179433598,INSERT,uott,uiesm
1653844782179458414,INSERT,usts,eosly
1653844782179468554,INSERT,ays,oift
1653844782179476374,INSERT,aab,iaops
1653844782179483396,INSERT,aas,aueh
1653844782179490340,INSERT,ulls,ouys
1653844782179497350,INSERT,aiawn,eat
1653844782179504365,INSERT,aiarty,ieunts
1653844782179513503,INSERT,aueks,eov
1653844782179522197,INSERT,iaocks,ont
1653844782179537453,INSERT,iw,oern
1653844782179555431,INSERT,eesch,eegs
1653844782179565902,INSERT,iak,auds
1653844782179585086,INSERT,aiots,auest
1653844782179594464,INSERT,aorm,iers
1653844782179602811,INSERT,ieur,eult
1653844782179611924,INSERT,oial,aotts
1653844782179620488,INSERT,ieuts,eurth
1653844782179657422,INSERT,aingly,oopp
1653844782179666874,INSERT,aosm,oiays
1653844782179675621,INSERT,ush,iourg
1653844782179683992,INSERT,eurm,aerf
1653844782179692274,INSERT,oock,oiahn
1653844782179701071,INSERT,uk,iaok
1653844782179709622,INSERT,iaotch,oaps
1653844782810050168,INSERT,aards,ich
1653844782810125257,INSERT,euld,eirst
1653844782810204426,INSERT,eust,aiady
1653844782810214118,INSERT,aarf,aot
1653844782810223286,INSERT,iel,aocts
1653844782810232602,INSERT,uents,aiods
1653844782810241841,INSERT,ioult,iisly
1653844782810251383,INSERT,iorg,eialy
1653844782810260686,INSERT,oud,auers
1653844782810278987,INSERT,eauch,uancy
1653844782810289599,INSERT,oesch,urry
1653844782810307367,INSERT,iamp,oantly
1653844782810316478,INSERT,ecks,eag
1653844782810325298,INSERT,iaot,ieunt
1653844782810334182,INSERT,eauth,eurds
1653844782810343044,INSERT,eauth,aawn
1653844782810351764,INSERT,aers,aiasm
1653844782810360697,INSERT,at,eetts
1653844782810369658,INSERT,ull,aiorn
1653844782810380949,INSERT,oemp,uirk
1653844782810429314,INSERT,uem,ith
1653844782810438373,INSERT,eautts,auerd
1653844782810447631,INSERT,eoth,ecy
1653844782810494085,INSERT,aungs,ics
1653844782810504262,INSERT,autz,ieuw
1653844782810522684,INSERT,iouys,oerm
1653844782810550525,INSERT,ain,aann
1653844782810561815,INSERT,iorly,uas
1653844782810569802,INSERT,eaungs,oialls
1653844782810579073,INSERT,eaungly,eocts
1653844782810588869,INSERT,eaucks,eaucy
1653844782810598719,INSERT,eps,usly
1653844782810607412,INSERT,ed,ught
1653844782810616379,INSERT,iaorty,eiadly
1653844782810625266,INSERT,uefy,aialls
1653844782810634388,INSERT,eald,aings
1653844782810682359,INSERT,ointz,oag
1653844782810693482,INSERT,acy,aiks
1653844782810702222,INSERT,um,eash
1653844782810710462,INSERT,ourry,auengs
1653844782810718280,INSERT,eod,uams
1653844782810726389,INSERT,uetts,ieuns
1653844782810733590,INSERT,uierth,eidly
1653844782810742725,INSERT,oonds,aiarr
1653844782810751935,INSERT,euc,ooty
1653844782810759351,INSERT,oap,uasm
1653844782810766924,INSERT,aueld,oamp
1653844782810775325,INSERT,airf,iils
1653844782810783826,INSERT,iourry,uecs
1653844782810792827,INSERT,eaugs,aiork
1653844783920122066,INSERT,aiang,iongs
1653844783920209642,INSERT,iars,iug
1653844783920234126,INSERT,uicy,oatz
1653844783920244110,INSERT,uisp,ourth
1653844783920253211,INSERT,aorn,eang
1653844783920262382,INSERT,eauld,aent
1653844783920270600,INSERT,iaght,oump
1653844783920279331,INSERT,ieusts,oisp
1653844783920287334,INSERT,aom,eak
1653844783920304751,INSERT,iard,isk
1653844783920314744,INSERT,oorty,aart
1653844783920334263,INSERT,aiard,oitt
1653844783920342738,INSERT,oops,oents
1653844783920351275,INSERT,aeng,ieult
1653844783920359348,INSERT,eur,oiatch
1653844783920367708,INSERT,aiodly,auect
1653844783920376839,INSERT,eiand,eind
1653844783920385280,INSERT,aall,oils
1653844783920403282,INSERT,urry,oids
1653844783920412059,INSERT,uint,aicts
1653844783920419914,INSERT,iesly,uaps
1653844783920428339,INSERT,aght,oibs
1653844783920436567,INSERT,oiath,uop
1653844783920444108,INSERT,ibs,eosp
1653844783920455388,INSERT,uek,iuts
1653844783920463770,INSERT,iourk,uahn
1653844783920482684,INSERT,aony,iuth
1653844783920493265,INSERT,asm,oals
1653844783920501542,INSERT,iingly,eiwn
1653844783920510159,INSERT,aands,aongly
1653844783920529923,INSERT,eel,ieunk
1653844783920538684,INSERT,aiocks,ieudy
1653844783920546985,INSERT,iify,iks
1653844783920554851,INSERT,euys,uarf
1653844783920563360,INSERT,aiav,eauhl
1653844783920571779,INSERT,iarly,eiarty
1653844783920590937,INSERT,aorf,aich
1653844783920602031,INSERT,iap,ouly
1653844783920610214,INSERT,ogy,iaonts
1653844783920618654,INSERT,ieuts,oaps
1653844783920626831,INSERT,uny,aueld
1653844783920661513,INSERT,oiahl,etts
1653844783920671462,INSERT,uidy,iaosm
1653844783920680897,INSERT,uiff,uings
1653844783920689754,INSERT,eabs,outs
1653844783920698003,INSERT,ioums,uarry
1653844783920706742,INSERT,uief,eaty
1653844783920715270,INSERT,iolly,aogh
1653844783920724232,INSERT,eond,oesk
1653844783920732093,INSERT,eks,iaongs
1653844787585007460,INSERT,iigy,uolly
1653844787585072168,INSERT,eows,aopt
1653844787585081017,INSERT,eaud,uielt
1653844787585086577,INSERT,eaurry,uocs
1653844787585092383,INSERT,eiv,oind
1653844787585097954,INSERT,aify,iaosm
1653844787585103235,INSERT,auey,uosm
1653844787585108343,INSERT,oards,eack
1653844787585113163,INSERT,aiark,aacks
1653844787585125123,INSERT,ac,eaps
1653844787585131221,INSERT,uads,iors
1653844787585135956,INSERT,aerty,iards
1653844787585140702,INSERT,oends,iaocts
1653844787585145968,INSERT,eit,oiry
1653844787585150564,INSERT,oac,aups
1653844787585155248,INSERT,aungs,iaosly
1653844787585160045,INSERT,auesh,oimp
1653844787585171874,INSERT,ualt,orr
1653844787585177367,INSERT,or,aity
1653844787585182194,INSERT,aantly,oengly
1653844787585186804,INSERT,uierts,oin
1653844787585191328,INSERT,oax,oatts
1653844787585195784,INSERT,eurt,eetts
1653844787585200316,INSERT,ors,aueth
1653844787585205102,INSERT,eontz,ouss
1653844787585209754,INSERT,aocks,oity
1653844787585222251,INSERT,iaoz,eengly
1653844787585228524,INSERT,aiadly,uengly
1653844787585233438,INSERT,aiagh,ieusm
1653844787585238100,INSERT,eepp,aelly
1653844787585242803,INSERT,oiany,uitt
1653844787585247344,INSERT,aiar,easts
1653844787585254044,INSERT,oetch,ueld
1653844787585258685,INSERT,ist,iipp
1653844787585263276,INSERT,iebs,uiet
1653844787585267892,INSERT,iatch,aords
1653844787585279175,INSERT,uahl,eiack
1653844787585285452,INSERT,eath,ongly
1653844787585301008,INSERT,aib,arly
1653844787585305740,INSERT,iiz,uas
1653844787585310359,INSERT,aads,iops
1653844787585315061,INSERT,ours,eiws
1653844787585327952,INSERT,ic,iaorm
1653844787585332749,INSERT,uely,irts
1653844787585337262,INSERT,eully,eisly
1653844787585342235,INSERT,eip,ecy
1653844787585346747,INSERT,eiarf,auehn
1653844787585351529,INSERT,ooms,ierds
1653844787585356225,INSERT,ohl,eav
1653844787585360963,INSERT,irth,aetch
1653844787795916001,INSERT,ount,uary
1653844787795996456,INSERT,iays,aects
1653844787796009383,INSERT,urr,aerty
1653844787796019399,INSERT,uedy,uest
1653844787796027406,INSERT,aest,aiarg
1653844787796036218,INSERT,aught,aiarty
1653844787796045705,INSERT,iaws,iitz
1653844787796053524,INSERT,aats,eisp
1653844787796061327,INSERT,aemp,uony
1653844787796077518,INSERT,oincy,eaf
1653844787796087338,INSERT,eiact,oesch
1653844787796096752,INSERT,aask,iaogy
1653844787796106478,INSERT,oias,ously
1653844787796115657,INSERT,aith,iofy
1653844787796124327,INSERT,engs,eorty
1653844787796133417,INSERT,oerk,al
1653844787796141934,INSERT,ioungly,itz
1653844787796151502,INSERT,easp,ioutz
1653844787796159889,INSERT,oiant,eott
1653844787796168831,INSERT,iery,iaord
1653844787796177713,INSERT,aioll,uany
1653844787796186343,INSERT,oish,uipt
1653844787796195280,INSERT,ald,ued
1653844787796203390,INSERT,eux,eack
1653844787796212311,INSERT,oady,uoth
1653844787796220804,INSERT,iiff,aiams
1653844787796238581,INSERT,iety,ieurm
1653844787796249135,INSERT,eaurds,ontly
1653844787796260144,INSERT,aisly,aasm
1653844787796268484,INSERT,oiarn,ing
1653844787796276659,INSERT,uelt,eogs
1653844787796284998,INSERT,iaonts,oiahn
1653844787796293663,INSERT,aett,ierm
1653844787796302119,INSERT,auey,aerry
1653844787796329515,INSERT,iarm,oiads
1653844787796339036,INSERT,ienk,eesp
1653844787796355797,INSERT,auept,iick
1653844787796365471,INSERT,iuts,iast
1653844787796372811,INSERT,uads,eupp
1653844787796380318,INSERT,iaoc,uebs
1653844787796387710,INSERT,iaoss,aior
1653844787796396075,INSERT,oongs,ough
1653844787796404549,INSERT,uantly,aehl
1653844787796413111,INSERT,ouw,ild
1653844787796421183,INSERT,uint,auty
1653844787796430645,INSERT,iougy,uhn
1653844787796438060,INSERT,uangly,eaust
1653844787796447086,INSERT,uirly,eerg
1653844787796455838,INSERT,uiss,eauct
1653844787796463451,INSERT,ierty,osm
1653844788100127104,INSERT,iar,eord
1653844788100280618,INSERT,aiony,oorry
1653844788100299273,INSERT,uiest,ens
1653844788100309967,INSERT,eialls,iux
1653844788100329968,INSERT,ug,oorly
1653844788100339902,INSERT,aoght,aex
1653844788100348469,INSERT,uts,ieght
1653844788100357012,INSERT,iibs,iiss
1653844788100365940,INSERT,eush,uoth
1653844788100384442,INSERT,aiags,aiorf
1653844788100395780,INSERT,iart,ert
1653844788100405217,INSERT,ioug,aiall
1653844788100413433,INSERT,oont,iucs
1653844788100421301,INSERT,ean,air
1653844788100429615,INSERT,iuws,aiarts
1653844788100437583,INSERT,ouz,and
1653844788100445862,INSERT,aawn,ieugs
1653844788100454340,INSERT,iengly,incy
1653844788100462716,INSERT,inn,iecks
1653844788100470821,INSERT,eiald,ieuss
1653844788100479030,INSERT,ierth,aosh
1653844788100487668,INSERT,eauv,eiam
1653844788100496888,INSERT,uierds,ients
1653844788100505376,INSERT,aiatts,ietz
1653844788100516536,INSERT,auty,uects
1653844788100525277,INSERT,ioc,ieung
1653844788100544216,INSERT,iags,ioub
1653844788100555539,INSERT,ol,aangs
1653844788100564365,INSERT,aegh,aiwn
1653844788100572600,INSERT,eaucy,iaol
1653844788100593711,INSERT,eauty,eech
1653844788100602668,INSERT,eaurry,aings
1653844788100611499,INSERT,aarm,iand
1653844788100620218,INSERT,iorry,oogh
1653844788100629408,INSERT,ioufy,auengs
1653844788100658445,INSERT,uorg,aar
1653844788100679088,INSERT,oisp,aim
1653844788100690035,INSERT,ough,aiosm
1653844788100698801,INSERT,eost,oury
1653844788100707824,INSERT,audy,ify
1653844788100716438,INSERT,iift,eewn
1653844788100725762,INSERT,oig,aawn
1653844788100733842,INSERT,iungs,eaucy
1653844788100742540,INSERT,eig,uangs
1653844788100751727,INSERT,auentz,etts
1653844788100760572,INSERT,uerm,ienk
1653844788100769625,INSERT,euntly,aasp
1653844788100778236,INSERT,eegy,uiemp
1653844788100786799,INSERT,igh,aaz
1653844788100794813,INSERT,aup,oiact
1653844788186157103,INSERT,eam,iicy
1653844788186312923,INSERT,aial,euts
1653844788186340729,INSERT,ailt,oobly
1653844788186351723,INSERT,iorth,orts
1653844788186360489,INSERT,eudly,uerg
1653844788186369800,INSERT,euns,oim
1653844788186391197,INSERT,eault,eauys
1653844788186399848,INSERT,auerg,eugy
1653844788186408663,INSERT,iss,iully
1653844788186427065,INSERT,iently,iich
1653844788186437752,INSERT,uarts,uich
1653844788186446702,INSERT,aots,iudly
1653844788186454934,INSERT,oix,oild
1653844788186463834,INSERT,iaotch,uiwn
1653844788186471801,INSERT,ugy,ieucy
1653844788186479792,INSERT,uiends,iobs
1653844788186489280,INSERT,entz,aond
1653844788186497909,INSERT,oiald,aasly
1653844788186506719,INSERT,eaucks,omp
1653844788186514902,INSERT,iouf,ues
1653844788186523390,INSERT,uess,einn
1653844788186531762,INSERT,uirds,iourds
1653844788186540787,INSERT,iack,eed
1653844788186548990,INSERT,oept,ieg
1653844788186557604,INSERT,aids,oech
1653844788186566006,INSERT,eod,iims
1653844788186585319,INSERT,iuss,ouys
1653844788186595942,INSERT,uith,airth
1653844788186605233,INSERT,aionts,oepp
1653844788186613747,INSERT,ouks,ourry
1653844788186622268,INSERT,ooy,eiabs
1653844788186630782,INSERT,uends,uesh
1653844788186659751,INSERT,iung,eut
1653844788186668349,INSERT,eahl,ueff
1653844788186676938,INSERT,aiarly,iors
1653844788186685997,INSERT,ess,oipt
1653844788186704421,INSERT,uigh,iks
1653844788186715478,INSERT,uol,ooth
1653844788186724382,INSERT,itts,uieys
1653844788186733354,INSERT,iaght,aungs
1653844788186742602,INSERT,eiarry,oeff
1653844788186751677,INSERT,iebly,oers
1653844788186760673,INSERT,eay,aerm
1653844788186769380,INSERT,uas,uify
1653844788186777309,INSERT,auek,ubly
1653844788186786213,INSERT,uard,oup
1653844788186795412,INSERT,iaody,oerly
1653844788186804176,INSERT,iaocks,aump
1653844788186812296,INSERT,iaobs,iav
1653844788186820692,INSERT,aank,ior
1653844788684059905,INSERT,untly,ess
1653844788684170910,INSERT,oez,iouks
1653844788684187717,INSERT,oux,ieupp
1653844788684198525,INSERT,iix,ed
1653844788684208049,INSERT,aiack,oaly
1653844788684217312,INSERT,eits,eaurm
1653844788684226426,INSERT,oith,oipt
1653844788684235415,INSERT,ieght,eoh
1653844788684243650,INSERT,uet,auf
1653844788684263994,INSERT,ueg,oiass
1653844788684275408,INSERT,uols,auhn
1653844788684297033,INSERT,earg,iaok
1653844788684304651,INSERT,oold,iibly
1653844788684312303,INSERT,uatz,aantz
1653844788684321083,INSERT,ieurts,oorty
1653844788684330182,INSERT,ier,aill
1653844788684338103,INSERT,ieuc,aantz
1653844788684347454,INSERT,iirg,ieugy
1653844788684355399,INSERT,uangly,uengly
1653844788684363776,INSERT,aiabs,iaot
1653844788684372793,INSERT,uily,eiag
1653844788684380944,INSERT,iaolly,iith
1653844788684389519,INSERT,eam,oty
1653844788684397439,INSERT,earg,iaonts
1653844788684406705,INSERT,uogy,iosp
1653844788684414895,INSERT,uing,iuds
1653844788684435609,INSERT,auew,uipt
1653844788684447180,INSERT,oarry,iiry
1653844788684455217,INSERT,iags,uns
1653844788684463116,INSERT,uirth,ats
1653844788684471454,INSERT,ieul,uady
1653844788684479607,INSERT,uiess,uiengs
1653844788684488097,INSERT,eash,iips
1653844788684496401,INSERT,ualy,aof
1653844788684504591,INSERT,oorr,iouwn
1653844788684512401,INSERT,ieupt,aers
1653844788684532368,INSERT,eg,oops
1653844788684543496,INSERT,eirm,auff
1653844788684551625,INSERT,arly,uor
1653844788684559649,INSERT,aetch,eegy
1653844788684568191,INSERT,iux,iaots
1653844788684576816,INSERT,ioung,aarf
1653844788684584584,INSERT,iesch,iaolly
1653844788684593069,INSERT,iaons,eusm
1653844788684601485,INSERT,uibly,iaoc
1653844788684609508,INSERT,iex,aitts
1653844788684617493,INSERT,eoty,ieully
1653844788684626113,INSERT,uets,egy
1653844788684654304,INSERT,uapt,aiond
1653844788684663553,INSERT,iebs,oett
1653844791298049597,INSERT,oaf,aueps
1653844791298122668,INSERT,eausch,eorr
1653844791298135561,INSERT,iords,uelly
1653844791298144860,INSERT,iez,oops
1653844791298153830,INSERT,aesp,aics
1653844791298162926,INSERT,aern,iach
1653844791298171521,INSERT,eaudly,usk
1653844791298179989,INSERT,aetz,aaty
1653844791298188119,INSERT,oids,eably
1653844791298207072,INSERT,oegy,ionk
1653844791298217355,INSERT,eoth,ieuh
1653844791298238472,INSERT,uilt,eiag
1653844791298246709,INSERT,aing,eicks
1653844791298255877,INSERT,oays,aurry
1653844791298263892,INSERT,aangs,oid
1653844791298271469,INSERT,irts,aengs
1653844791298280099,INSERT,aiacts,onn
1653844791298288616,INSERT,auens,oox
1653844791298296254,INSERT,eurts,eenk
1653844791298304426,INSERT,at,eerry
1653844791298312888,INSERT,iouwn,oiabs
1653844791298320909,INSERT,uaty,iintz
1653844791298329532,INSERT,aias,iums
1653844791298337649,INSERT,uens,aas
1653844791298346016,INSERT,eosts,oobs
1653844791298354531,INSERT,each,eing
1653844791298374379,INSERT,ietch,aiarst
1653844791298399609,INSERT,ait,oedly
1653844791298409336,INSERT,eaug,uierts
1653844791298418219,INSERT,oing,iasly
1653844791298426477,INSERT,ays,iaog
1653844791298434694,INSERT,iult,iutts
1653844791298442795,INSERT,eurty,oty
1653844791298450856,INSERT,iob,ioust
1653844791298458498,INSERT,ulls,oept
1653844791298466846,INSERT,uiests,iars
1653844791298485723,INSERT,uahn,uiep
1653844791298496970,INSERT,eingly,ieuhl
1653844791298505760,INSERT,iits,aums
1653844791298513644,INSERT,ioups,eiss
1653844791298522365,INSERT,auetts,urm
1653844791298530195,INSERT,iuds,aids
1653844791298552851,INSERT,eirn,eehl
1653844791298561231,INSERT,uists,eauty
1653844791298570273,INSERT,iourry,oiats
1653844791298578692,INSERT,iirf,iurg
1653844791298587188,INSERT,ian,oary
1653844791298595722,INSERT,oat,aism
1653844791298604321,INSERT,urr,uars
1653844791298612570,INSERT,aagy,aiost
1653844791787223314,INSERT,iuk,uiks
1653844791787308979,INSERT,eops,eoch
1653844791787324334,INSERT,ods,aongs
1653844791787343897,INSERT,iic,euk
1653844791787352808,INSERT,iew,eiard
1653844791787372949,INSERT,itch,auev
1653844791787382765,INSERT,eult,ong
1653844791787391955,INSERT,uocts,aary
1653844791787400639,INSERT,aucs,eeght
1653844791787419670,INSERT,aash,iets
1653844791787431397,INSERT,oif,oal
1653844791787439352,INSERT,ounn,ims
1653844791787446959,INSERT,oery,iums
1653844791787456246,INSERT,aiotch,aiams
1653844791787465001,INSERT,iirt,oks
1653844791787473426,INSERT,aady,oac
1653844791787481563,INSERT,eif,aalls
1653844791787489849,INSERT,aown,oitts
1653844791787498806,INSERT,uetch,aaw
1653844791787506903,INSERT,iaws,ounds
1653844791787515097,INSERT,auth,ieusk
1653844791787524208,INSERT,oully,uch
1653844791787532303,INSERT,ism,oadly
1653844791787540306,INSERT,ewn,uim
1653844791787548874,INSERT,ools,ield
1653844791787557451,INSERT,iouf,uorg
1653844791787590199,INSERT,ably,eausts
1653844791787601847,INSERT,uirg,uierd
1653844791787610266,INSERT,oesp,aug
1653844791787618325,INSERT,iaty,aior
1653844791787626555,INSERT,ieusch,aagy
1653844791787653342,INSERT,iards,aipp
1653844791787662917,INSERT,uab,iaor
1653844791787671296,INSERT,aitch,aiort
1653844791787679664,INSERT,eiwn,eiands
1653844791787688018,INSERT,iaft,uiehl
1653844791787719860,INSERT,ais,aueft
1653844791787731103,INSERT,aally,oon
1653844791787739709,INSERT,aals,ody
1653844791787748111,INSERT,aald,iourst
1653844791787756026,INSERT,eiak,aunt
1653844791787764158,INSERT,iav,alt
1653844791787772480,INSERT,uirk,uv
1653844791787781955,INSERT,uct,eipp
1653844791787790556,INSERT,ourth,uont
1653844791787798447,INSERT,erm,aonts
1653844791787806371,INSERT,aontz,aintly
1653844791787814851,INSERT,oaps,eorth
1653844791787834358,INSERT,eing,oort
1653844791787844787,INSERT,oiass,arm
1653844792222026794,INSERT,uenk,iend
1653844792222094469,INSERT,aiangly,aiapp
1653844792222108389,INSERT,eicy,uks
1653844792222118438,INSERT,ion,eausly
1653844792222127269,INSERT,oisly,aiotts
1653844792222136252,INSERT,oey,uight
1653844792222145147,INSERT,oirk,iohn
1653844792222153199,INSERT,ooly,uiesly
1653844792222163757,INSERT,iaok,oaw
1653844792222181690,INSERT,iip,aiorty
1653844792222193226,INSERT,ooms,orly
1653844792222201457,INSERT,uitts,oots
1653844792222210239,INSERT,eums,uct
1653844792222218491,INSERT,uengs,aak
1653844792222227613,INSERT,oaf,oiaz
1653844792222235929,INSERT,aedy,aeb
1653844792222245445,INSERT,iouwn,iurth
1653844792222254089,INSERT,uiery,eil
1653844792222262897,INSERT,ainn,aents
1653844792222270711,INSERT,aiopp,oug
1653844792222279071,INSERT,iex,aeng
1653844792222287920,INSERT,oorty,intz
1653844792222296435,INSERT,aisch,eik
1653844792222304807,INSERT,eiab,aet
1653844792222313037,INSERT,aiagy,iopp
1653844792222330606,INSERT,oards,aells
1653844792222350459,INSERT,ieurst,iirn
1653844792222362106,INSERT,aox,ausly
1653844792222371037,INSERT,aown,eaucy
1653844792222379269,INSERT,aums,eaght
1653844792222387394,INSERT,eest,iuhn
1653844792222395512,INSERT,eun,oengs
1653844792222404297,INSERT,ooz,oak
1653844792222412405,INSERT,oaf,oiaks
1653844792222421358,INSERT,oarty,uibly
1653844792222429938,INSERT,iounk,uink
1653844792222450054,INSERT,oingly,eect
1653844792222461645,INSERT,ieuntz,old
1653844792222473875,INSERT,oom,eancy
1653844792222482308,INSERT,uiers,uesk
1653844792222490866,INSERT,easly,oects
1653844792222499195,INSERT,ehl,aold
1653844792222509883,INSERT,aus,iasts
1653844792222517980,INSERT,eurg,aiogs
1653844792222525718,INSERT,eaum,aiolls
1653844792222534690,INSERT,eupt,oopt
1653844792222543183,INSERT,ieunk,oend
1653844792222552135,INSERT,auly,iaock
1653844792222560477,INSERT,iends,out
1653844792222569349,INSERT,iord,uoc
1653844793903991126,INSERT,ioss,uimp
1653844793904078274,INSERT,eehn,ioum
1653844793904091846,INSERT,aecs,av
1653844793904101567,INSERT,aiolly,iincy
1653844793904111885,INSERT,oirts,iab
1653844793904121830,INSERT,iougs,eiaw
1653844793904131601,INSERT,uantly,eudly
1653844793904141346,INSERT,iunds,aady
1653844793904150616,INSERT,oght,ooct
1653844793904167610,INSERT,iobs,iirf
1653844793904177651,INSERT,uongs,eafy
1653844793904186913,INSERT,uw,iirst
1653844793904195382,INSERT,air,aorst
1653844793904203081,INSERT,oahn,ells
1653844793904212587,INSERT,uiest,iiry
1653844793904221032,INSERT,aits,oongs
1653844793904229713,INSERT,oecks,ieump
1653844793904237848,INSERT,aulls,oians
1653844793904246001,INSERT,euwn,ags
1653844793904254043,INSERT,iony,aorg
1653844793904271955,INSERT,oomp,iebs
1653844793904281420,INSERT,ad,airr
1653844793904289752,INSERT,ooy,uach
1653844793904297510,INSERT,aicy,iords
1653844793904306441,INSERT,eks,ontz
1653844793904315354,INSERT,utz,aays
1653844793904345732,INSERT,eash,ien
1653844793904356781,INSERT,icks,airy
1653844793904364710,INSERT,iuc,ieump
1653844793904372780,INSERT,aiot,ooncy
1653844793904381174,INSERT,ol,eiarg
1653844793904389690,INSERT,iouds,oasp
1653844793904398696,INSERT,iaosly,iorn
1653844793904407856,INSERT,aiosly,eaurt
1653844793904416439,INSERT,eug,ous
1653844793904425388,INSERT,ior,iuct
1653844793904444438,INSERT,aich,aotch
1653844793904454728,INSERT,eang,eurm
1653844793904462695,INSERT,iaown,oift
1653844793904470746,INSERT,uontz,iubs
1653844793904479568,INSERT,oit,eaury
1653844793904487849,INSERT,aiacks,ott
1653844793904506026,INSERT,uobly,eegs
1653844793904514034,INSERT,aintly,ungly
1653844793904523038,INSERT,ieums,iff
1653844793904531216,INSERT,ieds,eaurty
1653844793904542346,INSERT,eild,oiws
1653844793904551470,INSERT,uongs,auedly
1653844793904559799,INSERT,uoc,ieuntly
1653844793904568883,INSERT,uieft,uisp
1653844794098184687,INSERT,uast,ierg
1653844794098272275,INSERT,aofy,uien
1653844794098287133,INSERT,aiops,each
1653844794098297247,INSERT,aung,iawn
1653844794098306104,INSERT,eets,eopt
1653844794098315211,INSERT,uarf,at
1653844794098323599,INSERT,iusm,osp
1653844794098332101,INSERT,eaung,iaolly
1653844794098341240,INSERT,irt,aitch
1653844794098359426,INSERT,iinn,iact
1653844794098369755,INSERT,ands,aiofy
1653844794098379416,INSERT,oibs,aag
1653844794098387863,INSERT,iaopp,oecks
1653844794098396374,INSERT,iav,aiaz
1653844794098404539,INSERT,auly,aosch
1653844794098413334,INSERT,eiald,ol
1653844794098421446,INSERT,easm,ault
1653844794098429465,INSERT,ooncy,eacks
1653844794098437940,INSERT,iouny,aalls
1653844794098446544,INSERT,eotts,iuss
1653844794098454673,INSERT,auens,eiangly
1653844794098464019,INSERT,oorty,aitts
1653844794098472553,INSERT,uing,aons
1653844794098481297,INSERT,oegs,uieb
1653844794098489640,INSERT,uoft,iourt
1653844794098498135,INSERT,eomp,eorth
1653844794098518992,INSERT,ieugs,auelt
1653844794098530751,INSERT,iirly,iantz
1653844794098539679,INSERT,oosly,ierty
1653844794098548503,INSERT,eong,aial
1653844794098556925,INSERT,aunt,eiags
1653844794098564940,INSERT,uierts,iaorty
1653844794098573653,INSERT,euds,ioung
1653844794098582291,INSERT,eand,auws
1653844794098590267,INSERT,iws,et
1653844794098599298,INSERT,ain,uitz
1653844794098618435,INSERT,iouly,aiocs
1653844794098629737,INSERT,iaoms,ack
1653844794098656758,INSERT,iock,och
1653844794098678255,INSERT,auk,aals
1653844794098687492,INSERT,uegs,oft
1653844794098696023,INSERT,iurly,aity
1653844794098705464,INSERT,ady,uins
1653844794098716284,INSERT,eut,imp
1653844794098724664,INSERT,aupp,ieul
1653844794098733303,INSERT,uiv,unk
1653844794098741495,INSERT,eild,eaum
1653844794098749544,INSERT,auers,uoh
1653844794098758364,INSERT,iuts,aiwn
1653844794098767055,INSERT,it,iin
1653844794394103649,INSERT,ings,iecy
1653844794394188277,INSERT,iouds,eurth
1653844794394202923,INSERT,aenn,ely
1653844794394212829,INSERT,ich,aueff
1653844794394221775,INSERT,oald,ioully
1653844794394230333,INSERT,uill,ec
1653844794394238299,INSERT,uind,aark
1653844794394246628,INSERT,iaont,iicts
1653844794394255273,INSERT,uolly,oerts
1653844794394274141,INSERT,act,iy
1653844794394285046,INSERT,aunk,iors
1653844794394293798,INSERT,ox,ieudy
1653844794394302128,INSERT,iw,oust
1653844794394310476,INSERT,aish,iesh
1653844794394319253,INSERT,aeght,uesm
1653844794394337371,INSERT,aiown,eams
1653844794394346362,INSERT,iids,aav
1653844794394355371,INSERT,aueny,aecs
1653844794394364286,INSERT,iny,eauy
1653844794394372345,INSERT,uards,aorly
1653844794394389806,INSERT,oad,iuy
1653844794394398391,INSERT,uast,ust
1653844794394406983,INSERT,en,eerst
1653844794394416017,INSERT,oally,ailly
1653844794394424466,INSERT,iosh,iisk
1653844794394433204,INSERT,ioulls,aicts
1653844794394453748,INSERT,eaunts,eauly
1653844794394465477,INSERT,ieugs,uently
1653844794394474612,INSERT,ir,ourf
1653844794394483473,INSERT,aosh,eez
1653844794394491936,INSERT,oofy,ubs
1653844794394500977,INSERT,ips,aaght
1653844794394510363,INSERT,aiocs,aosp
1653844794394519183,INSERT,ooc,uon
1653844794394527754,INSERT,aucs,ents
1653844794394537053,INSERT,uily,eiants
1653844794394558504,INSERT,aiorn,aatts
1653844794394578754,INSERT,eenk,ious
1653844794394588517,INSERT,iang,oiw
1653844794394597680,INSERT,iost,auell
1653844794394606152,INSERT,aiohn,auedly
1653844794394617345,INSERT,aiarm,irty
1653844794394625743,INSERT,aurts,eaurds
1653844794394653558,INSERT,ads,iems
1653844794394663282,INSERT,oums,aect
1653844794394670755,INSERT,ieud,einy
1653844794394677932,INSERT,eogh,aocts
1653844794394685131,INSERT,auys,euks
1653844794394692913,INSERT,eirm,ern
1653844794394699850,INSERT,aues,uisk
1653844795791203825,INSERT,eids,eects
1653844795791285340,INSERT,aerk,ootch
1653844795791299733,INSERT,iip,uitts
1653844795791309263,INSERT,oiatt,iaosp
1653844795791318056,INSERT,aup,iips
1653844795791327367,INSERT,efy,ieums
1653844795791336414,INSERT,eill,ov
1653844795791344939,INSERT,aady,uoms
1653844795791353793,INSERT,ats,iuws
1653844795791372290,INSERT,eost,iem
1653844795791381553,INSERT,eff,aarst
1653844795791390177,INSERT,arn,ords
1653844795791398906,INSERT,iorr,ous
1653844795791406979,INSERT,iark,oard
1653844795791415167,INSERT,uient,eets
1653844795791424046,INSERT,aann,auerly
1653844795791433583,INSERT,aialt,eaught
1653844795791442286,INSERT,ients,oiann
1653844795791451282,INSERT,ioth,oiags
1653844795791459446,INSERT,oect,iils
1653844795791467815,INSERT,iann,aull
1653844795791476375,INSERT,uoth,eonds
1653844795791484349,INSERT,aav,ierd
1653844795791493264,INSERT,eaurly,iuhn
1653844795791501453,INSERT,uieny,eaup
1653844795791509931,INSERT,iiy,auett
1653844795791528464,INSERT,aah,oays
1653844795791539987,INSERT,iut,uigh
1653844795791548856,INSERT,aer,ierr
1653844795791557889,INSERT,eids,oogs
1653844795791566001,INSERT,uop,aueny
1653844795791574428,INSERT,aecks,ucts
1653844795791584075,INSERT,eix,uiect
1653844795791592393,INSERT,uody,iird
1653844795791601116,INSERT,iept,auhn
1653844795791609285,INSERT,eaum,iaoct
1653844795791627220,INSERT,ueng,ard
1653844795791654581,INSERT,ieurr,uomp
1653844795791662734,INSERT,oipp,ierm
1653844795791685720,INSERT,oohn,ausk
1653844795791693819,INSERT,aib,oetts
1653844795791701756,INSERT,aoks,airts
1653844795791710343,INSERT,aupp,eaupt
1653844795791721069,INSERT,iols,ert
1653844795791729758,INSERT,ael,eax
1653844795791737711,INSERT,uiets,aurst
1653844795791746125,INSERT,oiady,uesh
1653844795791754471,INSERT,eiarly,uiy
1653844795791762646,INSERT,iolls,aant
1653844795791770098,INSERT,uers,oiatts
1653844795912100911,INSERT,aiaz,eit
1653844795912182421,INSERT,aoct,art
1653844795912195997,INSERT,ourr,iutz
1653844795912206430,INSERT,ourf,eirt
1653844795912216479,INSERT,eust,oally
1653844795912226141,INSERT,uiel,eaks
1653844795912234137,INSERT,ary,aost
1653844795912243499,INSERT,iuncy,uels
1653844795912252813,INSERT,uohl,uob
1653844795912272067,INSERT,iends,oids
1653844795912281671,INSERT,uiews,iouc
1653844795912290791,INSERT,uapt,uam
1653844795912299677,INSERT,oupt,eends
1653844795912308067,INSERT,iahn,iard
1653844795912317061,INSERT,eaur,ourt
1653844795912341801,INSERT,uils,aiagy
1653844795912351298,INSERT,iourst,aiwn
1653844795912360926,INSERT,uiys,oetz
1653844795912369909,INSERT,eutz,eaufy
1653844795912379202,INSERT,ootch,auwn
1653844795912387357,INSERT,eiagh,iaocks
1653844795912396463,INSERT,eund,ies
1653844795912405289,INSERT,ap,uegs
1653844795912413467,INSERT,uits,aats
1653844795912422828,INSERT,erd,uiys
1653844795912431042,INSERT,eiar,orn
1653844795912448573,INSERT,ers,oiarn
1653844795912458769,INSERT,iuns,uecy
1653844795912467847,INSERT,eeng,ang
1653844795912476652,INSERT,uab,oehl
1653844795912485667,INSERT,eugh,euls
1653844795912494495,INSERT,ils,eiy
1653844795912503753,INSERT,aag,euws
1653844795912521288,INSERT,uely,eald
1653844795912530224,INSERT,arg,unds
1653844795912539641,INSERT,ons,auct
1653844795912556885,INSERT,eory,aurt
1653844795912570589,INSERT,ask,uiehn
1653844795912579581,INSERT,iats,oofy
1653844795912588537,INSERT,ueys,oult
1653844795912597450,INSERT,urn,ourry
1653844795912606449,INSERT,iounds,onn
1653844795912616362,INSERT,iif,iily
1653844795912624397,INSERT,uell,augh
1653844795912632521,INSERT,uieps,iunk
1653844795912662765,INSERT,iintly,oiy
1653844795912672062,INSERT,aers,oiadly
1653844795912681574,INSERT,ealt,auent
1653844795912689650,INSERT,eiamp,uhn
1653844795912697174,INSERT,ialt,eabs
1653844796889985912,INSERT,iorry,auehn
1653844796890079438,INSERT,eigh,eiarts
1653844796890093605,INSERT,iarn,aity
1653844796890100158,INSERT,aerr,eiars
1653844796890105435,INSERT,aingly,ieny
1653844796890111028,INSERT,aagy,uiems
1653844796890116063,INSERT,eust,iourts
1653844796890121238,INSERT,att,uk
1653844796890126630,INSERT,een,eonk
1653844796890138967,INSERT,oidly,ault
1653844796890145178,INSERT,eath,urk
1653844796890150194,INSERT,iav,oibly
1653844796890154947,INSERT,ueght,arty
1653844796890159754,INSERT,eins,aian
1653844796890164501,INSERT,iigh,aeg
1653844796890169143,INSERT,iouny,iorry
1653844796890173977,INSERT,im,aecks
1653844796890178996,INSERT,auett,uond
1653844796890183976,INSERT,iouhl,ear
1653844796890188717,INSERT,oally,aally
1653844796890193455,INSERT,aens,uiwn
1653844796890198122,INSERT,aerst,eiant
1653844796890202809,INSERT,oohn,ousp
1653844796890207684,INSERT,aiadly,eurly
1653844796890212832,INSERT,oangly,uiens
1653844796890242190,INSERT,eiact,ieucks
1653844796890261890,INSERT,ieuy,aiaz
1653844796890268570,INSERT,uev,aady
1653844796890273413,INSERT,eapp,uem
1653844796890278241,INSERT,uepp,iiys
1653844796890282944,INSERT,iic,uogs
1653844796890287644,INSERT,ams,aulls
1653844796890292632,INSERT,eiys,eims
1653844796890323334,INSERT,eiants,oamp
1653844796890330473,INSERT,aiof,ieunts
1653844796890335446,INSERT,aiams,iup
1653844796890346994,INSERT,uight,eiv
1653844796890354729,INSERT,oiam,aort
1653844796890359382,INSERT,av,iups
1653844796890364102,INSERT,uieks,uerk
1653844796890369002,INSERT,eds,uer
1653844796890373779,INSERT,aark,as
1653844796890378414,INSERT,aiorm,aez
1653844796890383142,INSERT,ords,oorty
1653844796890403296,INSERT,oig,eant
1653844796890410332,INSERT,oagh,uoms
1653844796890415466,INSERT,iih,oangly
1653844796890420395,INSERT,uly,etch
1653844796890425191,INSERT,iim,auety
1653844796890429826,INSERT,ood,autt
