1655176704545982768 9
1655176705547130000 10
1655176706548294780 10
1655176707549458390 10
1655176708550647871 10
1655176709552047650 8
1655176710553231511 10
1655176711554390291 10
1655176712555561364 10
1655176713556711644 10
1655176714557895576 10
1655176715559068776 10
1655176716559555474 10
1655176717560704796 9
1655176718561935377 9
1655176719563173778 10
1655176720564325578 10
1655176721565465769 10
1655176722566617868 10
1655176723567772650 10
1655176724569034571 9
1655176725570202892 10
1655176726571396832 10
1655176727572538643 9
1655176728573171174 10
1655176729573899945 10
1655176730575149134 10
1655176731576318673 9
1655176732577467635 10
1655176733578475296 10
1655176734579633038 10
1655176735580570717 10
1655176736581708188 9
1655176737582844199 10
1655176738583960100 10
1655176739585122223 9
1655176740586318241 10
1655176741587543412 10
1655176742588707043 10
1655176743589852112 10
1655176744591013193 10
1655176745592135054 9
1655176746593283202 9
1655176747593563824 10
1655176748594712274 10
1655176749595884437 10
1655176750597058047 10
1655176751598225616 10
1655176752599373427 10
1655176753600504967 10
1655176754601737336 8
1655176755602888127 10
1655176756604034120 10
1655176757605040490 10
1655176758605584370 10
1655176759606571931 10
1655176760607713600 10
1655176761608842471 10
1655176762609576332 8
1655176763610563982 10
1655176764611694145 10
1655176765612829424 10
1655176766613967285 10
1655176767615093675 10
1655176768616225635 10
1655176769617438585 9
1655176770618583127 10
1655176771619963948 9
1655176772621175627 10
1655176773622365469 10
1655176774623525279 10
1655176775624576849 10
1655176776625737040 10
1655176777627147999 9
1655176778628390570 10
1655176779629527872 10
1655176780630676941 9
1655176781631847952 10
1655176782633301604 10
1655176783634638234 10
1655176784635817615 9
1655176785636986116 10
1655176786638155718 10
1655176787639295285 10
1655176788640432227 9
1655176789641762867 10
1655176790643026978 10
1655176791644181750 10
1655176792644554309 9
1655176793645740191 10