1655526506502145249 0
1655526507503314509 0
1655526508504435991 0
1655526509505560659 0
1655526510506642870 0
1655526511507764367 0
1655526512508894149 0
1655526513510022384 0
1655526514511152227 0
1655526515512270371 37
1655526516513404011 102
1655526517514536984 108
1655526518515682360 110
1655526519516815391 105
1655526520517948234 104
1655526521519080265 110
1655526522520206598 109
1655526523521333730 105
1655526524522463123 105
1655526525523586652 110
1655526526524703070 108
1655526527525816558 102
1655526528526646478 109
1655526529527800347 110
1655526530528927462 106
1655526531530051384 103
1655526532531174939 110
1655526533532299206 110
1655526534533418136 101
1655526535534534658 108
1655526536535674496 110
1655526537536793630 109
1655526538537915154 102
1655526539539045094 108
1655526540540166631 110
1655526541541295083 106
1655526542542418870 103
1655526543543549728 110
1655526544544677506 110
1655526545545800825 101
1655526546546886440 108
1655526547548014022 110
1655526548549136256 108
1655526549550261308 101
1655526550551389333 110
1655526551552506546 110
1655526552553626277 102
1655526553554754405 107
1655526554555878696 110
1655526555557004786 108
1655526556558130369 101
1655526557559254412 110
1655526558560378569 110
1655526559561498886 104
1655526560562627420 106
1655526561563758217 107
1655526562564886454 110
1655526563566020952 101
1655526564567154436 110
1655526565568277512 110
1655526566569398570 104
1655526567570523148 106
1655526568571662633 107
1655526569572785104 110
1655526570573902717 102
1655526571575031429 109
1655526572576157628 110
1655526573577276659 107
1655526574578400202 104
1655526575579522479 107
1655526576580643356 109
1655526577581768324 103
1655526578582646839 108
1655526579583771883 110
1655526580584915669 108
1655526581586050142 104
1655526582586645436 107
1655526583587770678 108
1655526584588891769 106
1655526585590015456 105
1655526586591139167 110
1655526587592251467 109
1655526588593385836 104
1655526589594504143 106
1655526590594653423 108
1655526591595772190 107
1655526592596893545 105
1655526593598007824 109
1655526594598645383 109
1655526595599766931 105
1655526596600892640 106
1655526597602009333 107
1655526598603141019 108
1655526599604267863 106
1655526600605394383 107
1655526601606526607 109
1655526602607675460 107
1655526603608801062 106
1655526604609912845 107
1655526605611039137 43