1655510442042101645 0
1655510443043327489 0
1655510444044445334 0
1655510445045563614 0
1655510446046686392 0
1655510447047809892 0
1655510448048935526 0
1655510449050055912 0
1655510450051177731 0
1655510451052300274 4
1655510452053424924 38
1655510453054553757 98
1655510454055678103 87
1655510455056797081 88
1655510456057920332 83
1655510457059041983 80
1655510458060160777 76
1655510459061283013 61
1655510460062407956 87
1655510461063528448 93
1655510462064656859 87
1655510463065746559 90
1655510464066840983 93
1655510465067961892 87
1655510466069083286 92
1655510467070171498 87
1655510468071322242 88
1655510469072446809 97
1655510470073569168 87
1655510471074292190 94
1655510472075419129 83
1655510473076538911 90
1655510474077652571 88
1655510475078773957 89
1655510476079892709 86
1655510477081013592 84
1655510478082136621 86
1655510479083253145 88
1655510480084365855 88
1655510481085483436 87
1655510482086605111 87
1655510483087728049 91
1655510484088864213 87
1655510485089993239 92
1655510486091114405 90
1655510487092242870 83
1655510488093371906 89
1655510489094488287 95
1655510490095608325 85
1655510491096731692 85
1655510492097855535 88
1655510493098978973 90
1655510494100104833 84
1655510495101227805 85
1655510496102344537 91
1655510497103466061 88
1655510498104586981 86
1655510499105710210 93
1655510500106829901 92
1655510501107953534 89
1655510502109082119 87
1655510503110203152 88
1655510504111372630 85
1655510505112496257 87
1655510506113621916 78
1655510507114747948 66
1655510508115868955 61
1655510509116986714 68
1655510510118107637 76
1655510511119227973 90
1655510512120351891 92
1655510513121478344 96
1655510514122619624 90
1655510515123742522 90
1655510516124865428 90
1655510517125991408 90
1655510518127112559 90
1655510519128248661 88
1655510520129368608 95
1655510521130502695 90
1655510522131634994 93
1655510523132760275 96
1655510524133890902 96
1655510525135015146 89
1655510526136134214 87
1655510527137264785 89
1655510528138395664 92
1655510529139523687 89
1655510530140648826 96
1655510531141773085 88
1655510532142904067 92
1655510533144029935 87
1655510534145157878 95
1655510535146282721 89
1655510536147408713 91
1655510537148534137 91
1655510538149658975 89
1655510539150780848 89
1655510540151902342 99
1655510541153023358 37
1655510542154153589 22