1655182744253861029 18
1655182745254556542 20
1655182746255679404 19
1655182747256814803 20
1655182748258089165 20
1655182749259378335 19
1655182750260649564 18
1655182751261826217 20
1655182752262965866 20
1655182753264235478 19
1655182754265499889 20
1655182755266647230 20
1655182756267605601 18
1655182757269113972 20
1655182758270262481 20
1655182759271427256 19
1655182760272703685 20
1655182761273876332 19
1655182762275041745 20
1655182763276572276 18
1655182764277722737 20
1655182765278552618 20
1655182766279559069 20
1655182767280713510 20
1655182768281819402 19
1655182769283119131 19
1655182770284317691 18
1655182771285465193 20
1655182772286667623 20
1655182773287830065 20
1655182774288564836 20
1655182775289551797 20
1655182776290795907 19
1655182777291927849 17
1655182778292569559 20
1655182779293741934 20
1655182780295058913 20
1655182781296261372 20
1655182782297764745 17
1655182783299561361 20
1655182784300735164 20
1655182785301909073 19
1655182786302572056 20
1655182787303741735 20
1655182788304550586 18
1655182789306174498 19
1655182790307426078 20
1655182791308688869 20
1655182792309843280 20
1655182793311188821 20
1655182794312337361 19
1655182795312586582 18
1655182796313732354 19
1655182797314569616 20
1655182798315732615 20
1655182799316998372 20
1655182800318427196 20
1655182801319587207 20
1655182802320709757 18
1655182803321922879 19
1655182804323233789 19
1655182805324399930 20
1655182806325557771 20
1655182807326697202 20
1655182808327873653 18
1655182809329048813 20
1655182810330234805 20
1655182811330542495 20
1655182812331666166 18
1655182813332631417 20
1655182814333881828 20
1655182815335045628 18
1655182816335575909 20
1655182817336754050 20
1655182818337912791 20
1655182819339061641 20
1655182820339570242 19
1655182821340869453 19
1655182822341585964 18
1655182823342727475 20
1655182824343877236 20
1655182825345016206 20
1655182826346148047 20
1655182827347403367 19
1655182828348526659 20
1655182829349772447 17
1655182830350934760 20
1655182831352083251 20
1655182832353250492 20
1655182833353564502 15