1655177603165559233 104
1655177604166544815 154
1655177605167541527 173
1655177606168557840 171
1655177607169703803 151
1655177608170826144 204
1655177609171535837 256
1655177610172531889 273
1655177611173628991 306
1655177612174566733 306
1655177613175794466 304
1655177614176554688 315
1655177615177378931 303
1655177616178619273 310
1655177617179621856 308
1655177618180541198 284
1655177619181573350 296
1655177620182536212 289
1655177621183540445 306
1655177622184549447 300
1655177623185542640 287
1655177624186542233 264
1655177625204995803 250
1655177626206178716 248
1655177627207311777 237
1655177628208955770 113
1655177629209542952 100
1655177630210541205 142
1655177631211577677 255
1655177632212551119 224
1655177633213528400 219
1655177634214330194 224
1655177635214538036 209
1655177636215545998 224
1655177637216538911 206
1655177638217545313 220
1655177639218543615 192
1655177640219530677 206
1655177641220541219 183
1655177642221546122 194
1655177643222917894 87
1655177644224191977 73
1655177645224534299 150
1655177646225572901 181
1655177647226542413 192
1655177648227540065 177
1655177649228713398 167
1655177650229536120 178
1655177651230526192 177
1655177652231537364 198
1655177653232549817 173
1655177654233532700 162
1655177655234737582 143
1655177656235549984 78
1655177657236536197 178
1655177658237767800 169
1655177659238992273 75
1655177660240154055 86
1655177661241541977 152
1655177662242541690 177
1655177663243527122 154
1655177664244714754 150
1655177665245554997 180
1655177666246591289 153
1655177667247531502 151
1655177668248553054 142
1655177669249537786 150
1655177670250560489 145
1655177671251539681 163
1655177672252529163 142
1655177673253551296 149