1656033559125849502 70553
1656033559331662404 5137
1656033559536728576 4723
1656033559741422809 4333
1656033559946604000 4843
1656033560152029163 4966
1656033560356863205 4461
1656033560563025327 5663
1656033560769117410 5612
1656033560975630511 6145
1656033561181431853 5182
1656033561387530854 5736
1656033561592078217 4170
1656033561797020550 4587
1656033562002914399 5507
1656033562208017644 4716
1656033562414209584 5832
1656033562620512926 5118
1656033562825067430 4247
1656033563030523552 4867
1656033563236554604 5544
1656033563441505196 4636
1656033563646876297 4956
1656033563852334910 5060
1656033564057483411 4611
1656033564263126184 5188
1656033564468085006 4685
1656033564673398509 4727
1656033564877976671 4232
1656033565082074231 3761
1656033565287305455 4923
1656033565492068957 4431
1656033565696725009 4326
1656033565902015621 4974
1656033566106281783 3746
1656033566310959696 4260
1656033566517423018 5671
1656033566721947420 4180
1656033566926748642 4381
1656033567131095234 4008
1656033567336111226 4482
1656033567540944339 4552
1656033567745941891 4686
1656033567950895023 4488
1656033568156736424 5514
1656033568364038067 6936
1656033568571521037 6593
1656033568778910231 6519
1656033568986384392 7032
1656033569191130495 4224
1656033569395829706 4362
1656033569600944949 4358
1656033569805840951 4575
1656033570011120492 4868
1656033570215936046 4536
1656033570420968848 4672
1656033570626214689 4761
1656033570831168793 4473
1656033571035971214 4328
1656033571241017516 4730
1656033571445554577 4122
1656033571651720780 5702
1656033571857559162 5411
1656033572062771975 4896
1656033572267124417 4045
1656033572472338509 4770
1656033572677514482 4669
1656033572882963784 5098
1656033573087503966 4212
1656033573292646577 4364
1656033573498215460 4810
1656033573702556842 4030
1656033573908142075 5165
1656033574113655326 5026
1656033574321298958 6903
1656033574526564990 4759
1656033574731942022 4796
1656033574937268135 4978
1656033575142670017 4902
1656033575347866349 4774
1656033575552810781 4527
1656033575757775063 4552
1656033575962621145 4391
1656033576167901877 5101
1656033576372290400 4089
1656033576576979812 4329
1656033576782528314 5142
1656033576987161486 4000
1656033577191684638 4051
1656033577396086810 4048
1656033577602266823 5890
1656033577808743995 4730
1656033578013524887 4211
1656033578218310158 3903
1656033578425068711 6439
1656033578631270382 5439
1656033578838145805 5694
1656033579044140544 5651
1656033579250521649 5380
1656033579455131211 4073
1656033579659930471 4208
1656033579865136556 4859
1656033580070256225 4854
1656033580276466600 5582
1656033580482979652 6104
1656033580689033204 5749
1656033580895223426 5731
1656033581101187318 5245
1656033581307098650 5379
1656033581515873202 8348
1656033581721149283 4733
1656033581928247946 6224
1656033582134646697 5236
1656033582341970860 6550
1656033582549083093 5288
1656033582753714324 4308
1656033582959348607 4214
1656033583165287279 5651
1656033583372016030 6415
1656033583577845043 4665
1656033583785897674 5697
1656033583991007947 4611
1656033584197056469 5651
1656033584403145861 5726
1656033584610053633 6467
1656033584817428906 5994
1656033585024360128 6050
1656033585231410569 5664
1656033585437460970 5555
1656033585643233823 5181
1656033585848977483 4610
1656033586056049457 5951
1656033586263256340 5294
1656033586468356282 4957
1656033586674772814 5576
1656033586882360236 5863
1656033587087587968 4465
1656033587294445900 6039
1656033587500430419 5239
1656033587706924934 5755
1656033587916021836 8716
1656033588122782588 5002
1656033588329000790 5846
1656033588534848462 5470
1656033588740928664 4805
1656033588946933656 5148
1656033589153016248 5602
1656033589358902870 5548
1656033589566591592 5292
1656033589772806914 5360
1656033589981138066 6737
1656033590188215627 5681
1656033590394382267 4947
1656033590601387543 6118
1656033590808285564 6490
1656033591014296004 5630
1656033591221370178 6478
1656033591429419049 7657
1656033591637015322 7296
1656033591841954754 4518
1656033592047199076 4816
1656033592252899578 5186
1656033592459524440 5784
1656033592664931312 4846
1656033592870020784 4785
1656033593075067366 4675
1656033593280574359 5184
1656033593486217961 4824
1656033593691508443 5121
1656033593896765325 4952
1656033594102259228 5074
1656033594306708957 4020
1656033594511966322 4581
1656033594716655514 4269
1656033594922100955 5131
1656033595129849118 5837
1656033595336122069 5847
1656033595543704362 6761
1656033595751970874 7725
1656033595960035985 6843
1656033596168085017 5439
1656033596376573029 6439
1656033596583156201 5430
1656033596790797313 5558
1656033596997604275 5021
1656033597205457886 7658
1656033597412138028 5996
1656033597621051367 8531
1656033597829194942 7733
1656033598036451084 6946
1656033598245820996 8433
1656033598453544966 6155
1656033598660481479 5600
1656033598867185561 5495
1656033599074888694 7496
1656033599284544864 6876
1656033599490804596 4581
1656033599697918288 4771
1656033599902933300 4644
1656033600109101863 5342
1656033600316294735 6426
1656033600522941616 5532
1656033600729084848 5695
1656033600935507230 6114
1656033601142696752 6743
1656033601348123093 4964
1656033601554482606 6085
1656033601760996378 6194
1656033601966836261 4901
1656033602173584672 5642
1656033602378922134 4697
1656033602583826727 4593
1656033602790264569 6006
1656033602995011301 4406
1656033603199897663 4348
1656033603405058215 4774
1656033603610251977 4869
1656033603814893328 4118
1656033604019253449 3965
1656033604224193944 4487
1656033604429551796 5152
1656033604634879835 5016
1656033604841419060 4945
1656033605047232352 5487
1656033605252701544 4858
1656033605459289296 6137
1656033605681143722 18284
1656033605888256209 6873
1656033606096459381 6817
1656033606302349893 4424
1656033606508490395 5833
1656033606713862017 5077
1656033606920597959 6432
1656033607125850271 4050
1656033607331539470 4749
1656033607536873945 4999
1656033607743107247 5712
1656033607948622519 5240
1656033608154276221 4865
1656033608358910723 4514
1656033608564766785 4669
1656033608769957498 4059
1656033608976966909 6713
1656033609181855911 4494
1656033609387904582 5193
1656033609592313256 3915
1656033609798158058 4500
1656033610005433269 6941
1656033610214918641 8335
1656033610421929624 5366
1656033610631287576 8322
1656033610841266786 7881
1656033611051753368 6445
1656033611259698111 7450
1656033611468340132 7204
1656033611674814334 4832
1656033611883144657 6748
1656033612091569108 8164
1656033612298614401 5223
1656033612506510842 6624
1656033612713511534 5081
1656033612921277216 7473
1656033613127843768 5702
1656033613335112350 5329
1656033613541883782 4856
1656033613749896994 5320
1656033613956691636 5304
1656033614163166818 6027
1656033614369906130 6170
1656033614578052122 6260
1656033614784124514 5685
1656033614990579356 6203
1656033615197654527 6246
1656033615403456200 5381
1656033615613050081 9203
1656033615823964792 7163
1656033616030885845 5944
1656033616237296077 6015
1656033616444812599 6947
1656033616651503981 6107
1656033616859033793 7182
1656033617068174835 7012
1656033617274446987 5154
1656033617481754038 5810
1656033617690019090 6785
1656033617897972513 7832
1656033618105906965 7529
1656033618313552596 5996
1656033618519521118 5720
1656033618725710821 4987
1656033618930963143 4885
1656033619138852343 5256
1656033619346892187 7086
1656033619554959438 6338
1656033619761532000 6140
1656033619967525101 5734
1656033620177146443 6906
1656033620384599956 6756
1656033620591772113 5437
1656033620798843148 6775
1656033621005638607 6163
1656033621213062683 5918
1656033621420268034 4667
1656033621626491166 4988
1656033621832279489 4879
1656033622038053740 5434
1656033622244440973 5726
1656033622450430025 5028
1656033622655856116 5016
1656033622861068879 4896
1656033623067086092 5520
1656033623273045684 4631
1656033623479373226 5997
1656033623686151708 5928
1656033623891832220 5056
1656033624096482682 4088
1656033624301936074 4696
1656033624507877287 5113
1656033624713670548 5329
1656033624917998591 3892
1656033625122892922 4563
1656033625327602155 4214
1656033625533865597 5490
1656033625739411209 4763
1656033625945892841 6084
1656033626152260823 5869
1656033626358916653 5484
1656033626564374497 4983
1656033626769695699 4761
1656033626974917071 4795
1656033627180776573 5489
1656033627385485865 4253
1656033627590871697 5060
1656033627796909410 5633
1656033628005734282 8097
1656033628216880833 10477
1656033628426267005 6615
1656033628633932857 6833
1656033628850538778 12696
1656033629057038750 4879
1656033629262504012 5118
1656033629468443864 5190
1656033629674204356 4772
1656033629880823178 5028
1656033630087403359 6266
1656033630293890212 5311
1656033630499564764 5178
1656033630708357656 8479
1656033630913194228 4535
1656033631119019360 5404
1656033631324698312 5079
1656033631530195654 5168
1656033631735820497 5437
1656033631940489648 4289
1656033632147423520 5992
1656033632354806062 6290
1656033632561515174 6268
1656033632768006126 6358
1656033632974970298 6587
1656033633185016439 8457
1656033633393182831 7378
1656033633600654063 6416
1656033633809007665 6741
1656033634018963307 7659
1656033634227802699 7523
1656033634435093000 5247
1656033634643312912 6631
1656033634849899313 6407
1656033635056087526 5386
1656033635261780448 5383
1656033635469859109 6485
1656033635676617412 5716
1656033635883927624 5691
1656033636090103495 5277
1656033636295727528 5331
1656033636501145160 5058
1656033636707992592 6601
1656033636914387514 6073
1656033637121961785 7265
1656033637327618507 5357
1656033637533017300 5080
1656033637737473272 4108
1656033637943134333 5354
1656033638148016116 4624
1656033638353778158 5409
1656033638559454341 4818
1656033638765929573 5595
1656033638971343235 4471
1656033639176112897 4411
1656033639380964979 4533
1656033639586125491 4540
1656033639792014673 5630
1656033639997629835 5249
1656033640202117317 4181
1656033640409876887 7494
1656033640621179861 6791
1656033640829070263 6940
1656033641037014655 7368
1656033641243377607 6022
1656033641450654019 5397
1656033641657729030 5310
1656033641864461912 5375
1656033642073013174 7684
1656033642278960767 5553
1656033642486097119 6725
1656033642692784631 6404
1656033642898243053 4750
1656033643104626864 5606
1656033643310598727 5557
1656033643522433638 9044
1656033643730206440 7289
1656033643935727532 5081
1656033644142445124 5780
1656033644348100256 5248
1656033644554381787 5925
1656033644758979140 4277
1656033644965120683 5790
1656033645170023965 4637
1656033645376105897 5476
1656033645581542899 4878
1656033645787808581 5678
1656033645992679673 4292
1656033646200407415 7388
1656033646405404747 4701
1656033646611011970 5189
1656033646816124000 4583
1656033647022596134 6206
1656033647230239076 6763
1656033647438763467 8365
1656033647651368709 10983
1656033647858895490 7202
1656033648065479473 4888
1656033648271196645 5321
1656033648477464127 5811
1656033648684249379 4681
1656033648889590161 4464
