1656034668316585275 62716
1656034668537395684 20012
1656034668812874521 71497
1656034669041434942 23048
1656034669256063553 14317
1656034669522477560 12512
1656034669737873872 14343
1656034670012840857 70459
1656034671236407472 1022001
1656034671449054614 12256
1656034671719242849 69100
1656034671930607962 11119
1656034672135546074 4534
1656034672341494927 5147
1656034672546939139 5120
1656034672751650571 4405
1656034673032658527 80696
1656034673240912999 7528
1656034673517674385 72746
1656034674372828081 654393
1656034674582813423 9211
1656034674793821245 9355
1656034675005465787 10075
1656034675218284928 12491
1656034675516650182 82089
1656034675722400455 5048
1656034675928046207 5034
1656034676147038558 12556
1656034676522574075 62514
1656034676739160716 10408
1656034676953899398 13035
1656034677160598740 5787
1656034677366171423 5257
1656034677625131180 58744
1656034684930106320 7096290
1656034688320967797 3189972
1656034688543168417 21131
1656034688756751989 12706
1656034689023380066 66321
1656034689248195877 19374
1656034689532956992 82513
1656034689917247839 174432
1656034690214332964 95024
1656034690440946204 23136
1656034690734771069 22283
1656034691122792985 178080
1656034691410926080 87796
1656034691715282984 102159
1656034691937897694 18487
1656034692163858935 9745
1656034692422337353 56107
1656034692645065924 22401
1656034692913447161 57059
1656034693228589753 104231
1656034694532181911 1101342
1656034694750080462 15687
1656034694959400553 7127
1656034695214446431 54873
1656034695423447783 8169
1656034695631185295 6949
1656034695841826197 9145
1656034696052895549 9507
1656034696263401731 8975
1656034696513418979 47438
1656034696727199031 10812
1656034696941286442 12903
1656034697214374549 70917
1656034697427361160 9098
1656034697644353262 15143
1656034697851105863 6368
1656034698060080885 6689
1656034698269815578 8544
1656034698528114295 10613
1656034698755034955 25620
1656034698970655017 14299
1656034699414411039 242796
1656034699634206579 8225
1656034699838872802 4480
1656034700045922094 6534
1656034700338860059 28615
1656034701635366556 1094974
1656034702920017225 1082559
1656034703142005496 17432
1656034703352105448 8719
1656034703561488950 8913
1656034703825652997 15117
1656034704045481388 12841
1656034705319744048 1072228
1656034705539367199 15697
1656034705753484290 11618
1656034705970613932 11318
1656034706181744094 9232
1656034706528730363 91094
1656034706743110405 11661
1656034706964200775 20780
1656034707234235972 22756
1656034707439725574 5198
1656034710786161813 3076156
1656034711017245415 7327
1656034711232622246 11225
1656034713026278321 1592884
1656034713247304302 18897
1656034713456223914 8589
1656034713717281771 57627
1656034713934081232 16290
1656034714143045904 8629
1656034714358219856 13530
1656034714581553597 19605
1656034714801018698 12881
1656034715016536319 12428
1656034715236892020 16387
1656034715534045614 88449
1656034715755264175 14675
1656034717016399466 1060892
1656034717228013758 11202
1656034717444348579 13896
1656034717714300686 69644
1656034717924092358 8042
1656034718139060369 12666
1656034718413095656 71985
1656034718623156877 7561
1656034718841175419 11403
1656034719120497755 78871
1656034719335399106 13817
1656034719546805068 8398
1656034719832100893 81323
1656034721118309682 1070136
1656034722373250753 1054615
1656034723586229447 1009781
1656034723796178989 9051
1656034725062219000 1064265
1656034725330932647 20972
1656034725624375912 86953
1656034725838262603 7041
1656034726045368275 6755
1656034726317221401 71450
1656034726529094743 11323
1656034726751438594 20362
1656034726961470355 6235
1656034730250621683 3088570
1656034730457328784 6276
1656034730662503617 4723
1656034730919299765 56217
1656034732165206787 1044798
1656034732424253644 14304
1656034733715588162 1084170
1656034733940521012 24120
1656034734229150707 86705
1656034734441000029 10593
1656034734650277100 5844
1656034734912229637 60663
1656034735129151879 15768
1656034735350925980 20537
1656034735643122965 85749
1656034737016431196 1167915
1656034737229555827 10752
1656034737449821078 15105
1656034737713481706 59430
1656034737922071977 7864
1656034738227247821 100830
1656034738611234608 179841
1656034738832572778 15333
1656034739042020541 7630
1656034740289728783 1042438
1656034740648486902 134860
1656034740934115347 10492
1656034741216798621 81819
1656034741524662146 102277
1656034741746163057 19864
1656034742011170673 61740
1656034742229216675 17226
1656034742560925586 122432
1656034742810943404 48559
1656034743021181936 9709
1656034743240165247 16773
1656034743454246939 5315
1656034744814185701 1153903
1656034745111694296 62865
1656034745334341166 21876
1656034746568364960 1026174
1656034746914477730 142006
1656034747122748562 5062
1656034747334848634 11291
1656034747543936256 8478
1656034747752093107 6694
1656034748014543615 58069
1656034748239038816 18644
1656034748611225303 160823
1656034748912270808 78688
1656034749211141522 88931
1656034749538774873 9215
1656034749750803905 8904
1656034749959264327 7868
1656034750241178802 23572
1656034750520065257 6152
1656034750726498400 4470
1656034750931145832 4340
1656034751135897975 4462
1656034751340500747 4287
1656034751726344504 184896
1656034751933499796 4142
1656034752138187318 4258
1656034752354167539 11455
1656034752558995831 4230
1656034752764349224 4953
1656034754013057956 1048368
1656034755473930620 1254048
1656034755723466768 11209
1656034755931188280 6202
1656034756143439202 9689
1656034756444185595 98783
1656034756661124076 14343
1656034758012492379 1147851
1656034758240503550 27072
