1656034791819674665 1155366
1656034792039375816 19305
1656034799431207055 7121141
1656034800828968545 1177873
1656034801049205816 9323
1656034801329484032 79101
1656034801538938024 7723
1656034801817398889 72193
1656034802027410441 7055
1656034802333622355 19496
1656034802615239800 73043
1656034802826582772 9765
1656034803040698794 12290
1656034803250393006 6613
1656034803460240658 9111
1656034803724165245 51005
1656034803961608544 31058
1656034804337702792 108350
1656034804552211123 13777
1656034804759509505 6127
1656034805016138723 6159
1656034805225288385 7799
1656034805725980421 295432
1656034805952177212 19789
1656034806232200497 72802
1656034806453562729 17328
1656034806814572717 160695
1656034807041579338 25502
1656034807256112069 8408
1656034807522542776 66108
1656034807731940468 8585
1656034808052796550 91713
1656034808324037566 65567
1656034808547961977 17846
1656034808827283203 75540
1656034809137047006 101224
1656034809345646497 8280
1656034809560311899 12397
1656034809818244286 57355
1656034810046510527 23023
1656034810319254254 70708
1656034810547200064 25027
1656034810770287244 17883
1656034810983360836 11085
1656034811227300254 43141
1656034811642640828 183171
1656034811859401669 10943
1656034812069204421 8444
1656034812277148503 7113
1656034812541305131 30153
1656034813011137398 78251
1656034813241151710 22941
1656034813520442454 78868
1656034813731867997 10598
1656034813942290509 6834
1656034815319990621 1170649
1656034816852207248 1331817
1656034817127097715 66666
1656034817348140855 17699
1656034817560126377 9558
1656034817837146903 75515
1656034818126724438 86693
1656034818463551769 135723
1656034818745808794 14386
1656034818966274345 19488
1656034819223185523 54812
1656034819445937204 15075
1656034820953589883 1301123
1656034821165752245 9719
1656034821440941711 29560
1656034821720949787 76527
1656034821950662847 6025
1656034823242015155 1089911
1656034824521560854 1077712
1656034824745103635 11707
1656034824957696716 6526
1656034826179530380 1020183
1656034826527751051 145979
1656034826754891841 17513
1656034827026198628 12563
1656034827236911309 10299
1656034827517462075 79543
1656034827736376266 18601
1656034827959844117 21741
1656034828165793089 5636
1656034828442796935 32580
1656034828831451290 99416
1656034829042503483 8021
1656034829311030620 67979
1656034829615867844 95450
1656034829942169955 121912
1656034830230523680 86460
1656034830649130434 210735
1656034830853566146 3536
1656034831058614079 4606
1656034831325815925 61572
1656034831622258440 87124
1656034835612297024 3769849
1656034835830904855 15523
1656034836111188431 75405
1656034836328256211 14771
1656034836622944656 86831
1656034836843706377 12320
1656034837061754308 17167
1656034837314708376 52629
1656034837551782996 26878
1656034837840862450 29369
1656034838122912196 80471
1656034838347294737 22195
1656034838621025703 71595
1656034839043158837 206581
1656034839316644363 53152
1656034839537180361 18236
1656034839755135495 10349
1656034839968068007 7855
1656034840326702715 157252
1656034840536535547 6724
1656034840746541429 9675
1656034840955072951 7681
1656034841170820452 14430
1656034841377282415 6040
1656034842630230766 1051832
1656034842848156678 13770
1656034843116307944 64918
1656034843329242636 11858
1656034843538816416 6921
1656034843832212553 90586
1656034844114714058 81334
1656034844342140599 22752
1656034844548188581 5183
1656034844756923402 6546
1656034846018520703 1058220
1656034846245725863 22912
1656034847558884820 1112662
1656034847819086907 58462
1656034848041128118 20730
1656034848330256113 87873
1656034848550087644 18704
1656034848756293016 5052
1656034850013381167 1055240
1656034850219099109 5377
1656034850432979101 12686
1656034851717374220 1078897
1656034851944371970 19064
1656034852156092942 7112
1656034852365415624 9039
1656034854218093504 1600809
1656034854443266914 22876
1656034854654582376 8733
1656034854928275812 18224
1656034855353663155 224221
1656034855557899607 3906
1656034855854358042 95977
1656034856151309386 39956
1656034856447126710 25224
1656034856655025052 5150
1656034857931956922 1075583
1656034858143259073 9976
1656034858512863211 169162
1656034858738183422 19726
1656034858954341793 14963
1656034859169920754 12802
1656034859382197306 8126
1656034859633961454 50107
1656034861946912994 1934426
1656034862164527275 15906
1656034862426749372 59360
1656034862726964546 89185
1656034862933399708 5200
1656034863146862410 12674
1656034864672470127 1246082
1656034864922666586 48756
1656034865227298030 103951
1656034865446172560 15678
1656034865727193276 13089
1656034866010840211 67345
1656034866232936422 10254
1656034867532019270 1094959
1656034867741880611 8644
1656034868015245898 70458
1656034868229112199 9622
1656034868439049232 5662
1656034868726514967 84586
1656034868942921018 14424
1656034869167075639 13900
1656034869372596911 4183
1656034876716297094 7142908
1656034876931387336 13016
1656034877218953381 86402
1656034877425080223 5798
1656034878740946219 1104118
1656034878955075390 10692
1656034879230204386 72805
1656034879531926860 97316
1656034879756947241 20536
1656034880012017128 51829
1656034880217139431 4279
1656034880421944783 3853
1656034880626381295 3992
