1656033682222019174 198566
1656033682427839316 5456
1656033682633178118 4951
1656033682839199458 5491
1656033683044414912 5017
1656033683249930844 5052
1656033683455720255 5445
1656033683661138748 4924
1656033683866289630 4815
1656033684071428381 4738
1656033684276381924 4526
1656033684482359026 5340
1656033684687894988 5214
1656033684893001710 4456
1656033685098603472 5221
1656033685304143283 5122
1656033685509304256 4827
1656033685714526938 4864
1656033685920227451 5363
1656033686125506803 4785
1656033686330625805 4658
1656033686535568516 4596
1656033686740025149 4129
1656033686944988801 4460
1656033687150574683 5124
1656033687357538655 6624
1656033687563984687 6074
1656033687769831919 5449
1656033687975532721 5391
1656033688180833603 4971
1656033688387710515 6421
1656033688593629758 5577
1656033688798868910 4799
1656033689003802951 4598
1656033689209529794 5236
1656033689414714105 4775
1656033689619989847 4854
1656033689825308200 4803
1656033690030946152 5179
1656033690236147904 4742
1656033690441686705 5284
1656033690647819548 5540
1656033690853071140 4594
1656033691059204022 5732
1656033691264522873 4994
1656033691470278037 5389
1656033691675674508 5054
1656033691881021790 5012
1656033692086351803 4977
1656033692291025015 4344
1656033692497453376 6032
1656033692703670208 5625
1656033692908288641 4225
1656033693113840192 5172
1656033693318583234 4200
1656033693523187927 4282
1656033693728617419 5020
1656033693934154551 5219
1656033694138997963 4479
1656033694344065875 4506
1656033694549819868 5155
1656033694754766630 4523
1656033694959029673 3949
1656033695163744064 4387
1656033695368856186 4704
1656033695575279619 6041
1656033695785968621 10181
1656033695994516681 6550
1656033696202936404 7993
1656033696410584526 6808
1656033696623007768 8626
1656033696831781549 7518
1656033697042843931 9655
1656033697250407963 6280
1656033697458181285 5786
1656033697665627987 7216
1656033697875188369 7721
1656033698080758951 5346
1656033698289001703 6491
1656033698497806764 7864
1656033698705113826 6991
1656033698912395018 7007
1656033699117022200 4305
1656033699322781851 4982
1656033699527505005 4112
1656033699733732517 5649
1656033699940633548 6523
1656033700146003960 4765
1656033700352204863 5817
1656033700558164135 5781
1656033700763238777 4852
1656033700968032539 4479
1656033701173497281 5144
1656033701378915573 5227
1656033701584348295 5093
1656033701790079497 5310
1656033701995130140 4558
1656033702199991212 4353
1656033702405235784 4937
1656033702611035396 5248
1656033702815982767 4590
1656033703022020408 5636
1656033703227146970 4790
1656033703431913074 4533
1656033703637169376 4932
1656033703843542118 6123
1656033704048821069 4913
1656033704256217631 6529
1656033704461895094 5077
1656033704666134055 3933
1656033704871277418 4259
1656033705077428009 5802
1656033705283952043 6098
1656033705491858264 7454
1656033705697154076 4923
1656033705902461758 5072
1656033706108543860 5401
1656033706316179292 6799
1656033706521427524 5009
1656033706726900236 5085
1656033706932548778 4743
1656033707139048490 6150
1656033707345918022 5632
1656033707551521764 5152
1656033707757361836 4937
1656033707965060218 6324
1656033708172455400 5964
1656033708379520892 5703
1656033708586202604 6116
1656033708792610156 5975
1656033708999018608 6002
1656033709204680860 5305
1656033709412298832 7181
1656033709621717863 8014
1656033709827060605 4659
1656033710033905617 4843
1656033710239579719 5205
1656033710446729522 5344
1656033710652150624 4913
1656033710857632896 4428
1656033711062923368 4822
1656033711267850639 4539
1656033711473442592 5185
1656033711677584664 3832
1656033711882250017 4301
1656033712087629768 4956
1656033712293021750 5077
1656033712497637903 4256
1656033712704594024 6363
1656033712910921676 6135
1656033713117097137 5553
1656033713324265789 6405
1656033713530080992 4986
1656033713735805374 5395
1656033713941505776 5047
1656033714149773468 7775
1656033714357494709 5587
1656033714564081282 6139
1656033714770764864 5346
1656033714977215756 5641
1656033715184400758 6725
1656033715390229789 5437
1656033715595732282 4642
1656033715800515085 4457
1656033716006269796 5407
1656033716211931279 5297
1656033716417151251 4864
1656033716622603903 4970
1656033716829711814 5978
1656033717037273666 7217
1656033717245313868 7111
1656033717451507680 5225
1656033717660081822 5978
1656033717867849694 7190
1656033718073620266 5235
1656033718279108687 4853
1656033718485979960 6593
1656033718692616752 6317
1656033718898663824 5227
1656033719105726665 4738
1656033719310865828 4814
1656033719516022880 4555
1656033719722093732 5696
1656033719929851334 5145
1656033720135027296 4870
1656033720340511818 5105
1656033720547373550 6082
1656033720753158552 5035
1656033720960160844 6200
1656033721166002056 5250
1656033721373028917 6213
1656033721580087709 5327
1656033721786804821 5857
1656033721992593634 5191
1656033722198527226 5120
1656033722406227168 6859
1656033722616336539 9192
1656033722823538342 6297
1656033723031137783 6989
1656033723237226265 4919
1656033723443501887 5872
1656033723653851359 8901
1656033723860142151 6086
1656033724066943813 5411
1656033724273932215 6653
1656033724478960387 4723
1656033724684713959 5095
1656033724892041801 5288
1656033725100135413 7881
1656033725305287985 4905
1656033725511749546 4893
1656033725718738209 5844
1656033725925029460 4816
1656033726138592423 10491
1656033726345194415 6293
1656033726552271366 5789
1656033726759152038 5203
1656033726965770219 4854
1656033727172269633 4964
1656033727378424554 5380
1656033727584287906 5139
1656033727790012058 4625
1656033727995913491 5404
1656033728200535803 4170
1656033728407825824 6827
1656033728613066777 4831
1656033728820443079 6620
1656033729026051180 5284
1656033729233017333 6528
1656033729440637604 7015
1656033729648365406 7352
1656033729854468138 5786
1656033730061136490 6333
1656033730269659502 7556
1656033730475804874 5390
1656033730681972246 5829
1656033730887859549 5479
1656033731094600771 6064
1656033731301699181 6240
1656033731507656555 5240
1656033731713559127 5428
1656033731919070579 5208
1656033732125640051 5981
1656033732331428903 5307
1656033732537993445 5916
1656033732743924447 5579
1656033732950334979 5832
1656033733156721661 5575
1656033733364010113 6925
1656033733570906513 6043
1656033733777171087 5787
1656033733983456138 5748
1656033734190024341 6243
1656033734398638813 8008
1656033734606592175 6940
1656033734815224006 6472
1656033735022457869 6077
1656033735228702571 4943
1656033735434468103 5049
1656033735640407025 5435
1656033735846231368 5492
1656033736052949128 6291
1656033736259013131 5817
1656033736465188513 5561
1656033736670466355 5065
1656033736882173497 6775
1656033737088156918 5626
1656033737295511631 6214
1656033737501479701 5224
1656033737708813044 4997
1656033737919398686 9933
1656033738125941308 5136
1656033738330907000 4602
1656033738537092382 5788
1656033738742932854 5023
1656033738948713846 4736
1656033739154598128 5466
1656033739361008950 5181
1656033739565947582 4564
1656033739771299533 4736
1656033739977034797 5302
1656033740183579548 6122
1656033740389228450 5206
1656033740595013983 5371
1656033740800288915 4793
1656033741005721687 5094
1656033741210396409 4249
1656033741415857651 4617
1656033741622144503 5476
1656033741827510825 4944
1656033742033232487 5258
1656033742238836808 5102
1656033742444548031 5309
1656033742650165393 5292
1656033742855458734 4668
1656033743061159507 5179
1656033743267120659 5297
1656033743474099811 6146
1656033743679936131 5537
1656033743885003955 4673
1656033744090459487 5043
1656033744296010109 4598
1656033744501526581 5066
1656033744707078283 5100
1656033744912276735 4707
1656033745117431707 4781
1656033745322219609 4487
1656033745527785681 5381
1656033745736082933 6667
1656033745944958114 8564
1656033746153274246 8223
1656033746364043937 8740
1656033746571262058 5841
1656033746778526802 5949
1656033746984608913 4750
1656033747191923965 6497
1656033747399483287 5810
1656033747604443599 4592
1656033747811362681 4952
1656033748017344432 5529
1656033748224140175 6409
1656033748431410017 7012
1656033748636900089 4283
1656033748846392351 7433
1656033749051692243 4343
1656033749257197565 4752
1656033749461198177 3798
1656033749666375370 4968
1656033749873254152 5860
1656033750083465414 9944
1656033750293064955 9395
1656033750501125657 7701
1656033750711068909 9293
1656033750920255980 8870
1656033751126787322 6403
1656033751332814055 5702
1656033751540353876 6676
1656033751748583688 7929
1656033751956573430 7437
1656033752164447132 6936
1656033752371029693 6275
1656033752578490802 7096
1656033752785211968 6106
1656033752993703298 6570
1656033753201152082 6949
1656033753409278723 5827
1656033753616088162 5977
1656033753824518982 6125
1656033754032036219 5397
1656033754237667691 5191
1656033754445794082 7809
1656033754653894844 7763
1656033754859079755 4694
1656033755064993398 5311
1656033755272160950 6561
1656033755479121912 6254
1656033755684696084 5195
1656033755890865346 5450
1656033756097096449 5503
1656033756303088110 5157
1656033756508404570 4959
1656033756714629024 5875
1656033756920633625 5658
1656033757127144306 6041
1656033757333203299 5768
1656033757540967210 7420
1656033757749565314 7272
1656033757955228545 5297
1656033758159791308 4209
1656033758364728080 4461
1656033758569957272 4719
1656033758774811304 4410
1656033758980599326 5365
1656033759186271867 5362
1656033759391184849 4468
1656033759596510563 4788
1656033759802028335 5168
1656033760007063554 4678
1656033760212765019 5088
1656033760418962140 5782
1656033760623924643 4517
1656033760829389734 5119
1656033761034580616 4727
1656033761239217069 4202
1656033761444436161 4848
1656033761654171193 9515
1656033761862305884 7789
1656033762069677806 5271
1656033762276861737 6389
1656033762483122700 5961
1656033762689291322 5890
1656033762894699113 5065
1656033763101306905 6071
1656033763307527068 5824
1656033763516197870 8044
1656033763723136652 5728
1656033763930047414 6581
1656033764136516806 6118
1656033764342727637 5542
1656033764549513869 6118
1656033764756546931 6432
1656033764963423933 6496
1656033765170589413 6800
1656033765379888135 7613
1656033765588864089 7766
1656033765795094769 5381
1656033766003765642 7352
1656033766210490004 6009
1656033766416467976 5681
1656033766624085008 6676
1656033766830210070 5663
1656033767036204582 5803
1656033767242675734 5808
1656033767451735786 8497
1656033767658916827 6806
1656033767866625020 7326
1656033768074638442 7701
1656033768281971663 6255
1656033768489177486 5831
1656033768697299598 6486
1656033768902721030 4791
1656033769109573641 6403
1656033769316192284 5976
1656033769524952757 6867
1656033769732150367 6881
1656033769940729249 8323
1656033770147140481 5073
1656033770354265592 5405
1656033770560978664 5150
1656033770768384247 6983
1656033770977219299 6620
1656033771186106391 7986
1656033771391572272 5154
1656033771599036544 5758
1656033771805693506 5976
1656033772013403358 6659
