1656033806660608401 1049267
1656033806867610253 5526
1656033807080442624 8774
1656033807297768455 7149
1656033807511619716 9953
1656033807724157378 9128
1656033807942285849 13888
1656033808154801840 12183
1656033808365231461 8726
1656033808577173053 11499
1656033808788117004 9667
1656033808997916106 8392
1656033809207500508 8141
1656033809416952770 9101
1656033809627125311 8500
1656033809836054363 8660
1656033810041959315 5574
1656033810249933507 7527
1656033810457688849 7317
1656033810664427040 6291
1656033810870081443 5293
1656033811077025255 6649
1656033811283452357 6109
1656033811489511809 5755
1656033811695948341 6134
1656033811903790952 7004
1656033812111367215 7277
1656033812320230896 8463
1656033812526175438 5800
1656033812733854140 7281
1656033812941252982 6158
1656033813146728904 5043
1656033813359913145 10801
1656033813566918587 5532
1656033813772711500 5458
1656033813980739381 6485
1656033814189812622 7717
1656033814399087024 7701
1656033814608307984 8745
1656033814818722468 10066
1656033815027763890 6849
1656033815236564461 7819
1656033815444411134 7473
1656033815655749525 10356
1656033815863257837 6561
1656033816068902339 5267
1656033816277416631 8078
1656033816486576372 8048
1656033816696144094 8311
1656033816904277346 5642
1656033817111949258 5485
1656033817329073818 10693
1656033817539593459 8948
1656033817748864222 8084
1656033817957962344 6229
1656033818166416786 8028
1656033818372620908 5211
1656033818580237950 7116
1656033818786180021 4741
1656033819010931243 22957
1656033819216853724 4562
1656033819422496446 5215
1656033819628163218 4808
1656033819833713160 4929
1656033820039602982 5572
1656033820245179164 4778
1656033820451351366 5798
1656033820657680408 5843
1656033820863493000 5478
1656033821069591271 5185
1656033821275803774 5418
1656033821482820686 5460
1656033821689420548 5020
1656033821895975270 6175
1656033822113441110 16952
1656033822319471102 4755
1656033822524623354 4840
1656033822730638146 5713
1656033822935948908 4920
1656033823141225130 4826
1656033823346443241 4772
1656033823552186014 4776
1656033823756161456 3764
1656033823961400508 5013
1656033824167295720 5205
1656033824373090273 4664
1656033824577807865 4420
1656033824782560937 4344
1656033824987031499 4160
1656033825192162161 4789
1656033825398490893 6112
1656033825603134215 3843
1656033825807740587 4354
1656033826012310249 4166
1656033826217296741 4665
1656033826421658354 4023
1656033826626886526 4675
1656033826832653097 5433
1656033827038866160 5071
1656033827243860702 4656
1656033827449529014 5317
1656033827655866086 5998
1656033827860772618 4587
1656033828066671470 5456
1656033828273158293 6094
1656033828477671825 4065
1656033828682483727 4083
1656033828888410839 5150
1656033829093088171 3820
1656033829298742032 4731
1656033829504146115 5181
1656033829711439516 5909
1656033829923101838 10158
1656033830130130100 5153
1656033830336900482 5764
1656033830543012283 4972
1656033830749585895 6239
1656033830955767358 5602
1656033831164115689 5994
1656033831370722921 5952
1656033831577019393 5602
1656033831782800744 5421
1656033831988192187 4810
1656033832194059199 5227
1656033832399677711 5299
1656033832605448642 5293
1656033832812750315 6908
1656033833018236797 4627
1656033833224736819 5901
1656033833431559731 4717
1656033833636503333 4559
1656033833843033725 5921
1656033834049175157 5787
1656033834260136258 10022
1656033834464715760 4325
1656033834670190932 5059
1656033834875717484 5313
1656033835080885646 4732
1656033835287136568 5726
1656033835491940150 4536
1656033835697946902 5608
1656033835904165284 5330
1656033836110662166 5974
1656033836316686719 5610
1656033836523100861 4689
1656033836727968512 4315
1656033836933487035 4716
1656033837138352537 4569
1656033837344896238 5801
1656033837550888031 5196
1656033837754759783 3562
1656033837959677875 4612
1656033838164890887 4467
1656033838370186729 4675
1656033838574840581 4156
1656033838779235473 4071
1656033838983846216 4405
1656033839193809047 9316
1656033839399969019 5852
1656033839608136641 7862
1656033839815378473 6871
1656033840022459265 6066
1656033840228696117 5855
1656033840435178779 6151
1656033840641343211 5687
1656033840845939133 4291
1656033842123167011 1076772
1656033842341141882 16719
1656033842553227784 10825
1656033842765930975 11648
1656033842977222366 10631
1656033843187795728 5416
1656033843395941028 5480
1656033843603805571 6815
1656033843811165303 6608
1656033844017004825 4988
1656033844222810987 4423
1656033844428807149 5550
1656033844635024801 5898
1656033844839984973 4217
1656033845045193466 4695
1656033845249912448 3660
1656033845454703459 4282
1656033845659667561 4543
1656033845865054334 3950
1656033846071493816 5098
1656033846278579598 5489
1656033846489256309 10159
1656033846702532071 8928
1656033846912528232 9471
1656033847123817404 9647
1656033847334097905 8512
1656033847543057687 8462
1656033847751624039 6826
1656033847967953810 15031
1656033848185184331 16203
1656033848390742293 5360
1656033848595670835 4545
1656033848804458277 7773
1656033849009258509 4501
1656033849219920090 10220
1656033849425092932 4846
1656033849629410094 3987
1656033849833917397 4060
1656033850039632239 5387
1656033850244395331 4345
1656033850449581913 4483
1656033850654021355 4107
1656033850858799407 4424
1656033851062928219 3757
1656033851268580242 5210
1656033851476000593 7120
1656033851684310365 8052
1656033851891797497 7156
1656033852100158669 7188
1656033852306851761 6094
1656033852514113492 6731
1656033852724277004 9187
1656033852933043936 7523
1656033853142759648 8140
1656033853359536979 7445
1656033853570026291 9646
1656033853779717742 8947
1656033853988788384 7522
1656033854197568826 6746
1656033854405712198 7262
1656033854616312139 9421
1656033854823674341 5663
1656033855032635923 8341
1656033855246072964 11681
1656033855454186606 7465
1656033855663019908 8419
1656033855870950150 6541
1656033856076963159 5435
1656033856283929014 6627
1656033856491136556 6779
1656033856698054467 6402
1656033856904186419 5800
1656033857109645591 5242
1656033857322057923 8662
1656033857530459275 8071
1656033857740398226 9374
1656033857945134028 4435
1656033858151040760 5650
1656033858357087483 5723
1656033858562802455 5384
1656033858768143225 4912
1656033858973202029 4674
1656033859180438600 6367
1656033859386515770 5953
1656033859594139804 6989
1656033859803043976 8645
1656033860009916637 6540
1656033860217126650 6376
1656033860425475411 7177
1656033860635116263 8693
1656033860841366125 5705
1656033861051527457 9102
1656033861259868159 5825
1656033861468380070 7722
1656033861674433462 4398
1656033861882573644 7727
1656033862088694926 5668
1656033862294811066 5448
1656033862501416719 5150
1656033862706738591 4992
1656033862913240183 6184
1656033863118969713 5574
1656033863324413477 5127
1656033863530985069 5962
1656033863737263630 5882
1656033863946766273 7598
1656033864152954475 5864
1656033864358160027 4886
1656033864564849059 6095
1656033864769756351 4376
1656033864974545952 4458
1656033865180535675 5429
1656033865385411347 4571
1656033865590940859 5221
1656033865796002561 4732
1656033866001591773 5277
1656033866206895675 4849
1656033866412385207 4980
1656033866617052100 4241
1656033866821619582 4176
1656033867026625664 4696
1656033867231511976 4577
1656033867436253228 4401
1656033867640926940 4247
1656033867846374223 5259
1656033868051231834 4440
1656033868255981276 4321
1656033868460584589 4195
1656033868665921940 4763
1656033868871029543 4779
1656033869075967284 4636
1656033869280847926 4572
1656033869486174288 4942
1656033869691416181 5016
1656033869896132243 4397
1656033870101043315 4478
1656033870306783207 5408
1656033870513032599 5860
1656033870720620101 6207
1656033870924970943 4044
1656033871129232765 3857
1656033871334501047 4839
1656033871539003509 4082
1656033871744248731 4896
1656033871949146363 4461
1656033872153571156 3939
1656033872358809367 4917
1656033872563292699 4179
1656033872768302932 4626
1656033872973871724 5149
1656033873178543916 4054
1656033873382870288 4016
1656033873588079770 4853
1656033873792518542 4116
1656033873997042744 4217
1656033874201585156 4217
1656033874405840068 3884
1656033874610243100 3985
1656033874814788073 4138
1656033875020240655 5055
1656033875227330047 6458
1656033875435902119 7161
1656033875642786961 6330
1656033875850772573 7367
1656033876058220554 6833
1656033876265635486 7248
1656033876471377988 5224
1656033876678433640 6647
1656033876885526932 6787
1656033877092109174 5713
1656033877297994426 5572
1656033877502886768 4477
1656033877709830860 6529
1656033877916099532 5875
1656033878122291573 5831
1656033878328355636 5248
1656033878534799947 5887
1656033878741000470 5772
1656033878948395691 7052
1656033879154247803 5510
1656033879359816155 5042
1656033879565016657 4892
1656033879770295889 4927
1656033879978584201 7203
1656033880184216393 4838
1656033880390017645 5386
1656033880594926267 4490
1656033880801786039 4838
1656033881006092881 3961
1656033881216252523 6321
1656033881425298665 6952
1656033881635676746 6222
1656033881843729338 7343
1656033882052518099 8119
1656033882261590691 8239
1656033882479108102 16733
1656033882687003654 7606
1656033882896682456 7926
1656033883104539657 7475
1656033883313503459 8202
1656033883736658802 220191
1656033884029341716 90892
1656033884248226237 18027
1656033884470727368 21670
1656033884710496357 39080
1656033884926040598 15225
1656033885131495660 4368
1656033885337609792 5616
1656033885544356554 6426
1656033885752155856 7498
1656033885963112657 9406
1656033886171217829 6043
1656033886378667600 5208
1656033886618434129 38139
1656033886829990861 10522
1656033887039142913 7833
1656033887246921365 6880
1656033887454140546 6736
1656033887662543078 7933
1656033887869408568 6010
1656033888076563020 6408
1656033888284117554 6947
1656033888491006856 6550
1656033888695843458 4324
1656033888900942980 4700
1656033889107622782 5973
1656033889314777104 5282
1656033889520085016 4659
1656033889727922968 5880
1656033889936350060 6721
1656033890143309750 4956
1656033890351863803 8216
1656033890558286226 5701
1656033890766449387 6001
1656033890973216949 5821
1656033891178304741 4667
1656033891384758473 5872
1656033891591889915 6013
1656033891797602797 5333
1656033892003832209 5032
1656033892208754251 4473
1656033892413453883 4211
1656033892618662664 4651
1656033892823129517 3886
1656033893027858439 4394
1656033893233622181 5358
1656033893439205823 5196
1656033893643516045 4022
1656033893849081607 4852
1656033894053711220 4313
1656033894257714832 3623
1656033894462239704 4133
1656033894666761556 4111
1656033894871127908 4047
1656033895076514490 5130
1656033895280961232 4088
1656033895485095094 3823
