1656033928411419865 75303
1656033928617085297 5189
1656033928829664607 12215
1656033929128913592 97111
1656033929344200474 8705
1656033929555551785 8159
1656033929767631316 8327
1656033929978072268 9957
1656033930192808169 8463
1656033930402973521 9636
1656033930612512223 8620
1656033931842375864 1028921
1656033932049223627 4665
1656033932255766659 4759
1656033932461669042 4762
1656033932667566213 5709
1656033932874067164 6310
1656033933081461576 6227
1656033933288585148 6184
1656033933494932670 5835
1656033933702803983 5683
1656033933910731366 7674
1656033934116972165 5779
1656033934324271299 6931
1656033934530196938 5120
1656033934736003123 5058
1656033934944175714 7166
1656033935149795376 5335
1656033935355748888 5806
1656033935563038910 6810
1656033935769513531 6093
1656033935977650204 7759
1656033936186987205 9109
1656033936395177267 7783
1656033936601133579 5232
1656033936812081841 10680
1656033937019844452 7344
1656033937225881425 5691
1656033937431733527 5511
1656033937637250979 5170
1656033937842346850 4604
1656033938047918052 5114
1656033938253249344 4837
1656033938458298216 4571
1656033938663007778 4364
1656033938869142481 5738
1656033939073782343 4213
1656033939279261634 5145
1656033939484913016 5178
1656033939690220228 4803
1656033939895727878 5145
1656033940100954782 4887
1656033940306122114 4835
1656033940511199735 4668
1656033940716282399 4759
1656033940922035670 5361
1656033941127601002 4924
1656033941333161105 4787
1656033941538261547 4607
1656033941743604408 4877
1656033941949348461 5321
1656033942155116883 5278
1656033942360718345 5074
1656033942566265438 5199
1656033942770834200 4168
1656033942976244491 5039
1656033943180841364 4253
1656033943385975104 4730
1656033943590498028 4312
1656033943795577800 4704
1656033944000078412 4121
1656033944205593513 5074
1656033944409918056 4011
1656033944615155678 4932
1656033944820881440 5264
1656033945026401162 4985
1656033945231934754 5054
1656033945437240467 4865
1656033945642453298 4882
1656033945847425580 4484
1656033946052076571 4245
1656033946257408994 4902
1656033946462084287 4345
1656033946667026208 4622
1656033946871943901 4531
1656033947076287951 4016
1656033947281670975 5010
1656033947486670607 4579
1656033947691159069 4109
1656033947895966341 4436
1656033948101367192 4964
1656033948307586844 5901
1656033948512271577 4355
1656033948721138068 8689
1656033948925895800 4518
1656033949130866862 4553
1656033949335122034 3904
1656033949539271646 3887
1656033949743929709 4264
1656033949947995601 3662
1656033950152964473 4624
1656033950358900434 5507
1656033950568263936 8949
1656033950773766527 5096
1656033950978444470 4256
1656033951183607412 4867
1656033951389454464 5541
1656033951596017966 6199
1656033951803542208 5304
1656033952008526370 4241
1656033952215137802 5742
1656033952421741214 6294
1656033952626451106 4307
1656033952831074167 4196
1656033953036788040 5409
1656033953243937522 4876
1656033953453586553 9334
1656033953666896925 11806
1656033953873214097 5900
1656033954080929589 7076
1656033954288131391 6251
1656033954496386082 6922
1656033954703156094 6209
1656033954909612236 5905
1656033955117011728 6789
1656033955324565500 6967
1656033955533116921 8005
1656033955741002773 7494
1656033955947225815 5864
1656033956155167377 6979
1656033956362075978 6441
1656033956568854850 6279
1656033956775709452 6541
1656033956981382204 5085
1656033957186775107 4520
1656033957395461268 7784
1656033957604976320 8978
1656033957812095292 6198
1656033958018741772 5330
1656033958225482106 6077
1656033958432665018 6860
1656033958638866880 5784
1656033958846888331 6498
1656033959053146383 5936
1656033959259364095 5967
1656033959465957537 6280
1656033959672746559 6471
1656033959878242310 5058
1656033960084870793 5052
1656033960293228745 6855
1656033960498652777 5011
1656033960705292899 6292
1656033960911994279 6256
1656033961118641503 6245
1656033961324711865 5735
1656033961531524067 6354
1656033961736893429 5063
1656033961945995091 8695
1656033962157548412 11210
1656033962369739464 11870
1656033962580934925 10507
1656033962791976857 10694
1656033963003373588 9971
1656033963212937050 8090
1656033963430417361 17161
1656033963639390123 8702
1656033963848200984 7140
1656033964058755326 9347
1656033964264695048 5330
1656033964469970990 4957
1656033964674417982 4024
1656033964879189084 4344
1656033965086169257 6797
1656033965290996308 4597
1656033965496263270 4870
1656033965701040883 4636
1656033965904942715 3540
1656033966109817826 4554
1656033966317730188 7349
1656033966524828790 6445
1656033966731858973 6731
1656033966938708724 5474
1656033967146267546 5901
1656033967354825516 7714
1656033967564962730 9750
1656033967774347582 8327
1656033967985348443 10075
1656033968192912355 6110
1656033968401736346 7227
1656033968609556596 5160
1656033968827778089 16938
1656033969034381911 6284
1656033969240773122 6050
1656033969447970394 6353
1656033969657300566 8896
1656033969862969338 5357
1656033970069963000 6334
1656033970276715002 6559
1656033970482246374 4838
1656033970688257866 5700
1656033970894689608 5802
1656033971101563430 6537
1656033971308661171 6745
1656033971525913313 16907
1656033971733456265 6048
1656033971942544876 8731
1656033972149019228 6154
1656033972358703020 9295
1656033972572460291 8214
1656033972777951753 4835
1656033972983134056 4840
1656033973188984186 5522
1656033973393988598 4595
1656033973599552760 5176
1656033973805343643 5176
1656033974011112175 5356
1656033974215982867 4444
1656033974420775319 4387
1656033974626552191 5360
1656033974831060272 4084
1656033975036080285 4517
1656033975240566197 4137
1656033975445484459 4532
1656033975652608901 6795
1656033975857546982 4531
1656033976062841435 4815
1656033976268012305 4831
1656033976473600449 5190
1656033976678754821 4787
1656033976884101284 4946
1656033977089267445 4546
1656033977295155365 5553
1656033977500555310 4855
1656033977704978901 4063
1656033977910561203 5208
1656033978116625843 5038
1656033978321025677 4086
1656033978526606929 5256
1656033978731098001 4146
1656033978936286863 4724
1656033979141497015 4366
1656033979345989727 4185
1656033979551187519 4798
1656033979755850282 4457
1656033979960806163 4647
1656033980168453775 7347
1656033980376068257 6440
1656033980612007805 35610
1656033980819147648 6098
1656033981025245710 5594
1656033981232107522 6420
1656033981439992994 6726
1656033981646096256 4675
1656033981851664087 5273
1656033982057870779 5872
1656033982264082762 5874
1656033982469970334 5585
1656033982677227426 5816
1656033982883934097 5638
1656033983089728158 5321
1656033983298082241 7086
1656033983513382822 14979
1656033983718974213 5179
1656033983923679867 4258
1656033984129388578 4845
1656033984334905311 5200
1656033984540166973 4892
1656033984745140025 4629
1656033984949892495 4322
1656033985154278229 4024
1656033985360563800 5478
1656033985565724422 4826
1656033985771205224 5064
1656033985978136457 6754
1656033986182869459 4480
1656033986387991150 4726
1656033986612556381 23741
1656033986817808132 4806
1656033987022162204 3878
1656033987226923855 4275
1656033987433374408 6113
1656033987638820240 5095
1656033987844672992 5520
1656033988051442724 6053
1656033988255843976 4080
1656033988460819508 4645
1656033988666354730 5218
1656033988871048082 4378
1656033989075365744 3866
1656033989280110137 4347
1656033989485053608 4675
1656033989691533790 6140
1656033989896702732 4862
1656033990102191324 4926
1656033990307186427 4463
1656033990513875888 6248
1656033990719467340 5195
1656033990925172793 4786
1656033991131013075 5600
1656033991338459286 6060
1656033991548896538 8975
1656033991757727050 8632
1656033991966805332 6077
1656033992175871303 8258
1656033992382346106 6055
1656033992589428598 5781
1656033992795813069 5428
1656033993017659670 7254
1656033993223113822 4684
1656033993427761174 4375
1656033993632366506 4299
1656033993839239438 6177
1656033994044450230 4740
1656033994249008102 4191
1656033994453341334 3936
1656033994657774146 3758
1656033994862662788 4366
1656033995111609827 48276
1656033995316075177 3980
1656033995521848959 5396
1656033995726480892 4225
1656033995932740604 5838
1656033996142827336 6667
1656033996348108387 4987
1656033996554552940 6105
1656033996761793291 6906
1656033996970961424 8873
1656033997177016196 5632
1656033997383293618 5356
1656033997589567640 5888
1656033997794897630 4731
1656033997999700433 4469
1656033998205904946 5765
1656033998411136637 4796
1656033998615925290 4474
1656033998821038702 4790
1656033999025570104 4399
1656033999230457076 4334
1656033999435889348 5131
1656033999645071630 6692
1656033999852390802 5272
1656034000059707554 6933
1656034000267272086 7232
1656034000475112588 5459
1656034000681274560 5885
1656034000887842331 5711
1656034001095620883 7466
1656034001303125825 6900
1656034001513093377 7642
1656034001718506909 5126
1656034001926854070 7503
1656034002133787502 4708
1656034002340504564 4739
1656034002549562466 8574
1656034002755680737 5093
1656034002962288199 6264
1656034003168677231 5513
1656034003375562673 5508
1656034003583407585 5659
1656034003789820586 4857
1656034003997709949 5839
1656034004221114819 11199
1656034004431307131 7469
1656034004640111243 7678
1656034004848663024 7632
1656034005056264626 7232
1656034005268485938 9195
1656034005478542760 9142
1656034005687584501 7743
1656034005897264422 8881
1656034006110784674 12036
1656034006323152185 10774
1656034006533272757 9102
1656034006742514508 8054
1656034006948623300 5751
1656034007155663782 6249
1656034007364088014 8137
1656034007571093995 6098
1656034007777309647 5493
1656034007985136098 7126
1656034008191025461 5646
1656034008396884363 5530
1656034008602087335 4339
1656034008808513237 5389
1656034009013279119 4436
1656034009218668561 4988
1656034009423152873 4064
1656034009628042825 4436
1656034009832708487 4337
1656034010037647679 4611
1656034010241835531 3676
1656034010447025053 4711
1656034010653792235 6344
1656034010861541057 7049
1656034011073184698 11146
1656034011283944200 9599
1656034011493879652 9570
1656034011702813183 7571
1656034011910731714 7351
1656034012120805016 8751
1656034012332023107 9159
1656034012541181989 7079
1656034012751570870 9921
1656034012958788832 6169
1656034013168153354 9020
1656034013381081585 12324
1656034013591036397 8043
1656034013804129458 12548
1656034014012769150 7872
1656034014224870141 11759
1656034014437336302 10701
1656034014653973843 14378
1656034014866982985 11600
1656034015078821346 10702
1656034015289727508 7554
1656034015498182409 5470
1656034015705821781 7427
1656034015913665813 5593
1656034016120035393 5611
1656034016327881976 7305
1656034016535255999 7159
1656034016742826380 6706
1656034016951855632 7065
1656034017159908124 7020
1656034017368137686 7041
1656034017575778028 7384
1656034017783085949 5095
1656034017989850250 5573
1656034018196924144 6760
