1656033437253073773 1094283
1656033437460427674 6961
1656033437666514767 5757
1656033437871695849 4845
1656033438077368411 5308
1656033438282450434 4691
1656033438488409124 5141
1656033438693730236 4528
1656033438899214199 5115
1656033439105094088 5500
1656033439310235624 4679
1656033439516667386 5755
1656033439722207017 5194
1656033439927297959 4614
1656033440132878501 5224
1656033440339711212 6156
1656033440544633924 4579
1656033440749802956 4408
1656033440955295458 4963
1656033441160288610 4540
1656033441364956512 4264
1656033441570936154 5547
1656033441776070757 4473
1656033441981009817 4610
1656033442186378398 4979
1656033442391109752 4390
1656033442597010744 5514
1656033442802112716 4745
1656033443007483378 4922
1656033443213071070 4830
1656033443418272852 4858
1656033443623035932 4281
1656033443828415716 4865
1656033444033711088 4865
1656033444239178271 4952
1656033444444304322 4597
1656033444649765373 5066
1656033444855171054 5069
1656033445060661688 5122
1656033445266898310 6069
1656033445472736302 5283
1656033445678090224 4777
1656033445883556156 5102
1656033446088612318 4729
1656033446293372480 4400
1656033446498889543 5146
1656033446703901414 4495
1656033446908991006 4686
1656033447114683529 5319
1656033447319381880 4322
1656033447524204219 4338
1656033447730241124 5501
1656033447935605645 4975
1656033448141204418 5190
1656033448346530421 4994
1656033448551154271 4291
1656033448756413445 4894
1656033448961021987 4162
1656033449166507809 5016
1656033449372263401 5417
1656033449577150683 4451
1656033449782525854 5046
1656033449987736177 4865
1656033450193435769 5298
1656033450399721671 5790
1656033450604568731 4405
1656033450810345125 5302
1656033451015521647 4647
1656033451220994019 5049
1656033451426232561 4723
1656033451631863383 5269
1656033451837518205 5147
1656033452042876236 5022
1656033452247424828 4196
1656033452453109330 5341
1656033452658542482 5142
1656033452864310515 5304
1656033453069408728 4583
1656033453274595808 4792
1656033453479712310 4702
1656033453684705572 4651
1656033453890131804 5080
1656033454095876242 5388
1656033454301747857 5408
1656033454507035640 4944
1656033454713104102 5613
1656033454919560154 6011
1656033455125015346 4341
1656033455330873707 5243
1656033455535983390 4530
1656033455741301402 4969
1656033455946940904 5284
1656033456154170466 6745
1656033456358690958 4284
1656033456564176830 5122
1656033456770094951 5436
1656033456976258924 5544
1656033457182676494 5917
1656033457388015438 4941
1656033457593663741 5254
1656033457799463998 5192
1656033458004881974 5058
1656033458210759956 5473
1656033458416282668 5183
1656033458621114670 4431
1656033458827638450 6216
1656033459032808254 4553
1656033459238065886 4838
1656033459443114568 4564
1656033459649336400 5866
1656033459854149082 4394
1656033460060022394 5295
1656033460264734436 4346
1656033460470002238 4886
1656033460675311640 4877
1656033460880125412 4451
1656033461085165614 4713
1656033461290176784 4532
1656033461495101639 4421
1656033461700646620 5184
1656033461906341123 5230
1656033462111802055 5103
1656033462317923894 5768
1656033462523028419 4766
1656033462727659241 4228
1656033462932497913 4514
1656033463138266705 5373
1656033463343916157 5267
1656033463549286129 4909
1656033463754537571 4873
1656033463959265413 4383
1656033464164146276 4544
1656033464369348618 4814
1656033464574682631 4919
1656033464780779892 5728
1656033464986669924 5465
1656033465192145396 5142
1656033465396777097 4275
1656033465602099180 4990
1656033465807572222 5174
1656033466014043984 5912
1656033466219985365 5401
1656033466425256017 4725
1656033466630133979 4474
1656033466835960171 5332
1656033467041427943 5041
1656033467246537226 4621
1656033467452120497 5403
1656033467657510259 5102
1656033467863066550 5201
1656033468068213704 4752
1656033468273050893 4502
1656033468478371648 4671
1656033468683581909 4715
1656033468889579732 5513
1656033469094266494 4306
1656033469299097655 4395
1656033469503440418 4015
1656033469708304700 4481
1656033469913035782 4164
1656033470117990834 4312
1656033470323134716 4634
1656033470528480577 4937
1656033470732957010 4165
1656033470938682322 5319
1656033471144015644 4857
1656033471349497736 4983
1656033471554500138 4685
1656033471758996859 4145
1656033471963745952 4418
1656033472169059914 4893
1656033472373799675 4257
1656033472578004408 3893
1656033472782375290 4034
1656033472987356552 4560
1656033473192054554 4398
1656033473396615846 4246
1656033473601653518 4615
1656033473806241828 4277
1656033474010941163 4565
1656033474216694134 5409
1656033474422883506 5670
1656033474632175529 8784
1656033474839509940 5736
1656033475046431662 6049
1656033475253436024 4978
1656033475460651124 5262
1656033475670491977 5582
1656033475875395589 4562
1656033476080917131 5111
1656033476288528383 5149
1656033476497161885 6468
1656033476704644837 5718
1656033476911634348 4509
1656033477117925771 5130
1656033477325726670 5544
1656033477533825064 6126
1656033477740459996 6324
1656033477947105808 5124
1656033478154151290 6552
1656033478361018251 5621
1656033478567674204 5671
1656033478773741675 5331
1656033478982546977 8150
1656033479190586229 7710
1656033479402487970 8735
1656033479608786623 5164
1656033479814493234 5304
1656033480025014636 9637
1656033480233751848 6442
1656033480440470730 6352
1656033480647614131 6317
1656033480854580573 6555
1656033481060794946 5715
1656033481266619468 5430
1656033481471998480 4947
1656033481678382561 6003
1656033481883277543 4590
1656033482089018006 5357
1656033482294802988 5158
1656033482500417390 5311
1656033482705899392 5081
1656033482912815854 6610
1656033483120423666 7243
1656033483326878156 6057
1656033483533297399 6093
1656033483740370082 6222
1656033483946466212 5744
1656033484152674105 5856
1656033484358738517 5745
1656033484565450738 5854
1656033484771434341 5370
1656033484978073172 6157
1656033485184014604 5616
1656033485391559636 6908
1656033485596890608 5029
1656033485804198430 6415
1656033486009182030 4653
1656033486217065094 6686
1656033486422701046 5296
1656033486629472118 6449
1656033486834524969 4622
1656033487039535652 4688
1656033487244207824 4345
1656033487448525486 4005
1656033487653858458 4911
1656033487858517480 4341
1656033488063910602 5084
1656033488268526085 4260
1656033488473796495 4914
1656033488679591039 5465
1656033488884188761 4267
1656033489090201661 5483
1656033489295284953 4747
1656033489500261477 4142
1656033489706199659 5469
1656033489910564751 4036
1656033490115647723 4746
1656033490320408315 4445
1656033490525453327 4721
1656033490730606629 4721
1656033490936403081 5457
1656033491141807613 5053
1656033491347976045 5703
1656033491553068307 4687
1656033491758152439 4761
1656033491963098121 4391
1656033492168130843 4737
1656033492373495825 4884
1656033492578243887 4420
1656033492783256090 4606
1656033492988142491 4335
1656033493192944454 4531
1656033493397551106 4205
1656033493602844678 4971
1656033493807176170 4041
1656033494014252322 6573
1656033494220867674 5449
1656033494426426126 5205
1656033494632686338 5802
1656033494839136539 5728
1656033495044030502 4356
1656033495250177524 5787
1656033495455510456 4798
1656033495661114348 5224
1656033495866850279 5428
1656033496073079871 5821
1656033496278741883 5089
1656033496484622245 5115
1656033496690527527 5604
1656033496895096619 4130
1656033497100811201 5381
1656033497305537074 4316
1656033497510833195 4815
1656033497715593507 4336
1656033497921148610 5238
1656033498126517282 5044
1656033498331794744 4939
1656033498536406626 4257
1656033498741948618 5125
1656033498947958939 5686
1656033499153123822 4849
1656033499357849143 4380
1656033499562505686 4344
1656033499767246269 4410
1656033499972303230 4833
1656033500177012932 4360
1656033500381599125 4243
1656033500586167526 4237
1656033500791151588 4636
1656033500996131481 4540
1656033501201332112 4887
1656033501406722794 5057
1656033501612529906 5468
1656033501818118988 4984
1656033502023151600 4755
1656033502228720142 5039
1656033502433917893 4846
1656033502639121006 4751
1656033502844378939 4946
1656033503049044780 4303
1656033503253986252 4586
1656033503459049584 4664
1656033503664226747 4846
1656033503869411927 4841
1656033504074310941 4473
1656033504279072283 4367
1656033504483862013 4397
1656033504688707927 4492
1656033504894149280 5015
1656033505098709842 4132
1656033505303864254 4717
1656033505509050326 4802
1656033505714438398 4761
1656033505920377160 5200
1656033506125257001 4517
1656033506331123363 5523
1656033506536762786 5374
1656033506742112818 5021
1656033506947452259 4877
1656033507152615221 4934
1656033507358716174 5594
1656033507564374265 5224
1656033507770430386 5608
1656033507976820640 5986
1656033508182311891 5150
1656033508387556983 4892
1656033508593263135 4911
1656033508799020207 5410
1656033509004655948 4796
1656033509209561581 4538
1656033509418238913 8253
1656033509623103815 4403
1656033509828772667 5216
1656033510034358029 5212
1656033510239762201 5018
1656033510445887302 5785
1656033510651916374 5507
1656033510857260217 4809
1656033511062598759 4940
1656033511268084640 5133
1656033511473931473 5421
1656033511680115605 5600
1656033511885074497 4807
1656033512089828729 4425
1656033512295436651 5097
1656033512500907103 5034
1656033512706416945 5174
1656033512912077776 5222
1656033513117807318 5252
1656033513323403610 5137
1656033513528071013 4288
1656033513733110425 4604
1656033513939052207 5480
1656033514144941165 5366
1656033514350735621 5362
1656033514556105831 5014
1656033514760737785 4285
1656033514966548456 5462
1656033515171487068 4595
1656033515376881588 5039
1656033515582091412 4811
1656033515787931164 5363
1656033515992812067 4427
1656033516197732629 4602
1656033516403243401 4764
1656033516609269403 5543
1656033516814828624 5214
1656033517020748667 5562
1656033517226073489 4996
1656033517432014900 5610
1656033517637251903 4812
1656033517842453965 4867
1656033518047954197 4979
1656033518253631099 5225
1656033518458559251 4617
1656033518664010313 4583
1656033518868876015 4645
1656033519074059697 4716
1656033519278908699 4378
1656033519485049471 5386
1656033519690546113 5169
1656033519896463755 5544
1656033520101405337 4521
1656033520306509619 4855
1656033520513188151 6177
1656033520718288283 4897
1656033520923446735 4826
1656033521128409827 4634
1656033521333565769 4651
1656033521539028980 4964
1656033521743947943 4409
1656033521950384585 6009
1656033522156422926 5237
1656033522361476867 4280
1656033522567083770 4843
1656033522772692952 5286
1656033522978244433 5195
1656033523183970076 5370
1656033523388985008 4644
1656033523593745300 4304
1656033523799000022 4922
1656033524004070183 4807
1656033524209042285 4496
1656033524414505198 5117
1656033524619837700 4999
1656033524824797983 4642
1656033525029877625 4764
1656033525235692598 5295
1656033525440414759 4458
1656033525645816352 5018
1656033525851301164 5134
1656033526056044636 4369
