1656034052632671572 1278282
1656034052846343514 13415
1656034053053796945 6801
1656034053260733517 6353
1656034053467835349 5036
1656034053674083011 4571
1656034053883033962 7892
1656034054100739343 17334
1656034054325152514 14332
1656034054538770985 11780
1656034054756633826 16179
1656034054976503377 19051
1656034055189760658 7409
1656034055398915720 6400
1656034055612216581 12362
1656034055823745092 7481
1656034056030684474 6608
1656034056238203926 6641
1656034056443976808 5573
1656034056654100810 9744
1656034056910930597 55702
1656034057121522438 7542
1656034057327996430 5615
1656034057534121022 5237
1656034057741727304 7285
1656034057946072657 4036
1656034058150344119 3692
1656034058362115271 10718
1656034058575677001 10670
1656034058785466663 5622
1656034058991068195 4330
1656034059195897898 4519
1656034059400722140 4346
1656034059604858071 3802
1656034059813107733 7856
1656034060024118675 9273
1656034060240645376 12531
1656034060448244238 6842
1656034060655012409 6624
1656034060860072481 4678
1656034061066952494 6556
1656034061271806355 4156
1656034061479618137 7231
1656034061699472408 17225
1656034061914188809 14465
1656034062133036780 17643
1656034062372593189 39221
1656034062583256391 8251
1656034062789921763 6527
1656034062997709865 7510
1656034063210954746 12499
1656034063420029248 8648
1656034063629389609 8993
1656034063839005031 9310
1656034064047270143 5868
1656034064255889554 6438
1656034064469056045 11767
1656034064678225177 8316
1656034064885034369 6304
1656034065103695700 17296
1656034065315673622 9215
1656034065526100594 9214
1656034065737007425 8986
1656034065949479056 8644
1656034066164129968 8639
1656034066370611499 6205
1656034066576145621 5185
1656034066785516283 7410
1656034066995671035 7532
1656034067214300626 17940
1656034067424849807 9129
1656034067633698649 8503
1656034067841235771 5800
1656034068050940273 7920
1656034068263125804 8733
1656034068469735876 6282
1656034068675802478 5543
1656034068886859010 10481
1656034069100066241 9619
1656034069305024173 4635
1656034069510145215 4756
1656034069716757357 5900
1656034069930660878 12744
1656034070137411900 4508
1656034070344778062 5393
1656034070551650993 6151
1656034070758424335 5972
1656034070963762767 4838
1656034071169637869 5471
1656034071375006731 5024
1656034071581629442 5886
1656034071787005785 5084
1656034071992978486 5674
1656034072220630766 26377
1656034072426978218 4881
1656034072633574940 5132
1656034072840579492 5229
1656034073047941314 6491
1656034073253039256 4688
1656034073460033918 5666
1656034073669873809 5832
1656034073881963241 7478
1656034074094016992 11601
1656034074299118524 4461
1656034074504906626 4524
1656034074719092767 5833
1656034074924472689 4728
1656034075130231741 5462
1656034075336411494 4797
1656034075541774376 3860
1656034075748162827 4132
1656034075955752339 6887
1656034076166759331 9313
1656034076382719171 14730
1656034076594354343 10894
1656034076801639754 4599
1656034077012399065 10497
1656034077220592127 6387
1656034077431119248 9694
1656034077641756700 9557
1656034077852932192 10817
1656034078060558183 5901
1656034078274183545 9369
1656034078481498716 6873
1656034078685691278 3847
1656034078890939750 4937
1656034079101130401 7743
1656034079315638401 12500
1656034079525210873 7829
1656034079737622595 10968
1656034079964850614 26451
1656034080171771127 5381
1656034080377033360 4952
1656034080582840802 5359
1656034080825161411 12744
1656034081037150973 9787
1656034081244299475 6907
1656034081452013297 6855
1656034081677185086 19794
1656034082947175803 1061940
1656034083154364576 6224
1656034083362636578 6515
1656034083570066209 7094
1656034083777072971 6666
1656034083984206773 5893
1656034084191418335 6530
1656034084400587396 8791
1656034084607955578 6991
1656034084813810560 5544
1656034085018970142 4568
1656034085228154223 7523
1656034085444825654 12611
1656034085660256206 13868
1656034085874166047 9782
1656034086110159696 34709
1656034086319001399 8181
1656034086543088209 20905
1656034086815923185 67355
1656034087027665696 10652
1656034087237362469 9456
1656034087446881230 8405
1656034087658945441 8435
1656034087871034293 10618
1656034088087122914 13187
1656034088296631877 8232
1656034088502208578 4826
1656034088716155280 11778
1656034088939609670 13345
1656034089154724742 13918
1656034089368159683 12947
1656034089575156105 5751
1656034089779641427 4253
1656034089984862949 4692
1656034090190478052 5228
1656034090395224814 3942
1656034090613603974 17981
1656034090820993056 5621
1656034091029044088 6447
1656034091236799210 6945
1656034091447958932 6663
1656034091654174654 5328
1656034091858818726 4437
1656034092064083918 4718
1656034092269986530 5590
1656034092474913442 4534
1656034092680353195 4978
1656034092888262216 7608
1656034093093069499 4650
1656034093299022801 5132
1656034093503007693 3623
1656034093714623584 4693
1656034093919936186 4920
1656034094124946388 4554
1656034095361389181 1034330
1656034095565919013 4228
1656034095770974965 4589
1656034095980081177 7978
1656034096194482908 13028
1656034096404781380 6407
1656034096612733872 5354
1656034096823493544 7797
1656034097032821026 8465
1656034097244579607 8119
1656034097452015799 6464
1656034097674337290 20934
1656034097897110200 18559
1656034098119745351 21804
1656034098340682261 15786
1656034098550256663 8865
1656034098765525854 14116
1656034098977278546 8081
1656034099182624658 5025
1656034099387441050 4506
1656034099592573432 4799
1656034099797782194 4823
1656034100016988606 18593
1656034100227070997 9268
1656034100435479419 7133
1656034100643650641 7468
1656034100850852193 6131
1656034101057880095 5839
1656034101264835456 5594
1656034101473485008 6230
1656034102721396420 1045681
1656034102926180962 4479
1656034103131073973 4632
1656034103338234965 6507
1656034103551967667 13593
1656034103766495178 10592
1656034103987274289 17803
1656034104198518070 9878
1656034104414847002 15446
1656034104622516764 7362
1656034104830613385 7744
1656034105037971138 6306
1656034105243066850 4285
1656034105449970012 6336
1656034105662010453 7622
1656034105872720895 9347
1656034106080231917 6796
1656034106289264029 6280
1656034106523079138 32711
1656034106735792530 10593
1656034106946100802 7708
1656034107156054453 7383
1656034107366800205 9411
1656034107575956327 8272
1656034107782863119 5441
1656034107990412660 5690
1656034108212144351 21187
1656034108423753052 10657
1656034108642186944 17833
1656034108872721823 28506
1656034109088832905 14716
1656034109298351557 5591
1656034109512659828 12203
1656034109724952649 7746
1656034109935832331 9904
1656034110147100043 7293
1656034110358088604 9165
1656034110566850816 5794
1656034110773603178 6442
1656034110982798350 8765
1656034111216438759 33047
1656034111426562721 9631
1656034111636753213 9362
1656034111845088405 7994
1656034112056020286 10629
1656034112263703998 6316
1656034112471005370 6951
1656034112728579138 56903
1656034112935936390 6965
1656034113145819361 7881
1656034113359052833 10147
1656034113573127454 8726
1656034113784995786 11602
1656034113991950888 4181
1656034114196575900 4168
1656034114402116652 5129
1656034114612940483 10551
1656034114818720835 5282
1656034115025188447 5575
1656034115231811650 4912
1656034115440510151 6431
1656034115652568643 10120
1656034115861088265 7566
1656034116068504927 7115
1656034116316130305 6191
1656034116521973267 4964
1656034116727163409 4877
1656034116931424881 4044
1656034117138134983 6241
1656034117344757755 5790
1656034117559562877 14476
1656034117772507608 10129
1656034117983944520 8564
1656034118197289021 12850
1656034118410574743 12494
1656034118623067574 10679
1656034118836679836 9298
1656034119044227518 5834
1656034119252887820 8004
1656034119458431072 5203
1656034119666212793 7453
1656034119872403576 5633
1656034120077060847 4261
1656034120281945240 4536
1656034120487082862 4713
1656034120720187172 32805
1656034120928781133 6893
1656034121138936006 9560
1656034121350235897 9975
1656034121563451319 10663
1656034121778022300 11862
1656034121990997431 9238
1656034122204395653 10359
1656034122412839865 7369
1656034122622996196 6725
1656034122840299837 14906
1656034123062781748 12368
1656034123274043110 9922
1656034123517868158 43245
1656034123727230310 9060
1656034123935130712 6395
1656034124143064774 7648
1656034124348637146 5257
1656034124553128598 4178
1656034124759973630 5846
1656034124977131851 13562
1656034125184219833 6822
1656034125390853345 6098
1656034125598257097 6970
1656034125805217259 5825
1656034126022562310 12357
1656034126234133841 10746
1656034126449189083 13751
1656034126662144795 11146
1656034126877135346 14015
1656034127086217278 8836
1656034127297080709 10531
1656034127506084011 6651
1656034127713121773 6724
1656034127919971515 6485
1656034128131384427 10987
1656034128344302538 12481
1656034128556088140 10969
1656034128767788741 10414
1656034128977152363 7658
1656034129187651455 9599
1656034129401930596 8496
1656034129609980538 7585
1656034129830374919 12856
1656034130046603620 13130
1656034130258587441 11670
1656034130469229083 9831
1656034130679730565 10346
1656034130892804967 12413
1656034131100719508 7237
1656034131320714349 10729
1656034131530855201 4562
1656034131740089562 7873
1656034131949066645 7567
1656034132158193316 8785
1656034132364566078 5625
1656034132570575381 4696
1656034132781715452 8595
1656034133010732042 28711
1656034133228833943 17793
1656034133442863234 12727
1656034133664711135 18722
1656034133873220117 8166
1656034134081508548 8118
1656034134290429410 7607
1656034134498094022 6541
1656034134714542153 15842
1656034134923561465 8659
1656034135129980387 5883
1656034135336431589 6037
1656034135543764581 6386
1656034135751591553 7458
1656034135961904254 9510
1656034136173987336 10521
1656034136421013563 43556
1656034136636346765 14954
1656034136849536017 7590
1656034137056639789 3916
1656034137261129550 4111
1656034137466258653 4860
1656034137671707905 5091
1656034137875560137 3549
1656034138080285999 4339
1656034138285604281 4990
1656034138490825253 4775
1656034138696466035 5073
1656034138904675027 7910
1656034139114150309 9173
1656034139326746930 10801
1656034139534829932 7457
1656034139744990593 8118
1656034139953481655 7121
1656034140219099792 60589
1656034140431370244 10142
1656034140646931385 12114
1656034140869340185 21534
1656034141085784107 16009
1656034141293303099 6846
