1656034175877424646 1114512
1656034176088500217 9638
1656034176324132526 11742
1656034176538500168 14113
1656034176743964700 5125
1656034176951415332 6684
1656034177157051574 4817
1656034177362801746 4992
1656034177614437674 51289
1656034177830086295 14664
1656034178046071466 11897
1656034178251805538 4394
1656034178458033670 5836
1656034178710759818 51920
1656034178918571160 7507
1656034179125655501 4900
1656034179342093913 12513
1656034179559814004 15826
1656034179830584230 18279
1656034180042189382 11340
1656034180266265582 23874
1656034180476119774 8100
1656034180724957252 12175
1656034180941965743 14492
1656034181156165465 11998
1656034181368009216 9715
1656034181576887897 6592
1656034181789271939 10824
1656034182017165129 27150
1656034182230411161 8033
1656034182441830663 9620
1656034182653538414 11155
1656034182864139666 9751
1656034183131666793 21597
1656034183345527773 12150
1656034183617263269 71515
1656034183827987001 8020
1656034185091161891 1060785
1656034185311787272 19973
1656034185519423254 4368
1656034185724653176 4351
1656034185933143018 7759
1656034186144044899 6565
1656034186352872481 5053
1656034186564151463 10790
1656034186778150654 13490
1656034186990017405 10622
1656034187197925097 5534
1656034187421807228 11800
1656034187640614849 8437
1656034187858439969 15484
1656034188074771310 11266
1656034188285869732 8198
1656034188497440284 10530
1656034188702068016 4218
1656034188912181828 8398
1656034189120560549 8173
1656034189342702420 21821
1656034189618925956 72750
1656034189833581566 14140
1656034190115676552 80180
1656034190336550013 20160
1656034190540972896 3725
1656034190744895808 3625
1656034190949083100 3865
1656034191156420532 5975
1656034191370965603 13383
1656034191616198312 39515
1656034191825377704 6994
1656034192033845966 6751
1656034192255896266 16503
1656034192516220563 59842
1656034192726717244 8326
1656034192944013665 16635
1656034194242077952 1091991
1656034194447095624 4310
1656034194651095477 3706
1656034194862972948 7757
1656034195126137085 61853
1656034195342105036 7485
1656034195555075388 10974
1656034195815989624 57145
1656034196026182077 5723
1656034196244076058 13662
1656034196524058353 77210
1656034196734984036 4719
1656034196944776937 8700
1656034197152518879 6279
1656034197446079783 26129
1656034197671353794 23019
1656034197923528552 51862
1656034198135066043 10674
1656034198342239255 5703
1656034198549986487 6018
1656034198757023249 6893
1656034198963903701 5736
1656034199171777213 6080
1656034199411279302 36826
1656034199633215993 21240
1656034199853207464 18682
1656034200068082735 13444
1656034200274630857 5239
1656034200511407866 34094
1656034200725792007 13205
1656034200936518359 9785
1656034201147352890 6962
1656034201360347632 11574
1656034201569145854 7692
1656034201773717056 4331
1656034201978835848 4723
1656034202183869410 4358
1656034202395574901 8974
1656034202604579303 7519
1656034202823980284 17879
1656034203113156419 70554
1656034203323035860 9564
1656034203531432802 7594
1656034203740283834 6997
1656034203948294396 5937
1656034204156840188 5275
1656034204421881884 64488
1656034204627704874 5514
1656034204834835438 6570
1656034205041023770 4460
1656034205247030342 4640
1656034205455040424 7699
1656034205715120011 59501
1656034205932304562 16336
1656034206144727404 12030
1656034206357864505 10823
1656034206565767797 7454
1656034206777480398 10415
1656034206983067360 3913
1656034207193654842 7161
1656034207417552993 20815
1656034207656271752 25269
1656034207872148913 10935
1656034208083082704 8888
1656034208306965215 18160
1656034208536835145 28459
1656034208759716666 21339
1656034208973166767 10682
1656034209214677015 37667
1656034209435068807 16340
1656034209641065259 4464
1656034209845768701 4374
1656034210146636305 95344
1656034211458138340 1107347
1656034211663751672 5299
1656034211916228810 52179
1656034212124175281 5226
1656034212338366103 12953
1656034212560243214 21372
1656034212814588800 52748
1656034213039075412 22630
1656034213245312374 5918
1656034213456106415 9638
1656034213665773237 8952
1656034213873822279 7095
1656034214087099890 11715
1656034214330564940 14362
1656034214548113020 15722
1656034214813673657 63387
1656034215021150299 6735
1656034215228738061 5678
1656034215433884033 4493
1656034215639008415 4785
1656034215845036347 5436
1656034216049988049 4118
1656034216256950031 6448
1656034216464472753 7096
1656034216673048105 7616
1656034216881879786 4532
1656034217089943258 5723
1656034217297126110 6673
1656034217503290372 5904
1656034217727218262 16841
1656034217942030814 13634
1656034218150062776 7684
1656034218354945908 4385
1656034218559544700 4251
1656034218764113272 4263
1656034218970725584 6098
1656034219181579156 9055
1656034219411197046 26769
1656034219620455098 8112
1656034219834619449 13221
1656034220044118670 7848
1656034220251291582 5803
1656034220472832023 20339
1656034220677727065 4512
1656034220882875638 4476
1656034221124649346 14711
1656034221353506046 22605
1656034221614711354 58155
1656034221831400785 14723
1656034222061254125 28233
1656034222281762926 18578
1656034222519102585 36385
1656034222726233577 4800
1656034222932233819 5553
1656034223142227321 8319
1656034223356160532 12664
1656034223617112909 57729
1656034223834036850 16125
1656034224046292942 6903
1656034224320128298 67550
1656034224539585109 13900
1656034224753237580 11282
1656034224969229391 12335
1656034225181158933 7594
1656034225388915655 5892
1656034225599575577 9595
1656034225815424518 15022
1656034226042458178 12667
1656034226248872180 6106
1656034226463907071 13533
1656034226720177029 54800
1656034226930058170 8199
1656034227144178741 13796
1656034227413431688 62315
1656034227623407740 9011
1656034227838121830 12721
1656034228046937773 7315
1656034228258626945 10602
1656034228468370627 8894
1656034228713573675 43341
1656034228931723046 13991
1656034229145243937 12037
1656034229349862749 4423
1656034229555136842 4013
1656034229820074629 64692
1656034230040046979 16554
1656034230253198291 10792
1656034230470117412 13529
1656034230682042993 11654
1656034230891406455 6944
1656034231096728597 4324
1656034231317706418 7726
1656034231526971510 8834
1656034231735949441 8467
1656034231953747152 14310
1656034232158530124 4462
1656034232362905957 3839
1656034232567885619 4445
1656034232772581921 4322
1656034232977166863 4198
1656034233182360745 4734
1656034234437296895 1027065
1656034234648194827 6821
1656034234855396569 7015
1656034235064278191 8583
1656034235279999942 13631
1656034235527367041 46979
1656034235756202791 19732
1656034236017311878 59121
1656034236236367059 16369
1656034236455016050 14442
1656034236664839171 3968
1656034236868871294 3645
1656034237124205031 13706
1656034237332909913 4516
1656034237539974855 6597
1656034237750432957 8475
1656034237960051518 7946
1656034238179610239 15396
1656034238390256711 5600
1656034239621101843 1029633
1656034239835547075 13168
1656034240052947966 16566
1656034240324123392 67730
1656034240557981262 32646
1656034240816195559 56698
1656034241022913281 5163
1656034241232840533 8550
1656034241469078832 22905
1656034241674145724 4756
1656034241879294926 3883
1656034242083695969 3956
1656034242288347541 4347
1656034242519946431 31138
1656034242738158522 12708
1656034242953204023 10599
1656034243161675315 6227
1656034243415240133 53029
1656034243641328983 25890
1656034243859791354 14649
1656034244082218564 20827
1656034244498233638 213372
1656034244704434249 5853
1656034244922437441 12416
1656034245140585412 17777
1656034245344769104 3872
1656034245550057476 4127
1656034245763046937 12539
1656034245971213949 5581
1656034246182732051 5760
1656034246418970800 35860
1656034246648145730 28770
1656034246916280176 59935
1656034247130053096 12783
1656034247343267509 11935
1656034247554518421 8224
1656034247766100932 7709
1656034247973931024 5719
1656034248179608626 5367
1656034248423098144 10712
1656034248632804506 9041
1656034248860372757 26988
1656034249085730367 19422
1656034249296313589 7919
1656034249513076670 16386
1656034249721101332 7183
1656034249932008813 7616
1656034250149015935 16630
1656034251415505943 1063663
1656034251628118085 6680
1656034251837233967 6518
1656034252042831289 4797
1656034252252069561 7699
1656034252460237142 7477
1656034252674164894 11529
1656034252919170822 41672
1656034253141195263 20086
1656034253417349919 72964
1656034253633553730 12810
1656034253840085692 6195
1656034254048018573 7622
1656034254253223466 4489
1656034254458978828 4595
1656034254677197279 16807
1656034254887196970 9810
1656034255100158752 9623
1656034255322165332 11564
1656034255540270863 10870
1656034255761109434 18718
1656034255975971115 13369
1656034256236611853 22714
1656034256449169754 10630
1656034256714879401 60359
1656034256925832362 10073
1656034257140207844 10798
1656034257351124325 9021
1656034257560131707 8741
1656034257819789364 9840
1656034258041847304 19458
1656034258263084855 15644
1656034259526722614 1061055
1656034259813037820 85754
1656034260026107198 11726
1656034260245052592 17671
1656034260459581794 12268
1656034260671082005 9696
1656034260897752736 25254
1656034261114217207 12101
1656034261328801158 13607
1656034261544253969 13705
1656034261761088600 4396
1656034261965117022 3470
1656034262219213560 53400
1656034262437242300 13801
1656034262653771232 15967
1656034262871294713 17164
1656034263118606731 40946
1656034263340160842 18897
1656034263547472544 4738
1656034263757193326 7216
1656034263969568787 10183
1656034264179706009 8664
1656034264396306840 16202
1656034264621074861 8241
