1656034298050632353 88051
1656034298259043255 6666
1656034298519276772 59865
1656034298724721085 5122
1656034299211062602 285619
1656034299424290174 4399
1656034299631975656 5139
1656034299915844821 83539
1656034300141220942 23831
1656034300421855956 80089
1656034300641700719 14957
1656034301953626825 1104368
1656034302160258767 6096
1656034302412617535 50218
1656034302623201497 6745
1656034302842983888 17585
1656034303065185909 16794
1656034303282037430 11597
1656034303520090498 36422
1656034303733142281 12747
1656034303944775973 10379
1656034304221203458 70908
1656034304431562720 7673
1656034304643731042 10052
1656034304854845714 6695
1656034305067806215 9981
1656034305275514587 5799
1656034305523759626 47848
1656034305747067736 19261
1656034305960389818 11142
1656034306183090248 22101
1656034306388905131 5153
1656034306595129583 5742
1656034306799810075 4351
1656034308305637285 1293187
1656034308527612206 15612
1656034308741076888 10623
1656034308958553239 16129
1656034309172980870 10582
1656034309414604798 36075
1656034309624111221 8030
1656034309841483682 9361
1656034311181967415 1071980
1656034311391354487 9188
1656034311626927327 16100
1656034311874219496 24802
1656034312129925963 12550
1656034312344388835 14146
1656034312557477456 10221
1656034312811653532 44267
1656034313026002805 13602
1656034313236033548 9720
1656034313443250329 6512
1656034313717215476 73181
1656034313934359047 12547
1656034314153199268 12956
1656034314365105240 11586
1656034314579657111 11985
1656034314785970174 5915
1656034314991962916 5567
1656034315229430455 16863
1656034315526389649 87012
1656034315754599929 26159
1656034316014472428 59038
1656034316230955327 15391
1656034316448922840 10153
1656034316657140952 5444
1656034316862264944 4711
1656034317066512137 3823
1656034318482249574 1215073
1656034318724837433 10700
1656034318938572374 13435
1656034319148129266 7626
1656034319356019328 7625
1656034319574285859 12644
1656034319813525268 35680
1656034321091246298 1072863
1656034321330965567 37133
1656034321559839687 24450
1656034321839889373 79510
1656034322064188363 22067
1656034322283552304 18174
1656034322515219464 22926
1656034322727121066 9727
1656034322937004598 8624
1656034323149384050 10548
1656034323357959181 7660
1656034323618055769 58666
1656034323828268790 6443
1656034324033219853 4084
1656034324239009765 5283
1656034324455503146 15097
1656034324681617847 25419
1656034324924275916 40810
1656034325136196288 10973
1656034325344085739 6398
1656034325611268636 63884
1656034325842736006 24113
1656034326114617052 66006
1656034326339171763 23733
1656034327553306338 1013549
1656034327760168420 6532
1656034328024782357 63836
1656034328242655448 17323
1656034329538079066 1093963
1656034329747507148 5938
1656034329962821919 11425
1656034330216952657 52551
1656034330434097608 14747
1656034331653342933 1016088
1656034331859656965 6021
1656034333124789405 1064821
1656034333366188824 28793
1656034333575074336 6014
1656034334851287165 1075156
1656034335063108337 10701
1656034335270887979 6612
1656034335521152517 49753
1656034335733137019 9542
1656034335939757831 6374
1656034336146479433 5021
1656034336352811285 4822
1656034336558569397 5089
1656034336764651119 5093
1656034336971896272 6508
1656034337177659534 5233
1656034338435158365 1057160
1656034338644741357 8541
1656034338855372799 8595
1656034339064503350 8149
1656034339421603819 111632
1656034339628842971 6880
1656034339841280413 12011
1656034340062180494 17332
1656034340277395906 13408
1656034340525475904 43319
1656034340916241330 186367
1656034341141768200 23602
1656034341351038952 6849
1656034341616957908 64135
1656034341831042721 11626
1656034342137014624 105360
1656034342411054060 69563
1656034342715122254 103717
1656034342936309084 20355
1656034343140467967 3833
1656034343349211149 8379
1656034343554279401 4877
1656034343773273613 15981
1656034343989907243 13777
1656034344203954615 12488
1656034344429129495 23721
1656034344647759726 7531
1656034344858069468 7860
1656034345110745507 50351
1656034345318680818 5054
1656034345522944021 3946
1656034345735737372 11362
1656034345954147494 15757
1656034346219709411 62552
1656034346427657212 7277
1656034346639277644 10031
1656034346850126016 8105
1656034347060954777 9524
1656034347272985289 10530
1656034347479870131 6097
1656034347718037240 32534
1656034347946597171 16870
1656034348163882452 13362
1656034348384204013 18278
1656034348622148362 8769
1656034348863921181 36099
1656034349133572018 64884
1656034349419151753 77742
1656034349644556572 16409
1656034349851405835 5736
1656034350133063951 79663
1656034350636309648 301920
1656034350844995310 7137
1656034351051441391 6135
1656034351312699489 60687
1656034351528260210 13586
1656034351733055093 4627
1656034351947770084 12290
1656034352230683059 81808
1656034352527504494 94330
1656034352816241379 77586
1656034353023843761 7433
1656034353232584793 5934
1656034353438217895 5333
1656034353647806457 9429
1656034355110968250 1260587
1656034355328464041 4507
1656034355541609272 11228
1656034355812241289 66788
1656034356023392231 9574
1656034356231796683 6488
1656034356436790895 4646
1656034356641408917 4047
1656034356851890589 10027
1656034358148860357 1028267
1656034358357313159 7918
1656034358611995268 49351
1656034358823551579 10149
1656034359031434970 6841
1656034359238085373 5943
1656034359446255875 7654
1656034359657551587 6700
1656034359863344539 5250
1656034360152358444 87739
1656034360410017591 49479
1656034360622521543 11709
1656034360827990255 5075
1656034361034264208 5638
1656034361241545739 6550
1656034361455596551 11578
1656034361667124573 4997
1656034361941374279 73676
1656034362243197183 91724
1656034362511509160 60732
1656034363777030791 1060584
1656034364023760338 13807
1656034364237253280 12700
1656034364446699743 5242
1656034364825619870 178149
1656034365059874779 31518
1656034365320140777 7656
1656034365525628949 5130
1656034365730347482 4316
1656034365934741234 4067
1656034366139871356 4811
1656034366418929222 77532
1656034366631375264 9924
1656034367873391526 1039469
1656034368082605218 7754
1656034368515487541 227451
1656034368725264262 9154
1656034368931982865 4169
1656034369150582785 17187
1656034369371824227 11195
1656034370626688658 1053170
1656034370832065670 5002
1656034371038461652 5764
1656034371243994184 5211
1656034371457136856 12744
1656034371711647774 53778
1656034371918853746 5966
1656034372129748967 6573
1656034372345054009 11999
1656034372550868091 3998
1656034372755943823 4766
1656034373032189999 75946
1656034373337807393 96330
1656034373543046615 4924
1656034373748563717 4909
1656034373958204079 8355
1656034374224456786 64887
1656034374444641707 15203
1656034374656078578 10321
1656034376091446514 1235052
1656034376317207224 25457
1656034376547075264 26695
1656034376754116986 6314
1656034376967294698 12897
1656034377213117187 44715
1656034377438375237 17988
1656034377733615411 92630
1656034377942099043 7240
1656034378146742845 3958
1656034378350869708 3655
1656034378557723100 6093
1656034378814039078 53786
1656034379024741979 10122
1656034379242290961 10892
1656034379517592277 67334
1656034379733702908 14566
1656034379941887980 7784
1656034380227227315 80990
1656034380439122637 8713
1656034380660045198 17949
1656034380916178106 53787
1656034381126202377 9812
1656034381334450000 5548
1656034381620847284 10534
1656034381843678245 14798
1656034382068041456 11633
1656034383297720968 1015606
1656034383502250271 3844
1656034383714751302 4816
1656034383921169394 5882
1656034384126853607 5217
1656034384337942069 9770
1656034384549271131 7160
1656034384757096173 4711
1656034385014889611 56501
1656034385231109181 10715
1656034385541596235 103139
1656034385818988840 69485
1656034386024268472 4870
1656034386229829305 5383
1656034386446876397 16063
1656034386723099213 65588
1656034388184290356 1257992
