1655170926631003096 0
1655170927631583905 0
1655170928632562705 0
1655170929633711126 0
1655170930634889585 0
1655170931636039274 0
1655170932637198795 0
1655170933638336574 0
1655170934639532273 0
1655170935640640893 0
1655170936641778472 0
1655170937642887321 0
1655170938643556072 0
1655170939644547812 0
1655170940645855123 0
1655170941647004430 0
1655170942647987271 0
1655170943649121281 0
1655170944649551690 0
1655170945650686500 0
1655170946651563729 0
1655170947652696798 0
1655170948653836018 0
1655170949654575948 0
1655170950655801149 0
1655170951656922678 0
1655170952657553388 2
1655170953658705227 10
1655170954659939108 10
1655170955661463248 10
1655170956662552007 10
1655170957663668686 10
1655170958664803476 8
1655170959665966867 10
1655170960667061955 10
1655170961668295785 10
1655170962669520354 10
1655170963670704104 10
1655170964671596395 10
1655170965672723102 10
1655170966673629052 9
1655170967674988119 9
1655170968676231650 10
1655170969677438429 10
1655170970678627240 10
1655170971679781069 10
1655170972680712949 10
1655170973681566138 10
1655170974682604206 10
1655170975683753757 8
1655170976684924115 10
1655170977686191558 10
1655170978687367675 10
1655170979688514647 10
1655170980689641085 10
1655170981690847355 10
1655170982691815484 10
1655170983693004194 8
1655170984694249644 10
1655170985695424933 10
1655170986696605383 10
1655170987697569402 10
1655170988698754872 10
1655170989699895392 10
1655170990701300251 10
1655170991702527921 8
1655170992703550951 10
1655170993704685040 10
1655170994705928200 10
1655170995706553750 10
1655170996707759390 10
1655170997708880899 10
1655170998710004139 10
1655170999710544219 10
1655171000711580708 8
1655171001712872848 10
1655171002714028767 10
1655171003715170576 10
1655171004716327055 10
1655171005717458666 10
1655171006718617525 10
1655171007719728975 10
1655171008720896474 8
1655171009722057043 10
1655171010723426293 10
1655171011724575923 10
1655171012725712673 10
1655171013726859412 10
1655171014727997843 10
1655171015729402241 10
1655171016730808441 8
1655171017731946211 10
1655171018733088709 10
1655171019734227539 10
1655171020735540868 10
1655171021736676727 10
1655171022737897370 10
1655171023738542938 10
1655171024739671859 8
