1655177464133589513 0
1655177465134830745 0
1655177466135376745 0
1655177467136547999 0
1655177468136834441 0
1655177469138124344 0
1655177470138560487 0
1655177471139621269 0
1655177472140796622 0
1655177473142055044 0
1655177474142764235 0
1655177475144006598 0
1655177476145255110 0
1655177477146580443 0
1655177478147742935 0
1655177479148554598 0
1655177480149562750 0
1655177481150727050 0
1655177482151878223 0
1655177483153384785 0
1655177484153774538 0
1655177485155024511 0
1655177486156174343 0
1655177487157309635 0
1655177488158447886 0
1655177489159563759 0
1655177490160921742 0
1655177491162182685 0
1655177492163342386 0
1655177493164514099 0
1655177494165639772 0
1655177495166561263 0
1655177496167549924 0
1655177497167853377 0
1655177498169013038 0
1655177499169565213 0
1655177500170722555 0
1655177501171864447 0
1655177502173011959 0
1655177503174329521 0
1655177504174879644 0
1655177505175757466 0
1655177506176966360 0
1655177507177505532 0
1655177508178652873 0
1655177509179801265 0
1655177510181048299 0
1655177511182200429 0
1655177512183335702 0
1655177513184167856 0
1655177514184562547 0
1655177515185896999 0
1655177516187058593 0
1655177517188256474 0
1655177518189432358 0
1655177519190611770 0
1655177520191768923 0
1655177521193091515 0
1655177522194208677 0
1655177523195158588 0
1655177524195570902 0
1655177525196843936 0
1655177526198197138 0
1655177527198744949 0
1655177528199883422 0
1655177529200569993 0
1655177530201834256 0
1655177531202990848 0
1655177532204127740 0
1655177533205640943 0
1655177534206945805 0
1655177535208119917 0
1655177536209531109 0
1655177537210563771 0
1655177538211727812 0
1655177539212564695 0
1655177540213705196 0
1655177541214270250 0
1655177542214556542 0
1655177543215694994 0
1655177544216573826 0
1655177545217777608 0
1655177546218914431 0
1655177547220073433 0
1655177548221229465 0
1655177549222373068 0
1655177550223597311 0
1655177551224853013 0
1655177552225987675 0
1655177553227135818 0
1655177554227566540 0
1655177555228778182 0
1655177556229938944 0
1655177557231094738 0
1655177558232253799 0
1655177559233386302 0
1655177560234681095 0
1655177561236017487 0
1655177562237208069 0
1655177563238149540 0
