1655171035832993292 0
1655171036834155123 0
1655171037835294971 0
1655171038836456530 0
1655171039837643261 0
1655171040838819600 0
1655171041839975530 0
1655171042840683358 0
1655171043841563869 0
1655171044842572679 0
1655171045843554478 8
1655171046844685297 20
1655171047845939527 20
1655171048847079726 16
1655171049847850556 20
1655171050849078286 20
1655171051850226575 20
1655171052850998915 20
1655171053852138204 16
1655171054853474514 20
1655171055854677153 20
1655171056854992283 20
1655171057856162183 20
1655171058857552192 18
1655171059858675572 18
1655171060859843221 20
1655171061860996691 20
1655171062862282490 20
1655171063863454729 20
1655171064864550500 18
1655171065865559258 19
1655171066866709468 19
1655171067867860738 20
1655171068869029197 20
1655171069869608428 20
1655171070870555967 20
1655171071871692487 17
1655171072872863806 20
1655171073873989777 20
1655171074875357154 19
1655171075876665906 20
1655171076877810403 20
1655171077879078694 17
1655171078880223604 20
1655171079881396373 20
1655171080882663903 20
1655171081883803103 19
1655171082885009104 20
1655171083886159873 17
1655171084887656511 20
1655171085888842862 20
1655171086890002223 20
1655171087891169713 20
1655171088892426101 20
1655171089893574489 16
1655171090894832033 20
1655171091896145652 20
1655171092896886380 20
1655171093898030409 20
1655171094899317288 20
1655171095900563668 16
1655171096901821627 20
1655171097903260937 20
1655171098904561406 20
1655171099905002067 20
1655171100906283166 20
1655171101907504336 17
1655171102908748766 20
1655171103910048107 19
1655171104911201362 20
1655171105912370605 20
1655171106913520754 20
1655171107914677825 17
1655171108915899473 20
1655171109917056402 20
1655171110918170203 20
1655171111919429552 19
1655171112920732920 20
1655171113921869460 20
1655171114923031380 17
1655171115924387370 20
1655171116925559009 20
1655171117926693039 20
1655171118927543559 20
1655171119928651727 19
1655171120929798759 17
1655171121930945797 20
1655171122932078008 20
1655171123933259017 20
1655171124934684158 20
1655171125935823816 20
1655171126936979366 16
1655171127938147718 20
1655171128939670857 20
1655171129940845703 20
1655171130941912163 20
1655171131942629695 19
1655171132943759444 17
1655171133944565244 20
1655171134944991474 20
1655171135946158903 12
