1655177683247390171 0
1655177684248531162 0
1655177685249707823 0
1655177686250571057 0
1655177687251727559 0
1655177688252876492 0
1655177689254024305 0
1655177690255162444 0
1655177691256114996 0
1655177692257307411 0
1655177693258578165 0
1655177694259853627 0
1655177695261031368 0
1655177696261825820 0
1655177697262975322 0
1655177698264122725 0
1655177699265300074 0
1655177700266211916 0
1655177701267413179 0
1655177702268590652 0
1655177703269756597 0
1655177704270982958 0
1655177705272134320 0
1655177706272559282 0
1655177707273329113 0
1655177708274525497 0
1655177709274963999 9
1655177710276131330 15
1655177711277286664 19
1655177712278433305 44
1655177713279561598 66
1655177714280542101 69
1655177715281546223 68
1655177716282540735 63
1655177717283641618 71
1655177718284862679 96
1655177719285989442 124
1655177720287214176 134
1655177721288474357 139
1655177722289685349 137
1655177723290954921 133
1655177724291544844 137
1655177725292557276 131
1655177726293546678 138
1655177727294753801 138
1655177728295969003 137
1655177729297207325 139
1655177730298570198 140
1655177731299702590 129
1655177732300565543 137
1655177733301766665 134
1655177734302552337 136
1655177735303758671 138
1655177736304988402 140
1655177737306147224 136
1655177738306546536 135
1655177739307547718 134
1655177740308680070 133
1655177741309709903 137
1655177742310862785 140
1655177743312044947 136
1655177744313277410 136
1655177745313553072 137
1655177746314541635 134
1655177747315567357 135
1655177748316540279 135
1655177749317178651 135
1655177750318552073 138
1655177751319712225 137
1655177752320561848 136
1655177753321526870 136
1655177754323043842 134
1655177755324283075 133
1655177756324562847 139
1655177757325758960 132
1655177758326951122 139
1655177759328065465 137
1655177760328948887 134
1655177761330139600 133
1655177762331368312 133
1655177763332537795 138
1655177764333665947 135
1655177765334936639 139
1655177766335565302 134
1655177767336752745 135
1655177768337502707 132
1655177769338572349 139
1655177770339537642 137
1655177771340557033 136
1655177772341535357 136
1655177773342558219 133
1655177774343730952 132
1655177775344549114 139
1655177776345541876 137
1655177777346542488 137
1655177778347548121 130
1655177779348738313 135
1655177780349935195 136
1655177781350911908 135
1655177782351560200 139
1655177783352533762 134
