1655178503150950684 0
1655178504152090814 0
1655178505153252634 0
1655178506154428813 0
1655178507155601623 0
1655178508156554085 0
1655178509157799836 0
1655178510158969195 0
1655178511160112916 2
1655178512161228676 20
1655178513162468037 35
1655178514163795818 40
1655178515165071969 39
1655178516166619420 39
1655178517167773050 40
1655178518169014001 37
1655178519170298191 40
1655178520171432730 39
1655178521172673351 38
1655178522173836903 40
1655178523174566393 39
1655178524175250813 39
1655178525175547253 40
1655178526176756513 37
1655178527178028605 39
1655178528179279484 39
1655178529180550924 40
1655178530181699375 39
1655178531183292494 39
1655178532184434144 40
1655178533185561504 38
1655178534186685475 37
1655178535187551926 39
1655178536188707553 40
1655178537189898854 40
1655178538191072735 38
1655178539192234685 40
1655178540193366555 40
1655178541194531826 35
1655178542195665855 40
1655178543196922755 39
1655178544198021657 40
1655178545198639626 40
1655178546199553436 39
1655178547200599806 39
1655178548201808027 35
1655178549203014748 40
1655178550204158706 39
1655178551205002940 40
1655178552205563149 40
1655178553206924778 39
1655178554208094459 40
1655178555209518260 34
1655178556210903920 40
1655178557212052780 40
1655178558213349028 39
1655178559214557721 40
1655178560215551041 40
1655178561216555411 39
1655178562217782282 35
1655178563219395032 40
1655178564220543143 39
1655178565221762593 39
1655178566222932593 40
1655178567224174484 40
1655178568225571144 39
1655178569227012494 35
1655178570228148925 40
1655178571229602035 40
1655178572230531515 38
1655178573232085836 40
1655178574233402966 40
1655178575234670597 38
1655178576236508216 36
1655178577237792147 40
1655178578239061727 40
1655178579240301708 40
1655178580241516236 38
1655178581242689129 40
1655178582243843569 38
1655178583245007490 37
1655178584246170078 39
1655178585247455539 40
1655178586248870491 40
1655178587249546631 39
1655178588250755580 39
1655178589252176763 38
1655178590252537083 40
1655178591253664053 37
1655178592254825885 39
1655178593255963744 40
1655178594256544415 39
1655178595257872405 38
1655178596259009335 39
1655178597260214786 40
1655178598261423107 37
1655178599262740046 40
1655178600263981216 39
1655178601265228194 35
1655178602266434385 19
1655178603267652038 2
1655178604268831447 0
