1653864024770669592	1
1653864025781183053	2
1653864026290075063	3
1653864026378243436	4
1653864026489040640	5
1653864027009036044	6
1653864027102128066	7
1653864027110134459	8
1653864027117051638	9
1653864027190983834	10
1653864027194989434	11
1653864027236142214	12
1653864027326104584	13
1653864027791144384	14
1653864027798119827	15
1653864027803049753	16
1653864027907115891	17
1653864027916195276	18
1653864027918994301	19
1653864028107113964	20
1653864028176130087	21
1653864028180125771	22
1653864028209907151	23
1653864028287126199	24
1653864028314001510	25
1653864028323141638	26
1653864028491165099	27
1653864028511121538	28
1653864028607008558	29
1653864028690328013	30
1653864028885153735	31
1653864028901293764	32
1653864029011009171	33
1653864029080133834	34
1653864029293139681	35
1653864029398124209	36
1653864029403074566	37
1653864029584443030	38
1653864029605146217	39
1653864029691106244	40
1653864029701284229	41
1653864029704019684	42
1653864029901176049	43
1653864029922720923	44
1653864029930991501	45
1653864029935988177	46
1653864030097020258	47
1653864030107103559	48
1653864030118079702	49
1653864030222558643	50
1653864030253169964	51
1653864030298571156	52
1653864030493152911	53
1653864030606146187	54
1653864030612044558	55
1653864030669175903	56
1653864030780322911	57
1653864030799167199	58
1653864030813152781	59
1653864030856157188	60
1653864030916051033	61
1653864030920048146	62
1653864030990227757	63
1653864030995178040	64
1653864031008174961	65
1653864031120062306	66
1653864031286244295	67
1653864031357987942	68
1653864031366168218	69
1653864031402159865	70
1653864031559458990	71
1653864031566094866	72
1653864031574181053	73
1653864031579119739	74
1653864031631069379	75
1653864031756596572	76
1653864031790600265	77
1653864031823051524	78
1653864031904180306	79
1653864031905143984	80
1653864031974154181	81
1653864031996185302	82
1653864032004184055	83
1653864032012306520	84
1653864032074077368	85
1653864032084158819	86
1653864032104182583	87
1653864032199080225	88
1653864032300303779	89
1653864032318485118	90
1653864032332981318	91
1653864032408154548	92
1653864032410209252	93
1653864032414311158	94
1653864032452874965	95
1653864032501218812	96
1653864032680079769	97
1653864032707208087	98
1653864032724060699	99
1653864032726042893	100
1653864032734047769	101
1653864032799725995	102
1653864032860232375	103
1653864033002218187	104
1653864033023042268	105
1653864033059070272	106
1653864033100152061	107
1653864033104881566	108
1653864033120188237	109
1653864033261271941	110
1653864033267061993	111
1653864033269078824	112
1653864033274055915	113
1653864033360160681	114
1653864033379234672	115
1653864033403552989	116
1653864033420515027	117
1653864033499416681	118
1653864033513292477	119
1653864033702268505	120
1653864033794261616	121
1653864033811282197	122
1653864033817229519	123
1653864033904220009	124
1653864033988256709	125
1653864033992255913	126
1653864034007269380	127
1653864034080457865	128
1653864034092329175	129
1653864034095615359	130
1653864034206192552	131
1653864034254252683	132
1653864034258370947	133
1653864034264083783	134
1653864034307058325	135
1653864034318475333	136
1653864034329095705	137
1653864034363085251	138
1653864034462224608	139
1653864034464237465	140
1653864034526100755	141
1653864034556724438	142
1653864034685333625	143
1653864034698904971	144
1653864034717143668	145
1653864034770443335	146
1653864034789273883	147
1653864034814465320	148
1653864034956448460	149
1653864034959275767	150
1653864034997544882	151
1653864035013097502	152
1653864035080587104	153
1653864035110230272	154
1653864035175121730	155
1653864035199110009	156
1653864035296319050	157
1653864035406347983	158
1653864035467675528	159
1653864035472702342	160
1653864035489345033	161
1653864035585123236	162
1653864035590321309	163
1653864035606944619	164
1653864035607870831	165
1653864035697590148	166
1653864035710111337	167
1653864035795252984	168
1653864036090939539	169
1653864036116026181	170
1653864036120286080	171
1653864036213692692	172
1653864036249672912	173
1653864036310348336	174
1653864036332028973	175
1653864036356398174	176
1653864036367137706	177
1653864036372322257	178
1653864036402357787	179
1653864036485394423	180
1653864036500410827	181
1653864036504291335	182
1653864036577365897	183
1653864036608136838	184
1653864036684375640	185
1653864036700694653	186
1653864036804361877	187
1653864036877119473	188
1653864036885282522	189
1653864036912347658	190
1653864036912355787	190
1653864036985339937	191
1653864037001325850	192
1653864037104377366	193
1653864037205453281	194
1653864037208920563	195
1653864037561921087	196
1653864037567136557	197
1653864037578149214	198
1653864037583614360	199
1653864037588148588	200
1653864037664409595	201
1653864037669455073	202
1653864037696411530	203
1653864037700731788	204
1653864037711610819	205
1653864037731349756	206
1653864037755207856	207
1653864037767574468	208
1653864037771176065	209
1653864037776201989	210
1653864037817371279	211
1653864037831134650	212
1653864037894174505	213
1653864037990433649	214
1653864038005970247	215
1653864038011378353	216
1653864038022261303	217
1653864038058173846	218
1653864038118499986	219
1653864038117542119	219
1653864038134472689	220
1653864038206476908	221
1653864038322895123	222
1653864038352377119	223
1653864038352390908	223
1653864038364344379	224
1653864038373420408	225
1653864038414124453	226
1653864038424073291	227
1653864038434388429	228
1653864038438659838	229
1653864038443185255	230
1653864038549616774	231
1653864038600544696	232
1653864038615336425	233
1653864038706411072	234
1653864039079259165	235
1653864039084155847	236
1653864039095487164	237
1653864039108370439	238
1653864039115375120	239
1653864039134150778	240
1653864039138136215	241
1653864039363005395	242
1653864039500437293	243
1653864039504950939	244
1653864039512403098	245
1653864039546613458	246
1653864039620413552	247
1653864039880230183	248
1653864039909041004	249
1653864040002872537	250
1653864040003966870	251
1653864040008590859	252
1653864040093687946	253
1653864040103412118	254
1653864040107180937	255
1653864040120612521	256
1653864040123284364	257
1653864040195469375	258
1653864040200206280	259
1653864040214232787	260
1653864040234086536	261
1653864040234170371	261
1653864040299221534	262
1653864040303181600	263
1653864040320394208	264
1653864040398415603	265
1653864040402189714	266
1653864040478264414	267
1653864040520501819	268
1653864040528808859	269
1653864040589557011	270
1653864040724776785	271
1653864040803910339	272
1653864040807794138	272
1653864040816686679	273
1653864040821710069	274
1653864040829595637	275
1653864040955334625	276
1653864040961699845	277
1653864040980416669	278
1653864041020115790	279
1653864041033269730	280
1653864041040570340	281
1653864041085612407	282
1653864041198567316	283
1653864041208454144	284
1653864041449863650	285
1653864041453894464	286
1653864041457742824	287
1653864041496564733	288
1653864041656510791	289
1653864041673238745	290
1653864041740238227	291
1653864041749228416	292
1653864041826253419	293
1653864041840805497	294
1653864041853270626	295
1653864041860570796	296
1653864041918507077	297
1653864041919546039	298
1653864041971494479	299
1653864042000381142	300
1653864042000675916	300
1653864042063377457	301
1653864042131564003	302
1653864042133369304	303
1653864042135339166	304
1653864042192298234	305
1653864042226558066	306
1653864042362618657	307
1653864042364004679	308
1653864042383502739	309
1653864042409575748	310
1653864042431833164	311
1653864042441378827	312
1653864042449533590	313
1653864042497233819	314
1653864042521548240	315
1653864042612258715	316
1653864042714280485	317
1653864042779741937	318
1653864042785331143	319
1653864042810971416	320
1653864042911561691	321
1653864042945283188	322
1653864042946494912	323
1653864043016561716	324
1653864043027798146	325
1653864043032331531	326
1653864043034718598	327
1653864043092312312	328
1653864043117982345	329
1653864043120896055	330
1653864043230380837	331
1653864043722544711	332
1653864043741164519	333
1653864043880914124	334
1653864043910175680	335
1653864043928551095	336
1653864043943865091	337
1653864044006073460	338
1653864044019418484	339
1653864044100662232	340
1653864044105306412	341
1653864044193507823	342
1653864044288677202	343
1653864044306633994	344
1653864044311875482	345
1653864044318870506	346
1653864044377255575	347
1653864044382297970	348
1653864044413786179	349
1653864044560725152	350
1653864044571349979	351
1653864044574314278	352
1653864044583287552	353
1653864044589249298	354
1653864044650334743	355
1653864044655588737	356
1653864044693675004	357
1653864044709870630	358
1653864044717681921	359
1653864044851843368	360
1653864044857018655	361
1653864044861295953	362
1653864044866293873	363
1653864044889197222	364
1653864045004725873	365
1653864045103368326	366
1653864045297333340	367
1653864045314482923	368
1653864045356713959	369
1653864045411571107	370
1653864045417156916	371
1653864045488666281	372
1653864045692720141	373
1653864045718099935	374
1653864045720623124	375
1653864045791531864	376
1653864045958382941	377
1653864045962719285	378
1653864045965423047	379
1653864046019341813	380
1653864046092406217	381
1653864046200816072	382
1653864046298778668	383
1653864046381152099	384
1653864046387492964	385
1653864046390982304	386
1653864046395787969	387
1653864046517722037	388
1653864046567172186	389
1653864046714723551	390
1653864046735854206	391
1653864046737722456	392
1653864046863451288	393
1653864046913808291	394
1653864046918712182	395
1653864046922954757	396
1653864047001068686	397
1653864047080354253	398
1653864047166399572	399
1653864047169389952	400
1653864047173415243	401
1653864047178563827	402
1653864047402798291	403
1653864047497860835	404
1653864047514449506	405
1653864047579826457	406
1653864047582800916	407
1653864047589846940	408
1653864047619743483	409
1653864047631744566	410
1653864047636423047	411
1653864047690232208	412
1653864047696774583	413
1653864047801374147	414
1653864047807771060	415
1653864047914157702	416
1653864048212928091	417
1653864048399847428	418
1653864048470008394	419
1653864048597742138	420
1653864048686269363	421
1653864048779086237	422
1653864048786415332	423
1653864049008760624	424
1653864049012204131	425
1653864049015399566	426
1653864049187612465	427
1653864049280540572	428
1653864049314027517	429
1653864049319429922	430
1653864049403152917	431
1653864049409418190	432
1653864049482062325	433
1653864049503386844	434
1653864049577464856	435
1653864049582893894	436
1653864049621451302	437
1653864049634076906	438
1653864049884164111	439
1653864049918797895	440
1653864049918797606	440
1653864050006571068	441
1653864050106459341	442
1653864050189694083	443
1653864050296806160	444
1653864050555480950	445
1653864050558444835	446
1653864050562398237	447
1653864050599098205	448
1653864050664418378	449
1653864050709449969	450
1653864050711191489	451
1653864050876717576	452
1653864050898566993	453
1653864050914795517	454
1653864050917802619	455
1653864050978976217	456
1653864050999888865	457
1653864051044800741	458
1653864051054125783	459
1653864051205705917	460
1653864051351219225	461
1653864051359264581	462
1653864051419353640	463
1653864051422697306	464
1653864051424446999	465
1653864051466937641	466
1653864051500860695	467
1653864051660865585	468
1653864051663504238	469
1653864051751020752	470
1653864051757948574	471
1653864051888998513	472
1653864051894045429	473
1653864052065458878	474
1653864052247372968	475
1653864052253233664	476
1653864052258441085	477
1653864052320843558	478
1653864052322180533	479
1653864052325413556	480
1653864052409460651	481
1653864052535441707	482
1653864052537110136	483
1653864052597080765	484
1653864052610786128	485
1653864052612812845	486
1653864052684086339	487
1653864052821573596	488
1653864052823513514	489
1653864052833366276	490
1653864052908939427	491
1653864053024047252	492
1653864053099898336	493
1653864053116464835	494
1653864053118430083	495
1653864053188144161	496
1653864053294896384	497
1653864053307881082	498
1653864053310869844	499
1653864053409939855	500
1653864053514765171	501
1653864053554882763	502
1653864053624073779	503
1653864053859497966	504
1653864053865899374	505
1653864053868453218	506
1653864053874879585	507
1653864053885344126	508
1653864053982176575	509
1653864053989523222	510
1653864054021569053	511
1653864054095861703	512
1653864054098854341	513
1653864054108990942	514
1653864054120833910	515
1653864054171826862	516
1653864054206902419	517
1653864054385972842	518
1653864054394904082	519
1653864054480584324	520
1653864054609933973	521
1653864054619887620	522
1653864054780524898	523
1653864054806484567	524
1653864054811462815	525
1653864055134975542	526
1653864055186949422	527
1653864055240112069	528
1653864055315994621	529
1653864055330896429	530
1653864055429192738	531
1653864055429193930	531
1653864055433012653	532
1653864055435157803	533
1653864055449029083	534
1653864055495108593	535
1653864055531392947	536
1653864055532450824	537
1653864055577685167	538
1653864055863371511	539
1653864055921197071	540
1653864055929310531	541
1653864055977427173	542
1653864056003112947	543
1653864056084791023	544
1653864056108357062	545
1653864056129240266	546
1653864056147578320	547
1653864056163498652	548
1653864056202209873	549
1653864056262609527	550
1653864056276089632	551
1653864056279570393	552
1653864056293113289	553
1653864056340319797	554
1653864056359273347	555
1653864056376192462	556
1653864056399392630	557
1653864056414060269	558
1653864056442879624	559
1653864056469624380	560
1653864056471332319	561
1653864056480208389	562
1653864056542237247	563
1653864056545632616	564
1653864056550714379	565
1653864056648163516	566
1653864056654660610	567
1653864056692104400	568
1653864056698042366	569
1653864056711173747	570
1653864056736747236	571
1653864056736507682	571
1653864056762042787	572
1653864056776701582	573
1653864056781474840	574
1653864056792110943	575
1653864056836045698	576
1653864056911917430	577
1653864056916244299	578
1653864056917953529	579
1653864056925168908	580
1653864056934337274	581
1653864057017462602	582
1653864057024178686	583
1653864057028317244	584
1653864057036122753	585
1653864057062390838	586
1653864057066912857	587
1653864057073193844	588
1653864057102065793	589
1653864057144031008	590
1653864057147986571	591
1653864057181507101	592
1653864057223160073	593
1653864057234421192	594
1653864057295523001	595
1653864057324480048	596
1653864057392792541	597
1653864057399970415	598
1653864057487575025	599
1653864057503988108	600
1653864057609864160	601
1653864057622442048	602
1653864057664827247	603
1653864057703946318	604
1653864057727483198	605
1653864057802126733	606
1653864057812499484	607
1653864057814472909	608
1653864057895513537	609
1653864057924495726	610
1653864057926752587	611
1653864057989994741	612
1653864058021997087	613
1653864058038875391	614
1653864058143111107	615
1653864058148497957	616
1653864058248847957	617
1653864058255329709	618
1653864058266554322	619
1653864058273620248	620
1653864058275307801	620
1653864058295310637	621
1653864058349088947	622
1653864058358036807	623
1653864058370676152	624
1653864058390607091	625
1653864058407269738	626
1653864058517308230	627
1653864058519542131	628
1653864058568624782	629
1653864058629444339	630
1653864058728971233	631
1653864058891181539	632
1653864058897193225	633
1653864058986574528	634
1653864059005315415	635
1653864059017106750	636
1653864059019028897	637
1653864059030843335	638
1653864059109288883	639
1653864059217723673	640
1653864059226466054	641
1653864059297050684	642
1653864059321556508	643
1653864059331189245	644
1653864059417197635	645
1653864059426070636	646
1653864059559118362	647
1653864059578116675	648
1653864059586223208	649
1653864059589093852	650
1653864059600922896	651
1653864059631813437	652
1653864059640058030	653
1653864059649797976	654
1653864059668286473	655
1653864059684019340	656
1653864059738269860	657
1653864059744815275	658
1653864059748191643	659
1653864059779140846	660
1653864059783334964	661
1653864059795137955	662
1653864059834222577	663
1653864059932876255	664
1653864059942078725	665
1653864059953140817	666
1653864059965178275	667
1653864059981186763	668
1653864060032178282	669
1653864060039356245	670
1653864060049601920	671
1653864060115487778	672
1653864060136134680	673
1653864060221207986	674
1653864060226997293	675
1653864060250716945	676
1653864060257137590	677
1653864060267314121	678
1653864060313190748	679
1653864060324261047	680
1653864060399464475	681
1653864060428584949	682
1653864060429187242	683
1653864060440094524	684
1653864060468326463	685
1653864060479887946	686
1653864060486252264	687
1653864060515223359	688
1653864060517265382	689
1653864060571169876	690
1653864060596142410	691
1653864060680900164	692
1653864060702258794	693
1653864060719275384	694
1653864060766154094	695
1653864060768954965	696
1653864060804787688	697
1653864060833178380	698
1653864060843209326	699
1653864060851245749	700
1653864060873180193	701
1653864060877216048	702
1653864060948398499	703
1653864060962132446	704
1653864060982424499	705
1653864060993160647	706
1653864061075086231	707
1653864061087895942	708
1653864061099877998	709
1653864061139740321	710
1653864061150206775	711
1653864061162285835	712
1653864061190477265	713
1653864061201553277	714
1653864061214708980	715
1653864061237689237	716
1653864061285148419	717
1653864061297360106	718
1653864061321002086	719
1653864061343211330	720
1653864061347853909	721
1653864061374625441	722
1653864061388254137	723
1653864061413866917	724
1653864061421589583	725
1653864061462364703	726
1653864061483049404	727
1653864061535199752	728
1653864061556669953	729
1653864061585091939	730
1653864061606553482	731
1653864061631568150	732
1653864061641310721	733
1653864061762276901	734
1653864061873499586	735
1653864061909881823	736
1653864061929261677	737
1653864061947205333	738
1653864061954202772	739
1653864061970529529	740
1653864062016227775	741
1653864062035261354	742
1653864062057127527	743
1653864062088485913	744
1653864062108448869	745
1653864062228362486	746
1653864062272662894	747
1653864062318085877	748
1653864062341752095	749
1653864062362612037	750
1653864062382280590	751
1653864062387426070	752
1653864062471412415	753
1653864062481402557	754
1653864062490345904	755
1653864062520417894	756
1653864062520417830	756
1653864062534339585	757
1653864062542339247	758
1653864062601665647	759
1653864062616293598	760
1653864062652375586	761
1653864062668707943	762
1653864062688417415	763
1653864062691288791	764
1653864062701577741	765
1653864062761321138	766
1653864062769401954	767
1653864062774332491	768
1653864062777939232	769
1653864062782558675	770
1653864062841570185	771
1653864062882802217	772
1653864062893462689	773
1653864062935913944	774
1653864062938373698	775
1653864062944529323	776
1653864062953808189	777
1653864063006381099	778
1653864063045026988	779
1653864063132449970	780
1653864063136772490	780
1653864063137409622	780
1653864063180494226	781
1653864063230420912	782
1653864063238135373	783
1653864063240849386	783
1653864063294260660	784
1653864063429706216	785
1653864063433229706	786
1653864063428561247	785
1653864063452754288	786
1653864063454826395	787
1653864063463300629	788
1653864063465808019	789
1653864063512429349	790
1653864063646443095	791
1653864063716395195	792
1653864063727377271	793
1653864063760417426	794
1653864063824332025	795
1653864063833801920	796
1653864063952157739	797
1653864063987934365	798
1653864064009509919	799
1653864064035042864	800
1653864064043883014	801
1653864064054465861	802
1653864064066409343	803
1653864064069993937	804
1653864064060464720	803
1653864064154147291	804
1653864064190194373	805
1653864064185430338	805
1653864064177498429	805
1653864064265130905	806
1653864064270200167	807
1653864064284465096	808
1653864064334465139	809
1653864064344603171	810
1653864064364439064	811
1653864064375908958	812
1653864064389238360	813
1653864064393893669	814
1653864064443919257	815
1653864064457599232	816
1653864064582513645	817
1653864064618825316	818
1653864064693973341	819
1653864064734475476	820
1653864064861881518	821
1653864064886978229	822
1653864064913834880	823
1653864064986489562	824
1653864065005454344	825
1653864065026133060	826
1653864065093510509	827
1653864065099468111	828
1653864065174466103	829
1653864065198480979	830
1653864065194517393	830
1653864065204171025	831
1653864065242754306	832
1653864065318439532	833
1653864065331208186	834
1653864065354718052	835
1653864065360808493	836
1653864065553055107	837
1653864065555606100	838
1653864065651490146	839
1653864065701611821	840
1653864065800023952	841
1653864065815765689	842
1653864065824427871	843
1653864065904874054	844
1653864065985558682	845
1653864066013458173	846
1653864066012484210	846
1653864066041518892	847
1653864066066562723	848
1653864066082869880	849
1653864066106927431	850
1653864066159934965	851
1653864066169462357	852
1653864066188628821	853
1653864066249661258	854
1653864066241547735	854
1653864066264882881	855
1653864066267244851	856
1653864066297531235	857
1653864066331685277	858
1653864066343971289	859
1653864066351594011	860
1653864066380997031	861
1653864066389624577	862
1653864066444318817	863
1653864066464234072	864
1653864066465586744	864
1653864066492626291	865
1653864066489565226	865
1653864066532022737	866
1653864066539226480	867
1653864066546491440	868
1653864066573975403	869
1653864066575177427	869
1653864066638273194	870
1653864066634553882	870
1653864066650517504	871
1653864066656956966	872
1653864066662539319	873
1653864066675788685	873
1653864066750559958	874
1653864066854834682	875
1653864066883739207	876
1653864066895777797	877
1653864067003548304	878
1653864067010579947	879
1653864067022557797	880
1653864067032573342	881
1653864067205564595	882
1653864067225562860	883
1653864067225565446	883
1653864067239519415	884
1653864067312584187	885
1653864067321849797	886
1653864067338065725	887
1653864067345809069	888
1653864067401541023	889
1653864067466372028	890
1653864067479875326	891
1653864067478577369	891
1653864067532488581	892
1653864067543468932	893
1653864067563089151	894
1653864067613472852	895
1653864067614595061	895
1653864067709325771	896
1653864067722043094	897
1653864067737526570	898
1653864067762912718	899
1653864067769605672	900
1653864067819673374	901
1653864067827531953	902
1653864067863555369	903
1653864067919625006	904
1653864067932592222	905
1653864067937130099	906
1653864067943705662	907
1653864067965045493	908
1653864067968497813	908
1653864067986957671	909
1653864068035189077	910
1653864068062385213	911
1653864068064564919	912
1653864068083357277	913
1653864068114806335	914
1653864068140720593	915
1653864068162693140	916
1653864068170523431	917
1653864068230424231	918
1653864068304520704	919
1653864068329432266	920
1653864068335429873	920
1653864068388609863	921
1653864068405532241	922
1653864068512584295	923
1653864068548523779	924
1653864068563593710	925
1653864068639968216	926
1653864068653803514	927
1653864068660456483	928
1653864068691569755	929
1653864068695924768	929
1653864068704879536	929
1653864068655483154	926
1653864068857964218	927
1653864068863581184	928
1653864068870252071	929
1653864068911698578	930
1653864068933930569	931
1653864068984945052	932
1653864069011938330	933
1653864069041662386	934
1653864069071683329	935
1653864069101677880	936
1653864069120668994	937
1653864069149257253	938
1653864069161628153	939
1653864069179806349	940
1653864069193706843	941
1653864069200620000	942
1653864069262522716	943
1653864069262601099	943
1653864069310611673	944
1653864069293621630	944
1653864069363928115	945
1653864069432577244	946
1653864069437126005	947
1653864069439617975	948
1653864069460656019	949
1653864069481826308	950
1653864069528229676	951
1653864069530296675	952
1653864069537703075	953
1653864069540366819	954
1653864069549378396	955
1653864069578731974	956
1653864069590497760	957
1653864069729507077	958
1653864069757081184	959
1653864069780150430	960
1653864069794408608	961
1653864069815725014	962
1653864069826062363	963
1653864069847926061	964
1653864069864913415	965
1653864069895819449	966
1653864069935958575	967
1653864069954881161	968
1653864069964750805	969
1653864069982858931	970
1653864069996606800	971
1653864070135206378	972
1653864070134622892	972
1653864070160557249	973
1653864070174572167	974
1653864070203758695	975
1653864070249809250	976
1653864070243146958	976
1653864070287734565	977
1653864070322880972	978
1653864070345874369	979
1653864070350074783	980
1653864070356781344	981
1653864070343036549	979
1653864070361933879	980
1653864070372735475	981
1653864070452925057	982
1653864070454901138	982
1653864070461213080	983
1653864070529949741	984
1653864070567999969	985
1653864070585901241	986
1653864070589394306	987
1653864070656592131	988
1653864070671730860	989
1653864070684058653	990
1653864070700100663	991
1653864070712721404	992
1653864070755792515	993
1653864070778094216	994
1653864070834768457	995
1653864070886917392	996
1653864070889415824	996
1653864070909102339	997
1653864070950465896	998
1653864070997947601	999
1653864071031947036	1000
1653864071055150929	1001
1653864071063742056	1002
1653864071084849314	1003
1653864071089470633	1004
1653864071143738987	1005
1653864071164769532	1006
1653864071230926559	1007
1653864071239866957	1008
1653864071260613945	1009
1653864071265802483	1010
1653864071273749331	1011
1653864071306897746	1012
1653864071382377823	1013
1653864071392511188	1014
1653864071394720468	1015
1653864071373504815	1013
1653864071470089263	1014
1653864071488369025	1015
1653864071495344051	1016
1653864071470603780	1015
1653864071544989349	1016
1653864071582056059	1017
1653864071622586481	1018
1653864071629997571	1019
1653864071635449438	1020
1653864071701363920	1021
1653864071728878755	1022
1653864071726220698	1022
1653864071757430063	1023
1653864071781399765	1024
1653864071783614855	1025
1653864071801001106	1026
1653864071848925507	1027
1653864071871445989	1028
1653864071907142164	1029
1653864071917958522	1030
1653864071941027238	1031
1653864071943527712	1031
1653864071982373695	1032
1653864071992684474	1033
1653864071999908203	1032
1653864072047803770	1033
1653864072086800341	1034
1653864072125814499	1035
1653864072176880701	1036
1653864072180806741	1036
1653864072178473941	1036
1653864072205909246	1037
1653864072241856154	1038
1653864072258069818	1039
1653864072263031098	1040
1653864072311893884	1041
1653864072340656937	1042
1653864072389455364	1043
1653864072408230210	1044
1653864072436004196	1045
1653864072471995215	1046
1653864072517051167	1047
1653864072527565666	1048
1653864072548921111	1049
1653864072583037423	1050
1653864072592158743	1051
1653864072662778949	1052
1653864072697185438	1053
1653864072701911005	1053
1653864072745461805	1054
1653864072751557794	1055
1653864072759520060	1056
1653864072781454348	1057
1653864072829214692	1058
1653864072847119383	1059
1653864072898052936	1060
1653864072908152032	1061
1653864072937912870	1062
1653864072984138593	1063
1653864073015861353	1064
1653864073028929388	1065
1653864073090295021	1066
1653864073105854679	1067
1653864073149164505	1068
1653864073152678440	1068
1653864073173957842	1069
1653864073182958687	1070
1653864073217868463	1071
1653864073248967503	1072
1653864073302166414	1073
1653864073314062598	1074
1653864073341855631	1075
1653864073329594589	1075
1653864073366760330	1076
1653864073379557459	1077
1653864073400065595	1078
1653864073436203986	1079
1653864073460047882	1080
1653864073471208178	1081
1653864073505056501	1082
1653864073562843813	1083
1653864073603587257	1084
1653864073607091724	1085
1653864073617074391	1086
1653864073710068287	1087
1653864073776037781	1088
1653864073798319979	1089
1653864073819671027	1090
1653864073857541875	1091
1653864073872908636	1092
1653864073941953931	1093
1653864073951066041	1094
1653864074045190617	1095
1653864074051038969	1096
1653864074059897807	1097
1653864074095768006	1098
1653864074124890710	1099
1653864074136782870	1100
1653864074160210237	1101
1653864074226361212	1102
1653864074264976168	1103
1653864074324078606	1104
1653864074336914015	1105
1653864074365963309	1106
1653864074403982904	1107
1653864074491288783	1108
1653864074509031204	1109
1653864074512961761	1110
1653864074532357886	1111
1653864074560659171	1112
1653864074681084057	1113
1653864074687260910	1114
1653864074692440191	1115
1653864074698031589	1116
1653864074814473829	1117
1653864074900070344	1118
1653864074920318583	1119
1653864074929392816	1120
1653864075029881814	1121
1653864075312054234	1122
1653864075321863285	1123
1653864075400948517	1124
1653864075472109368	1125
1653864075502617523	1126
1653864075521904665	1127
1653864075524802160	1128
1653864075785143688	1129
1653864075791286513	1130
1653864075893030255	1131
1653864075896431269	1132
1653864075907449947	1133
1653864075946050908	1134
1653864076083196858	1135
1653864076128539654	1136
1653864076249968181	1137
1653864076280553507	1138
1653864076287322717	1139
1653864076395816777	1140
1653864076434904362	1141
1653864076553069498	1142
1653864076572049973	1143
1653864076716041438	1144
1653864076723026694	1145
1653864076851947714	1146
1653864076856214829	1147
1653864076997242527	1148
1653864077061723850	1149
1653864077066142081	1150
1653864077208154054	1151
1653864077270065880	1152
1653864077407502927	1153
1653864077497985512	1154
1653864077607312351	1155
1653864077698078921	1156
1653864077728344457	1157
1653864077741761235	1158
1653864077775039936	1159
1653864077824342840	1160
1653864077907912169	1161
1653864078003225559	1162
1653864078111622984	1163
1653864078134986970	1164
1653864078135875819	1164
1653864078142795298	1165
1653864078198124778	1166
1653864078209127476	1167
1653864078221117724	1168
1653864078233736792	1169
1653864078262971298	1170
1653864078308283773	1171
1653864078318088486	1172
1653864078398976834	1173
1653864078428579882	1174
1653864078495607289	1175
1653864078498221402	1176
1653864078599314911	1177
1653864078632978391	1178
1653864078637156252	1179
1653864078631185985	1178
1653864078639050013	1179
1653864078681269762	1180
1653864078694756416	1181
1653864078731359846	1182
1653864078731519602	1182
1653864078740230735	1183
1653864078744081807	1184
1653864078787456071	1185
1653864078937605678	1186
1653864079005099419	1187
1653864079008109406	1188
1653864079040657771	1189
1653864079188471464	1190
1653864079193377506	1191
1653864079197981618	1192
1653864079233892186	1193
1653864079368156959	1194
1653864079398451076	1195
1653864079393479129	1195
1653864079428159219	1196
1653864079438249879	1197
1653864079446430647	1198
1653864079462045688	1199
1653864079492709965	1200
1653864079538538104	1201
1653864079545775301	1201
1653864079564325056	1202
1653864079572005382	1203
1653864079575308968	1204
1653864079590548662	1205
1653864079596241827	1206
1653864079584586805	1205
1653864079671256763	1206
1653864079679848851	1207
1653864079770109311	1208
1653864079792245105	1209
1653864079804982067	1210
1653864079897101311	1211
1653864079978605826	1212
1653864080011513651	1213
1653864080034972949	1214
1653864080197307413	1215
1653864080206891510	1216
1653864080222986568	1217
1653864080225163802	1218
1653864080232063861	1219
1653864080247553847	1220
1653864080270016059	1221
1653864080311202453	1222
1653864080327774883	1223
1653864080333093752	1224
1653864080374135673	1225
1653864080426747304	1226
1653864080455027074	1227
1653864080472111154	1228
1653864080472095279	1228
1653864080495942866	1229
1653864080557175653	1230
1653864080573294495	1231
1653864080636834214	1232
1653864080657746703	1233
1653864080700148733	1234
1653864080708039463	1235
1653864080714304895	1236
1653864080763737762	1237
1653864080841188966	1238
1653864080856978044	1239
1653864080882891990	1240
1653864080900719493	1241
1653864080926683605	1242
1653864080960522665	1243
1653864080978262538	1244
1653864080991189129	1245
1653864080997802103	1246
1653864081032170670	1247
1653864081055510367	1248
1653864081066219865	1249
1653864081068608834	1250
1653864081104627693	1251
1653864081221204196	1252
1653864081240207531	1253
1653864081245181318	1254
1653864081285778719	1255
1653864081298014326	1256
1653864081417712201	1257
1653864081422239904	1258
1653864081462220428	1259
1653864081475252111	1260
1653864081593360523	1261
1653864081599567205	1262
1653864081683433200	1263
1653864081695339196	1264
1653864081734578819	1265
1653864081737051593	1266
1653864081740283050	1267
1653864081744982978	1268
1653864081762247998	1269
1653864081869364886	1270
1653864081946260097	1271
1653864081973183694	1272
1653864082116739625	1273
1653864082121266500	1274
1653864082126313193	1275
1653864082195487778	1276
1653864082214321195	1277
1653864082276175319	1278
1653864082330455902	1279
1653864082334652119	1280
1653864082337224583	1281
1653864082362550372	1282
1653864082430883257	1283
1653864082519330997	1284
1653864082536534644	1285
