1653864025470834761 1
1653864025769975841 2
1653864025884112771 3
1653864025905964411 4
1653864027486471632 5
1653864027678570722 6
1653864029069350163 7
1653864029193439245 8
1653864030688046080 9
1653864030773744645 10
1653864031899524687 11
1653864032606125612 12
1653864032788533966 13
1653864033085397257 14
1653864034002664167 15
1653864034299359064 16
1653864035592512167 17
1653864035805397421 18
1653864037292613073 19
1653864038298617416 20
1653864039097655216 21
1653864039769687137 22
1653864041000665207 23
1653864041883410494 24
1653864042799567991 25
1653864043902735988 26
1653864045003471558 27
1653864046079439172 28
1653864047400435682 29
1653864047700007350 30
1653864048177665518 31
1653864049205555929 32
1653864050297575218 33
1653864050800541604 34
1653864051793481393 35
1653864052503138029 36
1653864053383449315 37
1653864054484665959 38
1653864055200690260 39
1653864055494873284 40
1653864056075095607 41
1653864056875988194 42
1653864057570960806 43
1653864057981586231 44
1653864058674663968 45
1653864058875545534 46
1653864059484603569 47
1653864060069605366 48
1653864060769522630 49
1653864061096513313 50
1653864061498140810 51
1653864061986666432 52
1653864062691511395 53
1653864063486079572 54
1653864064271211003 55
1653864064487022839 56
1653864064997627024 57
1653864065273500058 58
1653864065509819250 59
1653864066307644124 60
1653864066490715425 61
1653864067386522939 62
1653864068086610029 63
1653864069469559375 64
1653864070069958822 65
1653864070500652175 66
1653864070996049255 67
1653864072969782519 68
1653864073599089113 69
1653864074085660304 70
1653864074587396149 71
1653864074996906347 72
1653864075385694736 73
1653864076002728195 74
1653864076170250505 75
1653864076500615993 76
1653864077173411275 77
1653864077274665121 78
1653864078106135878 79
1653864079180180313 80
