1655525026724001413 0
1655525027725182911 0
1655525028726309654 0
1655525029727433730 0
1655525030728557419 0
1655525031729691719 0
1655525032730818570 0
1655525033731953605 0
1655525034733095402 0
1655525035734230226 62
1655525036735373528 120
1655525037736490872 114
1655525038737614840 110
1655525039738737308 120
1655525040739859689 120
1655525041740975273 119
1655525042742098603 113
1655525043743221137 116
1655525044744349675 118
1655525045745472002 115
1655525046746596978 115
1655525047747724299 120
1655525048748850442 120
1655525049749975272 120
1655525050751092728 111
1655525051752217594 115
1655525052753341022 115
1655525053754467386 120
1655525054755593586 115
1655525055756717097 120
1655525056757847647 120
1655525057759024447 119
1655525058760155711 110
1655525059761280913 117
1655525060762403610 115
1655525061763525704 120
1655525062764652655 115
1655525063765778597 120
1655525064766891850 120
1655525065768010137 117
1655525066769134598 112
1655525067770257255 117
1655525068771374046 115
1655525069772496621 120
1655525070773621232 115
1655525071774737215 120
1655525072775863001 120
1655525073776986447 113
1655525074778108792 116
1655525075779232033 117
1655525076780358663 115
1655525077781479355 120
1655525078782607475 115
1655525079783731995 120
1655525080784853755 117
1655525081785992309 116
1655525082787115510 116
1655525083788236454 117
1655525084789363518 115
1655525085790486710 120
1655525086791609796 115
1655525087792733967 120
1655525088793850834 113
1655525089794978461 120
1655525090796098315 116
1655525091797220317 112
1655525092798342048 120
1655525093799464591 120
1655525094800587896 115
1655525095801707509 119
1655525096802831201 114
1655525097803958770 120
1655525098805075059 114
1655525099806200785 114
1655525100807338183 120
1655525101808470289 120
1655525102809602948 115
1655525103810723551 117
1655525104811847264 116
1655525105812974225 120
1655525106814091781 112
1655525107815219863 116
1655525108816339412 120
1655525109817459390 119
1655525110818600067 116
1655525111819724551 117
1655525112820846421 116
1655525113821972836 120
1655525114823065947 110
1655525115824202423 118
1655525116825324575 120
1655525117826468442 119
1655525118827591004 116
1655525119828717421 117
1655525120829843286 116
1655525121830966389 120
1655525122832082449 109
1655525123833226327 119
1655525124834345686 120
1655525125835472249 27