1655406879799670931 117
1655406880800838559 115
1655406881801993443 117
1655406882803137372 120
1655406883804249603 120
1655406884805422745 104
1655406885806669517 120
1655406886807835156 120
1655406887809007578 116
1655406888810177585 116
1655406889811336854 120
1655406890812463404 120
1655406891813645236 107
1655406892814800973 117
1655406893815920793 120
1655406894817087009 120
1655406895818225558 112
1655406896819400153 120
1655406897820560132 120
1655406898821664595 111
1655406899822804636 113
1655406900823913224 120
1655406901825081961 120
1655406902826258381 116
1655406903826506977 116
1655406904827618088 118
1655406905828763910 118
1655406906829922332 108
1655406907830441279 120
1655406908830664536 120
1655406909831841841 118
1655406910833072964 114
1655406911834305913 120
1655406912835503665 118
1655406913836641921 109
1655406914837866755 117
1655406915839083491 120
1655406916840318878 120
1655406917841440973 113
1655406918842469088 119
1655406919843721159 115
1655406920844935706 113
1655406921846157240 116
1655406922846457676 120
1655406923847161720 120
1655406924848393274 117
1655406925849621069 115
1655406926850546399 120
1655406927851766135 108
1655406928852995331 117
1655406929854224621 119
1655406930855532132 120
1655406931856740636 118
1655406932857955995 114
1655406933858498740 120
1655406934859730712 113
1655406935860987715 115
1655406936862172599 116
1655406937863401443 120
1655406938864625174 118
1655406939865826630 119
1655406940867053550 113
1655406941868240285 118
1655406942869457566 112
1655406943870678022 117
1655406944871906097 119
1655406945873122099 120
1655406946874381153 116
1655406947874578727 114
1655406948875794686 120
1655406949876998553 112
1655406950878231188 118
1655406951879508670 116
1655406952880713174 120
1655406953881927286 120
1655406954882558474 113
1655406955883658275 117
1655406956884904171 116
1655406957886100293 114
1655406958886490495 116
1655406959887717924 120
1655406960888944177 120
1655406961890166964 115
1655406962890437168 115
1655406963891558119 120
1655406964892774182 111
1655406965893990333 117
1655406966895292448 118
1655406967896512494 120