1655507436666989544 0
1655507437668162929 0
1655507438669294756 0
1655507439670307514 0
1655507440671445091 0
1655507441672566952 0
1655507442673691708 0
1655507443674817143 0
1655507444675941406 0
1655507445677064459 16
1655507446678187593 20
1655507447678566635 20
1655507448679697761 19
1655507449680827756 20
1655507450681947923 20
1655507451682306090 17
1655507452683429820 20
1655507453684555562 20
1655507454685682881 20
1655507455686305252 20
1655507456687439353 19
1655507457688560337 20
1655507458689683977 19
1655507459690805995 18
1655507460691928063 20
1655507461693052862 20
1655507462694172641 20
1655507463695309259 20
1655507464696432329 19
1655507465697555641 20
1655507466698698198 17
1655507467699831346 20
1655507468700954288 20
1655507469702077218 20
1655507470703201924 20
1655507471704324950 20
1655507472705450872 19
1655507473706298669 18
1655507474707027561 19
1655507475708153517 20
1655507476709275965 20
1655507477710400328 20
1655507478711527663 20
1655507479712648998 20
1655507480713766962 19
1655507481714887099 17
1655507482716009791 20
1655507483717125371 20
1655507484718244957 20
1655507485719367987 20
1655507486720486464 20
1655507487721614554 20
1655507488722277201 16
1655507489723399363 20
1655507490724519669 20
1655507491725636769 20
1655507492726717530 20
1655507493727845643 20
1655507494728973470 20
1655507495730110536 19
1655507496731235971 17
1655507497732362823 20
1655507498733484460 20
1655507499734611128 20
1655507500735741591 20
1655507501736868330 20
1655507502737995870 20
1655507503739178968 17
1655507504740310216 19
1655507505741432086 20
1655507506742547340 20
1655507507743667566 20
1655507508744786530 20
1655507509745907169 20
1655507510747026982 20
1655507511748110844 16
1655507512749235261 20
1655507513750360773 20
1655507514751486162 20
1655507515752608851 20
1655507516753736966 20
1655507517754863022 20
1655507518755963929 20
1655507519757088034 16
1655507520758245578 20
1655507521759366686 20
1655507522760485268 20
1655507523761604569 20
1655507524762729135 20
1655507525763854448 20
1655507526765007699 18
1655507527766123054 18
1655507528767248176 20
1655507529768377135 20
1655507530769502378 20
1655507531770623202 20
1655507532771740159 20
1655507533772861580 20
1655507534773984518 17
1655507535775101243 3