1655405925706352808 20
1655405926707590296 18
1655405927708821700 20
1655405928710061593 20
1655405929711281024 20
1655405930712492628 18
1655405931713702338 20
1655405932714921871 20
1655405933716155853 19
1655405934717370759 19
1655405935718597633 20
1655405936719824508 20
1655405937720909966 19
1655405938722154761 19
1655405939723377622 20
1655405940724592557 20
1655405941725816737 18
1655405942727031741 20
1655405943728247738 20
1655405944729467192 20
1655405945730680950 18
1655405946731902226 20
1655405947733088505 20
1655405948734299055 20
1655405949735514538 18
1655405950736728949 20
1655405951737942879 20
1655405952739183818 19
1655405953740401750 19
1655405954741621310 20
1655405955742841164 20
1655405956744131492 18
1655405957745360356 20
1655405958746438826 20
1655405959747617506 20
1655405960748870240 18
1655405961750095005 20
1655405962751314359 20
1655405963752519902 20
1655405964753739459 18
1655405965754955093 20
1655405966756185088 20
1655405967757415276 18
1655405968758645607 20
1655405969759877694 20
1655405970761099457 20
1655405971762383238 20
1655405972763596897 18
1655405973764811728 20
1655405974766032113 18
1655405975767252245 20
1655405976768484613 20
1655405977769714462 20
1655405978770904683 20
1655405979772118943 18
1655405980772473566 20
1655405981773726363 20
1655405982774944089 18
1655405983776165690 20
1655405984777379499 20
1655405985778580595 20
1655405986779806285 20
1655405987781031289 18
1655405988782301971 20
1655405989783517239 18
1655405990784720334 20
1655405991785942649 20
1655405992787157338 20
1655405993788372889 20
1655405994789478989 18
1655405995790419711 20
1655405996791613663 20
1655405997792839405 18
1655405998794071338 20
1655405999795301200 20
1655406000796513970 20
1655406001797726822 20
1655406002798957766 18
1655406003800167665 20
1655406004801380382 18
1655406005802605980 20
1655406006803824770 20
1655406007805050967 20
1655406008806289744 20
1655406009807515723 20