1655407241820364394 126
1655407242821539056 194
1655407243822716839 210
1655407244823811958 209
1655407245824376565 194
1655407246825613624 206
1655407247826860217 208
1655407248828075065 208
1655407249829254904 193
1655407250830498758 208
1655407251831692210 210
1655407252832304575 195
1655407253833476070 206
1655407254834630342 208
1655407255835806092 205
1655407256837033967 196
1655407257838210187 209
1655407258839461352 209
1655407259840251281 199
1655407260840403697 204
1655407261841649966 206
1655407262842838540 209
1655407263843926884 194
1655407264845133065 208
1655407265846376143 206
1655407266847630731 204
1655407267848388698 201
1655407268849631775 208
1655407269850880138 206
1655407270852090236 198
1655407271853335864 205
1655407272854616631 205
1655407273855850065 206
1655407274856403104 203
1655407275857604374 206
1655407276858833453 206
1655407277860081332 201
1655407278860354989 202
1655407279861551116 206
1655407280862766696 208
1655407281863888495 205
1655407282864312809 198
1655407283865506451 208
1655407284866700693 207
1655407285867931389 197
1655407286868399947 209
1655407287869607126 204
1655407288870718496 208
1655407289871944015 196
1655407290872378149 209
1655407291873582434 206
1655407292874783110 196
1655407293875983901 209
1655407294877216912 204
1655407295878419645 210
1655407296879707412 195
1655407297880486065 208
1655407298881688930 207
1655407299882833506 197
1655407300884075203 207
1655407301884199944 206
1655407302884347441 207
1655407303885438924 195
1655407304886670396 209
1655407305887874798 207
1655407306888473815 197
1655407307889650482 207
1655407308890875446 205
1655407309892129556 204
1655407310893436654 199
1655407311894670784 210
1655407312895912026 206
1655407313896429226 199
1655407314897632711 206
1655407315898840071 204
1655407316900097701 208
1655407317900368142 195
1655407318901625687 210
1655407319902863539 208
1655407320904011843 198
1655407321904412700 202
1655407322905655759 207
1655407323906824423 210
1655407324908072901 195
1655407325908351583 208
1655407326908458701 208
1655407327909114401 200
1655407328910285140 200
1655407329911455136 200