1655407481408043251 150
1655407482408270720 230
1655407483408480489 229
1655407484409719184 233
1655407485410924592 231
1655407486412256359 231
1655407487413279001 235
1655407488414479286 235
1655407489415737228 230
1655407490416404424 232
1655407491417646800 238
1655407492418804754 231
1655407493420037330 229
1655407494420347612 236
1655407495421562181 237
1655407496422779228 229
1655407497424017392 233
1655407498425253867 237
1655407499426466406 234
1655407500427636908 228
1655407501428484728 235
1655407502429758944 238
1655407503430933659 228
1655407504432246604 233
1655407505432347589 237
1655407506433438663 236
1655407507434577198 230
1655407508435269530 232
1655407509436461409 234
1655407510437690928 232
1655407511438943133 232
1655407512440236641 233
1655407513441487143 238
1655407514442723106 234
1655407515444008495 229
1655407516445249217 234
1655407517446492763 236
1655407518447750483 232
1655407519448965757 233
1655407520450192966 235
1655407521451435329 233
1655407522452654186 230
1655407523453942065 235
1655407524455196306 237
1655407525456401683 234
1655407526457672559 226
1655407527458920229 233
1655407528460237000 235
1655407529461485444 236
1655407530462725380 229
1655407531463975145 234
1655407532465020159 237
1655407533466231315 229
1655407534467460518 232
1655407535468663644 234
1655407536469817029 235
1655407537471021236 230
1655407538472269008 236
1655407539473483882 235
1655407540474673269 232
1655407541475907750 232
1655407542477131042 234
1655407543478314876 233
1655407544479574058 233
1655407545480429310 235
1655407546481679104 235
1655407547482898341 231
1655407548484097676 233
1655407549485309900 234
1655407550486519626 233
1655407551487767546 234
1655407552489002231 235
1655407553490206274 234
1655407554491446156 230
1655407555492439320 236
1655407556493678622 232
1655407557494930010 231
1655407558496228281 237
1655407559496932082 232
1655407560498141201 235
1655407561499264032 231
1655407562500343413 235
1655407563501537615 233
1655407564502658123 230
1655407565503879855 236
1655407566504276608 235
1655407567505483125 234
1655407568506733294 230
1655407569507974644 236