1655407600899827932 87
1655407601901056020 190
1655407602902219453 203
1655407603903305379 203
1655407604904532582 214
1655407605905754805 215
1655407606906412550 196
1655407607907528713 214
1655407608908743339 214
1655407609909830517 205
1655407610911049152 203
1655407611912280743 214
1655407612913498185 215
1655407613914685956 202
1655407614915908690 209
1655407615917104299 214
1655407616918413514 210
1655407617919635032 199
1655407618920874734 214
1655407619922066771 214
1655407620922596658 207
1655407621923827584 204
1655407622925047148 214
1655407623926184924 212
1655407624927385443 201
1655407625928613011 210
1655407626929830786 214
1655407627930517415 212
1655407628931661209 201
1655407629932878542 212
1655407630934012516 214
1655407631935160304 203
1655407632936375144 206
1655407633937602679 214
1655407634938375687 213
1655407635939626380 201
1655407636940843961 211
1655407637942076466 212
1655407638942540755 205
1655407639943769000 208
1655407640944987888 213
1655407641946199419 214
1655407642946328641 203
1655407643947560834 207
1655407644948780329 213
1655407645950067157 208
1655407646950295333 204
1655407647951521350 213
1655407648951842171 214
1655407649953066869 203
1655407650954301340 208
1655407651954509489 212
1655407652955639840 212
1655407653956853581 203
1655407654958072874 210
1655407655958566815 215
1655407656959798543 205
1655407657960953090 205
1655407658962150263 213
1655407659963379451 214
1655407660964596325 203
1655407661965826561 207
1655407662966523532 214
1655407663967714076 206
1655407664968924193 209
1655407665970159832 211
1655407666970574822 212
1655407667971732922 206
1655407668972911558 206
1655407669974134464 213
1655407670975377694 205
1655407671976613190 210
1655407672977829138 210
1655407673978581189 210
1655407674979801352 208
1655407675981079615 210
1655407676982295026 209
1655407677983465696 208
1655407678984655296 211
1655407679985886485 206
1655407680986445155 210
1655407681987708302 211
1655407682988913074 212
1655407683990123145 204
1655407684990460943 211
1655407685990588620 208
1655407686991768745 208
1655407687992986613 208
1655407688994200018 214