1655409673508949761 85
1655409674510186189 233
1655409675511399337 316
1655409676512319746 297
1655409677513456634 308
1655409678514704590 318
1655409679515923131 320
1655409680517209735 302
1655409681518496703 312
1655409682519723582 319
1655409683520960324 304
1655409684522249441 302
1655409685523474593 317
1655409686524413948 320
1655409687525563790 301
1655409688526688388 312
1655409689527867686 316
1655409690529084238 315
1655409691530210174 298
1655409692531339780 314
1655409693532515316 318
1655409694533712997 312
1655409695534886197 301
1655409696536076566 317
1655409697536334185 310
1655409698537565767 311
1655409699538710878 308
1655409700539853875 318
1655409701540316169 308
1655409702540466534 305
1655409703541673555 316
1655409704542904744 313
1655409705544136711 311
1655409706545410410 306
1655409707546625187 318
1655409708547704278 311
1655409709548928461 300
1655409710550161835 318
1655409711551359147 315
1655409712552362007 306
1655409713553665553 308
1655409714554906631 312
1655409715556107091 298
1655409716557334624 308
1655409717558578935 320
1655409718559803535 312
1655409719560350026 312
1655409720561549479 308
1655409721562786423 312
1655409722563880218 308
1655409723564313532 306
1655409724564463044 318
1655409725565653436 312
1655409726566806149 314
1655409727568035909 308
1655409728568502848 312
1655409729569738639 307
1655409730571018635 305
1655409731572201179 318
1655409732573276628 313
1655409733574453225 313
1655409734575702952 310
1655409735576356819 312
1655409736577447731 310
1655409737578697458 298
1655409738579939019 320
1655409739580211308 313
1655409740581468232 313
1655409741582702550 309
1655409742583909143 317
1655409743584390595 299
1655409744585624891 306
1655409745586870923 319
1655409746588080724 315
1655409747588442785 309
1655409748589640353 311
1655409749590849607 319
1655409750592098547 295
1655409751592401580 309
1655409752593598106 318
1655409753594801756 315
1655409754596024795 310
1655409755596477419 312
1655409756597571250 314
1655409757598822010 300
1655409758600082907 310
1655409759601301162 314
1655409760602491033 317
1655409761603705476 308