1655408802187201688 91
1655408803188410610 274
1655408804189620636 343
1655408805190625488 347
1655408806191828944 356
1655408807192957199 343
1655408808194096153 351
1655408809194400178 354
1655408810195512606 351
1655408811196672524 345
1655408812197814308 353
1655408813198435618 352
1655408814199609850 345
1655408815200794525 348
1655408816201946392 357
1655408817202441928 349
1655408818203543929 348
1655408819204712073 350
1655408820205862324 354
1655408821206383394 345
1655408822207551943 347
1655408823208664299 354
1655408824209829555 350
1655408825211021570 351
1655408826212172445 349
1655408827213329418 349
1655408828214487912 342
1655408829215636820 350
1655408830216747910 355
1655408831217899209 352
1655408832218540277 347
1655408833219772642 350
1655408834220970007 355
1655408835222153379 341
1655408836223383457 348
1655408837224606051 358
1655408838225820752 351
1655408839226993422 349
1655408840228227564 350
1655408841229429472 354
1655408842230514080 341
1655408843231751111 347
1655408844232412334 358
1655408845233666022 350
1655408846234544367 351
1655408847235767796 349
1655408848236921883 353
1655408849238062170 344
1655408850238408838 343
1655408851239593838 358
1655408852240819771 349
1655408853242001783 355
1655408854242308675 349
1655408855242518874 355
1655408856243722138 345
1655408857244916551 340
1655408858246075386 356
1655408859246551735 332
1655408860247731946 355
1655408861248902390 345
1655408862250111559 352
1655408863250432934 344
1655408864251596561 347
1655408865252762624 354
1655408866252980063 352
1655408867254193222 350
1655408868255306153 356
1655408869256498265 351
1655408870257722238 336
1655408871258389945 350
1655408872258498009 353
1655408873259604578 355
1655408874260794226 348
1655408875262020026 352
1655408876263213636 354
1655408877264402493 337
1655408878265522317 351
1655408879266754460 351
1655408880267983571 356
1655408881269154351 351
1655408882270431777 351
1655408883271638869 351
1655408884272933667 341
1655408885274160040 354
1655408886275374216 344
1655408887276454915 358
1655408888277719601 354
1655408889278469716 349
1655408890279654431 348