1655406045229358930 40
1655406046230614466 40
1655406047231807512 35
1655406048233046565 40
1655406049234284854 40
1655406050235532337 40
1655406051236770806 37
1655406052238007060 40
1655406053239242248 40
1655406054240473097 35
1655406055241667637 40
1655406056242896193 40
1655406057244110370 40
1655406058245347146 37
1655406059246583079 40
1655406060247833727 40
1655406061249072847 37
1655406062250319470 38
1655406063251560953 40
1655406064252796211 40
1655406065252977111 37
1655406066254214992 40
1655406067255445905 40
1655406068256379998 40
1655406069257577304 35
1655406070258818163 40
1655406071259153124 40
1655406072260324353 40
1655406073261563583 37
1655406074262798127 40
1655406075264047670 40
1655406076265283985 35
1655406077265599438 40
1655406078266762988 40
1655406079267934656 40
1655406080268279458 37
1655406081269463342 40
1655406082270590782 40
1655406083271759527 37
1655406084272284837 38
1655406085273410104 40
1655406086274581668 40
1655406087275713324 38
1655406088276880106 39
1655406089278056706 40
1655406090279245694 38
1655406091280443186 37
1655406092281583579 40
1655406093282787800 40
1655406094283969954 40
1655406095285158602 37
1655406096286330636 40
1655406097287513304 40
1655406098288695285 37
1655406099289877694 38
1655406100291051676 40
1655406101292332449 40
1655406102293452193 37
1655406103294687695 40
1655406104295854195 40
1655406105296390497 38
1655406106297505459 37
1655406107297655846 40
1655406108298820837 40
1655406109299979553 38
1655406110301125633 39
1655406111302358389 40
1655406112303517627 39
1655406113304320687 37
1655406114305527697 39
1655406115306696354 40
1655406116307772846 38
1655406117309021549 39
1655406118310227099 40
1655406119311331350 40
1655406120312373673 37
1655406121313491380 38
1655406122314674259 40
1655406123315808033 40
1655406124316201219 37
1655406125316461853 40
1655406126317648874 40
1655406127318816839 40
1655406128320030154 36
1655406129321337894 39