1655406160308037162 40
1655406161309198282 36
1655406162310503934 39
1655406163311602493 40
1655406164312710654 40
1655406165313868420 37
1655406166315029613 40
1655406167316123273 40
1655406168317331899 39
1655406169318559067 36
1655406170319779019 40
1655406171320989342 40
1655406172322258242 39
1655406173323502441 38
1655406174324716239 40
1655406175325936176 40
1655406176327252455 36
1655406177328431632 39
1655406178329652818 40
1655406179330879863 40
1655406180332096589 38
1655406181333288043 39
1655406182334567682 40
1655406183335780822 40
1655406184336997127 36
1655406185338224226 39
1655406186338439087 40
1655406187339611738 40
1655406188340841495 37
1655406189342047491 40
1655406190342498065 40
1655406191343715455 36
1655406192344927311 39
1655406193346145835 40
1655406194347355241 40
1655406195348571769 39
1655406196349807828 38
1655406197350444151 40
1655406198351685749 40
1655406199352894286 36
1655406200354115952 39
1655406201355330601 40
1655406202356536720 40
1655406203357381513 38
1655406204358601457 39
1655406205359790517 40
1655406206361004236 36
1655406207362224137 39
1655406208363462957 40
1655406209364690131 40
1655406210365910015 40
1655406211366444599 37
1655406212367639563 40
1655406213368841279 40
1655406214370064013 36
1655406215371283200 39
1655406216372512679 40
1655406217373728894 40
1655406218374894021 38
1655406219376120668 39
1655406220377344059 40
1655406221378481113 37
1655406222379778491 39
1655406223380945242 39
1655406224382168492 40
1655406225383389346 40
1655406226384617687 37
1655406227385845502 40
1655406228386362261 39
1655406229387582638 37
1655406230388814634 39
1655406231390038990 40
1655406232390440867 40
1655406233391661591 38
1655406234392895872 39
1655406235394111969 40
1655406236395361017 37
1655406237396582013 39
1655406238397752121 39
1655406239398969326 40
1655406240400177110 40
1655406241401375886 37
1655406242402436022 40
1655406243403630793 37
1655406244404844892 39
1655406245406006876 39
1655406246407244607 40
1655406247408466807 40
1655406248409544421 37