1655400946033691328 155263482
1655400946239644489 5526487
1655400946445413051 5375517
1655400946651248261 5460391
1655400946857352389 5715967
1655400947062942487 5217756
1655400947268509258 5163576
1655400947474103214 5211114
1655400947679847959 5376701
1655400947885733839 5510973
1655400948091481935 5362831
1655400948297038568 5181461
1655400948502533833 5129869
1655400948708200743 5281034
1655400948913897006 5328867
1655400949120082876 5800599
1655400949325842165 5381514
1655400949531616380 5402987
1655400949737480430 5479835
1655400949943523185 5692949
1655400950149314482 5413934
1655400950354983752 5293849
1655400950560526724 5174028
1655400950766206267 5305524
1655400950972049528 5468141
1655400951177862988 5426049
1655400951383495994 5249788
1655400951589162106 5298265
1655400951795101860 5566952
1655400952001120362 5722990
1655400952206718387 5267478
1655400952412404515 5303088
1655400952617992274 5221384
1655400952823633935 5270784
1655400953029976134 5968317
1655400953235641289 5260075
1655400953441275282 5258981
1655400953646813640 5171945
1655400953852468383 5289027
1655400954058132996 5274320
1655400954264052519 5544816
1655400954469746332 5405063
1655400954675588992 5464077
1655400954881167504 5264706
1655400955086808543 5310910
1655400955292584932 5403212
1655400955498227194 5276616
1655400955703907896 5356137
1655400955909735341 5440684
1655400956115103609 4993251
1655400956320846934 5370294
1655400956526717488 5428869
1655400956732560732 5408927
1655400956938344796 5288574
1655400957144166176 5446917
1655400957349838070 5284721
1655400957555613986 5404588
1655400957761391974 5409109
1655400957967323304 5563664
1655400958173277609 5580230
1655400958378883512 5229445
1655400958584577225 5319716
1655400958790124779 5179679
1655400958995572223 5185807
1655400959201386626 5409597
1655400959407260370 5471331
1655400959613602181 5950498
1655400959819427467 5477677
1655400960025768576 5868571
1655400960231812554 5620556
1655400960437872751 5614657
1655400960643619295 5299804
1655400960849201009 5144190
1655400961055436432 5808161
1655400961261333242 5517021
1655400961467076057 5360474
1655400961672926874 5541500
1655400961879498251 6251697
1655400962085338104 5461666
1655400962291360152 5673675
1655400962497161036 5411596
1655400962702629555 5136916
1655400962908211379 5204677
1655400963114056184 5469234
1655400963319813565 5321035
1655400963525503545 5238515
1655400963731006418 5072464
1655400963936804475 5357091
1655400964142260373 5262618
1655400964348013706 5311318
1655400964553722080 5260864
1655400964759427187 5259470
1655400964965236630 5374069
1655400965171113522 5423869
1655400965376930181 5369427
1655400965582702434 5315077
1655400965788437645 5288949
1655400965994314360 5420172
1655400966200047972 5283448
1655400966405806290 5311293
1655400966611472633 5169802
1655400966817193964 5278506
1655400967022930079 5292135
1655400967228678663 5301972
1655400967434152607 5047136
1655400967639852233 5251470
1655400967845614562 5320622
1655400968051650219 5587384
1655400968257554648 5456278
1655400968463301343 5295504
1655400968669235159 5483572
1655400968874977544 5293862
1655400969081282968 5837345
1655400969287031583 5298935
1655400969492669295 5193855
1655400969698227823 5117961
1655400969904023400 5355989
1655400970109843230 5381157
1655400970315379863 5095973
1655400970520687535 4863175
1655400970726350391 5261074
1655400970932153518 5352274
1655400971138122033 5525369
1655400971343979556 5405510
1655400971549743828 5315271
1655400971755410238 5222826
1655400971960962540 5105465
1655400972166603148 5203617
1655400972372415347 5375775
1655400972578272959 5398987
1655400972784001440 5277503
1655400972989813381 5366600
1655400973195625662 5366869
1655400973401465149 5397738
1655400973607283995 5373023
1655400973813064327 5333126
1655400974018790344 5285072
1655400974224491301 5251966
1655400974429844214 4913185
1655400974635616561 5334890
1655400974841440505 5383582
1655400975047184751 5299791
1655400975252921558 5286325
1655400975458622806 5260142
1655400975664421236 5355204
1655400975870090300 5162233
1655400976075972713 5432012
1655400976281772938 5351156
1655400976487481436 5249390
1655400976693333946 5405620
1655400976899289296 5517695
1655400977105074959 5337246
1655400977310713627 5194422
1655400977516498951 5344229
1655400977722187577 5248558
1655400977928003854 5370618
1655400978133740017 5296200
1655400978339510448 5323918
1655400978545467387 5500151
1655400978752712200 6888338
1655400978958504830 5323787
1655400979164542460 5586503
1655400979370252798 5254511
1655400979575928526 5235908
1655400979781710855 5341313
1655400979987689644 5662562
1655400980193440640 5309446
1655400980399122586 5237848
1655400980604933875 5371402
1655400980810556855 5198864
1655400981016432753 5435275
1655400981222124083 5380271
1655400981427946145 5377217
1655400981633670951 5285142
1655400981839435819 5323323
1655400982045199519 5320546
1655400982250985384 5345030
1655400982456636663 5208968
1655400982662330590 5250528
1655400982868220924 5487797
1655400983073990451 5407858
1655400983279896004 5465544
1655400983485949496 5607544
1655400983691778107 5385593
1655400983897457201 5237059
1655400984103378119 5478101
1655400984309394477 5569478
1655400984515327546 5490675
1655400984721065591 5289378
1655400984926856020 5350762
1655400985132746452 5447138
1655400985338522334 5335489
1655400985544350812 5389082
1655400985750096737 5302967
1655400985955982281 5461083
1655400986161879968 5446150
1655400986367638006 5316058
1655400986573550192 5472963
1655400986779309440 5313338
1655400986985259284 5514425
1655400987191180838 5473699
1655400987396899394 5275488
1655400987602571766 5234039
1655400987808410519 5399034
1655400988014165477 5376941
1655400988220016381 5403542
1655400988425835407 5379764
1655400988631488850 5216936
1655400988837297329 5368783
1655400989043411286 5666337
1655400989249446577 5568529
1655400989455255347 5394014
1655400989660587523 4896186
1655400989866470696 5380031
1655400990072348976 5426222
1655400990278305820 5512504
1655400990484035416 5281540
1655400990689926662 5455724
1655400990895681161 5303779
1655400991101665100 5539545
1655400991307535265 5508938
1655400991513590930 5622066
1655400991719450206 5416428
1655400991925259430 5367146
1655400992130996751 5295661
1655400992336802813 5365550
1655400992542550165 5292431
1655400992748510452 5529349
1655400992954244588 5201367
1655400993160305506 5614449
1655400993366328596 5566059
1655400993572246181 5470324
1655400993777764625 5090608
1655400993983495106 5299060
1655400994189516945 5566553
1655400994395380797 5409240
1655400994601265798 5436884
1655400994807061166 5395849
1655400995013139345 5628442
1655400995218838080 5245327
1655400995424808738 5525053
1655400995630593992 5322797
1655400995836531497 5480672
1655400996042429041 5432561
1655400996248300822 5500284
1655400996453995972 5252846
1655400996659919895 5494853
1655400996865887971 5522656
1655400997071752464 5484521
1655400997277582817 5387598
1655400997483521566 5501581
1655400997689354520 5391851
1655400997895218043 5496068
1655400998100957058 5350883
1655400998306728006 5349705
1655400998512219727 5047565
1655400998718092773 5430608
1655400998924105203 5553152
1655400999130168900 5593854
1655400999336055214 5439674
1655400999542111880 5600458
1655400999747945180 5385046
1655400999953880512 5463921
1655401000159731172 5400553
1655401000365657832 5483387
1655401000571598341 5477213
1655401000777828591 5786846
1655401000983917407 5640309
1655401001189776302 5407681
1655401001395943019 5720864
1655401001601852742 5467161
1655401001807972450 5582375
1655401002014006391 5497460
1655401002220151102 5680673
1655401002425842865 5249399
1655401002633018592 6805322
1655401002840181015 6821407
1655401003046282898 5760664
1655401003252067839 5441701
1655401003457680078 5271646
1655401003663464455 5443350
1655401003869398250 5590531
1655401004075354835 5611797
1655401004281102218 5402512
1655401004486778946 5341855
1655401004692983148 5880527
1655401004898745482 5441118
1655401005104626084 5547932
1655401005310401020 5480859
1655401005516098572 5362101
1655401005721973318 5537706
1655401005928015090 5707423
1655401006133856310 5509199
1655401006340028161 5832410
1655401006545528737 5165540
1655401006751558317 5696215
1655401006957410489 5518771
1655401007163374821 5620269
1655401007369365554 5618772
1655401007575099283 5397280
1655401007781193830 5756228
1655401007986872170 5339301
1655401008193549138 6346148
1655401008399434566 5508048
1655401008605200558 5424733
1655401008810841639 5315448
1655401009017093141 5915396
1655401009223547121 6098721
1655401009429525180 5631552
1655401009635409873 5549034
1655401009841211641 5472762
1655401010047505005 5971081
1655401010253553374 5548673
1655401010459422929 5463083
1655401010665497098 5626046
1655401010871313360 5371104
1655401011076725632 4973071
1655401011282911238 5738935
1655401011489247835 5881200
1655401011695412303 5712736
1655401011901431265 5571107
1655401012107269108 5474895
1655401012313501971 5783787
1655401012519613399 5663124
1655401012725714532 5659292
1655401012931350246 5186614
1655401013137729034 5931572
1655401013343957092 5776171
1655401013550139826 5738306
1655401013756233761 5643615
1655401013962562426 5881190
1655401014168601295 5585754
1655401014374343884 5304792
1655401014580322028 5519068
1655401014785949848 5180339
1655401014991470969 5046983
1655401015196901602 4989862
1655401015402213554 5182164
1655401015607868006 5210459
1655401015813483981 5175419
1655401016019266725 5342183
1655401016225010783 5289949
1655401016430533829 5116716
1655401016636203358 5220953
1655401016842026114 5376657
1655401017047816879 5348540
1655401017253662869 5392324
1655401017459418053 5352555
1655401017665507991 5572150
1655401017871772399 5812049
1655401018077954456 5656405
1655401018284304008 5914987
1655401018490554318 5743787
1655401018696569970 5650118
1655401018902481305 5360733
1655401019108573599 5581110
1655401019314576716 5454830
1655401019520459655 5378221
1655401019726398143 5394295
1655401019932293906 5447807
1655401020138030318 5348702
1655401020343362483 4912281
1655401020549070113 5227189
1655401020754743265 5265240
1655401020960638190 5474547
1655401021166189331 5090708
1655401021372172878 5497344
1655401021578085296 5436776
1655401021783734588 5299425
1655401021989479586 5362858
1655401022195191814 5370652
1655401022400850785 5256641
1655401022606266167 5228342
1655401022812049164 5433335
1655401023017798044 5227219
1655401023223376867 5233390
1655401023429074119 5405275
1655401023634845901 5397284
1655401023840903194 5526277
1655401024046438854 5183251
1655401024252047467 5282127
1655401024457782842 5364063
1655401024663506514 5259578
1655401024869239931 5365059
1655401025074664817 5095380
1655401025280564271 5538844
1655401025486430861 5332526
1655401025692136546 5288910
1655401025897982413 5438762
1655401026103680294 5413348
1655401026309479103 5383382
1655401026515283402 5388776
1655401026721120889 5437438
1655401026926672654 5186030
1655401027132660658 5468466
1655401027338586032 5448697
1655401027544430050 5412204
1655401027750210647 5208176
1655401027955917540 5209920
1655401028161339644 5056865
1655401028367117907 5348915
1655401028572919983 5451418
1655401028778592192 5242026
1655401028984362452 5295476
1655401029190035388 5293398
1655401029395858965 5447468
1655401029601690469 5455295
1655401029807237207 5217134
1655401030013367403 5758729
1655401030219290659 5494720
1655401030425075471 5461165
1655401030630734094 5221991
1655401030836418658 5308824
1655401031042081586 5271023
1655401031248128632 5550911
1655401031454084233 5612249
1655401031659563818 5101080
1655401031865806050 5766221
1655401032071866793 5730056
1655401032277826949 5637529
1655401032483468052 5300304
1655401032689209529 5451416
1655401032894939159 5375696
1655401033100748643 5520447
1655401033306639623 5519680
1655401033512678258 5734536
1655401033718587784 5704879
1655401033924294046 5319642
1655401034130227317 5577777
1655401034336136311 5580435
1655401034541907694 5384186
1655401034747588509 5348492
1655401034953198614 5267623
1655401035158934536 5376282
1655401035364531495 5229069
1655401035570252230 5285731
1655401035775929033 5255450
