1655400330446386880 65673408
1655400330652367588 5503290
1655400330859629143 7025971
1655400331066468588 6392981
1655400331273772483 6865366
1655400331481057107 6841609
1655400331688586065 7079560
1655400331895908424 6872749
1655400332102993266 6641710
1655400332310211517 6772565
1655400332517466500 6813858
1655400332724540790 6630296
1655400332931479068 6446752
1655400333139333114 7385366
1655400333346544538 6837476
1655400333553822291 6839796
1655400333761003048 6741171
1655400333968810478 7341188
1655400334176321290 6975380
1655400334382477068 5748146
1655400334589637296 6738284
1655400334796918785 6848318
1655400335004219371 6859851
1655400335210659495 5997783
1655400335418048821 6943131
1655400335625369693 6877022
1655400335833132172 7318326
1655400336040440544 6868406
1655400336247864038 6989984
1655400336455155547 6847105
1655400336662104064 6520016
1655400336869219799 6741839
1655400337076055320 6553959
1655400337283117286 6639868
1655400337489849942 6300250
1655400337699909866 6487168
1655400337906324750 6057306
1655400338112011497 5321216
1655400338317760956 5323823
1655400338523342732 5144054
1655400338729225425 5448845
1655400338935058233 5417536
1655400339140865425 5362460
1655400339346610381 5303865
1655400339552408164 5357633
1655400339758264224 5403802
1655400339964173668 5474487
1655400340170662626 6104235
1655400340377342264 6235843
1655400340583515409 5800751
1655400340789887921 5950698
1655400340996174091 5891494
1655400341202030584 5429266
1655400341407652187 5182956
1655400341613480166 5489142
1655400341819113492 5193101
1655400342024842963 5332687
1655400342230495990 5302746
1655400342436081454 5152366
1655400342641802017 5256538
1655400342847468945 5334166
1655400343053218004 5276639
1655400343258726965 5144388
1655400343464281104 5173223
1655400343669917687 5273280
1655400343875536759 5247407
1655400344081186778 5326304
1655400344286716020 5118117
1655400344492556563 5404531
1655400344698217103 5243282
1655400344903949445 5369576
1655400345109803316 5486039
1655400345315473395 5341853
1655400345521198728 5329049
1655400345726915948 5353514
1655400345933006964 5730857
1655400346138651927 5312383
1655400346344307742 5289065
1655400346550025253 5350029
1655400346755645727 5328630
1655400346961398331 5382871
1655400347166935503 5169373
1655400347372584579 5347813
1655400347578258059 5246526
1655400347784233561 5500247
1655400347990112917 5479290
1655400348195678434 5089981
1655400348401530930 5451985
1655400348607277771 5334392
1655400348812824171 5181760
1655400349018812137 5464429
1655400349224734718 5479965
1655400349430280771 5238244
1655400349635804345 5117297
1655400349841392695 5240563
1655400350047048500 5239498
1655400350252891103 5334139
1655400350458546825 5287137
1655400350664152246 5253752
1655400350870050646 5460384
1655400351075656477 5268576
1655400351281358449 5348760
1655400351487013523 5294779
1655400351692918174 5402650
1655400351898488091 5152125
1655400352104187158 5277030
1655400352310129376 5474806
1655400352515951029 5414757
1655400352721633032 5333557
1655400352927198676 5219072
1655400353132933605 5294752
1655400353338668598 5377495
1655400353544370266 5345851
1655400353750113837 5379706
1655400353955800468 5363370
1655400354161497873 5294709
1655400354366919461 4984468
1655400354572542624 5213956
1655400354778277148 5367479
1655400354984081154 5437999
1655400355189806620 5357420
1655400355394878691 4705546
1655400355600499434 5263819
1655400355806128927 5161080
1655400356011878991 5271566
1655400356217753769 5536027
1655400356422855428 4727579
1655400356628746245 5515613
1655400356834498767 5337076
1655400357040241958 5361405
1655400357246074057 5410599
1655400357451794458 5358668
1655400357656947056 4787560
1655400357862902587 5528022
1655400358068597536 5285596
1655400358274248951 5144496
1655400358479922221 5244410
1655400358685708191 5334856
1655400358891503136 5398355
1655400359097218062 5289607
1655400359302868778 5238936
1655400359508664601 5339825
1655400359714524782 5371240
1655400359920518280 5502718
1655400360126102442 5159674
1655400360331734954 5198943
1655400360537413222 5218182
1655400360742975226 5170539
1655400360948819125 5444937
1655400361154702667 5335189
1655400361360562608 5423631
1655400361566042709 5051751
1655400361771818068 5405218
1655400361977706349 5457283
1655400362183497349 5427418
1655400362389286112 5451646
1655400362594885275 5232415
1655400362800613016 5431080
1655400363006354893 5308514
1655400363211973516 5290606
1655400363417691382 5324853
1655400363623390737 5362584
1655400363829023482 5276150
1655400364034398378 5015654
1655400364239624855 4795983
1655400364445131825 5184431
1655400364650688636 5151704
1655400364856504970 5458221
1655400365062059770 5107418
1655400365267905670 5390505
1655400365473682678 5397980
1655400365679214595 5166496
1655400365884759840 5170534
1655400366089894463 4979909
1655400366295565698 5211400
1655400366501170330 5287563
1655400366706697258 5092068
1655400366912583335 5465539
1655400367118163997 5161835
1655400367324074776 5469200
1655400367529678204 5233815
1655400367735326514 5239352
1655400367941255184 5635898
1655400368146598141 4992624
1655400368352138478 5108912
1655400368557850136 5268401
1655400368763322153 5084590
1655400368969067503 5302755
1655400369174844382 5336466
1655400369380348295 5063276
1655400369586047841 5260431
1655400369791594154 5117672
1655400369997305574 5270768
1655400370202837143 5093992
1655400370408628086 5356098
1655400370614454098 5435041
1655400370820086606 5198697
1655400371025751565 5227380
1655400371231193863 5010406
1655400371436969157 5341217
1655400371642592492 5248839
1655400371848429694 5559826
1655400372054178285 5303415
1655400372259864857 5250699
1655400372465595232 5297827
1655400372671008970 4984665
1655400372876588628 5141049
1655400373082154300 5162940
1655400373287958301 5379307
1655400373493863602 5473258
1655400373699582729 5283459
1655400373905433278 5410019
1655400374111126269 5256044
1655400374316820911 5260067
1655400374522517078 5241806
1655400374728210338 5257027
1655400374934144809 5502933
1655400375139937064 5354064
1655400375345820240 5440769
1655400375551617698 5363834
1655400375757346182 5295444
1655400375963157890 5418250
1655400376168921097 5484369
1655400376374539441 5178048
1655400376580298904 5344001
1655400376786084912 5472429
1655400376991970577 5449258
1655400377197623646 5234845
1655400377403200521 5180749
1655400377608901450 5343750
1655400377814719517 5372665
1655400378020391186 5253731
1655400378226061970 5312943
1655400378431675077 5252356
1655400378637513039 5488078
1655400378842787788 4998985
1655400379048516099 5366793
1655400379254107386 5229843
1655400379459773624 5309471
1655400379665378401 5250634
