1655524187902131096 14187863
1655524188107755974 5269165
1655524188313292845 5199001
1655524188518756514 5126153
1655524188724250285 5156298
1655524188929756195 5173170
1655524189135728824 5636287
1655524189342130460 6055435
1655524189547643817 5181578
1655524189753219357 5244103
1655524189958754418 5199711
1655524190164252320 5112077
1655524190369839265 5197492
1655524190575305099 5138551
1655524190780795280 5168919
1655524190986137550 5010843
1655524191191567421 5100263
1655524191397201696 5298022
1655524191602714385 5181947
1655524191808218448 5169713
1655524192013717781 5170862
1655524192219549776 5498340
1655524192425093477 5216741
1655524192630515214 5088419
1655524192836052982 5208088
1655524193041612539 5231989
1655524193247033394 5099946
1655524193452541398 5186169
1655524193657974951 5099426
1655524193863476886 5171926
1655524194069018914 5212066
1655524194274526900 5174106
1655524194479964143 5126220
1655524194685538025 5240072
1655524194891039108 5168091
1655524195096589389 5220018
1655524195302007795 5089724
1655524195507400243 5063007
1655524195712934057 5203306
1655524195918389241 5122319
1655524196123939779 5219058
1655524196329581896 5305431
1655524196535134451 5219247
1655524196740650181 5184341
1655524196945978790 5006848
1655524197151374944 5054463
1655524197356924595 5171666
1655524197562431835 5176234
1655524197767887694 5123634
1655524197973312622 5094479
1655524198178878213 5236422
1655524198384324643 5118224
1655524198589834262 5187587
1655524198795268069 5119332
1655524199000874954 5280649
1655524199206151370 4941343
1655524199411595235 5113001
1655524199617095639 5171438
1655524199822583900 5147191
1655524200028129574 5212043
1655524200233582999 5125028
1655524200439109442 5143122
1655524200644599855 5158247
1655524200849981454 5048570
1655524201055280531 4977287
1655524201260697450 5084295
1655524201466059714 5032571
1655524201671439687 5051747
1655524201876900165 5124929
1655524202082393478 5164534
1655524202287979014 5256647
1655524202493513197 5206476
1655524202698925882 5085426
1655524202904426705 5170621
1655524203109967587 5158394
1655524203315512723 5218967
1655524203521083675 5249646
1655524203726584710 5117456
1655524203932146740 5227123
1655524204137664368 5190005
1655524204343102461 5107148
1655524204548574846 5141378
1655524204753972597 5068904
1655524204959591904 5286041
1655524205165147996 5222124
1655524205370676491 5196348
1655524205576246763 5229719
1655524205781682327 5108142
1655524205987184956 5175177
1655524206192718889 5196831
1655524206398125826 5068593
1655524206603621138 5160109
1655524206809214330 5261374
1655524207014655183 5106414
1655524207220251387 5212322
1655524207425729066 5157362
1655524207631222686 5158494
1655524207837593674 6041739
1655524208043016916 5083367
1655524208248451079 5103643
1655524208453955292 5162482
1655524208659358728 5072345
1655524208864879187 5185082
1655524209070342999 5135203
1655524209275671195 4994901
1655524209481160657 5148933
1655524209686661674 5173842
1655524209892273429 5270383
1655524210097720031 5115187
1655524210303215961 5166460
1655524210508717650 5170588
1655524210714104861 5055035
1655524210919542069 5117160
1655524211125042447 5172153
1655524211330523287 5149514
1655524211536047648 5195604
1655524211741556316 5178917
1655524211947110580 5221621
1655524212152623532 5182772
1655524212358141637 5195800
1655524212563707101 5231468
1655524212769253265 5217265
1655524212974747225 5157797
1655524213180822487 5747852
1655524213386305796 5147548
1655524213591804312 5169757
1655524213797333951 5199668
1655524214002804150 5141485
1655524214208342677 5208145
1655524214413884912 5207251
1655524214619233150 5018646
1655524214824787277 5224471
1655524215030284501 5168318
1655524215235800782 5185296
1655524215441129778 4990959
1655524215646628776 5171699
1655524215852134448 5169469
1655524216057734142 5271361
1655524216263189347 5122182
1655524216468659834 5142602
1655524216674083399 5089728
1655524216879590025 5176368
1655524217085214796 5293837
1655524217290717706 5173909
1655524217496347142 5300422
1655524217701896669 5218383
1655524217907427449 5195246
1655524218113169565 5411907
1655524218318591878 5095071
1655524218524156037 5233838
1655524218729659635 5174246
1655524218935056259 5070729
1655524219140547707 5159905
1655524219345986353 5101805
1655524219551379644 5061155
1655524219756941849 5229056
1655524219962403794 5129697
1655524220167828890 5094883
1655524220373404097 5234102
1655524220578868214 5134349
1655524220784418686 5221831
1655524220989824736 5078021
1655524221195311128 5143634
1655524221400941257 5296790
1655524221606360323 5082559
1655524221811910825 5216538
1655524222017243703 5000422
1655524222222775347 5203039
1655524222428433912 5324109
1655524222633970694 5187004
1655524222840264039 5962831
1655524223045779341 5185930
1655524223251174257 5065390
1655524223456655814 5151523
1655524223661985975 4989312
1655524223867515066 5194646
1655524224073143462 5294214
1655524224278587268 5110910
1655524224484151640 5230925
1655524224689605782 5119061
1655524224895049767 5112007
1655524225100528759 5147712
1655524225305951195 5082937
1655524225511427986 5146290
1655524225717006723 5245792
1655524225922486015 5145065
1655524226128049414 5225448
1655524226333594188 5221269
1655524226539082919 5166483
1655524226744574033 5164911
1655524226949975848 5076413
1655524227155464094 5153988
1655524227361055872 5298940
1655524227566478705 5092354
1655524227771999802 5191092
1655524227977399336 5069228
1655524228182899781 5168502
1655524228388504089 5274104
1655524228593967371 5132294
1655524228799443506 5147801
1655524229005021541 5246629
1655524229210534313 5183192
1655524229416101489 5236568
1655524229621533001 5105373
1655524229827043038 5172457
1655524230032589741 5213317
1655524230238064946 5154143
1655524230443564548 5166253
1655524230649106616 5210444
1655524230854609529 5175160
1655524231060165293 5220977
1655524231265638590 5137921
1655524231471079644 5110308
1655524231676560990 5145629
1655524231881962861 5068343
1655524232087398841 5104938
1655524232292945325 5215984
1655524232498374111 5094500
1655524232703885785 5180843
1655524232909274109 5055986
1655524233114658848 5065920
1655524233320065457 5084666
1655524233525595823 5205899
1655524233731078614 5152026
1655524233936586420 5178377
1655524234142049304 5130268
1655524234347470100 5079412
1655524234553035010 5237098
1655524234758487305 5104545
1655524234963977440 5160129
1655524235169489208 5179305
1655524235375019818 5198013
1655524235580531716 5180143
1655524235785974121 5118167
1655524235991470530 5168108
1655524236197074968 5276905
1655524236402532601 5127865
1655524236608060917 5197069
1655524236813613498 5220496
1655524237019130388 5182455
1655524237224646485 5182029
1655524237430001685 5023895
1655524237635499436 5162866
1655524237841866187 6036569
1655524238047267816 5067101
1655524238260289919 12690163
1655524238466673306 5833462
1655524238672233540 5231171
1655524238877793442 5226382
1655524239083314924 5191375
1655524239288922109 5277238
1655524239494346116 5087038
1655524239699837343 5156806
1655524239905337164 5165766
1655524240110722494 5075197
1655524240316200024 5148512
1655524240521648675 5118003
1655524240727021732 5041819
1655524240932562627 5220840
1655524241137834204 4970077
1655524241343159169 4995623
1655524241548567579 5075958
1655524241753838015 4929075
1655524241959177976 5006035
1655524242164581767 5074023
1655524242369840899 4934404
1655524242575204306 5031418
1655524242780552731 5021152
1655524242985800841 4917502
1655524243191091309 4958979
1655524243396529967 5103107
1655524243601845305 4979831
1655524243807179586 4983335
1655524244012582715 5066798
1655524244218816175 5903679
1655524244424210996 5064338
1655524244629641762 5101492
1655524244834991310 5016543
1655524245040490129 5167147
1655524245245828590 5006558
1655524245451123221 4963578
1655524245656515940 5100593
1655524245861810204 4964469
1655524246067203660 5066297
1655524246272658308 5123116
1655524246478000605 5013893
1655524246683282726 4951732
1655524246888704837 5091140
1655524247093966536 4929606
1655524247299282455 4983135
1655524247504630298 5015832
1655524247709924426 4962640
1655524247915456136 5142145
1655524248120882249 5094183
1655524248326339356 5129330
1655524248531809685 5128850
1655524248737158336 5032795
1655524248942465446 4979454
1655524249147926849 5127352
1655524249353142256 4883795
1655524249558534257 5065112
1655524249763902736 5039022
1655524249969273582 5042437
1655524250174567176 4956077
1655524250379996602 5098374
1655524250585445132 5117764
1655524250790855334 5079319
1655524250996552698 5363217
1655524251201807425 4923696
1655524251407139655 5002066
1655524251612464915 5002707
1655524251817827369 5014704
1655524252023211103 5053102
1655524252228673459 5128783
1655524252433905567 4898660
1655524252639223579 4986295
1655524252844619988 5060160
1655524253049934849 4991054
1655524253255225181 4966035
1655524253460573305 5017408
1655524253665850430 4945865
1655524253871266702 5027208
1655524254076701865 5104678
1655524254282069262 5035448
1655524254487464409 5065767
1655524254692892816 5089815
1655524254898221844 4994047
1655524255103547239 4995382
1655524255309022205 5144491
1655524255514148123 4836295
1655524255719777858 5307713
1655524255925204123 5093218
1655524256130518312 4984510
1655524256335940323 5087108
1655524256541464682 5192153
1655524256746826847 5026862
1655524256952305069 5143897
1655524257157787840 5143443
1655524257363106248 4998549
1655524257568560138 5121054
1655524257773875016 4995319
1655524257979267866 5060267
1655524258184735059 5135351
1655524258390089148 4991738
1655524258595453207 5032945
1655524258800858695 5074887
1655524259006194257 5005918
1655524259211470756 4946715
1655524259416952409 5152590
1655524259622318993 5034871
1655524259827778273 5125897
1655524260033134315 5029979
1655524260238389505 4928782
1655524260443733229 5015071
1655524260649326129 5194345
1655524260854748873 5089177
1655524261060175487 5091997
1655524261265512626 5004473
1655524261470904965 5061802
1655524261676356535 5121892
1655524261881794516 5107996
1655524262087269845 5146844
1655524262292619606 5068083
1655524262497942852 4992288
1655524262703299918 5026588
1655524262908756035 5127451
1655524263114098270 4988391
1655524263319513970 5160580
1655524263524941052 5101851
1655524263730275535 5044909
1655524263935688354 5078305
1655524264141139557 5120697
1655524264346513622 5044208
1655524264551936760 5088173
1655524264757338917 5012794
1655524264962691094 5032575
1655524265167971057 4953781
1655524265373252369 4957902
1655524265578716404 5133251
1655524265784199304 5190161
1655524265989653948 5126160
1655524266195002066 5018202
1655524266400437329 5098528
1655524266605864221 5106998
1655524266811151682 4952682
1655524267016614658 5142172
1655524267221894584 4949305
1655524267427247819 5020532
1655524267632693071 5116098
1655524267838992825 5969792
1655524268044467460 5143176
1655524268249881778 5070639
1655524268455232874 5017595
1655524268660719173 5150685
1655524268866116412 5063988
1655524269071481077 5026111
1655524269277038444 5222912
1655524269482430223 5062146
1655524269687919411 5158958
1655524269893485481 5232913
1655524270098976390 5157232
1655524270304386599 5077744
1655524270509793588 5074691
1655524270715161433 5041195
1655524270920629257 5127672
1655524271125977221 5005290
1655524271331449067 5129316
1655524271536876670 5101218
1655524271742239058 5023995
1655524271947543760 4968135
1655524272153072162 5190100
1655524272358363991 4983211
1655524272563815214 5114246
1655524272769290944 5138271
1655524272974679391 5047933
1655524273181176116 6162365
1655524273386589988 5075628
1655524273592077904 5149327
1655524273797502894 5087789
1655524274002895828 5056009
1655524274208377928 5145746
1655524274413863546 5145859
1655524274619252084 5050356
1655524274824681665 5092518
1655524275030016036 4998579
1655524275235358525 5005712
1655524275440862343 5165616
1655524275646291009 5083510
1655524275851805849 5171672
1655524276057321051 5169843
1655524276262650391 4989329
1655524276468101284 5109254
1655524276673618633 5119232
1655524276879013809 5066254
1655524277084427427 5083230
1655524277289884475 5125045
1655524277495308681 5085537
1655524277700712981 5073469