1655508034704739003 175302915
1655508034910397242 5295936
1655508035115723589 5003812
1655508035321365848 5321696
1655508035527055407 5370561
1655508035733194585 5847766
1655508035938524850 5010574
1655508036144400586 5562019
1655508036350155419 5436709
1655508036555973165 5498603
1655508036761439157 5147924
1655508036967353672 5595953
1655508037173126998 5454656
1655508037378747817 5307388
1655508037584060140 4991882
1655508037789361297 4970767
1655508037994758691 5077361
1655508038200185045 5106661
1655508038405375980 4904784
1655508038610773262 5073189
1655508038816285944 5189520
1655508039021672163 5065103
1655508039226985078 4994443
1655508039432420907 5114844
1655508039637772129 5031004
1655508039842973786 4885552
1655508040048441913 5148826
1655508040253589073 4825754
1655508040458854920 4941791
1655508040664262544 5088540
1655508040869423288 4841112
1655508041074731614 4987104
1655508041280243525 5191997
1655508041485397996 4831110
1655508041690711237 4988355
1655508041896214026 5215630
1655508042101695123 5150284
1655508042307069152 5051053
1655508042512520744 5130431
1655508042717903426 5060861
1655508042923155207 4930414
1655508043128569955 5089194
1655508043333879006 4972490
1655508043539248009 5037037
1655508043744735838 5156111
1655508043950026038 4961737
1655508044155398361 5051027
1655508044360796374 5076639
1655508044566129415 5009569
1655508044771500473 5049862
1655508044976791210 4961243
1655508045182023235 4908353
1655508045387361659 4997311
1655508045592674771 4983399
1655508045798034198 5027152
1655508046003385467 5037615
1655508046208669173 4965514
1655508046414032039 5042093
1655508046619412625 5059156
1655508046824826586 5038409
1655508047030177955 5032779
1655508047235404243 4913501
1655508047440707814 4982812
1655508047645797229 4775836
1655508047851231158 5114597
1655508048056655248 5103905
1655508048262022335 5048981
1655508048467477268 5133629
1655508048672753256 4955691
1655508048878808554 5735053
1655508049084191998 5064962
1655508049289413890 4894877
1655508049494581621 4846681
1655508049699954678 5042066
1655508049905392992 5104865
1655508050110643250 4927107
1655508050316064182 5081492
1655508050521331484 4933148
1655508050726642641 4991936
1655508050932088965 5114587
1655508051137378735 4966189
1655508051342689505 4991177
1655508051548138580 5125286
1655508051753351930 4894643
1655508051958671621 5001460
1655508052164012947 5014495
1655508052369290538 4955824
1655508052574642981 4977632
1655508052780025653 5055005
1655508052985260744 4853936
1655508053190679374 5098495
1655508053396043966 5039630
1655508053601254322 4878092
1655508053806650776 5069312
1655508054012030254 5061532
1655508054217319219 4946456
1655508054422648648 5008842
1655508054628088195 5041142
1655508054833328627 4917533
1655508055038678110 5027600
1655508055244137795 5153693
1655508055449519133 5002621
1655508055654783792 4944514
1655508055860077450 4969389
1655508056065370256 4972146
1655508056270674288 4984364
1655508056475990850 5008848
1655508056681335260 5023234
1655508056886532905 4877136
1655508057091911402 5060036
1655508057297328564 5096693
1655508057502590917 4940302
1655508057708007224 5098663
1655508057913272587 4943169
1655508058118646639 5052402
1655508058324001491 5035178
1655508058529381867 5053816
1655508058734712555 5003685
1655508058940094530 5054364
1655508059145340724 4923446
1655508059350526952 4866924
1655508059555984664 5076573
1655508059761220927 4903557
1655508059966591008 5039700
1655508060171960757 5042734
1655508060378146358 5855638
1655508060583513436 5045931
1655508060788687093 4855887
1655508060993959688 4950471
1655508061199282696 5001500
1655508061404625673 5023328
1655508061609805345 4857793
1655508061815123095 4996951
1655508062020456687 5010166
1655508062225940129 5099302
1655508062431446320 5186580
1655508062636786709 4957289
1655508062842008188 4935397
1655508063047359073 5028778
1655508063252772056 5091073
1655508063458061474 4967137
1655508063663381363 4998800
1655508063868885605 5122610
1655508064074298462 5090379
1655508064279640885 5022064
1655508064485009564 5047036
1655508064690508794 5178247
1655508064895843811 5010957
1655508065101260856 5097738
1655508065306595485 5015165
1655508065511925733 5009266
1655508065717252116 5005004
1655508065922538016 4965993
1655508066127923232 5066508
1655508066333307528 5063598
1655508066538527168 4897103
1655508066743911619 5064606
1655508066949291174 4998991
1655508067154608336 4996841
1655508067360027468 5096317
1655508067565318277 4959378
1655508067770538878 4929166
1655508067975942328 5088454
1655508068181250223 4988779
1655508068386610894 5040795
1655508068591870313 4945663
1655508068797180773 4992182
1655508069002562078 5060945
1655508069208083472 5138377
1655508069413370542 4966619
1655508069618764163 5073009
1655508069824112218 5028570
1655508070029389653 4923780
1655508070234680602 4969573
1655508070440055205 5049406
1655508070645390568 4999237
1655508070850690938 4977055
1655508071056094254 5081408
1655508071261382447 4966026
1655508071466610161 4946383
1655508071671964007 5034388
1655508071878088935 5804309
1655508072083427533 5008451
1655508072288832141 5013180
1655508072494109348 4939525
1655508072699540113 5102853
1655508072904905871 5027013
1655508073110370917 5136502
1655508073315191343 4491771
1655508073520444669 4921199
1655508073725595781 4845470
1655508073930494884 4561464
1655508074135737939 4928324
1655508074340760557 4706229
1655508074545706355 4631310
1655508074750737827 4719123
1655508074955689668 4641255
1655508075160947163 4942662
1655508075366081988 4829760
1655508075571066487 4682035
1655508075776020723 4649722
1655508075980997931 4670417
1655508076186066506 4765487
1655508076390987212 4619139
1655508076596076951 4788258
1655508076800855352 4460941
1655508077006293052 5135424
1655508077211779969 5172414
1655508077416943951 4846985
1655508077622056474 4797037
1655508077827599118 5239020
1655508078032701169 4783657
1655508078238113088 5124992
1655508078443384286 4950552
1655508078648856026 5169234
1655508078853759102 4600263
1655508079059577936 5513620
1655508079264908192 5012706
1655508079469987174 4775340
1655508079675819409 5528337
1655508079881330203 5194907
1655508080086476453 4842301
1655508080292058947 5278967
1655508080497278195 4885751
1655508080702840752 5257625
1655508080908159220 5001362
1655508081113057767 4616934
1655508081318570784 5201480
1655508081523968848 5081973
1655508081728917118 4632496
1655508081934492203 5272058
1655508082139817719 5009709
1655508082344897143 4761965
1655508082549938736 4739421
1655508082755719945 5505805
1655508082960912367 4875568
1655508083166151607 4936171
1655508083371591378 5121796
1655508083576884576 4976336
1655508083782181777 5010120
1655508083987571337 5072488
1655508084192919437 5031393
1655508084398215654 4993094
1655508084603487405 4955577
1655508084808827136 5017922
1655508085014177171 5043445
1655508085220032084 5520515
1655508085425078571 4711318
1655508085630504533 5147532
1655508085835957626 5159592
1655508086040853027 4602061
1655508086246559130 5446790
1655508086451850773 4996814
1655508086657467991 5325771
1655508086862890674 5105059
1655508087068455449 5247957
1655508087273241504 4483140
1655508087478772938 5217055
1655508087684438783 5343374
1655508087889758837 4996954
1655508088100768079 10675518
1655508088309529724 8200123
1655508088514857510 5005017
1655508088720485315 5309438
1655508088925588213 4798875
1655508089131432234 5523014
1655508089337017316 5264623
1655508089542879862 5540985
1655508089748562943 5363724
1655508089953900983 5036566
1655508090159214780 4994823
1655508090364456803 4922897
1655508090569947425 5191295
1655508090775252631 4985551
1655508090980454651 4883554
1655508091185738568 4981787
1655508091390927751 4807079
1655508091596121188 4874731
1655508091801376200 4937415
1655508092007774104 6099850
1655508092214211280 6137510
1655508092420761439 6251455
1655508092627236641 6180239
1655508092833900745 6364528
1655508093040572114 6372174
1655508093246924995 6054548
1655508093453416387 6192140
1655508093660131360 6416852
1655508093866436777 6004831
1655508094072569629 5832764
1655508094279322896 6457956
1655508094485813016 6190281
1655508094692433089 6320351
1655508094898874849 6144027
1655508095105409313 6235844
1655508095312257833 6550874
1655508095518495221 5941811
1655508095724983678 6178397
1655508095931587412 6304166
1655508096138051756 6107338
1655508096344536266 6186374
1655508096551012419 6177997
1655508096757627703 6316510
1655508096964164553 6174977
1655508097170739570 6215774
1655508097377149527 6109611
1655508097583726500 6278616
1655508097790390176 6363614
1655508097996814293 6125677
1655508098203465642 6352409
1655508098409822043 6059119
1655508098616314348 6191312
1655508098822572851 5930135
1655508099029024468 6153388
1655508099235550933 6223646
1655508099442223604 6372742
1655508099648847634 6321573
1655508099855231501 6085137
1655508100061686600 6154687
1655508100268306936 6320748
1655508100474846816 6243166
1655508100681374910 6228125
1655508100887864782 6190054
1655508101094391227 6166250
1655508101300845721 6155911
1655508101508520578 7313900
1655508101714760909 5942641
1655508101920846949 5801372
1655508102127010475 5843143
1655508102333256461 5958233
1655508102539492313 5931723
1655508102745710471 5927672
1655508102951783201 5753360
1655508103157731398 5646090
1655508103363633361 5599977
1655508103569397154 5454399
1655508103775043302 5343518
1655508103980602251 5258250
1655508104186034430 5132408
1655508104391590805 5254078
1655508104597156691 5263455
1655508104802718603 5260058
1655508105008332742 5313423
1655508105214035993 5378234
1655508105419714924 5378307
1655508105625798959 5781793
1655508105831177703 5075889
1655508106036418547 4936985
1655508106241718851 4999050
1655508106446876289 4870976
1655508106652173690 5000892
1655508106857367277 4902028
1655508107063039086 5368677
1655508107268907080 5567886
1655508107474438440 5231205
1655508107680322759 5583461
1655508107886353798 5712220
1655508108092318470 5637984
1655508108298116002 5470839
1655508108503973141 5552656
1655508108709744538 5471215
1655508108915292083 5246616
1655508109121006301 5414643
1655508109326547793 5238700
1655508109532306933 5457236
1655508109738085515 5478854
1655508109944134011 5748272
1655508110149757637 5325363
1655508110355409904 5350429
1655508110560939992 5228165
1655508110766540857 5296898
1655508110972198061 5352722
1655508111177986297 5475680
1655508111384257042 5693999
1655508111590394074 5758066
1655508111796409890 5697216
1655508112002368129 5625733
1655508112208520428 5825393
1655508112414175511 5354277
1655508112619866339 5395979
1655508112825384177 5218073
1655508113031011578 5324419
1655508113236549702 5230507
1655508113441992995 5142195
1655508113647609067 5254415
1655508113853251577 5342213
1655508114058740441 5188986
1655508114264497408 5454495
1655508114470040315 5242251
1655508114675709782 5368653
1655508114882090235 6078226
1655508115087383407 5003256
1655508115292676039 5006896
1655508115497901626 4934833
1655508115703149783 4959945
1655508115908470886 5034090
1655508116113811142 5043558
1655508116318982651 4883410
1655508116524221287 4929053
1655508116729734286 5217396
1655508116935287665 5253241
1655508117140859808 5270140
1655508117346327312 5167168
1655508117551928272 5300488
1655508117757496718 5267583
1655508117963269556 5470427
1655508118168986854 5415397
1655508118374761789 5474702
1655508118580342009 5278416
1655508118785818576 5131747
1655508118991492224 5309866
1655508119197099963 5305678
1655508119402637700 5237482
1655508119608270357 5321329
1655508119814033278 5463109
1655508120019900148 5562126
1655508120225301171 5101522
1655508120430885175 5282604
1655508120636815690 5627993
1655508120842273760 5158661
1655508121047792034 5217022
1655508121253295227 5202161
1655508121458884499 5288207
1655508121664634821 5450268
1655508121870174981 5241343
1655508122075832793 5362077
1655508122281570094 5435527
1655508122487300200 5429480
1655508122693136135 5535169
1655508122898820443 5382743
1655508123104641233 5520028
1655508123310630374 5632891
1655508123516583547 5641534
1655508123721891317 5004236
1655508123927208853 5016330
1655508124132982639 5466169
1655508124338341811 5051518