1655401100595798502 485073633
1655401101196546513 303941619
1655401101693744801 201091176
1655401101903365261 9274789
1655401102196684615 92991880
1655401102595773507 198784333
1655401102801547271 5376522
1655401103098630733 96759673
1655401103304219252 5295791
1655401103693568398 99886023
1655401104996005728 1102140326
1655401105297251736 100851827
1655401105595816204 98255155
1655401105994126304 100436766
1655401106200901052 6409167
1655401106597659610 105068363
1655401106804896693 6908380
1655401107096701170 91496180
1655401107303474437 6435339
1655401107597859744 93993932
1655401107900560069 102398524
1655401108199759577 6381287
1655401108499568505 6367145
1655401108800426558 7833866
1655401109193817009 99919020
1655401110427005413 1032796606
1655401110699290100 6693653
1655401110905675466 6044658
1655401111110695143 4704730
1655401111399057147 6452058
1655401111793964627 194606257
1655401112001751872 7431326
1655401112207530147 5406463
1655401112413318896 5411249
1655401112619886208 6226176
1655401112825342401 5043446
1655401113396915595 304268343
1655401113695265298 98043056
1655401113902198768 6624923
1655401114200625631 7777549
1655401114593854199 100551374
1655401114900583263 105592885
1655401116396758084 1295820033
1655401116794388362 197288778
1655401117001057820 6158034
1655401117207126685 5763350
1655401117414071908 6549558
1655401117619913649 5504986
1655401117826857586 6545585
1655401118095336084 68114204
1655401118496778817 200725583
1655401118703767768 6674890
1655401118998892390 6274163
1655401119393817953 101172115
1655401119699005328 104887355
1655401119905108920 5743717
1655401120296200648 102474831
1655401120898998629 305478420
1655401121200522327 7846228
1655401121495356861 94535259
1655401121802363100 105038626
1655401122095015020 92322624
1655401122302930618 7592168
1655401122696996610 104298108
1655401123096502394 199190698
1655401123400444338 103546462
1655401123700914651 7395568
1655401124095015801 193759072
1655401124398195189 102793376
1655401125093893953 398786610
1655401125301108233 6909641
1655401125695767396 194312564
1655401125902655742 6536435
1655401126109401212 6437581
1655401126315185861 5415893
1655401126521080255 5538212
1655401126726691655 5269767
1655401127092942009 99190761
1655401127304493148 10852025
1655401127600409910 7726498
1655401127900314286 7639783
1655401128200868202 8150620
1655401128497996931 96830302
1655401129819904599 1121540691
1655401130025549063 5296850
1655401130498293060 205673175
1655401130706214984 7635075
1655401131100121016 107491158
1655401131396313571 95830544
1655401131601771030 4974024
1655401131807030424 4891790
1655401132095809627 88393506
1655401132302343861 6185739
1655401132698200775 104749894
1655401132903962622 5370882
1655401133196222539 91869358
1655401133403118152 6516150
1655401133612173254 8711723
1655401133897605388 85130760
1655401135418285953 1220635761
1655401135625178555 6485062
1655401136924917568 1032236089
1655401137202870025 10192162
1655401137598225381 195017757
1655401137806098912 7547026
1655401138199953282 107268156
1655401138406781434 6506344
1655401138696619615 89446987
1655401138993142193 96204615
1655401139200384069 6778077
1655401139697809722 205134578
1655401139904462963 6241402
1655401140197284496 92478661
1655401140404070918 6329973
1655401140610546612 6045706
1655401140817229115 6294643
1655401141196764062 104119961
1655401141494889857 97824500
1655401141796795282 101605255
1655401142003168922 6027149
1655401142209973030 6390852
1655401142500355640 90038378
1655401142798019672 97338195
1655401144293637022 1295324480
1655401144503064574 9092406
1655401144896269319 192840943
1655401145196306371 99713560
1655401145499852442 103230306
1655401145797157219 96962790
1655401146004860376 7331538
1655401146211096255 5874367
1655401146416853115 5376837
1655401146698907925 81597496
1655401147196548227 203955277
1655401147495118230 98189597
1655401147796313643 100858942
1655401148093161164 96528460
1655401148394338068 100797776
1655401148706018065 111353290
