1655401209629385614 200714713
1655401210033460815 103561763
1655401210442904107 209095560
1655401210651192121 7907712
1655401210857521901 5947441
1655401211063978760 6078765
1655401211270504638 6142806
1655401211477182045 6258232
1655401211684462865 6855318
1655401211891298483 6424989
1655401212098969765 7200149
1655401212305527731 6138726
1655401212511946994 6021601
1655401212718575928 6193088
1655401212925375601 6399635
1655401213131707646 5945633
1655401213338095947 5999280
1655401213544947949 6460485
1655401213751786042 6398849
1655401213959058349 6831496
1655401214166120958 6630953
1655401214371807415 5265209
1655401214577752836 5525535
1655401214783636772 5480683
1655401214989429425 5368035
1655401215195165226 5253845
1655401215400947834 5381999
1655401215606712045 5333764
1655401215812549429 5441017
1655401216018235931 5282897
1655401216223936101 5257832
1655401216429560014 5214909
1655401216635186522 5147769
1655401216840934851 5377725
1655401217046471874 5158288
1655401217252220390 5385369
1655401217457537776 4985535
1655401217663137184 5208455
1655401217868801022 5291230
1655401218074335746 5159127
1655401218279908577 5205459
1655401218485316644 4995015
1655401218691093426 5354978
1655401218896745419 5275820
1655401219102610259 5475473
1655401219309060428 6062426
1655401219514612789 5174722
1655401219720544265 5589313
1655401219926904046 5984477
1655401220133213037 5968230
1655401220339592660 6001883
1655401220545781965 5811397
1655401220751687661 5587873
1655401220957472988 5449092
1655401221162781790 4919185
1655401221368201755 4982187
1655401221573590485 4959368
1655401221779398730 5264882
1655401221985102630 5280263
1655401222190500909 4962954
1655401222395945032 5050824
1655401222601610291 5233987
1655401222807464499 5327668
1655401223013009898 5113151
1655401223218502178 5031964
1655401223424175472 5282732
1655401223629602816 5003880
1655401223835670110 5594015
1655401224041620392 5518591
1655401224248008670 5864881
1655401224454147510 5717768
1655401224659563534 5023924
1655401224864966720 5004864
1655401225070453724 5077298
1655401225276028922 5169077
1655401225481669499 5208647
1655401225687542006 5399332
1655401225893428768 5450237
1655401226099080197 5186268
1655401226304757067 5267724
1655401226510524138 5362400
1655401226716156614 5232035
1655401226921727726 5197276
1655401227126801262 4776927
1655401227331919788 4721743
1655401227537012320 4755085
1655401227742173722 4767692
1655401227947216392 4719999
1655401228152964673 5459560
1655401228357842802 4559140
1655401228562968663 4821409
1655401228768983959 5681497
1655401228974614371 5257590
1655401229180316325 5284674
1655401229386388993 5615478
1655401229592266449 5464832
1655401229799187519 6461619
1655401230005635287 6029559
1655401230212004182 5968832
1655401230418213181 5701571
1655401230624598929 6053347
1655401230830835240 5908253
1655401231037163527 6005536
1655401231243222757 5680135
1655401231449515094 5828155
1655401231654659402 4712499
1655401231860035594 4984972
1655401232065700997 5247377
1655401232271640411 5518771
1655401232477322318 5266026
1655401232683703794 5969095
1655401232889399672 5395026
1655401233095099782 5278887
1655401233300935211 5403294
1655401233506832615 5447240
1655401233712374626 5122612
1655401233918122999 5259937
1655401234124076322 5496737
1655401234330142065 5568583
1655401234536078943 5511291
1655401234742440364 5902497
1655401234948630151 5782795
1655401235154951956 5847363
1655401235361058223 5704489
1655401235567103461 5593238
1655401235772854284 5342529
1655401235978479968 5217352
1655401236184404706 5533482
1655401236390106841 5290544
1655401236595884915 5296402
1655401236802000177 5725997
1655401237008291043 5861178
1655401237214769615 6068080
1655401237420345018 5060947
1655401237625983688 5212271
1655401237831351763 5242222
1655401238036927856 5189526
1655401238242694385 5428145
1655401238448170346 5141760
1655401238653704195 5150211
1655401238858974502 4874050
1655401239064462467 5110585
1655401239270384704 5548733
1655401239476181065 5419056
1655401239682108442 5579130
1655401239888243495 5764530
1655401240093867242 5238091
1655401240299531462 5301311
1655401240505196932 5337080
1655401240711138158 5554250
1655401240916679306 5158962
1655401241122378564 5362856
1655401241327911350 5072991
1655401241533621985 5297066
1655401241739028042 4980702
1655401241945142576 5632628
1655401242151981847 6374498
1655401242358497460 6076261
1655401242565664845 6622212
1655401242772328035 6328926
1655401242978872472 6227600
1655401243185299711 6084264
1655401243391763164 6112510
1655401243598290511 5996665
1655401243804899872 6143555
1655401244011341056 6046942
1655401244217419267 5662743
1655401244423980272 6080252
1655401244631175323 6784902
1655401244837210700 5600222
1655401245043618211 5930251
1655401245249487087 5430187
1655401245455169490 5220634
1655401245660650257 5141517
1655401245866170671 5114177
1655401246071433019 4830794
1655401246276852322 5131032
1655401246482290935 5151325
1655401246688216827 5638952
1655401246894549391 5907395
1655401247100963220 6014229
1655401247307359127 5921839
1655401247513336886 5644726
1655401247719599000 5907773
1655401247926006910 6044279
1655401248132127855 5797684
1655401248338591943 6022422
1655401248545351968 6468696
1655401248751248413 5469257
1655401248957829438 6175860
1655401249164525822 6300711
1655401249371065846 6191499
1655401249576568002 5097956
1655401249782405092 5503613
1655401249988705384 5972992
1655401250194538682 5489780
1655401250401032276 6167498
1655401250607230128 5864156
1655401250813329417 5760485
1655401251018908919 5285983
1655401251225429653 6155448
1655401251431611594 5677692
1655401251637459245 5431951
1655401251843442060 5599484
1655401252048815226 5060955
1655401252254485600 5246918
1655401252460979044 6020826
1655401252667288604 5903645
1655401252873547762 5754505
1655401253079749764 5689050
1655401253285487194 5361500
1655401253491036667 5055227
1655401253696647212 5268443
1655401253902647255 5608873
1655401254108497468 5503785
1655401254314793070 5952696
1655401254521142500 6003365
1655401254727266482 5769999
1655401254934817521 7155279
1655401255142999217 7728888
1655401255349433732 6050954
1655401255555097966 5278928
1655401255760952681 5397569
1655401255967182416 5784467
1655401256172493488 4875094
1655401256378578786 5629875
1655401256584496730 5509066
1655401256790546497 5578181
1655401256996801156 5798621
1655401257203091059 5906022
1655401257409016001 5460628
1655401257615144049 5661173
1655401257821057705 5455054
1655401258027006848 5491797
1655401258232435389 4977105
1655401258437746241 4849781
1655401258643154164 5066425
