1655401605134345243 194766841
1655401606570511742 1140488040
1655401606777547100 6735627
1655401606985087803 7178772
1655401607193092884 7660960
1655401607433395426 40010331
1655401607639263788 5466149
1655401607845261551 5555875
1655401608051251659 5534842
1655401608257096445 5397494
1655401608463089578 5543689
1655401608669187591 5630172
1655401608875096067 5490275
1655401609081027303 5492924
1655401609332810884 51374772
1655401609539166368 5886576
1655401609745174531 5561502
1655401609951415604 5784526
1655401610157150942 5282768
1655401610363139739 5531475
1655401610569244913 5656438
1655401610774961510 5257948
1655401610980398075 4987838
1655401611186651368 5785248
1655401611392438513 5335513
1655401611598222554 5335290
1655401611804120284 5447389
1655401612010019175 5447532
1655401612216642692 6169280
1655401612423440800 6408271
1655401612630101984 6218020
1655401612836710649 6161259
1655401613042445355 5502315
1655401613248414007 5508915
1655401613454305216 5409284
1655401613660270127 5494808
1655401613866099586 5376418
1655401614071974102 5458889
1655401614277777588 5376441
1655401614483648558 5423357
1655401614689665267 5598141
1655401614895549848 5471185
1655401615101459571 5455204
1655401615307218518 5319277
1655401615513234903 5566462
1655401615719137039 5452585
1655401615925051743 5453879
1655401616131064550 5597630
1655401616337346811 5830531
1655401616543372046 5557653
1655401616749476763 5655666
1655401616955488667 5600348
1655401617161424172 5476154
1655401617367964090 6126566
1655401617574444967 6029720
1655401617780916160 6014118
1655401617986874639 5506568
1655401618192727547 5381078
1655401618398458504 5274845
1655401618604312138 5412835
1655401618809914945 5153544
1655401619015793501 5396682
1655401619221640112 5397767
1655401619427245823 5161152
1655401619633371124 5682109
1655401619839246350 5422647
1655401620045276296 5681357
1655401620250689724 5274089
1655401620457222353 6088500
1655401620663047604 5378534
1655401620869108183 5613528
1655401621074805316 5361418
1655401621281128681 6035196
1655401621487039060 5503159
1655401621692972431 5497530
1655401621898885232 5465938
1655401622104824060 5487132
1655401622310587043 5290777
1655401622516576099 5544103
1655401622722501772 5475754
1655401622928481505 5533722
1655401623134500803 5568550
1655401623340578509 5635217
1655401623546498954 5466971
1655401623752525576 5576113
1655401623958431306 5374195
1655401624164275267 5409218
1655401624370024138 5312446
1655401624575895139 5438252
1655401624781893183 5553678
1655401624987631140 5298943
1655401625193388576 5316397
1655401625399397644 5605008
1655401625605204000 5357759
1655401625811385330 5717575
1655401626017426592 5592051
1655401626223234507 5362054
1655401626429154153 5470147
1655401626634961173 5355070
1655401626840926399 5514834
1655401627046815844 5438775
1655401627252740447 5469140
1655401627458605850 5413276
1655401627664567042 5510902
1655401627870459487 5444151
1655401628076442593 5533062
1655401628282495161 5601956
1655401628488457532 5522541
1655401628694433932 5472182
1655401628900871988 6002755
1655401629107571036 6242586
1655401629313786657 5771415
1655401629520371426 6136986
1655401629726682833 5864096
1655401629933035373 5903016
1655401630139285276 5834113
1655401630345502719 5769427
1655401630552004809 6084759
1655401630758447948 6031580
1655401630964812737 5916658
1655401631170836618 5798306
1655401631376951766 5658613
1655401631582878946 5469992
1655401631788802790 5465934
1655401631994747494 5470119
1655401632200554925 5352046
1655401632406623761 5562186
1655401632612646359 5564993
1655401632818554664 5453281
1655401633024309648 5296833
1655401633230364487 5593798
1655401633436234628 5419905
1655401633642252243 5562925
1655401633848206386 5496097
1655401634054010254 5358457
1655401634260019647 5561835
1655401634466025154 5570173
1655401634671899160 5421966
1655401634877961751 5615838
1655401635083869482 5462916
1655401635289805630 5488488
1655401635495738692 5480711
1655401635701661454 5470179
1655401635907532417 5421983
1655401636113440579 5458888
1655401636319135098 5241419
1655401636524987582 5401326
1655401636730893827 5498252
1655401636936795571 5456282
1655401637142445490 5413218
1655401637348486010 5588700
1655401637554405268 5464522
1655401637760555114 5696354
1655401637966641973 5634223
1655401638172581521 5484630
1655401638378602936 5572076
1655401638584701733 5646732
1655401638790578573 5478866
1655401638996336137 5317258
1655401639202278935 5492187
1655401639408148297 5424366
1655401639614072808 5486288
1655401639820050693 5560752
1655401640025702390 5207030
1655401640231528331 5372355
1655401640437131465 5150862
1655401640643062773 5482009
1655401640849183606 5677918
1655401641055146375 5517561
1655401641261114192 5515689
1655401641467202851 5639182
1655401641673073789 5432061
1655401641878974507 5476482
1655401642084603641 5258423
1655401642290471671 5420713
1655401642496250076 5333862
1655401642702349316 5643121
1655401642908419188 5617297
1655401643114217721 5345771
1655401643320071300 5414230
1655401643525861706 5346894
1655401643731644363 5337387
1655401643937435451 5342535
1655401644142930731 5047610
1655401644348933178 5563502
1655401644554756770 5374591
1655401644760604449 5396639
1655401644966684687 5444329
1655401645172627612 5486900
1655401645378560511 5474954
1655401645584476194 5529501
1655401645790371566 5386564
1655401645996170726 5355263
1655401646202185373 5564812
1655401646408040612 5405742
1655401646613939825 5450128
1655401646819663601 5276200
1655401647025552049 5431066
1655401647231421834 5462701
1655401647436822683 4957871
1655401647642550988 5438961
1655401647848358521 5355724
1655401648054102558 5301794
1655401648259962219 5411945
1655401648465792046 5377403
1655401648671720834 5467227
1655401648877876259 5697564
1655401649087117883 8780909
1655401649293144173 5575377
1655401649499157226 5563595
1655401649705186553 5589974
1655401649911227156 5575615
1655401650117256718 5577309
1655401650322612340 5054339
1655401650528226352 5158441
1655401650733985062 5308467
1655401650939928188 5482601
1655401651145671073 5291285
1655401651351473688 5353438
1655401651557355674 5433217
1655401651763170003 5371131
1655401651969074392 5452437
1655401652175049369 5525581
1655401652380986010 5494234
1655401652586866064 5474392
1655401652792619128 5312693
1655401652998464111 5403336
1655401653204567656 5652036
1655401653410845700 5821511
1655401653617264416 5970806
1655401653823472574 5796911
1655401654029465656 5540881
1655401654235098541 5293878
1655401654440768371 5210792
1655401654646359363 5137321
1655401654852180509 5369539
1655401655057848188 5212479
1655401655263590760 5289349
1655401655469420941 5373975
1655401655675451603 5579392
1655401655881540345 5566172
1655401656087509776 5549880
1655401656293361718 5396435
1655401656499393236 5575890
1655401656705393299 5554747
1655401656911504913 5725737
1655401657117413381 5538587
1655401657323502392 5636483
1655401657529277790 5322712
1655401657735102519 5393666
1655401657940965627 5397108
1655401658146774110 5358335
1655401658352683207 5456255
1655401658558223829 5111037
1655401658764247887 5571931
1655401658970292536 5598996
1655401659176065628 5333282
1655401659381865044 5352581
1655401659587259594 4941047
1655401659793173206 5494729
1655401659999071269 5491185
1655401660204974360 5461813
1655401660410917842 5495268
1655401660616714001 5345335
1655401660822374221 5200709
1655401661028171566 5359939
1655401661233998010 5385878
1655401661439863491 5416045
1655401661645795997 5506754
1655401661851677180 5424565
1655401662057353480 5289459
1655401662263085564 5277988
1655401662469049098 5503335
1655401662674851029 5354062
1655401662880890426 5588918
1655401663086710844 5363744
1655401663292702716 5537544
1655401663498591918 5432452
1655401663704567348 5523440
1655401663910554627 5526887
1655401664116608136 5602727
1655401664322525456 5451417
1655401664528512329 5549028
1655401664734262342 5297219
1655401664940248796 5534258
1655401665146181507 5475500
1655401665352157439 5527306
1655401665557893300 5288490
1655401665763656776 5351627
1655401665969590044 5493480
1655401666175441137 5407797
1655401666381256337 5365288
1655401666587397417 5690318
1655401666793482246 5633011
1655401666999524438 5595530
1655401667205576457 5602573
1655401667411422833 5390476
1655401667617338233 5464049
1655401667823200225 5411646
1655401668029151120 5505842
1655401668235193018 5638052
1655401668441020802 5380516
1655401668646447686 4980779
1655401668852395308 5505810
1655401669058347091 5483705
1655401669264341139 5545300
1655401669470606370 5818394
1655401669676539604 5485179
1655401669883814209 6697006
1655401670089820394 5559403
1655401670295719576 5446201
1655401670501675358 5507587
1655401670707443955 5357220
1655401670913380642 5495254
1655401671119563221 5828970
1655401671325533815 5527073
1655401671531369033 5388451
1655401671737483125 5664433
1655401671943611872 5683644
1655401672149556934 5495616
1655401672355415165 5457946
1655401672561379545 5546995
1655401672767213588 5422201
1655401672973169892 5510217
1655401673179184861 5605352
1655401673385167438 5539730
1655401673591009074 5393677
1655401673797037137 5584655
1655401674002747105 5297703
1655401674208689971 5498222
1655401674414401425 5247388
1655401674620347476 5488778
1655401674826149997 5449998
1655401675031526708 5046019
1655401675237499578 5599212
1655401675444278477 6398648
1655401675650994830 6333165
1655401675856720307 5352786
1655401676062087221 5062070
1655401676267927960 5462871
1655401676474144667 5829590
1655401676680567829 6032800
1655401676886785336 5805849
1655401677093341369 6080782
1655401677299637830 5871409
1655401677505939981 5868149
1655401677712096746 5773721
1655401677918163507 5671301
1655401678124407464 5892330
1655401678330511436 5706860
1655401678536844803 5877420
1655401678742333337 5359620
1655401678948607519 5850821
1655401679154454230 5475232
1655401679360695621 5942521
1655401679566142104 5109165
1655401679771960891 5497997
1655401679977314155 5069619
1655401680183367194 5686942
1655401680388862779 5197295
1655401680594526556 5326062
1655401680800509733 5681052
1655401681006426702 5509167
1655401681212430279 5655145
1655401681418316212 5413089
1655401681624316191 5526587
1655401681830095827 5417201
1655401682035992344 5558311
1655401682241815983 5436144
1655401682447537379 5269675
1655401682653299397 5348813
1655401682859103675 5396805
1655401683068201048 8717355
1655401683275440664 6798225
1655401683482232335 6497883
1655401683688165499 5488229
1655401683894305544 5648676
1655401684100197423 5483358
1655401684306276540 5547028
1655401684512283000 5568400
1655401684718270749 5490424
1655401684924245439 5534664
1655401685129969613 5263530
1655401685335832854 5464481
1655401685541765615 5488477
1655401685747670601 5495214
1655401685953576840 5419389
1655401686160778017 6765636
1655401686366882929 5644260
1655401686573456821 6109409
1655401686779676647 5798123
1655401686985940349 5813031
1655401687192311468 5917291
1655401687398542574 5773528
1655401687605088135 6082511
1655401687811327073 5771300
1655401688017675448 5879103
1655401688223887390 5747159
1655401688429950940 5606112
1655401688636268996 5848196
1655401688842538201 5800140
1655401689048923958 5919806
1655401689255059579 5668942
1655401689461504532 5972368
1655401689667942141 5971795
1655401689874315548 5905036
1655401690080601278 5824554
1655401690286341449 5309904
1655401690492478890 5624626
1655401690698395058 5409783
1655401690904348619 5497536
1655401691110395800 5587276
1655401691316424445 5585617
1655401691522390297 5445177
1655401691728457405 5612224
1655401691934208879 5229380
1655401692140274594 5620415
1655401692345977572 5253041
1655401692551866166 5437908
1655401692757664197 5363162
1655401692963451915 5371333
1655401693169543568 5649197
1655401693375334119 5333330
1655401693581164857 5316209
1655401693786869974 5293717
1655401693992858042 5545127
1655401694198366429 5335565
1655401694404343306 5535258
1655401694610344795 5556652
1655401694816642279 5883510
