1655400397341264712 78171892
1655400397547042080 5306013
1655400397752729143 5237164
1655400397958511381 5318002
1655400398163800466 4842509
1655400398369368416 5065352
1655400398574823594 4937883
1655400398780370383 5058768
1655400398985970327 5151130
1655400399191518341 5061319
1655400399396974335 5035660
1655400399602330672 4945537
1655400399808008900 5227280
1655400400013685918 5220259
1655400400219172346 5038011
1655400400425043225 5432235
1655400400631044392 5566401
1655400400837237965 5744276
1655400401044139310 6440085
1655400401249654342 5065489
1655400401455384166 5331136
1655400401661298548 5469727
1655400401867347290 5599554
1655400402072961257 5167521
1655400402278706099 5304483
1655400402484335206 5182907
1655400402690160966 5454274
1655400402895700161 5172827
1655400403101425590 5350964
1655400403307440568 5640958
1655400403513061715 5249150
1655400403718775443 5341831
1655400403924443853 5295233
1655400404130234695 5463979
1655400404335863420 5255808
1655400404541599719 5366257
1655400404747254110 5282200
1655400404952923858 5297801
1655400405158439615 5136717
1655400405364158786 5345630
1655400405570058518 5528116
1655400405776016044 5589700
1655400405981710083 5327843
1655400406187204061 5118974
1655400406392873083 5295596
1655400406598464588 5235503
1655400406804379778 5592038
1655400407010348937 5597326
1655400407215889977 5164774
1655400407421806652 5560159
1655400407627749382 5584668
1655400407833420320 5306035
1655400408039463554 5667876
1655400408245290236 5450982
1655400408450786837 5128021
1655400408656036250 4880638
1655400408862168996 5763214
1655400409068138285 5588440
1655400409273697953 5194457
1655400409479460357 5391608
1655400409684930385 5100987
1655400409890640897 5346369
1655400410096572907 5579053
1655400410302520149 5517049
1655400410507644377 4750080
1655400410713541814 5607270
1655400410919663745 5737120
1655400411126107109 5997004
1655400411332085915 5575615
1655400411537526933 5010026
1655400411743038880 5071517
1655400411948968430 5474118
1655400412154812195 5378884
1655400412360769508 5507821
1655400412566453493 5241315
1655400412772225309 5331875
1655400412977729561 5155746
1655400413183955609 5821754
1655400413389820972 5417189
1655400413595484066 5220705
1655400413801234279 5316161
1655400414006903316 5261899
1655400414212592869 5257608
1655400414418070735 5044104
1655400414623857821 5348802
1655400414829609943 5376277
1655400415035315482 5335848
1655400415241182122 5525330
1655400415446795577 5242495
1655400415652357722 5194592
1655400415857840831 5119910
1655400416063222115 5060570
1655400416269191749 5608434
1655400416474549000 5041253
1655400416680183074 5275501
1655400416885746848 5227877
1655400417091334753 5296692
1655400417297344884 5644815
1655400417503040241 5316088
1655400417708721948 5321629
1655400417914786166 5682672
1655400418120626275 5475377
1655400418326503958 5510403
1655400418532229677 5362505
1655400418737737850 5143965
1655400418943438076 5333393
1655400419149442605 5643658
1655400419355455037 5645337
1655400419560651950 4834335
1655400419766428907 5422712
1655400419972560488 5804795
1655400420178528779 5597800
1655400420384150787 5262891
1655400420589898347 5374761
1655400420795489894 5228071
1655400421001168407 5305346
1655400421206958085 5424717
1655400421412653842 5329833
1655400421618330213 5372147
1655400421823681439 5026461
1655400422029505661 5458784
1655400422235143366 5282752
1655400422440524014 5011642
1655400422645724881 4841617
1655400422851661062 5605697
1655400423057481360 5459326
1655400423263536330 5693408
1655400423469219851 5322054
1655400423674788723 5206697
1655400423880592510 5438153
1655400424086306410 5385096
1655400424292087572 5452143
1655400424497902408 5479529
1655400424703755335 5526771
1655400424909954277 5877394
1655400425116030517 5749953
1655400425321993260 5631547
1655400425528350236 6026800
1655400425733655797 4935364
1655400425939712307 5723636
1655400426145590213 5543152
1655400426351308088 5394252
1655400426557231220 5559536
1655400426762652181 5101753
1655400426968823644 5805202
1655400427174851885 5596814
1655400427380634319 5409988
1655400427585962604 4958994
1655400427791719376 5441466
1655400427997962780 5865957
1655400428203594532 5267724
1655400428409408945 5442130
1655400428614814986 5043379
1655400428820407290 5229109
1655400429026599254 5858810
1655400429232033723 5064718
1655400429437486281 5173993
1655400429643096108 5283794
1655400429848642787 5233109
1655400430054254243 5279646
1655400430259859241 5239889
1655400430465713428 5523678
1655400430671199246 5117300
1655400430876768865 5201199
1655400431082617726 5691589
1655400431288252643 5270857
1655400431493963012 5386944
1655400431699723296 5412152
1655400431905816491 5728308
1655400432111578602 5483796
1655400432317376247 5431874
1655400432522983744 5279168
1655400432728649595 5306599
1655400432934375847 5365163
1655400433140662439 5926510
1655400433346341220 5314717
1655400433551904827 5201136
1655400433757752863 5488966
1655400433963414909 5294932
1655400434169232605 5453163
1655400434374623804 5031406
1655400434580253590 5267664
1655400434785825446 5214339
1655400434991346493 5161649
1655400435197160567 5435378
1655400435402251520 4722604
1655400435608187529 5578621
1655400435813777240 5270458
1655400436019146058 5048304
1655400436224994030 5525057
1655400436430771631 5455079
1655400436636550763 5423524
1655400436842130470 5102124
1655400437047499058 5048993
1655400437253164495 5345386
1655400437458688823 5164413
1655400437663896486 4842644
1655400437869886982 5669577
1655400438075996676 5767464
1655400438281806157 5442131
1655400438487635692 5505779
1655400438693372470 5373395
1655400438899250010 5542529
1655400439105362453 5741724
1655400439310908221 5215805
1655400439516615562 5342480
1655400439722274955 5261039
1655400439928110248 5447409
1655400440133902269 5419696
1655400440339565454 5302820
1655400440545388761 5465998
1655400440750896609 5178596
1655400440957011257 5677267
1655400441162746799 5299582
1655400441368395887 5211986
1655400441574112153 5205142
1655400441779875917 5328667
1655400441985680410 5362412
1655400442191523718 5409225
1655400442397156333 5189125
1655400442602823286 5227888
1655400442808484874 5219222
1655400443013993695 5076096
1655400443219544359 5110079
1655400443425281891 5299471
1655400443631313936 5595143
1655400443836975933 5203545
1655400444042516529 5096852
1655400444248102241 5148376
1655400444453780428 5240613
1655400444659331610 5116071
1655400444865066824 5289742
1655400445070604796 5100588
1655400445276354195 5305652
1655400445482205784 5414354
1655400445687781131 5141118
1655400445893426357 5206637
1655400446099089197 5222472
1655400446304537205 5010493
1655400446510250717 5274509
1655400446715971156 5282192
1655400446921651345 5244365
1655400447127665681 5570136
1655400447333675385 5566319
1655400447539094945 4989874
1655400447744720157 5188018
1655400447950722103 5669696
1655400448156521415 5350763
1655400448362649088 5685313
1655400448568491297 5399187
1655400448774178431 5254042
1655400448979880036 5265911
1655400449185654739 5490684
1655400449391093362 4991990
1655400449596569469 5024950
1655400449803384592 6316381
1655400450009648707 5807129
1655400450215948489 5849169
1655400450422153803 5770108
1655400450628442926 5792497
1655400450834480220 5548865
1655400451040786149 5884584
1655400451246859591 5848919
1655400451452948025 5700024
1655400451658920259 5577897
1655400451865050181 5680818
1655400452071071345 5601281
1655400452277246145 5731875
1655400452483225514 5577178
1655400452689410980 5746727
1655400452895326849 5516951
1655400453101573373 5797282
1655400453307827919 5810723
1655400453514158245 5871910
1655400453720211378 5631620
1655400453926461574 5797369
1655400454132343816 5441227
1655400454338417370 5632845
1655400454544402590 5548034
1655400454750520142 5660838
1655400454956613365 5648686
1655400455162980802 5886557
1655400455369215450 5813437
1655400455575189196 5546273
1655400455781284907 5649537
1655400455986922316 5184868
1655400456192529927 5119904
1655400456398236548 5139599
1655400456603330483 4666548
1655400456808949528 5190554
1655400457014688295 5305517
1655400457220452562 5326750
1655400457426158575 5143120
1655400457631754402 5162843
1655400457837582519 5390070
1655400458043095102 5059120
1655400458249034806 5505803
1655400458454657534 5193933
1655400458660093970 5005213
1655400458865569711 5095709
1655400459071240176 5352652
1655400459276857133 5176454
1655400459482346042 5261475
1655400459688117005 5336542
1655400459893740480 5188791
1655400460098993731 4852760
1655400460304432189 5025774
1655400460509869560 5007905
1655400460715188555 4937462
1655400460920586657 4984995
1655400461125858695 4874721
1655400461331383572 5097909
1655400461537020838 5228384
1655400461742639688 5247180
1655400461948589178 5416285
1655400462154706874 5760023
1655400462361264655 6174459
1655400462567304345 5701589
1655400462773644771 5966924
1655400462979365533 5351793
1655400463185445572 5711047
1655400463390835610 5064816
1655400463596158228 4966467
1655400463801787745 5270963
1655400464007429016 5326641
1655400464213438604 5659555
1655400464419095151 5329925
1655400464624709329 5263370
1655400464830125013 5145950
1655400465035713028 5275686
1655400465241759418 5685599
1655400465447427064 5308501
1655400465653262384 5473423
1655400465858806998 5233384
1655400466064548305 5390696
1655400466270397655 5337352
1655400466476014159 5293022
1655400466681935909 5569852
1655400466887898011 5651983
1655400467093703662 5438666
1655400467299437015 5376400
1655400467505296197 5496289
1655400467710710501 5088936
1655400467916346671 5281501
1655400468122349822 5627595
1655400468328039987 5324837
1655400468533663858 5260062
1655400468739271975 5295683
1655400468945188485 5588161
1655400469151019423 5502678
1655400469356637254 5268208
1655400469562202811 5208394
1655400469768048879 5410052
1655400469973859349 5313817
1655400470179522495 5191795
1655400470385341621 5313068
1655400470591162616 5398876
1655400470796904387 5332141
1655400471002561997 5218062
1655400471208319072 5289358
1655400471414090231 5374355
1655400471619853016 5395673
1655400471825625262 5404135
1655400472031349447 5401660
1655400472236971341 5257488
1655400472442372566 5075653
1655400472648079041 5330178
1655400472853660998 5230919
1655400473058766921 4790244
1655400473264615397 5410302
1655400473470161680 5036314
1655400473675828724 5261545
1655400473881552745 5445881
1655400474087131579 5269288
1655400474292603665 5168569
1655400474498121070 5200959
1655400474703809033 5260689
1655400474909709115 5412929
1655400475115445661 5386302
1655400475321182147 5309592
1655400475526730024 5223204
1655400475732565689 5467805
1655400475938329522 5323872
1655400476144036404 5289702
1655400476349212246 4795692
1655400476554790907 5210539
1655400476760413541 5162133
1655400476965990362 5291756
1655400477171827709 5330737
1655400477377485134 5187399
1655400477583259148 5338439
1655400477789052712 5439879
1655400477994337664 5000244
1655400478200201969 5421092
1655400478406089867 5443293
1655400478611778874 5205534
1655400478817142853 4920177
1655400479022642677 5097628
1655400479228533202 5436843
1655400479433956265 4944744
1655400479639412886 5093655
1655400479845216807 5488770
1655400480050791584 5203116
1655400480256585964 5429170
1655400480462176831 5162012
1655400480667711100 5216889
1655400480873654161 5579089
1655400481079392887 5420223
1655400481284786814 5028115
1655400481490556494 5406067
1655400481696262769 5346740
1655400481902119680 5533357
1655400482107939022 5453421
1655400482313871004 5616464
1655400482520431197 6233715
1655400482726332226 5572604
1655400482932434079 5770125
1655400483138956762 6196862
1655400483345284254 6002530
1655400483551243394 5644064
1655400483757114545 5557253
1655400483963086697 5654601
1655400484169621136 6201827
1655400484374996795 4937763
1655400484581113871 5687480
1655400484786864805 5315454
1655400484992678255 5380012
1655400485198529573 5405932
1655400485403965526 4994368
1655400485609620453 5215068
1655400485815382639 5324705
1655400486021028591 5208953
1655400486226563847 5097923
1655400486431863700 4864315
1655400486637584854 5301409
1655400486843133215 5119766
1655400487049028669 5455091
1655400487254580820 5112982
