1655402597330490515 185577890
1655402597634146465 103234534
1655402597844610485 10103907
1655402598050520986 5506985
1655402598257464416 6557361
1655402598463195709 5284947
1655402598669282707 5700652
1655402598874936268 5214253
1655402599080536854 5172014
1655402599286240090 5268540
1655402599491424402 4793343
1655402599696702174 4851064
1655402599902025916 4898873
1655402600107489119 5315126
1655402600313300434 5381306
1655402600519313456 5591421
1655402600724993693 5285956
1655402600930943887 5518193
1655402601136994206 5602225
1655402601342705317 5260860
1655402601549173328 6066192
1655402601755148922 5548148
1655402601960976107 5389200
1655402602167009696 5607597
1655402602372631201 5184618
1655402602578562236 5493574
1655402602784227542 5234658
1655402602990685408 6025810
1655402603196422260 5298599
1655402603402090431 5237182
1655402603607452767 4979382
1655402603813553428 5676265
1655402604019131672 5176402
1655402604224712711 5155095
1655402604430452235 5305243
1655402604636100268 5213039
1655402604841690420 5150961
1655402605048095907 5955555
1655402605254200536 5704575
1655402605460902553 6256036
1655402605666871985 5546625
1655402605872799731 5524147
1655402606078182717 5201633
1655402606285144293 6625785
1655402606491278072 5681900
1655402606696789276 5103686
1655402606902180807 4935143
1655402607107394892 4822295
1655402607312508331 4831473
1655402607517675059 4747972
1655402607723105136 5198940
1655402607929357023 5923647
1655402608135328424 5493183
1655402608341273478 5585751
1655402608547112654 5504919
1655402608753156155 5715166
1655402608958945997 5396921
1655402609164678373 5451387
1655402609370063855 5109713
1655402609576238560 5816645
1655402609782419557 5870696
1655402609988275378 5545656
1655402610194598828 5987329
1655402610400627616 5720367
1655402610606954280 6017680
1655402610813945278 6614855
1655402611019878803 5638984
1655402611225673178 5449119
1655402611431282645 5307770
1655402611637224144 5633522
1655402611843448734 5866518
1655402612050804075 7011144
1655402612256469394 5328392
1655402612462257800 5422668
1655402612667756029 5181912
1655402612873268389 5151290
1655402613078574052 5011240
1655402613283851387 4945951
1655402613489398928 5221946
1655402613694872371 5137678
1655402613900282317 5080879
1655402614106174980 5585321
1655402614311825211 5342226
1655402614517635744 5460658
1655402614723796381 5761339
1655402614930137843 5984042
1655402615136215850 5740612
1655402615342887955 6344613
1655402615548278625 5088828
1655402615754924531 6312282
1655402615961005836 5762240
1655402616167114183 5763054
1655402616373468777 6038412
1655402616579679761 5892945
1655402616786022617 5998717
1655402616992542949 6138929
1655402617198676153 5802386
1655402617405084321 6076895
1655402617611357655 5952607
1655402617817640616 5956272
1655402618023948370 5858653
1655402618230436347 6129964
1655402618436435673 5678410
1655402618643426910 6630622
1655402618849767289 5973067
1655402619055931009 5756190
1655402619261750515 5448264
1655402619467256052 5153553
1655402619673278306 5662645
1655402619879212131 5571650
1655402620085217899 5671759
1655402620291328889 5768886
1655402620497084483 5414672
1655402620703157897 5715266
1655402620909262318 5730341
1655402621115160008 5528814
1655402621320914743 5386481
1655402621527219423 5940916
1655402621733191786 5640324
1655402621939308672 5754693
1655402622145457047 5778515
1655402622351802572 6003411
1655402622558105684 5929267
1655402622764014854 5573040
1655402622970126672 5724680
1655402623176164039 5701748
1655402623382429134 5895655
1655402623588432494 5670480
1655402623794550341 5741614
1655402624000401616 5527393
1655402624206251113 5478514
1655402624412294830 5717898
1655402624618685570 6025833
1655402624824578714 5549891
1655402625030632623 5679995
1655402625236822213 5862304
1655402625443203912 6009237
1655402625650067982 6530882
1655402625856422563 6013282
1655402626062585468 5788640
1655402626268794936 5873909
1655402626475084534 5924255
1655402626681067603 5641505
1655402626887033479 5634893
1655402627092942587 5545234
1655402627298368067 5040554
1655402627504215729 5515499
1655402627709962097 5381451
1655402627915487595 5379077
1655402628121502749 5654250
1655402628327562825 5496353
1655402628533538912 5656796
1655402628739136535 5094648
1655402628944974996 5526605
1655402629150681755 5341776
1655402629356280371 5283957
1655402629562287676 5644718
1655402629767925214 5315185
1655402629973986156 5700259
1655402630179139495 5011572
1655402630384309451 4854545
1655402630589436684 4776836
1655402630795050835 5267237
1655402631000162608 4801919
1655402631205504249 4987206
1655402631410915673 4925684
1655402631616176458 4949423
1655402631821676278 5196988
1655402632027117659 5007056
1655402632232225009 4798642
1655402632437558053 5006816
1655402632642888592 4834272
1655402632848057092 4856317
1655402633053345945 4931201
1655402633258991560 5288000
1655402633464080704 4767022
1655402633669654644 5259595
1655402633874785905 4823417
1655402634080239344 5141174
1655402634285744845 5153232
1655402634490591541 4649750
1655402634695824984 4912828
1655402634901501002 5348776
1655402635107216373 5381138
1655402635312765498 5244186
1655402635518197182 5126271
1655402635723812618 5312416
1655402635929661112 5517574
1655402636134831802 4834949
1655402636340516066 5284471
1655402636545898914 5088306
1655402636751235169 5161325
1655402636957346376 5767929
1655402637163436700 5688566
1655402637369389197 5560508
1655402637575314419 5552047
1655402637781530171 5923027
1655402637987100015 5166806
1655402638192620000 5028708
1655402638398303216 5286062
1655402638604033877 5344926
1655402638809806940 5321274
1655402639015581865 5513306
1655402639221555043 5537562
1655402639427050978 5128003
1655402639632915324 5460420
1655402639838908360 5493977
1655402640044697414 5409161
1655402640250795916 5577905
1655402640456323754 5159468
1655402640662443071 5775205
1655402640868190900 5352548
1655402641074260028 5662100
1655402641280186716 5514078
1655402641486091369 5531202
1655402641691522884 5098339
1655402641897595601 5673040
1655402642103781247 5766849
1655402642309638452 5562614
1655402642515548350 5425016
1655402642721243201 5322656
1655402642927285137 5675772
1655402643133104514 5459408
1655402643338923550 5431299
1655402643544454135 5181626
1655402643750531302 5632612
1655402643956910841 6013524
1655402644163200905 5865265
1655402644369593703 5955907
1655402644575575685 5524462
1655402644781113488 5087371
1655402644986583036 5074250
1655402645192318328 5350611
1655402645397810059 5059696
1655402645603232167 5208874
1655402645809128185 5605379
1655402646015078066 5488925
1655402646220605358 5073706
1655402646426339366 5273385
1655402646631956436 5153733
1655402646837673993 5212093
1655402647043241438 5135988
1655402647248916821 5188629
1655402647454852681 5471911
1655402647660467320 5217699
1655402647866022814 5119809
1655402648071936468 5517428
1655402648277453828 5055132
1655402648483200335 5375142
1655402648690808075 7170441
1655402648897197915 5928565
1655402649103279694 5659926
1655402649309458254 5740903
1655402649515144198 5229541
1655402649721298869 5703665
1655402649927241258 5493885
1655402650133245523 5585207
1655402650339073298 5383220
1655402650545163738 5647560
1655402650751023419 5420257
1655402650957061133 5591080
1655402651163429135 5923244
1655402651369712902 5835663
1655402651575513610 5617349
1655402651781548399 5633569
1655402651987765921 5644690
1655402652193992725 5810922
1655402652400165329 5724881
1655402652606351393 5737194
1655402652812458413 5656706
1655402653018687563 5821176
1655402653224525067 5433633
1655402653430109105 5142515
1655402653636039241 5525928
1655402653842362204 5885527
1655402654048474102 5674715
1655402654255045816 6044473
1655402654460915353 5486403
1655402654666698826 5355608
1655402654872581045 5441585
1655402655077947105 4918338
1655402655283754380 5597833
1655402655489567940 5376333
1655402655698043493 6962917
1655402655903457947 5276614
1655402656108563369 4876006
1655402656313885105 4902580
1655402656518907750 4848502
1655402656724386889 5084599
1655402656929674790 4861298
1655402657135203976 5152728
1655402657340730234 5099762
1655402657546060894 4901458
1655402657751459847 5003468
1655402657956868683 4983232
1655402658162498352 5198987
1655402658367947668 5110221
1655402658573366713 4981338
1655402658779298783 5504216
1655402658985105273 5418322
1655402659190277054 4736164
1655402659395779400 5106652
1655402659601362141 5168554
1655402659807102497 5311082
1655402660012920921 5426871
1655402660218480284 5132137
1655402660424058658 5192853
1655402660629627184 5145979
1655402660834854166 4831035
1655402661041052295 5811035
1655402661247167847 5680482
1655402661452655934 5072689
1655402661658491670 5413830
1655402661864542590 5662759
1655402662070025595 5062468
1655402662276007830 5595075
1655402662481318694 4892787
1655402662687321162 5579249
1655402662892879907 5179203
1655402663098888803 5580735
1655402663304524705 5253164
1655402663510140694 5195163
1655402663715769642 5240341
1655402663921513140 5353450
1655402664126883887 4912278
1655402664332733073 5433610
1655402664538522352 5400657
1655402664744454600 5544998
1655402664950141018 5256722
1655402665155841613 5318447
1655402665361331897 5095955
1655402665566860427 5141310
1655402665772929243 5686878
1655402665978410097 5089714
1655402666184798440 5999624
1655402666390412668 5225734
1655402666596130547 5393233
1655402666802237471 5705934
1655402667008009479 5382962
1655402667213770808 5370387
1655402667419205648 5074515
1655402667625004007 5409712
1655402667830550525 5154666
1655402668036652511 5739429
1655402668242426416 5447799
1655402668448427934 5688212
1655402668654144383 5361901
1655402668860131641 5673791
1655402669065826883 5334228
1655402669271316202 5152529
1655402669476918149 5254515
1655402669682657256 5390462
1655402669888230471 5250742
1655402670093976223 5397477
1655402670299686033 5592781
1655402670505229157 5235304
1655402670711579682 5939786
1655402670917596840 5700952
1655402671123319000 5155287
1655402671329492232 5745016
1655402671534922436 4872777
1655402671740607475 5299211
1655402671946173041 5137266
1655402672151759900 5228083
1655402672357283759 5096824
1655402672562406185 4776428
1655402672767840216 5003710
1655402672973618812 5491208
1655402673179123780 5046200
1655402673385260152 5848512
1655402673591573761 5908349
1655402673797568983 5693739
1655402674003651907 5768265
1655402674210669274 6635622
1655402674416770029 5705254
1655402674622872528 5799484
1655402674829110889 5898651
1655402675035011145 5545518
1655402675240903066 5517485
1655402675446755224 5467277
1655402675652584670 5327339
1655402675859148831 6187037
1655402676065100472 5437271
1655402676271045214 5568180
1655402676477213261 5641905
1655402676682781621 5264853
1655402676888335980 5141436
1655402677094065829 5268080
1655402677299636073 5161677
1655402677505178633 5208748
1655402677710819157 5211017
1655402677916367279 5143616
1655402678122374690 5638800
1655402678328112475 5275707
1655402678533828099 5169003
1655402678739647482 5585676
1655402678945430966 5315120
1655402679151805215 5950250
1655402679357514617 5306057
1655402679563158816 5175113
1655402679769451141 5784571
1655402679975166115 5157843
1655402680180731456 5190243
1655402680386310296 5069290
1655402680591903364 5303930
1655402680797499703 5160643
1655402681003277713 5286014
1655402681209131040 5445644
1655402681414868375 5292302
1655402681620697597 5435569
1655402681826571261 5453544
1655402682032150246 5212410
1655402682237125498 4610639
1655402682442508658 5042101
1655402682648782766 5900449
1655402682854664297 5497476
1655402683060478654 5402108
1655402683266287334 5403203
1655402683472074559 5395074
1655402683677653260 5187118
1655402683883386172 5480755
1655402684089224569 5447186
1655402684295053942 5425061
1655402684501172895 5724615
1655402684707101992 5525125
1655402684912854556 5334677
1655402685118593658 5307459
1655402685324512610 5569450
1655402685530620017 5723883
1655402685736626961 5624476
1655402685942096968 5040063
1655402686148146624 5662239
1655402686353509776 4936401
1655402686559298775 5273073
1655402686765053599 5367199
1655402686970747867 5260301
