1655402044731452920 201724315
1655402045229032142 202051839
1655402045536549864 107203102
1655402045838547270 11615260
1655402046048774123 9917698
1655402046255671921 6590665
1655402046461593312 5541633
1655402046671598811 9662608
1655402046877125558 5160963
1655402047082415535 4880613
1655402047288468468 5644148
1655402047494755133 5996063
1655402047730399258 35240751
1655402047938709605 7970000
1655402048145351679 6205738
1655402048350692256 4959985
1655402048630412287 79326280
1655402048837396239 6632003
1655402049044801920 7012799
1655402049330333826 85176845
1655402049536813557 6113619
1655402049744476307 7355943
1655402050031890524 87108562
1655402050239235892 6959317
1655402050527057519 87402578
1655402050734849315 7285790
1655402050943208479 7982459
1655402051230777944 87254114
1655402051436415910 5308338
1655402051643150190 6368086
1655402051849345071 5764139
1655402052129327543 79634671
1655402052335136155 5378916
1655402052540671294 5128469
1655402052745842593 4817072
1655402052951035242 5036760
1655402053156948357 5578235
1655402053363746030 6382487
1655402053630802573 66635819
1655402053836387563 5292280
1655402054042538300 5704950
1655402054248127599 5213398
1655402054527335588 78836025
1655402054733180701 5495049
1655402054939613600 6094688
1655402055144620587 4631241
1655402055429260721 84278034
1655402055636263370 6816502
1655402055927533552 90973744
1655402056136261899 8421335
1655402056427293471 90693957
1655402056634496073 6831896
1655402056840747373 5918454
1655402057132732211 91656636
1655402057338930127 5876051
1655402057631066842 91823909
1655402057838306760 6925951
1655402058132431232 93730901
1655402058338815433 6020178
1655402058543655712 4581880
1655402058832661501 5375178
1655402059038143194 5161423
1655402059243450449 4918744
1655402059448664776 4912281
1655402059653618606 4614665
1655402059859740490 5790931
1655402060131109274 71069479
1655402060336895510 5350245
1655402060542620550 5341452
1655402060748392554 5324559
1655402060954193041 5379312
1655402061159653416 5044644
1655402061365444533 5349427
1655402061629451656 63574941
1655402061835500699 5675430
1655402062041240222 5407333
1655402062247261261 5654288
1655402062454149646 6491660
1655402062659754378 5256894
1655402062865572761 5428474
1655402063129320154 63441154
1655402063337085995 7395897
1655402063544204081 6722498
1655402063750420566 5802305
1655402063956189343 5351589
1655402064231139702 74551015
1655402064437502897 5974718
1655402064643530740 5633879
1655402064848870300 4981868
1655402065054406208 5182058
1655402065259786211 5102272
1655402065530374379 70203161
1655402065736208836 5378016
1655402065941776722 5114041
1655402066147035564 4954014
1655402066352039044 4612805
1655402066557025595 4587975
1655402066829267248 71862256
1655402067035434045 5709834
1655402067241609057 5709652
1655402067447159215 5126617
1655402067652557058 5022069
1655402067858333071 5344243
1655402068064636193 5964235
1655402068270035980 5112600
1655402068530351144 59959950
1655402068736414703 5660497
1655402068941751522 4995799
1655402069147371506 5371740
1655402069430858404 83147446
1655402069636502867 5182357
1655402069841823211 4929335
1655402070128637259 86646039
1655402070335007191 5923125
1655402070541706001 6394418
1655402070747111469 5144379
1655402070952218945 4770007
1655402071157830630 5263356
1655402071363444898 5472464
1655402071568970461 5193367
1655402071774747631 5401924
1655402071980628592 5546818
1655402072229380749 48416474
1655402072436329880 6608743
1655402072642598511 5932137
1655402072848026530 5113410
1655402073054286986 5926755
1655402073259727334 5083209
1655402073465461954 5371035
1655402073734771050 68927820
1655402073941218617 6141027
1655402074147564425 6023739
1655402074354207088 6326654
1655402074560998268 6493613
1655402074768125016 6820564
1655402074975529845 7058492
1655402075182799471 6877530
1655402075389715789 6527463
1655402075595774663 5597754
1655402075801520185 5320220
1655402076030352133 28255395
1655402076236699996 5934649
1655402076444592161 7507390
1655402076650136313 5162399
1655402076855706746 5237704
1655402077130949242 74890915
1655402077337270668 5958905
1655402077543536253 5897260
1655402077749381682 5440764
1655402077954961005 5236617
1655402078230343849 75040272
1655402078436337984 5628015
1655402078641904624 5188198
1655402078847402845 5351024
1655402079053132578 5362756
1655402079258601994 5103431
1655402079534219812 75282730
1655402079740139526 5548481
1655402079945967990 5454020
1655402080151601017 5332663
1655402080358588137 6611912
1655402080563655598 4701113
1655402080830651373 66575011
1655402081036035747 5019680
1655402081241319790 4877260
1655402081446417276 4687081
1655402081651882719 5057503
1655402081858033865 5705958
1655402082130503989 72062820
1655402082337316134 6379556
1655402082542791077 5189099
1655402082748795561 5621743
1655402083029722042 80514010
1655402083236009857 5945604
1655402083441955430 5553950
1655402083647475682 5340670
1655402083853134270 5228156
1655402084058722057 5184379
1655402084330617460 71536017
1655402084536723505 5777747
1655402084742647315 5457421
1655402084948510494 5382396
1655402085154565778 5663073
1655402085430255448 75380687
1655402085637325804 6735774
1655402085843800277 6079949
1655402086050081122 5888661
1655402086257432361 6948134
1655402086463526610 5522501
1655402086669551798 5597661
1655402086875270573 5298694
1655402087130713823 55112781
1655402087337692921 6594051
1655402087543209141 5181289
1655402087750681383 7091469
1655402087957160725 6010455
1655402088163591088 5960042
1655402088429313794 65239630
1655402088635499520 5739291
1655402088842586215 6653641
1655402089047902720 4929086
1655402089253345888 5120045
1655402089459234743 5555887
1655402089664956629 5372457
1655402089870569944 5291324
1655402090076095862 5212874
1655402090329423704 52970913
1655402090535401104 5598816
1655402090743104032 7388309
1655402090949705052 6268890
1655402091155715241 5662962
1655402091363001270 6969228
1655402091629354722 66031725
1655402091835685792 5965421
1655402092042131751 6123496
1655402092247468108 5019742
1655402092453000398 5223882
1655402092729556473 76249245
1655402092935817499 5859242
1655402093142083579 5883304
1655402093347231442 4820385
1655402093552915656 5368034
1655402093758166080 4912893
1655402093963360237 4765698
1655402094228873882 65182630
1655402094435683731 6387340
1655402094641910892 5789370
1655402094847738828 5394077
1655402095053533000 5405570
1655402095260193232 6128848
1655402095465957900 5355423
1655402095671346956 5233744
1655402095930273167 58537453
1655402096136664461 5930939
1655402096342903749 5819311
1655402096548508933 5149411
1655402096754111697 5194480
1655402096959627398 5082763
1655402097165506527 5421786
1655402097371690451 5732995
1655402097577315996 5213520
1655402097782553253 4777448
1655402098029394912 46387207
1655402098235173214 5373068
1655402098440833866 5269209
1655402098646351944 5142272
1655402098851961770 5213393
1655402099057581510 5209377
1655402099263240209 5208160
1655402099469017575 5361840
1655402099674900554 5442985
1655402099880810757 5463887
1655402100086854860 5590161
1655402100328825938 41528337
1655402100534726188 5504104
1655402100740716579 5579483
1655402100946567716 5403686
1655402101152668822 5757948
1655402101358927489 5908893
1655402101564837506 5610615
1655402101770952177 5750852
1655402101976948621 5592769
1655402102227961570 50604338
1655402102434751042 6386365
1655402102640854535 5663505
1655402102846599223 5332832
1655402103052383868 5390150
1655402103335081776 82272249
1655402103541266877 5803560
1655402103747244162 5584561
1655402103952827483 5238805
1655402104158268940 5079678
1655402104363098069 4472107
1655402104631258208 67821475
1655402104838188805 6548105
1655402105043453820 4855312
1655402105248591815 4764766
1655402105527314313 78303620
1655402105735417790 7645030
1655402105942140903 6291481
1655402106147800234 5232943
1655402106427070825 78835796
1655402106637535211 9942471
1655402106844660451 6677482
1655402107050821055 5743687
1655402107329420137 78184222
1655402107536592473 6765166
1655402107742843561 5868658
1655402107948031595 4797060
1655402108227505806 79175601
1655402108433718341 5788999
1655402108640175279 6008192
1655402108845928427 5370291
1655402109051067525 4792829
1655402109256370959 4856700
1655402109462622567 5885632
1655402109729367543 66386648
1655402109935514755 5793374
1655402110141238308 5335225
1655402110347067561 5442897
1655402110552590905 5185017
1655402110758250057 5269131
1655402110963681936 5093505
1655402111231451801 67386376
1655402111437698725 5830572
1655402111643279377 5250889
1655402111848657329 5017455
1655402112055775942 6825090
1655402112334323533 78218924
1655402112540341588 5584245
1655402112746233002 5554768
1655402112952110936 5533622
1655402113157920689 5421590
1655402113363514232 5365532
1655402113569156554 5305208
1655402113775134447 5591213
1655402114033242616 57784457
1655402114239367388 5750892
1655402114445135491 5434915
1655402114651112983 5603377
1655402114856802753 5310013
1655402115062512597 5337150
1655402115268234561 5396678
1655402115474328786 5718922
1655402115680147907 5483116
1655402115886096688 5575301
1655402116129391365 43192699
1655402116335337089 5502340
1655402116541198435 5496140
1655402116746562274 4913125
1655402116951471345 4613987
1655402117156691500 4803028
1655402117361752315 4666741
1655402117629250193 67142217
1655402117835510156 5818515
1655402118041026332 5107586
1655402118246762788 5364105
1655402118451934362 4796599
1655402118657772631 5450086
1655402118863266364 5373700
1655402119130649206 67007998
1655402119336301282 5238896
1655402119542680967 5975827
1655402119747888992 4728440
1655402119954681605 6562132
1655402120160283025 5222623
1655402120430900178 70232481
1655402120636616533 5288486
1655402120843177856 6159386
1655402121049009447 5403706
1655402121254697577 5251334
1655402121460475552 5344676
1655402121666452248 5544160
1655402121934230251 67383598
1655402122141231559 6553394
1655402122347346191 5645572
1655402122553207707 5420040
1655402122758844818 5162383
1655402122964579609 5337531
1655402123170232085 5216323
1655402123376311752 5650444
1655402123581697508 4919160
1655402123829357544 47199228
1655402124035791694 6019423
1655402124241609374 5355118
1655402124446920740 4873458
1655402124652604006 5293653
1655402124857769607 4750428
1655402125130297745 72169668
1655402125337338820 6590721
1655402125547856380 7235696
1655402125754075015 5919782
1655402125959367485 4999021
1655402126165637680 5920581
1655402126430533818 64573677
1655402126637745393 6821420
1655402126844453291 6349161
1655402127051721308 6894607
1655402127330870964 78810782
1655402127537038304 5804571
1655402127742671086 5254026
1655402127948154590 5063362
1655402128153293074 4758189
1655402128358532943 4847348
1655402128631202117 72290613
1655402128837422549 5778432
1655402129043418849 5521353
1655402129249495936 5728436
1655402129455408841 5502619
1655402129661285890 5510508
1655402129867303720 5493936
1655402130073276903 5569946
1655402130330586885 56921823
1655402130536265923 5304022
1655402130741942464 5243774
1655402130947597371 5243349
1655402131152648392 4624662
1655402131358198786 5158406
1655402131564320350 5714261
1655402131769650162 4937542
1655402131975414711 5504105
1655402132230207534 54403467
1655402132437238056 6655910
1655402132644720597 7088314
1655402132851679062 6572928
1655402133058285853 6195288
1655402133329424272 70754629
1655402133536505961 6722737
1655402133743904743 7096048
1655402133951070664 6824605
1655402134227746730 76263804
1655402134434250225 6068283
