1655402817331972895 156355488
1655402817837732186 210797913
1655402818043199716 5197350
1655402818249212578 5668362
1655402818455464763 5850026
1655402818661813473 5960853
1655402818868389718 6328404
1655402819074688146 5900148
1655402819284220389 9188971
1655402819493761214 9147119
1655402819701196735 7130484
1655402819906815442 5229799
1655402820113863884 6756936
1655402820320462726 6230487
1655402820526522533 5687048
1655402820733005804 6143813
1655402820939234694 5844319
1655402821146718871 7105709
1655402821352891978 5837472
1655402821559372969 6129178
1655402821766264216 6511172
1655402821971765524 5118646
1655402822177203006 5091744
1655402822383613848 6039928
1655402822589462783 5431587
1655402822794912580 5072169
1655402823000274839 4966768
1655402823206835052 6168167
1655402823412276856 5065314
1655402823617811583 5158848
1655402823824765166 6520484
1655402824031435070 6301609
1655402824236987521 5224043
1655402824444008537 6601222
1655402824650351736 6029185
1655402824856216888 5459771
1655402825062361188 5836197
1655402825268907735 6248657
1655402825475426101 6199902
1655402825682202100 6469818
1655402825887972618 5441457
1655402826095082139 6787830
1655402826301781693 6389546
1655402826508639125 6722234
1655402826715640052 6634622
1655402826923540844 7577423
1655402827131401443 7430494
1655402827338778267 7036444
1655402827545333147 6213872
1655402827751421469 5718714
1655402827957595836 5776486
1655402828162986052 4935144
1655402828368334205 5007917
1655402828573812281 5073012
1655402828778912943 4905664
1655402828984240281 5009265
1655402829189516810 4927760
1655402829394730292 4844872
1655402829599918300 4847132
1655402829805767110 5543540
1655402830011271354 5362854
1655402830216566453 4956510
1655402830422371862 5499027
1655402830628199380 5525190
1655402830834183914 5603486
1655402831040142564 5655067
1655402831247022571 6559069
1655402831454072133 6741430
1655402831661373591 6997612
1655402831866647118 4933453
1655402832072950766 5984846
1655402832279738793 6488891
1655402832486087311 6049953
1655402832691512859 5091483
1655402832896969957 5089188
1655402833102506680 5174180
1655402833307897278 5061752
1655402833513435871 5227371
1655402833719243635 5440112
1655402833924957327 5393238
1655402834130590037 5318676
1655402834336182825 5303824
1655402834542892305 6369079
1655402834749649557 6452290
1655402834956367323 6393135
1655402835163089021 6381969
1655402835369915421 6444913
1655402835576708326 6377844
1655402835783017433 5932081
1655402835989122320 5669250
1655402836195374012 5882632
1655402836401245905 5500826
1655402836607277980 5605990
1655402836813387130 5688415
1655402837019551574 5718550
1655402837225658974 5738925
1655402837431833516 5732372
1655402837637235638 5071946
1655402837842959200 5408468
1655402838049097658 5756851
1655402838254511318 5069149
1655402838460032566 5177230
1655402838665646536 5184070
1655402838871355955 5381005
1655402839076756977 5079395
1655402839283000292 5924717
1655402839489430616 6110604
1655402839695784709 5923241
1655402839902616749 6440604
1655402840108572796 5532730
1655402840314594554 5585714
1655402840520606070 5608541
1655402840726480368 5446843
1655402840932342951 5409536
1655402841138428473 5685437
1655402841344108536 5338354
1655402841549242288 4784167
1655402841756016672 6466229
1655402841962102631 5739388
1655402842168497315 5967521
1655402842375135137 6270387
1655402842581702400 6076072
1655402842788106824 6038143
1655402842993663713 5289315
1655402843199241264 5210323
1655402843404763317 5126828
1655402843610143511 4960710
1655402843815578569 4965640
1655402844021353775 5312222
1655402844226988848 5241269
1655402844432440510 5062114
1655402844637966769 5204452
1655402844843226665 4962681
1655402845048720728 5186984
1655402845254336470 5240863
1655402845460026398 5353010
1655402845665959376 5533624
1655402845873593517 7221714
1655402846080563742 6433116
1655402846287190844 6204671
1655402846493080487 5600226
1655402846699687329 6153892
1655402846906416486 6274281
1655402847113239119 6411208
1655402847319479150 5760908
1655402847525296579 5363409
1655402847731946330 6240705
1655402847937917099 5527322
1655402848143078218 4704063
1655402848347969822 4531351
1655402848553232514 4814266
1655402848759847151 6177863
1655402848967518824 7232656
1655402849174907187 6946078
1655402849380886400 5574756
1655402849587714316 6376891
1655402849793556898 5395372
1655402849999246787 5174761
1655402850205129675 5433893
1655402850412549637 6976706
1655402850618324648 5321945
1655402850824605528 5867477
1655402851031411027 6362804
1655402851237992148 6130505
1655402851444180795 5778954
1655402851650772580 6136050
1655402851858086513 6927933
1655402852063678303 5206732
1655402852269494541 5402865
1655402852475869348 5964170
1655402852681574208 5247106
1655402852886993165 4965104
1655402853092949810 5531256
1655402853298275150 4874218
1655402853505146066 6459684
1655402853711937463 6335223
1655402853918303388 5907609
1655402854124421558 5683582
1655402854331662676 6786992
1655402854538984333 6854338
1655402854745565346 6159330
1655402854952789568 6770779
1655402855159553626 6305436
1655402855365578608 5599622
1655402855571143577 5076095
1655402855777009858 5474989
1655402855982504485 5036133
1655402856188946735 6019497
1655402856395765255 6367107
1655402856601569461 5511631
1655402856807078280 5124435
1655402857012752658 5251715
1655402857218591374 5368314
1655402857424560281 5508606
1655402857630269808 5293761
1655402857835832454 5121130
1655402858041517570 5215193
1655402858247217620 5241649
1655402858453014392 5298861
1655402858658328928 4900852
1655402858864175967 5397278
1655402859069963260 5338557
1655402859275503585 5285674
1655402859481137412 5251643
1655402859687616011 6089922
1655402859893150964 5199198
1655402860099713594 6176634
1655402860305416702 5309599
1655402860511524730 5705374
1655402860716931886 5020263
1655402860923238909 5869884
1655402861129294713 5656783
1655402861334837679 5161435
1655402861540794023 5565810
1655402861746466314 5279689
1655402861952867590 6063114
1655402862158576918 5335885
1655402862364283819 5295526
1655402862569991293 5311854
1655402862775785636 5411378
1655402862981571824 5363382
1655402863186628315 4672771
1655402863392353648 5342046
1655402863598171132 5421195
1655402863803936008 5375986
1655402864010054026 5744316
1655402864215741439 5348923
1655402864421650241 5518050
1655402864629249843 7121085
1655402864836225162 6555187
1655402865043489654 6802647
1655402865249730284 5818627
1655402865455744935 5570309
1655402865661912439 5707696
1655402865867906604 5864834
1655402866073715683 5501713
1655402866279723135 5626520
1655402866485415514 5272983
1655402866692353396 6567684
1655402866898847788 6039895
1655402867105374122 6146655
1655402867312572047 6805749
1655402867518899378 5885270
1655402867725248527 5944081
1655402867931586177 5892443
1655402868137768856 5857530
1655402868344201492 6072951
1655402868550500718 5905183
1655402868757169442 6280579
1655402868963954100 6364099
1655402869170370747 5967470
1655402869376702240 5907037
1655402869583492148 6390792
1655402869790005345 6050292
1655402869996397936 5986112
1655402870202426020 5727959
1655402870409006940 6127382
1655402870615538624 6169796
1655402870821731496 5812559
1655402871028056225 6004538
1655402871234100136 5670108
1655402871439942805 5493070
1655402871645771918 5451372
1655402871851746149 5587771
1655402872057806651 5692781
1655402872263824183 5681576
1655402872470077495 5846298
1655402872676112507 5657249
1655402872882348899 5932901
1655402873088210637 5485553
1655402873294363540 5779230
1655402873500168867 5425113
1655402873706085154 5616821
1655402873911917076 5543255
1655402874117401793 5044392
1655402874323196974 5360196
1655402874529194045 5605979
1655402874735157958 5613461
1655402874940756649 5254295
1655402875146824180 5676715
1655402875352533522 5306949
1655402875558230504 5292057
1655402875763931490 5330073
1655402875969623737 5336366
1655402876175264749 5284939
1655402876381137394 5490985
1655402876587082316 5551359
1655402876792928478 5460948
1655402876998569937 5263249
1655402877204451223 5513807
1655402877410583255 5761405
1655402877616260328 5301886
1655402877822317844 5675086
1655402878027776235 5117471
1655402878233905302 5729774
1655402878439708623 5576509
1655402878645655260 5564600
1655402878852531071 6463295
1655402879058233741 5415381
1655402879264176093 5609260
1655402879469646926 5132379
1655402879676574549 6589458
1655402879883158636 6272697
1655402880089637404 6172502
1655402880297843115 7854924
1655402880505620828 7560085
1655402880712101069 6189754
1655402880918678250 6194380
1655402881125166388 6151665
1655402881332142003 6605827
1655402881539000710 6482408
1655402881745127984 5784982
1655402881950961548 5453205
1655402882157233269 5938036
1655402882363190259 5581904
1655402882568782991 5223649
1655402882774854084 5688382
1655402882980644489 5454950
1655402883186608533 5590091
1655402883392520791 5571405
1655402883598482353 5587980
1655402883804819167 6005062
1655402884011017492 5825154
1655402884217544197 6152978
1655402884422931578 4938023
1655402884629074848 5769491
1655402884835245288 5791225
1655402885040957159 5328815
1655402885246855119 5525928
1655402885453053268 5821509
1655402885659947406 6515061
1655402885865839904 5512809
1655402886072027977 5981942
1655402886278320441 5911519
1655402886484403485 5736547
1655402886690251116 5463227
1655402886896243133 5683996
1655402887101830826 5191035
1655402887307410158 5145437
1655402887513339503 5498671
1655402887719516929 5750766
1655402887925952580 6001702
1655402888132748839 6439889
1655402888339061164 5899202
1655402888545699441 6204750
1655402888751300822 5267656
1655402888956891247 5272457
1655402889162731176 5407225
1655402889368481492 5319195
1655402889574232945 5317898
1655402889780153654 5489228
1655402889986066777 5480373
1655402890191827089 5326363
1655402890397560194 5302661
1655402890603247397 5243023
1655402890808951732 5281760
1655402891014631461 5255134
1655402891220443735 5334226
1655402891426265682 5385397
1655402891632942170 6273533
1655402891838921460 5557031
1655402892044819279 5454520
1655402892250622396 5375479
1655402892456365963 5317579
1655402892662319985 5576395
1655402892868818686 6061334
1655402893075448321 6189343
1655402893282605887 6720407
1655402893489514147 6471154
1655402893696412026 6455868
1655402893902254575 5409285
1655402894107942144 5254189
1655402894313800589 5415612
1655402894519506137 5242873
1655402894725329375 5380190
1655402894931131196 5364432
1655402895137097896 5528433
1655402895343177136 5644432
1655402895549031893 5415290
1655402895755035479 5568272
1655402895960741819 5267126
1655402896166423469 5244610
1655402896372356719 5542541
1655402896578154515 5364793
1655402896783820335 5281991
1655402896989516677 5279750
1655402897195369354 5340622
1655402897401967042 6176207
1655402897607656777 5482063
1655402897814274531 6195830
1655402898020668027 6013935
1655402898227328377 6239756
1655402898433009515 5258307
1655402898638785779 5357553
1655402898844561170 5353617
1655402899050398932 5407110
1655402899256108653 5300077
1655402899461973272 5433045
1655402899667849442 5496849
1655402899873702414 5474459
1655402900079505835 5415561
1655402900285265768 5349023
1655402900490774079 5219747
1655402900696533010 5327539
1655402900902243595 5289801
1655402901107914563 5284099
1655402901313671498 5325727
1655402901519471308 5361169
1655402901725281249 5381685
1655402901930961504 5228277
1655402902136630862 5241898
1655402902342176994 5126190
1655402902547996313 5382404
1655402902753697247 5268169
1655402902960126187 6089341
1655402903165587021 5026474
1655402903371450702 5313193
1655402903577157275 5274037
1655402903783026478 5443158
1655402903988750911 5300791
1655402904194504670 5331151
1655402904400201778 5307558
1655402904606058594 5433508
1655402904811761553 5321388
1655402905018027325 5877630
1655402905223864936 5463617
1655402905431236309 7000640
1655402905637085816 5489172
1655402905843450055 5997680
1655402906049285709 5479986
1655402906255322892 5667528
1655402906460987382 5291347
1655402906667883722 6521986
1655402906873654696 5400465
1655402907079380743 5342281
