1655409672622022772 161093550
1655409673022670124 200298640
1655409673230141148 7020818
1655409673436916231 6387623
1655409673641822173 4521550
1655409673847579667 5426189
1655409674054418476 6437239
1655409674260803701 5996705
1655409674468107344 6934799
1655409674676245356 7759524
1655409674883559856 6852087
1655409675092530159 8496889
1655409675299100820 6289265
1655409675506047815 6610416
1655409675711121092 4704462
1655409675918122891 6637723
1655409676124887034 6444596
1655409676331726231 6319728
1655409676537657384 5580816
1655409676744116990 6101111
1655409676950450023 5991562
1655409677156899104 6138748
1655409677362947783 5739123
1655409677568971386 5598411
1655409677775296748 5831171
1655409677981372084 5709548
1655409678187307826 5565112
1655409678393418496 5797364
1655409678599288670 5486984
1655409678805373300 5779592
1655409679011429040 5670329
1655409679217332725 5611741
1655409679423203786 5522657
1655409679629250183 5656618
1655409679834105303 4568440
1655409680039256379 4713494
1655409680244592713 4919566
1655409680450714974 5651642
1655409680656060239 4949649
1655409680861678133 5198045
1655409681067249329 5182162
1655409681272757407 5096246
1655409681478005269 4890610
1655409681683552718 5166584
1655409681889474548 5584127
1655409682094716334 4868469
1655409682300934573 5853710
1655409682507044439 5751898
1655409682713119917 5731437
1655409682918654756 5092123
1655409683123933868 4872036
1655409683330623855 6344622
1655409683536337770 5337803
1655409683741993854 5275741
1655409683947616331 5192547
1655409684153542379 5534336
1655409684360294422 6396219
1655409684566345484 5689456
1655409684773208438 6471310
1655409684981115558 7578187
1655409685187906461 6413088
1655409685394091082 5790076
1655409685599870741 5468847
1655409685806061655 5869150
1655409686012015264 5569835
1655409686217688901 5330155
1655409686424324831 6248097
1655409686630389702 5589192
1655409686836566404 5738184
1655409687042860064 5951483
1655409687249419306 6170700
1655409687455698486 5854852
1655409687661734377 5565901
1655409687867737796 5648003
1655409688074413173 6208147
1655409688280410384 5616590
1655409688486350405 5352018
1655409688692243629 5478770
1655409688897965387 5319672
1655409689103818262 5409050
1655409689309571545 5334432
1655409689515220684 5238103
1655409689721088906 5455028
1655409689926636991 5129750
1655409690132081899 5040004
1655409690337732577 5313504
1655409690543264616 5125207
1655409690748919205 5268744
1655409690954304104 4972010
1655409691159911044 5311062
1655409691365374517 5163139
1655409691571198107 5452761
1655409691776942280 5319426
1655409691982521442 5168878
1655409692188121803 5179722
1655409692393962208 5410365
1655409692599644593 5264493
1655409692805513624 5451406
1655409693011167212 5238978
1655409693216930781 5374942
1655409693422437573 5174850
1655409693627973984 5200821
1655409693834419433 6089599
1655409694040171943 5379790
1655409694245965806 5299672
1655409694451670370 5278388
1655409694657337886 5193597
1655409694862767802 5080426
1655409695068558048 5413273
1655409695274225294 5270571
1655409695480126795 5468461
1655409695686710250 6127799
1655409695893607598 6446231
1655409696099167725 5130298
1655409696305736039 6103980
1655409696512465469 6269436
1655409696718807715 5903733
1655409696924527528 5253199
1655409697130126951 5207533
1655409697336390223 5819628
1655409697542970071 6060109
1655409697749872346 6442779
1655409697956978020 6674358
1655409698163628431 6217035
1655409698370316017 6312106
1655409698577101871 6239272
1655409698783421282 5951552
1655409698989532161 5735413
1655409699195938413 5978995
1655409699402284054 5919233
1655409699608568917 5853924
1655409699814750969 5782942
1655409700021193692 6020029
1655409700227035466 5484730
1655409700433241979 5847793
1655409700639721348 6067782
1655409700846045982 5900788
1655409701052586117 6015639
1655409701259413878 6235708
1655409701465749819 5912957
1655409701671509784 5289365
1655409701877070840 5258911
1655409702082790656 5380147
1655409702288513874 5307795
1655409702493890883 4995454
1655409702699757370 5387628
1655409702906087908 6012276
1655409703112646029 6205721
1655409703318592410 5802557
1655409703525276103 6350398
1655409703731261241 5665422
1655409703937480336 5881263
1655409704144002013 6171181
1655409704350422619 6104507
1655409704556433543 5709832
1655409704762611297 5673215
1655409704969000496 6075662
1655409705174671117 5340123
1655409705380672822 5676934
1655409705586434626 5381609
1655409705792606149 5855434
1655409705998384925 5505785
1655409706204556104 5848302
1655409706410617870 5760477
1655409706617997105 7043339
1655409706823982672 5653855
1655409707029968779 5665547
1655409707235947921 5627931
1655409707441792232 5496592
1655409707647683942 5551000
1655409707853383655 5355167
1655409708059209072 5479866
1655409708265208744 5655845
1655409708470833052 5289853
1655409708676538387 5356070
1655409708882368902 5514281
1655409709088257359 5556047
1655409709293936440 5336860
1655409709500086084 5809579
1655409709706085438 5661362
1655409709911831825 5405578
1655409710117758164 5590079
1655409710323346624 5253595
1655409710529117190 5434472
1655409710734781180 5322915
1655409710940440743 5318077
1655409711146461927 5628447
1655409711352375038 5601596
1655409711557996151 5169877
1655409711763858268 5530179
1655409711969423731 5227080
1655409712175144621 5387460
1655409712381013909 5533708
1655409712586699623 5376463
1655409712793187801 6169805
1655409712999106934 5614752
1655409713205737542 6248830
1655409713412189792 6116980
1655409713619018966 6481029
1655409713825438896 6077366
1655409714031841582 6064658
1655409714239386372 7202272
1655409714446042877 6313348
1655409714652231754 5881393
1655409714858308896 5737350
1655409715065206534 6560548
1655409715270764246 5190875
1655409715476644563 5535245
1655409715683080882 6228108
1655409715889720129 6326999
1655409716095533372 5385655
1655409716301235205 5295459
1655409716507189413 5651404
1655409716713224849 5671192
1655409716919160128 5577723
1655409717125565217 6005760
1655409717332259655 6367218
1655409717539009164 6389614
1655409717745534355 6131354
1655409717952180018 6122201
1655409718157553643 4965828
1655409718363165577 5313405
1655409718568485566 4915619
1655409718773778129 4871083
1655409718979918052 5814476
1655409719186317729 6020905
1655409719392175998 5516946
1655409719598964974 6363133
1655409719805844448 6501423
1655409720012974574 6682791
1655409720219771835 6495393
1655409720426569098 6402965
1655409720632822022 5945219
1655409720839515848 6363923
1655409721046562182 6645101
1655409721253244877 6289332
1655409721459950621 6361093
1655409721666257818 5845867
1655409721872265763 5613502
1655409722078133766 5457927
1655409722284086796 5592794
1655409722490146907 5579283
1655409722696022600 5469944
1655409722901867183 5438053
1655409723107914203 5692804
1655409723313794637 5517088
1655409723519869862 5697687
1655409723725944380 5569413
1655409723932118638 5830373
1655409724138286415 5785938
1655409724344202752 5567627
1655409724550118755 5525855
1655409724755970054 5501011
1655409724961967038 5691946
1655409725169952849 7299017
1655409725375609241 5206124
1655409725581029065 5015743
1655409725787129463 5704100
1655409725992624608 5096554
1655409726198744033 5877784
1655409726404466394 5233815
1655409726610013405 5171517
1655409726815987444 5674935
1655409727021976843 5592456
1655409727227796707 5486753
1655409727433852772 5664727
1655409727639351463 5133208
1655409727845307342 5509827
1655409728051326543 5587935
1655409728257166420 5483499
1655409728463232776 5735010
1655409728668988337 5365550
1655409728874991454 5616822
1655409729081052659 5601247
1655409729286768869 5336603
1655409729492160458 5012399
1655409729698223801 5719096
1655409729904338327 5714474
1655409730111116825 6371197
1655409730317078367 5485427
1655409730523034008 5607762
1655409730729207754 5816082
1655409730934910002 5354810
1655409731140874193 5640268
1655409731346653469 5468800
1655409731553592031 6606875
1655409731760559489 6599194
1655409731966712477 5864137
1655409732173327341 6262680
1655409732379011749 5246426
1655409732584746032 5356037
1655409732790101322 5093786
1655409732995450114 5002883
1655409733200921759 5054655
1655409733406315731 5003109
1655409733612013762 5350915
1655409733817989780 5630932
1655409734023657280 5316953
1655409734229309798 5263503
1655409734435776791 6125625
1655409734641659385 5544037
1655409734847743803 5744319
1655409735053555284 5468916
1655409735259787288 5895783
1655409735465499823 5368618
1655409735671672463 5779183
1655409735877517904 5456334
1655409736084815642 6927368
1655409736291129661 5942303
1655409736497521265 6056466
1655409736703869286 5982383
1655409736910226423 5825149
1655409737116422151 5645026
1655409737322375804 5532560
1655409737528184334 5439740
1655409737734132925 5420644
1655409737939486297 5043959
1655409738145689719 5827380
1655409738351454043 5366803
1655409738558713802 6868889
1655409738764961257 5833463
1655409738970898031 5544157
1655409739176786661 5479126
1655409739382429972 5174568
1655409739589866193 7082596
1655409739795325011 5056789
1655409740001505513 5835498
1655409740207966105 6113771
1655409740413246710 4874886
1655409740618475503 4886421
1655409740824132617 5317340
1655409741030254068 5698206
1655409741236059668 5460594
1655409741441675366 5198151
1655409741647200289 5168216
1655409741852507108 4883493
1655409742058225535 5341156
1655409742264897514 6332664
1655409742471963522 6683459
1655409742678756907 6446344
1655409742884742311 5664419
1655409743091923321 6862271
1655409743299247193 6984475
1655409743505077168 5508714
1655409743710730444 5339643
1655409743916592022 5544189
1655409744121874589 4978235
1655409744327846625 5592188
1655409744533680870 5439427
1655409744739920388 5890563
1655409744946467798 6183981
1655409745153177546 6319103
1655409745359405899 5822674
1655409745565194072 5447133
1655409745770843696 5309857
1655409745976489281 5260612
1655409746182248610 5277342
1655409746388006119 5422960
1655409746593793437 5442517
1655409746800090906 5960871
1655409747006412541 5982378
1655409747212903501 6155565
1655409747418875928 5632278
1655409747624933583 5766053
1655409747831169104 5848181
1655409748037365620 5845850
1655409748243797239 6092463
1655409748449718752 5526953
1655409748655729930 5673736
1655409748861770389 5693941
1655409749068142115 6032557
1655409749274301351 5776761
1655409749480299371 5612335
1655409749686741777 6054016
1655409749893056152 5923653
1655409750099368544 5970463
1655409750305629614 5865853
1655409750512051428 6024160
1655409750718149505 5706712
1655409750924170741 5623528
1655409751130584062 6017566
1655409751336731909 5753670
1655409751542226512 5085313
1655409751747922148 5358863
1655409751953723492 5446106
1655409752160085038 5963253
1655409752366340774 5846248
1655409752572610448 5861060
1655409752778840824 5784862
1655409752985078371 5839864
1655409753191085792 5658797
1655409753397612777 6120173
1655409753603913022 5897351
1655409753809733321 5412244
1655409754015610838 5474609
1655409754221502313 5489811
1655409754427557189 5733914
1655409754634373378 6416233
1655409754840322636 5553177
1655409755046080574 5345712
1655409755252174064 5738165
1655409755458193173 5615533
1655409755664581720 5938917
1655409755870784359 5771192
1655409756077189843 5971120
1655409756283430527 5889198
1655409756489671114 5860163
1655409756695877984 5798389
1655409756902207509 5925077
1655409757108419989 5860187
1655409757314231710 5220637
1655409757520086727 5408521
1655409757725811780 5292804
1655409757931556192 5334278
1655409758137329836 5362238
1655409758343055926 5322445
1655409758549088487 5579132
1655409758754808297 5342517
1655409758960440028 5195577
1655409759165129633 4395881
1655409759370459701 4946260
1655409759576160934 5275761
1655409759781713005 5168178
1655409759988187003 6067373
1655409760194012870 5447403
1655409760400266951 5792099
1655409760606422668 5760298
1655409760812404348 5578442
1655409761019276118 6308234
1655409761224997400 5417305
1655409761430539178 5238000
1655409761636148612 5304819
1655409761841779016 5325044
1655409762048065808 5902405
1655409762254291194 5788960
1655409762460219165 5480473
