1655403148827204396 165436171
1655403150248520340 1220937390
1655403150456142931 7221559
1655403150662560764 6069782
1655403150869246637 6265714
1655403151075985926 6307342
1655403151282467473 6075456
1655403151487717753 4851004
1655403151692990224 4816096
1655403151898331657 4909436
1655403152103305672 4472801
1655403152309009299 5278447
1655403152514916486 5517035
1655403152720568193 5275768
1655403152926817124 5830561
1655403153134318503 7122286
1655403153340488354 5780579
1655403153547553566 6638125
1655403153754228860 6325324
1655403153960705878 6140626
1655403154166735023 5643707
1655403154372650128 5581002
1655403154578960108 6013503
1655403154784954705 5654630
1655403154990795673 5504105
1655403155196532604 5356084
1655403155403318651 6412275
1655403155609341347 5591099
1655403155815029800 5281075
1655403156021279500 5854144
1655403156227683116 6027172
1655403156434466202 6446807
1655403156641321613 6468519
1655403156848755922 7088613
1655403157054751424 5490412
1655403157260320403 5234883
1655403157466665385 5971173
1655403157672947740 5896078
1655403157879491482 6159929
1655403158085176293 5343375
1655403158291307545 5755483
1655403158497198816 5537814
1655403158703135722 5550823
1655403158909267251 5769583
1655403159114955847 5345821
1655403159320158740 4846810
1655403159525220594 4704922
1655403159730735643 5170470
1655403159936455842 5416168
1655403160142439259 5631517
1655403160348787741 6033771
1655403160555094111 5978568
1655403160760988818 5498220
1655403160966950469 5515369
1655403161172933587 5535353
1655403161378773989 5350586
1655403161583946080 4779312
1655403161790161314 5848669
1655403161996589802 6090399
1655403162202512820 5616465
1655403162408409513 5570314
1655403162614728835 5974122
1655403162820628552 5480693
1655403163026438576 5423393
1655403163232649078 5863082
1655403163438110682 5076811
1655403163644058092 5614043
1655403163850058456 5624891
1655403164055419152 5028723
1655403164261453572 5694372
1655403164467227585 5410433
1655403164673005280 5442929
1655403164878746749 5370437
1655403165084623005 5543380
1655403165290625919 5673945
1655403165496523348 5569549
1655403165702474426 5575303
1655403165908128684 5308931
1655403166113930943 5430439
1655403166319655343 5382119
1655403166525420176 5301979
1655403166731550432 5678271
1655403166937382889 5409111
1655403167143401423 5576495
1655403167349299172 5448223
1655403167555285921 5557896
1655403167760907193 5192156
1655403167966544886 5179498
1655403168171882791 4907107
1655403168377652339 5325501
1655403168582626838 4569969
1655403168788482112 5526312
1655403168994667569 5803177
1655403169200475924 5429688
1655403169406534951 5645193
1655403169612177356 5252926
1655403169818553836 5949694
1655403170024081697 5042302
1655403170230853339 6345439
1655403170436713839 5446842
1655403170642542524 5403380
1655403170848601647 5739716
1655403171054389445 5396280
1655403171260214467 5442384
1655403171465783756 5157724
1655403171671641977 5580200
1655403171877552451 5492151
1655403172083019445 4993675
1655403172289518510 6067444
1655403172495624480 5807824
1655403172702514157 6587789
1655403172909369399 6557946
1655403173116868044 7059993
1655403173324016713 6712591
1655403173531279428 6870883
1655403173737466705 5803202
1655403173943992791 6061875
1655403174150164961 5738434
1655403174356114130 5513456
1655403174562239484 5689612
1655403174768356845 5723234
1655403174975347231 6546506
1655403175181519722 5762452
1655403175388799540 6723174
1655403175594973251 5741172
1655403175801912713 6507210
1655403176008369120 6218826
1655403176214138445 5296159
1655403176420206192 5645082
1655403176626056361 5390535
1655403176831868626 5366820
1655403177038419136 6103696
1655403177244185370 5304335
1655403177450079460 5518606
1655403177656168797 5668770
1655403177862459380 5830398
1655403178068783681 5900362
1655403178275025747 5791399
1655403178480910400 5426250
1655403178687127738 5749566
1655403178893359984 5765787
1655403179099582574 5849640
1655403179305661265 5700749
1655403179511452568 5343927
1655403179717303661 5512274
1655403179923038544 5362594
1655403180128547785 5081372
1655403180334097210 5166934
1655403180539683769 5245142
1655403180745361001 5307300
1655403180950889735 5125316
1655403181156182040 4858993
1655403181361816481 5245095
1655403181567203829 5112780
1655403181773021477 5406683
1655403181978799345 5416549
1655403182184524578 5278402
1655403182390481726 5553476
1655403182596121127 5252240
1655403182801768684 5251802
1655403183007492463 5336779
1655403183213464287 5522879
1655403183419145125 5260011
1655403183624865576 5311601
1655403183830569053 5277148
1655403184036096339 5209568
1655403184241386745 4865350
1655403184446800988 5005309
1655403184652536049 5269088
1655403184858713275 5733912
1655403185064365499 5305192
1655403185270375443 5544789
1655403185475942396 5221869
1655403185681531370 5210696
1655403185887682288 5700761
1655403186093484013 5419332
1655403186299052395 5085695
1655403186504863497 5468457
1655403186710402046 5153241
1655403186916144028 5398287
1655403187121812265 5283677
1655403187327558716 5391781
1655403187533608358 5663271
1655403187739290662 5172040
1655403187945631788 5992831
1655403188152433143 6288154
1655403188357925488 5101490
1655403188563812128 5505430
1655403188769457909 5260037
1655403188975235655 5414037
1655403189180614801 5030155
1655403189386494328 5493279
1655403189592186906 5342503
1655403189798062839 5499829
1655403190003906637 5495022
1655403190209870615 5585257
1655403190415297650 5174605
1655403190621181573 5516854
1655403190826724851 5179440
1655403191032829967 5763014
1655403191238888757 5678662
1655403191444625973 5315581
1655403191650684755 5632666
1655403191856468392 5363829
1655403192062600016 5681630
1655403192268631394 5610786
1655403192474342820 5263204
1655403192680451485 5697736
1655403192886693152 5794806
1655403193093025851 5908340
1655403193299156916 5679159
1655403193505349997 5735955
1655403193711039579 5304550
1655403193916960724 5539376
1655403194122769204 5434162
1655403194328504836 5359101
1655403194534184096 5302288
1655403194739625828 5150228
1655403194945411293 5411228
1655403195151025913 5229483
1655403195356882552 5479556
1655403195562261285 5009143
1655403195767724124 5116086
1655403195973205772 5104430
1655403196179113260 5526408
1655403196384761372 5271270
1655403196592650366 7499027
1655403196798440683 5322821
1655403197004228758 5376075
1655403197210311271 5639396
1655403197416006141 5331413
1655403197621962917 5520875
1655403197827515047 5344512
1655403198033366430 5453818
1655403198239380626 5580076
1655403198445370131 5553576
1655403198651318211 5513525
1655403198857155755 5416671
1655403199063129627 5562186
1655403199269357983 5780961
1655403199475748778 5942000
1655403199681951874 5753840
1655403199887403839 5300756
1655403200093300083 5454534
1655403200299279061 5543112
1655403200505216820 5495881
1655403200711164336 5510914
1655403200917154399 5554902
1655403201123122177 5529619
1655403201329530283 5973687
1655403201535943989 5923985
1655403201742269815 5874860
1655403201948474338 5801566
1655403202155054156 6143121
1655403202361594210 6170966
1655403202568083511 5906650
1655403202774402481 5901967
1655403202980672990 5819062
1655403203186936809 5808540
1655403203393145713 5767500
1655403203599417389 5818553
1655403203805836865 5973302
1655403204011936499 5674388
1655403204218341697 5966276
1655403204424531675 5813586
1655403204630700314 5717776
1655403204836988185 5912296
1655403205043996648 6575333
1655403205250462742 6024140
1655403205456718524 5833158
1655403205663123998 5957566
1655403205869116989 5622711
1655403206075619376 6072627
1655403206282431746 6375101
1655403206489025799 6213738
1655403206695680000 6241877
1655403206902210553 6081064
1655403207108408302 5755586
1655403207314544953 5726771
1655403207520365391 5385653
1655403207726114085 5320102
1655403207932619589 6080564
1655403208138766281 5706328
1655403208345520428 6319272
1655403208551639650 5617551
1655403208758076011 5997799
1655403208963914645 5411499
1655403209169836492 5531353
1655403209375535492 5496788
1655403209581494642 5532816
1655403209787168574 5194371
1655403209993616875 6030195
1655403210199385234 5286987
1655403210405418262 5609766
1655403210611206896 5367521
1655403210816913283 5279579
1655403211022743542 5406156
1655403211228820470 5647313
1655403211434559384 5303638
1655403211640421888 5428704
1655403211846466633 5623708
1655403212052480093 5571198
1655403212258422188 5520348
1655403212464250953 5391204
1655403212670407129 5708581
1655403212876243012 5401192
1655403213082253231 5566609
1655403213288082711 5397663
1655403213493943956 5421124
1655403213699949571 5565550
1655403213905784960 5402790
1655403214111673565 5471136
1655403214317814907 5693154
1655403214523844730 5545541
1655403214729967965 5671409
1655403214935642531 5465985
1655403215141544161 5452075
1655403215347387298 5240411
1655403215553284388 5470993
1655403215759233265 5525574
1655403215965345481 5679948
1655403216171416571 5663479
1655403216377251878 5405894
1655403216583570438 6013055
1655403216790272369 6358350
1655403216996402668 5737047
1655403217202766966 5928118
1655403217409403965 6242151
1655403217615686579 5843431
1655403217822148153 6040898
1655403218028140363 5570780
1655403218234233086 5665174
1655403218440099373 5447479
1655403218646034544 5500227
1655403218852095471 5624198
1655403219058009822 5473116
1655403219264125401 5948117
1655403219470750536 6203187
1655403219676543561 5393623
1655403219882562063 5577417
1655403220088555061 5603041
1655403220294540379 5560191
1655403220500361435 5426034
1655403220706360143 5677247
1655403220912294501 5612587
1655403221118176783 5556442
1655403221323901611 5406662
1655403221530084986 5856314
1655403221735670234 5450151
1655403221941547760 5554940
1655403222147253901 5355946
1655403222353414404 5842793
1655403222560036863 6240689
1655403222766569932 6193706
1655403222972878282 5968453
1655403223179489685 6220511
1655403223385789612 5960887
1655403223591722052 5594570
1655403223797594590 5523006
1655403224003404144 5308319
1655403224209288385 5562149
1655403224415268400 5607248
1655403224621361725 5764594
1655403224827346091 5603450
1655403225033192867 5515834
1655403225238595457 5079521
1655403225443909682 4990142
1655403225649904825 5680708
1655403225855183390 4991403
1655403226060621732 5110620
1655403226266748912 5807076
1655403226471896786 4832345
1655403226678272495 6055469
1655403226883807257 5225848
1655403227089799451 5681013
1655403227296027571 5942152
1655403227503063415 6725811
1655403227711339535 7969780
1655403227917294787 5615317
1655403228123553103 5876741
1655403228329465261 5528118
1655403228535617906 5638012
1655403228741696798 5720614
1655403228947606918 5486239
1655403229153487756 5458388
1655403229359770850 5827271
1655403229565697740 5499518
1655403229771795935 5726959
1655403229978085759 5915554
1655403230183922486 5451102
1655403230389589133 5223503
1655403230595175116 5073202
1655403230801044127 5504920
1655403231007306539 5882056
1655403231213053440 5348201
1655403231418788240 5360531
1655403231624233508 5102832
1655403231829757853 5124957
1655403232035271850 5276737
1655403232241149351 5541814
1655403232446928020 5484653
1655403232652862932 5554147
1655403232860309520 7092342
1655403233067045581 6384134
1655403233275605172 8213902
1655403233481824518 5907253
1655403233688017738 5967780
1655403233895053008 6718034
1655403234100531120 5128296
1655403234306399029 5483939
1655403234512264418 5443143
1655403234718301086 5696836
1655403234924083062 5399879
1655403235129870269 5370356
1655403235335924666 5830796
1655403235542267042 5882684
1655403235747952903 5283884
1655403235953507246 5187655
1655403236159375691 5386660
1655403236366113356 6318716
1655403236572392418 5899916
1655403236778428361 5629420
1655403236984397215 5568860
1655403237190569517 5783535
1655403237396125472 5171558
1655403237602010263 5519116
1655403237807783806 5402703
1655403238013565420 5389312
1655403238218964672 4922743
1655403238424559344 5263871
1655403238630556546 5624094
