1655400616235251086 155228497
1655400616441099713 5319855
1655400616646836426 5292711
1655400616852756393 5476820
1655400617059041489 5846704
1655400617264994163 5491938
1655400617470775972 5320268
1655400617676650806 5388927
1655400617882395713 5275949
1655400618088198490 5334793
1655400618294056778 5441843
1655400618500094968 5581689
1655400618706100242 5543653
1655400618911966193 5435503
1655400619117640898 5205923
1655400619323473846 5410127
1655400619529404974 5482916
1655400619735104487 5262177
1655400619941155929 5592639
1655400620146932012 5319672
1655400620352673001 5281541
1655400620558502112 5501542
1655400620764306629 5350823
1655400620970074173 5313383
1655400621175805624 5279370
1655400621381701193 5420789
1655400621587430035 5178361
1655400621793317279 5404086
1655400621998876867 5105966
1655400622204671106 5297886
1655400622410300066 5200598
1655400622616028197 5290489
1655400622821822343 5299695
1655400623027587314 5334931
1655400623233619648 5496286
1655400623439417763 5390882
1655400623645272616 5316494
1655400623850729851 5058853
1655400624056545618 5297479
1655400624262189377 5152992
1655400624468178144 5470341
1655400624674075469 5414032
1655400624880028754 5474640
1655400625085824582 5370998
1655400625291682581 5442198
1655400625497634513 5533200
1655400625703509596 5420884
1655400625909370986 5387254
1655400626115454480 5596921
1655400626321101625 5393360
1655400626526780302 5343848
1655400626732557406 5419320
1655400626938281720 5321972
1655400627144492362 5837646
1655400627350127824 5227920
1655400627556170411 5672322
1655400627762085650 5540949
1655400627967970129 5430939
1655400628173712627 5302221
1655400628379768784 5603339
1655400628585731180 5518272
1655400628791739509 5557380
1655400628997694377 5555950
1655400629203663256 5512138
1655400629409502220 5391644
1655400629615366805 5396603
1655400629821271049 5457807
1655400630027080642 5359728
1655400630232960060 5552809
1655400630438733285 5363034
1655400630644387812 5224387
1655400630850223713 5325091
1655400631055972667 5334936
1655400631261877471 5455228
1655400631467803512 5505076
1655400631673889133 5740082
1655400631879850645 5496993
1655400632085714274 5413719
1655400632291685685 5428621
1655400632497503745 5332272
1655400632703224280 5302885
1655400632909075358 5402525
1655400633114724370 5225437
1655400633320477116 5298386
1655400633526402396 5421653
1655400633732253565 5448400
1655400633938078054 5442621
1655400634144033232 5508231
1655400634349878598 5396125
1655400634555607544 5279691
1655400634761548250 5484051
1655400634967445888 5531753
1655400635173271125 5474011
1655400635379254633 5512154
1655400635585097728 5394016
1655400635790839267 5274646
1655400635996703673 5384464
1655400636202500464 5400418
1655400636408456258 5469987
1655400636613975698 5017415
1655400636821475653 5968773
1655400637027536753 5701952
1655400637233678581 5713181
1655400637439493014 5343582
1655400637645567819 5598604
1655400637851529917 5480015
1655400638057468078 5478279
1655400638263389842 5516436
1655400638469323635 5516159
1655400638675148305 5333793
1655400638881011371 5446737
1655400639086847783 5429972
1655400639292666649 5402219
1655400639498349153 5301291
1655400639704182500 5431067
1655400639909877699 5268947
1655400640115743866 5471837
1655400640321475407 5335514
1655400640527088834 5223485
1655400640732651962 5171727
1655400640938152547 5156443
1655400641143593014 5161790
1655400641349248772 5349742
1655400641554879649 5249111
1655400641760691418 5455060
1655400641966154326 5175802
1655400642172004803 5477897
1655400642378613805 6234245
1655400642584405093 5412330
1655400642790034782 5246433
1655400642995667450 5288272
1655400643201404176 5355555
1655400643407222728 5439140
1655400643613032449 5425180
1655400643819318560 5948390
1655400644025074541 5363091
1655400644230331267 4856467
1655400644436073570 5412979
1655400644641554569 5139871
1655400644847068153 5174960
1655400645052858314 5441218
1655400645258665055 5435784
1655400645464481492 5465038
1655400645670447663 5519981
1655400645876207068 5462767
1655400646082077149 5472447
1655400646287808359 5287067
1655400646493505412 5358898
1655400646699432076 5485113
1655400646905163989 5380380
1655400647111075090 5499830
1655400647316784821 5292521
1655400647522575373 5400122
1655400647728205678 5230560
1655400647934052692 5489592
1655400648139764783 5377326
1655400648345590478 5440574
1655400648551383639 5352477
1655400648757330256 5507770
1655400648963230222 5470273
1655400649169108129 5528761
1655400649374751688 5275577
1655400649580578450 5453687
1655400649786440724 5462808
1655400649992131504 5351865
1655400650197993658 5511894
1655400650403754461 5342747
1655400650609451283 5216137
1655400650814974207 5193652
1655400651020883336 5499610
1655400651226604698 5388711
1655400651432508229 5462079
1655400651638026702 5110593
1655400651843560429 5236076
1655400652049149882 5187755
1655400652254883406 5357559
1655400652460767022 5411240
1655400652666465068 5315508
1655400652872236123 5390784
1655400653077843788 5323164
1655400653283331944 5018864
1655400653489056366 5348762
1655400653694667925 5267792
1655400653900433772 5377537
1655400654106166253 5356161
1655400654311383561 4935695
1655400654517098739 5288964
1655400654722728451 5253134
1655400654928561971 5424009
1655400655134269352 5289676
1655400655340004229 5311391
1655400655545846593 5403298
1655400655751561648 5371746
1655400655957428517 5392798
1655400656163223818 5419934
1655400656368956212 5288401
1655400656574728097 5346065
1655400656780993273 5917437
1655400656986589804 5271928
1655400657192322446 5381172
1655400657397756198 5132164
1655400657603356402 5208331
1655400657809014377 5224733
1655400658014668013 5269182
1655400658220360264 5284741
1655400658426225919 5361327
1655400658632065403 5345288
1655400658837686515 5273939
1655400659043361206 5254387
1655400659249186700 5433626
1655400659455052886 5428636
1655400659660748999 5300025
1655400659866276661 5245816
1655400660072036861 5280178
1655400660277408441 5022726
1655400660483170157 5281160
1655400660689028147 5455434
1655400660894535839 5125342
1655400661100399291 5385024
1655400661305870475 5067498
1655400661511624647 5261160
1655400661717278246 5231791
1655400661922841724 5192551
1655400662128376749 5153616
1655400662333673159 4828421
1655400662539437881 5274157
1655400662745156703 5254400
1655400662950771133 5178844
1655400663156377092 5226706
1655400663361707395 4912748
1655400663567131524 4981149
1655400663773094741 5504557
1655400663978734074 5274595
1655400664184105670 4927675
1655400664389685598 5292593
1655400664595562010 5407861
1655400664801431527 5438042
1655400665007392764 5519786
1655400665212897950 5093325
1655400665418722047 5398475
1655400665624633972 5370056
1655400665830467136 5334618
1655400666036269326 5451609
1655400666241761658 5127363
1655400666447429593 5204534
1655400666653250637 5410037
1655400666858926099 5242653
1655400667064848917 5465581
1655400667270595453 5381961
1655400667476479579 5373201
1655400667682036938 5117900
1655400667887824882 5426508
1655400668093210333 4933062
1655400668298729590 5149474
1655400668504699550 5447810
1655400668710170631 5178393
1655400668916015556 5444687
1655400669121892493 5385838
1655400669327783312 5380672
1655400669533579327 5509324
1655400669739072104 5211345
1655400669944932120 5355838
1655400670150636622 5418901
1655400670356266921 5347406
1655400670562395022 5661568
1655400670768393089 5523748
1655400670974341011 5560541
1655400671180350954 5610432
1655400671386171698 5408817
1655400671591965402 5340898
1655400671797794708 5432696
1655400672003533099 5375893
1655400672209237583 5383648
1655400672415864479 6202813
1655400672621818937 5509232
1655400672827290728 5011360
1655400673032936648 5209134
1655400673238632965 5313669
1655400673444311632 5299998
1655400673650052186 5339237
1655400673855711932 5351612
1655400674061743582 5679561
1655400674267334587 5277353
1655400674472841957 5052938
1655400674678552088 5356530
1655400674884341172 5477554
1655400675090239282 5555490
1655400675296003177 5312140
1655400675501648893 5324372
1655400675707035412 5064048
1655400675912530747 5053915
1655400676118402605 5531385
1655400676324223755 5381602
1655400676530095795 5430659
1655400676735870498 5353554
1655400676941824913 5584278
1655400677147515494 5255711
1655400677353259544 5357750
1655400677559495494 5922630
1655400677765288643 5414152
1655400677971040619 5320234
1655400678176799472 5385643
1655400678382968532 5982457
1655400678588908319 5551629
1655400678794599969 5361863
1655400679000313242 5372860
1655400679206084948 5424691
1655400679411593406 5130104
1655400679617385953 5414608
1655400679823110576 5365239
1655400680028887497 5399448
1655400680234173581 4920783
1655400680439345799 4835426
1655400680645250163 5449166
1655400680850999459 5308499
1655400681057029532 5583463
1655400681262556238 5053078
1655400681468302447 5358061
1655400681674184653 5455135
1655400681880340498 5638146
1655400682085717095 4942604
1655400682291581124 5382260
1655400682497614862 5625202
1655400682703429780 5438125
1655400682908902608 5155880
1655400683114557088 5290609
1655400683320487648 5485783
1655400683525824862 5004992
1655400683731408341 5231669
1655400683937235688 5356604
1655400684142969937 5378886
1655400684348716949 5350779
1655400684554382212 5290975
1655400684759984013 5228879
1655400684965686055 5320256
1655400685171442630 5315689
1655400685377213255 5358593
1655400685582946143 5233349
1655400685788731621 5365340
1655400685994556930 5432541
1655400686200565484 5714586
1655400686406484307 5502016
1655400686612256609 5407437
1655400686818013281 5384167
1655400687023696403 5309198
1655400687229325131 5203334
1655400687434990421 5315592
1655400687640819655 5373650
1655400687846518748 5257247
1655400688052245563 5301256
1655400688258082397 5351492
1655400688463823733 5365720
1655400688669696852 5467933
1655400688875362213 5285393
1655400689080695919 4947468
1655400689286216197 5228830
1655400689492053573 5382211
1655400689697731910 5318800
1655400689903685621 5424220
1655400690109370262 5277018
1655400690315235459 5429117
1655400690520949806 5306084
1655400690726425014 5186226
1655400690932150170 5259819
1655400691137837752 5262201
1655400691343555643 5371754
1655400691549406425 5472685
1655400691755082756 5347020
1655400691960459512 5009140
1655400692166168847 5260655
1655400692371374396 4738538
1655400692577232880 5421804
1655400692782897230 5223086
1655400692988773132 5474612
1655400693194719825 5502730
1655400693400482408 5302764
1655400693606269121 5328820
1655400693812150460 5416593
1655400694017935433 5448774
1655400694223643402 5418137
1655400694429506307 5358126
1655400694635585564 5758346
1655400694841365289 5394698
1655400695047239061 5534493
1655400695253061935 5357677
1655400695458753177 5352042
1655400695664535121 5430914
1655400695869845943 4912978
1655400696075427521 5171005
1655400696281060947 5260737
1655400696486714258 5262495
1655400696692664430 5499317
1655400696898394538 5371973
1655400697104166198 5293616
1655400697310117776 5508370
1655400697515946707 5355517
1655400697721914338 5550884
1655400697927693808 5393928
1655400698133286723 5214848
1655400698338974068 5210640
1655400698545020645 5675433
1655400698750807240 5382473
1655400698956434408 5311792
1655400699162448544 5689985
1655400699368343085 5516567
1655400699574283910 5625840
1655400699780371454 5777066
1655400699986312484 5589230
1655400700192091211 5430965
1655400700397815063 5415847
1655400700603564530 5425245
1655400700809310502 5432617
1655400701015072358 5471995
1655400701220897470 5511828
1655400701426511618 5243484
1655400701632187008 5364633
1655400701837854633 5357071
1655400702043688134 5489748
1655400702249371175 5287571
1655400702455752140 6094924
1655400702661550311 5423170
1655400702867323997 5415730
1655400703073218784 5582581
1655400703278664952 5018767
1655400703484249700 5272964
1655400703689573824 4995230
1655400703895531059 5547866
1655400704101466927 5509249
1655400704307113086 5356788
1655400704512821344 5348043
1655400704718529033 5375325
1655400704924347259 5438225
1655400705129981586 5278338
1655400705335783048 5363841
1655400705541707991 5523941
1655400705747559441 5512953
1655400705953051458 5176808
