1656031339552231526 97879
1656031339810991534 55613
1656031340038948563 25223
1656031340255150633 15776
1656031341624585818 1100166
1656031342914137230 1069237
1656031344132762108 1016660
1656031344417165582 78439
1656031344634100902 11324
1656031345024487796 173603
1656031345319920229 88929
1656031346563608935 1042230
1656031346791295674 27261
1656031348242470842 1247175
1656031348631092625 187143
1656031348861688875 23955
1656031349100464083 36188
1656031350754292921 1450271
1656031350963512172 7482
1656031351176264533 10440
1656031351387213894 7960
1656031351596363224 7053
1656031355091511203 3294828
1656031355334293561 20224
1656031356672980598 1114893
1656031356933422184 57966
1656031358341266595 1206419
1656031359618886398 1066679
1656031359848033377 20450
1656031360064753217 11531
1656031360322778044 8623
1656031361744871733 1215317
1656031361956051174 7397
1656031362162119945 5751
1656031362369920386 6992
1656031362581744997 10663
1656031362803358296 12973
1656031363021164006 16770
1656031364310607878 1087525
1656031364632544678 118459
1656031364852296958 11435
1656031365075013308 21432
1656031365311288656 30013
1656031365532006136 15644
1656031369041008674 3304384
1656031370637576928 1391334
1656031370921657292 78310
1656031371134767793 8165
1656031371349409493 6045
1656031371555639144 5225
1656031372801751881 1044350
1656031373016370981 14260
1656031374273911966 1052997
1656031374491181566 16940
1656031375746435671 1044159
1656031375955216202 7581
1656031376340602747 184410
1656031376567152426 18762
1656031376781986887 12764
1656031376996856367 12617
1656031377210755167 8189
1656031378442887464 1030692
1656031379781465621 1135220
1656031380021715439 35489
1656031380414015753 180385
1656031382052022052 1436625
1656031383327349726 1074473
1656031383540957426 11674
1656031383825987210 84729
1656031387208370539 3180984
1656031390658583983 3245084
1656031391876435829 1014700
1656031392107034810 28667
1656031392325085061 14511
1656031392542042691 10678
1656031392924998255 88031
1656031393150612885 21321
1656031394434871496 1082498
1656031394646272058 8973
1656031394861001099 5707
1656031396578655711 1516574
1656031396790916022 8677
1656031397000434803 7170
1656031397215952523 12707
1656031397426443594 9176
1656031400836582051 3194182
1656031401051855892 13767
1656031401274093591 19747
1656031402499736439 1021285
1656031402717110719 17056
1656031403972945004 1054704
1656031405382380895 1170450
1656031405600688135 16221
1656031405825960435 21724
1656031406045135934 10153
1656031406255157865 9686
1656031406467483556 9384
1656031406717508813 43919
1656031406932867363 9220
1656031407155152873 17846
1656031407433086037 16797
1656031407656915126 22668
1656031408013816284 155417
1656031408222870354 8484
1656031408429401816 6135
1656031408637045617 4257
1656031409921642409 1057595
1656031410158810817 36848
1656031410417923034 55646
1656031410636122474 15723
1656031410848244724 11846
1656031412927481804 1879093
1656031416419711143 3291259
1656031419919928272 3294698
1656031420125178072 4887
1656031420330816844 5096
1656031420546096564 10297
1656031420759101205 11922
1656031422435180691 1475371
1656031422648951332 12570
1656031422868275842 14992
1656031423087546252 11807
1656031426370911430 3081032
1656031429697210775 3119775
