1656031464429244763 106697
1656031464639194624 9140
1656031464962129254 119842
1656031465236065549 22642
1656031465461192738 22806
1656031465723938264 58537
1656031467011931687 1086461
1656031467236143196 18877
1656031467453427266 12046
1656031468677486574 1020092
1656031469953612567 1074536
1656031470160189048 4459
1656031470368681759 7446
1656031471912364897 1283754
1656031473216256008 1102987
1656031473431139728 12596
1656031473651120588 16888
1656031473866081409 14656
1656031474075086120 8164
1656031474282012661 5139
1656031475523114397 1040741
1656031475811158840 85951
1656031476025475449 12832
1656031476237747922 10306
1656031476449990932 10264
1656031476659418323 5900
1656031480144711284 3281443
1656031481413553798 1061017
1656031481923522581 305116
1656031482140786950 15921
1656031482354223151 12870
1656031482563129242 5531
1656031483051345627 240382
1656031483351261369 17665
1656031483559908690 6433
1656031483822226717 59439
1656031485060005093 1035751
1656031486547280707 1285242
1656031486832964460 22707
1656031490243125048 3204813
1656031493249208533 2797937
1656031493453644064 4234
1656031493663501644 7539
1656031494921870399 1054573
1656031495156871087 33523
1656031495375584507 17346
1656031495588043978 10669
1656031495821133197 9527
1656031496157132005 120704
1656031496523113192 78307
1656031496747274452 20764
1656031496971157011 18931
1656031497195421201 15015
1656031498445065916 1049072
1656031498729645860 80349
1656031498953916969 15289
1656031500228073652 1067696
1656031501714433766 1285171
1656031501928907846 12671
1656031503171181722 1040180
1656031504457525894 1083243
1656031504854208018 196374
1656031505066921199 12521
1656031505319936475 52661
1656031505565098733 41831
1656031505774035194 6060
1656031506219768393 194530
1656031506728758167 270232
1656031506955210086 9480
1656031508228441949 1068461
1656031508454580659 24425
1656031508715258655 58870
1656031512211615794 3294877
1656031513472539459 1040430
1656031516802643854 3092695
1656031517027136783 16689
1656031520868036852 3630867
1656031521081063352 9847
1656031522309135079 1027385
1656031522527144829 14607
1656031522734067460 6116
1656031522948348861 12757
1656031523224478785 75381
1656031523451049824 25273
1656031523663244115 7422
1656031526978544139 3113423
1656031528193355769 1013167
1656031530233182392 1839520
1656031530646840394 212038
1656031530857158622 9737
1656031531066764645 8325
1656031531278029746 8604
1656031531490237707 8823
1656031532949360563 1257004
1656031533249255115 94957
1656031533458373306 7740
1656031533664077458 5355
1656031533921720764 56028
1656031534340048245 117982
1656031541813217911 7255869
1656031543043522208 1029345
1656031544321675280 1063951
1656031544544635240 21420
1656031544820258655 64614
1656031545043180104 22317
1656031545249945515 6546
1656031545456056037 5668
1656031545669670137 12773
1656031547075199246 1202375
1656031547289948048 13483
1656031547506029708 10582
1656031547731427468 25036
1656031547955999047 24074
1656031548511268597 289237
1656031548722915947 10312
1656031548932731418 9044
1656031549142627708 7083
1656031549630439724 286205
1656031549838669135 4020
1656031550122154018 83030
1656031550458195277 130645
1656031551810533133 1079583
1656031552044196522 31961
1656031552266572281 16201
1656031552483856332 8667
1656031552695497662 10810
1656031553330249714 423688
1656031553538128595 5235
1656031553744097956 4610
1656031553951012687 5633
1656031555203569033 1051345
