1656030230630066428 17653
1656030230917410471 85678
1656030231132156372 8811
1656030231337508833 4777
1656030231544475474 4701
1656030231749718116 4905
1656030231956909236 5463
1656030232164225758 5577
1656030232371545837 6866
1656030232577699700 6018
1656030232785919531 6997
1656030232993815332 6843
1656030233200919143 6512
1656030233406998025 4373
1656030233614592156 4970
1656030233825276966 6984
1656030234034510057 7947
1656030234245809038 8232
1656030234456769119 9208
1656030234663854230 5544
1656030234873042480 6939
1656030235081102033 5834
1656030235287454914 5721
1656030235495754445 7897
1656030235706636265 9750
1656030235916650526 7556
1656030236126689757 8106
1656030236337085848 8882
1656030236544971379 6614
1656030236753043600 7635
1656030236961311071 7017
1656030237168837802 6962
1656030237378253453 8219
1656030237584734294 6334
1656030237792967966 7210
1656030238001871406 7893
1656030238210270517 6124
1656030238424084437 11999
1656030238630431419 6036
1656030238842502480 10966
1656030239051632891 8242
1656030239260260382 8182
1656030239468660032 7997
1656030239678939613 9689
1656030239891377874 11446
1656030240100607894 8764
1656030240309255856 5874
1656030240518838767 7445
1656030240728910748 7701
1656030240938274189 9055
1656030241147500951 8088
1656030241356775581 8027
1656030241568173492 10325
1656030241776786564 7539
1656030241988313144 11127
1656030242200971074 10886
1656030242414154265 10051
1656030242625862176 6945
1656030242832260727 5095
1656030243040090507 6011
1656030243248023609 6237
1656030243454876651 5515
1656030243661963362 5735
1656030243869828364 6686
1656030244075584075 5243
1656030244281965146 5809
1656030244488779327 5589
1656030244696487658 7110
1656030244903403059 4899
1656030245110274031 5661
1656030245317771001 6540
1656030245528927983 8501
1656030245737869724 6698
1656030245944586995 5781
1656030246153106256 6304
1656030246359873548 6440
1656030246567016219 6631
1656030246780554000 8838
1656030246985870880 5021
1656030247196188541 9342
1656030247406071442 7235
1656030247614702014 7477
1656030247822493615 6712
1656030248029581166 4969
1656030248236015347 5604
1656030248445478688 8019
1656030248651954179 5159
1656030248859103171 6820
1656030249065935359 6482
1656030249273921803 6890
1656030249483046954 8633
1656030249692947135 8971
1656030249899724776 5698
1656030250107398367 5489
1656030250314818999 7103
1656030250521338600 5914
1656030250729631081 7968
1656030250940436262 10034
1656030251147951613 7193
1656030251355731815 6577
1656030251563497376 6482
1656030251773357757 8700
1656030251982236088 5978
1656030252190507179 6495
1656030252397032040 6221
1656030252608258321 5817
1656030252818774062 9199
1656030253026942493 5804
1656030253233763204 6483
1656030253441287695 6084
1656030253647122276 5512
1656030253856024377 6131
1656030254064630218 6117
1656030254272926099 6669
1656030254479582991 4979
1656030254687126282 5656
1656030254895899990 8261
1656030255102814534 6457
1656030255313622212 10318
1656030255523112626 8729
1656030255728512007 5137
1656030255935416287 6454
1656030256143831199 7408
1656030256354488390 8996
1656030256564666691 8402
1656030256773453551 8468
1656030256983047572 8254
1656030257191899113 7906
1656030257399153234 6902
1656030257614671875 15075
1656030257823129726 7447
1656030258030588117 6214
1656030258240127948 8540
1656030258448981269 6509
1656030258654480640 5124
1656030258862410132 6350
1656030259069004142 5261
1656030259275586754 5301
1656030259482823435 4600
1656030259690456607 7047
1656030259898254998 6874
1656030260106622958 5434
1656030260314439510 6419
1656030260522024751 6861
1656030260731175972 6014
1656030260938950203 5821
1656030261146060334 5831
1656030261351410305 5033
1656030261557198967 4995
1656030261764022798 5912
1656030261971129760 6263
1656030262177985261 5347
1656030262384171933 5318
1656030262591594734 6491
1656030262797699265 5175
1656030263006488916 7078
1656030263213616807 6799
1656030263420232929 5664
1656030263627137070 5850
1656030263832944602 5506
1656030264039035723 5622
1656030264245739135 5449
1656030264454281585 7106
1656030264661725167 5488
1656030264868963797 6080
1656030265075611207 4732
1656030265282140780 5262
1656030265488697022 5122
1656030265695395143 6144
1656030265902065194 5961
1656030266108214245 5042
1656030266317211466 7648
1656030266526497377 6030
1656030266732179909 5167
1656030266940266779 6171
1656030267149130190 6687
1656030267355925422 4636
1656030267564021933 7663
1656030267770535144 5269
1656030267977403405 5665
1656030268183784986 5963
1656030268389498838 5370
1656030268595491199 5086
1656030268802999380 6235
1656030269007980442 4035
1656030269213242773 4199
1656030269418418144 4434
1656030269623776686 4807
1656030269830130427 5025
1656030270037814648 6586
1656030270247267079 9124
1656030270455487150 7228
1656030270663401281 7056
1656030270870113712 5055
1656030271075622234 4699
1656030271280409985 4478
1656030271485932836 4461
1656030271691073138 4692
1656030271895717459 4332
1656030272101095291 4837
1656030272305222723 3833
1656030272509912734 4251
1656030272715012845 4601
1656030272920653146 4437
1656030273126889708 5495
1656030273334440469 6054
1656030273542079370 7233
1656030273749584451 6767
1656030273955740052 4631
1656030274164171843 5926
1656030274370193995 4906
1656030274576606486 5661
1656030274784367017 6295
1656030274991104989 5698
1656030275197101310 5583
1656030275404292891 6121
1656030275611619862 7177
1656030275816600824 4343
1656030276022958355 4922
1656030276228656146 5383
1656030276436249478 6812
1656030276643117918 5551
1656030276851381330 7137
1656030277060749051 9036
1656030277272718952 10986
1656030277481911313 7333
1656030277689821464 6989
1656030277899400865 8907
1656030278112146785 11503
1656030278324992757 10197
1656030278534813677 9427
1656030278742726478 6704
1656030278949570670 6455
1656030279157692761 7239
1656030279372174491 13207
1656030279583745142 11367
1656030279794955513 6386
1656030280001967295 5758
1656030280209715786 7325
1656030280422666216 11878
1656030280633190947 8939
1656030280843111697 9019
1656030281053142269 8895
1656030281268459740 12318
1656030281482375020 13506
1656030281691179751 7031
1656030281899116142 7613
1656030282109442003 9601
1656030282321226704 10491
1656030282534186474 12060
1656030282749169354 14745
1656030282962672025 11372
1656030283175125595 7257
1656030283389560427 7923
1656030283599897777 8513
1656030283812049598 8391
1656030284024566469 11058
1656030284235901530 8653
1656030284446931701 9880
1656030284657635791 9731
1656030284874027652 15374
1656030285085089462 8849
1656030285297151473 11100
1656030285509530844 9517
1656030285727788733 14765
1656030285945201614 12536
1656030286155664705 9702
1656030286366268175 6036
1656030286576788986 7085
1656030286786254137 8368
1656030286999082758 9887
1656030287209080389 8692
1656030287418517590 5639
1656030287629059391 8900
1656030287836930972 6262
1656030288046603583 7338
1656030288254093965 6315
1656030288461068786 5891
1656030288668117267 6107
1656030288874580998 5450
1656030289082026679 7140
1656030289289573220 5967
1656030289497376491 7103
1656030289704084563 4601
1656030289910824354 6214
1656030290117601655 5398
1656030290324709046 6296
1656030290531950257 6928
1656030290739517109 7108
1656030290947792330 7135
1656030291157158391 8410
1656030291366046092 6431
1656030291572178944 5821
1656030291781706524 8241
1656030291991927735 8894
1656030292200578156 5334
1656030292407927358 7028
1656030292620210248 7233
1656030292827723309 5516
1656030293036595050 8430
1656030293244504931 6864
1656030293453280782 8373
1656030293660126314 6508
1656030293867575755 7191
1656030294076870716 7748
1656030294284878547 6124
1656030294492350198 6209
1656030294697737699 4764
1656030294904872831 4992
1656030295111915701 5365
1656030295318463203 5108
1656030295523754115 4872
1656030295733915265 8785
1656030295940491097 5746
1656030296146788738 5104
1656030296351179240 4086
1656030296556137231 4487
1656030296761494742 4247
1656030296966792294 4974
1656030297171666695 4380
1656030297376220627 3997
1656030297581177399 4496
1656030297786665810 4283
1656030297991868951 4733
1656030298196902392 3636
1656030298402888304 4380
1656030298608648345 4600
1656030298819716536 9076
1656030299029139117 8317
1656030299235297869 5910
1656030299441666819 5975
1656030299649529041 6647
1656030299857498172 6239
1656030300063809544 5216
1656030300269274135 5019
1656030300476085156 6024
1656030300681185537 4166
1656030300885761149 4370
1656030301090755570 4556
1656030301295730161 4647
1656030301503490111 6364
1656030301708680344 4792
1656030301915182705 5458
1656030302120829896 5223
1656030302326199827 4255
1656030302532559778 6174
1656030302739738880 6127
1656030302946208341 5469
1656030303153482422 5965
1656030303359397822 4979
1656030303565177655 4020
1656030303770924546 4696
1656030303977446627 5284
1656030304184078139 4974
1656030304395384650 10855
1656030304600641801 4136
1656030304805652132 3965
1656030305011197894 4605
1656030305220392445 6149
1656030305425604646 4461
1656030305631303238 4709
1656030305837779449 5443
1656030306042357370 4160
1656030306247479042 4099
1656030306452336383 4490
1656030306656947785 4279
1656030306864113326 6168
1656030307068845597 4460
1656030307274678488 4873
1656030307479581640 4607
1656030307684665221 3988
1656030307890154142 4287
1656030308096093903 5517
1656030308304627595 7360
1656030308515273466 8885
1656030308725872267 8330
1656030308935564397 7075
1656030309143800038 6526
1656030309352310709 8046
1656030309560399059 7519
1656030309772089871 10456
1656030309983817882 10274
1656030310196129592 10730
1656030310407136434 8763
1656030310616987285 9006
1656030310826533366 7081
1656030311037758646 8518
1656030311247813847 9191
1656030311458042728 8290
1656030311665773259 5520
1656030311873634050 5732
1656030312081630231 6293
1656030312288137342 6076
1656030312495897644 6400
1656030312703312435 6145
1656030312911866316 5275
1656030313119651716 5015
1656030313329793888 7586
1656030313536148758 5520
1656030313744237260 7842
1656030313952760051 7374
1656030314160117933 6721
1656030314365867244 4967
1656030314573145945 6073
1656030314778803577 5410
1656030314983225178 4108
1656030315187559419 4175
1656030315392274410 3881
1656030315598169891 5124
1656030315806021173 6064
1656030316010900654 3934
1656030316216596475 4723
1656030316421076527 4071
1656030316626178037 4499
1656030316830872609 4229
1656030317035380011 4210
1656030317241217952 4904
1656030317446816663 4619
1656030317654258304 7016
1656030317858505166 4125
1656030318064165977 4421
1656030318268576638 4195
1656030318476110830 5955
1656030318685083661 8366
1656030318899292241 12471
1656030319108928912 8932
1656030319326180212 14435
1656030319537414113 9168
1656030319745641884 7390
1656030319952535905 5286
1656030320158941196 5790
1656030320365255598 5623
1656030320571603709 5483
