1656029862249630054 21546
1656029862456196985 5224
1656029862664247316 6882
1656029862871097186 5674
1656029863079429267 7156
1656029863285659418 5097
1656029863490443259 4458
1656029863696058570 5303
1656029863903110611 5688
1656029864108849263 4574
1656029864315698423 6291
1656029864523549014 5565
1656029864729656745 5696
1656029864935279526 5078
1656029865142685887 5880
1656029865349686158 6681
1656029865556598388 5946
1656029865761850600 4939
1656029865968515531 5382
1656029866174497121 5454
1656029866380841393 5429
1656029866586663093 4617
1656029866792184005 4336
1656029866997976936 4505
1656029867205100896 5762
1656029867411493118 5785
1656029867617095589 5298
1656029867824359340 6115
1656029868030286540 5602
1656029868237890532 4917
1656029868443988923 4912
1656029868650600164 4206
1656029868856827845 5032
1656029869063504507 4219
1656029869269447887 4749
1656029869474920179 4230
1656029869680546388 5256
1656029869886602672 5603
1656029870093430849 5699
1656029870300228223 5917
1656029870506355203 4998
1656029870712216865 5521
1656029870918436316 5244
1656029871125076447 5480
1656029871331082576 4962
1656029871536943219 5265
1656029871742304330 4958
1656029871948038789 5341
1656029872154057062 5628
1656029872360161222 5115
1656029872566161434 5660
1656029872772304935 5143
1656029872980157476 6747
1656029873186118266 5685
1656029873391935108 4859
1656029873598097659 5087
1656029873804280840 5722
1656029874011177381 6462
1656029874218594491 5851
1656029874425282362 5623
1656029874631566564 5158
1656029874837823925 5405
1656029875043056576 4800
1656029875249554877 5485
1656029875455151318 4539
1656029875660736119 5082
1656029875867683899 5880
1656029876075141612 5533
1656029876282432802 5336
1656029876487461403 3948
1656029876693006244 4462
1656029876897670575 4303
1656029877104305746 4887
1656029877312124127 7446
1656029877520865768 6508
1656029877727131279 4877
1656029877933172348 4659
1656029878139001391 5244
1656029878345513521 4641
1656029878552070323 4886
1656029878757536964 4416
1656029878963883574 5243
1656029879169942996 4915
1656029879376470566 5221
1656029879581979908 5004
1656029879787769368 4769
1656029879992872458 4173
1656029880199486411 5530
1656029880405430822 5575
1656029880610607361 4096
1656029880815588195 4610
1656029881020440595 3769
1656029881226305516 4753
1656029881431732987 5081
1656029881637015888 4166
1656029881842775479 4637
1656029882048844861 4930
1656029882254665711 4366
1656029882460946613 4907
1656029882667263864 4929
1656029882871925604 4311
1656029883077564296 5184
1656029883282030327 4152
1656029883487341618 4957
1656029883692029629 4342
1656029883896872211 4497
1656029884101909771 4607
1656029884307149102 4736
1656029884514257484 5321
1656029884719664545 5030
1656029884925818235 5333
1656029885134268517 7502
1656029885340386257 4906
1656029885546287988 4883
1656029885750996259 4283
1656029885957372370 5117
1656029886165305481 5489
1656029886369935282 4333
1656029886576130893 5330
1656029886782565384 5364
1656029886988433196 4191
1656029887195237416 4963
1656029887401068287 4947
1656029887606822727 4429
1656029887811996419 4110
1656029888017948641 4818
1656029888224642302 5723
1656029888430870752 5148
1656029888637735233 5831
1656029888844293415 3847
1656029889049746036 4448
1656029889255800587 4518
1656029889461618709 4677
1656029889668991070 5993
1656029889874862571 5489
1656029890081678451 5582
1656029890287633472 4787
1656029890492968303 4993
1656029890699395894 5471
1656029890907040215 4636
1656029891113155154 4982
1656029891321195345 6916
1656029891527247458 4960
1656029891732815909 5289
1656029891939816380 5156
1656029892145956641 4648
1656029892352643852 4969
1656029892558555663 4301
1656029892764935754 5095
1656029892970402925 5064
1656029893176723056 5300
1656029893383135617 5136
1656029893588869630 5008
1656029893794844948 5447
1656029894001157331 5990
1656029894208740111 6614
1656029894415027193 5070
1656029894620239291 4889
1656029894826406414 5830
1656029895031930893 5170
1656029895237876887 4969
1656029895444180387 5311
1656029895651517929 5729
1656029895857160080 5327
1656029896064370961 6215
1656029896272190432 6805
1656029896479165203 6132
1656029896685732343 6203
1656029896890987044 4900
1656029897096453475 4877
1656029897303450635 5537
1656029897510641808 5968
1656029897716393928 5437
1656029897922097720 4599
1656029898127984460 5573
1656029898334218449 5799
1656029898541020702 5566
1656029898746874263 5477
1656029898953149325 5231
1656029899159061246 5098
1656029899365626877 5945
1656029899573462636 6597
1656029899779227529 5390
1656029899986198569 5600
1656029900191692680 5140
1656029900402372761 9699
1656029900608224182 5513
1656029900813570833 4859
1656029901019112514 5206
1656029901224636025 5192
1656029901431394196 5568
1656029901637769007 5467
1656029901845243908 6080
1656029902050863979 5301
1656029902256567160 5171
1656029902462068241 5058
1656029902668703312 5295
1656029902875461703 5440
1656029903082184603 5626
1656029903288621545 5120
1656029903495900936 4901
1656029903701891506 4844
1656029903908410167 5235
1656029904117031509 7455
1656029904322097248 4694
1656029904528120481 5572
1656029904734249412 5221
1656029904940867003 5665
1656029905146685343 5301
1656029905351796795 4698
1656029905557185226 4663
1656029905763673627 5121
1656029905970899998 6164
1656029906177040577 5664
1656029906382246280 4791
1656029906588673291 4838
1656029906796296492 6591
1656029907002284993 5624
1656029907208265484 5629
1656029907415088225 6373
1656029907622480626 5576
1656029907828281948 4472
1656029908034829338 5411
1656029908241249029 5440
1656029908446868561 4366
1656029908652972552 5016
1656029908858120913 4405
1656029909065497343 5836
1656029909272183705 5550
1656029909478286515 4974
1656029909684423815 4988
1656029909890678168 5209
1656029910097075930 5204
1656029910302748830 5350
1656029910509010491 5066
1656029910714957891 5606
1656029910919864943 4599
1656029911125926854 5709
1656029911331732035 5452
1656029911537358686 5264
1656029911743397767 5597
1656029911949374617 5363
1656029912156007299 5009
1656029912362131300 5110
1656029912566991951 4593
1656029912772465931 5086
1656029912978874883 5946
1656029913184233404 4879
1656029913389576415 4894
1656029913596111267 5503
1656029913801984557 4810
1656029914007342449 5013
1656029914213840180 5507
1656029914419837961 5543
1656029914626547572 5497
1656029914832604983 4867
1656029915037924944 4976
1656029915244763655 6381
1656029915450141967 4799
1656029915656312897 5061
1656029915862395258 4870
1656029916070426199 6944
1656029916275836681 5017
1656029916481396112 5099
1656029916688562012 6074
1656029916895360104 5868
1656029917101128655 5185
1656029917308340436 4660
1656029917517205857 7656
1656029917728630747 8605
1656029917934884028 4720
1656029918143036439 6654
1656029918349358490 5159
1656029918555766641 4932
1656029918761533082 4778
1656029918966831444 4695
1656029919172178704 4176
1656029919378560475 5042
1656029919583815547 4290
1656029919790506068 5474
1656029919996310888 4885
1656029920201442650 3908
1656029920405895330 3978
1656029920611061803 4716
1656029920817141664 4953
1656029921022154865 4112
1656029921227523796 4943
1656029921434082377 4994
1656029921640971518 4970
1656029921846721539 4619
1656029922052382190 5308
1656029922259234970 5775
1656029922464990692 4540
1656029922670816513 5382
1656029922876360684 5215
1656029923081380533 4596
1656029923288185736 5521
1656029923495188355 6034
1656029923701595078 6089
1656029923908347259 6353
1656029924114707819 5930
1656029924320405581 4714
1656029924527139152 5721
1656029924733256522 5847
1656029924939533772 5997
1656029925144839104 4818
1656029925352149646 6571
1656029925558202087 5518
1656029925765442617 6286
1656029925972559399 6750
1656029926178354120 5442
1656029926384508440 5009
1656029926591646151 6143
1656029926797054792 5080
1656029927003295084 5859
1656029927210155804 5860
1656029927416375635 5972
1656029927623031416 5659
1656029927829087017 5407
1656029928035551658 6153
1656029928241259829 5386
1656029928446490280 5065
1656029928652048210 5185
1656029928858934492 6604
1656029929065514854 6230
1656029929272443624 6603
1656029929479626325 5378
1656029929687163066 5760
1656029929892542886 4947
1656029930098117277 4790
1656029930305828349 6495
1656029930513461230 7266
1656029930721891130 7990
1656029930928520181 6172
1656029931136735482 7191
1656029931345157623 8082
1656029931552311634 6050
1656029931758911055 6109
1656029931964204116 4917
1656029932170455747 5005
1656029932376812117 5275
1656029932583300529 5426
1656029932790439110 6064
1656029932995905011 5130
1656029933202746872 6304
1656029933410305983 5940
1656029933615812813 5146
1656029933821470543 5315
1656029934028911716 6160
1656029934235836737 6437
1656029934441630307 5690
1656029934648348838 5068
1656029934854083540 4666
1656029935060825800 6261
1656029935266235322 4555
1656029935472244192 4971
1656029935679072903 6462
1656029935885238434 5163
1656029936091883735 5740
1656029936297541936 5128
1656029936503506055 4719
1656029936710514888 5687
1656029936917029108 6181
1656029937123294260 5243
1656029937329457399 5830
1656029937536387972 6231
1656029937743194693 5728
1656029937949935654 5514
1656029938155474115 5207
1656029938361688896 5258
1656029938568457517 4320
1656029938783160017 14289
1656029938988027335 4618
1656029939194639839 5418
1656029939401441438 5375
1656029939607264751 4159
1656029939812467372 4363
1656029940018105883 4452
1656029940223592534 4585
1656029940429271745 5307
1656029940636552915 6049
1656029940843746586 6892
1656029941051587878 5997
1656029941257990889 5182
1656029941465007020 6038
1656029941671451121 5502
1656029941876835852 4692
1656029942083120232 5511
1656029942289048494 5423
1656029942496141793 6020
1656029942702153706 4644
1656029942908856857 6452
1656029943117179208 7028
1656029943323860679 5634
1656029943530077629 5821
1656029943737027100 5383
1656029943943096692 4949
1656029944149402602 5008
1656029944355229482 5323
1656029944562680614 6849
1656029944768795756 4838
1656029944976453256 4614
1656029945181990568 4174
1656029945388264739 5920
1656029945593927130 4270
1656029945800655891 5483
1656029946006929242 5948
1656029946213756083 5645
1656029946419194324 4775
1656029946624691275 4452
1656029946829993856 4401
1656029947036419447 5157
1656029947242746748 4518
1656029947447526429 4388
1656029947654168069 6481
1656029947860700641 5646
1656029948066875102 5850
1656029948272094863 4910
1656029948479280464 6105
1656029948685802204 4526
1656029948891484446 5069
1656029949097586817 5118
1656029949303032338 5139
1656029949509766536 5384
1656029949717666040 6757
1656029949923993391 5185
1656029950130363812 5604
1656029950335356263 4566
1656029950541306414 4911
1656029950747249566 4593
1656029950953277916 5063
1656029951160802097 6198
1656029951367102636 5219
1656029951573523029 4882
1656029951780265530 5685
1656029951986023152 4767
1656029952193282392 6311
