1656030354565344376 1110951
1656030354772955337 5490
1656030354980902368 5943
1656030355200522027 12713
1656030355413852109 10642
1656030355628912589 7783
1656030355841199479 6931
1656030356054291410 9947
1656030356265748521 8445
1656030356478868241 6804
1656030356694913032 9527
1656030356903463193 5061
1656030357113065244 6679
1656030357321465715 8092
1656030357529589536 7217
1656030357741484617 10858
1656030357952028688 7841
1656030358174232998 15636
1656030358380101139 5717
1656030358585920770 5538
1656030358791098532 4939
1656030358997843943 5405
1656030359204696244 6056
1656030359409420916 4336
1656030359619436757 7061
1656030359826578578 6218
1656030360032414529 4999
1656030360237693420 4325
1656030360444066271 5935
1656030360650206753 5181
1656030360856479664 6100
1656030361062406625 5517
1656030361268100587 5396
1656030361474878178 5479
1656030361680121469 4954
1656030361886902751 5209
1656030362092351002 4952
1656030362297073084 4389
1656030362502369125 4324
1656030362708737466 4960
1656030362917168866 6924
1656030363125590348 6223
1656030363333680289 7607
1656030363540841591 6431
1656030363748766632 6335
1656030363957137913 7734
1656030364165460344 6872
1656030364373200005 6736
1656030364580144846 6517
1656030364787992807 7239
1656030364996013867 6607
1656030365201992449 5647
1656030365409064610 6660
1656030365618226822 8856
1656030365826431452 7784
1656030366033070324 5562
1656030366241426045 7434
1656030366449272756 6038
1656030366658093047 6806
1656030366865116528 5889
1656030367072024818 6625
1656030367281013560 7760
1656030367488460512 7047
1656030367696376253 7506
1656030367904156814 6775
1656030368111679865 7286
1656030368318696525 5190
1656030368525059576 6060
1656030368732443328 6854
1656030368939528249 6096
1656030369147202740 6547
1656030369352273011 4760
1656030369559015422 6359
1656030369765424284 6074
1656030369972168865 5806
1656030370178633196 5838
1656030370387289987 8113
1656030370593575879 5764
1656030370800967910 6029
1656030371008334641 6759
1656030371217777762 8507
1656030371426365384 7408
1656030371636019624 6446
1656030371843596295 7282
1656030372051411586 6149
1656030372259058747 7344
1656030372466773918 6522
1656030372674161000 6825
1656030372882565860 7086
1656030373089339471 6468
1656030373297803893 7490
1656030373505007384 5388
1656030373712050835 5792
1656030373922890514 8072
1656030374132080947 7832
1656030374339056288 6482
1656030374545173779 5779
1656030374752208651 6590
1656030374960128801 6892
1656030375168199822 5672
1656030375375380323 7002
1656030375582080995 6321
1656030375787193666 4582
1656030375993738307 5110
1656030376200902668 4608
1656030376405973950 4746
1656030376611656481 4394
1656030376818212002 4993
1656030377025445373 6441
1656030377231958175 6228
1656030377438380266 4618
1656030377645693607 6056
1656030377852025858 5916
1656030378058086530 4818
1656030378265004141 6308
1656030378473639402 8335
1656030378680776053 5757
1656030378886581444 4822
1656030379091238225 4355
1656030379297266237 4960
1656030379503177148 4734
1656030379708356650 4952
1656030379914083181 4700
1656030380119879452 5215
1656030380325151953 4886
1656030380530038795 4341
1656030380735739796 5361
1656030380941126817 4330
1656030381145783209 4345
1656030381350517490 4417
1656030381556569792 5010
1656030381761186313 4198
1656030381967069834 4610
1656030382172964616 4893
1656030382377787407 3892
1656030382583456808 4768
1656030382787824580 4064
1656030382993867411 5080
1656030383199139172 4289
1656030383404662554 4380
1656030383608987065 3950
1656030383813668446 4372
1656030384018539557 4565
1656030384223154309 3855
1656030384430818140 6282
1656030384639027662 7883
1656030384845390953 5807
1656030385057148313 8812
1656030385264147735 6570
1656030385473708765 8092
1656030385684970386 7394
1656030385892990547 5173
1656030386103457278 5206
1656030386320073568 16241
1656030386528683979 8021
1656030386736900010 6426
1656030386943919462 6865
1656030387152186653 7911
1656030387361453054 7473
1656030387572514994 9207
1656030387780707045 7856
1656030387991001006 9074
1656030388199444558 7101
1656030388410708828 9480
1656030388618696210 6700
1656030388825920191 6898
1656030389033125612 6641
1656030389240006743 5231
1656030389447522674 5749
1656030389656831355 7540
1656030389862027156 4894
1656030390067015208 4379
1656030390273242969 5245
1656030390483389150 8487
1656030390688956722 4274
1656030390895044823 4765
1656030391100292144 4095
1656030391315016965 4326
1656030391520904946 5469
1656030391726875797 4633
1656030391933878338 5745
1656030392140305020 5333
1656030392349073831 5736
1656030392557524732 7239
1656030392766519333 7991
1656030393019069919 5011
1656030393226449221 5650
1656030393436255892 5581
1656030393646052553 7760
1656030393853794884 5409
1656030394061463705 6438
1656030394270689676 8159
1656030394479802217 7268
1656030394689816387 9404
1656030394900885528 10065
1656030395111558679 10299
1656030395323258560 11027
1656030395533816071 10131
1656030395745945501 11100
1656030395956529182 7637
1656030396186254431 24429
1656030396396725262 7270
1656030396609621402 11687
1656030396819724023 9240
1656030397032715934 10441
1656030397249406614 15683
1656030397473366704 19512
1656030397687621274 11232
1656030397908486474 17669
1656030398124194704 14814
1656030398336587325 10923
1656030398551957266 15063
1656030398773337745 20244
1656030398983886006 10029
1656030399198611837 12832
1656030399413137987 12179
1656030399632246037 17006
1656030399847817448 13957
1656030400064025238 12808
1656030400274394949 7352
1656030400517692336 41594
1656030400723507388 4602
1656030400930640119 5362
1656030401137736280 5728
1656030401344302961 5520
1656030401551871812 6961
1656030401759772083 6699
1656030401970677703 8875
1656030402179029465 6403
1656030402413478883 33006
1656030402619118264 4370
1656030402825117346 4861
1656030403030478307 5100
1656030403236219479 5314
1656030403442111589 4700
1656030403647601371 5039
1656030403852914922 4076
1656030404058995093 4781
1656030404266571675 6474
1656030404477196935 8817
1656030404686458386 7437
1656030404894925997 7488
1656030405103138468 7884
1656030405312084399 7980
1656030405520054100 6148
1656030405729163742 7465
1656030405938678112 8370
1656030406146609613 6780
1656030406354272255 6764
1656030406561864056 5259
1656030406769272838 6809
1656030406974675759 3924
1656030407180167580 4538
1656030407385853171 5116
1656030407593920463 7029
1656030407800791784 5796
1656030408006772215 4927
1656030408212398587 5210
1656030408418625978 5845
1656030408624360888 4718
1656030408830799941 6126
1656030409037944261 4893
1656030409242708913 4425
1656030409448522235 4754
1656030409656113156 6123
1656030409861425827 4854
1656030410066280199 4493
1656030410271167960 4548
1656030410477087470 4916
1656030410682877771 5226
1656030410888979904 5056
1656030411093936525 4026
1656030411299501665 4566
1656030411504818608 4948
1656030411710357979 5111
1656030411916241250 4812
1656030412124027661 6021
1656030412329256262 4303
1656030412534165574 4586
1656030412739222365 4581
1656030412944622106 4368
1656030413149405788 4235
1656030413355091879 5334
1656030413560629451 4462
1656030413765182352 4141
1656030413971242703 4932
1656030414176473784 4911
1656030414382006185 5207
1656030414587028427 4402
1656030414791801949 4329
1656030414996052160 3944
1656030415201490511 4490
1656030415406894121 4840
1656030415612139332 4165
1656030415817641855 4600
1656030416022835346 4856
1656030416228556068 4697
1656030416433462409 4476
1656030416638783060 4877
1656030416843679662 4600
1656030417048226503 4241
1656030417253153665 4502
1656030417458183366 4568
1656030417663236808 4859
1656030417868413979 4170
1656030418074082490 4758
1656030418311421598 36316
1656030418517544169 5740
1656030418727773800 9384
1656030418936442391 7442
1656030419145027602 7390
1656030419355249393 6654
1656030419561819264 5108
1656030419766858486 4597
1656030419972173447 4946
1656030420178430728 5401
1656030420384554969 5153
1656030420591085371 5570
1656030420797956122 5882
1656030421004567313 5515
1656030421212064394 6169
1656030421418691396 6084
1656030421627201357 7463
1656030421839371118 9722
1656030422049233369 8507
1656030422257727039 7429
1656030422466166849 6947
1656030422676870531 7780
1656030422891159562 11530
1656030423097951263 6555
1656030423306947414 6799
1656030423516536155 8717
1656030423723558046 6183
1656030423930037388 5441
1656030424137918969 5832
1656030424344968690 5825
1656030424551208781 4561
1656030424757651493 5314
1656030424964373534 5358
1656030425171175975 5142
1656030425379386516 7168
1656030425588952107 6493
1656030425795348898 4482
1656030426004383729 8397
1656030426211390200 6130
1656030426422783271 7504
1656030426630310691 5364
1656030426839605183 7307
1656030427052071494 12116
1656030427261147445 8760
1656030427469737516 7368
1656030427674411767 4344
1656030427879608369 4024
1656030428085375610 3977
1656030428290697421 3884
1656030428496236863 5227
1656030428701368944 4388
1656030428908120635 5518
1656030429115425507 6180
1656030429322964527 6220
1656030429531633658 6324
1656030429741372889 6680
1656030429949780680 6702
1656030430157105821 6179
1656030430367212063 7918
1656030430580097124 10840
1656030430792310104 9837
1656030431004994865 7708
1656030431211208377 4531
1656030431419266337 7464
1656030431637129068 17661
1656030431848991659 10945
1656030432058593270 8584
1656030432271142790 11128
1656030432479512041 7549
1656030432687096933 5859
1656030432892881374 4209
1656030433098203115 4517
1656030433305834216 6227
1656030433512721808 5434
1656030433719806889 6785
1656030433924603950 4261
1656030434130491762 4588
1656030434336146262 3869
1656030434541566444 4200
1656030434747565236 4741
1656030434953027467 5052
1656030435158094708 4718
1656030435363358649 4954
1656030435568813881 5119
1656030435774140922 5016
1656030435983466323 8054
1656030436190369844 6544
1656030436399463085 8442
1656030436610095996 6671
1656030436817370687 5069
1656030437024144088 6167
1656030437230212210 4730
1656030437437660831 5742
1656030437645673122 7290
1656030437853064483 6285
1656030438059216825 5802
1656030438266433576 7048
1656030438473083237 5264
1656030438680699888 6133
1656030438886535799 5704
1656030439093874140 6286
1656030439300309721 5652
1656030439507017223 5605
1656030439716059123 8026
1656030439923981655 6614
1656030440129836986 5499
1656030440334925847 4531
1656030440540505979 3929
1656030440746540140 4723
1656030440951961501 4893
1656030441157464322 5080
1656030441363477654 4945
1656030441569478635 4939
1656030441774614136 4800
1656030441979514998 4507
1656030442184483869 4651
1656030442390251549 4659
1656030442595037483 4339
1656030442799834644 4370
1656030443006454015 5529
1656030443210791966 4005
1656030443416509617 5106
