1656029984836975757 26516
1656029985043190968 5450
1656029985249979829 5556
1656029985455898990 5297
1656029985662802211 5776
1656029985868587892 4771
1656029986075758562 6542
1656029986281126693 4321
1656029986486768295 5309
1656029986692246945 5077
1656029986897307674 4632
1656029987102858487 4594
1656029987308995899 5799
1656029987514218930 4875
1656029987720631880 5209
1656029987926205251 4581
1656029988132564953 5366
1656029988338352501 5318
1656029988543754194 5067
1656029988749494405 5325
1656029988955012056 5165
1656029989160239217 4871
1656029989365889829 5323
1656029989571642189 5278
1656029989777251991 4509
1656029989982700212 5026
1656029990188279943 5227
1656029990393168434 4483
1656029990598506494 4934
1656029990804873756 5358
1656029991010684827 4664
1656029991216912188 5269
1656029991423614008 6255
1656029991629344730 4702
1656029991835343881 5635
1656029992042227152 5598
1656029992248698253 5404
1656029992454906734 5252
1656029992660292855 5039
1656029992865404166 4696
1656029993071380787 5634
1656029993278048227 5469
1656029993484106179 4747
1656029993689996861 5308
1656029993896281311 5167
1656029994102237933 4901
1656029994307478313 4888
1656029994512996045 5160
1656029994718611476 5273
1656029994924391517 5153
1656029995129996807 5231
1656029995335628239 5224
1656029995541859919 5201
1656029995747500621 4523
1656029995952847912 5189
1656029996159780993 5781
1656029996366863604 5879
1656029996573000535 5068
1656029996779531216 5409
1656029996984948027 5059
1656029997190524738 5111
1656029997395822249 4942
1656029997601731768 4740
1656029997807407801 5193
1656029998012880032 5100
1656029998219816583 6478
1656029998426628704 5698
1656029998632747755 4706
1656029998840938635 6512
1656029999046350127 5091
1656029999252296627 4939
1656029999457834388 5175
1656029999662901819 4643
1656029999868069600 4713
1656030000074839092 5546
1656030000280273922 5094
1656030000486754680 5421
1656030000691878994 4793
1656030000897163713 4944
1656030001102453816 4816
1656030001308017086 5108
1656030001515055938 6030
1656030001720966959 5397
1656030001926961458 4947
1656030002132453681 5061
1656030002337649192 4800
1656030002544015313 5377
1656030002748980294 4497
1656030002954994265 5596
1656030003160632956 4645
1656030003366981177 5341
1656030003573402668 5387
1656030003778742969 4883
1656030003985027420 5893
1656030004191094381 5100
1656030004396017832 4598
1656030004602270123 5236
1656030004807272585 4562
1656030005013879935 5458
1656030005220052476 5026
1656030005426656557 5637
1656030005633156718 5459
1656030005839156818 4908
1656030006045117489 4806
1656030006251306580 5910
1656030006458520442 6226
1656030006664194663 5334
1656030006869745144 4729
1656030007075416865 4703
1656030007281372895 5349
1656030007487212347 4573
1656030007692282698 4708
1656030007900358188 6329
1656030008107301319 5446
1656030008312189180 4539
1656030008519001701 5573
1656030008724231223 4880
1656030008931420643 6065
1656030009136721814 4946
1656030009342505716 5448
1656030009548037607 4507
1656030009753767788 5288
1656030009960163998 5274
1656030010165505460 4338
1656030010372127680 5554
1656030010578579641 5462
1656030010784061482 4913
1656030010990403553 5344
1656030011196654694 5287
1656030011402378325 4726
1656030011608399276 4962
1656030011817056887 7453
1656030012024089018 5800
1656030012230605419 5461
1656030012435999139 5050
1656030012641140671 4706
1656030012846165172 4677
1656030013053237573 6629
1656030013258945354 4413
1656030013464658684 5259
1656030013670409156 5155
1656030013875527747 4681
1656030014081012417 5129
1656030014286575699 5132
1656030014492371030 4738
1656030014698724521 5217
1656030014904124821 5046
1656030015110263343 5073
1656030015316839714 5392
1656030015522288763 4417
1656030015727683906 4999
1656030015933685177 4835
1656030016138984578 4922
1656030016345396929 6010
1656030016550374530 4626
1656030016756466141 4915
1656030016963057782 5404
1656030017170004153 5984
1656030017376524732 5414
1656030017583283206 5633
1656030017789029157 4540
1656030017995259977 5233
1656030018201069077 4689
1656030018406775579 4738
1656030018612582587 5464
1656030018818698711 4999
1656030019024241722 5202
1656030019230267033 4979
1656030019435634183 4928
1656030019641867774 5090
1656030019846923036 4497
1656030020052407756 4402
1656030020259545247 5802
1656030020464188838 4289
1656030020670222039 4773
1656030020875436931 4789
1656030021080880562 5070
1656030021286892533 5036
1656030021491998102 4509
1656030021698116894 4821
1656030021902952695 4520
1656030022108045248 4668
1656030022313593290 5131
1656030022519543230 4840
1656030022724940000 4384
1656030022930145211 4873
1656030023135959732 5430
1656030023342137773 5208
1656030023546857745 4386
1656030023753488125 5528
1656030023959783947 5285
1656030024165267827 5168
1656030024370907549 5159
1656030024575902630 4495
1656030024780995131 4754
1656030024985993232 4620
1656030025190982123 4679
1656030025396488694 5141
1656030025601299015 4417
1656030025805923106 4264
1656030026016127777 8850
1656030026222279448 4890
1656030026428009939 4728
1656030026633235079 4386
1656030026839369511 5086
1656030027044024682 4341
1656030027249049673 4617
1656030027454454394 4537
1656030027663512695 8598
1656030027868924576 5081
1656030028075578086 5175
1656030028281412437 5027
1656030028486673849 4316
1656030028693128400 5110
1656030028898626501 4393
1656030029105497011 5795
1656030029311419513 4771
1656030029517110364 5357
1656030029722955185 4921
1656030029929169405 5258
1656030030135019185 5328
1656030030340843268 4808
1656030030546238779 4956
1656030030751841930 4535
1656030030957611671 4759
1656030031163339201 4697
1656030031369044263 4671
1656030031574241305 4873
1656030031779730125 5151
1656030031985199937 4497
1656030032190117788 4135
1656030032395349909 4278
1656030032600951029 4666
1656030032807191851 5247
1656030033012474202 4810
1656030033216725063 3952
1656030033422831824 5702
1656030033629125945 5135
1656030033834666384 5203
1656030034040810777 5152
1656030034246734548 4963
1656030034452496739 5456
1656030034657647670 4219
1656030034862071360 4125
1656030035067265552 4033
1656030035273224593 4927
1656030035479139804 5478
1656030035685168265 4878
1656030035890970266 4836
1656030036096041907 4669
1656030036301467228 4482
1656030036505879009 4087
1656030036711057150 5015
1656030036925118850 7544
1656030037130752741 4591
1656030037336584602 4478
1656030037544097623 5837
1656030037749259954 4253
1656030037956847635 5464
1656030038165501605 8122
1656030038371156097 4435
1656030038577433677 4967
1656030038782715319 4916
1656030038988831249 5046
1656030039194506091 5135
1656030039401887852 6313
1656030039608050893 4779
1656030039817595073 8320
1656030040024694234 4498
1656030040230123165 4313
1656030040436161916 5565
1656030040641142807 4758
1656030040846018838 4618
1656030041051106500 4708
1656030041256542641 4568
1656030041463413952 4936
1656030041669977693 5317
1656030041876029024 4830
1656030042080975416 4610
1656030042286068537 4668
1656030042491265138 4753
1656030042696816169 5442
1656030042902745130 5587
1656030043108085691 4799
1656030043313449142 4927
1656030043519498253 5075
1656030043725898024 5153
1656030043931540214 4715
1656030044138240436 6288
1656030044344027747 5429
1656030044550161658 5257
1656030044756243199 5677
1656030044961664900 5025
1656030045167244491 4599
1656030045373415690 5243
1656030045578678452 4960
1656030045784845954 5223
1656030045990982615 5725
1656030046197415564 5484
1656030046402964677 5158
1656030046609110038 5367
1656030046815390659 5421
1656030047022189939 4912
1656030047228639920 5423
1656030047434931141 5258
1656030047642446442 6296
1656030047847611683 4851
1656030048052866724 4635
1656030048258309075 4905
1656030048464572656 5354
1656030048671536388 5263
1656030048877233858 4476
1656030049082727329 5116
1656030049288671370 4774
1656030049494249111 5146
1656030049699776613 4672
1656030049904980814 4744
1656030050114119475 6081
1656030050320007176 5446
1656030050525772997 4815
1656030050730722588 4747
1656030050936552009 5464
1656030051143401790 6374
1656030051349570831 5660
1656030051555987131 5920
1656030051760948283 4541
1656030051966923634 5148
1656030052173584355 5096
1656030052380094805 5661
1656030052586249457 5327
1656030052794064047 6525
1656030052999901719 4549
1656030053207000229 6094
1656030053413725060 5486
1656030053620086851 5130
1656030053825990802 5337
1656030054032691502 5441
1656030054238521484 5533
1656030054443952915 4017
1656030054649826226 4731
1656030054854932677 4806
1656030055060248559 4874
1656030055266529940 4876
1656030055472406801 4579
1656030055678449592 4857
1656030055883265732 4421
1656030056088120763 4730
1656030056294117035 4885
1656030056498655126 4272
1656030056705454037 5719
1656030056911551858 5729
1656030057117856509 4692
1656030057323730370 5326
1656030057529492311 5151
1656030057735161772 5093
1656030057941572162 5344
1656030058147932054 5091
1656030058355105225 4867
1656030058561047436 5374
1656030058766567947 4421
1656030058972093008 4457
1656030059177546329 4315
1656030059382250490 4281
1656030059587775420 4268
1656030059792857223 4753
1656030060000298023 5490
1656030060205786614 5162
1656030060412298785 4676
1656030060618080616 4273
1656030060822980985 4605
1656030061028611439 5248
1656030061233495380 4532
1656030061439028821 4563
1656030061645913322 4919
1656030061851648003 4190
1656030062057212523 5214
1656030062263081715 4716
1656030062469082056 5669
1656030062675372936 5973
1656030062880981278 4328
1656030063088943408 6958
1656030063294194600 4824
1656030063501797031 6498
1656030063709006941 6321
1656030063918065262 7760
1656030064124097942 4800
1656030064332643404 5551
1656030064538282665 4481
1656030064744111626 4696
1656030064949120818 4490
1656030065153970999 4188
1656030065360248040 4849
1656030065566030981 4455
1656030065771411262 5049
1656030065977567642 5279
1656030066184225893 4835
1656030066389677234 4366
1656030066596249155 5760
1656030066802800886 6232
1656030067010749127 6869
1656030067217013878 4764
1656030067422924929 4535
1656030067628341880 4974
1656030067835183321 4912
1656030068041022312 4856
1656030068247215323 5862
1656030068452028975 4646
1656030068658419956 5959
1656030068866090117 6127
1656030069072220918 5111
1656030069278605389 5238
1656030069484144049 5120
1656030069690551341 5529
1656030069897261232 5707
1656030070104979023 7223
1656030070309983024 4682
1656030070516358195 4921
1656030070721914275 5154
1656030070929389317 6484
1656030071136290537 6385
1656030071341508087 4680
1656030071547158239 5231
1656030071753380850 5265
1656030071960474272 5720
1656030072166811873 5151
1656030072373622113 5609
1656030072579863315 5360
1656030072785999426 5027
1656030072992356177 5156
1656030073199130018 6420
1656030073405018949 4743
1656030073612030560 6612
1656030073819118661 5844
1656030074024869741 4654
1656030074231970052 5845
1656030074437733073 4644
1656030074643579044 4199
