1656030845934691982 117279
1656030846155362011 20367
1656030846414145689 58311
1656030846624044299 9660
1656030847942712529 1113401
1656030848148948261 5505
1656030848359028891 6872
1656030848569403352 8177
1656030848951864487 135867
1656030849166474628 6164
1656030849377098599 8827
1656030849587062099 7052
1656030849797976920 6759
1656030851073468165 1073206
1656030851320440192 43459
1656030851545989572 21756
1656030851754876982 4283
1656030852012264740 56533
1656030852228824699 10548
1656030852456244159 25064
1656030853762464440 1098199
1656030853968033561 5065
1656030854177103002 7148
1656030854383027383 5373
1656030855619987661 1036563
1656030856834110211 1012915
1656030857071079879 33113
1656030857294479199 20113
1656030857521112128 23121
1656030858756227064 1032969
1656030858967283757 9901
1656030859184086177 11488
1656030859391003488 4870
1656030859715284568 87086
1656030859932494028 14308
1656030860153061099 18828
1656030860415182165 57766
1656030860722895866 73522
1656030861014026130 83584
1656030861225714881 7469
1656030861433027832 6770
1656030861656520221 22043
1656030861865452792 8029
1656030863325488430 1259647
1656030863539256580 7855
1656030863747687571 4683
1656030863954405452 5552
1656030864159042584 4079
1656030865415069461 1055709
1656030865638644530 12846
1656030865856424491 8168
1656030866068810541 9975
1656030866283789352 10593
1656030866535404429 50559
1656030866751811889 13656
1656030867014219835 60912
1656030867226430566 11898
1656030867433773367 6911
1656030870727675778 3093592
1656030870950034208 21235
1656030872258624929 1105965
1656030875588225266 3128300
1656030875808422576 18990
1656030876113927818 76549
1656030876323511428 8443
1656030876542731879 18008
1656030876751248140 6583
1656030876963534061 8665
1656030878212879918 1047483
1656030878427003708 13605
1656030879681300154 1050362
1656030880029604682 116717
1656030880350254954 119854
1656030880569711833 17318
1656030880781037774 10641
1656030880993885885 9612
1656030882245421260 1050300
1656030882464062751 16805
1656030883713668167 1045226
1656030884932189416 1017559
1656030885142690206 8318
1656030885349313518 5635
1656030885555783389 4180
1656030885761458830 4009
1656030885968287642 6508
1656030887236422496 1053751
1656030888452152985 1013107
1656030888665906216 12526
1656030888890216956 20848
1656030889099547647 8152
1656030889306724278 4332
1656030889518132469 7421
1656030892805307349 3086565
1656030893024101170 17722
1656030893236649800 12273
1656030893535688423 96318
1656030893741905355 5244
1656030893947227256 4387
1656030894151886727 4216
1656030894358162308 4921
1656030895617779014 1050927
1656030895824343305 5583
1656030896032217566 6510
1656030896249100616 15093
1656030896514536361 61442
1656030896726181092 10125
1656030896940572543 11343
1656030897148814623 6125
1656030897367439394 15591
1656030897587309144 17426
1656030897806078513 12701
1656030898020545574 11541
1656030898225279435 4313
1656030899459854803 1033418
1656030899675769393 14600
1656030899890879914 13652
1656030900107775924 14965
1656030900322625745 9480
1656030900532744006 8730
1656030901761953595 1025722
1656030903105775002 1140591
1656030903357782539 50507
1656030903625339154 59952
1656030904024226808 194648
1656030904231023909 5075
1656030904446017190 13725
1656030904654300141 7137
1656030904928974476 16386
1656030905161037245 8090
1656030905424303781 56991
1656030905644098542 13932
1656030905865002731 17270
1656030907142528564 1074376
1656030908417969379 1071742
1656030908863230399 243776
1656030909074487629 5414
1656030909287554049 7843
1656030909496821541 8042
1656030910720738759 1018621
1656030910943208280 20714
1656030911155095920 11716
1656030911367122480 9496
1656030911573031322 5086
1656030911779467943 4300
1656030913029126930 1046900
1656030916354300658 3119088
1656030916561830989 4815
1656030916771837610 7450
1656030918228075268 1254681
1656030918448295788 18842
1656030918874880120 222496
1656030919087105880 11051
1656030920324440527 1036246
1656030920548087547 20809
1656030920763645447 14405
1656030920981148698 16764
1656030921202783197 18757
1656030921641385128 234099
1656030921866111327 14709
1656030922115563374 30054
1656030922330912105 11607
1656030924410854245 1879125
1656030924636635585 24644
1656030924851921035 11690
1656030925066558066 12327
1656030925315424153 5479
1656030925521051834 5307
1656030925727566245 6167
1656030925933828887 5373
1656030926143107378 6866
1656030927518531573 1173624
1656030927739934353 20192
1656030927957866924 17474
1656030928163711505 4702
1656030928369144636 4229
1656030928630312572 60137
1656030932037129241 3182717
1656030932256092641 8649
1656030932535399206 72131
1656030932758429765 18175
1656030932965116206 3712
1656030933171827567 4692
1656030933382537359 6249
1656030933724845107 99867
1656030933936305118 10223
1656030934143976929 4210
1656030934348384661 4106
1656030934553668812 4369
1656030934757895613 3931
1656030934963252175 4977
1656030935226894721 14589
1656030935440771281 10696
1656030935710882977 66635
