1656030970174680511 1430425
1656030970452562896 39848
1656030970723526982 69083
1656030970937774432 9072
1656030971149562983 10509
1656030972420469637 1068852
1656030973843271298 1220888
1656030977744269993 3634335
1656030977954807374 7137
1656030978167432115 10214
1656030978377581366 9559
1656030978586623517 8721
1656030978797766237 6862
1656030979137303857 124848
1656030979358666667 8644
1656030979566529678 7522
1656030979774622519 6435
1656030979981657850 5534
1656030981464854515 1281549
1656030981676229526 9993
1656030981892587356 11212
1656030982103663017 7190
1656030982314027088 7446
1656030983560811574 1043546
1656030986881962653 3119575
1656030987089860173 6743
1656030988352765129 1024413
1656030988576149178 17928
1656030988792073638 11688
1656030989022229358 27562
1656030989232105609 8491
1656030990882870078 1450399
1656030991091155959 7039
1656030991299524779 7252
1656030991506991201 6602
1656030992769739267 1059613
1656030993986501267 1015011
1656030994206551216 19635
1656030994437916705 18990
1656030994661032225 7822
1656030994871283766 8269
1656030995110659113 37374
1656030996356498229 1044647
1656030997849420134 1286469
1656030998058294805 7672
1656030998326522031 7492
1656030998534078381 6693
1656030998749692542 15307
1656031000481540586 1524847
1656031002154376842 1468228
1656031002364650293 7422
1656031002592643722 25280
1656031003848300878 1052942
1656031004073166827 20788
1656031004278780179 4610
1656031004486539400 6517
1656031004721569747 10547
1656031004959999767 13292
1656031005224623742 62138
1656031005626255126 104381
1656031006851204994 1022751
1656031007059275765 5989
1656031010370986604 3111273
1656031010576644745 5023
1656031010781846416 4573
1656031011020146344 37986
1656031011230864235 9203
1656031011448449045 14188
1656031011666095726 11707
1656031011923837342 55580
1656031012216151246 89215
1656031012441968255 23590
1656031012719537850 74333
1656031012935834280 11594
1656031013228196373 90596
1656031013440726533 10493
1656031013667462433 24169
1656031013884960683 11930
1656031014099401013 6921
1656031014313920964 11631
1656031014530297574 14851
1656031014746728605 11134
1656031015023262900 12466
1656031015231735610 7854
1656031015529465913 17725
1656031015744104254 8724
1656031016027496868 17477
1656031016244923838 15731
1656031016472775377 25463
1656031016714535665 40111
1656031016927447036 10614
1656031017142193616 10763
1656031017356272486 13325
1656031017634070861 20823
1656031017925978065 87849
1656031018228186506 87206
1656031018546840128 107118
1656031018820550693 8198
1656031019026563554 4888
1656031019231780246 4834
1656031019439105057 6243
1656031019643669577 4133
1656031019853481609 8449
1656031021215266505 1159883
1656031021431171306 12928
1656031021649927875 17974
1656031021857352286 5047
1656031022066240808 7614
1656031022289142317 21720
1656031023554550670 1029062
1656031023775575422 18421
1656031024031050739 10601
1656031024245260020 11007
1656031024458475350 10514
1656031024736656195 75190
1656031025212801951 253492
1656031025429512712 10159
1656031025666233110 29769
1656031025913630267 47220
1656031026336479509 205203
1656031026611143795 71839
1656031026821166995 8806
1656031027026618267 5212
1656031027232729948 4483
1656031027444085429 10679
1656031028737254681 1024268
1656031029117917295 175631
1656031032389516608 3070571
1656031032613253888 18533
1656031033858907454 1041648
1656031035138736888 1075643
1656031035359568388 16090
1656031035577841418 16622
1656031035792602628 8383
1656031036006584439 13244
1656031036219570240 7811
1656031037671303767 1250058
1656031037918080335 46621
1656031038131658945 11579
1656031038343091966 9015
1656031038552695457 8178
1656031038764146638 9989
1656031038970801769 6400
1656031040261579341 1039645
1656031041683402572 1215278
1656031042113228063 224949
1656031042320995594 7284
1656031042530776485 8388
1656031043778521032 1042907
1656031047106603847 3125377
1656031047323762658 13984
1656031048787378983 1260528
1656031050051632689 1063048
1656031050288541527 36435
1656031050496128778 7272
1656031050704404879 4366
1656031050925125519 13338
1656031051141186579 10031
1656031051416430395 74020
1656031051629512755 9126
1656031051841396746 10118
1656031052051117507 9329
1656031052268410497 15068
1656031052614797985 90404
1656031052823076056 6311
1656031053028892238 5372
1656031053234253518 4387
1656031053440009210 5343
1656031053644659081 4316
1656031054926059504 1075601
1656031055162272423 34184
1656031055442395657 6614
1656031055667084947 20918
1656031055913648464 43406
1656031056122735255 6333
1656031056333199306 7216
1656031057730022159 1188042
1656031059010339513 1078961
