1655171045542951050 79708483
1655171045749556990 5086619
1655171045955732042 5524950
1655171046162256292 5842550
1655171046370329814 6960429
1655171046578764895 7318159
1655171046788695506 8540749
1655171046998125165 7933599
1655171047206286147 5589379
1655171047415731265 5654340
1655171047624698737 6857530
1655171047832946050 4930470
1655171048040720071 4565440
1655171048248679292 5213630
1655171048457241032 6306960
1655171048666544943 7931439
1655171048874733234 5328729
1655171049082068035 6421550
1655171049289768266 5236549
1655171049499315147 8286629
1655171049707495528 7665259
1655171049915820229 6969819
1655171050124878380 7034159
1655171050331823461 5449319
1655171050540393962 7390169
1655171050749764733 6601780
1655171050956729894 5952030
1655171051167547135 6237660
1655171051377006016 4704810
1655171051585099697 6143130
1655171051793720577 6294449
1655171052003036088 7088240
1655171052210831559 5930949
1655171052418431900 5737530
1655171052626044161 5236189
1655171052834108813 5651819
1655171053045231563 8638699
1655171053250670074 4633719
1655171053456607886 5376540
1655171053667954195 11017320
1655171053873046778 4738090
1655171054078695269 4020640
1655171054286013089 5223760
1655171054492615719 5967099
1655171054700277010 6393769
1655171054908194783 4763109
1655171055115439564 5491750
1655171055323491014 5545250
1655171055532083556 5865109
1655171055739543307 6217099
1655171055948520348 6847020
1655171056155356339 4566449
1655171056363233780 5921550
1655171056571434061 5538629
1655171056779657773 6980400
1655171056986168344 5225260
1655171057192652464 4862639
1655171057401250006 7299189
1655171057608737527 6100679
1655171057815686468 5537760
1655171058024424346 6126390
1655171058233065080 7768989
1655171058441361030 7123499
1655171058650256422 6936560
1655171058859510352 8894658
1655171059067438924 6479919
1655171059273819585 4815370
1655171059482579126 5593930
1655171059689818557 6010960
1655171059897161508 4386660
1655171060103583497 4646049
1655171060308677340 4729189
1655171060515269031 6330239
1655171060721932701 5144140
1655171060927672542 4851140
1655171061134452674 6487609
1655171061342245385 6528080
1655171061548838166 5204159
1655171061754824167 4855840
1655171061961715668 6252669
1655171062172639659 10528079
1655171062379552530 5832520
1655171062586066671 5241380
1655171062792554302 5119020
1655171062998663823 4822640
1655171063204841165 5685189
1655171063412329566 5961999
1655171063617909597 5173209
1655171063825195308 6512730
1655171064034252509 8049820
1655171064245313470 9644070
1655171064451086261 4644080
1655171064660493072 5982120
1655171064866710443 4154390
1655171065072577694 4637369
1655171065278657886 5703860
1655171065484583407 5590739
1655171065690953968 4856059
1655171065898414839 5660530
1655171066104471160 4868499
1655171066311626801 6049139
1655171066518720302 6171499
1655171066726585803 7482020
1655171066933737644 5577839
1655171067140576265 4850379
1655171067346222657 5252830
1655171067552304608 5730459
1655171067759237469 5256289
1655171067966357341 5883220
1655171068172352661 4826380
1655171068378126053 5432840
1655171068584693434 6200509
1655171068791519434 6445720
1655171068997777256 5782309
1655171069206043908 6758730
1655171069414030258 5175679
1655171069620836779 6426099
1655171069828255440 6872360
1655171070035506791 6313549
1655171070244611882 6735989
1655171070452130963 6206640
1655171070659279024 5557449
1655171070865450995 5501009
1655171071072085326 5749140
1655171071279818666 4430360
1655171071485918388 4772489
1655171071691761008 4799639
1655171071899227791 4509480
1655171072103584193 3969600
1655171072311437723 5249100
1655171072517964854 4213759
1655171072724202125 5277529
1655171072929703097 4737700
1655171073135213057 3970420
1655171073341533299 4563510
1655171073547680090 4736429
1655171073752595132 4655710
1655171073959430263 5414230
1655171074168734523 8803170
1655171074375471993 4828390
1655171074581619694 4810989
1655171074787648085 5003140
1655171074995130078 4361130
1655171075202415479 5242209
1655171075407854971 4693409
1655171075614814052 4158429
1655171075821984683 4302330
1655171076027499414 5102420
1655171076234259535 5321790
1655171076439713375 5110719
1655171076646267517 5408130
1655171076852818374 5365539
1655171077059538279 5556589
1655171077266831560 5993059
1655171077474219251 6264239
1655171077681794392 7057940
1655171077890795653 8650259
1655171078097286934 5164920
1655171078305774144 5339449
1655171078512962536 6152790
1655171078721135267 6156809
1655171078928570889 4629519
1655171079135063889 4400340
1655171079342414069 5528490
1655171079550366901 5436189
1655171079757704861 5844790
1655171079963102204 5018950
1655171080171645125 5695130
1655171080379419146 6422750
1655171080588218166 4166169
1655171080795718887 4680568
1655171081000987937 5037049
1655171081207185770 4124270
1655171081414641531 4666590
1655171081620163962 3988999
1655171081826406873 4223159
1655171082032247864 5115809
1655171082238559105 4528979
1655171082445108446 4904939
1655171082652688187 4704199
1655171082860838298 5676600
1655171083067706729 5603719
1655171083275092071 6076879
1655171083482633841 6504619
1655171083692455573 7905150
1655171083898707654 5226420
1655171084104139845 5194900
1655171084311494686 4769460
1655171084518045077 6105010
1655171084726646617 5991160
1655171084934016417 6119940
1655171085140206649 4043520
1655171085345694360 5152109
1655171085552641062 5698960
1655171085759566633 5576939
1655171085965843354 5860239
1655171086172437135 6066420
1655171086379419486 5563339
1655171086585438027 5009600
1655171086791921088 5569360
1655171086998519599 6219780
1655171087205758739 6030210
1655171087412786043 6568409
1655171087619824423 5902629
1655171087826351905 6117420
1655171088033548056 6023990
1655171088239990686 6051740
1655171088446495627 5500170
1655171088653714089 5948360
1655171088861179940 5686290
1655171089068729030 4968179
1655171089276542561 5663409
1655171089486635563 8620250
1655171089695966003 6760989
1655171089904189944 6938350
1655171090113410782 7566130
1655171090320778626 5931059
1655171090527686007 6057439
1655171090734408768 6366210
1655171090943635615 8632419
1655171091150556520 6346499
1655171091357188031 5530561
1655171091564648672 6341749
1655171091771714112 5746360
1655171091978751364 6173670
1655171092186191035 6077800
1655171092392657666 5715640
1655171092600946087 6986490
1655171092809270917 5755149
1655171093017906149 5290900
1655171093224274510 5792200
1655171093432392321 4626430
1655171093647126331 10565449
1655171093853598322 4375029
1655171094059173624 4205500
1655171094264047715 3920910
1655171094470031816 4757979
1655171094676986317 5697749
1655171094881790018 4412240
1655171095089632410 7463750
1655171095295351290 4560120
1655171095503381362 6147460
1655171095711725083 5962250
1655171095918924564 5977320
1655171096125284125 3925789
1655171096331986256 4449069
1655171096538608017 4613350
1655171096745039147 6080290
1655171096952043639 4811879
1655171097158734740 5050309
1655171097364924920 4548749
1655171097571707923 4249060
1655171097778623763 4217270
1655171097984203725 4632960
1655171098192450594 6805799
1655171098398789617 5002449
1655171098603052967 4105329
1655171098809169799 4475509
1655171099016524200 4928160
1655171099221720931 4780960
1655171099428405673 4365000
1655171099636122664 6327880
1655171099842384025 5792610
1655171100048728546 5836450
1655171100255257287 5481790
1655171100462683888 6355429
1655171100669056005 5740330
1655171100878560230 7699719
1655171101083727111 4802249
1655171101290206922 5413679
1655171101497111773 6509010
1655171101703608505 5210090
1655171101909489096 5506110
1655171102117077808 6382719
1655171102326059248 7148370
1655171102533203848 4873429
1655171102740626810 5071449
1655171102948201261 5540210
1655171103155142862 5436990
1655171103361324343 5180220
1655171103568708184 6140309
1655171103775495415 4806119
1655171103982522006 4777859
1655171104188693808 5353410
1655171104395706789 5880140
1655171104602069359 5908669
1655171104808962110 5555050
1655171105016569911 6306789
1655171105225317763 5720339
1655171105431209164 4644870
1655171105639692449 8085039
1655171105850003895 7228390
1655171106055574537 5240610
1655171106261915048 5747230
1655171106469141108 6644180
1655171106676276007 6538759
1655171106884891540 7464579
1655171107093996932 5373140
1655171107300746802 6391689
1655171107509399383 6761799
1655171107716985424 4151209
1655171107923115804 5549120
1655171108129691666 4875239
1655171108336463508 4505330
1655171108543107529 5820090
1655171108749428630 4354440
1655171108954949311 4732040
1655171109162908342 5548400
1655171109369307053 5019240
1655171109581237954 10654249
1655171109787028613 3983719
1655171109993302984 4640190
1655171110198708667 4095440
1655171110404456518 4473079
1655171110609773570 3924810
1655171110816062461 5056850
1655171111022108902 5183310
1655171111227046263 3883809
1655171111432040735 3901560
1655171111637060176 4537530
1655171111843406247 4984380
1655171112047783128 3924509
1655171112253403629 5149609
1655171112458353400 4635839
1655171112664663512 5174440
1655171112869604073 4662030
1655171113075002334 5063540
1655171113280396175 4891979
1655171113486565586 5824658
1655171113693503337 5577359
1655171113900986719 5826560
1655171114108840358 4468080
1655171114317105929 5571020
1655171114523099167 5291340
1655171114729750103 5838420
1655171114936192021 4629860
1655171115143241594 4339600
1655171115349966736 5051770
1655171115556479327 4413120
1655171115763814658 4765910
1655171115970361920 5998190
1655171116175513889 4569890
1655171116381921369 5954930
1655171116588367762 5367059
1655171116795173222 5559360
1655171117003008845 6016659
1655171117210462726 6503688
1655171117417373827 5602049
1655171117623616618 5048620
1655171117829548929 5337218
1655171118037749480 5171920
1655171118248156971 9212969
1655171118455175042 6858669
1655171118662573063 6516290
1655171118868847734 4927129
1655171119075726006 5324840
1655171119282418707 5571970
1655171119490161818 7008870
1655171119698721589 7350590
1655171119905008749 5231909
1655171120114250400 8133890
1655171120322193271 7479329
1655171120529590572 5376400
1655171120736654773 5475789
1655171120944599624 7116170
1655171121152894265 7271689
1655171121360701066 6700329
1655171121568193388 6141919
1655171121777461619 8725620
1655171121984016290 5015980
1655171122190727261 5071290
1655171122397609101 5668509
1655171122603930923 4748990
1655171122810586034 6048230
1655171123017228045 6239800
1655171123223297626 5311460
1655171123429563767 5085719
1655171123636009747 6030129
1655171123843681779 6596069
1655171124051108720 6373910
1655171124257919910 5443359
1655171124464666892 6076359
1655171124670857161 5789740
1655171124878548694 6343899
1655171125086726195 5771660
1655171125295147466 8001100
1655171125503998517 7771329
1655171125712770787 7621730
1655171125921533468 7462119
1655171126129951546 6786290
1655171126337820738 6687730
1655171126547646471 8706829
1655171126757893912 5694210
1655171126965663783 6999559
1655171127173752360 7008479
1655171127380534484 4976129
1655171127589084455 6769790
1655171127795707197 6076000
1655171128003437956 6293949
1655171128210946109 5250869
1655171128419591120 5568529
1655171128626673891 4820499
1655171128832942012 5764478
1655171129040148763 5257679
1655171129251311794 9770759
1655171129458892655 7135339
1655171129667829196 7504779
1655171129873597487 4315730
1655171130080099118 4296940
1655171130286464808 3954340
1655171130494420930 4598889
1655171130700499671 5139769
1655171130908152842 5254159
1655171131113825494 4844010
1655171131321421513 5752729
1655171131527179105 4255839
1655171131739953966 6957860
1655171131945075597 4800469
1655171132150702118 4743839
1655171132355857010 4531650
1655171132567358130 9990939
1655171132772422712 3815950
1655171132978248503 3669799
1655171133183747694 4496270
1655171133389510815 4397850
1655171133597273216 6487109
1655171133805626147 5911589
1655171134013477138 7044359
1655171134221647219 7262399
1655171134428421380 4639070
1655171134637077651 6771729
1655171134845789602 6449130
1655171135052542693 6385439
1655171135259307801 5365959
1655171135467401135 6648819
