1655183798984494073 17746199
1655183799194705387 9777049
1655183799412423301 15228209
1655183799617518466 4705690
1655183799831018080 13023609
1655183800045006905 12887959
1655183800256851659 10609199
1655183800472668953 13602938
1655183800687367817 10408309
1655183800902144361 7239999
1655183801111600575 8162769
1655183801316941571 4975580
1655183801522109216 4818800
1655183801728015761 4899740
1655183801934121546 5154880
1655183802139425271 4325190
1655183802344968747 4837370
1655183802549822331 4519500
1655183802754520267 4201260
1655183802960434952 4781670
1655183803165329887 4533430
1655183803371214033 4785680
1655183803576605818 4300810
1655183803781587393 4024729
1655183803987001628 4250690
1655183804193749403 5895850
1655183804401362578 5219969
1655183804608155813 5784109
1655183804816603307 7862189
1655183805026913981 8969549
1655183805247977995 18435179
1655183805461275251 9564690
1655183805669501905 6662179
1655183805879008771 9068620
1655183806086710225 6657299
1655183806296571990 8198329
1655183806501910705 4936899
1655183806708154039 5073999
1655183806917430374 8774210
1655183807123724880 5496220
1655183807329201994 4784479
1655183807535230850 4443120
1655183807741343185 5778000
1655183807947940780 5320880
1655183808155218585 5432930
1655183808361854889 6292000
1655183808567913825 5570579
1655183808775448060 6922429
1655183808984821084 6929759
1655183809192997129 6870920
1655183809403318454 9221469
1655183809612219437 8293959
1655183809822055374 7361440
1655183810030205069 7943989
1655183810237096154 6627619
1655183810444357809 5899120
1655183810652930553 7367539
1655183810860081479 6138240
1655183811067264953 6304699
1655183811277288778 7305169
1655183811483695053 5060160
1655183811690816238 5432559
1655183811901637563 8353959
1655183812109014738 6459149
1655183812315823233 6296570
1655183812526844625 8801269
1655183812734051233 6568740
1655183812943946618 8943950
1655183813153761961 6486750
1655183813362549694 5768320
1655183813572088452 6428790
1655183813781475266 8516499
1655183813989458379 6520740
1655183814194461727 4844300
1655183814401312802 6357610
1655183814610907506 8462989
1655183814820222571 6238469
1655183815028289316 6629200
1655183815236112771 6533300
1655183815443265756 6589220
1655183815652818389 8332600
1655183815858790374 5645170
1655183816067538540 7511319
1655183816274261855 6312089
1655183816480568770 5924550
1655183816687855044 6168990
1655183816896762420 7568360
1655183817104453905 6481470
1655183817312328189 7152449
1655183817526572043 10636359
1655183817744673679 15708549
1655183817955853823 10896589
1655183818162917235 5854130
1655183818368012313 4708710
1655183818573433478 4407959
1655183818778270513 4438050
1655183818984013167 4734110
1655183819188806703 4419660
1655183819393540899 4387950
1655183819598724013 4729150
1655183819804323409 4391470
1655183820009144213 4423690
1655183820214449659 4111320
1655183820421299994 5557000
1655183820627602437 5931060
1655183820833012010 4417680
1655183821038018539 4347740
1655183821242680634 4297440
1655183821449243859 5436380
1655183821653704684 4094179
1655183821858655299 4476089
1655183822063912335 4953760
1655183822272143419 6678089
1655183822477987924 4749080
1655183822684778750 5569889
1655183822889999405 4156759
1655183823097492119 6516749
1655183823302896113 5072020
1655183823508246777 4988850
1655183823715403255 5798449
1655183823921099371 4655070
1655183824126650175 5103919
1655183824333221371 5382080
1655183824539773826 5765720
1655183824745677321 4730750
1655183824951797157 4776580
1655183825158378340 5180599
1655183825364450475 4678399
1655183825570435992 4581000
1655183825776237365 5412479
1655183825982563812 5535510
1655183826188797337 4845189
1655183826395229392 4467710
1655183826600797407 5109120
1655183826806716532 4458899
1655183827013008758 5985070
1655183827219358732 4597500
1655183827427026946 5477920
1655183827634005393 6443500
1655183827842180366 7131530
1655183828048936462 4996339
1655183828254462504 4168410
1655183828461287702 6353209
1655183828667573887 4809459
1655183828873745973 4973150
1655183829079788418 4796910
1655183829286440721 5395970
1655183829492752036 4843029
1655183829700122083 5354900
1655183829906770798 6191220
1655183830116525502 9360150
1655183830323843776 5547639
1655183830528818753 4568970
1655183830735210057 5147500
1655183830944788272 8001849
1655183831152829318 7421270
1655183831359678883 5835240
1655183831567452678 7118210
1655183831774513743 5994809
1655183831979809269 4972140
1655183832187084514 6755810
1655183832392761009 5320459
1655183832598139734 4389830
1655183832805593409 7107860
1655183833012681474 6131580
1655183833218533269 4589489
1655183833425852755 5033470
1655183833630827649 4631329
1655183833836297615 5113200
1655183834044235510 5504190
1655183834249373535 4620930
1655183834455452829 5541580
1655183834662305875 6452480
1655183834868692510 5229680
1655183835076231565 6609809
1655183835282822900 5115459
1655183835489356875 4981760
1655183835694422220 4701300
1655183835899929385 5069479
1655183836105735808 4984929
1655183836311514215 4367710
1655183836517044441 5045210
1655183836723124935 5152579
1655183836929121021 5712400
1655183837137468086 5488150
1655183837344021621 5193170
1655183837550485486 5032550
1655183837757497471 5280150
1655183837966969436 7339350
1655183838175752091 5012400
1655183838384243965 7181330
1655183838590946040 5937869
1655183838799427335 7933939
1655183839008600090 8204749
1655183839218273635 8230530
1655183839428298120 8835330
1655183839637474215 8504899
1655183839848130769 8335410
1655183840054552604 5594150
1655183840262123008 7212920
1655183840469677762 6129270
1655183840677068639 6132879
1655183840886760194 8053009
1655183841092809340 5039030
1655183841299246475 5041100
1655183841508637240 6041760
1655183841716065634 6257170
1655183841923572130 5166050
1655183842129448555 5501430
1655183842336638409 5842670
1655183842542697494 4901670
1655183842747729269 4551639
1655183842953058415 5072920
1655183843158897498 4963149
1655183843364473583 5169670
1655183843570143968 5256869
1655183843782165384 11667919
1655183843989919039 6810079
1655183844198413194 7425029
1655183844406188519 5939010
1655183844612520714 5788360
1655183844819897169 6987809
1655183845026679735 6449430
1655183845237735029 10045059
1655183845449788113 10037979
1655183845656767379 5523920
1655183845864810514 6087660
1655183846073581629 7634690
1655183846283112293 8414239
1655183846491509968 4861669
1655183846696813884 4855640
1655183846904474209 5619500
1655183847111109943 6121359
1655183847317637649 5602830
1655183847524400854 5461420
1655183847732183449 5395359
1655183847939969794 6557609
1655183848147484999 6540990
1655183848354222431 6392169
1655183848561647769 5337480
1655183848770083534 5254460
1655183848978246848 5606840
1655183849186760214 6828170
1655183849395688659 7292870
1655183849604445592 6954109
1655183849814006388 8547539
1655183850022703473 7755229
1655183850230686687 7217819
1655183850440396562 7682010
1655183850647317508 5530300
1655183850854558323 6581190
1655183851065030606 8184549
1655183851274476470 7649819
1655183851483035297 7865300
1655183851690885972 5940880
1655183851900091216 7140769
1655183852108221511 5429299
1655183852317541055 7544970
1655183852527215651 8657510
1655183852734523826 5148140
1655183852942433581 5650720
1655183853149575786 5525550
1655183853355517711 5473079
1655183853564659706 8712060
1655183853771784211 4961459
1655183853978086465 5788449
1655183854185025891 6529029
1655183854394693485 5908250
1655183854601350221 6319670
1655183854808413926 5594050
1655183855017497290 7730329
1655183855224590854 6688830
1655183855433702090 6927990
1655183855641949475 5187840
1655183855850822379 6882740
1655183856056800085 5541650
1655183856263639999 5600050
1655183856474439964 8666819
1655183856680760478 5730540
1655183856887399693 5685279
1655183857094018609 5435659
1655183857302548395 8041030
1655183857510199410 5526070
1655183857716240744 5674369
1655183857924639218 7476260
1655183858133999923 8342459
1655183858342109518 7166989
1655183858552230004 9288200
1655183858761601558 8929079
1655183858968245833 5074999
1655183859174584068 5312330
1655183859382062863 6225710
1655183859590269647 7106739
1655183859799922622 9250799
1655183860009953327 8787379
1655183860218923542 7991980
1655183860427577497 6647300
1655183860638066750 9124889
1655183860846223387 6543600
1655183861055816451 8868779
1655183861263980365 7039669
1655183861469235230 4578319
1655183861676851255 6607739
1655183861882508341 5202850
1655183862087626915 4530660
1655183862291833009 3887270
1655183862496814317 3919510
1655183862702151662 4245440
1655183862907527686 5054559
1655183863112758232 4275379
1655183863318155976 4931349
1655183863522858442 4331549
1655183863728345587 5203649
1655183863934034031 4670399
1655183864139157677 4058240
1655183864343735293 4237120
1655183864548537588 4587750
1655183864755350253 6408130
1655183864962155068 5305620
1655183865167379663 4197200
1655183865372822128 5018670
1655183865578247722 4917170
1655183865783592718 4832170
1655183865990559142 5403590
1655183866196414069 4829960
1655183866402559522 4937830
1655183866608580799 4977610
1655183866814463311 5535049
1655183867021090449 5304640
1655183867228029033 5647449
1655183867432963879 4610700
1655183867639470673 5244120
1655183867844286196 4513679
1655183868051181944 5639819
1655183868256832769 4884510
1655183868463464744 5379840
1655183868670232040 6389940
1655183868876796044 6056469
1655183869083667969 5566800
1655183869289275845 5325140
1655183869495478509 5835890
1655183869702205842 5437810
1655183869908940580 5990040
1655183870115511964 5757059
1655183870323397540 7461969
1655183870530843195 6191239
1655183870739738950 7028050
1655183870949152872 9033220
1655183871156508970 6208260
1655183871365378884 8023460
1655183871575249699 8657010
1655183871790357433 13405518
1655183871997494598 6381929
1655183872205945334 7376910
1655183872414186348 6611140
1655183872620923923 6125149
1655183872829188428 5256400
1655183873036788453 5216109
1655183873247590948 5918410
1655183873455503251 5677570
1655183873664513608 7721100
1655183873871176979 5455610
1655183874078410027 5871959
1655183874284581823 5175410
1655183874492439287 7509510
1655183874699290202 5444680
1655183874906238577 5306360
1655183875114587792 7111039
1655183875322157935 7221789
1655183875529915221 6753950
1655183875736947755 5158720
1655183875944000102 5751300
1655183876152715226 7564910
1655183876359729841 6288249
1655183876567516286 6282049
1655183876773521111 5551740
1655183876982065217 6132440
1655183877192003000 7630509
1655183877398917365 6756550
1655183877608543731 8518369
1655183877817171396 7390950
1655183878025444331 6509450
1655183878232702796 6854629
1655183878439463401 5767049
1655183878644437616 4580580
1655183878849970311 5021789
1655183879056772987 6435560
1655183879263970551 5960629
1655183879470355137 4638480
1655183879675753261 4816159
1655183879881650647 4511410
1655183880087068162 4872020
1655183880292904496 4943140
1655183880499004412 5709620
1655183880706013747 5470430
1655183880911722252 5387139
1655183881117665376 4704950
1655183881327339039 8496169
1655183881532153986 4370259
1655183881737762041 4287699
1655183881944897007 5804740
1655183882149700112 3769820
1655183882354840567 3957680
1655183882560889852 4955440
1655183882765667107 3885520
1655183882970734141 4137170
1655183883175338107 4391860
1655183883381229372 4884250
1655183883586272907 4632579
1655183883791833192 4846769
1655183883997666867 5447409
1655183884204598083 5666790
1655183884413394317 7585719
1655183884621059762 6115500
1655183884827807206 5857580
1655183885035605272 5767230
1655183885248105707 11271829
1655183885453658331 4719349
1655183885658649227 3989940
1655183885864174602 5063990
1655183886069511317 4361129
