1655177823402112718 64650605
1655177823607914995 4699340
1655177823814912981 6677569
1655177824019755978 4188910
1655177824224185955 4217900
1655177824429719121 5224659
1655177824634793738 4705170
1655177824842854465 6748740
1655177825062713860 15943478
1655177825281823396 16877139
1655177825500353242 12077559
1655177825705812119 5094720
1655177825911829675 4295810
1655177826117915602 4751700
1655177826323532528 5032859
1655177826528475905 3963820
1655177826742912971 9269299
1655177826951491847 7419849
1655177827162016184 9209890
1655177827376847430 13071189
1655177827582847177 4889060
1655177827790900022 6713719
1655177827998461919 6514729
1655177828205083556 5269370
1655177828414971982 8285750
1655177828623028528 6713109
1655177828831037393 7681110
1655177829040024261 7245690
1655177829257574636 16665458
1655177829471234832 12978779
1655177829677548309 4779890
1655177829884766806 6774090
1655177830091839692 6069920
1655177830301665958 7310569
1655177830510374835 7737409
1655177830717976271 6479129
1655177830924807967 5803190
1655177831131219634 5105979
1655177831336843381 4158600
1655177831542813288 4340370
1655177831748748784 4754550
1655177831953584991 4639490
1655177832159203867 5247839
1655177832367996174 8308220
1655177832573964921 5447420
1655177832779523067 4539829
1655177832988113334 7165780
1655177833194106560 5007609
1655177833399829166 4736480
1655177833607568183 6367400
1655177833813185700 4607380
1655177834020125137 5530570
1655177834225326733 4229060
1655177834431119699 4509159
1655177834636280586 4126680
1655177834841776573 4181210
1655177835050691609 8736820
1655177835257095316 4208410
1655177835462205582 4685210
1655177835667036449 3808390
1655177835872313496 4018930
1655177836078669392 5762600
1655177836285181969 6237540
1655177836507985884 21374359
1655177836716551871 7454900
1655177836924150937 6198439
1655177837133069182 6635770
1655177837338722410 4498280
1655177837544082717 4399230
1655177837750697313 6048430
1655177837957995270 7061230
1655177838165318726 5752149
1655177838370786843 4217390
1655177838576315019 4344359
1655177839845625186 1068964980
1655177840051074723 4236800
1655177840258592990 6608980
1655177840466216676 7265280
1655177840673536113 5839150
1655177840880095139 6138839
1655177841108705253 28177547
1655177841315582931 5572940
1655177841521455507 4684470
1655177841740948813 18207948
1655177841956952217 13983129
1655177842167591476 9920580
1655177842411123360 42455488
1655177842619329646 7420630
1655177842828469253 8777340
1655177843040415459 11412059
1655177843250026355 9167699
1655177843455056492 4054880
1655177843663138819 7447990
1655177843871415765 7250770
1655177844116403488 44643396
1655177844326062991 8456369
1655177844534199050 7807909
1655177844744067408 8698689
1655177844949682884 4554850
1655177845155709542 4628820
1655177846410666669 1053825642
1655177846619417655 8424429
1655177846830984602 11239350
1655177847043235019 10864500
1655177847255193845 10781480
1655177847464190061 8242690
1655177847673442227 8494999
1655177848936959975 1062334411
1655177849347988306 209939864
1655177849560011325 10959520
1655177849774152731 13250309
1655177849981348497 6676739
1655177850210582822 28623358
1655177851430279192 1018580053
1655177851640773039 9435750
1655177851860240355 18584959
1655177852116673138 55151086
1655177852334117984 16927399
1655177852543281611 8289280
1655177852750419456 5925900
1655177853024208419 73381115
1655177854245544070 1019276683
1655177854452955567 7021210
1655177854713512310 58501307
1655177854921071907 6888860
1655177855128233003 6130650
1655177855347150719 18345670
1655177856619212685 1070464330
1655177856828320051 8783469
1655177857049664937 20530188
1655177857259397114 8331370
1655177857520273317 60380756
1655177860844068330 3123330956
1655177861057109347 11951800
1655177861319154119 61414905
1655177861535623686 15926050
1655177861748544722 11894229
1655177861963498008 14395789
1655177862179678344 12620699
1655177865446662419 3066697548
1655177865657522438 10571510
1655177865866255654 8268959
1655177866076247901 9013120
1655177866286658815 10050100
1655177867562042394 1074351150
1655177867823341057 60210376
1655177868043959193 19260519
1655177868263602037 15294679
1655177868479511824 15573479
1655177868725312228 45347787
1655177868931436694 4411479
1655177869146158681 14328879
1655177869360165777 11817469
1655177869607847631 47198588
1655177869823490147 13940199
1655177871083392264 1058768200
1655177872307519515 1023752334
1655177872528050971 20085448
1655177872737830718 8673020
1655177872950044484 11091069
1655177873160070170 8039799
1655177873372962187 11637850
1655177874598758067 1024771954
1655177875820306647 1021342414
1655177876033709341 11647549
1655177876310257265 74494895
1655177876541695199 30005648
1655177876770165355 27585828
1655177876979699772 8400850
1655177877193173778 12167300
1655177877401851094 7633240
1655177877627955300 25038319
1655177877850800624 19843868
1655177878074190170 22334418
1655177878284078025 8293409
1655177878494304503 9414939
1655177878701923899 6509570
1655177882018676322 3115144116
1655177882224661418 4538280
1655177882430148695 4315210
1655177882640123312 9449479
1655177882847678589 5842610
1655177883110211672 61218456
1655177883331481467 20656219
1655177883545958943 12427529
1655177886826896860 3078854620
1655177887049236566 21701189
1655177888313148643 1061416153
1655177889571395150 1056822799
1655177890810802461 1037985222
1655177892071637410 1060346042
1655177892332002362 60046276
1655177892548625877 16157018
1655177892810739450 61680945
1655177893022421148 10399299
1655177893248538593 24861638
1655177894505344841 1055710661
1655177895734520411 1027577053
1655177896008770613 73178576
