1655171269257459291 89366771
1655171269463077223 4579770
1655171269668823023 4470999
1655171269875585405 4534980
1655171270082026176 4282730
1655171270287973355 4955950
1655171270494619628 4790899
1655171270700355269 4552110
1655171270906324510 5405489
1655171271112221031 5533129
1655171271318208912 4865939
1655171271524932193 6304400
1655171271732236343 5265799
1655171271938781595 5784869
1655171272145440306 5058259
1655171272351855887 4962469
1655171272558217018 5221250
1655171272764817148 4969340
1655171272970091821 4828039
1655171273176445742 5274490
1655171273381955833 5006310
1655171273587699305 4788420
1655171273793563576 5325380
1655171273999931427 4875579
1655171274205401148 4953910
1655171274412117539 5635429
1655171274619086880 5886080
1655171274825194148 5716700
1655171275032088782 5602370
1655171275238198493 5029359
1655171275443599184 5005199
1655171275649487845 5474109
1655171275856949156 4833719
1655171276063849806 5817080
1655171276269105978 4121010
1655171276474217440 4703139
1655171276680410071 5762999
1655171276885978122 4981939
1655171277092146364 4819629
1655171277297964103 4532160
1655171277503547346 4296100
1655171277710798237 4447820
1655171277916651456 4373049
1655171278122180289 5165159
1655171278329841500 4847300
1655171278535279251 3896819
1655171278740649612 4880729
1655171278947496994 5666720
1655171279154536995 5883879
1655171279360081136 4231960
1655171279566554627 5209719
1655171279772679918 4238820
1655171279979079567 5171840
1655171280186575371 4773890
1655171280392134152 5197800
1655171280597820110 5085170
1655171280802986874 4727920
1655171281008997535 4849529
1655171281214799097 4784120
1655171281420843148 5396490
1655171281627030478 5090289
1655171281833838845 5692250
1655171282039416440 5095219
1655171282245009782 5086460
1655171282450110623 4681280
1655171282656526594 5148729
1655171282865161775 7343299
1655171283070017546 4510269
1655171283275803317 3984039
1655171283481348189 5099560
1655171283686485160 4960579
1655171283892426341 5467409
1655171284097087853 4177210
1655171284302681703 5144190
1655171284508474103 4473690
1655171284713572686 4726879
1655171284919586887 4839479
1655171285124634049 4695230
1655171285329900179 4793940
1655171285534445792 4170920
1655171285739562322 4569889
1655171285945368163 4393970
1655171286150412995 4654180
1655171286355787625 4247470
1655171286560897527 4729499
1655171286765847158 4481420
1655171286971588728 4462440
1655171287177804529 5659280
1655171287383849682 4907840
1655171287590000183 5075319
1655171287795606164 4546280
1655171288001594715 5404570
1655171288207547526 4915759
1655171288413224717 4402110
1655171288619062719 4659370
1655171288825030640 4606069
1655171289030811131 4699259
1655171289237134552 4950979
1655171289442751884 4821540
1655171289647973105 4768860
1655171289853771893 5315189
1655171290058732147 4556549
1655171290265027857 5077629
1655171290470003690 4623770
1655171290675882251 5345750
1655171290882081872 5674050
1655171291087793710 4615230
1655171291292753513 4410250
1655171291497814015 4682020
1655171291702855347 4170659
1655171291909808907 5331480
1655171292116721979 6730669
1655171292322523900 5432619
1655171292527838852 4278070
1655171292732687113 4675520
1655171292938771204 5408980
1655171293145220855 6011270
1655171293351471266 4855090
1655171293557151817 4618669
1655171293764022348 5542389
1655171293972059548 6665539
1655171294178275780 5818170
1655171294382653751 4010109
1655171294588660333 4978830
1655171294794667514 5132139
1655171294999961175 4885790
1655171295206688926 5447819
1655171295411834217 4116179
1655171295617068128 4823160
1655171295821793600 4336140
1655171296027964211 5046169
1655171296232700692 4237939
1655171296437446430 4349500
1655171296643714374 4560349
1655171296848252496 4157469
1655171297053845527 5198120
1655171297259521858 5219789
1655171297467186339 6083649
1655171297673900790 5601459
1655171297880693791 4951169
1655171298088021493 5065389
1655171298293480024 4268390
1655171298498993903 4375189
1655171298705324737 4896160
1655171298910331776 4563349
1655171299116162899 4506769
1655171299320624930 4092719
1655171299526194782 5236070
1655171299732052103 5055960
1655171299937988065 4063240
1655171300143544476 5174680
1655171300350295377 5728779
1655171300555932908 5007120
1655171300761484509 5018279
1655171300967493600 5648840
1655171301175164949 5831659
1655171301381937922 5251570
1655171301587602120 4515850
1655171301792362035 4378469
1655171301997563144 4747820
1655171302202956797 4170831
1655171302409291727 4675509
1655171302614976189 4260169
1655171302820782960 4178579
1655171303025948641 4715299
1655171303231597472 4430039
1655171303437393433 4709629
1655171303646590355 8135858
1655171303851105445 4176300
1655171304056181788 4739230
1655171304262221108 4058710
1655171304468694599 5155469
1655171304674005860 4223180
1655171304880568681 5427599
1655171305089559372 8325589
1655171305294723802 4158230
1655171305499920395 4189250
1655171305705239505 4025810
1655171305910496127 4537140
1655171306114802356 4114290
1655171306323311339 7968109
1655171306529562130 4995840
1655171306736425141 6349860
1655171306944988452 5175460
1655171307151931873 5659620
1655171307357518075 4551900
1655171307563396996 4468350
1655171307770473217 6697010
1655171307976001877 5156391
1655171308181997268 5000219
1655171308389849539 6050519
1655171308596488811 5492900
1655171308803015902 6047140
1655171309008264733 4915809
1655171309214173505 4936030
1655171309419684006 4348990
1655171309624459346 3882090
1655171309829391509 3968750
1655171310034324690 4534979
1655171310239387499 3834550
1655171310444331753 4631569
1655171310649617315 3910100
1655171310854911355 4340670
1655171311060605087 4324420
1655171311265262488 4301720
1655171311472681689 6175559
1655171311677457990 3839449
1655171311883317241 5417009
1655171312088784809 4143279
1655171312295765963 5654619
1655171312501605004 4676959
1655171312707068005 5124989
1655171312912630057 4635469
1655171313119855007 4916289
1655171313327008919 4869660
1655171313532373720 4261799
1655171313737949601 4374269
1655171313943137802 4060709
1655171314147658062 4195170
1655171314354053475 5049050
1655171314560361956 5902289
1655171314765935048 4147911
1655171314972149119 4692540
1655171315177592840 5069270
1655171315382454310 4483339
1655171315587781081 4823370
1655171315793310083 4618349
1655171315998321165 4518180
1655171316204746366 5175780
1655171316413122567 7120810
1655171316619661909 6228900
1655171316826163058 5021629
1655171317032583591 5230400
1655171317237653063 4086000
1655171317445670733 6493200
1655171317652724544 4588589
1655171317858167995 5084099
1655171318063221417 4673100
1655171318270043297 5374020
1655171318476210179 4875450
1655171318682422360 5798510
1655171318887827631 5033439
1655171319094443321 6123140
1655171319300209682 5303619
1655171319507077915 4940390
1655171319712842154 5039069
1655171319918462847 4543520
1655171320123995668 4685580
1655171320329218509 4023520
1655171320534636160 4467640
1655171320742683111 7027690
1655171320949125870 5720189
1655171321156046962 5629949
1655171321363086395 6554210
1655171321568557575 4247670
1655171321774714887 4597330
1655171321980107487 3865450
1655171322186189669 5222480
1655171322392646390 5669929
1655171322599451342 5902170
1655171322805739573 5742140
1655171323012081073 6001880
1655171323218483444 5483840
1655171323425433906 4680730
1655171323630602497 4819830
1655171323835776676 4076889
1655171324041487230 5269660
1655171324249159681 7243659
1655171324454674291 5209390
1655171324660564802 5604820
1655171324866927111 5335949
1655171325074782325 6758089
1655171325281507925 5506509
1655171325487066577 4154240
1655171325692654558 4286830
1655171325898982769 4184090
1655171326104741590 4760099
1655171326313824961 8048609
1655171326519437313 5501370
1655171326725501023 5503490
1655171326931988974 6059579
1655171327137883115 4753019
1655171327344368676 5143110
1655171327550045907 4458880
1655171327755586028 4160219
1655171327961964799 4973209
1655171328169498000 6234619
1655171328375786951 5878219
1655171328580831873 4876419
1655171328786943664 5035050
1655171328992728705 5409740
1655171329198536025 5558920
1655171329405360217 5714769
1655171329611805168 5222360
1655171329818650637 5333299
1655171330025579780 5906480
1655171330231608701 4766759
1655171330437108872 5131629
1655171330642502433 5036779
1655171330850528764 6119170
1655171331057168095 6181840
1655171331262662945 4179720
1655171331470186177 4523570
1655171331676750798 5339070
1655171331883650497 6061629
1655171332090895727 5852889
1655171332297792050 5804819
1655171332504352702 5229319
1655171332711725503 6915040
1655171332919109824 6264260
1655171333124511385 4951570
1655171333329611567 4712410
1655171333535644658 5149540
1655171333741996529 4830900
1655171333949436979 5161490
1655171334155577550 5616500
1655171334361956552 5799750
1655171334569116712 6137529
1655171334775575503 5801200
1655171334981710294 5798550
1655171335186962674 4795760
1655171335392719546 5411290
1655171335599622066 6400429
1655171335805023967 5072430
1655171336011653699 5457309
1655171336218622699 5601139
1655171336424725530 5589300
1655171336630780798 5670619
1655171336837193053 6017159
1655171337044471643 5509049
1655171337250437255 5585250
1655171337456632063 5710469
1655171337663935397 6222620
1655171337869698668 5354499
1655171338075634997 4650899
1655171338282650537 6011829
1655171338489613979 5763619
1655171338697787742 6455949
1655171338903635333 4628640
1655171339110775312 5849449
1655171339316826714 4044609
1655171339522672514 4047120
1655171339730020106 6220949
1655171339935815147 5151669
1655171340141315998 4204720
1655171340347982479 5999209
1655171340553794301 4567510
1655171340758671952 3813460
1655171340965400722 5374140
1655171341171533854 5289450
1655171341377100115 5193579
1655171341582781446 4607859
1655171341788127627 4903379
1655171341994672457 4841429
1655171342200207170 5133950
1655171342406000211 5351680
1655171342612413020 4692790
1655171342818212723 5289910
1655171343023977744 4518300
1655171343229949606 4567430
1655171343436121797 4625890
1655171343643122756 6121330
1655171343848689119 4277089
1655171344056827661 7547010
1655171344263236871 5517309
1655171344469975733 5387040
1655171344676989113 6538650
1655171344883614423 4650539
1655171345091002232 4881250
1655171345297047136 4751280
1655171345502785354 3962490
1655171345711099608 7639269
1655171345916909608 4824779
1655171346122635021 5224920
1655171346327828392 3993750
1655171346534496252 5515239
1655171346742334663 6487599
1655171346949933135 6240780
1655171347156317656 6054440
1655171347362795207 5855299
1655171347568895808 4479810
1655171347775018779 5088960
1655171347981559201 5596590
1655171348187411602 4641820
1655171348393654992 5678629
1655171348599573783 5635540
1655171348805994896 6038700
1655171349011405427 4187769
1655171349217284377 4357150
1655171349423265099 4321279
1655171349629166459 4377080
1655171349835597642 4820960
1655171350041923943 5119060
1655171350248715614 6290300
1655171350453907465 4106539
1655171350660304216 6042689
1655171350865641808 3881830
1655171351072165099 5113749
1655171351278737940 4903810
1655171351485076261 5103619
1655171351690881553 5362559
1655171351896831754 4774110
1655171352102469873 4564730
1655171352308677434 5694130
1655171352517104226 7196550
1655171352722650357 4499360
1655171352928285500 5242359
1655171353134766971 5345690
1655171353341430342 6250129
1655171353547795293 5192939
1655171353753625595 5388890
1655171353960086506 6117600
1655171354170665617 9461600
1655171354376768818 4994170
1655171354583808679 5814150
1655171354789460920 4097990
1655171354995208611 5090759
1655171355201459852 4836659
1655171355407470794 4582869
1655171355614914645 5817240
1655171355822016796 6656989
1655171356028957247 6475470
1655171356235090168 4259430
1655171356442153638 5913759
1655171356649031281 5067790
1655171356856107932 6771189
1655171357061318983 4223139
1655171357268637324 6908259
1655171357476027965 7092040
1655171357681662786 5261799
1655171357887345018 5350939
1655171358094110539 6161009
1655171358299850281 4209800
1655171358507324272 6371549
1655171358714951683 6648620
1655171358921202284 5859119
1655171359129165495 7158440
