1655178287079379575 20448908
1655178287304734661 20772918
1655178287510821648 4701859
1655178287716565495 4563710
1655178287922097982 4519689
1655178288127345287 4887199
1655178288333103996 4602629
1655178288538548084 4867350
1655178288743922330 4383830
1655178288948984637 4618090
1655178289154921744 4875369
1655178289360941121 4839400
1655178289567056848 5011760
1655178289772898431 5277639
1655178289978319000 4984260
1655178290183249969 4450260
1655178290388751216 4380450
1655178290593612043 4439390
1655178290798634909 4525120
1655178291003550168 4588850
1655178291208104483 4158191
1655178291413707661 4579750
1655178291618651437 4484079
1655178291824067143 4135619
1655178292029712492 4463599
1655178292235564607 4663639
1655178292441003367 4407310
1655178292646566244 4469530
1655178292851549710 4588310
1655178293056495257 4527040
1655178293262414944 4741679
1655178293467959160 4350789
1655178293676223868 5968270
1655178293881897882 4630980
1655178294086491651 4260050
1655178294291356496 4456370
1655178294496761875 4974710
1655178294702939103 4977189
1655178294907925739 4495629
1655178295113432517 5038819
1655178295318942994 4338250
1655178295525181901 4958549
1655178295730854096 5116449
1655178295936072035 4782099
1655178296142829873 6602880
1655178296348781147 4189329
1655178296553948806 4228620
1655178296758377953 4162390
1655178296964070151 5336870
1655178297169512647 5090249
1655178297375082974 4494799
1655178297580749472 4932060
1655178297786234948 4223270
1655178297992193466 4919660
1655178298198147612 4645669
1655178298403108449 4476909
1655178298607808666 4308560
1655178298812811913 4489210
1655178299017922260 4624440
1655178299223037117 4661589
1655178299428442234 4348370
1655178299633740956 4922619
1655178299840065715 5126599
1655178300045780864 4676210
1655178300251792441 4750890
1655178300457186769 4788970
1655178300661898386 4255260
1655178300867491968 4374280
1655178301072739407 4175040
1655178301277435616 4231150
1655178301482551474 4149279
1655178301687280202 4371490
1655178301893233098 4619020
1655178302097976936 4141330
1655178302303908903 4598410
1655178302509092827 4748300
1655178302713797166 4251570
1655178302919114494 4056480
1655178303124327370 4172460
1655178303328797138 4059400
1655178303534344184 4633460
1655178303740008972 4622900
1655178303945299858 4090880
1655178304150722604 4261520
1655178304356985512 5084460
1655178304563002190 4856590
1655178304769162076 5035239
1655178304974177422 4561150
1655178305178862181 4297360
1655178305384381456 4352140
1655178305589028685 4028970
1655178305794986782 4308170
1655178305999589138 4144900
1655178306205236535 5160940
1655178306411189722 5192410
1655178306616591659 4619570
1655178306822551386 4091319
1655178307028004934 4301840
1655178307232832060 4470290
1655178307439209614 5217079
1655178307645068073 5320229
1655178307851312091 4502689
1655178308057288318 4397409
1655178308263804805 5230600
1655178308469355803 4268160
1655178308673660430 3965800
1655178308879850247 4441670
1655178309084367274 4146730
1655178309289728001 5016480
1655178309497536267 5608360
1655178309705187823 5432419
1655178309910793641 5247319
1655178310116495188 4493209
1655178310322320194 5346849
1655178310528858232 5122350
1655178310735391970 5196130
1655178310943686526 7827319
1655178311149673843 4091200
1655178311356110109 4798259
1655178311562289966 4934850
1655178311767248023 4298020
1655178311973131050 5173879
1655178312179504738 5541890
1655178312385035615 4381220
1655178312591301771 5065520
1655178312797209429 4460810
1655178313005050695 5153610
1655178313210989823 4669600
1655178313416941428 4268960
1655178313623221137 4779290
1655178313829498294 5522990
1655178314036382790 4255879
1655178314241685605 3997740
1655178314448188014 5131270
1655178314653791321 4208289
1655178314858597439 4233900
1655178315064353313 5307830
1655178315269958322 4069520
1655178315476201109 4319849
1655178315682902633 5290840
1655178315889737072 4939640
1655178316096130859 5218329
1655178316302280276 5660070
1655178316508128223 4661730
1655178316714034591 4113450
1655178316919504917 4486459
1655178317125896915 5966390
1655178317331639072 4189220
1655178317538367337 4450049
1655178317743766646 4283370
1655178317949482831 4682890
1655178318156629649 5409429
1655178318362491586 4509500
1655178318568610334 4978700
1655178318774995931 4993670
1655178318981428236 5431319
1655178319187405814 4691950
1655178319392651901 4665589
1655178319599101637 4364959
1655178319804646995 3946430
1655178320010848371 4824390
1655178320216924099 5720969
1655178320422476025 5061439
1655178320628391243 4769300
1655178320834729528 4886860
1655178321041416786 5263859
1655178321247530794 5640310
1655178321453768371 5048210
1655178321659860428 5593820
1655178321866300345 5472640
1655178322072737352 5159810
1655178322279000329 4863170
1655178322486627876 6891580
1655178322694023442 6706139
1655178322901083719 6024500
1655178323108415937 4375360
1655178323313388593 4530079
1655178323519796429 5043910
1655178323725581888 5339930
1655178323931236744 5314240
1655178324137690372 4936700
1655178324347240398 7493719
1655178324552605985 4884230
1655178324757568892 4447780
1655178324962242949 4257900
1655178325168492516 4841059
1655178325375335713 6498709
1655178325581606297 4807819
1655178325786941856 4491659
1655178325993228354 4496080
1655178326199225029 5237999
1655178326405665598 5972170
1655178326611491843 4346780
1655178326817250212 5135600
1655178327023471838 5482619
1655178327229560976 4727810
1655178327436538870 4839079
1655178327641764529 4766630
1655178327848259567 4582650
1655178328054994091 6003550
1655178328260786420 4548480
1655178328465389546 4428959
1655178328670390544 4531669
1655178328876094111 4540790
1655178329080957277 4548190
1655178329286786515 4785290
1655178329492518573 5201670
1655178329699253170 5526490
1655178329905123187 4174370
1655178330111342383 4646100
1655178330317345160 5361200
1655178330523806877 5002010
1655178330730581174 4552469
1655178330935678009 4702159
1655178331141485848 4525429
1655178331346947912 4942300
1655178331552248941 4923760
1655178331758463610 4878970
1655178331964696015 4848329
1655178332172612543 5839170
1655178332379267070 5715950
1655178332586055464 5729679
1655178332793637133 6968860
1655178333000704121 6000230
1655178333207295557 5277050
1655178333413629535 5223690
1655178333621250861 5721900
1655178333827459169 5564510
1655178334033419145 5472969
1655178334240040173 6039560
1655178334446606839 5165159
1655178334653176816 5350950
1655178334860385153 5387229
1655178335067136090 6061170
1655178335274390147 5971870
1655178335482379720 6786550
1655178335688578498 5673049
1655178335895369217 5419239
1655178336101898915 5366950
1655178336308638002 4918180
1655178336514646358 4897009
1655178336720858965 5832189
1655178336926628522 5328369
1655178337132491328 5492130
1655178337338071125 5179880
1655178337546831942 7394729
1655178337753547380 5650480
1655178337959120886 5181689
1655178338169546213 9397439
1655178338377429840 7436049
1655178338584399167 5325039
1655178338790922281 5103669
1655178338996493230 5097620
1655178339202135318 4400670
1655178339407669895 5066060
1655178339614649002 4852780
1655178339819945699 4169820
1655178340026136006 4456810
1655178340231973012 4454519
1655178340437187708 4062089
1655178340642698217 5011839
1655178340847784542 3965530
1655178341054757220 5626339
1655178341261158766 5104569
1655178341467155335 5160970
1655178341673589582 5570650
1655178341880189759 5283070
1655178342086966466 6403870
1655178342292514702 5074650
1655178342497976370 4275680
1655178342704594966 5798299
1655178342912965240 5951679
1655178343119060949 5676590
1655178343325098838 5115840
1655178343531100283 4767729
1655178343738024269 5810850
1655178343944547567 5335899
1655178344150616405 4987559
1655178344356006413 4997700
1655178344561848469 5361009
1655178344767641925 4716560
1655178344973253383 4549050
1655178345185560279 11849369
1655178345391426115 4792800
1655178345597162573 5365870
1655178345804259960 6413920
1655178346011283267 5600730
1655178346217477574 5799559
1655178346425470191 6881229
1655178346631634048 5624880
1655178346838584144 4761769
1655178347044207401 5204909
1655178347250049019 5334780
1655178347457071635 6104829
1655178347663215903 5480590
1655178347868766280 4107150
1655178348075395537 5376890
1655178348282007384 6000310
1655178348487592561 4282630
1655178348694730148 4879730
1655178348903181765 7181110
1655178349108536351 4036020
1655178349315179208 4680819
1655178349521533175 4594770
1655178349727570612 4661769
1655178349935620228 5703290
1655178350143585406 7520820
1655178350350012932 5046100
1655178350555911328 4218629
1655178350761961287 4673670
1655178350967837034 5410350
1655178351174124391 4953030
1655178351380585526 5203750
1655178351588562934 5388210
1655178351794521522 4690270
1655178352000147318 5245810
1655178352207410455 6076119
1655178352413691152 4970770
1655178352619453109 4627360
1655178352825663635 5050590
1655178353032102763 5284139
1655178353240014816 6862160
1655178353446660995 5759230
1655178353653025224 5204300
1655178353860154011 6794270
1655178354066837626 6109269
1655178354273310044 5244249
1655178354479667871 5640370
1655178354686216118 5496770
1655178354893023105 6417690
1655178355099569422 5465280
1655178355305714889 5038439
1655178355512157475 5860169
1655178355718627201 5259069
1655178355925665320 6649279
1655178356132364897 5377290
1655178356339348724 6566300
1655178356545342790 4890829
1655178356751447647 5739290
1655178356957144124 5185459
1655178357163309931 4809889
1655178357371085087 7276270
1655178357578177725 5999879
1655178357784422923 5848840
1655178357990602417 5686750
1655178358197497656 5721820
1655178358404191133 5121969
1655178358610090560 5523449
1655178358816055007 5374830
1655178359022200214 5121920
1655178359228474101 5807269
1655178359434761068 5082099
1655178359641290225 5215239
1655178359849939458 7393699
1655178360056137777 4662770
1655178360262578906 4609910
1655178360469716493 5924970
1655178360675710867 5462520
1655178360883789335 7622849
1655178361089980344 5708410
1655178361296250670 5052749
1655178361503034617 6244710
1655178361709945042 6523490
1655178361916683671 6325040
1655178362123263877 5263080
1655178362329804114 5284940
1655178362536608412 5673270
1655178362754765838 13042359
1655178362963932955 5977140
1655178363170835572 5545420
1655178363377110408 5127360
1655178363583821285 6241720
1655178363789968062 4979750
1655178363996348659 4992160
1655178364202098287 5418530
1655178364408481193 5990890
1655178364614967270 6036990
1655178364821003207 5590580
1655178365027013891 5585599
1655178365234069540 6537680
1655178365444676868 9551070
1655178365651700865 4885930
1655178365858716081 6000100
1655178366064089038 4180010
1655178366270647612 5246090
1655178366476912581 5142230
1655178366682720079 4007069
1655178366889512446 4827530
1655178367095987853 5154519
1655178367303081660 5811160
1655178367509273426 4365640
1655178367717067424 7327140
1655178367923767631 5007520
1655178368131105828 6185110
1655178368338405504 6998989
1655178368544199051 5222010
1655178368750030718 5034940
1655178368957340974 5722179
1655178369162538722 4121570
1655178369368843799 5830190
1655178369575602436 5766350
1655178369781525532 5403469
1655178369988104338 5739049
1655178370193910147 5454440
1655178370399196943 4087290
1655178370605380930 5381670
1655178370811562257 4680000
1655178371017600062 4690020
1655178371224458261 6521820
1655178371430170446 4486100
1655178371636738355 6203310
1655178371844695612 6850900
1655178372051046829 5914579
1655178372258074246 6568320
1655178372464190430 5054030
1655178372670760689 5289330
1655178372877148706 6020410
1655178373084819843 6574169
1655178373292117211 6751880
1655178373498351387 5870209
1655178373704390414 4942299
1655178373911170811 5658250
1655178374118080318 6386360
1655178374324138525 4777000
1655178374531130212 6630760
1655178374737405707 5198450
1655178374943704436 4884450
1655178375150238572 5473240
1655178375358617259 7270439
1655178375564531967 4457000
1655178375771099364 6096430
1655178375977018681 5067110
1655178376184006246 5816370
1655178376390479645 6130720
1655178376597014601 4928550
1655178376803361018 5190439
1655178377012278775 6318119
