1655178512677957239 12389299
1655178512885030545 6626749
1655178513091273893 5176920
1655178513297168310 4778490
1655178513502197826 4657930
1655178513707609624 5028540
1655178513913058790 5075339
1655178514119142297 4957040
1655178514325141382 5433850
1655178514531051800 4594749
1655178514737336717 5167470
1655178514944620935 6084810
1655178515151611612 5378750
1655178515357261838 5255709
1655178515563096116 5144400
1655178515769167341 5397990
1655178515974695309 4426819
1655178516180095396 5021890
1655178516385850573 4759459
1655178516591561231 4665400
1655178516797189716 4591069
1655178517003728833 5284250
1655178517209755122 4932530
1655178517414822737 4700049
1655178517620142115 4880119
1655178517826283780 4829140
1655178518031937839 5309770
1655178518237496356 5052610
1655178518443318882 5419500
1655178518648438949 4588219
1655178518854488746 4973569
1655178519060570023 4904849
1655178519265946621 4818050
1655178519472335298 5247050
1655178519678169013 4552600
1655178519883529112 4886650
1655178520089453979 5469690
1655178520295647073 5092109
1655178520500915792 4862909
1655178520706741780 4734320
1655178520912956786 4968660
1655178521118229563 4860589
1655178521323587650 4821420
1655178521529409487 5403110
1655178521735125213 4652270
1655178521940637160 4478799
1655178522146771186 5076169
1655178522353387986 5330990
1655178522558225261 4291539
1655178522763946239 4553740
1655178522969466476 4413249
1655178523175337272 4379249
1655178523381186710 4769459
1655178523586036217 4305319
1655178523791693794 4340170
1655178523996683341 4624440
1655178524202056109 5005371
1655178524408211743 4839490
1655178524613374682 4635150
1655178524819138039 5224450
1655178525024218055 4513649
1655178525229930123 4380929
1655178525434799999 4445290
1655178525642380557 6426239
1655178525847101544 4376690
1655178526052520611 4373900
1655178526257690507 4673910
1655178526464089305 5187570
1655178526669746082 4575339
1655178526875484448 5358970
1655178527080897146 4937400
1655178527286282891 4912650
1655178527491722790 5071780
1655178527697393847 4563750
1655178527903448419 4948640
1655178528109514468 4927450
1655178528315795367 4956730
1655178528520790475 4552420
1655178528725968952 4715110
1655178528931793226 4716500
1655178529137251215 5069350
1655178529343323191 4945110
1655178529549430569 4856100
1655178529755343867 4862600
1655178529960100592 4362990
1655178530166110269 4957299
1655178530371192668 4646690
1655178530582398013 8580080
1655178530787720311 4930840
1655178530994409528 5225169
1655178531200267095 5452740
1655178531406994012 5510440
1655178531616516399 6675350
1655178531823229136 5553810
1655178532028607793 4833340
1655178532235707649 6698979
1655178532441571404 5317690
1655178532647834753 5257690
1655178532853084180 4900680
1655178533058713687 4583580
1655178533265098324 5985710
1655178533470589681 5105240
1655178533677200668 5462469
1655178533883022655 5414310
1655178534089196612 4673120
1655178534295384096 4906760
1655178534500981085 5048570
1655178534706499124 5176560
1655178534911741761 4814180
1655178535117112107 4325260
1655178535323455475 5220570
1655178535528577941 4110329
1655178535733697586 4586509
1655178535939320485 4475039
1655178536144721601 4550120
1655178536349836418 4715579
1655178536555191986 4242620
1655178536760509093 4161720
1655178536965648500 4738980
1655178537172205717 5067469
1655178537377767504 5189710
1655178537583597231 4586540
1655178537789309288 4947700
1655178537994049484 4231770
1655178538199860562 4665990
1655178538405924966 4807880
1655178538611639905 4558280
1655178538817082942 4402629
1655178539022612058 4489619
1655178539227159156 4212300
1655178539432790499 4601770
1655178539638069968 4776370
1655178539844059967 4973520
1655178540050033584 4963780
1655178540255757661 4619400
1655178540461521168 4713710
1655178540666353493 4396160
1655178540872274272 4795250
1655178541077029339 4299590
1655178541282309003 4875530
1655178541487706092 4305480
1655178541693789549 4809199
1655178541899535797 4538580
1655178542104249674 4352880
1655178542310072400 4655370
1655178542516231818 5759089
1655178542721785115 5001890
1655178542927309750 5149479
1655178543132568999 4837959
1655178543337967715 4377820
1655178543543356593 5004660
1655178543748978830 5175250
1655178543955066585 5622209
1655178544160890572 5328150
1655178544366448041 5030120
1655178544571956357 5140569
1655178544777675194 4631699
1655178544983579032 4851460
1655178545188473458 4506639
1655178545394374744 5221790
1655178545601219823 5596980
1655178545807108160 4704640
1655178546012258195 4651049
1655178546217655583 4855470
1655178546423426460 4728520
1655178546629230055 5294000
1655178546834493244 4845390
1655178547040287610 4768100
1655178547246001357 5486160
1655178547451742925 4717340
1655178547657085302 4923890
1655178547862852795 4731599
1655178548068304084 4983469
1655178548274486531 4942900
1655178548480073160 5129970
1655178548685208817 4825090
1655178548891230454 5013739
1655178549096563771 4973360
1655178549301934905 4862200
1655178549507666444 4588530
1655178549713689512 4955860
1655178549919461078 5367989
1655178550125084405 5118259
1655178550330815262 4642770
1655178550537122699 5802369
1655178550743093857 5323060
1655178550948798921 4378799
1655178551154271440 4355630
1655178551360973557 5424199
1655178551566578632 4481870
1655178551772121531 4441560
1655178551977895338 4752049
1655178552183452234 5206680
1655178552390091101 5527759
1655178552595651429 5089830
1655178552801355996 4423480
1655178553006547563 4855010
1655178553212744069 5113680
1655178553418066065 4949959
1655178553623768453 5055130
1655178553829114690 4891599
1655178554034856377 4612619
1655178554240557385 5182680
1655178554446126281 5054069
1655178554651953058 5168990
1655178554856898515 4813130
1655178555062441122 5047380
1655178555268143449 4627520
1655178555474121076 4651200
1655178555679694222 5068500
1655178555885224480 4511099
1655178556090655197 5061520
1655178556296977484 5243040
1655178556502729620 4643930
1655178556708085097 4841219
1655178556913631573 5196160
1655178557118951141 4734810
1655178557325373449 5332850
1655178557530637934 4814420
1655178557736359103 5330070
1655178557942382579 5722420
1655178558148201516 5165189
1655178558354440004 5837280
1655178558560159440 4597360
1655178558765657878 5109100
1655178558971260873 5151580
1655178559177135071 4684320
1655178559383435988 4768989
1655178559589288704 4649349
1655178559794982723 5214570
1655178560000718650 4576170
1655178560206542736 4575090
1655178560412092233 5039059
1655178560618727100 5487079
1655178560824598816 4829219
1655178561030326004 4709340
1655178561236850311 5380090
1655178561442649946 4514470
1655178561649104795 5269150
1655178561855746439 5609569
1655178562061297398 5075110
1655178562267968604 5028740
1655178562474210733 5072350
1655178562680723068 5505469
1655178562886329175 4389269
1655178563092342413 4919090
1655178563298109111 4692280
1655178563503679827 5227469
1655178563708836875 4881470
1655178563914398831 4365090
1655178564119894868 4988789
1655178564325833194 5402989
1655178564531548642 4563520
1655178564737850508 5209370
1655178564943804295 5705199
1655178565151312643 5681270
1655178565357545408 5196300
1655178565563795996 5085299
1655178565768901213 4715590
1655178565974632140 4601150
1655178566180497507 5046740
1655178566386901454 5893670
1655178566592365931 5051200
1655178566799082577 5145289
1655178567004982504 5539599
1655178567210949760 5465579
1655178567416703338 5202859
1655178567622488145 5404349
1655178567828039472 4533189
1655178568033803609 4664850
1655178568239721284 4750910
1655178568445656543 4752160
1655178568651106400 5038459
1655178568856846246 4801599
1655178569062687504 5315960
1655178569268582311 4743060
1655178569474432588 5470300
1655178569679719925 4237610
1655178569884586701 4423160
1655178570089739549 4791370
1655178570295447016 5201580
1655178570500966292 4447610
1655178570706661048 4646580
1655178570911453107 3795280
1655178571116137264 4359700
1655178571320811211 4352529
1655178571525752928 4554610
1655178571730497155 4551040
1655178571936110442 5174609
1655178572142669237 5321490
1655178572348645226 4247240
1655178572556585212 6168299
1655178572762058690 4326190
1655178572967986227 5026350
1655178573173929124 4544930
1655178573379400011 5024810
1655178573584990568 4343030
1655178573790493495 5044290
1655178573996103721 5132600
1655178574202933966 5323630
1655178574408682834 4154789
1655178574614841872 5645409
1655178574820499019 4753179
1655178575030995176 7898260
1655178575237809453 5476380
1655178575445238740 4530910
1655178575651515327 5842010
1655178575857099083 5138310
1655178576063081310 4486979
1655178576270421032 6041889
1655178576477177851 5342619
1655178576683518770 4771290
1655178576889543939 4473710
1655178577096792416 5165030
1655178577302656342 4593730
1655178577508988295 5098529
1655178577716163394 6711810
1655178577923971213 6159850
1655178578129967500 5563080
1655178578336339237 4596050
1655178578544988284 6712690
1655178578751576620 5184070
1655178578958712007 5138959
1655178579164921625 5879110
1655178579370622982 4439520
1655178579576490728 4955459
1655178579782707645 4967509
1655178579989308472 6059569
1655178580195304419 5501570
1655178580401221976 5594850
1655178580607499303 5552380
1655178580813583850 5628700
1655178581019598686 4562829
1655178581225584573 4941170
1655178581431062680 5089800
1655178581636433757 4917279
1655178581845049884 8215809
1655178582052108671 6153060
1655178582258034197 5545880
1655178582464201804 4696349
1655178582669624480 4250000
1655178582875501129 4091890
1655178583081618215 5777420
1655178583288547452 5589520
1655178583494714340 4767680
1655178583701757085 5322560
1655178583908390394 4684530
1655178584115958179 6988359
1655178584322897766 5195259
1655178584529033474 4962620
1655178584736650871 7212250
1655178584942986206 4488140
1655178585149284064 4894419
1655178585355846682 5873160
1655178585562033989 5730420
1655178585768858186 5520030
1655178585975274082 4567370
1655178586182900278 6922850
1655178586388391454 4240310
1655178586595644113 6076210
1655178586802343246 4544569
1655178587009024885 6333889
1655178587215842244 6198930
1655178587424729780 7057399
1655178587631446887 5483939
1655178587838508324 5832860
1655178588044702651 4844250
1655178588251258128 4496850
1655178588458054341 5204600
1655178588664066980 4627250
1655178588870843968 5499849
1655178589078375585 7056310
1655178589284777192 5073249
1655178589491260747 5183360
1655178589697311525 4459019
1655178589904510033 6510350
1655178590110220257 5253979
1655178590316536567 5838960
1655178590523639734 6415309
1655178590729726041 5697620
1655178590939460537 8449500
1655178591149420793 7643429
1655178591355638131 4807119
1655178591562119838 5108949
1655178591769907853 6315260
1655178591976737622 6384630
1655178592182808708 4633510
1655178592389092625 5081840
1655178592596689502 6196789
1655178592804118829 6998430
1655178593011103995 6138780
1655178593216444933 4258149
1655178593423023630 6067910
1655178593629498297 6108780
1655178593836152984 5211050
1655178594042604770 5232420
1655178594249220197 5080850
1655178594455333374 4882760
1655178594661701821 5976700
1655178594869343458 6985780
1655178595076191975 6510299
1655178595282468580 5666730
1655178595488840589 5984310
1655178595695254925 5232459
1655178595901555213 5836080
1655178596108047386 6095040
1655178596314189705 5066150
1655178596521185104 6657420
1655178596728208179 6402519
1655178596934945808 5454260
1655178597142073903 6037900
1655178597349538602 6957750
1655178597556558909 5865490
1655178597765482504 7780660
1655178597972339591 6382209
1655178598179122529 6323170
1655178598385524336 6046400
1655178598593152880 7207410
1655178598799705739 5150770
1655178599006125186 5985680
1655178599214097723 7104789
1655178599420782558 5514309
1655178599628266957 6469760
1655178599834909223 5135110
1655178600042016211 5983299
1655178600252403077 9239409
1655178600460401035 6497600
1655178600667329991 5412029
1655178600875388589 7605860
1655178601082067526 5598780
1655178601290204681 7105169
1655178601498227327 7624269
1655178601704623666 5909080
1655178601910745873 5124140
1655178602116702840 5130210
1655178602323685375 6016010
1655178602529571704 5612780
