time,operation,name,city
1653836670021283160,INSERT,aocs,uaty
1653836670021318984,INSERT,uiel,aort
1653836670021327024,INSERT,aunds,aeng
1653836670021332459,INSERT,aosts,uently
1653836670021346502,INSERT,uieff,eag
1653836670021352264,INSERT,oods,aild
1653836670021357352,INSERT,ierk,oart
1653836670021362454,INSERT,eurry,euc
1653836670021367301,INSERT,eaurth,iungs
1653836670021372461,INSERT,aiotz,oests
1653836670021377680,INSERT,eunt,aarty
1653836670021382973,INSERT,eiak,uasm
1653836670021388601,INSERT,iught,ueys
1653836670021402762,INSERT,iock,aolly
1653836670021407632,INSERT,aary,aetch
1653836670021412461,INSERT,uief,aost
1653836670021417076,INSERT,iaotts,eopt
1653836670021424602,INSERT,uiex,ont
1653836670021429532,INSERT,ihl,oorn
1653836670021434332,INSERT,iourg,aift
1653836670021439242,INSERT,uiell,eaur
1653836670021443814,INSERT,ioct,eipp
1653836670021448909,INSERT,iincy,uapt
1653836670021453652,INSERT,iens,ond
1653836670021458695,INSERT,ouws,aught
1653836670021463406,INSERT,iotz,oop
1653836670021475226,INSERT,eev,aiord
1653836670021481593,INSERT,ooz,uolls
1653836670021486305,INSERT,oigy,oiatts
1653836670021491151,INSERT,eauk,auk
1653836670021505394,INSERT,atch,euss
1653836670021521624,INSERT,iols,auent
1653836670021526389,INSERT,ums,ialy
1653836670021530945,INSERT,uengs,iasp
1653836670021535612,INSERT,aach,ibs
1653836670021540212,INSERT,iouff,eorts
1653836670021559962,INSERT,aiok,iafy
1653836670021566234,INSERT,oiarn,urry
1653836670021570894,INSERT,eigs,ught
1653836670021575618,INSERT,uatts,uieys
1653836670021580470,INSERT,uy,iug
1653836670021585227,INSERT,ob,arst
1653836670021589935,INSERT,auerry,iounk
1653836670021594551,INSERT,orty,ooght
1653836670021599263,INSERT,uok,oedly
1653836670021606114,INSERT,iets,iacts
1653836670021610805,INSERT,uiept,oiats
1653836670021615656,INSERT,aionts,angly
1653836670021620320,INSERT,ask,uor
1653836670021625009,INSERT,easp,eirn
1653836670350023939,INSERT,uosm,oadly
1653836670350104659,INSERT,oogs,aehn
1653836670350114243,INSERT,oongs,eult
1653836670350120029,INSERT,antly,eotts
1653836670350125737,INSERT,eorry,aosh
1653836670350139829,INSERT,ioy,oiarr
1653836670350144785,INSERT,urt,oab
1653836670350149492,INSERT,eacs,iiv
1653836670350154378,INSERT,iihn,erts
1653836670350162164,INSERT,eec,iens
1653836670350167026,INSERT,oetz,uieny
1653836670350171960,INSERT,uelt,oiaz
1653836670350176868,INSERT,oank,aaly
1653836670350181612,INSERT,iolt,iubly
1653836670350186509,INSERT,eiarly,uotz
1653836670350200710,INSERT,uaz,ouws
1653836670350214826,INSERT,uitch,osh
1653836670350220148,INSERT,euw,iaold
1653836670350224868,INSERT,eaulls,einy
1653836670350229664,INSERT,eund,eiarg
1653836670350234329,INSERT,upt,aiacy
1653836670350238935,INSERT,eiafy,aink
1653836670350243653,INSERT,iangly,iecs
1653836670350248258,INSERT,oerds,aits
1653836670350253405,INSERT,aads,irg
1653836670350258221,INSERT,eihn,oess
1653836670350278149,INSERT,iorg,oays
1653836670350284282,INSERT,aiaps,oias
1653836670350289145,INSERT,eiahn,aew
1653836670350293796,INSERT,euct,aiaz
1653836670350298420,INSERT,ieuc,oongly
1653836670350303284,INSERT,eaght,antz
1653836670350308173,INSERT,uism,ouls
1653836670350312902,INSERT,ailly,oobly
1653836670350317688,INSERT,aiancy,oodly
1653836670350322673,INSERT,aiarn,ools
1653836670350342700,INSERT,uers,eolly
1653836670350349197,INSERT,eid,uongly
1653836670350363421,INSERT,eiangs,ioft
1653836670350368188,INSERT,eiagh,iaps
1653836670350373203,INSERT,oodly,uosk
1653836670350377936,INSERT,aonn,uory
1653836670350382676,INSERT,eenk,auep
1653836670350387408,INSERT,us,aegh
1653836670350400344,INSERT,eurs,euc
1653836670350405611,INSERT,iurds,oult
1653836670350410192,INSERT,ieupt,urly
1653836670350414881,INSERT,id,uopt
1653836670350419553,INSERT,urg,eauth
1653836670350424196,INSERT,aack,ooss
1653836670952095004,INSERT,eiaty,aurst
1653836670952219850,INSERT,oets,arth
1653836670952235575,INSERT,aueck,eicts
1653836670952245977,INSERT,urg,ity
1653836670952255042,INSERT,if,aiaght
1653836670952264704,INSERT,uehn,iibs
1653836670952273157,INSERT,aisly,oat
1653836670952281862,INSERT,uoch,auecks
1653836670952290332,INSERT,ountz,ounk
1653836670952309312,INSERT,oiax,uoth
1653836670952320694,INSERT,oof,ious
1653836670952329013,INSERT,auern,aks
1653836670952337509,INSERT,ioum,iam
1653836670952345481,INSERT,ielt,eintz
1653836670952353950,INSERT,ears,aerds
1653836670952362239,INSERT,ierg,ionts
1653836670952371129,INSERT,uiel,aucts
1653836670952392044,INSERT,ouks,aay
1653836670952473337,INSERT,oann,aiass
1653836670952485284,INSERT,irn,iegh
1653836670952506925,INSERT,iaors,eauws
1653836670952515853,INSERT,uff,oiantly
1653836670952524463,INSERT,ieusk,iouft
1653836670952533080,INSERT,aand,oiagy
1653836670952541062,INSERT,aiadly,aith
1653836670952549733,INSERT,eitts,oatt
1653836670952610525,INSERT,ourd,aiaz
1653836670952622033,INSERT,aiancy,aock
1653836670952630125,INSERT,eugy,eantz
1653836670952659422,INSERT,eauy,eeth
1653836670952669137,INSERT,iaorty,aetts
1653836670952690178,INSERT,eausp,oady
1653836670952708908,INSERT,ouz,iorg
1653836670952717602,INSERT,iosts,iaosk
1653836670952726290,INSERT,aiantly,erds
1653836670952734965,INSERT,iirr,ook
1653836670952751806,INSERT,eid,uck
1653836670952762030,INSERT,ueth,uw
1653836670952770359,INSERT,eels,ees
1653836670952778824,INSERT,oiats,ebly
1653836670952787115,INSERT,eiw,iirry
1653836670952796260,INSERT,iaoly,iast
1653836670952804759,INSERT,oants,uiys
1653836670953225886,INSERT,uasly,ogs
1653836670953248573,INSERT,iahn,aully
1653836670953257090,INSERT,ob,eiz
1653836670953265553,INSERT,osly,iang
1653836670953273961,INSERT,iirm,aiar
1653836670953282141,INSERT,uld,uerg
1653836670953290525,INSERT,ietz,auh
1653836682597020286,INSERT,iaorry,uieks
1653836682599410095,INSERT,aicts,aedy
1653836682599425625,INSERT,uorn,uopp
1653836682599435478,INSERT,uoh,aolly
1653836682599444259,INSERT,aiorm,early
1653836682599458724,INSERT,uogh,aez
1653836682599467623,INSERT,upt,iank
1653836682599476288,INSERT,oes,iirk
1653836682599484942,INSERT,airy,eaubly
1653836682599496482,INSERT,ieds,eth
1653836682599505314,INSERT,ualls,ems
1653836682599513500,INSERT,auss,ieb
1653836682599522104,INSERT,auly,eutz
1653836682599542604,INSERT,iadly,iect
1653836682599551203,INSERT,ieck,ount
1653836682599559239,INSERT,eaucy,uiff
1653836682599567504,INSERT,oncy,iaotts
1653836682599578524,INSERT,earf,urf
1653836682599586901,INSERT,oirth,iify
1653836682599595499,INSERT,oaght,iards
1653836682599604866,INSERT,eends,eull
1653836682599613230,INSERT,oev,eens
1653836682599621778,INSERT,iek,urg
1653836682599630181,INSERT,eauy,eurth
1653836682599657786,INSERT,eurk,oiart
1653836682599668314,INSERT,oiann,iaor
1653836682599689327,INSERT,ez,uiell
1653836682599702804,INSERT,uords,uontly
1653836682599712184,INSERT,eily,eods
1653836682599721549,INSERT,eurds,uied
1653836682599729594,INSERT,ieun,eav
1653836682599738443,INSERT,eock,aedy
1653836682599758050,INSERT,uiect,eep
1653836682599767713,INSERT,ouv,uf
1653836682599779865,INSERT,oiasp,eudy
1653836682599789241,INSERT,aerts,eaull
1653836682599807885,INSERT,eiasly,any
1653836682599822283,INSERT,uih,auerm
1653836682599830850,INSERT,uog,itts
1653836682599838876,INSERT,oilly,eight
1653836682599847410,INSERT,eecy,aeps
1653836682599856349,INSERT,eaust,ons
1653836682599864653,INSERT,aery,aens
1653836682599873213,INSERT,uint,ualls
1653836682599881954,INSERT,ousk,uert
1653836682599890912,INSERT,ield,aux
1653836682599899350,INSERT,eiarty,oags
1653836682599911073,INSERT,oust,aiab
1653836682599919395,INSERT,oesch,iody
1653836682599928162,INSERT,uiehl,eums
1653836684435461049,INSERT,aiahl,aioks
1653836684435542815,INSERT,aiay,eetch
1653836684435556336,INSERT,aioly,aurry
1653836684435566946,INSERT,eiank,eiack
1653836684435575811,INSERT,oogy,aiaght
1653836684435585417,INSERT,eang,oiafy
1653836684435608102,INSERT,aint,aocts
1653836684435617568,INSERT,isk,aioft
1653836684435626076,INSERT,ueth,uond
1653836684435657901,INSERT,oath,aior
1653836684435669077,INSERT,ang,orty
1653836684435677154,INSERT,euls,ough
1653836684435686083,INSERT,urly,uig
1653836684435697734,INSERT,iunk,eaungs
1653836684435706462,INSERT,oecy,aiocs
1653836684435715037,INSERT,ond,aks
1653836684435723166,INSERT,iaogy,agh
1653836684435731773,INSERT,aiocts,iuv
1653836684435739727,INSERT,aiarn,ong
1653836684435747681,INSERT,iobs,aiorth
1653836684435758200,INSERT,oold,uegs
1653836684435766162,INSERT,oup,eict
1653836684435773560,INSERT,uash,eaunt
1653836684435781261,INSERT,eauft,ash
1653836684435789039,INSERT,aiars,eiarf
1653836684435797882,INSERT,aiaf,iousp
1653836684435816682,INSERT,ausm,uiens
1653836684435828951,INSERT,urf,uaks
1653836684435837910,INSERT,eiants,ious
1653836684435857702,INSERT,iitz,eiath
1653836684435867365,INSERT,iaown,ict
1653836684435876502,INSERT,aiolls,uhl
1653836684435884648,INSERT,uiers,iuk
1653836684435893044,INSERT,eoncy,uost
1653836684435901690,INSERT,aingly,aosts
1653836684435910322,INSERT,ing,ouf
1653836684435929975,INSERT,iolls,ouct
1653836684435940575,INSERT,auengs,ous
1653836684435950057,INSERT,eiab,uk
1653836684435958861,INSERT,iof,iuth
1653836684435967046,INSERT,oiam,iilly
1653836684435975865,INSERT,aof,aof
1653836684435983844,INSERT,igh,iugh
1653836684435991888,INSERT,oms,aurs
1653836684436001537,INSERT,eol,ail
1653836684436009972,INSERT,aecks,uaght
1653836684436022852,INSERT,euct,oerf
1653836684436034745,INSERT,iim,aolt
1653836684436043598,INSERT,uincy,aiotts
1653836684436053240,INSERT,oirly,aofy
1653836685230136433,INSERT,euls,aiarly
1653836685230218019,INSERT,iunt,aont
1653836685230238313,INSERT,euts,uiry
1653836685230247354,INSERT,ually,ic
1653836685230266886,INSERT,iound,ooys
1653836685230274954,INSERT,eng,iaolt
1653836685230283448,INSERT,ess,eaks
1653836685230291726,INSERT,uerd,iigy
1653836685230298771,INSERT,aioll,uek
1653836685230308944,INSERT,eil,uink
1653836685230328703,INSERT,aorst,aes
1653836685230337083,INSERT,eirts,eawn
1653836685230345507,INSERT,erts,als
1653836685230353073,INSERT,ell,eosk
1653836685230370861,INSERT,uib,iudy
1653836685230382460,INSERT,oold,iedy
1653836685230390650,INSERT,eork,ielly
1653836685230399465,INSERT,iong,iaoch
1653836685230417033,INSERT,iouf,uik
1653836685230426209,INSERT,eausly,ils
1653836685230433699,INSERT,eoly,ird
1653836685230442052,INSERT,eunts,eaupp
1653836685230451280,INSERT,eauw,uehn
1653836685230459103,INSERT,eory,auty
1653836685230466611,INSERT,aioght,ael
1653836685230475454,INSERT,oog,ips
1653836685230503865,INSERT,ient,eauz
1653836685230514152,INSERT,ams,iolly
1653836685230522669,INSERT,ost,ioupt
1653836685230530940,INSERT,auest,iff
1653836685230539466,INSERT,oecs,uangs
1653836685230548503,INSERT,eaum,eiach
1653836685230557656,INSERT,erd,oerd
1653836685230565464,INSERT,ieust,iousch
1653836685230573839,INSERT,itt,iux
1653836685230584582,INSERT,aeps,oild
1653836685230601173,INSERT,eck,ouncy
1653836685230611180,INSERT,uorf,oesly
1653836685230619650,INSERT,uetts,aiott
1653836685230628064,INSERT,ict,uip
1653836685230666867,INSERT,eurry,iech
1653836685230676631,INSERT,aigy,eatch
1653836685230685393,INSERT,eauc,im
1653836685230692716,INSERT,iews,iouck
1653836685230700756,INSERT,oiarn,oesch
1653836685230708657,INSERT,ierf,icts
1653836685230716912,INSERT,auct,eeng
1653836685230747033,INSERT,aiolly,ieurd
1653836685230757156,INSERT,iiys,iac
1653836685230765392,INSERT,eially,iols
1653836686414118245,INSERT,iungs,iarm
1653836686414221853,INSERT,aof,iog
1653836686414236885,INSERT,ountz,oirm
1653836686414246607,INSERT,iict,oads
1653836686414256269,INSERT,auesch,aorty
1653836686414266339,INSERT,iintz,auem
1653836686414275585,INSERT,aiorf,aush
1653836686414284945,INSERT,auns,uier
1653836686414294062,INSERT,iouys,eif
1653836686414314029,INSERT,iult,iel
1653836686414325277,INSERT,aiopt,uect
1653836686414343439,INSERT,eulls,eests
1653836686414364536,INSERT,aatt,iurk
1653836686414374718,INSERT,oiacks,eunk
1653836686414383645,INSERT,oig,usts
1653836686414392220,INSERT,aort,eiah
1653836686414401302,INSERT,iaoff,iantly
1653836686414410102,INSERT,auetz,uaft
1653836686414418811,INSERT,aen,eund
1653836686414427277,INSERT,est,ieuld
1653836686414449218,INSERT,iosm,ioght
1653836686414457585,INSERT,eatz,uac
1653836686414466410,INSERT,iit,aurs
1653836686414474667,INSERT,eians,ials
1653836686414483415,INSERT,aet,iucks
1653836686414491245,INSERT,oets,uahl
1653836686414510662,INSERT,oons,oests
1653836686414531809,INSERT,eaups,iaoty
1653836686414540534,INSERT,eay,ath
1653836686414548600,INSERT,uiz,eidy
1653836686414557137,INSERT,oax,ils
1653836686414578726,INSERT,uads,iouws
1653836686414586632,INSERT,ioutt,aiys
1653836686414595465,INSERT,auebs,uiery
1653836686414604366,INSERT,ewn,auentz
1653836686414613169,INSERT,ium,eaurk
1653836686414657384,INSERT,ug,ield
1653836686414669257,INSERT,aunt,oesp
1653836686414678182,INSERT,iwn,ueght
1653836686414687502,INSERT,asts,iaov
1653836686414696002,INSERT,ioc,ih
1653836686414704428,INSERT,oisly,uoght
1653836686414713116,INSERT,ez,iasp
1653836686414721915,INSERT,iaony,ooms
1653836686414730442,INSERT,uopt,iontz
1653836686414739218,INSERT,eiarly,uier
1653836686414747990,INSERT,itch,uigh
1653836686414766963,INSERT,eox,airr
1653836686414777365,INSERT,iucts,uiecks
1653836686414786589,INSERT,eins,oogy
1653836689125024955,INSERT,arm,eapp
1653836689125117715,INSERT,iot,uaks
1653836689125127625,INSERT,oapt,aiat
1653836689125134438,INSERT,aolt,oull
1653836689125139795,INSERT,ool,ehn
1653836689125145116,INSERT,ieuds,oorth
1653836689125160092,INSERT,oiacts,uehl
1653836689125170839,INSERT,oirth,aiws
1653836689125178998,INSERT,any,engly
1653836689125191990,INSERT,euld,uays
1653836689125198518,INSERT,auetch,eaunt
1653836689125203538,INSERT,euf,oaf
1653836689125208666,INSERT,eely,ioush
1653836689125213975,INSERT,ioury,eaurr
1653836689125218918,INSERT,irry,etts
1653836689125223715,INSERT,uitch,aapt
1653836689125228401,INSERT,aiann,ausk
1653836689125233842,INSERT,auef,uasm
1653836689125248251,INSERT,aias,aurth
1653836689125253199,INSERT,oially,uat
1653836689125258172,INSERT,oap,eur
1653836689125272023,INSERT,auff,iaoty
1653836689125276990,INSERT,amp,iaown
1653836689125290476,INSERT,iith,eohl
1653836689125304652,INSERT,eiarth,aety
1653836689125309571,INSERT,eurts,ooz
1653836689125321915,INSERT,iouns,eungs
1653836689125328065,INSERT,ieusly,aark
1653836689125342015,INSERT,iupp,ausm
1653836689125346781,INSERT,iaontz,oult
1653836689125368978,INSERT,oency,aiath
1653836689125375086,INSERT,eah,eify
1653836689125379960,INSERT,aor,iily
1653836689125384615,INSERT,iisly,eaurly
1653836689125389269,INSERT,eugh,uiel
1653836689125393927,INSERT,aas,es
1653836689125406042,INSERT,eaudy,adly
1653836689125412286,INSERT,eiats,uerst
1653836689125417126,INSERT,uiently,aiach
1653836689125422427,INSERT,oex,auerm
1653836689125427413,INSERT,uierly,ierts
1653836689125440913,INSERT,iev,aills
1653836689125445975,INSERT,iouct,usp
1653836689125450849,INSERT,itch,aehn
1653836689125456089,INSERT,oafy,ently
1653836689125460951,INSERT,eiays,ob
1653836689125465502,INSERT,euff,aasly
1653836689125477715,INSERT,uiec,uews
1653836689125483922,INSERT,uafy,ouws
1653836689125497576,INSERT,uely,eecy
1653836693025104748,INSERT,aioz,eihl
1653836693025220982,INSERT,aiasch,eeth
1653836693025238057,INSERT,eihn,oorth
1653836693025248307,INSERT,aact,orm
1653836693025257705,INSERT,aarty,oeys
1653836693025266805,INSERT,eiz,uight
1653836693025275145,INSERT,ieucts,uoch
1653836693025283417,INSERT,iay,oat
1653836693025292053,INSERT,aontly,aays
1653836693025309209,INSERT,auehn,aund
1653836693025319194,INSERT,erly,iaox
1653836693025327737,INSERT,uingly,uiss
1653836693025346307,INSERT,eeff,eacks
1653836693025355361,INSERT,aurly,oad
1653836693025363671,INSERT,aags,olly
1653836693025371477,INSERT,eaulls,aint
1653836693025380156,INSERT,eolls,oody
1653836693025388922,INSERT,eork,aong
1653836693025397694,INSERT,oegh,oil
1653836693025406449,INSERT,erg,oests
1653836693025414759,INSERT,ioy,eiatch
1653836693025422943,INSERT,eaw,ond
1653836693025430913,INSERT,ugs,oasly
1653836693025439110,INSERT,eetch,ieds
1653836693025447138,INSERT,ieund,oark
1653836693025488002,INSERT,uons,aeld
1653836693025508167,INSERT,aott,iw
1653836693025522812,INSERT,uist,uck
1653836693025531112,INSERT,oull,utz
1653836693025539647,INSERT,uiens,att
1653836693025547960,INSERT,uwn,eiatts
1653836693025556467,INSERT,uerk,ins
1653836693025565052,INSERT,uohn,aend
1653836693025573573,INSERT,uac,oet
1653836693025582624,INSERT,aiapt,ens
1653836693025591421,INSERT,eintly,iory
1653836693025612766,INSERT,aoh,aerk
1653836693025624053,INSERT,eusly,eang
1653836693025632802,INSERT,eaf,uorly
1653836693025661874,INSERT,auets,iort
1653836693025670962,INSERT,oogy,oids
1653836693025679210,INSERT,aeds,eaupp
1653836693025687326,INSERT,eausts,oirly
1653836693025695295,INSERT,uags,uls
1653836693025705016,INSERT,oity,aegs
1653836693025713155,INSERT,oonds,airth
1653836693025722033,INSERT,eiads,eiantly
1653836693025742125,INSERT,oian,iz
1653836693025753831,INSERT,uoys,auetch
1653836693025761887,INSERT,oops,ioc
1653836693712018052,INSERT,ieunn,aacs
1653836693712100265,INSERT,eim,eify
1653836693712109535,INSERT,aoncy,oerf
1653836693712124704,INSERT,aapt,aid
1653836693712130291,INSERT,iet,uiell
1653836693712135583,INSERT,esch,iouly
1653836693712140811,INSERT,oiarr,eopp
1653836693712153565,INSERT,euch,uotts
1653836693712159237,INSERT,uerd,augh
1653836693712166876,INSERT,aild,eiark
1653836693712172239,INSERT,uiecks,uonts
1653836693712177729,INSERT,oisk,aehl
1653836693712183148,INSERT,eips,oerg
1653836693712188063,INSERT,iich,uomp
1653836693712192790,INSERT,iorty,auety
1653836693712197646,INSERT,omp,oobs
1653836693712210696,INSERT,eiany,aut
1653836693712215657,INSERT,uet,iog
1653836693712220485,INSERT,eaub,eirs
1653836693712225076,INSERT,uancy,aincy
1653836693712229905,INSERT,auern,osly
1653836693712234770,INSERT,ieuny,eiang
1653836693712247338,INSERT,ield,aand
1653836693712253043,INSERT,aey,ieux
1653836693712257638,INSERT,iouh,ally
1653836693712262367,INSERT,eiar,eok
1653836693712275077,INSERT,iaorty,eary
1653836693712281437,INSERT,oaft,iil
1653836693712286488,INSERT,ieuy,iipt
1653836693712291462,INSERT,ourds,aez
1653836693712296022,INSERT,aintly,aown
1653836693712300522,INSERT,ucks,aod
1653836693712305137,INSERT,iaorry,uest
1653836693712309657,INSERT,auesk,auelt
1653836693712314293,INSERT,iimp,aords
1653836693712318861,INSERT,urds,uiefy
1653836693712338077,INSERT,uigy,uolls
1653836693712344461,INSERT,iaodly,aeys
1653836693712349176,INSERT,agy,uills
1653836693712353796,INSERT,apt,oony
1653836693712358568,INSERT,ep,uody
1653836693712363088,INSERT,eohn,aesm
1653836693712367766,INSERT,iaps,aash
1653836693712372440,INSERT,ann,iuy
1653836693712377121,INSERT,uts,aeth
1653836693712381577,INSERT,aasch,oiatz
1653836693712386308,INSERT,eiady,oant
1653836693712398607,INSERT,unn,ag
1653836693712404589,INSERT,aerm,iints
1653836693712409217,INSERT,aiaght,uing
1653836694218006124,INSERT,iourg,oiang
1653836694218104544,INSERT,eunk,ar
1653836694218114797,INSERT,uiests,euct
1653836694218120947,INSERT,aioll,ess
1653836694218135511,INSERT,oiarst,ez
1653836694218144056,INSERT,euz,iotch
1653836694218148856,INSERT,iirn,oav
1653836694218154219,INSERT,aon,uams
1653836694218158924,INSERT,aengs,iaom
1653836694218170890,INSERT,iirts,oiantz
1653836694218177532,INSERT,ilt,iibs
1653836694218182722,INSERT,eialt,eiax
1653836694218187481,INSERT,ieucks,eatt
1653836694218192120,INSERT,eiacks,eiarty
1653836694218197003,INSERT,iaogs,eocs
1653836694218201521,INSERT,oisly,uiegs
1653836694218206130,INSERT,oefy,octs
1653836694218220077,INSERT,eiands,eaubs
1653836694218225335,INSERT,iurds,eaum
1653836694218230637,INSERT,irth,aght
1653836694218235621,INSERT,auesch,urst
1653836694218240320,INSERT,any,aidly
1653836694218244969,INSERT,iouwn,oum
1653836694218249624,INSERT,aiagy,usk
1653836694218254217,INSERT,ieuntly,aiak
1653836694218258957,INSERT,eiagh,ocy
1653836694218277858,INSERT,eiarn,atts
1653836694218284141,INSERT,eiys,oub
1653836694218289039,INSERT,uedy,uiels
1653836694218293853,INSERT,aerts,aiog
1653836694218298377,INSERT,eorg,aorg
1653836694218302951,INSERT,onk,eapp
1653836694218307554,INSERT,oiantz,aueck
1653836694218312248,INSERT,uav,iaor
1653836694218316589,INSERT,oug,eutch
1653836694218321326,INSERT,oams,opt
1653836694218333420,INSERT,aeps,aiawn
1653836694218339824,INSERT,uont,ieuks
1653836694218344818,INSERT,uiv,oof
1653836694218349397,INSERT,intly,aiork
1653836694218354007,INSERT,ueff,ark
1653836694218358614,INSERT,iamp,ieuntz
1653836694218363246,INSERT,oern,uaps
1653836694218367967,INSERT,earth,oiarts
1653836694218372801,INSERT,up,eart
1653836694218377385,INSERT,uitz,iaoncy
1653836694218381990,INSERT,eaunk,iong
1653836694218412476,INSERT,oach,eetz
1653836694218417713,INSERT,aery,uiently
1653836694218422748,INSERT,urst,eirth
1653836695160537804,INSERT,ieuft,ieck
1653836695160659392,INSERT,aionn,aish
1653836695160670756,INSERT,oirty,eias
1653836695160676854,INSERT,eurm,uapp
1653836695160682325,INSERT,uost,eagy
1653836695160687740,INSERT,oist,air
1653836695160692741,INSERT,awn,uesk
1653836695160697766,INSERT,eaucts,aez
1653836695160702417,INSERT,eeth,iords
1653836695160715429,INSERT,oiads,uips
1653836695160721484,INSERT,uiell,uatch
1653836695160727058,INSERT,uang,eaurry
1653836695160741504,INSERT,uogh,aiotch
1653836695160746389,INSERT,eiff,aurk
1653836695160751324,INSERT,outs,iows
1653836695160756143,INSERT,iaov,uoks
1653836695160760893,INSERT,aiast,aonds
1653836695160773082,INSERT,aey,aord
1653836695160786999,INSERT,aih,uer
1653836695160791773,INSERT,ods,oebs
1653836695160796590,INSERT,iams,auels
1653836695160801549,INSERT,uienn,aib
1653836695160806373,INSERT,uall,aamp
1653836695160811029,INSERT,aiam,oapp
1653836695160815727,INSERT,auerst,ieutts
1653836695160820632,INSERT,aiaff,aell
1653836695160832945,INSERT,aiorry,eonts
1653836695160839119,INSERT,iogs,onts
1653836695160851628,INSERT,aueck,aely
1653836695160856960,INSERT,aank,oentz
1653836695160861637,INSERT,eav,oisly
1653836695160874664,INSERT,eodly,eont
1653836695160879462,INSERT,oett,eands
1653836695160891889,INSERT,oiaff,it
1653836695160897175,INSERT,aaz,eags
1653836695160901829,INSERT,iing,oux
1653836695160913669,INSERT,uicts,eusm
1653836695160919627,INSERT,eums,eiark
1653836695160924313,INSERT,uably,ogy
1653836695160929037,INSERT,uard,ott
1653836695160933569,INSERT,als,aueck
1653836695160938218,INSERT,ieul,easts
1653836695160942859,INSERT,aecy,iounts
1653836695160947597,INSERT,iaons,iest
1653836695160952209,INSERT,oorty,ierly
1653836695160956769,INSERT,iaocts,oobly
1653836695160961630,INSERT,uiers,aegy
1653836695160974169,INSERT,aows,iwn
1653836695160980232,INSERT,oiaght,iill
1653836695160985218,INSERT,aiah,aolly
1653836695330114473,INSERT,eiank,aiark
1653836695330214979,INSERT,oiask,eub
1653836695330228059,INSERT,oong,eall
1653836695330236717,INSERT,aapp,uoff
1653836695330244595,INSERT,iid,uongly
1653836695330253543,INSERT,oudly,iourk
1653836695330262054,INSERT,iourn,ul
1653836695330270288,INSERT,ooks,iuk
1653836695330278861,INSERT,aols,oitt
1653836695330296784,INSERT,aiash,oirk
1653836695330306979,INSERT,ot,oops
1653836695330318275,INSERT,isly,aags
1653836695330326733,INSERT,eef,eeh
1653836695330354263,INSERT,erds,oucks
1653836695330363067,INSERT,iork,eerr
1653836695330370919,INSERT,ieutts,eust
1653836695330378619,INSERT,ent,oecs
1653836695330386731,INSERT,ill,iiss
1653836695330394206,INSERT,och,uown
1653836695330401655,INSERT,aiots,airs
1653836695330409278,INSERT,uiry,aaks
1653836695330416827,INSERT,oeg,oolls
1653836695330425407,INSERT,eohn,ews
1653836695330433940,INSERT,austs,eesp
1653836695330452555,INSERT,iatz,iab
1653836695330461813,INSERT,eially,aern
1653836695330480957,INSERT,at,iouds
1653836695330491475,INSERT,iupp,iex
1653836695330499627,INSERT,iap,iouncy
1653836695330508388,INSERT,iits,aiork
1653836695330516072,INSERT,iort,urst
1653836695330523915,INSERT,auerr,aally
1653836695330531902,INSERT,ieusp,uands
1653836695330540126,INSERT,iounds,uidy
1653836695330548575,INSERT,iaosly,ieury
1653836695330556814,INSERT,iold,iouds
1653836695330576043,INSERT,uirty,eics
1653836695330597541,INSERT,ems,eiarth
1653836695330605919,INSERT,uoms,oorly
1653836695330613884,INSERT,aod,isp
1653836695330621895,INSERT,uots,oim
1653836695330630344,INSERT,ourts,oisk
1653836695330654964,INSERT,iaontz,aiods
1653836695330664457,INSERT,aah,oiah
1653836695330672860,INSERT,eory,ieupp
1653836695330681252,INSERT,och,aurr
1653836695330689416,INSERT,ially,aott
1653836695330724242,INSERT,ers,oosh
1653836695330735869,INSERT,ieurry,uiek
1653836695330743891,INSERT,aill,ish
1653836697129255431,INSERT,eart,iouft
1653836697129365601,INSERT,iem,uts
1653836697129383245,INSERT,auv,iald
1653836697129393772,INSERT,ueg,uotts
1653836697129403440,INSERT,iegh,aials
1653836697129412335,INSERT,oish,at
1653836697129420897,INSERT,eauls,oeld
1653836697129442876,INSERT,ern,aurk
1653836697129451911,INSERT,ieust,uehl
1653836697129461558,INSERT,ack,uigy
1653836697129469708,INSERT,aerf,aer
1653836697129478818,INSERT,euft,aiants
1653836697129487833,INSERT,ects,aapp
1653836697129496940,INSERT,oaft,erty
1653836697129505248,INSERT,iaor,aiays
1653836697129526693,INSERT,uirg,eark
1653836697129535447,INSERT,iesp,eesly
1653836697129544584,INSERT,aiady,uich
1653836697129553921,INSERT,iarn,uant
1653836697129562092,INSERT,ieurk,oiars
1653836697129570865,INSERT,aass,ung
1653836697129579379,INSERT,aerm,aud
1653836697129587899,INSERT,oiahl,oiarst
1653836697129596953,INSERT,aelly,aioks
1653836697129619291,INSERT,iusch,iul
1653836697129627826,INSERT,aett,iobly
1653836697129677288,INSERT,aiangly,eass
1653836697129699684,INSERT,iucy,eax
1653836697129709105,INSERT,aegh,iosm
1653836697129717915,INSERT,att,iugs
1653836697129726416,INSERT,aangs,uim
1653836697129735111,INSERT,auhn,iiws
1653836697129743780,INSERT,eerf,aatz
1653836697129752575,INSERT,iels,oags
1653836697129760780,INSERT,uik,ealy
1653836697129769111,INSERT,ast,ooz
1653836697129788756,INSERT,oerg,ieups
1653836697129805295,INSERT,oials,airr
1653836697129813698,INSERT,iouy,eial
1653836697129822975,INSERT,uery,uond
1653836697129831705,INSERT,ieth,auels
1653836697129840621,INSERT,iax,aaff
1653836697129849024,INSERT,auks,eesch
1653836697129857292,INSERT,aiox,auehn
1653836697129866156,INSERT,oiaft,oos
1653836697129875337,INSERT,oand,uy
1653836697129883722,INSERT,ieurd,oonds
1653836697129893215,INSERT,uontz,audy
1653836697129901853,INSERT,uientz,aueght
1653836697129909955,INSERT,oiasp,iaws
1653836697787936387,INSERT,auemp,ourd
1653836697788068859,INSERT,oial,aery
1653836697788082942,INSERT,iaorts,aely
1653836697788091679,INSERT,irry,oush
1653836697788099695,INSERT,aiosch,iess
1653836697788107832,INSERT,iom,eib
1653836697788115374,INSERT,uoty,oords
1653836697788123085,INSERT,oiark,audy
1653836697788130763,INSERT,ours,orty
1653836697788148653,INSERT,ousk,ioght
1653836697788158233,INSERT,eng,uock
1653836697788166747,INSERT,iaosk,irm
1653836697788175152,INSERT,eety,ib
1653836697788183939,INSERT,eacy,aangs
1653836697788196272,INSERT,oiag,aud
1653836697788205563,INSERT,oeld,aorg
1653836697788213531,INSERT,agh,oaly
1653836697788222288,INSERT,oird,ieurn
1653836697788231013,INSERT,iills,asch
1653836697788240146,INSERT,iourth,ouws
1653836697788247934,INSERT,oially,eil
1653836697788256615,INSERT,uiek,eucy
1653836697788265984,INSERT,aerry,iop
1653836697788273784,INSERT,iouf,ieury
1653836697788281649,INSERT,eeld,aects
1653836697788290327,INSERT,oum,aiob
1653836697788308001,INSERT,aorty,uicks
1653836697788318003,INSERT,iubs,auegy
1653836697788327170,INSERT,eiabs,auedy
1653836697788335848,INSERT,aioft,uerts
1653836697788344458,INSERT,eants,uens
1653836697788353364,INSERT,oish,ieutz
1653836697788360858,INSERT,oeft,orf
1653836697788369585,INSERT,uierst,eiany
1653836697788378129,INSERT,oamp,eatts
1653836697788386009,INSERT,oiry,ails
1653836697788402949,INSERT,oirr,uorly
1653836697788413009,INSERT,aats,outh
1653836697788421271,INSERT,aipt,eafy
1653836697788429926,INSERT,ieutch,uim
1653836697788438838,INSERT,oub,aft
1653836697788446586,INSERT,aurm,irry
1653836697788454038,INSERT,iaogy,uiey
1653836697788462117,INSERT,eewn,acts
1653836697788470676,INSERT,oot,eess
1653836697788479309,INSERT,oks,aiws
1653836697788487566,INSERT,oiangs,aiork
1653836697788498045,INSERT,ieuws,ioupt
1653836697788505633,INSERT,euck,en
1653836697788513190,INSERT,iengs,uierty
1653836697986256873,INSERT,eiks,aimp
1653836697986388678,INSERT,aiow,uty
1653836697986405394,INSERT,ir,oedy
1653836697986415257,INSERT,uirry,eontz
1653836697986424453,INSERT,ay,uong
1653836697986434137,INSERT,audy,aap
1653836697986443058,INSERT,iicts,iousp
1653836697986452077,INSERT,iounds,uery
1653836697986460699,INSERT,eauch,aend
1653836697986480141,INSERT,ieutch,iirly
1653836697986491876,INSERT,asm,iuft
1653836697986501296,INSERT,iiy,egh
1653836697986510097,INSERT,irm,aicts
1653836697986518741,INSERT,uons,eaucs
1653836697986527137,INSERT,iould,ioll
1653836697986536301,INSERT,auncy,eentz
1653836697986545476,INSERT,aiany,iaolls
1653836697986554343,INSERT,iald,aian
1653836697986562808,INSERT,eaungly,auek
1653836697986572012,INSERT,uald,ugh
1653836697986580056,INSERT,uers,ahl
1653836697986588396,INSERT,aiohl,ioug
1653836697986596601,INSERT,eautch,ueght
1653836697986605297,INSERT,uiesch,aurr
1653836697986614040,INSERT,aiasts,uerth
1653836697986622880,INSERT,oend,iind
1653836697986662746,INSERT,oiaff,oody
1653836697986676577,INSERT,uetch,urg
1653836697986686257,INSERT,oeft,arf
1653836697986694801,INSERT,oas,uords
1653836697986704061,INSERT,aiott,eiarr
1653836697986712621,INSERT,unt,aiodly
1653836697986721525,INSERT,ooh,oack
1653836697986729571,INSERT,aiocts,uy
1653836697986738312,INSERT,uh,aiasts
1653836697986746348,INSERT,iouy,iaoct
1653836697986765794,INSERT,aihl,aosts
1653836697986776844,INSERT,oiarst,oorty
1653836697986785277,INSERT,eialls,up
1653836697986794778,INSERT,aial,iery
1653836697986803000,INSERT,ubly,eatts
1653836697986810984,INSERT,ouhl,ieurds
1653836697986818717,INSERT,ocy,oingly
1653836697986827239,INSERT,oamp,uarn
1653836697986835685,INSERT,aiasm,uiec
1653836697986844641,INSERT,iaork,euy
1653836697986852415,INSERT,uam,eegh
1653836697986863496,INSERT,iucy,uarst
1653836697986871909,INSERT,eoll,eauws
1653836697986879657,INSERT,oisch,iaott
1653836698499112625,INSERT,uahl,ausk
1653836698499241639,INSERT,oely,aos
1653836698499258067,INSERT,uams,aul
1653836698499267918,INSERT,aiox,iongly
1653836698499277757,INSERT,etch,euly
1653836698499287555,INSERT,oell,iesm
1653836698499296022,INSERT,oy,ot
1653836698499304358,INSERT,uill,eaurf
1653836698499313890,INSERT,om,oum
1653836698499342858,INSERT,uongs,oiff
1653836698499354191,INSERT,erry,eidly
1653836698499362978,INSERT,iorn,iuks
1653836698499371765,INSERT,iort,auch
1653836698499380113,INSERT,uits,eaurk
1653836698499387873,INSERT,obly,iugs
1653836698499395702,INSERT,oef,iews
1653836698499403459,INSERT,oiahn,uly
1653836698499411481,INSERT,auess,auys
1653836698499419906,INSERT,eauds,oarr
1653836698499428067,INSERT,uieft,oerds
1653836698499437407,INSERT,uisch,oorn
1653836698499445962,INSERT,uielly,aued
1653836698499454417,INSERT,oitch,oently
1653836698499463434,INSERT,eost,aurth
1653836698499483112,INSERT,oint,arty
1653836698499492392,INSERT,iegs,ends
1653836698499511534,INSERT,oom,ioudly
1653836698499522433,INSERT,oians,iitch
1653836698499530856,INSERT,oect,ieusch
1653836698499539324,INSERT,aaz,uiegs
1653836698499560823,INSERT,iids,aohn
1653836698499568663,INSERT,eax,art
1653836698499577262,INSERT,epp,aags
1653836698499584949,INSERT,ieucts,et
1653836698499593790,INSERT,is,eugy
1653836698499601410,INSERT,oalls,iow
1653836698499619987,INSERT,iov,eity
1653836698499629693,INSERT,ieufy,oaty
1653836698528728600,INSERT,uorry,iaords
1653836698528755590,INSERT,aiorth,uah
1653836698528764799,INSERT,isly,eird
1653836698528773419,INSERT,oucy,eiac
1653836698528781196,INSERT,oirs,iourt
1653836698528789352,INSERT,eh,oalt
1653836698528797487,INSERT,iurts,oiaff
1653836698528805441,INSERT,iaopp,iouts
1653836698528813246,INSERT,uiell,eiy
1653836698528827187,INSERT,aefy,oosly
1653836698528835526,INSERT,iaons,uirds
1653836698528844110,INSERT,eish,uz
1653836699835151623,INSERT,eord,aiar
1653836699835258640,INSERT,aiann,egy
1653836699835273733,INSERT,aaz,eauk
1653836699835284480,INSERT,iess,atz
1653836699835294378,INSERT,iap,ouncy
1653836699835304677,INSERT,uieys,irds
1653836699835314380,INSERT,oeks,eesly
1653836699835323833,INSERT,iey,iontz
1653836699835344253,INSERT,ieud,aev
1653836699835361972,INSERT,aurty,ieucy
1653836699835373192,INSERT,iaontz,oaght
1653836699835382564,INSERT,eks,aot
1653836699835391284,INSERT,ians,aiah
1653836699835399802,INSERT,uengs,eaully
1653836699835408656,INSERT,oasm,uisly
1653836699835416923,INSERT,oiv,eugy
1653836699835425488,INSERT,auent,iolls
1653836699835447064,INSERT,iac,oiard
1653836699835455548,INSERT,ett,aish
1653836699835463422,INSERT,os,oend
1653836699835472172,INSERT,eautch,auys
1653836699835480178,INSERT,uecs,eully
1653836699835488316,INSERT,eics,aops
1653836699835496287,INSERT,oisly,ells
1653836699835504700,INSERT,eirds,uiewn
1653836699835512113,INSERT,oorn,oetts
1653836699835524032,INSERT,iantz,aiatts
1653836699835532480,INSERT,uex,eers
1653836699835540643,INSERT,irf,elt
1653836699835548644,INSERT,eauy,aiart
1653836699835556585,INSERT,aells,airst
1653836699835578476,INSERT,oay,esch
1653836699835587393,INSERT,iish,aut
1653836699835596239,INSERT,eausk,eink
1653836699835604090,INSERT,oigs,eg
1653836699835612502,INSERT,uients,oug
1653836699835629454,INSERT,uiech,uantz
1653836699835660226,INSERT,iihl,uitts
1653836699836672342,INSERT,aird,iaod
1653836699836708210,INSERT,iousk,iern
1653836699836718996,INSERT,oest,eews
1653836699836727930,INSERT,eaurm,eaups
1653836699836737548,INSERT,ics,ueb
1653836699836746748,INSERT,aangs,aiaf
1653836699836755620,INSERT,auently,eedy
1653836699836763851,INSERT,aueck,een
1653836699836771655,INSERT,eull,uaght
1653836699836780045,INSERT,aarth,eegh
1653836699836787720,INSERT,oums,aass
1653836699836795011,INSERT,ack,iaoss
1653836700819027926,INSERT,uien,uard
1653836700819119922,INSERT,aiontly,eirly
1653836700819130044,INSERT,osp,iods
1653836700819136287,INSERT,aecs,ieuws
1653836700819141650,INSERT,oown,ady
1653836700819147059,INSERT,eauw,eaurth
1653836700819152343,INSERT,eents,aally
1653836700819157390,INSERT,aect,ouns
1653836700819162377,INSERT,eays,oel
1653836700819175091,INSERT,eolly,eiack
1653836700819181575,INSERT,aeght,uift
1653836700819186634,INSERT,iirg,iurst
1653836700819191534,INSERT,ooght,uiers
1653836700819196397,INSERT,uark,eedly
1653836700819201319,INSERT,irk,angs
1653836700819206015,INSERT,uc,ieutt
1653836700819210910,INSERT,ieung,eep
1653836700819215618,INSERT,imp,eiatch
1653836700819220470,INSERT,iug,aatt
1653836700819225310,INSERT,iiny,iacks
1653836700819230098,INSERT,aish,oorty
1653836700819234765,INSERT,iaont,aiag
1653836700819239497,INSERT,eef,aioh
1653836700819244286,INSERT,uirly,aiamp
1653836700819249801,INSERT,iug,aiz
1653836700819254667,INSERT,aern,aiacts
1653836700819267258,INSERT,aibs,iex
1653836700819273458,INSERT,acy,ioudy
1653836700819278203,INSERT,eiadly,aufy
1653836700819283002,INSERT,aiads,eiash
1653836700819287766,INSERT,iaont,aird
1653836700819292392,INSERT,eely,oiks
1653836700819306410,INSERT,ulls,iutt
1653836700819311315,INSERT,ieurly,uomp
1653836700819316108,INSERT,aurds,oiards
1653836700819320926,INSERT,ock,oalt
1653836700819340986,INSERT,aiond,eiarly
1653836700819347251,INSERT,id,ieunt
1653836700819361056,INSERT,uim,ieuwn
1653836700819365836,INSERT,iaorly,aed
1653836700819370705,INSERT,oapp,uald
1653836700819375516,INSERT,eam,ieum
1653836700819389815,INSERT,oeff,eirk
1653836700819394630,INSERT,eert,uielt
1653836700819399598,INSERT,ont,aarr
1653836700819404286,INSERT,ual,eert
1653836700819408874,INSERT,iourty,uex
1653836700819424726,INSERT,eaurm,iaorth
1653836700819430924,INSERT,aiog,aueg
1653836700819435721,INSERT,auerk,aiak
1653836701443478260,INSERT,iims,an
1653836701443626870,INSERT,uals,aold
1653836701443682147,INSERT,eif,uontz
1653836701443705215,INSERT,uasts,uorm
1653836701443714775,INSERT,oidy,uils
1653836701443723832,INSERT,aiors,orst
1653836701443851027,INSERT,ourly,iaon
1653836701443859761,INSERT,iuwn,uond
1653836701443867925,INSERT,uncy,oays
1653836701443885418,INSERT,eerry,uably
1653836701443895420,INSERT,uors,uann
1653836701444026296,INSERT,eugs,oorst
1653836701444034898,INSERT,ed,aews
1653836701444042743,INSERT,easts,uery
1653836701444050626,INSERT,uoh,uopt
1653836701444058648,INSERT,eiah,iuck
1653836701444066631,INSERT,iebly,iourn
1653836701444075531,INSERT,auegs,uiefy
1653836701444104957,INSERT,euwn,oods
1653836701444113736,INSERT,oal,aiach
1653836701444121806,INSERT,eeps,oach
1653836701444129903,INSERT,ioll,eurty
1653836701444137890,INSERT,uiept,euy
1653836701444145983,INSERT,iepp,iaf
1653836701444154182,INSERT,eern,acts
1653836701444182538,INSERT,auft,aiocs
1653836701444204062,INSERT,ass,auebly
1653836701444214220,INSERT,ih,uat
1653836701444222458,INSERT,aucks,eirly
1653836701444230807,INSERT,uig,iouth
1653836701444239544,INSERT,aiws,uam
1653836701444271516,INSERT,eiav,aong
1653836701444280084,INSERT,oick,eeff
1653836701444288058,INSERT,eaum,eaum
1653836701444296034,INSERT,ieuss,airty
1653836701444304724,INSERT,ach,ieuv
1653836701444320646,INSERT,eauty,oadly
1653836701444356917,INSERT,iem,outt
1653836701444367095,INSERT,eid,iud
1653836701444375643,INSERT,eausch,oiash
1653836701444384587,INSERT,aany,euntly
1653836701444393694,INSERT,eiang,eec
1653836701444402478,INSERT,eunts,iuct
1653836701444411503,INSERT,eunds,iints
1653836701444441898,INSERT,ath,orm
1653836701444452332,INSERT,aioly,eops
1653836701444460438,INSERT,uiends,eck
1653836701444482383,INSERT,osly,ion
1653836701444491721,INSERT,auy,eisk
1653836701444500103,INSERT,iany,iarly
1653836701770877052,INSERT,ogh,eify
1653836701770997577,INSERT,uib,uibly
1653836701771025808,INSERT,aiats,aiomp
1653836701771036103,INSERT,iiz,oisly
1653836701771045374,INSERT,aoy,ealt
1653836701771054596,INSERT,oengs,iit
1653836701771063489,INSERT,iet,uight
1653836701771073387,INSERT,aiolls,eintz
1653836701771082116,INSERT,eink,aiff
1653836701771102500,INSERT,oords,oiapt
1653836701771113370,INSERT,eauh,eern
1653836701771121756,INSERT,eons,uof
1653836701771131072,INSERT,ecks,aigh
1653836701771139599,INSERT,aest,iapp
1653836701771148739,INSERT,eadly,ouff
1653836701771157724,INSERT,aerry,aick
1653836701771167098,INSERT,uach,uilly
1653836701771176532,INSERT,uost,iurm
1653836701771184506,INSERT,ept,ists
1653836701771192800,INSERT,eetz,eely
1653836701771200991,INSERT,ounk,iudy
1653836701771209655,INSERT,iing,oiads
1653836701771218344,INSERT,uod,auedy
1653836701771226943,INSERT,uorly,uerts
1653836701771235440,INSERT,aiorly,iopp
1653836701771243976,INSERT,iongly,oish
1653836701771263119,INSERT,auen,ilt
1653836701771274804,INSERT,uacy,iaohn
1653836701771283548,INSERT,euls,uobs
1653836701771302572,INSERT,oery,oirg
1653836701771310418,INSERT,oads,iaoct
1653836701771317924,INSERT,auets,oird
1653836701774675774,INSERT,eiafy,aing
1653836701774724356,INSERT,eosts,oald
1653836701774736673,INSERT,eauntz,uep
1653836701774747202,INSERT,iaov,urth
1653836701774767645,INSERT,iibly,oingly
1653836701774779858,INSERT,eobs,eory
1653836701774789211,INSERT,uohl,eirr
1653836701774798999,INSERT,uacks,oarm
1653836701774808152,INSERT,oarf,ieugs
1653836701776692755,INSERT,iontly,ebly
1653836701776715211,INSERT,iars,iudy
1653836701776725267,INSERT,oasts,ouss
1653836701776733607,INSERT,aiocs,oatt
1653836701776742514,INSERT,eup,ords
1653836701776751474,INSERT,oosp,eauss
1653836701776777838,INSERT,ang,oiarts
1653836701776788457,INSERT,oorry,eiams
1653836701776797410,INSERT,iaotts,oays
1653836702185393282,INSERT,eaust,aesp
1653836702185519125,INSERT,iuys,iintz
1653836702185535222,INSERT,iouc,iaobs
1653836702185546064,INSERT,oenk,aast
1653836702185555093,INSERT,aurn,ousm
1653836702185565146,INSERT,urry,ouns
1653836702185574376,INSERT,auck,aasm
1653836702185584027,INSERT,iouly,uct
1653836702185593893,INSERT,iuntz,iaorth
1653836702185614526,INSERT,auesh,uiepp
1653836702185625529,INSERT,iepp,eug
1653836702185655325,INSERT,aioc,aatch
1653836702185665285,INSERT,aialt,oicy
1653836702185674155,INSERT,ieubs,iantz
1653836702185682015,INSERT,aart,ap
1653836702185690001,INSERT,eurk,oungs
1653836702185698792,INSERT,uierf,ieux
1653836702185707760,INSERT,aurts,iuys
1653836702185716079,INSERT,engs,oarts
1653836702185724172,INSERT,irm,easp
1653836702185732692,INSERT,ueb,iasm
1653836702185740553,INSERT,aock,eosch
1653836702185749072,INSERT,eaz,ontly
1653836702185757723,INSERT,eun,aiann
1653836702185765590,INSERT,iift,ards
1653836702185773652,INSERT,eeps,iitts
1653836702185794668,INSERT,oerty,eauys
1653836702185806131,INSERT,eects,euntz
1653836702185813896,INSERT,iourly,ieurly
1653836702185822986,INSERT,aons,iif
1653836702185831560,INSERT,iouls,uiedly
1653836702185840529,INSERT,uv,oeps
1653836702185849347,INSERT,uety,or
1653836702185858097,INSERT,ieurk,ueny
1653836702185867081,INSERT,oirt,oib
1653836702185875085,INSERT,iocts,ais
1653836702185893423,INSERT,oab,aurm
1653836702185903428,INSERT,iask,ooh
1653836702185911385,INSERT,aoss,uats
1653836702185919338,INSERT,oich,iouny
1653836702185927673,INSERT,itch,ib
1653836702185935824,INSERT,ierg,aipt
1653836702185944305,INSERT,ioubs,ietts
1653836702185952113,INSERT,oic,auh
1653836702185959962,INSERT,auesp,iourth
1653836702185967750,INSERT,iucy,aiom
1653836702185975643,INSERT,oght,iery
1653836702185998808,INSERT,uaks,iards
1653836702186009643,INSERT,urm,eiab
1653836702186018052,INSERT,euld,ects
1653836702288758253,INSERT,oesly,ull
1653836702288917791,INSERT,antly,iaongs
1653836702288938286,INSERT,iaoff,oiak
1653836702288948740,INSERT,auem,aontz
1653836702288957656,INSERT,aueh,eefy
1653836702288967354,INSERT,aiasm,eaunts
1653836702288976435,INSERT,ays,aiown
1653836702288984663,INSERT,iurry,antly
1653836702288993278,INSERT,auets,aioch
1653836702289012286,INSERT,iaox,aik
1653836702289023559,INSERT,oaps,aoct
1653836702289032042,INSERT,eiasm,ady
1653836702289040870,INSERT,uc,aiah
1653836702289049612,INSERT,auewn,uieft
1653836702289057974,INSERT,iads,aiary
1653836702289066543,INSERT,ong,uieds
1653836702289074451,INSERT,aefy,iouls
1653836702289082766,INSERT,aink,oars
1653836702289091004,INSERT,oight,aurr
1653836702289099994,INSERT,euwn,eig
1653836702289108799,INSERT,iaong,auently
1653836702289117311,INSERT,aary,iaonk
1653836702289126120,INSERT,av,iuw
1653836702289134191,INSERT,aecs,iouch
1653836702289142212,INSERT,eorts,ir
1653836702289150501,INSERT,iouct,ills
1653836702289169867,INSERT,iaorn,eonk
1653836702289179799,INSERT,oiarty,eost
1653836702289188858,INSERT,airt,aably
1653836702289197900,INSERT,eoncy,uard
1653836702289205715,INSERT,iungly,iourt
1653836702289214021,INSERT,oals,ouwn
1653836702289222681,INSERT,iif,ioct
1653836702289230559,INSERT,iefy,eust
1653836702289238474,INSERT,eably,uopp
1653836702289247009,INSERT,eells,oof
1653836702289263587,INSERT,ight,ooys
1653836702289274265,INSERT,iopt,iaof
1653836702289281881,INSERT,oal,uorm
1653836702289299672,INSERT,ill,ontly
1653836702289320465,INSERT,irs,iad
1653836702289348846,INSERT,oants,eiarst
1653836702289357515,INSERT,oiacs,auests
1653836702289375295,INSERT,iungly,eity
1653836702289385622,INSERT,iuy,uorry
1653836702289394667,INSERT,aems,aiat
1653836702289402535,INSERT,iny,eauft
1653836702289424024,INSERT,ouds,aacy
1653836702289434423,INSERT,eiaf,oed
1653836702289443337,INSERT,eol,auewn
1653836702397327509,INSERT,iuv,uh
1653836702397420154,INSERT,uety,uotch
1653836702397432404,INSERT,eoll,aud
1653836702397442474,INSERT,ancy,eept
1653836702397450740,INSERT,uots,aiacks
1653836702399111211,INSERT,iuch,oank
1653836702399134553,INSERT,ourm,uann
1653836702399144743,INSERT,uorty,els
1653836702399153903,INSERT,oor,eany
1653836702399167355,INSERT,oiars,acy
1653836702399175961,INSERT,oely,oatch
1653836702399184763,INSERT,eiz,oigy
1653836702399193084,INSERT,eiks,eops
1653836702399201759,INSERT,eg,eesly
1653836702399210599,INSERT,uency,aatts
1653836702399223455,INSERT,aist,uent
1653836702399232116,INSERT,oomp,att
1653836702399241483,INSERT,orf,iaols
1653836702399250077,INSERT,uebly,eiawn
1653836702399258123,INSERT,oim,iod
1653836702399266870,INSERT,eehl,eugh
1653836702399276190,INSERT,autch,oedly
1653836702399284487,INSERT,iuntly,uesch
1653836702399293485,INSERT,iaony,eengly
1653836702399305444,INSERT,aah,eirst
1653836702399313555,INSERT,uends,auecy
1653836702399332103,INSERT,aocs,uidly
1653836702399343970,INSERT,oips,uey
1653836702399356266,INSERT,oacts,aueb
1653836702399376412,INSERT,aueft,aiant
1653836702399386153,INSERT,aiofy,eews
1653836702399394895,INSERT,iatz,eg
1653836702399402746,INSERT,eapt,iaoks
1653836702399410954,INSERT,aopt,oarts
1653836702399420337,INSERT,intz,aach
1653836702399429153,INSERT,oocts,euny
1653836702399448124,INSERT,oects,uiks
1653836702399458518,INSERT,awn,end
1653836702399466640,INSERT,ousp,iepp
1653836702399475651,INSERT,auy,eiang
1653836702399483724,INSERT,iaotz,ug
1653836702399491615,INSERT,aars,uarly
1653836702399500354,INSERT,uintly,iaoth
1653836702399508440,INSERT,ubly,uiesp
1653836702399517235,INSERT,aiasts,aelt
1653836702399525538,INSERT,oesp,aly
1653836702399533892,INSERT,elt,auerst
1653836702399548546,INSERT,oisly,iirry
1653836702399557487,INSERT,iec,uash
1653836702399565781,INSERT,ieuny,iadly
1653836702822031421,INSERT,iouz,aias
1653836702822136540,INSERT,uory,ais
1653836702822151346,INSERT,iily,iulls
1653836702822161676,INSERT,aght,eiasp
1653836702822171714,INSERT,ionds,aaw
1653836702822179929,INSERT,ers,iantz
1653836702822188167,INSERT,oipt,iorty
1653836702822196758,INSERT,eiats,oerst
1653836702822206187,INSERT,ieutts,iall
1653836702822225416,INSERT,iaopp,am
1653836702822246430,INSERT,ioncy,ally
1653836702822267619,INSERT,oiadly,ibs
1653836702822276065,INSERT,iend,aiotch
1653836702822284796,INSERT,erry,iuns
1653836702822293518,INSERT,ioucts,auegy
1653836702822301934,INSERT,ang,eird
1653836702822313771,INSERT,iaohn,iink
1653836702822322305,INSERT,eutts,ault
1653836702822339467,INSERT,eiak,oorry
1653836702822359168,INSERT,iirg,aelt
1653836702822367723,INSERT,aists,aufy
1653836702822376690,INSERT,eiays,iurn
1653836702822384799,INSERT,eunk,uaft
1653836702822397155,INSERT,uoll,auld
1653836702822405283,INSERT,ouft,ats
1653836702822413630,INSERT,euns,ahn
1653836702822432270,INSERT,eausp,aueps
1653836702822482067,INSERT,eack,eend
1653836702822495945,INSERT,ohn,iox
1653836702822504488,INSERT,uierg,en
1653836702822541028,INSERT,eauts,uy
1653836702822551486,INSERT,eehl,oiady
1653836702822559364,INSERT,ucy,iety
1653836702822568640,INSERT,ugy,ouys
1653836702822577006,INSERT,oags,aath
1653836702822585867,INSERT,angs,uirk
1653836702822604551,INSERT,ieuntly,ioys
1653836702822616017,INSERT,uily,ioups
1653836702822624330,INSERT,oiagh,airn
1653836702822633044,INSERT,eott,aiasly
1653836702824316330,INSERT,ught,iaks
1653836702824334575,INSERT,oenk,earm
1653836702824343660,INSERT,ointly,iecs
1653836702824351403,INSERT,ooty,iucts
1653836702824359841,INSERT,aung,uot
1653836702824369346,INSERT,iects,eism
1653836702824378839,INSERT,eil,ount
1653836702824402096,INSERT,iaos,iebs
1653836702824423193,INSERT,eiaks,uolly
1653836702824432008,INSERT,oiny,iency
1653836703938029774,INSERT,oohl,euwn
1653836703938125155,INSERT,aiost,iaocks
1653836703938149896,INSERT,aict,uary
1653836703938160090,INSERT,ausch,eiacts
1653836703938169166,INSERT,ogy,eows
1653836703938178211,INSERT,iects,iourly
1653836703938187330,INSERT,oem,oiact
1653836703938196273,INSERT,aids,euck
1653836703938205677,INSERT,eigs,iancy
1653836703938217885,INSERT,iaox,uh
1653836703938226991,INSERT,aisp,eault
1653836703938235979,INSERT,ourm,eaurs
1653836703938244816,INSERT,aigy,aancy
1653836703938253175,INSERT,oawn,eend
1653836703938262105,INSERT,aiosts,oabs
1653836703938270657,INSERT,ieuds,eapt
1653836703938278654,INSERT,eatch,iouv
1653836703938287177,INSERT,iarm,uiegs
1653836703938295582,INSERT,oiach,uind
1653836703938304023,INSERT,oiapp,eory
1653836703938314801,INSERT,auely,iarn
1653836703938324355,INSERT,og,eost
1653836703938332627,INSERT,ieug,aunk
1653836703938340075,INSERT,iacks,eeng
1653836703938347830,INSERT,aoty,ietch
1653836703938355610,INSERT,uield,aiarf
1653836703938371730,INSERT,eaut,oand
1653836703938388377,INSERT,ings,aov
1653836703938396253,INSERT,uew,eosch
1653836703938403976,INSERT,ieurn,aiorm
1653836703938412183,INSERT,uirds,uarf
1653836703938420406,INSERT,auty,eeds
1653836703938428262,INSERT,ock,airy
1653836703938435958,INSERT,aast,ueth
1653836703938443853,INSERT,iucts,aaty
1653836703938451551,INSERT,iiws,iaocs
1653836703938467219,INSERT,ieugh,uief
1653836703938476565,INSERT,ecy,iaoys
1653836703938484563,INSERT,earn,ills
1653836703938492156,INSERT,eaucy,oorn
1653836703938500256,INSERT,adly,oiask
1653836703938507938,INSERT,einds,alt
1653836703938515900,INSERT,aff,uobly
1653836703938523834,INSERT,out,ontly
1653836703938531419,INSERT,iurs,eahn
1653836703938539405,INSERT,aiorm,olly
1653836703938546997,INSERT,uontly,aack
1653836703938557610,INSERT,uiesly,eesch
1653836703938565562,INSERT,oerk,oerg
1653836703938573181,INSERT,eiarr,air
1653836704821355475,INSERT,auncy,iuck
1653836704821482770,INSERT,uers,eedly
1653836704821497545,INSERT,unn,uitt
1653836704821507365,INSERT,oils,iew
1653836704821516609,INSERT,unk,eits
1653836704821526309,INSERT,iegh,en
1653836704821535089,INSERT,eorts,ierds
1653836704821544681,INSERT,isch,alt
1653836704821553766,INSERT,uix,auerry
1653836704821573445,INSERT,oiwn,iills
1653836704821584888,INSERT,iud,eaft
1653836704821593351,INSERT,uiens,iebs
1653836704821602644,INSERT,ieusch,oiaf
1653836704821611261,INSERT,uarr,uews
1653836704821620945,INSERT,oiacy,iib
1653836704821629882,INSERT,auev,aully
1653836704821664381,INSERT,aiond,uiety
1653836704821673565,INSERT,oach,eaurts
1653836704821682541,INSERT,osk,orly
1653836704821690935,INSERT,oack,oost
1653836704821699077,INSERT,aorth,iuth
1653836704821708230,INSERT,aett,auess
1653836704821717377,INSERT,auenk,oiadly
1653836704821726790,INSERT,eaf,ueds
1653836704821734981,INSERT,aiarly,aot
1653836704821742857,INSERT,oitz,oiawn
1653836704821763291,INSERT,uohn,eauns
1653836704821774977,INSERT,um,os
1653836704821784417,INSERT,ieupp,eiad
1653836704821793653,INSERT,iorts,eapt
1653836704821802657,INSERT,oably,oiacks
1653836704821811186,INSERT,ohl,uods
1653836704821819649,INSERT,iaosp,oesp
1653836704821828129,INSERT,aatz,iirk
1653836704821844826,INSERT,oorg,opp
1653836704821853906,INSERT,uify,eens
1653836704821873323,INSERT,oech,aiodly
1653836704821883669,INSERT,ull,eirds
1653836704821891760,INSERT,aiak,oiars
1653836704821900443,INSERT,aomp,aemp
1653836704821908581,INSERT,erd,iaosm
1653836704821916821,INSERT,iust,ionn
1653836704821925103,INSERT,iw,ouny
1653836704821933686,INSERT,eaurd,eect
1653836704821942040,INSERT,aonk,uirt
1653836704821949909,INSERT,usp,earf
1653836704821958325,INSERT,itts,aiark
1653836704821984991,INSERT,uom,ents
1653836704821996249,INSERT,oary,eun
1653836704822004353,INSERT,iinds,aungs
1653836705449370851,INSERT,uigs,ieuy
1653836705449487907,INSERT,ouls,ag
1653836705449503202,INSERT,aull,oix
1653836705449512680,INSERT,iems,ers
1653836705449521597,INSERT,eeng,ietz
1653836705449530743,INSERT,ouys,eab
1653836705449539655,INSERT,irk,oosp
1653836705449548839,INSERT,ousp,oall
1653836705449557146,INSERT,eock,eatts
1653836705449575828,INSERT,aiy,aengly
1653836705449596350,INSERT,iul,ull
1653836705449605870,INSERT,erds,aiox
1653836705449614940,INSERT,eiancy,ieurn
1653836705449624673,INSERT,aohn,aiawn
1653836705449633785,INSERT,uafy,eiagh
1653836705449667645,INSERT,uarm,ial
1653836705449676996,INSERT,auerst,auesm
1653836705449686186,INSERT,eah,uenn
1653836705449694508,INSERT,eongly,eaft
1653836705449702997,INSERT,ouck,erk
1653836705449711307,INSERT,iafy,afy
1653836705449719457,INSERT,oads,eautts
1653836705449727634,INSERT,iouv,eulls
1653836705449735726,INSERT,eants,iecs
1653836705449743824,INSERT,uief,eiands
1653836705449752389,INSERT,iaony,austs
1653836705449771303,INSERT,iegh,eth
1653836705449781876,INSERT,auess,iaorg
1653836705449789836,INSERT,eown,eirty
1653836705449797826,INSERT,aiat,iept
1653836705449806177,INSERT,uips,eirly
1653836705449814408,INSERT,uells,aucts
1653836705449822190,INSERT,aiws,aorts
1653836705449838546,INSERT,eongly,iurry
1653836705449846751,INSERT,ieump,aiov
1653836705449855182,INSERT,auey,oopp
1653836705449876720,INSERT,uoz,iitt
1653836705449897237,INSERT,oett,il
1653836705449906928,INSERT,aiosk,iends
1653836705449915030,INSERT,auently,iints
1653836705449923676,INSERT,iaons,eiax
1653836705449931279,INSERT,eiawn,iaongs
1653836705449946653,INSERT,oeg,eipp
1653836705449959064,INSERT,iaosk,eecks
1653836705449967488,INSERT,iiff,iift
1653836705449976480,INSERT,eirm,ark
1653836705449985580,INSERT,eint,ieuncy
1653836705450010485,INSERT,iiv,uong
1653836705450021145,INSERT,irm,eilt
1653836705450029845,INSERT,eews,iorts
1653836706212131850,INSERT,oiacts,iant
1653836706212266839,INSERT,aays,ients
1653836706212283275,INSERT,uz,ory
1653836706212293040,INSERT,oow,iof
1653836706212303218,INSERT,uomp,ieuth
1653836706212312577,INSERT,oiaw,aapp
1653836706212321512,INSERT,eiarn,airs
1653836706212338965,INSERT,aiort,iably
1653836706212351795,INSERT,aitt,iaond
1653836706212372002,INSERT,oegh,iints
1653836706212392272,INSERT,ieurts,iords
1653836706212401328,INSERT,iolly,aics
1653836706212410480,INSERT,iuy,autch
1653836706212419027,INSERT,oaks,aup
1653836706212427709,INSERT,oists,uow
1653836706212436615,INSERT,iound,uard
1653836706212445231,INSERT,uiet,uonds
1653836706212454867,INSERT,eausch,oiac
1653836706212464175,INSERT,eoncy,aiow
1653836706212472455,INSERT,aeb,ouss
1653836706212480929,INSERT,iys,iought
1653836706212489012,INSERT,ioub,agh
1653836706212497951,INSERT,uish,auenn
1653836706212506403,INSERT,ed,oulls
1653836706212515364,INSERT,uarr,aab
1653836706212524352,INSERT,aueh,iar
1653836706212543097,INSERT,egs,ars
1653836706212553682,INSERT,eupt,iatch
1653836706212562111,INSERT,iew,auet
1653836706212571212,INSERT,uarm,ucy
1653836706212580222,INSERT,iuly,aurs
1653836706212588270,INSERT,aurry,eiann
1653836706212597594,INSERT,oks,uiesp
1653836706212605503,INSERT,oirm,uary
1653836706212614728,INSERT,aibs,oency
1653836706212623858,INSERT,oiast,aet
1653836706212696017,INSERT,auwn,iirr
1653836706212706038,INSERT,aiary,eaps
1653836706212714072,INSERT,ourk,ourty
1653836706212722141,INSERT,uierf,ex
1653836706212729873,INSERT,iahl,iirt
1653836706212738325,INSERT,uatt,euhn
1653836706212757659,INSERT,eiasp,ougy
1653836706212765626,INSERT,orf,uks
1653836706212783462,INSERT,iohn,aall
1653836706212791564,INSERT,int,iib
1653836706212799701,INSERT,uond,aiorf
1653836706212820459,INSERT,aiart,iift
1653836706212839985,INSERT,eid,aotz
1653836706212848969,INSERT,aoct,ain
1653836707857119635,INSERT,oisp,uft
1653836707857237833,INSERT,alt,ieuys
1653836707857253884,INSERT,iaor,iaogy
1653836707857263518,INSERT,aueds,iept
1653836707857272920,INSERT,uiebly,auz
1653836707857281684,INSERT,aenk,eok
1653836707857290073,INSERT,ung,audly
1653836707857311440,INSERT,ests,ieugy
1653836707857326190,INSERT,oaw,aery
1653836707857347282,INSERT,uil,oebs
1653836707857356789,INSERT,ooll,iaos
1653836707857365021,INSERT,eitz,iurry
1653836707857373333,INSERT,ieucts,iiwn
1653836707857382639,INSERT,ioungs,uest
1653836707857391582,INSERT,eauny,ioust
1653836707857399841,INSERT,oir,aobly
1653836707857408414,INSERT,ealy,ems
1653836707857416848,INSERT,aiaw,iaop
1653836707857425394,INSERT,utt,oiagh
1653836707857433036,INSERT,eesly,ousk
1653836707857441441,INSERT,uis,iws
1653836707857463230,INSERT,oads,ir
1653836707857471408,INSERT,oaws,aif
1653836707857480125,INSERT,eosk,eatts
1653836707857488618,INSERT,iouts,eect
1653836707857496518,INSERT,aaws,uers
1653836707857516818,INSERT,eenn,aiorf
1653836707857528487,INSERT,uaty,iouwn
1653836707857537353,INSERT,iurd,iaorts
1653836707857546632,INSERT,uells,uech
1653836707857555328,INSERT,arn,oesk
1653836707857563363,INSERT,airts,eutz
1653836707857571505,INSERT,eall,iith
1653836707857580061,INSERT,ects,een
1653836707857588833,INSERT,aiask,aift
1653836707857597007,INSERT,iaords,uaks
1653836707857616774,INSERT,oern,ieuff
1653836707857628021,INSERT,eord,eaw
1653836707857654185,INSERT,il,uiently
1653836707857662925,INSERT,uects,eesly
1653836707857671393,INSERT,oably,auhl
1653836707857680214,INSERT,eught,iouy
1653836707857689067,INSERT,ous,iatz
1653836707857697314,INSERT,eiass,iuns
1653836707857705233,INSERT,uiesp,aink
1653836707857713501,INSERT,ies,uens
1653836707857721993,INSERT,aiocs,aiohl
1653836707857741622,INSERT,oitts,auebly
1653836707857751836,INSERT,iedy,eews
1653836707857760956,INSERT,ags,iorn
1653836708128457452,INSERT,als,eaps
1653836708128573639,INSERT,aatch,uielly
1653836708128593069,INSERT,uols,aunn
1653836708128602536,INSERT,oarly,aiatt
1653836708128611830,INSERT,uart,iuld
1653836708128621425,INSERT,eev,outy
1653836708128630736,INSERT,aorg,eaung
1653836708128672607,INSERT,uery,auep
1653836708128682594,INSERT,oods,oogy
1653836708128700341,INSERT,uier,oiay
1653836708128710473,INSERT,iish,auts
1653836708128718581,INSERT,eung,eiaft
1653836708128727405,INSERT,oiast,itch
1653836708128735630,INSERT,eorf,ourth
1653836708128744301,INSERT,ost,ieuty
1653836708128753539,INSERT,oecks,uols
1653836708128761689,INSERT,uierg,oengly
1653836708128770654,INSERT,uz,oudly
1653836708128779654,INSERT,adly,uhn
1653836708128787899,INSERT,aiocs,iouf
1653836708128796553,INSERT,iaoc,iir
1653836708128804147,INSERT,uafy,iaosk
1653836708128812018,INSERT,audly,iaoth
1653836708128820970,INSERT,aingly,uoc
1653836708128829446,INSERT,orts,iaty
1653836708128837681,INSERT,oiach,uierts
1653836708128857466,INSERT,uotch,eiks
1653836708128868295,INSERT,iefy,uahl
1653836708128876374,INSERT,aiangs,ieys
1653836708128884534,INSERT,ip,aiontz
1653836708128893137,INSERT,outy,ooft
1653836708128915029,INSERT,oul,aarg
1653836708128923494,INSERT,iihn,eums
1653836708128931333,INSERT,ently,ams
1653836708128939357,INSERT,iacks,iim
1653836708128947339,INSERT,eerd,uef
1653836708128966925,INSERT,ieurd,aatz
1653836708128976656,INSERT,eisp,aefy
1653836708128984979,INSERT,aionk,oiath
1653836708128993196,INSERT,aiown,eiarr
1653836708129000941,INSERT,eody,ety
1653836708129008626,INSERT,uirf,euz
1653836708129017522,INSERT,ers,uest
1653836708129025937,INSERT,iocs,uec
1653836708129033873,INSERT,euks,ouff
1653836708129041520,INSERT,iuhn,irm
1653836708129049176,INSERT,aiacts,iaomp
1653836708129069303,INSERT,eux,aiats
1653836708129080445,INSERT,ooff,iarts
1653836708129088157,INSERT,ecy,iany
1653836708680208061,INSERT,iongly,oirf
1653836708680360724,INSERT,aiopt,iounds
1653836708680375627,INSERT,oex,uieh
1653836708680385773,INSERT,aiang,euz
1653836708680394328,INSERT,uls,euks
1653836708680403666,INSERT,ears,eaubs
1653836708680412132,INSERT,uibs,eings
1653836708680421523,INSERT,aoll,oands
1653836708680430204,INSERT,aueks,iasp
1653836708680448004,INSERT,eev,eews
1653836708680466457,INSERT,ieury,aun
1653836708680489052,INSERT,eirty,uangly
1653836708680497985,INSERT,aemp,aians
1653836708680507157,INSERT,auests,eold
1653836708680515883,INSERT,eory,oiak
1653836708680524938,INSERT,uosly,uantz
1653836708680532941,INSERT,ueth,iets
1653836708680542453,INSERT,eids,aass
1653836708680550922,INSERT,iunt,ieuft
1653836708680559589,INSERT,iolt,eegy
1653836708680568264,INSERT,ouys,uebs
1653836708680576946,INSERT,oopp,erly
1653836708680585300,INSERT,aords,arn
1653836708680594162,INSERT,iunds,orn
1653836708680602440,INSERT,ioms,iaof
1653836708680610784,INSERT,uff,aiangly
1653836708680632330,INSERT,iouwn,un
1653836708680669369,INSERT,ionts,if
1653836708680678260,INSERT,uohn,eol
1653836708680686803,INSERT,ieuck,eauly
1653836708680695596,INSERT,uars,iincy
1653836708680704300,INSERT,aacs,uims
1653836708680713044,INSERT,aocts,eoft
1653836708680722310,INSERT,oely,eiabs
1653836708680731374,INSERT,eors,osch
1653836708680739956,INSERT,iatz,iemp
1653836708680758774,INSERT,oerds,air
1653836708680770277,INSERT,euly,eincy
1653836708680778894,INSERT,outch,aonk
1653836708680787207,INSERT,oarth,aesp
1653836708680795557,INSERT,oett,iaorr
1653836708680803906,INSERT,uiech,oy
1653836708680812489,INSERT,aiords,aams
1653836708680820903,INSERT,ooc,aiasts
1653836708680830068,INSERT,untly,iorly
1653836708680839637,INSERT,iod,irs
1653836708680848555,INSERT,ounk,eosh
1653836708680867996,INSERT,udly,auth
1653836708680880313,INSERT,uiem,uoks
1653836708680888868,INSERT,iihn,eauny
1653836708909137641,INSERT,uict,uarr
1653836708909263612,INSERT,eurk,aios
1653836708909277823,INSERT,iik,iarf
1653836708909287373,INSERT,arm,eamp
1653836708909296457,INSERT,ady,oency
1653836708909306192,INSERT,ar,aiarty
1653836708909314914,INSERT,aehl,aucy
1653836708909323877,INSERT,iaogh,uort
1653836708909340686,INSERT,ailt,untly
1653836708909361149,INSERT,eoth,iac
1653836708909373282,INSERT,ieust,aintly
1653836708909382453,INSERT,ery,aiops
1653836708909403051,INSERT,auesly,eently
1653836708909412265,INSERT,eosm,erd
1653836708909420693,INSERT,oish,aarst
1653836708909429411,INSERT,eants,ads
1653836708909437917,INSERT,eiws,uks
1653836708909447361,INSERT,uangly,aiongly
1653836708909456606,INSERT,oally,uocks
1653836708909478575,INSERT,oid,ol
1653836708909488421,INSERT,aiantly,eonds
1653836708909497093,INSERT,uepp,ound
1653836708909505860,INSERT,uehl,ieutt
1653836708909514063,INSERT,is,uatch
1653836708909523196,INSERT,aetts,eaucy
1653836708909531655,INSERT,ely,uaws
1653836708909550608,INSERT,aueth,an
1653836708909561061,INSERT,uens,uasts
1653836708909570317,INSERT,oobs,iouds
1653836708909579345,INSERT,atts,oarm
1653836708909588370,INSERT,iilt,uieh
1653836708909597169,INSERT,aity,eufy
1653836708909605939,INSERT,eects,oisk
1653836708909614265,INSERT,uierly,eehn
1653836708909623375,INSERT,ooty,etz
1653836708909631243,INSERT,eapt,aests
1653836708929737972,INSERT,aibly,uemp
1653836708929763788,INSERT,eubly,auhn
1653836708929774302,INSERT,iotz,atch
1653836708929783565,INSERT,oiard,orly
1653836708929792109,INSERT,eoch,uans
1653836708929800563,INSERT,uahn,aiall
1653836708929809149,INSERT,aegh,aism
1653836708929818259,INSERT,eirn,aiond
1653836708929827134,INSERT,arg,aks
1653836708929835991,INSERT,oelt,eost
1653836708929844649,INSERT,iuhl,oials
1653836708929863989,INSERT,ait,eosch
1653836708929874131,INSERT,uarn,orly
1653836708929882322,INSERT,eiarm,iinn
1653836709260123729,INSERT,uads,aohn
1653836709260237366,INSERT,eontly,eetz
1653836709260253541,INSERT,aurf,iunn
1653836709260263839,INSERT,uisp,oogy
1653836709260272826,INSERT,atts,erg
1653836709260281954,INSERT,iacts,aiac
1653836709260290726,INSERT,eaunn,ost
1653836709260300273,INSERT,irty,iild
1653836709260308590,INSERT,eack,iuny
1653836709260339453,INSERT,iaf,eirk
1653836709260351594,INSERT,aioct,aiagy
1653836709260373697,INSERT,uahl,eat
1653836709260383011,INSERT,uieks,aiatch
1653836709260392489,INSERT,uacy,aahn
1653836709260401350,INSERT,auek,eirts
1653836709260409516,INSERT,iex,oancy
1653836709260418821,INSERT,aands,earf
1653836709260428663,INSERT,oach,eesp
1653836709260438258,INSERT,eny,eotch
1653836709260446901,INSERT,aiotz,iebs
1653836709260455277,INSERT,uas,iords
1653836709260464173,INSERT,aiows,ier
1653836709260472154,INSERT,iouck,oodly
1653836709260481104,INSERT,eiands,ieugh
1653836709260489705,INSERT,eantly,uify
1653836709260498778,INSERT,aiff,eeth
1653836709260518194,INSERT,iasp,aacs
1653836709260530325,INSERT,uac,uects
1653836709260538577,INSERT,oorly,ueny
1653836709260546406,INSERT,ing,uk
1653836709260554513,INSERT,oontly,ioufy
1653836709260562987,INSERT,aiarn,oiaws
1653836709260572023,INSERT,oiacts,az
1653836709260580021,INSERT,iorth,aalls
1653836709260588605,INSERT,auv,eosch
1653836709260597398,INSERT,iouy,uiehl
1653836709260616575,INSERT,eids,iuck
1653836709260627563,INSERT,auetch,iil
1653836709260652989,INSERT,oemp,iapt
1653836709260662749,INSERT,euv,ein
1653836709260670854,INSERT,oors,uieft
1653836709260679545,INSERT,oists,outt
1653836709260688683,INSERT,oon,ak
1653836709260697250,INSERT,eiys,uoll
1653836709260705295,INSERT,euts,oll
1653836709260714669,INSERT,aox,uoys
1653836709260723518,INSERT,aosly,iosk
1653836709260744082,INSERT,uek,uonn
1653836709260755328,INSERT,aown,iicts
1653836709260763429,INSERT,aof,eetch
1653836709962090416,INSERT,aab,uks
1653836709962548962,INSERT,aiock,eauh
1653836709962569233,INSERT,aiarts,aioc
1653836709962580386,INSERT,aern,iock
1653836709962588998,INSERT,auert,uett
1653836709962598031,INSERT,aiols,oux
1653836709962606840,INSERT,uongs,oialt
1653836709962616033,INSERT,eit,aiarts
1653836709962625329,INSERT,iouck,aek
1653836709962666013,INSERT,uiends,ioutt
1653836709962678453,INSERT,ends,iark
1653836709962686629,INSERT,iug,aueng
1653836709962695340,INSERT,iih,iaong
1653836709962703430,INSERT,ully,eauws
1653836709962712511,INSERT,oocks,iouty
1653836709962721222,INSERT,eogy,osm
1653836709962730670,INSERT,orr,eautts
1653836709962740958,INSERT,aorry,uierr
1653836709962750229,INSERT,etts,eety
1653836709962758027,INSERT,aubs,ieb
1653836709962766297,INSERT,ers,iocy
1653836709962775050,INSERT,oally,easm
1653836709962784728,INSERT,auny,oidy
1653836709962794100,INSERT,ills,ing
1653836709962803199,INSERT,iousm,oiangs
1653836709962813432,INSERT,eusk,aaty
1653836709962827057,INSERT,ioulls,iott
1653836709962845328,INSERT,iicks,uow
1653836709962854230,INSERT,aiat,oiw
1653836709962863019,INSERT,iingly,auengs
1653836709962872169,INSERT,uings,uonts
1653836709962882317,INSERT,aoms,ead
1653836709962891722,INSERT,iemp,ict
1653836709962900820,INSERT,uorth,oics
1653836709962909681,INSERT,aep,oetch
1653836709962918035,INSERT,al,iep
1653836709962936004,INSERT,eoct,unn
1653836709962947036,INSERT,uiely,aurty
1653836709962956946,INSERT,auys,oaly
1653836709962966133,INSERT,eocs,aov
1653836709962975766,INSERT,iourds,aioth
1653836709962985670,INSERT,eond,aiav
1653836709962995519,INSERT,auntz,iaosly
1653836709963005462,INSERT,eincy,iaps
1653836709963014299,INSERT,aeps,oirty
1653836709963023220,INSERT,ell,iun
1653836709963035576,INSERT,eark,ihn
1653836709963047811,INSERT,easp,uck
1653836709963060412,INSERT,ioul,ous
1653836709963069746,INSERT,iouch,oss
1653836710210114192,INSERT,eautts,auz
1653836710210224792,INSERT,auefy,eonn
1653836710210239223,INSERT,aagh,aueck
1653836710210248642,INSERT,ax,iaohl
1653836710210258266,INSERT,aigs,aiocs
1653836710210266988,INSERT,oiary,aiarf
1653836710210275185,INSERT,aept,uam
1653836710210283741,INSERT,iac,iends
1653836710210292012,INSERT,us,oup
1653836710210308582,INSERT,uaz,ees
1653836710210318522,INSERT,iury,eess
1653836710210327390,INSERT,aiosm,oiart
1653836710210335628,INSERT,iorm,ieng
1653836710210344375,INSERT,ank,uor
1653836710210352127,INSERT,oacy,ups
1653836710210360530,INSERT,oiarf,eally
1653836710210368851,INSERT,oiasts,iacts
1653836710210376342,INSERT,eaght,oiap
1653836710210384035,INSERT,aiobly,ointly
1653836710210392381,INSERT,ierr,aas
1653836710210401671,INSERT,oit,eians
1653836710210410162,INSERT,aiorg,uald
1653836710210418727,INSERT,oild,uoth
1653836710210426892,INSERT,eiahl,ieuly
1653836710210434299,INSERT,iught,iib
1653836710210441640,INSERT,aonds,oank
1653836710210457921,INSERT,eitts,iult
1653836710210467400,INSERT,auecs,adly
1653836710210475896,INSERT,eoft,iuhn
1653836710210484725,INSERT,uist,eagh
1653836710210492420,INSERT,iaogh,eaff
1653836710210501814,INSERT,eeng,iency
1653836710210510320,INSERT,oudly,iaty
1653836710210517589,INSERT,iaodly,oed
1653836710210524790,INSERT,oorg,ouhl
1653836710210531999,INSERT,eaurth,iaort
1653836710210547636,INSERT,eens,eicy
1653836710210557513,INSERT,eauty,oiarn
1653836710210564967,INSERT,eaucy,uon
1653836710210573197,INSERT,ough,oiath
1653836710210581440,INSERT,urt,orly
1653836710210589387,INSERT,osk,eudly
1653836710210598485,INSERT,euntly,uiecy
1653836710210606785,INSERT,iady,eod
1653836710210614786,INSERT,auegy,eag
1653836710210623551,INSERT,eauh,auett
1653836710210631151,INSERT,iosp,oely
1653836710210685568,INSERT,uietz,iirth
1653836710210696169,INSERT,augh,eiags
1653836710210706034,INSERT,auerry,oiably
1653836711232123675,INSERT,apt,oog
1653836711233854244,INSERT,igy,aed
1653836711233872167,INSERT,aubs,aiontz
1653836711233883910,INSERT,oiny,aw
1653836711233894907,INSERT,eaurst,eaws
1653836711233906124,INSERT,oiab,aury
1653836711233916582,INSERT,oll,aots
1653836711233927076,INSERT,iart,eerst
1653836711233937740,INSERT,uiv,auegy
1653836711233956381,INSERT,aicts,aup
1653836711233968324,INSERT,ioubly,ueght
1653836711233979602,INSERT,aapp,up
1653836711233990377,INSERT,oungs,auect
1653836711234011415,INSERT,air,ueps
1653836711234021939,INSERT,antly,oek
1653836711234032539,INSERT,aerd,eoll
1653836711234043070,INSERT,aiarf,iint
1653836711234053973,INSERT,aurds,oitz
1653836711234064511,INSERT,aiort,aly
1653836711234074590,INSERT,aes,uierts
1653836711234085535,INSERT,eaush,oog
1653836711234095771,INSERT,eurg,uibs
1653836711234106523,INSERT,eiatt,auetts
1653836711234117285,INSERT,auell,auct
1653836711234127579,INSERT,oonts,aontz
1653836711234138940,INSERT,oills,eosly
1653836711234158443,INSERT,oupp,irs
1653836711234169693,INSERT,oent,iar
1653836711234180631,INSERT,ieucy,aioch
1653836711234191017,INSERT,ies,aank
1653836711234201257,INSERT,ail,uany
1653836711234212418,INSERT,uiys,ieuhn
1653836711234223364,INSERT,airds,uacs
1653836711234233471,INSERT,iouks,ish
1653836711234243885,INSERT,iouf,oor
1653836711234254092,INSERT,eunds,aueght
1653836711234273387,INSERT,oad,aiotch
1653836711234285223,INSERT,ioh,aur
1653836711234295086,INSERT,uiry,eaump
1653836711234305932,INSERT,oew,ay
1653836711234316354,INSERT,oihl,auy
1653836711234327485,INSERT,uty,iich
1653836711234346149,INSERT,eaull,oiask
1653836711234356282,INSERT,aurk,eauntly
1653836711234366770,INSERT,airf,eecy
1653836711234377115,INSERT,uisch,aosk
1653836711234387506,INSERT,ouhn,eics
1653836711234398228,INSERT,iaohn,euls
1653836711234408437,INSERT,iosh,oans
1653836711234418469,INSERT,iett,eub
1653836711597103913,INSERT,aiws,auents
1653836711597219622,INSERT,oebly,eys
1653836711597235566,INSERT,aech,ieutts
1653836711597246477,INSERT,eals,urs
1653836711597255288,INSERT,ek,uists
1653836711597264456,INSERT,ian,iaok
1653836711597272875,INSERT,oiy,oecy
1653836711597281936,INSERT,uay,oiass
1653836711597291197,INSERT,urt,aurg
1653836711597311051,INSERT,uency,ouv
1653836711597322686,INSERT,ohn,auett
1653836711597340293,INSERT,aews,ags
1653836711597349030,INSERT,iaorry,uild
1653836711597357835,INSERT,eial,ieud
1653836711597366602,INSERT,iouh,eugh
1653836711597375389,INSERT,oiks,iirt
1653836711597383358,INSERT,eorth,euy
1653836711597404418,INSERT,iancy,aiab
1653836711597413956,INSERT,eimp,iout
1653836711597421923,INSERT,ouss,aify
1653836711597431062,INSERT,uacs,aiand
1653836711597439738,INSERT,ong,eully
1653836711597448804,INSERT,aagy,aesm
1653836711597457204,INSERT,angs,eeght
1653836711597465433,INSERT,eengs,uontz
1653836711597474035,INSERT,eaurf,ay
1653836711597500553,INSERT,ox,uash
1653836711597511552,INSERT,uig,oix
1653836711597520071,INSERT,iasm,aiads
1653836711597529311,INSERT,eutz,eoth
1653836711597538419,INSERT,ault,ieum
1653836711597546706,INSERT,aafy,iir
1653836711597555842,INSERT,uely,eody
1653836711597565184,INSERT,aibly,aiald
1653836711597574144,INSERT,aez,irk
1653836711597582617,INSERT,ueld,eian
1653836711597601975,INSERT,igh,eiarf
1653836711597613088,INSERT,uiels,iaont
1653836711597621807,INSERT,oians,aag
1653836711597630173,INSERT,intz,aut
1653836711597658872,INSERT,aiong,ieusly
1653836711597680014,INSERT,oiacy,ills
1653836711597689058,INSERT,eend,iogs
1653836711597697971,INSERT,uity,uip
1653836711597706254,INSERT,iaorf,iiws
1653836711597714257,INSERT,eird,uonts
1653836711597722461,INSERT,aiamp,ioft
1653836711597744524,INSERT,iouhn,aerf
1653836711597756257,INSERT,uends,aily
1653836711597764844,INSERT,uirr,auerm
1653836714077069268,INSERT,eends,inds
1653836714077183059,INSERT,eec,ourr
1653836714077199128,INSERT,aory,aued
1653836714077210044,INSERT,oann,eys
1653836714077228599,INSERT,iunt,unts
1653836714077237783,INSERT,ecy,aiarr
1653836714077247199,INSERT,aiany,iurk
1653836714077268795,INSERT,uays,eorr
1653836714077277955,INSERT,ially,eity
1653836714077296996,INSERT,iack,oingly
1653836714077308155,INSERT,aiarf,ash
1653836714077317039,INSERT,ouch,usts
1653836714077326010,INSERT,uark,aiar
1653836714077336366,INSERT,eirts,ieuly
1653836714077345375,INSERT,auntz,it
1653836714077354134,INSERT,iolt,incy
1653836714077363584,INSERT,aiarst,een
1653836714077372502,INSERT,augy,eald
1653836714077381239,INSERT,ougy,uiells
1653836714077389972,INSERT,outy,ung
1653836714077398945,INSERT,uert,aufy
1653836714077407732,INSERT,eucts,orth
1653836714077417155,INSERT,ords,eur
1653836714077426154,INSERT,aaft,auns
1653836714077435793,INSERT,omp,iaosly
1653836714077444028,INSERT,iung,eoly
1653836714077462062,INSERT,iy,aiomp
1653836714077473567,INSERT,auecks,aiorm
1653836714077482507,INSERT,ouct,uesm
1653836714077491068,INSERT,eify,iouds
1653836714077500064,INSERT,eogy,uick
1653836714077508332,INSERT,uers,ism
1653836714077517442,INSERT,eaush,uarry
1653836714077526778,INSERT,auegy,agh
1653836714077535675,INSERT,aech,iud
1653836714077544771,INSERT,iipp,iush
1653836714077563750,INSERT,eiry,olly
1653836714077574942,INSERT,urth,ieurn
1653836714077583614,INSERT,itch,aiagh
1653836714077593064,INSERT,iugh,oolt
1653836714077601624,INSERT,aell,oelt
1653836714077610309,INSERT,iaob,elt
1653836714077618801,INSERT,iougs,oell
1653836714077627100,INSERT,iurf,eiasm
1653836714081709402,INSERT,ow,ieuls
1653836714081735370,INSERT,eicts,uiel
1653836714081746411,INSERT,uify,uety
1653836714081773004,INSERT,ious,uat
1653836714081784571,INSERT,ieungly,ueft
1653836714081793511,INSERT,iab,eep
1653836716530569554,INSERT,uiew,arly
1653836716530717474,INSERT,iact,uists
1653836716530735946,INSERT,aunt,iurd
1653836716530748170,INSERT,aungs,aiact
1653836716530758466,INSERT,iaong,iaogs
1653836716530770634,INSERT,eant,aiotz
1653836716530779936,INSERT,aafy,ass
1653836716530787731,INSERT,eautz,aank
1653836716530798575,INSERT,eas,oosk
1653836716530817274,INSERT,uap,aiagy
1653836716530828191,INSERT,ius,uerr
1653836716530836773,INSERT,iss,iirm
1653836716530845472,INSERT,euhn,ills
1653836716530854256,INSERT,uams,iourn
1653836716530862819,INSERT,eiav,eoch
1653836716530870708,INSERT,att,od
1653836716530879422,INSERT,aupt,aiard
1653836716530890446,INSERT,aiax,aift
1653836716530898771,INSERT,ual,eups
1653836716530906770,INSERT,aues,aecks
1653836716530915368,INSERT,if,eer
1653836716530923368,INSERT,aury,oord
1653836716530930692,INSERT,ooms,oirs
1653836716530939462,INSERT,ang,uem
1653836716530947000,INSERT,iamp,auer
1653836716530954623,INSERT,eenn,eacts
1653836716530971832,INSERT,iony,aueys
1653836716530983005,INSERT,uiebs,ontz
1653836716530992443,INSERT,uet,oorr
1653836716531000689,INSERT,aurs,eiath
1653836716531009166,INSERT,iild,oengs
1653836716531017183,INSERT,eib,aueld
1653836716531025055,INSERT,ully,ountly
1653836716531033202,INSERT,aurst,oegh
1653836716531041214,INSERT,iff,auends
1653836716531049521,INSERT,eauth,iott
1653836716531070790,INSERT,eiad,uengly
1653836716531081718,INSERT,eolls,eih
1653836716531090062,INSERT,aung,ands
1653836716531097820,INSERT,eeff,ecs
1653836716531106098,INSERT,eiap,euws
1653836716531114103,INSERT,eiabs,oets
1653836716531121922,INSERT,iells,eiask
1653836716531130158,INSERT,iun,ity
1653836716531138520,INSERT,oush,aially
1653836716531146654,INSERT,iock,uiel
1653836716531155240,INSERT,eoll,ooz
1653836716531174202,INSERT,uar,iaohl
1653836716531185315,INSERT,eiaty,eaurst
1653836716531193483,INSERT,uerm,at
1653836718805067951,INSERT,iaorr,ards
1653836718805192875,INSERT,iist,uonk
1653836718805206985,INSERT,oiagy,uib
1653836718805225898,INSERT,eirst,augs
1653836718805235597,INSERT,iourd,ir
1653836718805253903,INSERT,uirk,ouns
1653836718805262629,INSERT,aoty,eingly
1653836718805272092,INSERT,oiahn,aey
1653836718805280481,INSERT,uiety,orf
1653836718805291362,INSERT,iasts,ech
1653836718805299363,INSERT,uams,uach
1653836718805307821,INSERT,oems,aeb
1653836718805316194,INSERT,aintz,iihn
1653836718805324661,INSERT,eurk,eauys
1653836718805333201,INSERT,oiadly,eeny
1653836718805341873,INSERT,uhn,aiatt
1653836718805350385,INSERT,iught,egs
1653836718805359614,INSERT,iaof,eihn
1653836718805367899,INSERT,ontz,euncy
1653836718805376173,INSERT,uamp,eontz
1653836718805384614,INSERT,autt,aady
1653836718805392761,INSERT,oodly,eihl
1653836718805400790,INSERT,aiords,iungly
1653836718805411569,INSERT,als,ieurt
1653836718805419620,INSERT,erly,oows
1653836718805427739,INSERT,iuc,ois
1653836718805444351,INSERT,eys,eegy
1653836718805454254,INSERT,ew,eg
1653836718805462931,INSERT,uiers,oez
1653836718805471461,INSERT,oests,eigh
1653836718805479591,INSERT,ieuk,aiork
1653836718805490875,INSERT,oupt,uoss
1653836718805499333,INSERT,iohn,iocy
1653836718805508071,INSERT,iaoct,uiens
1653836718805516338,INSERT,eungly,iirt
1653836718805524607,INSERT,iom,aiast
1653836718805540250,INSERT,ick,aory
1653836718805549714,INSERT,eatts,eauss
1653836718805558443,INSERT,auect,aew
1653836718805566445,INSERT,iaog,euz
1653836718805574398,INSERT,ips,aik
1653836718805582429,INSERT,iacy,uiert
1653836718805590908,INSERT,aw,eongly
1653836718805599082,INSERT,eiat,ioulls
1653836718805607816,INSERT,ieck,iicy
1653836718805615954,INSERT,iedly,audy
1653836718805624933,INSERT,auesh,aism
1653836718805660410,INSERT,ientz,eet
1653836718805668986,INSERT,aiws,airds
1653836718805678370,INSERT,uiecs,oeld
1653836723509212862,INSERT,aiosk,ieth
1653836723509347909,INSERT,oely,eax
1653836723509362345,INSERT,eatch,eaudly
1653836723509372546,INSERT,aent,oiass
1653836723509391704,INSERT,iish,iiny
1653836723509402442,INSERT,ainds,uiety
1653836723509428644,INSERT,oums,uagy
1653836723509436957,INSERT,oiads,oiy
1653836723509444924,INSERT,iims,eiaps
1653836723509462100,INSERT,eiantz,aiatt
1653836723509472394,INSERT,eiarth,iopp
1653836723509490673,INSERT,iaoft,uez
1653836723509499942,INSERT,eac,iuks
1653836723509508835,INSERT,ieunts,oth
1653836723509517831,INSERT,eiags,iurk
1653836723509526793,INSERT,aiorn,ands
1653836723509535590,INSERT,ienk,aihn
1653836723509544688,INSERT,aiah,oam
1653836723509553659,INSERT,iocs,iaown
1653836723509562669,INSERT,aufy,uon
1653836723509571470,INSERT,ally,atch
1653836723509580488,INSERT,oiacks,eor
1653836723509588647,INSERT,iour,uack
1653836723509598694,INSERT,aial,aisk
1653836723509607602,INSERT,iaks,uiency
1653836723509616790,INSERT,aiorth,oosch
1653836723509653876,INSERT,eiasly,aiong
1653836723509665367,INSERT,uiv,auws
1653836723509673129,INSERT,oc,un
1653836723509680619,INSERT,uy,obly
1653836723509688098,INSERT,auegs,iaoff
1653836723509696343,INSERT,aialt,all
1653836723509703953,INSERT,eass,aelt
1653836723509712678,INSERT,iaods,eay
1653836723509721469,INSERT,osly,iirth
1653836723509729569,INSERT,uieds,ioutts
1653836723509755463,INSERT,iinds,uct
1653836723509766234,INSERT,aeh,eauy
1653836723509774465,INSERT,aurly,uierf
1653836723509783034,INSERT,auerts,eauld
1653836723509791993,INSERT,earty,iills
1653836723509800908,INSERT,aioly,oialt
1653836723509809533,INSERT,aupt,auech
1653836723509818646,INSERT,awn,uiep
1653836723509827058,INSERT,aeft,aests
1653836723509835383,INSERT,oerm,eorf
1653836723509844087,INSERT,aull,eod
1653836723509860638,INSERT,onds,ull
1653836723509871177,INSERT,oitts,uert
1653836723509892541,INSERT,eiach,iaorly
1653836723928243969,INSERT,aerry,uem
1653836723928340443,INSERT,eams,eeh
1653836723928353896,INSERT,uohl,eek
1653836723928363554,INSERT,iuh,uasly
1653836723928373354,INSERT,iousp,each
1653836723928382561,INSERT,oebs,aands
1653836723928394077,INSERT,uabs,aialt
1653836723928403008,INSERT,oiah,ieucy
1653836723928420913,INSERT,aiamp,icy
1653836723928439446,INSERT,ith,oalt
1653836723928449842,INSERT,eaungly,ieg
1653836723928459565,INSERT,eosh,auecy
1653836723928468879,INSERT,iop,oatts
1653836723928477996,INSERT,ihl,aangly
1653836723928486697,INSERT,igh,ingly
1653836723928504548,INSERT,iounds,oapp
1653836723928522361,INSERT,ountz,oingly
1653836723928531933,INSERT,oirm,iantz
1653836723928540462,INSERT,aiosp,ies
1653836723928564238,INSERT,onk,oopt
1653836723928573460,INSERT,iaod,eob
1653836723928582829,INSERT,earry,ib
1653836723928591639,INSERT,oics,eaucs
1653836723928600849,INSERT,ap,oocy
1653836723928609393,INSERT,oonn,aells
1653836723928618449,INSERT,uty,ouf
1653836723930510448,INSERT,oirts,earts
1653836723930560508,INSERT,iept,oid
1653836723930572843,INSERT,oacy,iesly
1653836723930583520,INSERT,ieurds,ioupt
1653836723930593529,INSERT,aiocts,oift
1653836723930603188,INSERT,aih,err
1653836723930612817,INSERT,iert,iops
1653836723930622701,INSERT,ioungs,ioupt
1653836723930632773,INSERT,oih,eiss
1653836723930668945,INSERT,auers,eurty
1653836723930693317,INSERT,iff,oesp
1653836723930704517,INSERT,iough,uiw
1653836723930713695,INSERT,orry,ourn
1653836723930723493,INSERT,eart,aels
1653836723930731988,INSERT,ieurts,osk
1653836723930740393,INSERT,aart,icy
1653836723930748196,INSERT,aurf,iently
1653836723930756789,INSERT,eerf,ougs
1653836723930765491,INSERT,aioss,oost
1653836723930773790,INSERT,any,iec
1653836723930782038,INSERT,ieusts,aorf
1653836723930800172,INSERT,uck,urty
1653836723930810421,INSERT,ant,auenk
1653836723930819126,INSERT,arg,aitt
1653836725091001439,INSERT,oerly,uieck
1653836725091113226,INSERT,aiog,eusch
1653836725091128910,INSERT,eums,iurt
1653836725091139151,INSERT,eurk,oings
1653836725091149668,INSERT,eiards,ask
1653836725091159230,INSERT,etch,uird
1653836725091167714,INSERT,uod,eult
1653836725091176758,INSERT,uews,iirry
1653836725091186740,INSERT,eoh,euncy
1653836725091221751,INSERT,ieuntz,iift
1653836725091232322,INSERT,eiry,iess
1653836725091241200,INSERT,eengly,iougs
1653836725091253424,INSERT,uin,eurd
1653836725091274934,INSERT,oiag,uing
1653836725091284033,INSERT,uipt,uems
1653836725091293332,INSERT,oarty,iirf
1653836725091303293,INSERT,earth,iuch
1653836725091312062,INSERT,ieucks,uirk
1653836725091321013,INSERT,ieurst,eiahl
1653836725091330622,INSERT,eorf,oed
1653836725091339402,INSERT,iacts,auhn
1653836725091348281,INSERT,eech,ipt
1653836725091357012,INSERT,eeps,ents
1653836725091366142,INSERT,unt,ioff
1653836725091374592,INSERT,iely,aith
1653836725091382630,INSERT,eally,aiohl
1653836725091401099,INSERT,uoch,eiask
1653836725091411870,INSERT,aeck,ioh
1653836725091421081,INSERT,oers,aacts
1653836725091429164,INSERT,uorly,uirds
1653836725091438068,INSERT,eux,ohl
1653836725091447008,INSERT,eotz,iills
1653836725091455915,INSERT,ieurts,aull
1653836725091464502,INSERT,iaord,iay
1653836725091472645,INSERT,auegs,uesly
1653836725091481140,INSERT,uintz,ears
1653836725091510215,INSERT,eiantz,aeth
1653836725091521513,INSERT,oasm,aiown
1653836725091529868,INSERT,ip,oock
1653836725091538813,INSERT,eontly,ieth
1653836725091548300,INSERT,ioux,uop
1653836725091559978,INSERT,iesp,uoll
1653836725091568990,INSERT,att,iaopt
1653836725091578417,INSERT,iury,each
1653836725091587476,INSERT,eurd,iapp
1653836725091596087,INSERT,aiorr,aotch
1653836725091604662,INSERT,ink,iug
1653836725091614639,INSERT,osk,eaungs
1653836725091623524,INSERT,ieush,uebly
1653836725091632825,INSERT,ems,eb
