1655518263066888762 269563704
1655518263272870424 5603910
1655518263478365683 5173260
1655518263684417389 5728807
1655518263889806075 5063944
1655518264095060053 4929555
1655518264300359527 4974791
1655518264505664353 4979026
1655518264710976890 4991236
1655518264916455544 5154625
1655518265121770910 4969876
1655518265327068155 4969622
1655518265532420132 5025847
1655518265737848420 5096091
1655518265942995258 4826422
1655518266148379413 5061208
1655518266353674939 4969722
1655518266558939695 4938823
1655518266764172591 4907907
1655518266969571196 5069995
1655518267174788785 4893558
1655518267380041089 4928437
1655518267585421572 5055945
1655518267791134815 5387150
1655518267996459358 5000290
1655518268201653454 4851312
1655518268406910242 4933029
1655518268612180824 4945461
1655518268817462287 4957935
1655518269022650741 4870244
1655518269228060169 5084515
1655518269433372498 4986268
1655518269638725474 5028196
1655518269844097469 5033986
1655518270049455944 5028640
1655518270254734788 4947920
1655518270460092460 5025986
1655518270665448541 5028537
1655518270870752534 4973473
1655518271076050413 4967433
1655518271281467556 5086213
1655518271486705878 4911555
1655518271692023226 4986098
1655518271897357119 5000988
1655518272102653907 4965571
1655518272307941671 4957154
1655518272513281117 5006385
1655518272718628792 5014040
1655518272924001370 5042105
1655518273129363944 5033149
1655518273334582101 4887871
1655518273540021167 5101270
1655518273745323842 4971187
1655518273950593991 4940712
1655518274156051199 5127200
1655518274361352973 4970346
1655518274566717175 5033382
1655518274772076563 5027195
1655518274977374818 4968804
1655518275183055062 5350395
1655518275388298224 4911255
1655518275593820178 5191858
1655518275799125859 4971447
1655518276004455200 4997737
1655518276209777717 4973129
1655518276414980422 4872677
1655518276620235063 4923886
1655518276825488250 4923462
1655518277030708010 4888311
1655518277236002941 4964787
1655518277441465808 5133167
1655518277646761038 4963999
1655518277852072182 4979383
1655518278057326381 4924553
1655518278262719882 5063884
1655518278468048730 4999460
1655518278673332848 4952999
1655518278878637663 4974071
1655518279084017852 5047702
1655518279289385201 5037283
1655518279494788050 5071786
1655518279700156243 5034106
1655518279905565427 5084294
1655518280110845719 4956420
1655518280316161997 4992935
1655518280521492564 5006318
1655518280726741528 4924544
1655518280932103510 5035664
1655518281137452869 5024128
1655518281342755087 4978686
1655518281548124892 5044101
1655518281753439901 4990423
1655518281958826384 5062762
1655518282164171766 5021091
1655518282369546037 5048980
1655518282574813241 4942117
1655518282780133152 4993356
1655518282985398861 4938556
1655518283190762804 5038038
1655518283396115712 5029183
1655518283601461177 5020858
1655518283806789364 5006684
1655518284012025325 4911154
1655518284217364983 5017310
1655518284422636065 4946449
1655518284627994160 5035898
1655518284833375966 5058484
1655518285038793397 5094810
1655518285244088209 4972865
1655518285449398663 4984759
1655518285655245447 5522285
1655518285860531658 4961409
1655518286065834562 4979924
1655518286271137878 4977844
1655518286476412040 4947260
1655518286681726835 4989712
1655518286886978992 4928164
1655518287092274418 4971754
1655518287297663649 5065923
1655518287502934711 4944296
1655518287709501182 6243274
1655518287914752931 4928988
1655518288120200279 5125405
1655518288325589043 5096338
1655518288530886899 4975639
1655518288736245261 5033665
1655518288941661867 5093467
1655518289147047364 5061718
1655518289352435007 5062752
1655518289557828269 5071028
1655518289763150987 4997194
1655518289968500359 5024715
1655518290173846577 5016919
1655518290379196883 5026280
1655518290584592424 5072180
1655518290789883913 4967706
1655518290995238527 5032931
1655518291200630468 5069072
1655518291405906362 4950156
1655518291611165157 4936380
1655518291816504130 5018181
1655518292021842323 5010943
1655518292227176273 5011263
1655518292432628840 5124684
1655518292637867160 4914966
1655518292843386963 5194835
1655518293048775103 5064602
1655518293254119815 4997628
1655518293459471090 5025460
1655518293664921023 5125465
1655518293870273191 5027888
1655518294075694785 5097425
1655518294281115773 5098357
1655518294486470031 5031463
1655518294691901161 5104968
1655518294897344805 5118904
1655518295102689241 5021034
1655518295308130208 5116775
1655518295513571743 5115006
1655518295718914638 5017995
1655518295924330029 5091502
1655518296129713623 5061484
1655518296335129738 5093221
1655518296540566025 5106389
1655518296745836780 4951211
1655518296951180426 5018425
1655518297156490175 4985633
1655518297361851844 5022606
1655518297567204340 5024248
1655518297772560767 5033982
1655518297977836391 4951849
1655518298184001059 5842141
1655518298389385677 5062275
1655518298594742729 5034106
1655518298800177656 5105332
1655518299005574529 5067761
1655518299210953266 5044115
1655518299416379345 5093982
1655518299621826420 5124698
1655518299827127712 4977207
1655518300032477582 5014670
1655518300237858197 5035011
1655518300443228149 5038735
1655518300648622684 5065626
1655518300853884161 4931164
1655518301059238742 5025700
1655518301264632421 5063924
1655518301469882933 4919951
1655518301675276281 5062732
1655518301880669668 5063146
1655518302086038302 5038475
1655518302291411530 5045952
1655518302496867783 5124884
1655518302702237325 5040440
1655518302907607428 5042155
1655518303113054940 5117933
1655518303318447814 5056835
1655518303523863863 5083944
1655518303729317508 5122891
1655518303934649364 5003144
1655518304140136690 5157341
1655518304346382076 5913333
1655518304551797217 5093689
1655518304757222610 5095414
1655518304962547927 4995465
1655518305167980923 5106217
1655518305373470775 5161002
1655518305578903458 5098550
1655518305784353813 5121483
1655518305989829923 5145722
1655518306195101012 4937952
1655518306400413726 4980931
1655518306605770129 5025863
1655518306811121196 5019836
1655518307016485669 5036148
1655518307221849809 5026811
1655518307427152796 4980364
1655518307632537222 5060370
1655518307837852892 4990859
1655518308043171229 4993620
1655518308248583553 5086286
1655518308453919137 5011517
1655518308659261867 5020130
1655518308864644661 5058147
1655518309069928623 4958235
1655518309275194333 4935670
1655518309480604057 5087765
1655518309685885053 4957781
1655518309891359995 5143449
1655518310096827478 5129473
1655518310302130280 5009568
1655518310507539153 5079528
1655518310712910828 5037857
1655518310918316971 5083136
1655518311123704210 5056835
1655518311329183587 5148277
1655518311534602527 5085616
1655518311740022317 5088202
1655518311945464737 5112157
1655518312150822498 5028360
1655518312356278252 5123041
1655518312561780153 5180018
1655518312767132044 5018692
1655518312972451048 4990366
1655518313177786948 5014119
1655518313383136036 5017623
1655518313588526656 5061755
1655518313793870066 5008857
1655518313999157048 4947947
1655518314204585093 5074446
1655518314409910354 5002187
1655518314615205223 4967042
1655518314820533824 4997987
1655518315025836002 4967096
1655518315231163081 5003974
1655518315444135040 12648053
1655518315650667421 5921986
1655518315856239393 5237531
1655518316061700313 5132560
1655518316267148352 5111919
1655518316472550898 5067821
1655518316677902686 5023640
1655518316883223582 4985860
1655518317088577238 5020103
1655518317293851360 4950963
1655518317499157749 4965687
1655518317704607838 5112117
1655518317909865324 4933914
1655518318115137780 4939073
1655518318320507435 5035434
1655518318525829331 4988363
1655518318731230857 5071910
1655518318936610854 5051656
1655518319141938942 5004832
1655518319347986708 5713352
1655518319553400404 5078197
1655518319758743142 5020497
1655518319964210903 5129056
1655518320169606061 5064448
1655518320374891689 4931464
1655518320580375890 5146830
1655518320785800888 5095400
1655518320991135910 5000290
1655518321196493442 5021028
1655518321401916379 5079732
1655518321607244693 4997454
1655518321812634485 5059462
1655518322017964321 5005890
1655518322223278472 4983925
1655518322428680547 5069313
1655518322633955269 4952492
1655518322839306716 5018408
1655518323044666406 5025810
1655518323249921510 4930830
1655518323455270992 5015295
1655518323660576943 4970936
1655518323865890314 4987963
1655518324071164910 4944647
1655518324276465352 4965954
1655518324481710845 4898590
1655518324687106239 5066501
1655518324892501948 5060724
1655518325097881101 5045416
1655518325303209278 4997380
1655518325508615556 5070548
1655518325713921207 4983191
1655518325919286691 5034988
1655518326124611103 4992672
1655518326329946503 5011614
1655518326535200831 4924690
1655518326740580201 5040829
1655518326945862479 4957154
1655518327151128878 4935129
1655518327356510029 5050765
1655518327561876398 5035364
1655518327767187733 4978135
1655518327972588590 5071058
1655518328177896177 4978832
1655518328383194974 4969065
1655518328588579179 5061027
1655518328793919664 5015629
1655518328999218648 4977184
1655518329204635143 5092880
1655518329409889172 4929495
1655518329615194232 4982373
1655518329820392450 4903890
1655518330025819592 5100563
1655518330231203307 5060026
1655518330436570186 5058084
1655518330641919077 5018721
1655518330847896937 5652072
1655518331053376499 5148475
1655518331258683412 4977485
1655518331464091110 5075110
1655518331669513138 5092073
1655518331874899774 5056826
1655518332080340601 5107958
1655518332285750904 5081047
1655518332491091219 5006915
1655518332696482799 5064141
1655518332901831784 5000888
1655518333107124423 4959360
1655518333312543572 5089853
1655518333517850328 4971190
1655518333723022916 4839819
1655518333928369898 5012317
1655518334133835753 5132563
1655518334339159727 4990900
1655518334544502467 5011931
1655518334749838404 5002206
1655518334954992575 4861782
1655518335160347315 5025993
1655518335365766300 5085539
1655518335571090723 4995118
1655518335776418394 5004883
1655518335981837186 5091466
1655518336187135197 4968391
1655518336392571214 5102806
1655518336598009368 5114365
1655518336803362507 5030388
1655518337008725782 5030485
1655518337213910648 4862359
1655518337419257793 5013239
1655518337624775022 5186999
1655518337830115040 4985854
1655518338035440745 4996360
1655518338240910198 5136364
1655518338446227863 4989627
1655518338651636671 5075564
1655518338857116459 5147623
1655518339062477383 5027849
1655518339267916849 5108388
1655518339473490016 5243121
1655518339678808835 4983585
1655518339884299664 5156834
1655518340089871546 5237658
1655518340295184071 4985940
1655518340500593038 5080643
1655518340705801988 4920762
1655518340911093615 4966558
1655518341116590812 5162080
1655518341321900370 4987609
1655518341527199305 4965314
1655518341732565502 5036168
1655518341937915638 5024705
1655518342143106157 4859619
1655518342349395404 5953853
1655518342554705882 4975278
1655518342760118061 5078377
1655518342965382412 4939480
1655518343170690394 4975609
1655518343376132269 5106546
1655518343581404253 4943599
1655518343786730762 4993163
1655518343992043123 4984262
1655518344197290303 4916518
1655518344402532752 4911996
1655518344607804087 4941065
1655518344813151578 5016943
1655518345018329341 4847388
1655518345223743077 5083647
1655518345429135627 5065198
1655518345634319138 4851956
1655518345839722916 5074009
1655518346044908923 4853011
1655518346250223616 4992091
1655518346455555529 5006594
1655518346660767520 4881945
1655518346865927940 4836751
1655518347071167412 4914905
1655518347276525817 5063376
1655518347481853722 4929856
1655518347686891681 4712672
1655518347892222046 5005279
1655518348097845231 5301070
1655518348303574775 5406218
1655518348509454848 5553838
1655518348714907725 5130715
1655518348920729805 5490456
1655518349126516191 5492718
1655518349331827312 4982697
1655518349537251820 5098834
1655518349742201888 4628345
1655518349948096201 5565172
1655518350153422339 5002813
1655518350358803522 5058108
1655518350564207497 5082969
1655518350769575479 5044382
1655518350974901181 5001198
1655518351180152943 4928197
1655518351385667014 5191121
1655518351591183555 5195826
1655518351796580244 5075624
1655518352001752922 4859474
1655518352207015878 4939007
1655518352412664504 5323279
1655518352618246491 5277844