1655858199891137202 291550789
1655858200101147618 9472649
1655858200310718158 9188222
1655858200520658094 9529817
1655858200730097935 9040593
1655858200939957632 9452048
1655858201149492490 9158146
1655858201358906110 9027217
1655858201568704414 9394062
1655858201778309102 9207887
1655858201988462125 9762979
1655858202198510838 9641620
1655858202408020613 9094894
1655858202617643298 9162076
1655858202827102464 9065335
1655858203036842549 9342128
1655858203247476964 10238359
1655858203461757703 9901456
1655858203671178308 9041700
1655858203881011989 9438755
1655858204090919854 9686766
1655858204300653128 9329511
1655858204510273693 9223130
1655858204721697135 11028340
1655858204931531695 9410956
1655858205143063277 11136072
1655858205354423954 11041304
1655858205564828194 9873589
1655858205775073398 9855634
1655858205985241918 9748643
1655858206195070118 9417859
1655858206404805583 9327493
1655858206614341629 9136360
1655858206823884940 9152074
1655858207036447974 12156220
1655858207246025880 9169930
1655858207479044094 32625909
1655858207688483767 9062764
1655858207898132713 9256920
1655858208108243588 9718079
1655858208318018023 9374491
1655858208527600003 9177290
1655858208737143165 9141305
1655858208946644758 9090344
1655858209156090329 9060237
1655858209366007198 9476788
1655858209575692294 9321791
1655858209785333273 9261368
1655858209994991211 9278610
1655858210205102623 9665275
1655858210418270137 12603891
1655858210635881430 17195218
1655858210857292652 17053120
1655858211076495611 16774389
1655858211294985306 17391758
1655858211510860383 14377099
1655858211733037938 21183259
1655858211951315565 16825095
1655858212171352683 19653748
1655858212388167912 15593674
1655858212605933945 17082222
1655858212817731873 11410444
1655858213029318675 11207445
1655858213240004097 10302874
1655858213450407513 9919308
1655858213659866616 9060665
1655858213869247381 9069089
1655858214078605556 8979876
1655858214288037212 9042224
1655858214497682063 9200218
1655858214707359357 9282646
1655858214917142839 9399162
1655858215126649421 9120770
1655858215336852900 9814176
1655858215550534027 13278482
1655858215763247035 12177975
1655858215974315815 10675932
1655858216184655280 9257486
1655858216394121745 9087818
1655858216603369073 8864152
1655858216813158893 9382454
1655858217023379629 9799158
1655858217235754044 11989415
1655858217448988333 12793489
1655858217662037999 12628817
1655858217874867183 12426461
1655858218086875450 11569790
1655858218298226164 10929722
1655858218508568627 9904763
1655858218718690974 9727026
1655858218928619956 9453822
1655858219138514622 9511173
1655858219348274536 9353943
1655858219557924435 9277029
1655858219767423656 9115039
1655858219977515026 9580554
1655858220187546593 9601324
1655858220397518595 9559425
1655858220607359667 9350694
1655858220817180688 9358814
1655858221028065649 10430051
1655858221239470000 10894216
1655858221451104117 11223449
1655858221663102673 11579921
1655858221874462074 10906709
1655858222085666412 10755755
1655858222296852011 10733876
1655858222507967538 10664303
1655858222719149077 10796217
1655858222930694031 11133460
1655858223142347474 11217945
1655858223353798602 11028726
1655858223565619761 11356628
1655858223776437642 10358277
1655858223988612112 11172002
1655858224199572719 10459445
1655858224412074578 12044344
1655858224626553196 13963231
1655858224839433028 12433427
1655858225050949959 10326286
1655858225270844967 19442106
1655858225480521153 9273357
1655858225690117980 9220133
1655858225900530266 10024305
1655858226110560113 9646933
1655858226320263306 9333767
1655858226529799743 9146876
1655858226739385218 9202459
1655858226948952473 9180568
1655858227158570700 9237651
1655858227367959375 8995946
1655858227623405610 55234001
1655858227832991170 9158698
1655858228042528773 9146330
1655858228252223467 9308265
1655858228462046619 9424017
1655858228671689416 9250744
1655858228881340497 9274109
1655858229090877929 9165915
1655858229300595621 9337755
1655858229517643937 16665255
1655858229726983000 8931448
1655858229936517570 9129334
1655858230154869235 17952590
1655858230366343408 10550340
1655858230575887936 9146556
1655858230785400253 9129798
1655858230994774566 8979991
1655858231210569880 15403192
1655858231420016335 9045910
1655858231630289957 9853643
1655858231839742464 9054351
1655858232049224872 9045354
1655858232259038329 9420941
1655858232485202958 25758218
1655858232694727016 9130504
1655858232904260964 9141266
1655858233114071498 9404224
1655858233326498459 12038231
1655858233581205932 54301918
1655858233790864858 9274021
1655858234000472152 9226315
1655858234211828092 10897679
1655858234421848193 9419990
1655858234687940900 65681452
1655858234914796490 26515067
1655858235125715788 9272292
1655858235335212796 9102581
1655858235584980296 49382962
1655858235794626885 9254055
1655858236009146237 14121804
1655858236221220940 11688340
1655858236431550181 9933570
1655858236686161361 54217246
1655858236895797955 9240512
1655858237106284966 10098379
1655858237315975295 9213509
1655858237586183890 69433354
1655858237795995374 9221057
1655858238005994605 9437698
1655858238215896175 9484863
1655858238425831802 9538947
1655858238638388534 12173735
1655858238847836837 9065899
1655858239059234623 10994410
1655858239281909209 22277299
1655858239491619800 9343804
1655858239703105878 10915703
1655858239914418793 10906736
1655858240127205181 12362907
1655858240339024057 11230539
1655858240552401527 12802798
1655858240763565141 10788117
1655858240974742558 10716247
1655858241185892455 10699356
1655858241396935675 10614832
1655858241607830648 10483582
1655858241826504272 18267084
1655858242038425451 11551767
1655858242248372487 9429698
1655858242458112363 9379135
1655858242667921440 9354199
1655858242877684142 9243725
1655858243087367319 9236200
1655858243302314795 14458568
1655858243512514668 9828833
1655858243722409472 9529129
1655858243932016323 9232623
1655858244141642033 9212349
1655858244351169388 9154250
1655858244560975259 9440939
1655858244770458040 9115169
1655858244980183426 9356929
1655858245189497382 8926095
1655858245399035067 9119742
1655858245608446908 8994575
1655858245818058812 9163502
1655858246027353973 8834823
1655858246237104331 9309515
1655858246454523834 16866077
1655858246663916388 8992943
1655858246873796661 9620758
1655858247083394151 9212383
1655858247293076476 9296127
1655858247502638857 9167720
1655858247712353940 9329472
1655858247922411733 9691958
1655858248132029161 9232666
1655858248341506118 9032247
1655858248551122538 9205059
1655858248760579270 9068169
1655858248970041972 9088975
1655858249179585338 9156891
1655858249389174024 9200397
1655858249598670551 9110726
1655858249808019990 8967730
1655858250018522159 10067096
1655858250227972732 9067072
1655858250437389728 9197009
1655858250646916206 9053080
1655858250856450194 9047456
1655858251066193996 9345215
1655858251276014467 9355153
1655858251486625324 10062976
1655858251696079550 8983235
1655858251905832417 9268187
1655858252116040859 9712323
1655858252325658554 9117905
1655858252535022195 8947673
1655858252744830382 9335787
1655858252955202202 9908264
1655858253165874299 10167935
1655858253375851884 9564159
1655858253585885237 9656418
1655858253795183204 8902812
1655858254004758779 9144461
1655858254214213731 9077133
1655858254423588888 8976122
1655858254634740608 10694218
1655858254846016346 10825894
1655858255066385264 19981881
1655858255277012373 9913311
1655858255487674796 10194661
1655858255697851531 9673591
1655858255907930060 9590857
1655858256121474872 13089612
1655858256333207473 10862258
1655858256543102700 9525613
1655858256753022044 9460759
1655858256962736953 9258865
1655858257172548864 9439121
1655858257382033192 9120700
1655858257592770820 10311054
1655858257802515883 9306679
1655858258012204515 9249041
1655858258223755046 11174618
1655858258433265329 9104390
1655858258642754050 9095469
1655858258852373760 9221704
1655858259061889464 9139528
1655858259273697021 11423620
1655858259483908091 9845270
1655858259694802329 10623819
1655858259906587752 11399095
1655858260119120703 12169196
1655858260328727517 9224942
1655858260538402947 9279655
1655858260747808309 9035729
1655858260957234893 9058869
1655858261166682782 9070729
1655858261376342141 9278988
1655858261586915316 10196236
1655858261796494813 9183647
1655858262006070547 9196019
1655858262215719906 9255416
1655858262426601376 10478855
1655858262636380481 9397298
1655858262845946597 9194757
1655858263055353802 9026911
1655858263265514782 9766776
1655858263475221297 9323429
1655858263689807096 14201041
1655858263900341803 9506684
1655858264111354248 10621977
1655858264321423400 9493097
1655858264531156150 9356573
1655858264740878841 9344205
1655858264950681866 9436578
1655858265160353991 9287149
1655858265370185874 9460685
1655858265580037767 9459310
1655858265789678506 9164705
1655858265999369793 9310894
1655858266209432318 9689517
1655858266419241655 9428174
1655858266628905376 9289979
1655858266839065782 9706053
1655858267048566314 9135854
1655858267268581637 19560588
1655858267479070232 10104164
1655858267690582188 11131528
1655858267900432567 9294837
1655858268113388841 12583794
1655858268324756219 10997588
1655858268534550484 9419907
1655858268744309054 9377749
1655858268955552065 10843754
1655858269167545888 11580259
1655858269380521192 12551813
1655858269593274358 12317290
1655858269806101707 12397951
1655858270018752010 12215569
1655858270232226853 13032422
1655858270453143116 20509071
1655858270663980647 10383769
1655858270875265809 10832739
1655858271086443522 10763725
1655858271297893271 11018492
1655858271508614310 10301187
1655858271720242399 11211585
1655858271932326969 11317135
1655858272145097192 12357377
1655858272357415354 11639557
1655858272569977472 12108072
1655858272783420247 13011503
1655858272996690690 12838071
1655858273209141082 12033532
1655858273422407187 12852838
1655858273635949731 13117562
1655858273851794523 15557168
1655858274088055057 35764663
1655858274298041803 9560842
1655858274507682993 9246440
1655858274717385040 9330338
1655858274929465947 11670840
1655858275156637319 26740634
1655858275369537797 12486788
1655858275580664445 10627212
1655858275791351007 10245378
1655858276010294438 18514180
1655858276227377001 16662491
1655858276444575342 16795687
1655858276660944687 15966596
1655858276878207666 16885269
1655858277102544244 23176470
1655858277322288458 19156305
1655858277536730137 14044195
1655858277752363747 11960825
1655858277965260189 12487670
1655858278178219653 12413565
1655858278394773822 14522548
1655858278608731485 13557613
1655858278824790778 14390890
1655858279041534072 15221128
1655858279266960242 21251936
1655858279478153142 10775118
1655858279690139692 11585705
1655858279901904167 11340508
1655858280113770020 11433123
1655858280324922417 10712328
1655858280535857370 10539616
1655858280747121440 10887069
1655858280958081962 10521632
1655858281169192291 10691445
1655858281380019140 10380886
1655858281590847389 10587260
1655858281802227865 10949724
1655858282018708404 16100200
1655858282231329145 12141005
1655858282449004529 17151697
1655858282665224920 15782663
1655858282877749371 12146884
1655858283090519866 12383879
1655858283303992288 12528690
1655858283517416646 12569915
1655858283730558558 12739855
1655858283943478513 12317683
1655858284167481267 23566048
1655858284381394978 13487529
1655858284599269376 17024890
1655858284817291491 17096644
1655858285032231146 14444015
1655858285255597212 22946494
1655858285472040932 15473165
1655858285685646680 11431920
1655858285897902155 11850581
1655858286113290907 14960322
1655858286328736709 15019667
1655858286544160680 15018193
1655858286759895976 15324019
1655858286975648475 15343121
1655858287192433824 16388514
1655858287410896578 18058494
1655858287627236169 15909494
1655858287837545788 9889625
1655858288049981719 12023450
1655858288270981432 20592723
1655858288480625878 9221245
1655858288690303463 9268393
1655858288902104510 11406453
1655858289111765160 9254830
1655858289321991453 9801271
1655858289531639516 9249850
