1655507798904685078 165284723
1655507799203163142 98124401
1655507799505908356 102393088
1655507799711640365 5388195
1655507799917393548 5413919
1655507800122843408 5111614
1655507800328586391 5417980
1655507800534410016 5478957
1655507800740311140 5588417
1655507800946159541 5481037
1655507801151853871 5390432
1655507801357409364 5141882
1655507801562868887 5068377
1655507801768393578 5200803
1655507801973773735 5052388
1655507802179103512 5004123
1655507802384753110 5262281
1655507802590378260 5281733
1655507802795519759 4825272
1655507803000146866 4320556
1655507803205792866 5321215
1655507803411222731 5099666
1655507803616586450 5052759
1655507803822158009 5246343
1655507804027635493 5154613
1655507804233142102 5181337
1655507804438618318 5091654
1655507804643986984 5049887
1655507804849390415 5078164
1655507805054783982 5066301
1655507805260305540 5194880
1655507805465744609 5110859
1655507805671118753 5048868
1655507805876938742 5514505
1655507806082357105 5124942
1655507806287940440 5283208
1655507806494047894 5789656
1655507806699846457 5455136
1655507806905291881 5112562
1655507807110585979 4998499
1655507807316026700 5115578
1655507807521393198 5028411
1655507807726770096 5012248
1655507807932253836 5088420
1655507808137612374 5034150
1655507808342946815 5007584
1655507808548294572 5016433
1655507808753464586 5030437
1655507808958861950 5072138
1655507809164337645 5150292
1655507809369755679 5104736
1655507809575118123 5037141
1655507809780527130 5084095
1655507809985928986 5076991
1655507810191533002 5215496
1655507810396854802 4998052
1655507810602349449 5104736
1655507810807783610 5120780
1655507811013248137 5134066
1655507811218612593 5043805
1655507811424016665 5076890
1655507811629420894 5080157
1655507811834824205 5076222
1655507812040239880 5024743
1655507812245408600 4998306
1655507812450896159 5158133
1655507812656300689 5081379
1655507812861658684 5030697
1655507813067132129 5148600
1655507813272514960 5056981
1655507813478218017 5364713
1655507813683740325 5193391
1655507813889226518 5152198
1655507814094697997 5140867
1655507814300112598 5088064
1655507814505460454 5018609
1655507814711080787 5217442
1655507814916643121 5237222
1655507815121990938 5023462
1655507815327461167 5140824
1655507815532885718 5092926
1655507815738242652 5026369
1655507815943711355 5137504
1655507816149070916 5029933
1655507816354429911 5036987
1655507816559847901 5094014
1655507816765341549 5171693
1655507816970697682 5059783
1655507817176041422 5016922
1655507817381410346 5022167
1655507817586781908 5047360
1655507817792131977 5024439
1655507817997424597 4970764
1655507818202867547 5121121
1655507818408411781 5211362
1655507818613787828 5072338
1655507818819136993 5021406
1655507819024422764 4960810
1655507819229791475 5029946
1655507819435239921 5118484
1655507819641144220 5576410
1655507819846975167 5524525
1655507820053175497 5839463
1655507820259168185 5691710
1655507820465139808 5558402
1655507820670889452 5443319
1655507820877941354 6749342
1655507821083450164 5217996
1655507821288797336 5057735
1655507821494071906 4985868
1655507821699634551 5262114
1655507821905008378 5079833
1655507822110448411 5136876
1655507822315909175 5128604
1655507822521412788 5204524
1655507822726834647 5116569
1655507822932407679 5270186
1655507823138156162 5445699
1655507823344049821 5531799
1655507823549759264 5330519
1655507823755135511 5052375
1655507823960548340 5088420
1655507824165932873 5061396
1655507824371405398 5147145
1655507824576792520 5061346
1655507824782180336 5060662
1655507824987642325 5144897
1655507825193166709 5135771
1655507825398608131 5111597
1655507825604076411 5137047
1655507825809471860 5063792
1655507826014977816 5173515
1655507826220523906 5214069
1655507826425956741 5031638
1655507826631438002 5151603
1655507826836875172 5106027
1655507827042303739 5100057
1655507827247736310 5100633
1655507827453051245 4974011
1655507827658506934 5123544
1655507827864008418 5171837
1655507828069379854 5069778
1655507828274951523 5236588
1655507828480344923 5055782
1655507828685821627 5128226
1655507828891199217 5047517
1655507829096698585 5200619
1655507829302134427 5103608
1655507829507601855 5137776
1655507829712954545 5021720
1655507829918444082 5151920
1655507830123939819 5149937
1655507830329370188 5101275
1655507830534769952 5065504
1655507830740165977 5065053
1655507830945429877 4936007
1655507831150794328 5034337
1655507831356267554 5143197
1655507831561612710 5014132
1655507831766996359 4989162
1655507831972527257 5200736
1655507832177939712 5088096
1655507832383333402 5060645
1655507832588652029 4989770
1655507832794412078 5467513
1655507833000386492 5594745
1655507833206138602 5432133
1655507833411841522 5383287
1655507833617516453 5343544
1655507833822999439 5137610
1655507834028650913 5345777
1655507834234202798 5260411
1655507834439790920 5294355
1655507834645290124 5117681
1655507834850571918 4988959
1655507835056257945 5393142
1655507835261640042 5058706
1655507835466994511 5048094
1655507835672438569 5133142
1655507835878661902 5933441
1655507836084090970 5103160
1655507836289437616 5008879
1655507836494774978 5019170
1655507836700046410 4975473
1655507836905389212 5017669
1655507837110710554 5010403
1655507837316174762 5168849
1655507837521450420 4962772
1655507837726765729 5018977
1655507837932240322 5146407
1655507838137562630 5013701
1655507838342973767 5086148
1655507838548418290 5109884
1655507838753883534 5143203
1655507838959350854 5130115
1655507839164748892 5088240
1655507839370215216 5137033
1655507839575652079 5109635
1655507839781050718 5085304
1655507839986406745 5028471
1655507840191811917 5109501
1655507840397183605 5075462
1655507840602585725 5062313
1655507840807956398 5076683
1655507841013423669 5119289
1655507841218756469 4951829
1655507841424279441 5228658
1655507841629797812 5130485
1655507841835249218 5154810
1655507842040723288 5177053
1655507842246004752 4970284
1655507842451458842 5158354
1655507842656969377 5216134
1655507842862387451 5122389
1655507843067935559 5250771
1655507843273352907 5118815
1655507843478705740 5047833
1655507843684159857 5154687
1655507843889502198 5024246
1655507844094993369 5195043
1655507844300562496 5273253
1655507844505970707 5100056
1655507844711397301 5128600
1655507844916792029 5084612
1655507845122176094 5060084
1655507845327705597 5216184
1655507845533204036 5187298
1655507845738553314 5020349
1655507845943897954 5047113
1655507846149269141 5076072
1655507846354687376 5122380
1655507846560253048 5231882
1655507846765786639 5238760
1655507846971098728 5015843
1655507847176524505 5132681
1655507847382352777 5451980
1655507847588043042 5379653
1655507847793425442 5027336
1655507847999037210 5286485
1655507848204723668 5329831
1655507848410459212 5395978
1655507848616188874 5391069
1655507848822166127 5632748
1655507849028050006 5541486
1655507849233692580 5292937
1655507849439763084 5718661
1655507849645885772 5763633
1655507849858124517 11888240
1655507850068187028 9460771
1655507850273802784 5272119
1655507850479505981 5358225
1655507850685028567 5181371
1655507850890767681 5389407
1655507851096215043 5108769
1655507851301641027 5103467
1655507851507112914 5134927
1655507851712751730 5302741
1655507851918266426 5182712
1655507852123727390 5145806
1655507852329242707 5192407
1655507852534889019 5312416
1655507852740459716 5241734
1655507852945843342 4993638
1655507853151265868 5097336
1655507853356775369 5178164
1655507853562312518 5143127
1655507853767767155 5121211
1655507853973134038 5038339
1655507854178625593 5097464
1655507854384016122 5057160
1655507854589362668 5017291
1655507854794958445 5201881
1655507855000338587 5048687
1655507855205556258 4867125
1655507855410986872 5090005
1655507855616484780 5168076
1655507855821850412 5034241
1655507856027335164 5156648
1655507856232767460 5101528
1655507856438127946 5028040
1655507856643648237 5191939
1655507856849153540 5106445
1655507857054636467 5142556
1655507857260012077 5046562
1655507857465361931 5020445
1655507857670697064 5005818
1655507857876938283 5896316
1655507858082187011 4931049
1655507858287736274 5217465
1655507858493226954 5154457
1655507858698596310 4975179
1655507858903970282 5044426
1655507859109343779 5041782
1655507859314690029 5023363
1655507859520107331 5085500
1655507859725452336 5011008
1655507859930826314 5036150
1655507860136248585 5100234
1655507860341470925 4920984
1655507860546579559 4798701
1655507860752005562 5098721
1655507860957397729 5061743
1655507861162714591 5015119
1655507861368087762 5039517
1655507861573468205 5074285
1655507861778883005 5067862
1655507861984268387 5047997
1655507862189400938 4832162
1655507862394742735 5004817
1655507862600141612 5063739
1655507862805165420 4716992
1655507863010591285 5086832
1655507863215931193 5004309
1655507863421415933 5139369
1655507863626937868 5118581
1655507863832431772 5160870
1655507864037845469 5074444
1655507864243321031 5143503
1655507864448679405 5023886
1655507864653942886 4941853
1655507864859350048 5079339
1655507865064843929 5155890
1655507865270223530 5044246
1655507865475731607 5177813
1655507865681211154 5151316
1655507865886554464 5004947
1655507866091963419 5012836
1655507866297433365 5131974
1655507866502761263 4994368
1655507866708138171 5041693
1655507866913406073 4953711
1655507867118588464 4848166
1655507867324050177 5130859
1655507867529409041 5018479
1655507867734610564 4875588
1655507867939983181 5045651
1655507868144484328 4176264
1655507868349776786 4956946
1655507868555105969 5026839
1655507868760045299 4631426
1655507868964643399 4276978
1655507869169753653 4832963
1655507869376874490 6817505
1655507869582315469 5062472
1655507869788106117 5489038
1655507869994025044 5624209
1655507870199984738 5673965
1655507870405966220 5692864
1655507870612029965 5775500
1655507870817783010 5448849
1655507871023604851 5497872
1655507871229426997 5498123
1655507871435496421 5752339
1655507871641111847 5291741
1655507871846900935 5464778
1655507872052817622 5594360
1655507872258667149 5527653
1655507872464566904 5574865
1655507872670369970 5516126
1655507872877306699 6646958
1655507873082993782 5370953
1655507873288750475 5435210
1655507873494530936 5456959
1655507873700469025 5550520
1655507873906296733 5502942
1655507874112020702 5390572
1655507874317588410 5214279
1655507874523382664 5456198
1655507874729468573 5753467
1655507874935023156 5218313
1655507875141125037 5767560
1655507875346866830 5419842
1655507875552988768 5800262
1655507875758513153 5200476
1655507875963879329 5043287
1655507876169489313 5287209
1655507876375755197 5942359
1655507876581309710 5232479
1655507876786641139 5040293
1655507876992167053 5202605
1655507877197593224 5078395
1655507877403098664 5183052
1655507877608601491 5198794
1655507877813982044 5075342
1655507878019453005 5169844
1655507878225020622 5276163
1655507878430594409 5264705
1655507878636092097 5174718
1655507878841548481 5103751
1655507879047078516 5218970
1655507879252634134 5260315
1655507879457978695 5047836
1655507879663520150 5195060
1655507879869062920 5207995
1655507880074455707 5057915
1655507880279893375 5113462
1655507880485313650 5087926
1655507880690818662 5125292
1655507880895850764 4719722
1655507881101366903 5197823
1655507881306845165 5152968
1655507881512326120 5155741
1655507881717670344 5024683
1655507881923046390 5058456
1655507882128688359 5323071
1655507882334051124 5030383
1655507882539958765 5558727
1655507882745533027 5248485
1655507882950966144 5087245
1655507883156638847 5347495
1655507883362304569 5282391
1655507883568021376 5332588
1655507883773517382 5087649
1655507883978965372 5116055
1655507884184542048 5243109
1655507884390056531 5067059
1655507884595582548 5194422
1655507884801281982 5354621
1655507885006722517 5107489
1655507885212308053 5124776
1655507885417790429 5188165
1655507885623302614 5168479
1655507885829133909 5379983
1655507886034729546 5252545
1655507886240333373 5267329
1655507886445969297 5309023
1655507886651740664 5420860
1655507886857449238 5367215
1655507887062969171 5188869
1655507887268690437 5389551
1655507887474266235 5237188
1655507887679960142 5345904
1655507887885592445 5296116
1655507888091185946 5259948
1655507888296935344 5375157
1655507888502574502 5301663
1655507888708241785 5331090