1655858356590654695 392651761
1655858356810928155 9519252
1655858357020506780 9171678
1655858357234765220 13860129
1655858357446805677 11651300
1655858357656471509 9287453
1655858357866527270 9532552
1655858358079125726 12204201
1655858358294662686 15092306
1655858358514738804 19637696
1655858358730940805 14608225
1655858358947350653 15449513
1655858359163530117 15314611
1655858359379089422 15138334
1655858359595359900 15828319
1655858359811035264 14350786
1655858360026535283 14400056
1655858360245588839 18637729
1655858360472349102 26333051
1655858360697281400 20704631
1655858360915524827 17823817
1655858361130343033 12478621
1655858361342033086 11256036
1655858361555233346 12781708
1655858361768340815 12716098
1655858361981759667 13017413
1655858362194995627 12796333
1655858362409737628 14332178
1655858362622971590 12210848
1655858362834920226 11560099
1655858363046746998 11414319
1655858363257758192 10621050
1655858363468447616 10250885
1655858363678925354 10046672
1655858363889170086 9800309
1655858364099183373 9605545
1655858364308739256 9140050
1655858364518251598 9103945
1655858364732064895 11176458
1655858364942361871 9351293
1655858365152301641 9366276
1655858365362230115 9536659
1655858365571833741 9221094
1655858365783005530 9928144
1655858365993407965 9340857
1655858366203516097 9518135
1655858366416869750 12963025
1655858366631063296 13730974
1655858366842834726 11344918
1655858367055271030 11992245
1655858367269022404 13301312
1655858367479822767 10389686
1655858367690636577 10397642
1655858367901585279 10521599
1655858368112462321 10447609
1655858368323652961 10792866
1655858368534961382 10832798
1655858368746673657 11298397
1655858368958218797 11113594
1655858369169500945 10855183
1655858369380995713 11065321
1655858369592833526 11579520
1655858369804081295 10798194
1655858370015202220 10655123
1655858370226403287 10769083
1655858370440359889 13540957
1655858370651858460 11076954
1655858370863625385 11339758
1655858371076441715 12388726
1655858371290110620 13273821
1655858371504818140 13676899
1655858371720122611 14870287
1655858371935135893 14427354
1655858372164162520 28601774
1655858372375018876 10449253
1655858372586480359 11027847
1655858372798175009 11282193
1655858373010178131 11565912
1655858373221258478 10651332
1655858373432858002 11151469
1655858373643946552 10686968
1655858373855000646 10753347
1655858374067208637 11821869
1655858374278637157 10392059
1655858374490355712 10732862
1655858374701943863 10661651
1655858374913709910 10856665
1655858375125777349 11032199
1655858375338114012 11167377
1655858375549892874 10907862
1655858375762367139 11193797
1655858375974889136 11201443
1655858376186285900 10960703
1655858376397713773 11040568
1655858376609145533 11064922
1655858376820475545 10947957
1655858377031853270 10970614
1655858377243355114 11086818
1655858377455656751 11879001
1655858377665536782 9448134
1655858377876865201 10939251
1655858378087230802 9761640
1655858378298555584 10224417
1655858378511535901 12116631
1655858378723416296 10480001
1655858378939455575 14826841
1655858379152384884 12057245
1655858379367166770 13260351
1655858379581461523 13106397
1655858379795476900 13043781
1655858380009784119 13085289
1655858380223015557 12577820
1655858380437014637 13153774
1655858380650844790 13420648
1655858380865171558 13195452
1655858381079069571 12575419
1655858381293262303 12770190
1655858381507730309 12981254
1655858381721588619 12976327
1655858381934811593 12793940
1655858382148967701 13306498
1655858382362019631 11591419
1655858382574071536 11317687
1655858382785049162 10576694
1655858382998562631 13088767
1655858383209057487 10094321
1655858383419998786 10098743
1655858383630122942 9366801
1655858383840930857 10395665
1655858384050599068 9249250
1655858384260465694 9451550
1655858384470854370 9991366
1655858384680861762 9592381
1655858384890530686 9296421
1655858385100373733 9430283
1655858385310143758 9360858
1655858385528567727 17992689
1655858385745732016 9446269
1655858385955410083 9277706
1655858386166381571 10215270
1655858386377735779 10947859
1655858386587707848 9581487
1655858386797378299 9256564
1655858387007004201 9238317
1655858387216657793 9263173
1655858387426482153 9443324
1655858387639324584 12415663
1655858387849627167 9999722
1655858388059873175 9536445
1655858388269510580 9165071
1655858388479299288 9350303
1655858388688872176 9179298
1655858388898891135 9627944
1655858389109084522 9825582
1655858389319644570 10179355
1655858389529203356 9186540
1655858389738646037 9071337
1655858389949723629 10685866
1655858390177288494 25027381
1655858390390827680 12542512
1655858390604210003 12362683
1655858390815475572 10568012
1655858391026115053 10221227
1655858391237569829 11030609
1655858391447253254 9270130
1655858391657025102 9366517
1655858391866638589 9218827
1655858392076314305 9267788
1655858392285955292 9251198
1655858392497314426 10946677
1655858392706857671 9149942
1655858392916497642 9227001
1655858393126171380 9276435
1655858393335712654 9119204
1655858393545593711 9379546
1655858393755187137 9201963
1655858393964843252 9247359
1655858394174382159 9128672
1655858394384165764 9387218
1655858394593898818 9341060
1655858394803678092 9386572
1655858395013209233 9090453
1655858395222717747 9098686
1655858395432752081 9642934
1655858395642276310 9133809
1655858395851856646 9141280
1655858396061466557 9208467
1655858396271065525 9168110
1655858396482762016 11308606
1655858396692534028 9397287
1655858396902140022 9207412
1655858397111838223 9301217
1655858397322492029 10246890
1655858397531941579 9045389
1655858397743360484 11198814
1655858397955881871 12138522
1655858398166256240 10043463
1655858398376606295 9953745
1655858398586596854 9595932
1655858398798148271 11160435
1655858399007785157 9259338
1655858399217427908 9243475
1655858399427801047 9987600
1655858399637485509 9288730
1655858399847038076 9139237
1655858400056747559 9298309
1655858400266300034 9149576
1655858400476752122 10082198
1655858400686381320 9232309
1655858400896056371 9277458
1655858401106146945 9357708
1655858401315966478 9428871
1655858401527353527 11171024
1655858401737244574 9379632
1655858401946580493 8931754
1655858402161415277 14412852
1655858402371907916 9387123
1655858402582257852 9231896
1655858402791977283 9079534
1655858403001597094 9096042
1655858403211510927 9506667
1655858403421179320 9262594
1655858403630933600 9245860
1655858403840673200 9351366
1655858404050667860 9472496
1655858404260556611 9488196
1655858404470067109 9103478
1655858404679523206 9042599
1655858404889830002 9909985
1655858405101714855 11479646
1655858405313955538 11846213
1655858405523454566 9089110
1655858405733076469 9227523
1655858405942570342 9106894
1655858406156227134 13202314
1655858406366018280 9380245
1655858406575533884 9099629
1655858406785021873 9073949
1655858406998199308 12759310
1655858407207595627 8970722
1655858407417622422 9613158
1655858407632788582 14772364
1655858407843176089 9985236
1655858408053680214 10071177
1655858408267025457 12863740
1655858408477113591 9676422
1655858408686532038 9038246
1655858408896001158 9070954
1655858409105573802 9084662
1655858409315132684 9168115
1655858409524695202 9150761
1655858409734434198 9326865
1655858409943985172 9154177
1655858410158888979 14497788
1655858410370359027 10884850
1655858410580819360 10043450
1655858410791287886 10065170
1655858411001035540 9349436
1655858411210430405 9015861
1655858411420188772 9342965
1655858411629879702 9285277
1655858411839391816 9126868
1655858412049090135 9272377
1655858412258841506 9361691
1655858412468324934 9101483
1655858412677897854 9181127
1655858412887592818 9265543
1655858413097121311 9127768
1655858413306747366 9204106
1655858413516239156 9106952
1655858413725755982 9129644
1655858413935654050 9484473
1655858414146603853 10554442
1655858414356172091 9161086
1655858414568020477 11112355
1655858414777492331 9024279
1655858414987054010 9166211
1655858415196556399 9096466
1655858415406124606 9174847
1655858415615565282 9009449
1655858415827173683 11205049
1655858416038039241 10448265
1655858416247392726 8926757
1655858416459265375 11473058
1655858416668812748 9150507
1655858416878216183 9004296
1655858417087571950 8941872
1655858417297044556 9077260
1655858417507499212 10064891
1655858417717852242 9958436
1655858417927461456 9218521
1655858418138329434 10337157
1655858418351588162 12849592
1655858418583354062 31341513
1655858418794565948 10741416
1655858419004734788 9744652
1655858419214470614 9332381
1655858419423964870 8983192
1655858419633830184 9532221
1655858419843340267 9019826
1655858420054490395 10681094
1655858420265164777 10004312
1655858420475616527 9994403
1655858420687084436 11027419
1655858420897534078 10046242
1655858421111045093 13051162
1655858421320864160 9431185
1655858421531053549 9812994
1655858421740923582 9487641
1655858421951225328 9837851
1655858422165729109 14089442
1655858422375462474 9347939
1655858422586919571 11079139
1655858422796917093 9366301
1655858423006718579 9382604
1655858423216512476 9409121
1655858423426924734 10017198
1655858423636568413 9254835
1655858423851219712 14180730
1655858424061456126 9837107
1655858424271502192 9636099
1655858424481940825 10039239
1655858424691567481 9250765
1655858424901463780 9490975
1655858425111132536 9230120
1655858425320826757 9313229
1655858425530552110 9336578
1655858425740089009 9153740
1655858425949758806 9234738
1655858426162761651 12568577
1655858426372357338 9210798
1655858426581894942 9149804
1655858426791435175 9144803
1655858427002363134 10531105
1655858427230385397 27623184
1655858427445289477 13048122
1655858427654988280 9310438
1655858427864887705 9502146
1655858428074551201 9276276
1655858428284559927 9590069
1655858428494157867 9207229
1655858428704003658 9447559
1655858428913989842 9580228
1655858429125790903 11397745
1655858429337835236 11622264
1655858429549944966 11703570
1655858429762830996 12459020
1655858429976072031 12806708
1655858430189021634 12503063
1655858430402311811 12858921
1655858430617114547 14372175
1655858430833457294 15927486
1655858431045247365 11276375
1655858431259440358 13760445
1655858431474575470 14037558
1655858431687295553 11674680
1655858431898443872 10252802
1655858432108620573 9749709
1655858432318261823 9255383
1655858432528773168 10037885
1655858432738434518 9231080
1655858432948399257 9448910
1655858433158126554 9295279
1655858433368041433 9459178
1655858433578121788 9659054
1655858433787900942 9391109
1655858433997533247 9330366
1655858434207238069 9322251
1655858434417027714 9389511
1655858434630957688 13545731
1655858434842460733 10034903
1655858435051935757 9064007
1655858435267508993 15333708
1655858435477192313 9281259
1655858435686573855 9002326
1655858435896069984 9101549
1655858436107378022 10568211
1655858436318886218 11119650
1655858436528505380 9230728
1655858436738025087 9131963
1655858436947715422 9301323
1655858437157440088 9294935
1655858437367007909 9175170
1655858437586530597 19134237
1655858437796229197 9311992
1655858438006071171 9412298
1655858438215692794 9219328
1655858438426659768 10545306
1655858438638608005 11543374
1655858438848370878 9361889
1655858439058018207 9246159
1655858439267831181 9416030
1655858439477415322 9195708
1655858439686866433 9039508
1655858439896512990 9222680
1655858440106018342 9104804
1655858440316932439 10511651
1655858440526539649 9219466
1655858440736754305 9741323
1655858440946411516 9270643
1655858441156066036 9267534
1655858441365971897 9215667
1655858441577662461 11290368
1655858441791323062 13185935
1655858442001274431 9475972
1655858442211071148 9296584
1655858442420908975 9456960
1655858442630900309 9608905
1655858442840759251 9380088
1655858443050700851 9453877
1655858443260790653 9706080
1655858443470461451 9277701
1655858443680666667 9806272
1655858443890354157 9306688
1655858444100529177 9699662
1655858444310252550 9337589
1655858444519949829 9300887
1655858444729485379 9290101
1655858444938993527 9085467
1655858445150476642 11006726
1655858445364673404 13540718
1655858445574344422 9261514
1655858445783945770 9177591
1655858445993495479 9139899
1655858446203043853 9147929
