1655508272610385420 374676404
1655508272903122839 92351998
1655508273108403064 4941891
1655508273313392470 4655534
1655508273518568380 4846862
1655508273723872265 4973648
1655508273929262857 5047923
1655508274134379965 4785097
1655508274339843991 5131960
1655508274545061132 4888593
1655508274750674751 5268619
1655508274955920452 4906974
1655508275161311347 5056990
1655508275366642372 4999090
1655508275572092876 5108877
1655508275777772776 5346902
1655508275984088187 5981500
1655508276190340366 5858318
1655508276396649007 5972871
1655508276604025547 6973398
1655508276810421311 6012993
1655508277016792062 6018155
1655508277223137045 5942533
1655508277430130915 6658111
1655508277636137384 5667801
1655508277842457738 5988642
1655508278048795088 5999819
1655508278255615352 6482214
1655508278462639648 6682906
1655508278668327483 5351870
1655508278874630907 5944865
1655508279081115217 6057068
1655508279286935591 5488545
1655508279493306306 5969476
1655508279698739511 5099442
1655508279904127058 5045901
1655508280110676950 6149844
1655508280316554132 5543571
1655508280522612761 5720059
1655508280728225451 5262570
1655508280933813853 5253277
1655508281139257724 5108804
1655508281345347312 5747054
1655508281551028474 5342560
1655508281757043816 5680112
1655508281962892559 5515096
1655508282168793096 5564630
1655508282374949185 5817971
1655508282580643483 5232818
1655508282786849805 5806197
1655508282993093954 5802754
1655508283199143901 5718267
1655508283404856636 5337752
1655508283611149157 5964703
1655508283816739619 5198127
1655508284022813441 5737072
1655508284228332024 5174720
1655508284433492821 4809285
1655508284638836814 5016801
1655508284844238024 5067730
1655508285049494842 4942765
1655508285255157638 5318858
1655508285460807697 5310010
1655508285666413507 5273927
1655508285872292685 5545571
1655508286078071851 5486376
1655508286283789246 5322200
1655508286489226558 5111704
1655508286695139421 5579763
1655508286900815536 5343732
1655508287106272217 5111086
1655508287311626360 5019664
1655508287517249840 5292061
1655508287722714202 5131753
1655508287928336833 5291024
1655508288133840756 5122585
1655508288339882245 5709764
1655508288545397958 5186119
1655508288751436777 5702953
1655508288956727113 4961950
1655508289162695433 5634227
1655508289368425667 5339823
1655508289574315266 5558619
1655508289780298740 5653926
1655508289986416588 5764126
1655508290191875242 5119809
1655508290397689879 5478904
1655508290603714868 5692043
1655508290809055712 5010417
1655508291014845681 5457289
1655508291221148616 5973475
1655508291426748564 5264910
1655508291632982389 5902092
1655508291839033162 5722959
1655508292044869698 5500229
1655508292251282425 6072155
1655508292456789059 5179414
1655508292662594340 5471419
1655508292868470479 5543061
1655508293073948450 5146823
1655508293280062736 5714732
1655508293485547155 5149147
1655508293691023906 5140097
1655508293896556665 5201214
1655508294102215492 5329675
1655508294308110364 5541563
1655508294514693263 6243036
1655508294720278616 5230078
1655508294925401538 4781916
1655508295131097191 5363560
1655508295336333142 4903393
1655508295542127836 5439413
1655508295748001608 5539688
1655508295953522692 5185132
1655508296158941959 5089094
1655508296364335462 5057404
1655508296570238642 5550062
1655508296775981657 5402038
1655508296981179072 4865710
1655508297186535747 5026646
1655508297392279863 5411917
1655508297597942031 5333836
1655508297803196322 4923106
1655508298009275684 5750724
1655508298214541905 4928656
1655508298420682549 5806723
1655508298626253378 5238797
1655508298831937373 5347381
1655508299037424806 5158658
1655508299242818090 5058533
1655508299448170518 5015659
1655508299653827845 5325256
1655508299859013044 4857614
1655508300064161463 4742955
1655508300270117656 5629263
1655508300475428982 4981483
1655508300680697897 4933277
1655508300887072729 6065136
1655508301092318688 4913388
1655508301297792378 5116907
1655508301503257518 5134149
1655508301708671289 5083417
1655508301913806246 4800885
1655508302119362250 5214719
1655508302325039013 5339186
1655508302530339753 4964967
1655508302735733261 5060929
1655508302941037579 4972059
1655508303146368041 4990457
1655508303351703763 4999671
1655508303556980581 4941494
1655508303762179503 4861883
1655508303967950143 5435340
1655508304173055553 4774091
1655508304378458998 5059287
1655508304583702390 4905145
1655508304789117530 5075850
1655508304994375304 4914050
1655508305200111294 5403136
1655508305405501931 4987597
1655508305610866035 5025985
1655508305816274245 5080385
1655508306022176206 5561058
1655508306227362231 4848276
1655508306432768330 5070016
1655508306638271731 5160711
1655508306843880976 5275039
1655508307049259643 5043481
1655508307254813529 5209063
1655508307460448935 5289255
1655508307665732903 4944381
1655508307871034492 4964380
1655508308076832163 5436264
1655508308282158029 4973461
1655508308487640379 5144925
1655508308693385256 5405403
1655508308898870593 5146388
1655508309104253557 5042617
1655508309309820759 5229582
1655508309515508555 5348297
1655508309720901639 5055438
1655508309926586730 5345339
1655508310132041760 5110899
1655508310337380591 4984877
1655508310542642864 4923543
1655508310748006328 5025114
1655508310953447913 5082980
1655508311158727044 4937346
1655508311364045817 4978586
1655508311569174862 4776300
1655508311774661675 5147295
1655508311980206906 5206012
1655508312185386023 4840757
1655508312390734788 4999581
1655508312596116386 5040618
1655508312801505018 5040778
1655508313006986578 5144468
1655508313212331840 5011117
1655508313418630747 5935521
1655508313623887434 4915380
1655508313829334653 5105933
1655508314034728637 5055301
1655508314240139856 5067086
1655508314445427346 4948755
1655508314650872448 5104459
1655508314856159402 4948668
1655508315061758100 5266245
1655508315267106787 5009973
1655508315472136214 4697553
1655508315677683587 5212663
1655508315883858059 5846225
1655508316089191784 4998055
1655508316294803929 5279614
1655508316500102840 4964877
1655508316705295947 4861692
1655508316910636841 4998076
1655508317116378388 5399850
1655508317321594065 4885562
1655508317526993350 5068206
1655508317732240111 4915855
1655508317937410201 4834226
1655508318142552139 4811064
1655508318348019218 5132511
1655508318553323964 4955603
1655508318758550052 4884925
1655508318964042928 5153858
1655508319169370152 4935073
1655508319374853613 5142566
1655508319580215313 5032262
1655508319785418585 4870122
1655508319990782275 5030353
1655508320196172343 5044152
1655508320401402173 4895584
1655508320606735410 5002592
1655508320812127337 5057371
1655508321017458136 4995860
1655508321222843035 5056594
1655508321428577249 5390849
1655508321634086153 5177759
1655508321840788037 6362296
1655508322046901749 5770808
1655508322252895476 5664708
1655508322458635864 5402372
1655508322664068260 5099466
1655508322870034843 5631579
1655508323075398439 5022921
1655508323280957274 5222618
1655508323486566280 5260252
1655508323692246829 5339880
1655508323897691861 5090939
1655508324103210924 5182612
1655508324309077744 5510410
1655508324514786970 5355008
1655508324728742295 13621500
1655508324935614673 6263175
1655508325141120340 5168546
1655508325346441642 4982148
1655508325551986967 5214371
1655508325757776936 5463355
1655508325963671522 5567222
1655508326168995827 4994001
1655508326374750341 5426519
1655508326580277027 5190151
1655508326785346782 4746151
1655508326990751125 5080273
1655508327196295979 5212543
1655508327401369864 4748882
1655508327606995416 5302046
1655508327812718702 5401799
1655508328018003862 4963523
1655508328223514284 5186930
1655508328429021670 5184454
1655508328634121376 4776466
1655508328839450964 5014467
1655508329044867353 5092711
1655508329251207963 6018626
1655508329457387009 5854969
1655508329663916177 6207341
1655508329869637853 5397066
1655508330075261983 5300651
1655508330281067296 5480205
1655508330486614912 5252002
1655508330692558434 5621805
1655508330898472572 5572147
1655508331104151073 5343064
1655508331310269830 5789365
1655508331516027902 5433685
1655508331722140073 5774655
1655508331927862994 5399749
1655508332133149348 4962832
1655508332339236900 5761426
1655508332545198022 5633749
1655508332750624925 5101625
1655508332956737947 5786992
1655508333162268343 5206482
1655508333368443958 5850813
1655508333573727499 4956465
1655508333779490920 5430074
1655508333985282399 5469489
1655508334191341782 5725809
1655508334396726142 5052238
1655508334602619994 5466930
1655508334808369202 5421424
1655508335013985648 5324563
1655508335219754405 5446850
1655508335425484916 5405927
1655508335631126666 5318355
1655508335836734015 5284556
1655508336042921882 5858802
1655508336248658087 5412160
1655508336454107124 5122876
1655508336660299594 5826972
1655508336866107920 5671262
1655508337071512287 5088499
1655508337277604991 5761122
1655508337483698781 5769886
1655508337689530437 5510016
1655508337894935059 5035439
1655508338101246969 5980235
1655508338306866742 5296991
1655508338513166365 5977920
1655508338718462621 4972380
1655508338924076216 5290283
1655508339129904586 5500686
1655508339335623980 5393135
1655508339541340904 5393292
1655508339747564253 5898425
1655508339952971229 5072862
1655508340158254845 4961253
1655508340363707864 5126257
1655508340569040865 5007566
1655508340774366719 5003542
1655508340979761105 5061576
1655508341185116249 5024082
1655508341390427125 4991525
1655508341595790626 5033159
1655508341801415190 5304005
1655508342007553166 5815252
1655508342213388612 5515790
1655508342419480028 5768252
1655508342625133849 5328794
1655508342831003720 5543925
1655508343036888375 5560027
1655508343242790634 5584259
1655508343448793528 5667165
1655508343654684740 5567913
1655508343860399017 5389594
1655508344065707704 4986323
1655508344270967658 4936305
1655508344476389819 5094841
1655508344681669232 4954930
1655508344888130812 6129634
1655508345093443163 4978313
1655508345298656803 4883883
1655508345503964282 4975780
1655508345709339489 5044960
1655508345914584649 4915681
1655508346119766854 4864498
1655508346325028322 4931866
1655508346530418974 5062467
1655508346735971476 5222809
1655508346941232895 4933772
1655508347146574856 5013664
1655508347351874910 4970204
1655508347557793217 5588494
1655508347763052086 4928091
1655508347968332450 4952082
1655508348173920563 5240112
1655508348379325928 5075709
1655508348584687707 5033143
1655508348789861752 4848200
1655508348995365333 5177035
1655508349200603255 4909257
1655508349406031050 5118628
1655508349611407307 5048070
1655508349816716698 4982331
1655508350021924782 4887155
1655508350227184643 4938501
1655508350432508430 5005137
1655508350637898601 5064943
1655508350843249877 5028137
1655508351048669215 5095291
1655508351254080887 5105760
1655508351459595141 5192800
1655508351665195276 5279350
1655508351870445149 4926784
1655508352075893776 5125106
1655508352281144507 4929980
1655508352486546942 5080671
1655508352691873083 4997112
1655508352897255695 5060244
1655508353102433761 4852260
1655508353307726069 4969586
1655508353513074522 5025464
1655508353718348549 4951322
1655508353924036867 5366160
1655508354129222925 4850465
1655508354334611875 5066706
1655508354539860496 4924371
1655508354745388980 5206186
1655508354951236211 5401805
1655508355157125767 5552105
1655508355363064835 5613800
1655508355569203709 5815943
1655508355775040616 5513674
1655508355981057072 5692450
1655508356187114750 5734439
1655508356393176457 5737622
1655508356599011290 5512640
1655508356804581268 5247567
1655508357010254726 5351907
1655508357215809503 5233107
1655508357421713387 5580755
1655508357627867839 5830019
1655508357833308598 5118418
1655508358039206198 5567306
1655508358245095060 5556203
1655508358450963786 5543345
1655508358657033407 5745060
1655508358862725780 5370642
1655508359068453473 5388085
1655508359273956725 5170021
1655508359479406260 5125884
1655508359685303797 5565960
1655508359890852866 5225495
1655508360096377988 5198648
1655508360302007939 5297295
1655508360507733683 5401925
1655508360713600848 5540198
1655508360920069516 6143800
1655508361125421367 5028875
1655508361331291582 5547370
1655508361537290384 5665769
1655508361742668802 5055743
1655508361948247917 5246389
1655508362153939906 5370062