1655510582154544143 271655064
1655510582657136100 302099156
1655510583357664331 401512807
1655510583655412838 97405115
1655510583863030876 7271303
1655510584068801518 5437014
1655510584274681250 5547665
1655510584480135325 5106305
1655510584685817736 5338432
1655510584960156363 73981883
1655510585256512019 96001097
1655510585558896413 102067736
1655510585856138003 96893118
1655510586062384205 5919149
1655510586363975257 101255525
1655510586658360810 94210090
1655510586866284859 7614894
1655510587161072496 94443150
1655510587459477787 98082328
1655510587758299737 98472746
1655510588061611002 102977368
1655510588358324525 96385074
1655510588660310101 101680259
1655510588959650441 99022435
1655510589257152345 97166858
1655510589655396819 197910433
1655510589863950920 8192368
1655510590159114121 94851195
1655510590456476323 97014451
1655510590756273771 99471063
1655510590964979135 8373179
1655510591263787959 9712918
1655510591558393358 94279440
1655510591856904569 98171947
1655510592256800748 199535253
1655510592555302755 98123337
1655510592854884440 99224091
1655510593061781121 6549433
1655510593361162251 7100059
1655510593659723619 98203054
1655510593957775597 97676618
1655510594259579833 101448770
1655510594556779639 96853046
1655510594857533274 100289351
1655510595155811526 97946446
1655510595454942951 98808563
1655510595755385573 100075012
1655510595964021362 8319835
1655510596263973490 9603456
1655510596558486538 94349492
1655510596856562016 97725565
1655510597161976867 105074611
1655510597459895021 97562831
1655510597757112699 96893676
1655510598057079201 99640773
1655510598358506131 101115740
1655510598662865356 104027320
1655510598958433324 95207019
1655510599261238039 102427103
1655510599558392580 96822648
1655510599766970503 8229854
1655510600056540760 89219720
1655510600263600165 6739011
1655510600556946137 93022621
1655510600859275624 101981119
1655510601255048133 195444511
1655510601463158184 7782770
1655510601761044003 6997828
1655510602058744874 97384834
1655510602361748583 102642419
1655510602660609977 98503205
1655510602958039659 97087431
1655510603165117639 6726377
1655510603457001002 91527540
1655510603662833478 5482567
1655510603963825967 9105304
1655510604262271648 8177660
1655510604559803610 97219347
1655510604765978467 5854431
1655510605058357141 92028815
1655510605264652377 5947381
1655510605470881967 5909261
1655510605757463029 86216796
1655510606054146022 96363317
1655510606265614621 11155729
1655510606561236744 95275833
1655510606859492073 97906847
1655510607156395465 96594568
1655510607366255646 9550795
1655510607665014253 9582872
1655510607960534572 95178719
1655510608256600741 95753542
1655510608554175874 97256642
1655510608763616708 9090523
1655510609154224578 100177028
1655510609363205485 8634589
1655510609662028126 98484133
1655510609962093733 99714267
1655510610355084858 192663273
1655510610655264217 99871434
1655510610863719773 8130827
1655510611160689209 6618239
1655510611458909542 97896696
1655510611757198991 97926341
1655510612056013382 98454617
1655510612355067748 98700345
1655510612562388750 7000524
1655510612954579893 100508866
1655510613162393841 7444582
1655510613558622039 195871147
1655510613855655313 96693106
1655510614155937416 99920270
1655510614365147257 8886859
1655510614662188065 8113234
1655510614960623936 98090572
1655510615259487980 5168542
1655510615556331372 96540443
1655510615856373421 99697387
1655510616063648221 6948348
1655510616357270419 93276055
1655510616754658049 197066167
1655510617054502020 99521352
1655510617262225673 7375205
1655510617561168395 98620867
1655510617858504897 97000802
1655510618159456443 100627266
1655510618458561164 98785924
1655510618763587146 104706504
1655510619058763042 94803717
1655510619354684582 95564479
1655510619563485937 8482868
1655510619860350717 96541487
1655510620156481846 95786909
1655510620364992566 8209981
1655510620663457029 9378825
1655510620961348024 7279876
1655510621258599512 96913745
1655510621565515119 106507647
1655510621862283923 8213211
1655510622159458672 96877547
1655510622457657272 97840240
1655510622754093583 96076306
1655510623054166600 99726561
1655510623261260790 6750874
1655510623558534597 96955060
1655510623765920666 7045443
1655510624058038839 91774621
1655510624358757363 100404066
1655510624565731446 6621580
1655510624859974072 5893102
1655510625158177901 98032240
1655510625559058672 200577615
1655510625857677354 98317976
1655510626065171664 7163492
1655510626361352959 7309386
1655510626659910867 5846675
1655510626958557184 98441914
1655510627166709521 7746852
1655510627554424644 100366140
1655510627763127464 8369665
1655510628062196351 8145524
1655510628361017840 98517044
1655510628657143342 95832277
1655510628954911293 97461654
1655510629163934961 8673891
1655510629458295730 94149885
1655510629758141523 99509902
1655510630060497898 102005190
1655510630357334549 96487999
1655510630655269476 97623458
1655510630864499374 8913947
1655510631255297811 101240384
1655510631466612219 11005111
1655510631855364993 188441951
1655510632154191652 98494532
1655510632361221192 6668790
1655510632659436394 97907304
1655510632865074871 5305084
1655510633163842671 9793638
1655510633456555434 92372770
1655510633754390171 97522785
1655510634054175097 99343841
1655510634263168893 8649916
1655510634557392929 93892711
1655510634954105204 196384194
1655510635162912812 8443476
1655510635459942917 96686565
1655510635757480927 97372112
1655510636059368073 101466831
1655510636267564248 7893290
1655510636561877537 93959727
1655510636858933450 96708470
1655510637156395241 97131532
1655510637363487750 6756741
1655510637656327853 92523847
1655510637861987421 5360389
1655510638161656357 7276098
1655510638461673360 99695890
1655510638759674160 97686129
1655510638966657748 6665870
1655510639262353802 8003444
1655510639563081468 100388952
1655510639861281817 97863627
1655510640160012508 98390279
1655510640365874520 5509978
1655510640662143291 8080302
1655510640963768522 9717751
1655510641265175178 11094787
1655510641655600811 101518553
1655510641862387054 6455445
1655510642159842904 97112311
1655510642457137742 96966096
1655510642757984592 100521571
1655510642964896355 6538220
1655510643257696167 92455285
1655510643559608134 101561947
1655510643856629478 96708232
1655510644157318820 100356241
1655510644462482808 104820298
1655510644759071097 96266919
1655510644967017994 7581212
1655510645257869234 90508899
1655510645559427089 101223924
1655510645765060859 5304406
1655510646057421269 92013698
1655510646359560498 101804025
1655510646656395604 96523230
1655510646866553638 9834097
1655510647162904608 96008705
1655510647463244916 99988693
1655510647757348242 93763415
1655510647967545389 9862764
1655510648260654106 6304612
1655510648555820494 94863999
1655510648763646475 7491014
1655510649058332355 94360054
1655510649354227094 95570024
1655510649654611523 100062985
1655510649864743497 9800763
1655510650355713701 201346860
1655510650655116192 99039555
1655510650863339352 7907520
1655510651161437036 7377912
1655510652556026149 1194271334
1655510652761825304 5422141
1655510653059107147 96944484
1655510653267807739 8365950
1655510653654198192 100143197
1655510653954175718 99644600
1655510654254164840 99642078
1655510654466323306 11809928
1655510654760712959 94081421
1655510655056764423 95744857
1655510655264814907 7713003
1655510655556805150 91652957
1655510655854237141 97132599
1655510656059660455 5084400
1655510656356466505 96468258
1655510656656854540 100073536
1655510656863101361 5929875
1655510657161588429 98169753
1655510657458876284 96970841
1655510657763784805 104572317
1655510658056972316 92859620
1655510658355353185 98062469
1655510658561600275 5919426
1655510658857256450 95320331
1655510659065680787 8116831
1655510659359538110 93520156
1655510659657212423 97310127
1655510659867034819 9480284
1655510660162609573 8563344
1655510660462563773 99644224
1655510660854170689 191261545
1655510661063382536 8840866
1655510661356314420 92586048
1655510661566128742 9500898
1655510661858707277 92208615
1655510662163098740 104028053
1655510662461431994 98002830
1655510662760750672 98910567
1655510663057255031 96160326
1655510663359562983 101953723
1655510663656812059 96899532
1655510663956463222 99316342
1655510664165045901 8259714
1655510664463434403 9404440
1655510664758690557 94909662
1655510665155742790 196648687
1655510665454666400 98544273
1655510665760705833 105593732
1655510666057323580 96270613
1655510666267278540 9601460
1655510666557319933 89694756
1655510666765031445 7372438
1655510667061659010 7616092
1655510667358066592 96087389
1655510667755592744 197188457
1655510668055478753 99519270
1655510668262946213 7149469
1655510668561532787 98253699
1655510668859103990 97244246
1655510669159465818 99979223
1655510669464852966 105022926
1655510669766038895 11968637
1655510670059652224 93264695
1655510670356427641 96457737
1655510670562535348 5784213
1655510670862306591 99422562
1655510671067873807 5256157
1655510671361937735 7656893
1655510671661619349 99359619
1655510671960889874 98928325