1655525343206946382 176756775
1655525343603827077 102961022
1655525343810912786 6773127
1655525344017411426 6163991
1655525344224014917 6263806
1655525344429961614 5625687
1655525344635922360 5635114
1655525344841801318 5541272
1655525345047614407 5488846
1655525345253837466 5874223
1655525345459737665 5567066
1655525345665620946 5535966
1655525345871517949 5534565
1655525346077472081 5608480
1655525346283320801 5512199
1655525346489305491 5641131
1655525346695157202 5483886
1655525346901160341 5658611
1655525347106813362 5349548
1655525347312836794 5677833
1655525347518627381 5443953
1655525347724597373 5624672
1655525347930489911 5540522
1655525348136571560 5719037
1655525348342527648 5608514
1655525348548481756 5607683
1655525348754280231 5455714
1655525348960379124 5753384
1655525349166345810 5624449
1655525349372376541 5681658
1655525349578314017 5600735
1655525349784250441 5594307
1655525349990001678 5413985
1655525350195806116 5461090
1655525350401687751 5537766
1655525350607644670 5602140
1655525350813665679 5674694
1655525351019628928 5621304
1655525351226323682 6355399
1655525351432153707 5482384
1655525351638033674 5539317
1655525351843981418 5606839
1655525352049944380 5618738
1655525352255938455 5651009
1655525352461547229 5262342
1655525352667449110 5559877
1655525352873366861 5575863
1655525353079201996 5491916
1655525353285269028 5718353
1655525353491120498 5507821
1655525353697244265 5777645
1655525353903127836 5534044
1655525354109085133 5615436
1655525354315014826 5588206
1655525354521000635 5641281
1655525354726689941 5346345
1655525354932654759 5612635
1655525355138665836 5642930
1655525355344758736 5751646
1655525355550594585 5499704
1655525355756661121 5723804
1655525355962591548 5584342
1655525356168586698 5656553
1655525356374563872 5635312
1655525356580421133 5507761
1655525356786406444 5615741
1655525356992395884 5629758
1655525357198387257 5648070
1655525357404419856 5682446
1655525357610390179 5607812
1655525357816498287 5761030
1655525358022487909 5643203
1655525358228511509 5676638
1655525358434458168 5602985
1655525358640497248 5698440
1655525358846250873 5413051
1655525359052176147 5579910
1655525359257893828 5382830
1655525359463856772 5620201
1655525359669841503 5622296
1655525359875801415 5611016
1655525360081537937 5384660
1655525360287500122 5621406
1655525360493430366 5589010
1655525360699351284 5557444
1655525360905300138 5606174
1655525361111158987 5514442
1655525361317190104 5682763
1655525361523242422 5705792
1655525361729226236 5643437
1655525361935127426 5557762
1655525362141206424 5735489
1655525362347107009 5547724
1655525362553100040 5651076
1655525362758404681 4966753
1655525362963750162 5023529
1655525363169169354 5082076
1655525363374559905 5059096
1655525363580066791 5114250
1655525363785363734 4963242
1655525363990713657 5016617
1655525364196094928 5043566
1655525364401426202 4997412
1655525364606751149 4992217
1655525364812107681 5027917
1655525365017404062 4963823
1655525365222800611 5062233
1655525365428142146 5004265
1655525365633446650 4996154
1655525365838790755 5010294
1655525366044234956 5113970
1655525366249528613 4968615
1655525366454853576 4997519
1655525366660312838 5133092
1655525366865429406 4962936
1655525367070759358 5001620
1655525367276206126 5127201
1655525367481521251 4978816
1655525367686930950 5078269
1655525367892379429 5118732
1655525368097673302 5005611
1655525368303109450 5144665
1655525368508548894 5110318
1655525368713935194 5053758
1655525368919265872 4997662
1655525369124565550 4957650
1655525369329992894 5097564
1655525369535422557 5086651
1655525369740825250 5077178
1655525369946203257 5043038
1655525370151540107 4998320
1655525370356807016 4935384
1655525370562132275 4990390
1655525370767487995 5024550
1655525370972894725 5080648
1655525371178139712 4907067
1655525371383503206 5034969
1655525371588903005 5070035
1655525371794264644 5034959
1655525371999620292 5023585
1655525372205018842 5069799
1655525372410343161 4985755
1655525372615727212 5039761
1655525372821100090 5042000
1655525373026399296 4965882
1655525373231787965 5057020
1655525373437226362 5105480
1655525373642488964 4928125
1655525373847916259 5088554
1655525374053308045 5053527
1655525374258633360 4993904
1655525374464013196 5050867
1655525374669402035 5058309
1655525374874724462 4989743
1655525375080123346 5078402
1655525375285509256 5061199
1655525375490801076 4958467
1655525375696136942 5008965
1655525375901358063 4908766
1655525376106625513 4972807
1655525376312056491 5101619
1655525376517385255 4983155
1655525376722668618 4893369
1655525376928033614 5035847
1655525377133396110 5014662
1655525377338716244 4982024
1655525377544074602 5024843
1655525377749371230 4963019
1655525377954642000 4942258
1655525378160003966 5033377
1655525378365307328 4974476
1655525378570657086 5013677
1655525378776140912 5089081
1655525378981379268 4906213
1655525379186690115 4976445
1655525379392095844 5075788
1655525379597426954 4994592
1655525379802773343 5016271
1655525380008212320 5112214
1655525380213488881 4940927
1655525380418909722 5089522
1655525380624321522 5081256
1655525380829537639 4866975
1655525381034819022 4946757
1655525381240235053 5085497
1655525381445518124 4944217
1655525381650834730 4985511
1655525381856297543 5132972
1655525382061619873 4990047
1655525382266940451 4997879
1655525382472415326 5147575
1655525382677855962 5094554
1655525382883234253 5048701
1655525383088691265 5119740
1655525383294032863 5009169
1655525383499397315 5034811
1655525383704744424 5013895
1655525383910093631 5011969
1655525384115456738 5029469
1655525384320764497 4967365
1655525384526175129 5071811
1655525384731635958 5128970
1655525384937118050 5150442
1655525385142360998 4909568
1655525385347837195 5146210
1655525385553171386 5011058
1655525385758496305 4989088
1655525385963913812 5058732
1655525386169252167 5008434
1655525386374474712 4891443
1655525386579879734 5076256
1655525386785313866 5104889
1655525386990577953 4930138
1655525387195947644 5040659
1655525387401307924 5033710
1655525387606766571 4995790
1655525387812341770 5237836
1655525388017812291 5106531
1655525388223183801 5039841
1655525388428549057 5036623
1655525388634016679 5135548
1655525388839335301 4983973
1655525389044795714 5128634
1655525389250107304 4962912
1655525389455441507 4997225
1655525389660844621 5069222
1655525389866287333 5109181
1655525390071644175 5026005
1655525390277062510 5088810
1655525390482375396 4981433
1655525390687872892 5163160
1655525390893299155 5094937
1655525391098673906 5040919
1655525391304150410 5134686
1655525391509456712 5011715
1655525391714680119 4881985
1655525391920112385 5104933
1655525392125431531 4986723
1655525392330711826 4935868
1655525392536063830 5027767
1655525392741457245 5060487
1655525392946749908 4961430
1655525393159048252 11963581
1655525393366366932 6784584
1655525393571857697 5166170
1655525393777185886 5000211
1655525393982485093 4977325
1655525394187751031 4944528
1655525394393124576 5052065
1655525394598521155 5071781
1655525394803686134 4848920
1655525395009143504 5133409
1655525395214708731 5235470
1655525395420645463 5583641
1655525395626284425 5303288
1655525395831929741 5316696
1655525396037615664 5344516
1655525396243376126 5424488
1655525396448766087 5054411
1655525396654314244 5184518
1655525396859761268 5111727
1655525397065185859 5097467
1655525397270479747 4962939
1655525397475872058 5063749
1655525397681333705 5132985
1655525397886678087 5013677
1655525398092026691 5019664
1655525398297441758 5065861
1655525398502782864 5015503
1655525398708226413 5113676
1655525398913547715 5001013
1655525399118874173 4996211
1655525399324327357 5123294
1655525399529726934 5060281
1655525399735139314 5079253
1655525399940621041 5151973
1655525400145976970 5027923
1655525400351364906 5058348
1655525400556814850 5118815
1655525400762184786 5033808
1655525400967610852 5094744
1655525401173118482 5175937
1655525401378497878 5047343
1655525401584119760 5297628
1655525401789488760 5040001
1655525401994882135 5064626
1655525402200378420 5153202
1655525402405742695 5070389
1655525402611316105 5229450
1655525402816839413 5186346
1655525403022263300 5089778
1655525403227716501 5117671
1655525403433128527 5071286
1655525403638574287 5115745
1655525403844120555 5219551
1655525404049508381 5055583
1655525404254836518 4993838
1655525404460340672 5158101
1655525404665681462 4977245
1655525404871163607 5144482
1655525405076831946 5326311
1655525405282217129 5036504
1655525405487856527 5311714
1655525405693347656 5160390
1655525405898763243 5067963
1655525406105195833 6092835
1655525406310825154 5294337
1655525406516401284 5237923
1655525406721844273 5067556
1655525406927383677 5194139
1655525407132892838 5176571
1655525407338306147 5078501
1655525407543823815 5176969
1655525407749324808 5162606
1655525407954775863 5104548
1655525408160231228 5127699
1655525408365642504 5081526
1655525408571177603 5205653
1655525408776767505 5257665
1655525408982262177 5110292
1655525409187751376 5156743
1655525409393247604 5164635
1655525409598650617 5066281
1655525409804145259 5157958
1655525410009553454 5049258
1655525410214982331 5084967
1655525410420430388 5119179
1655525410625857449 5083350
1655525410831366632 5184241
1655525411036929135 5230307
1655525411242221314 4962051
1655525411447794844 5242661
1655525411653364225 5238693
1655525411858841827 5140056
1655525412064258076 5082454
1655525412269442620 4851563
1655525412474782957 5009346
1655525412680402811 5280589
1655525412885634920 4901131
1655525413090961208 4996027
1655525413296470120 5177700
1655525413501898032 5097097
1655525413707217845 4987317
1655525413912621526 5074194
1655525414118018996 5064100
1655525414323421200 5071253
1655525414528795954 5034301
1655525414734207794 5081068
1655525414939556568 5014462
1655525415144973833 5086521
1655525415350335498 5040057
1655525415555727175 5051988
1655525415760872724 4817243
1655525415966289814 5081629
1655525416171556086 4933922
1655525416376911862 5031655
1655525416582144892 4901575
1655525416787504465 5029236
1655525416992936939 5100935
1655525417198244713 4983609
1655525417403695615 5057672
1655525417609081588 5056243
1655525417814426036 5014064
1655525418019872099 5109715
1655525418226063572 5860384
1655525418431531673 5078049
1655525418636971846 5101970
1655525418842266157 4969440
1655525419047576733 4983139
1655525419252987454 5080904
1655525419458346604 5022411
1655525419663812737 5129068
1655525419869222738 5080541
1655525420074491099 4938064
1655525420279871122 5052352
1655525420485272507 5077057
1655525420690596165 4989022
1655525420895982403 5063616
1655525421102110205 5796524
1655525421307507171 5070583
1655525421512929774 5083681
1655525421718167961 4907368
1655525421923381245 4883557
1655525422128563647 4833773
1655525422333840338 4959919
1655525422539075083 4906577
1655525422744327560 4920987
1655525422949405693 4754293
1655525423154703597 4970167
1655525423359886900 4859886
1655525423565244493 5021550
1655525423770621439 5048888
1655525423975849080 4901278
1655525424181123051 4940853
1655525424386460891 5009826
1655525424591718176 4924901
1655525424797035721 4986573
1655525425002335846 4968719
1655525425207747368 5080514
1655525425413181247 5105187
1655525425618520596 5008417
1655525425823855875 4999594
1655525426029223500 5036070
1655525426234520677 4971161
1655525426440059734 5212553
1655525426645324823 4900505
1655525426850613626 4997922
1655525427056004238 5100837
1655525427262073359 5752786
1655525427467954767 5577748
1655525427673888033 5615695
1655525427879532621 5339523
1655525428085408502 5571307
1655525428291388862 5676863
1655525428497087349 5386871
1655525428702701665 5307759
1655525428908481096 5474206
1655525429114033644 5248846
1655525429319671465 5334427
1655525429525540009 5562603
1655525429731941830 6072127
1655525429937584125 5336793
1655525430143255247 5366965
1655525430348926179 5366642
1655525430554519144 5286382
1655525430760142895 5316743
1655525430965816200 5371957
1655525431171087077 4966072
1655525431376873677 5481443
1655525431582619101 5453618
1655525431788516974 5592544
1655525431994369963 5549241
1655525432200651350 5938587
1655525432406623496 5672761
1655525432612526680 5599406
1655525432818053542 5233881
1655525433024206137 5841783