1655528020676742451 177676156
1655528020977628786 100518704
1655528021376959099 198985839
1655528022076262336 400729124
1655528022574621661 297998649
1655528022881550322 106599113
1655528023178269119 96378342
1655528023482906670 104304073
1655528023874652557 191429357
1655528024082989333 7991879
1655528024477161544 193857441
1655528025075776633 300951446
1655528025285223383 9093486
1655528025584035177 9507232
1655528025878051555 93708254
1655528026182981124 104610416
1655528026576027323 192732957
1655528026875835982 99462696
1655528027081769518 5620688
1655528027378280820 96173975
1655528027775164846 196565035
1655528028176072490 200385247
1655528028386724564 10301462
1655528028681704241 7193953
1655528028978100300 96055571
1655528029280705956 102280888
1655528029776363439 201549049
1655528030078979551 102254314
1655528030286600231 7195838
1655528030579317905 92401262
1655528030880670941 101011380
1655528031178380671 97385363
1655528031482998400 8471001
1655528031786391874 11669736
1655528032174689006 187966628
1655528032382310729 7257590
1655528032678371441 95744049
1655528032979721075 101023031
1655528033187733370 7695296
1655528033479634415 91582751
1655528033685333532 5394876
1655528033977855714 92197701
1655528034278092779 99938290
1655528034676420557 198022613
1655528034977451902 100652144
1655528035278447274 100686642
1655528035578930717 100155381
1655528035879357081 100071347
1655528036182561495 102854035
1655528036480164110 97221906
1655528036777674858 97051698
1655528037085585033 11096040
1655528037386007624 9086885
1655528037777816180 103286478
1655528038276564557 202049601
1655528038483635724 6727888
1655528038779638455 95652132
1655528039082237658 102277750
1655528039383114010 8327868
1655528039775666953 100900947
1655528040076512599 100461993
1655528040574571930 297735366
1655528040782594100 7698938
1655528041078746423 95789891
1655528041284514749 5415524
1655528041579259240 94381763
1655528041976548595 196928692
1655528042279253543 102366524
1655528042584578740 9802527
1655528042876974094 92079939
1655528043182861885 8249476
1655528043674622100 199812911
1655528043981285788 106310275
1655528044478278172 203752572
1655528044781478940 6960453
1655528045176694845 102182003
1655528045479822463 102941829
1655528045874901333 100387886
1655528046083901493 8654462
1655528046382522186 7983894
1655528046680725740 97894594
1655528047080443069 105670697
1655528047382026842 101226503
1655528047684353817 9578951
1655528048076152468 101639372
1655528048284575405 8082738
1655528048577724586 92852212
1655528049082123505 206683828
1655528049477796451 103275133
1655528049776526971 98379838
1655528049986598299 9725573
1655528050278288083 91347659
1655528050676280263 197552059
1655528050974994881 98355921
1655528051185475660 10147805
1655528051478271149 92442963
1655528051875581456 196949486
1655528052275615632 199710809
1655528052486251276 10299847
1655528052778467083 91875179
1655528053077623507 98837841
1655528053378017066 100057139
1655528053679165340 100828347
1655528054076556730 101702421
1655528054475289994 198433132
1655528054782034015 106416693
1655528055276413766 294080829
1655528055575599488 98754746
1655528055783959136 8046565
1655528055989522297 5224460
1655528056279771207 89913827
1655528056486337141 6253289
1655528056780411838 93717852
1655528057076884123 96150619
1655528057286584407 9384081
1655528057675857091 101330940
1655528057976181604 99995567
1655528058375100078 198600785
1655528058775128009 199705579
1655528059176208069 200732138
1655528059575168340 198619591
1655528059884114727 108605316
1655528060178417522 93948346
1655528060479724605 100992647
1655528060781822218 101722910
1655528061078851439 96684359
1655528061285430050 6219050
1655528061580176366 94398804
1655528061879170060 98663256
1655528062182654118 103148477
1655528062577078745 194084995
1655528062976386500 198943355
1655528063277249826 100508407
1655528063577273557 99726068
1655528063878000438 100373237
1655528064179141158 100839469
1655528064576077951 101562210
1655528064975814515 199394185
1655528065182319715 6156908
1655528065575121935 192448272
1655528065784304653 8859052
1655528066176097353 101394427
1655528066476689210 100227761
1655528066687034792 10028511
1655528066982700288 8191083
1655528067374586156 191546837
1655528067582933282 7981431
1655528067980425086 105893720
1655528068483124462 302341545
1655528068774918488 91432476
1655528068980923611 5657290
1655528069186985542 5711467
1655528069392570058 5231174
1655528069685747333 11216868
1655528069976905549 90845801
1655528070277701273 100467032
1655528070580021356 101964530
1655528070975756721 195402657
1655528071275801249 99705461
1655528071484478044 8331419
1655528071976501569 201988471
1655528072279792267 102930960
1655528072582677190 8186741
1655528072975157462 192133309
1655528073184698366 9233494
1655528073578841079 104324231
1655528073784664712 5508546
1655528074082653858 7868891
1655528074380458256 97462935
1655528074677885052 97068770
1655528074979047812 100835140
1655528075282114696 102759127
1655528075579242963 96730618
1655528075977944391 198407715
1655528076280289401 102029243
1655528076577796022 97164572
1655528076877457506 99299704
1655528077178911274 101134687
1655528077485959907 11444551
1655528077779327975 93011996
1655528079276219665 1201717413
1655528079484714775 8166120
1655528079876435855 101916860
1655528081281520534 1204759907
1655528081576930028 95091074
1655528081883740489 106506190
1655528082179035718 94843624
1655528082385756704 6358958
1655528082677848552 91745881
1655528082884694032 6497435
1655528083178609228 93681823
1655528083875573968 496600370
1655528084276651173 200292670
1655528084581699894 7173243
1655528084879066759 96928899
1655528085085957627 6534230
1655528085378090946 91776038
1655528085680370740 101922388
1655528085888258090 7526184
1655528086184123454 9612012
1655528086482863977 8339891
1655528086975825603 201301441
1655528087183467463 7310047
1655528087478247919 94416563
1655528087780358523 101760203
1655528088077994681 97262671
1655528088376978595 98679907
1655528088679294297 102007366
1655528088979569823 99949506
1655528089379349603 199434544
1655528089585928288 6233457
1655528089878004935 91726913
1655528090085700188 7340693
1655528090377144294 91106893
1655528090679127518 101617204
1655528090981963367 102511501
1655528091279752297 97464264
1655528091585439150 105375849
1655528091877897543 92115649
1655528092179284178 101033011
1655528092574912324 195272685
1655528092781840509 6590125
1655528093077856540 95695022
1655528093381306331 103144082
1655528093680103426 98483028
1655528093982166231 101740700
1655528094280085602 97605499
1655528094579077090 98675397
1655528094882504740 103103096
1655528095180322389 97463754
1655528095574602498 99938945
1655528095882727130 107799023
1655528096179839633 96770694
1655528096478800336 98644485
1655528096781891150 102772001
1655528097079983729 97741210
1655528097474646334 194304633
1655528097778468497 103468220
1655528097984907129 6102865
1655528098190691619 5456515
1655528098479320993 88289024
1655528098686394558 6724377
1655528098982116116 95375001
1655528099375349614 100516419
1655528099587478921 11811671
1655528099884633793 10118522
1655528100179151433 94277999
1655528100476622540 97127477
1655528100775467443 98617196
1655528101074870860 99078806
1655528101374825736 99620817
1655528101583961840 8779242
1655528101881249855 96929685
1655528102179832177 98220187
1655528102386448728 6268239
1655528102774850639 188063233
1655528103076180470 100975318
1655528103374816968 98294069
1655528103675313052 100149041
1655528103884559545 8933748
1655528104276094998 191230104
1655528104484596375 8158689
1655528104776892178 92026661
1655528104985911122 8711944
1655528105278447177 92197760
1655528105487556690 8796709
1655528105783616467 9175193
1655528106082935551 8426109
1655528106477623169 194380820
1655528106687621417 9693096
1655528107080619385 192651408
1655528107378005152 97162068
1655528107681498294 103153166
1655528107978893026 97053233
1655528108188168826 8941443
1655528108477879042 89379127
1655528108683710289 5476929
1655528108977028548 92975530
1655528109184016819 6661815
1655528109481988852 7484846
1655528109778877646 96540258
1655528109984750145 5511605
1655528110277902253 92821483
1655528110485767259 7502250