1655858511738035596 317387946
1655858512126870448 106656820
1655858512517504095 190169241
1655858512824041881 105258854
1655858513132642675 107572195
1655858513432140897 99085699
1655858513695997769 63454003
1655858513905998309 9583526
1655858514116328552 9928349
1655858514329552270 12652855
1655858514613356988 83391859
1655858514828260618 14478743
1655858515041266379 12584566
1655858515251010434 9321981
1655858515461935694 10598865
1655858515673161982 10785925
1655858515884943932 11356957
1655858516097349619 11960932
1655858516310663766 13015648
1655858516526450827 15373341
1655858516786502550 59389785
1655858517011258987 24340530
1655858517221126028 9542208
1655858517433068797 11526760
1655858517693406505 59927238
1655858517903115923 9269179
1655858518113552209 9949825
1655858518332637217 18660615
1655858518542448006 9400677
1655858518752485169 9565068
1655858518962136527 9264790
1655858519171684796 9139942
1655858519417901929 45836345
1655858519635341341 16783776
1655858519907620141 71687459
1655858520131665740 23536639
1655858520355647738 23541767
1655858520568118092 12036443
1655858520795082709 26431740
1655858521027921539 15439484
1655858521239627565 11117221
1655858521451622876 11593591
1655858521664491221 12454391
1655858521878121612 13171075
1655858522087804605 9141513
1655858522302596870 14258415
1655858522515392312 12355842
1655858522730168624 14363038
1655858522940336491 9687378
1655858523151535247 10532791
1655858523362934352 10820312
1655858523573366603 9968216
1655858523783616760 9825819
1655858524028198174 44197190
1655858524244760508 15573356
1655858524461906116 16728050
1655858524673881311 11181310
1655858524885894893 11581578
1655858525100312499 13986639
1655858525310900963 10150912
1655858525521665761 10325259
1655858525812701666 90624127
1655858526023914174 10289422
1655858526234952292 10471826
1655858526448419422 12531617
1655858526661123562 11981532
1655858526927063816 65189320
1655858528151980487 1024419382
1655858528361447163 9064176
1655858528571136163 9282975
1655858528781475356 9879231
1655858528992829529 10781276
1655858529204434015 11185086
1655858529416226518 11383082
1655858529627601756 10968483
1655858529918113947 90100396
1655858530137927565 18692172
1655858530361577472 22575058
1655858530574701979 12677497
1655858530789455396 14325475
1655858531001274543 11373518
1655858531213485369 11768619
1655858531427602806 13698834
1655858531639290299 11261579
1655858531850834395 11092726
1655858532062553423 11250909
1655858532274314531 11337773
1655858532488650351 13895921
1655858532699721559 10636427
1655858532910920170 10744509
1655858533123011869 11666242
1655858533335925353 12499776
1655858533548357037 12047791
1655858533760939173 12119143
1655858533971671253 10282589
1655858534182803728 10111994
1655858534394131833 10857168
1655858534604551586 9936422
1655858534815234625 10212045
1655858535025847927 10161277
1655858535238877251 12598790
1655858535450321380 10879649
1655858535663829244 12956266
1655858535876980512 12736813
1655858536097780153 20381145
1655858536318701584 20292639
1655858536591808588 71634674
1655858536811272734 18302471
1655858537188922473 176582605
1655858537417965166 28230272
1655858537714562856 96161292
1655858537939364993 21879284
1655858538156324216 16519043
1655858538366779167 10014062
1655858538612303949 45105640
1655858538821801129 9115038
1655858539031432354 9230935
1655858539328765510 96927885
1655858539548256342 19025794
1655858539765659367 16474618
1655858539988980760 22576483
1655858540208738292 19160776
1655858540433938928 23904316
1655858540650520814 16156088
1655858540878086557 26355278
1655858541096849312 18341269
1655858541310175967 12924530
1655858541526074893 15476455
1655858541741755395 15257342
1655858541957824387 15637586
1655858542167753143 9451382
1655858542414577367 46439098
1655858542625128894 9819899
1655858542835973188 10431224
1655858543047387718 11016097
1655858543257274709 9498813
1655858543475806292 18052284
1655858543685731414 9539632
1655858543895670735 9547753
1655858544105685915 9627547
1655858544320830936 9250522
1655858544533095648 11836652
1655858544751353009 17847099
1655858544963909841 11716761
1655858545174798796 10471783
1655858545387923554 12623148
1655858545620589012 32212376
1655858545892828631 71794810
1655858546111361214 18086707
1655858546328382638 16793610
1655858546547328010 18556982
1655858546766953973 19210679
1655858546986481604 19170866
1655858547217768153 30040636
1655858547522288575 103525662
1655858547786687374 63984749
1655858548012063144 24868063
1655858548232509747 20027858
1655858548448429473 15530918
1655858548663324394 14379410
1655858548920558433 56518184
1655858549143602012 22009747
1655858549368597709 23644866
1655858549618826287 46625843
1655858549839943175 19926779
1655858550057201029 16238452
1655858550271827383 13864315
1655858550481742020 9257732
1655858550698045606 15822708
1655858550917481945 18830821
1655858551127703690 9551063
1655858551338193118 10085006
1655858551548428374 9819846
1655858551761670825 12857936
1655858551995710343 33642294
1655858552212420233 16285004
1655858552428457491 15600294
1655858552642086161 13192429
1655858552892900487 50379973
1655858553106609110 12903724
1655858553318756133 11470048
1655858553530628667 11395656
1655858553745414551 14122929
1655858553955931849 10052163
1655858554199006267 42572104
1655858554412330322 12550570
1655858554625114614 12348703
1655858554897558748 72020657
1655858555114044362 16056464
1655858555333924131 17441945
1655858555553681088 19314848
1655858555774283827 16991049
1655858556000091384 25172760
1655858556219292793 15994644
1655858556451793236 31389813
1655858556669610731 17142591
1655858556885380616 15188939
1655858557101567918 15024456
1655858557311390143 9390749
1655858557521103221 9304493
1655858557731049816 9462408
1655858557941010665 9354067
1655858558155999967 14609313
1655858558365795783 9406810
1655858558576040358 9851110
1655858559803349547 1026909934
1655858560036528227 24936067
1655858560315465796 78376821
1655858560528162617 12021522
1655858560739640040 11078507
1655858560951631011 11548623
1655858561221290238 68703638
1655858561443581849 21680750
1655858561654870489 10858558
1655858561866898333 10374661
1655858562076760735 9470307
1655858562324193262 46992333
1655858562554188089 29567439
1655858562837686690 20278454
1655858563065561340 27444864
1655858563292755905 26599902
1655858563508516336 15326469
1655858563727288446 17468402
1655858563942829829 14270729
1655858564164524559 21265960
1655858564381915043 16991342
1655858564627115299 13304814
1655858564839435627 11873617
1655858565051790260 11592955
1655858565267551930 15348559
1655858565490517782 21203131
1655858565708122152 17222412
1655858565920151201 11653873
1655858566131646669 11109562
1655858566345011367 12279804
1655858566556492704 10593995
1655858566767052945 10155951
1655858566991480031 23983417
1655858567210242761 17237834
1655858567436910329 26206158
1655858567652062058 14726579
1655858567873225019 20076630
1655858568094770780 16600277
1655858568308404480 13142724
1655858568520676957 11492836
1655858568732951374 11833398
1655858568990861094 57337957
1655858569206772175 15417194
1655858569416695282 9380865
1655858569629372022 12059580
1655858569921339499 91532615
1655858570139926705 17804976
1655858570398249292 57562839
1655858570627599813 28896221
1655858570928464533 99623714
1655858571230548942 15126582
1655858571453253404 22229839
1655858571693933128 40240555
1655858571905810800 11492471
1655858572124175936 17928720
1655858572335611054 11036323
1655858572549863811 13838958
1655858572790211307 39949539
1655858573027927200 36148250
1655858573255046499 26673725
1655858573492631285 37286885
1655858573714725626 20899215
1655858573933618045 18497147
1655858574156677180 21879796
1655858574389507072 31837726
1655858574606016258 15591074
1655858574820425293 13964739
1655858575037854394 16318305
1655858575299125237 52201175
1655858575517453593 17671774
1655858575734375636 16477842
1655858575950569719 15782327
1655858576167693752 16596046
1655858576393061579 24105818
1655858576633603496 21684474
1655858576855597027 21586948
1655858577089683443 33671442
1655858577351607629 30868040
1655858577568715036 15840157
1655858577780936961 11831008
1655858578011607505 30266300
1655858578226177734 13556374
1655858578447884495 21255362
1655858578663632908 14496168
1655858578879854411 15812711
1655858579113921017 33558047
1655858579330327261 14386705
1655858579546819045 15604229
1655858579769288005 20958831
1655858580021383709 9499400
1655858580231006112 9213356
1655858580442234408 10990249
1655858580729472342 86797276
1655858580946381611 16505328
1655858581163214720 15923913
1655858581423311747 58963302
1655858581688943670 64473453
1655858581908559254 19192712
1655858582230759694 121656085
1655858582512438537 81172531
1655858582722509515 9542714
1655858582932123725 9230487
1655858583141893292 9362007
1655858583351788504 9509857
1655858583728671211 176472134
1655858583942527373 13440395
1655858584154923129 11635026
1655858584411741875 55832007
1655858584623626982 11057511
1655858584833317944 9284622
1655858585043062647 9344954
1655858585252653313 9394164
1655858586497608421 1044562287
1655858586723322935 25282978
1655858586939440012 15410776
1655858587157163642 17306103
1655858587415394807 57955644
1655858587637947427 22022646
1655858587856086101 17718844
1655858588077454702 20585371
1655858588317113513 33819617
1655858588531938964 14401043
1655858588751052205 17940149
1655858588966552965 15070942
1655858589179582969 12586583
1655858589393984660 13904575
1655858589634401487 40028509
1655858589857212816 21840549
1655858590067863506 10232177
1655858590279211782 10686485
1655858590489389660 9766951
1655858590701278013 11495583
1655858590913528703 11762829
1655858591124924562 11003901
1655858591334676691 9340806
1655858591546697973 11617244
1655858591761772777 14656165
1655858591971854434 9488854
1655858592213714285 40488284
1655858592443327959 29205951
1655858592657793632 14040720
1655858592873139934 14372942
1655858593084100093 10517580
1655858593296712279 11246235
1655858593521618574 24485080
1655858593788985287 66246961
1655858594007146344 17713015
1655858594227078405 19035293
1655858594452081110 23570020
1655858594667074737 14474789
1655858594916734783 48698149
1655858595128404096 11268868
1655858595339247419 10453410
1655858595550420348 10353779
1655858595761208083 10071573
1655858596021528689 59206065
1655858596234007156 12073669
1655858596447520328 13074365
1655858596714016449 66087039
1655858596929672943 14422312
1655858597145185610 15014188
1655858597373306770 27124997
1655858597586775470 13057504
1655858597801647882 14386683
1655858598041151741 29558962
1655858598263818457 22257729
1655858598477870607 13607265
1655858598697695160 19039480
1655858598924881010 26769235
1655858599147013401 20896735
1655858599406061771 58403215
1655858599628616369 22134236
1655858599912157601 82500557
1655858600136992472 24419105
1655858600393659260 55810747
1655858600608770537 13871723
1655858600841199028 31273362
1655858601057923365 16295718
1655858601278169543 16581679
