1653864024699753770	1
1653864025713581671	2
1653864026211015980	3
1653864026385002383	4
1653864026393049297	5
1653864026413069365	6
1653864026417136683	7
1653864026430073985	8
1653864026590034060	9
1653864026604741821	10
1653864026615140398	11
1653864026881928222	12
1653864026895028084	13
1653864026912153045	14
1653864027226034356	15
1653864027409141962	16
1653864027411011684	17
1653864028051003188	18
1653864028210071403	19
1653864028320837304	20
1653864028327028791	21
1653864028392130532	22
1653864028496204190	23
1653864028499091155	24
1653864028509096642	25
1653864028781085420	26
1653864028792082714	27
1653864028797993428	28
1653864028897114945	29
1653864028912110236	30
1653864028990097551	31
1653864029003139879	32
1653864029112538653	33
1653864029117079383	34
1653864029179990139	35
1653864029185122524	36
1653864029190107431	37
1653864029312141047	38
1653864029393128936	39
1653864029498124581	40
1653864029559017665	41
1653864029589529434	42
1653864029601742932	43
1653864029664160032	44
1653864029675048718	45
1653864029752003302	46
1653864029756983793	47
1653864029762023421	48
1653864029766990655	49
1653864029785146206	50
1653864029910151605	51
1653864029922004898	52
1653864029926867670	53
1653864030000166547	54
1653864030006078349	55
1653864030196328266	56
1653864030219007747	57
1653864030347257354	58
1653864030355145292	59
1653864030504038877	60
1653864030512034657	61
1653864030515045454	62
1653864030628161199	63
1653864030631035826	64
1653864030632133563	65
1653864030638967870	66
1653864030805500698	67
1653864030816131130	68
1653864030820129672	69
1653864031060139824	70
1653864031082240958	71
1653864031125063140	72
1653864031189205461	73
1653864031193553364	74
1653864031289221468	75
1653864031297210080	76
1653864031305197368	77
1653864031393204822	78
1653864031398334441	79
1653864031494475144	80
1653864031611322336	81
1653864031753815679	82
1653864031829248873	83
1653864031972922283	84
1653864032077623525	85
1653864032227220814	86
1653864032232045806	87
1653864032236040396	88
1653864032241033733	89
1653864032296658445	90
1653864032323423649	91
1653864032402589761	92
1653864032405190983	93
1653864032459068872	94
1653864032504764479	95
1653864032861212795	96
1653864032865214890	97
1653864032870283683	98
1653864033005261685	99
1653864033013689571	100
1653864033025172168	101
1653864033092223601	102
1653864033123220694	103
1653864033192264453	104
1653864033199195602	105
1653864033263411590	106
1653864033264206078	107
1653864033295322421	108
1653864033363479861	109
1653864033384315003	110
1653864033408080006	111
1653864033422059683	112
1653864033424055895	113
1653864033588231699	114
1653864033947226692	115
1653864033952246545	116
1653864034016215318	117
1653864034093309003	118
1653864034153088046	119
1653864034157222192	120
1653864034162227397	121
1653864034216257712	122
1653864034220077995	123
1653864034230449442	124
1653864034309109226	125
1653864034388397402	126
1653864034505255384	127
1653864034514074878	128
1653864034528141562	129
1653864034532626327	130
1653864034538066205	131
1653864034543844340	132
1653864034548053227	133
1653864034658327541	134
1653864034688223730	135
1653864034702243846	136
1653864034712093667	137
1653864034759383502	138
1653864034770304969	139
1653864034772576189	140
1653864034776553309	141
1653864034797315736	142
1653864034800222836	143
1653864034834134501	144
1653864034839073989	145
1653864034962285321	146
1653864034963188436	147
1653864035047667117	148
1653864035052093302	149
1653864035086283677	150
1653864035111241622	151
1653864035167106030	152
1653864035290367613	153
1653864035298489067	154
1653864035305317759	155
1653864035348263226	156
1653864035355246573	157
1653864035358282338	158
1653864035395198610	159
1653864035454215817	160
1653864035459128059	161
1653864035500544057	162
1653864035699246059	163
1653864035705078217	164
1653864035792418982	165
1653864035804158118	166
1653864035885280223	167
1653864035891730868	168
1653864035977112649	169
1653864035987303351	170
1653864035993679190	171
1653864035999269232	172
1653864036091291429	173
1653864036097143185	174
1653864036119115967	175
1653864036124108160	176
1653864036289311130	177
1653864036294282970	178
1653864036317268593	179
1653864036333332778	180
1653864036378329397	181
1653864036394128418	182
1653864036513146015	183
1653864036651326076	184
1653864036675143443	185
1653864036676885014	186
1653864036692512913	187
1653864036698288225	188
1653864036888378035	189
1653864037316319871	190
1653864037316328744	190
1653864037340361759	191
1653864037341281953	192
1653864037345207890	193
1653864037348328932	194
1653864037386153829	195
1653864037387293105	196
1653864037574840767	197
1653864037690689486	198
1653864037709389046	199
1653864037766476467	200
1653864037890200911	201
1653864037907471168	202
1653864037915143607	203
1653864038013619724	204
1653864038018673080	205
1653864038257202160	206
1653864038267243271	207
1653864038305401033	208
1653864038320442300	209
1653864038337033896	210
1653864038355336039	211
1653864038360380010	212
1653864038428604520	213
1653864038462693818	214
1653864038515387726	215
1653864038580537570	216
1653864038616927918	217
1653864038707388010	218
1653864038715566015	219
1653864038718389153	220
1653864038721212687	221
1653864038790432435	222
1653864038795867637	223
1653864038809173281	224
1653864038923300406	225
1653864038930175029	226
1653864038987365059	227
1653864039176213593	228
1653864039181167810	229
1653864039369332713	230
1653864039384424168	231
1653864039385373790	232
1653864039393045768	233
1653864039432123569	234
1653864039434681987	235
1653864039436568111	236
1653864039679492823	237
1653864039686033070	238
1653864039716505475	239
1653864039807442187	240
1653864039999711337	241
1653864040256200088	242
1653864040312454126	243
1653864040393493503	244
1653864040416988804	245
1653864040462189324	246
1653864040495492682	247
1653864040512532088	248
1653864040516560562	249
1653864040712194214	250
1653864040726456226	251
1653864040733611677	252
1653864040738075161	253
1653864040743921941	254
1653864040756804335	255
1653864040783688572	256
1653864040790213466	257
1653864040908506139	258
1653864041020739978	259
1653864041028787202	260
1653864041046306277	261
1653864041089482250	262
1653864041104480848	263
1653864041249242749	264
1653864041367199269	265
1653864041371583995	266
1653864041382537996	267
1653864041495515671	268
1653864041507106663	269
1653864041536549768	270
1653864041580209976	271
1653864041619206910	272
1653864041633342166	273
1653864041700120173	274
1653864041762741704	275
1653864041784329634	276
1653864041801564155	277
1653864041821764362	278
1653864041843299245	279
1653864041847584288	280
1653864041965278108	281
1653864041974221197	282
1653864042016567516	283
1653864042107360049	284
1653864042284004861	285
1653864042420726819	286
1653864042422898441	287
1653864042436972096	288
1653864042521382220	289
1653864042542243333	290
1653864042543419176	291
1653864042599408056	292
1653864042691007068	293
1653864042711586452	294
1653864042709506840	294
1653864042719541219	295
1653864042731541582	296
1653864042736478451	297
1653864042816612533	298
1653864042906471198	299
1653864042950285193	300
1653864042956249034	301
1653864043078755015	302
1653864043099987095	303
1653864043115804163	304
1653864043217284089	305
1653864043223390986	306
1653864043229378709	307
1653864043349421123	308
1653864043396617530	309
1653864043497539524	310
1653864043592429611	311
1653864043693562702	312
1653864043786523533	313
1653864043796712887	314
1653864043828865121	315
1653864043918923385	316
1653864043935269419	317
1653864043941248907	318
1653864043986146570	319
1653864043995262754	320
1653864044011962054	321
1653864044032275880	322
1653864044035257579	323
1653864044247285731	324
1653864044252990965	325
1653864044258364490	326
1653864044262247772	327
1653864044300367820	328
1653864044309414215	329
1653864044410561170	330
1653864044492741630	331
1653864044510876430	332
1653864044514685452	333
1653864044568297192	334
1653864044616027183	335
1653864044632613230	336
1653864044764665427	337
1653864044769269270	338
1653864044780585153	339
1653864044792799483	340
1653864044802587444	341
1653864044807300987	342
1653864044876658035	343
1653864044955726413	344
1653864044983421817	345
1653864045204604040	346
1653864045299044900	347
1653864045409173757	348
1653864045420144844	349
1653864045487367365	350
1653864045519660417	351
1653864045521786396	352
1653864045524172292	353
1653864045582631443	354
1653864045662453678	355
1653864045666309234	356
1653864045675951822	357
1653864045718843276	358
1653864045721625587	359
1653864045794755424	360
1653864045797704618	361
1653864045801606767	362
1653864045952423585	363
1653864046003739955	364
1653864046007450253	365
1653864046116605070	366
1653864046202080130	367
1653864046302200457	368
1653864046509099496	369
1653864046515660442	370
1653864046598892849	371
1653864046615732826	372
1653864046687814867	373
1653864046707943442	374
1653864046853750077	375
1653864046859197448	376
1653864046999417484	377
1653864047109383876	378
1653864047112377722	379
1653864047161951761	380
1653864047287758379	381
1653864047292587108	382
1653864047513377261	383
1653864047521319419	384
1653864047528368925	385
1653864047764413766	386
1653864047768329119	387
1653864047782728310	388
1653864047884011117	389
1653864047889452362	390
1653864047921366695	391
1653864048064917986	392
1653864048105375620	393
1653864048193374302	394
1653864048302849845	395
1653864048505372960	396
1653864048594755561	397
1653864048602346993	398
1653864048612701425	399
1653864048792143663	400
1653864048813451174	401
1653864048906122636	402
1653864049183513247	403
1653864049364464533	404
1653864049484468055	405
1653864049488757444	406
1653864049562385525	407
1653864049567391014	408
1653864049572346872	409
1653864049762523242	410
1653864049767358685	411
1653864049772589391	412
1653864049898135561	413
1653864049902962743	414
1653864049906703114	415
1653864050000769733	416
1653864050108427917	417
1653864050111407780	418
1653864050607795171	419
1653864050612368425	420
1653864050616364930	421
1653864050621349024	422
1653864050706760285	423
1653864050788759490	424
1653864051017381196	425
1653864051029409282	426
1653864051050708604	427
1653864051056726197	428
1653864051203440576	429
1653864051276715315	430
1653864051281378261	431
1653864051286864098	432
1653864051388023382	433
1653864051406697061	434
1653864051492401986	435
1653864051509983256	436
1653864051514948381	437
1653864051520747335	438
1653864051520781110	438
1653864051682951671	439
1653864051692808235	440
1653864051989790124	441
1653864052211446478	442
1653864052294042597	443
1653864052319821745	444
1653864052365075591	445
1653864052423236913	446
1653864052425806545	447
1653864052484870444	448
1653864052519915908	449
1653864052753459182	450
1653864052777924871	451
1653864052814384890	452
1653864052898423608	453
1653864052905133979	454
1653864053001591527	455
1653864053003623129	456
1653864053012557372	457
1653864053024583503	458
1653864053096695113	459
1653864053191789843	460
1653864053205937725	461
1653864053211247627	462
1653864053211788627	463
1653864053289725103	464
1653864053302794022	465
1653864053310771094	466
1653864053477789440	467
1653864053609122042	468
1653864053629068200	469
1653864053629772532	470
1653864053706502079	471
1653864053865828022	472
1653864053896003733	473
1653864054016689578	474
1653864054094971320	475
1653864054217828888	476
1653864054219838983	477
1653864054225775053	478
1653864054229850342	479
1653864054232873843	480
1653864054450415904	481
1653864054462430184	482
1653864054464431031	483
1653864054469461560	484
1653864054494480018	485
1653864054530700278	486
1653864054536430756	487
1653864054541440578	488
1653864054550426332	489
1653864054600436892	490
1653864054607565928	491
1653864054636429155	492
1653864054642397504	493
1653864054646415044	494
1653864054747062409	495
1653864054751412953	496
1653864054758409021	497
1653864054797094515	498
1653864054928863158	499
1653864054938785671	500
1653864054940137783	501
1653864054943574448	502
1653864054953876720	503
1653864054955855178	503
1653864054958599607	504
1653864055110371787	505
1653864055117066545	506
1653864055139578704	507
1653864055246426028	508
1653864055251466037	509
1653864055257360535	510
1653864055262560599	511
1653864055403141719	512
1653864055407865168	513
1653864055417499194	514
1653864055430756892	515
1653864055439867139	516
1653864055450848068	517
1653864055454254850	518
1653864055459953519	519
1653864055456652882	519
1653864055865441560	520
1653864055884290324	521
1653864055891505844	522
1653864055901893937	523
1653864055917873133	524
1653864055952953976	525
1653864055971927621	526
1653864055980350867	527
1653864056033985400	528
1653864056064165543	529
1653864056097108387	530
1653864056205131104	531
1653864056215027630	532
1653864056219552535	533
1653864056305010844	534
1653864056320979950	535
1653864056335601834	536
1653864056368917628	537
1653864056381818846	538
1653864056394108150	539
1653864056396879235	540
1653864056508576345	541
1653864056519535049	542
1653864056528275526	543
1653864056601056643	544
1653864056625000504	545
1653864056688207605	546
1653864056695091055	547
1653864056722004670	548
1653864056787524103	549
1653864056810074457	550
1653864056813128350	551
1653864056958621371	552
1653864056987081904	553
1653864056991160852	554
1653864057022060514	555
1653864057060184869	556
1653864057123699649	557
1653864057227673394	558
1653864057232536032	559
1653864057238534833	560
1653864057308283965	561
1653864057319598358	562
1653864057353113810	563
1653864057398073269	564
1653864057405026655	565
1653864057423769266	566
1653864057423978290	566
1653864057498038295	567
1653864057506108340	568
1653864057562996203	569
1653864057569045353	570
1653864057608009011	571
1653864057627043389	572
1653864057642574346	573
1653864057649588700	574
1653864057797210423	575
1653864057819930187	576
1653864057825594205	577
1653864057904600879	578
1653864057912584726	579
1653864057992064799	580
1653864058007276262	581
1653864058018121799	582
1653864058036493784	583
1653864058039380316	584
1653864058079823570	585
1653864058098202381	586
1653864058111598859	587
1653864058125559242	588
1653864058142219156	589
1653864058168431535	590
1653864058202745107	591
1653864058236396532	592
1653864058232041260	592
1653864058290175013	593
1653864058314916034	594
1653864058368472065	595
1653864058418708692	596
1653864058434457073	597
1653864058443113304	598
1653864058481181304	599
1653864058483231220	600
1653864058491114491	601
1653864058525571736	602
1653864058534068063	603
1653864058605138148	604
1653864058613616238	605
1653864058701418601	606
1653864058711632028	607
1653864058713129243	608
1653864058809302914	609
1653864058815107006	610
1653864058861144208	611
1653864058861593517	612
1653864058870720363	613
1653864058876242537	614
1653864059158490073	615
1653864059180238282	616
1653864059196634010	617
1653864059228747737	618
1653864059233033077	619
1653864059260286413	620
1653864059279701363	621
1653864059305209980	622
1653864059335996461	623
1653864059343314261	624
1653864059353207373	625
1653864059405229021	626
1653864059491506727	627
1653864059497283286	628
1653864059565135323	629
1653864059566217231	630
1653864059586670753	631
1653864059593139321	632
1653864059637186497	633
1653864059638135739	634
1653864059661190110	635
1653864059717138577	636
1653864059777195639	637
1653864059796241312	638
1653864059803342236	639
1653864059811463864	640
1653864059885124302	641
1653864059893152765	642
1653864059910439170	643
1653864059937200042	644
1653864059944881977	645
1653864060009388528	646
1653864060029416169	647
1653864060091584472	648
1653864060109152598	649
1653864060125247700	650
1653864060132218770	651
1653864060134185581	652
1653864060137263335	653
1653864060147242595	654
1653864060163019780	655
1653864060178179847	656
1653864060180216891	657
1653864060241249232	658
1653864060311237582	659
1653864060328752738	660
1653864060361294083	661
1653864060432279662	662
1653864060400626614	662
1653864060477290635	663
1653864060496388813	664
1653864060525303708	665
1653864060530350664	666
1653864060539230071	667
1653864060609333203	668
1653864060620360114	669
1653864060708388761	670
1653864060777329438	671
1653864060820207804	672
1653864060826980991	673
1653864060832099380	674
1653864060851463101	675
1653864060875230211	676
1653864060885393433	677
1653864060924249779	678
1653864060934482854	679
1653864060979513152	680
1653864060995297761	681
1653864061037256204	682
1653864061047622058	683
1653864061054492290	684
1653864061061848178	685
1653864061128076602	686
1653864061172360728	687
1653864061174330138	688
1653864061175891875	687
1653864061232292857	688
1653864061236433052	689
1653864061252027383	690
1653864061276362975	691
1653864061307310922	692
1653864061318364871	693
1653864061345376540	694
1653864061363443117	695
1653864061378408854	696
1653864061388341180	697
1653864061439382990	698
1653864061464438975	699
1653864061481747049	700
1653864061502607873	701
1653864061550335520	702
1653864061577413752	703
1653864061629502265	704
1653864061637299752	705
1653864061643755318	706
1653864061692442455	707
1653864061708446263	708
1653864061780790296	709
1653864061829673507	710
1653864061845380438	711
1653864061864670416	712
1653864061875313040	713
1653864061884587004	714
1653864061918332471	715
1653864061988419676	716
1653864062014421891	717
1653864062029770126	718
1653864062047506250	719
1653864062054666622	720
1653864062091846312	721
1653864062111105896	722
1653864062137383298	723
1653864062148858771	724
1653864062196286308	725
1653864062222373608	726
1653864062254981045	727
1653864062291165999	728
1653864062335467580	729
1653864062347816178	730
1653864062354358486	731
1653864062364802842	732
1653864062427917304	733
1653864062433285957	734
1653864062564187501	735
1653864062577937202	736
1653864062622520591	737
1653864062624349152	737
1653864062666044859	738
1653864062671334246	739
1653864062706373037	740
1653864062723363271	741
1653864062744441302	742
1653864062748535717	743
1653864062756895601	744
1653864062765418675	745
1653864062814006747	746
1653864062905923508	747
1653864062921787900	748
1653864062927993031	749
1653864062940206213	750
1653864062984201232	751
1653864062997427908	752
1653864063012402487	753
1653864063018306809	754
1653864063067409167	755
1653864063078539510	756
1653864063081392272	757
1653864063136437421	758
1653864063142458978	759
1653864063137121003	759
1653864063148111450	760
1653864063190805063	761
1653864063263536623	762
1653864063275551699	763
1653864063284500436	764
1653864063299588572	765
1653864063376401066	766
1653864063391888581	767
1653864063409438019	768
1653864063513397008	769
1653864063526416649	770
1653864063527345899	771
1653864063531367984	772
1653864063558833377	773
1653864063631494435	774
1653864063658631844	775
1653864063686491659	776
1653864063709875432	777
1653864063786804107	778
1653864063820936430	779
1653864063836834673	780
1653864063844968401	781
1653864063901511108	782
1653864064030493537	783
1653864064097520909	784
1653864064113039008	785
1653864064168457915	786
1653864064220982661	787
1653864064291498288	788
1653864064314900000	789
1653864064330385128	790
1653864064372783507	791
1653864064404532726	792
1653864064432152577	793
1653864064455118778	794
1653864064465481467	795
1653864064528107291	796
1653864064581949844	797
1653864064588855792	798
1653864064595163285	799
1653864064605462015	800
1653864064630989305	801
1653864064636860286	802
1653864064639874918	803
1653864064682414688	804
1653864064767516205	805
1653864064803502386	806
1653864064805372358	807
1653864064884545960	808
1653864065019535784	809
1653864065075497910	810
1653864065182557115	811
1653864065286622597	812
1653864065305505364	813
1653864065340539275	814
1653864065347759581	815
1653864065343453972	814
1653864065374723374	815
1653864065398466095	816
1653864065434540951	817
1653864065444530878	818
1653864065444530991	818
1653864065479509877	819
1653864065536179860	820
1653864065540087555	821
1653864065573338837	822
1653864065708730049	823
1653864065720783926	824
1653864065732345908	825
1653864065743556254	826
1653864065766859757	827
1653864065801135081	828
1653864065830556953	829
1653864065954239795	830
1653864065966321631	831
1653864066024728608	832
1653864066045075220	833
1653864066130390403	834
1653864066136548423	835
1653864066142025726	836
1653864066167510050	837
1653864066175553141	838
1653864066193252602	839
1653864066246783830	840
1653864066268504274	841
1653864066280374088	842
1653864066296997316	843
1653864066357919482	844
1653864066380579570	845
1653864066419715880	846
1653864066489307059	847
1653864066510882622	848
1653864066601539023	849
1653864066606672103	849
1653864066615949757	850
1653864066624557616	851
1653864066700583606	852
1653864066731630695	853
1653864066746609518	854
1653864066785886604	855
1653864066781438102	855
1653864066837986893	856
1653864066800531111	856
1653864066863571449	857
1653864066891620263	858
1653864066936402860	859
1653864066899530344	858
1653864066984095989	859
1653864067007900625	860
1653864067021468597	861
1653864067038565412	862
1653864067041779597	863
1653864067044993459	863
1653864067084901681	864
1653864067099965195	864
1653864067100959943	865
1653864067116767458	866
1653864067160576027	867
1653864067165566235	867
1653864067196290266	868
1653864067261522461	869
1653864067368022308	870
1653864067436828509	871
1653864067523974630	872
1653864067601433809	873
1653864067626925636	874
1653864067640670772	875
1653864067657074387	876
1653864067666538308	877
1653864067681232769	878
1653864067688560156	879
1653864067744746659	880
1653864067746277154	881
1653864067791882320	882
1653864067829654260	883
1653864067838559452	884
1653864067857028633	885
1653864067865622708	886
1653864067883661375	887
1653864067905582392	888
1653864067931764278	888
1653864067983572730	889
1653864068061086758	890
1653864068085942109	891
1653864068118001150	892
1653864068193118076	893
1653864068251054550	894
1653864068259172087	894
1653864068247477745	894
1653864068265110287	895
1653864068305843097	896
1653864068311605376	897
1653864068312951191	898
1653864068286634063	896
1653864068389600157	897
1653864068399905003	898
1653864068496840089	899
1653864068525104564	900
1653864068554166757	901
1653864068557688360	901
1653864068569888862	902
1653864068573498814	903
1653864068673103121	904
1653864068793721395	905
1653864068811263630	906
1653864068813845179	906
1653864068833614030	907
1653864068838490432	908
1653864068845750168	909
1653864068854169076	910
1653864068938830235	911
1653864068957589590	912
1653864068969300648	913
1653864068991298057	914
1653864069044624117	915
1653864069055632513	916
1653864069081721629	917
1653864069099681983	918
1653864069121676937	919
1653864069155259748	920
1653864069180664501	921
1653864069196323459	922
1653864069205629294	923
1653864069238420891	924
1653864069263663434	925
1653864069287923841	926
1653864069351820339	927
1653864069366021546	928
1653864069375475194	929
1653864069429612762	930
1653864069440721705	931
1653864069475670000	932
1653864069490970943	933
1653864069580867732	934
1653864069613687525	935
1653864069614678460	936
1653864069644788381	937
1653864069721582413	938
1653864069721625787	938
1653864069723509055	938
1653864069753683858	939
1653864069903031515	940
1653864069919059657	941
1653864069994348977	942
1653864070004708480	943
1653864070025989054	944
1653864070073290020	945
1653864070108589834	946
1653864070142304228	947
1653864070186014475	948
1653864070228152637	949
1653864070255189843	950
1653864070281840965	951
1653864070298832662	952
1653864070329526450	953
1653864070343664172	954
1653864070414728514	955
1653864070477997633	956
1653864070488838952	957
1653864070524775641	958
1653864070526506460	959
1653864070665781463	960
1653864070715488513	961
1653864070744745139	962
1653864070792779332	963
1653864070865903708	964
1653864070874736717	965
1653864070878778102	966
1653864070977818293	967
1653864071014856589	968
1653864071019794985	969
1653864071024746727	970
1653864071035815045	971
1653864071106559310	972
1653864071202741256	973
1653864071213777067	974
1653864071252954931	975
1653864071282865466	976
1653864071306780720	977
1653864071325356656	978
1653864071344316967	979
1653864071423407353	980
1653864071457089465	981
1653864071474720375	982
1653864071529284497	983
1653864071578801996	984
1653864071615382307	985
1653864071624807170	986
1653864071635775267	987
1653864071688267107	988
1653864071789176797	989
1653864071817129125	990
1653864071824924574	991
1653864071902798372	992
1653864071920251899	993
1653864071956064038	994
1653864071993372527	995
1653864072056709114	996
1653864072065004950	997
1653864072131994404	998
1653864072138801102	999
1653864072143910841	1000
1653864072198912315	1001
1653864072204822846	1001
1653864072225958670	1002
1653864072235976643	1003
1653864072274595892	1004
1653864072276043753	1005
1653864072305927457	1006
1653864072366038012	1007
1653864072399772336	1008
1653864072404783715	1009
1653864072413139414	1010
1653864072456890054	1011
1653864072493949316	1012
1653864072501137275	1013
1653864072542650915	1014
1653864072568764510	1015
1653864072594102868	1016
1653864072618243875	1017
1653864072671399268	1018
1653864072685461298	1019
1653864072706232172	1020
1653864072728763056	1021
1653864072743667310	1022
1653864072839920038	1023
1653864072896958149	1024
1653864072924246645	1025
1653864072931687470	1026
1653864072948775330	1027
1653864072974046391	1028
1653864072992973891	1029
1653864073029836015	1030
1653864073033778938	1031
1653864073050127928	1032
1653864073071942501	1033
1653864073073940944	1034
1653864073093254590	1035
1653864073175731682	1036
1653864073181883803	1036
1653864073223872517	1037
1653864073262776672	1038
1653864073288102207	1039
1653864073312064481	1040
1653864073342839083	1041
1653864073369844246	1042
1653864073396437845	1043
1653864073422665885	1044
1653864073440966973	1045
1653864073507911504	1046
1653864073526176651	1047
1653864073527983198	1047
1653864073555876499	1048
1653864073577761463	1049
1653864073603833438	1050
1653864073633782616	1051
1653864073731424172	1052
1653864073759887027	1053
1653864073776892617	1054
1653864073791842168	1055
1653864073812129707	1056
1653864073831551843	1057
1653864073861387635	1058
1653864073863733945	1059
1653864073899129965	1060
1653864073911873704	1061
1653864073914446152	1062
1653864073956245340	1063
1653864073969889205	1064
1653864073978051135	1065
1653864073981053255	1066
1653864074062750462	1067
1653864074122017876	1068
1653864074125608505	1068
1653864074147127477	1069
1653864074201406103	1070
1653864074223683675	1071
1653864074251946806	1072
1653864074266841080	1073
1653864074331317039	1074
1653864074332857874	1075
1653864074339827479	1076
1653864074353705131	1077
1653864074401875986	1078
1653864074459212597	1079
1653864074517167564	1080
1653864074521011068	1081
1653864074579735167	1082
1653864074595947907	1083
1653864074805790375	1084
1653864074818485107	1085
1653864074820039903	1086
1653864074896613077	1087
1653864074914877901	1088
1653864074973988995	1089
1653864075002230354	1090
1653864075118890736	1091
1653864075133086504	1092
1653864075202054991	1093
1653864075264374224	1094
1653864075271191707	1095
1653864075286922400	1096
1653864075319128131	1097
1653864075340139726	1098
1653864075368150156	1099
1653864075368952257	1100
1653864075385250780	1101
1653864075460511836	1102
1653864075482193201	1103
1653864075509455336	1104
1653864075511863285	1105
1653864075688479390	1106
1653864075717778695	1107
1653864075772193747	1108
1653864075782043633	1109
1653864075832448824	1110
1653864075929786908	1111
1653864075931851378	1112
1653864075948589087	1113
1653864075950125565	1114
1653864076125428813	1115
1653864076130022293	1116
1653864076282001140	1117
1653864076294894636	1118
1653864076314929067	1119
1653864076339579529	1120
1653864076341008896	1121
1653864076412755978	1122
1653864076428167513	1123
1653864076469614496	1124
1653864076504764695	1125
1653864076771049009	1126
1653864076776151088	1127
1653864076792025719	1128
1653864076800339917	1129
1653864076857089347	1130
1653864076865791269	1131
1653864076897198521	1132
1653864076902157332	1133
1653864076905211376	1134
1653864076939548711	1135
1653864076955497932	1136
1653864076957245509	1137
1653864077031979618	1138
1653864077039950928	1139
1653864077041982136	1140
1653864077169316460	1141
1653864077182708665	1142
1653864077196142504	1143
1653864077218350308	1144
1653864077232227945	1145
1653864077277202414	1146
1653864077293035002	1147
1653864077313939388	1148
1653864077325263669	1149
1653864077371383965	1150
1653864077381042044	1151
1653864077386689942	1152
1653864077480287553	1153
1653864077492251321	1154
1653864077590413067	1155
1653864077706965760	1156
1653864077723515738	1157
1653864077735997834	1158
1653864077756548727	1159
1653864077760219557	1160
1653864077775152877	1161
1653864077802012746	1162
1653864077852436816	1163
1653864077927364417	1164
1653864077936039537	1165
1653864077957537775	1166
1653864077989233648	1167
1653864077991137061	1168
1653864078035033704	1169
1653864078051523154	1170
1653864078123388651	1171
1653864078128328472	1172
1653864078134926174	1173
1653864078143986825	1174
1653864078203674476	1175
1653864078310516217	1176
1653864078331431230	1177
1653864078338239713	1178
1653864078357766193	1179
1653864078373449664	1180
1653864078405934297	1181
1653864078422095765	1182
1653864078437084834	1183
1653864078462228661	1184
1653864078471221788	1185
1653864078482001922	1186
1653864078486103665	1187
1653864078536738831	1188
1653864078544246872	1189
1653864078584127112	1190
1653864078617013957	1191
1653864078619456185	1192
1653864078680271322	1193
1653864078786150297	1194
1653864078799312491	1195
1653864078807175742	1196
1653864078834432341	1197
1653864078837855123	1198
1653864078903995321	1199
1653864078931818033	1200
1653864078932113698	1200
1653864078992987211	1201
1653864079011381916	1202
1653864079033283678	1203
1653864079050570384	1204
1653864079062788757	1205
1653864079119185240	1206
1653864079159754528	1207
1653864079217072732	1208
1653864079289156589	1209
1653864079303772706	1210
1653864079333397166	1211
1653864079331032581	1211
1653864079359721454	1212
1653864079392362403	1213
1653864079521065444	1214
1653864079536983025	1215
1653864079608283819	1216
1653864079614263553	1217
1653864079623423413	1218
1653864079700687330	1219
1653864079706771453	1220
1653864079755077465	1221
1653864079765984754	1222
1653864079872936549	1223
1653864079875300513	1224
1653864079876505108	1225
1653864079899019524	1226
1653864079950380061	1227
1653864080029491407	1228
1653864080032100424	1229
1653864080036585057	1230
1653864080041625413	1231
1653864080203632127	1232
1653864080272330162	1233
1653864080274142124	1234
1653864080323094210	1235
1653864080407184436	1236
1653864080517172987	1237
1653864080526038320	1238
1653864080575524943	1239
1653864080588594426	1240
1653864080620613405	1241
1653864080634610838	1242
1653864080653046571	1243
1653864080661149138	1244
1653864080681615476	1245
1653864080713263732	1246
1653864080782071019	1247
1653864080785464588	1248
1653864080814065077	1249
1653864080831992858	1250
1653864080836260172	1251
1653864080854535283	1252
1653864080891208005	1253
1653864080938188912	1254
1653864080950412408	1255
1653864080957058830	1256
1653864080970229290	1257
1653864080973361966	1258
1653864080989214861	1259
1653864081059414373	1260
1653864081074172175	1261
1653864081090768632	1262
1653864081132226838	1263
1653864081138201285	1264
1653864081144548492	1265
1653864081166208257	1266
1653864081166773613	1266
1653864081232162330	1267
1653864081258169766	1268
1653864081260369333	1269
1653864081269200062	1270
1653864081310513332	1271
1653864081399452034	1272
1653864081406345155	1273
1653864081471167159	1274
1653864081492689897	1275
1653864081512269694	1276
1653864081540086202	1277
1653864081612230603	1278
1653864081624734947	1279
1653864081827267881	1280
1653864081834373170	1280
1653864081917541124	1281
1653864081926390787	1282
1653864081987408807	1283
1653864082005254167	1284
1653864082031235529	1285
1653864082034208830	1286
1653864082044366279	1287
1653864082048215725	1288
1653864082154905481	1289
1653864082201308030	1290
1653864082203994469	1291
1653864082243155126	1292
1653864082243178606	1292
1653864082314519665	1293
1653864082399287201	1294
1653864082466335704	1295
1653864082514426761	1296
1653864082682168282	1297
1653864082691458998	1298
1653864082710803854	1299
1653864082808182060	1300
1653864082848625683	1301
1653864082859112939	1302
1653864082979969820	1303
1653864082980103180	1303
1653864082995312363	1304
1653864083013283937	1305
1653864083031730886	1306
1653864083060096865	1307
1653864083092605533	1308
1653864083174018174	1309
1653864083203307416	1310
1653864083212574041	1311
1653864083307994189	1312
1653864083321969940	1313
1653864083499751897	1314
1653864083597528882	1315
1653864083612225940	1316
1653864083621315977	1317
1653864083642731626	1318
1653864083647247971	1319
1653864083649518644	1320
1653864083875315461	1321
1653864083896248416	1322
1653864083918462518	1323
1653864083927296379	1324
1653864084091759508	1325
1653864084098988281	1326
1653864084190231802	1327
1653864084204916459	1328
1653864084205230652	1328
1653864084260941897	1329
1653864084312943796	1330
1653864084324312166	1331
1653864084405142840	1332
1653864084457706196	1333
1653864084579523488	1334
1653864084585056812	1335
1653864084618323004	1336
1653864084620719813	1337
1653864084720806588	1338
1653864084731248870	1339
1653864084784504152	1340
1653864084792369744	1341
1653864084818214740	1342
1653864084890948313	1343
1653864084911218547	1344
1653864085010851201	1345
1653864085014368957	1346
1653864085030479425	1347
1653864085034389807	1348
1653864085040324760	1349
1653864085046510883	1350
1653864085204103099	1351
1653864085227242072	1352
1653864085237036282	1351
1653864085300729455	1352
1653864085480566830	1353
1653864085560394809	1354
1653864085609074459	1355
