1655330413383407403 24
1655330414384547038 36
1655330415385697362 30
1655330416386880137 35
1655330417388046132 38
1655330418389211767 34
1655330419389853898 37
1655330420390997987 27
1655330421392181747 35
1655330422393338984 41
1655330423393834620 35
1655330424394977118 35
1655330425396131255 30
1655330426397287929 38
1655330427398509502 31
1655330428399678994 38
1655330429400844017 39
1655330430402014287 35
1655330431402885869 40
1655330432404055210 31
1655330433405215839 34
1655330434406385390 34
1655330435407587298 36
1655330436408747332 40
1655330437409917496 34
1655330438411083475 35
1655330439412270402 32
1655330440413456478 39
1655330441414619424 35
1655330442415784370 35
1655330443416957240 31
1655330444418136747 32
1655330445419302156 37
1655330446420458900 36
1655330447421620187 31
1655330448422771183 37
1655330449423935594 35
1655330450424195912 33
1655330451425358450 40
1655330452426530236 32
1655330453427696906 29
1655330454428862348 39
1655330455430041472 33
1655330456431201720 32
1655330457432362336 38
1655330458433539030 31
1655330459434699119 36
1655330460435869374 38
1655330461437029097 36
1655330462438187438 26
1655330463439356208 35
1655330464440516580 35
1655330465441686164 33
1655330466442864741 40
1655330467444021773 35
1655330468445182915 37
1655330469446332315 28
1655330470447484402 37
1655330471448631810 36
1655330472449814025 36
1655330473450974519 32
1655330474452151990 31
1655330475453324321 36
1655330476454482470 38
1655330477455686723 34
1655330478457715705 32
1655330479458956578 33
1655330480460675426 39
1655330481461869783 35
1655330482463043302 30
1655330483465105586 37
1655330484465922492 36
1655330485467885342 32
1655330486469036812 37
1655330487470304467 35
1655330488471462570 30
1655330489472621385 39
1655330490473805060 36
1655330491474998542 36
1655330492476157471 32
1655330493477311590 37
1655330494477834635 35
1655330495479009735 38
1655330496480270103 33
1655330497481743576 31
1655330498482927689 38
1655330499484077821 38