1655329853438600939 0
1655329854439833687 0
1655329855440672481 0
1655329856441857034 0
1655329857443020761 0
1655329858444191923 0
1655329859445360703 0
1655329860446518032 0
1655329861447674878 0
1655329862448854129 4
1655329863450026572 10
1655329864451239545 9
1655329865452721791 9
1655329866453895616 10
1655329867455074852 10
1655329868456253863 8
1655329869457438916 10
1655329870458623377 10
1655329871459803339 8
1655329872460984181 10
1655329873462221932 10
1655329874463403805 8
1655329875463977605 10
1655329876464889014 10
1655329877466042633 10
1655329878467213008 8
1655329879468374368 10
1655329880469530644 10
1655329881470682687 10
1655329882471859450 8
1655329883473056813 10
1655329884474213345 10
1655329885475377216 8
1655329886476536617 10
1655329887477693361 10
1655329888478850508 10
1655329889480015917 8
1655329890481184622 10
1655329891482336693 10
1655329892483524842 9
1655329893484690111 9
1655329894485856898 10
1655329895487006420 10
1655329896488156605 8
1655329897489314021 10
1655329898490467608 10
1655329899491617798 10
1655329900492795543 8
1655329901493982759 10
1655329902494746282 10
1655329903495921943 9
1655329904497091972 9
1655329905498258324 10
1655329906499412792 10
1655329907500562774 9
1655329908501727732 9
1655329909502887020 10
1655329910504044997 10
1655329911505254310 9
1655329912506424862 9
1655329913507584528 10
1655329914508783741 10
1655329915509179133 8
1655329916510095968 10
1655329917511264661 10
1655329918512414505 9
1655329919513288178 9
1655329920514449804 10
1655329921515623155 10
1655329922517533508 9
1655329923520849739 9
1655329924522011238 10
1655329925523191772 10
1655329926524348902 9
1655329927525504753 9
1655329928526673295 10
1655329929527824928 10
1655329930528980693 8
1655329931530160288 10
1655329932531317627 10
1655329933532491754 8
1655329934533654711 10
1655329935534819258 10
1655329936535289251 10
1655329937536464278 8
1655329938537617245 10
1655329939538786056 10
1655329940539951260 10
1655329941541120152 8
1655329942542284085 10
1655329943543440349 10
1655329944544623060 9
1655329945545797965 9
1655329946546967667 10
1655329947548131008 10
1655329948549305908 8
1655329949550465241 10
1655329950551633114 10