1655330955203893564 0
1655330956205109194 0
1655330957206248674 0
1655330958207397197 0
1655330959208538257 0
1655330960209686708 0
1655330961210825744 0
1655330962211969250 0
1655330963213110177 0
1655330964214251418 0
1655330965215443684 30
1655330966217272003 93
1655330967219211057 107
1655330968220384525 99
1655330969221173202 107
1655330970223720376 113
1655330971224890671 113
1655330972225187954 111
1655330973226370548 111
1655330974228316021 111
1655330975229521187 111
1655330976231649453 111
1655330977232801093 100
1655330978233162162 105
1655330979234311384 111
1655330980235466349 111
1655330981236618485 100
1655330982237825085 111
1655330983239049431 107
1655330984240454880 109
1655330985241177518 112
1655330986242827017 110
1655330987243991949 113
1655330988245178193 114
1655330989246370955 109
1655330990247573230 109
1655330991248852387 113
1655330992250024837 110
1655330993251252609 108
1655330994252980022 97
1655330995254188584 94
1655330996255822665 110
1655330997257008287 107
1655330998258177725 97
1655330999259322069 109
1655331000260563211 113
1655331001262706345 109
1655331002263861208 110
1655331003265113505 109
1655331004266657479 111
1655331005268401224 109
1655331006269294847 115
1655331007270476985 109
1655331008271676246 114
1655331009272901033 108
1655331010273115276 113
1655331011274277078 107
1655331012275543569 95
1655331013276692244 101
1655331014277132435 100
1655331015278278921 110
1655331016279428994 110
1655331017280636799 112
1655331018281310815 112
1655331019281723377 111
1655331020282871393 116
1655331021284031909 110
1655331022285237904 113
1655331023286420885 116
1655331024287623884 108
1655331025289116894 117
1655331026290272699 114
1655331027291419810 111
1655331028292600934 114
1655331029293112380 111
1655331030294251121 104
1655331031295432028 87
1655331032297176146 99
1655331033299108060 108
1655331034300252166 113
1655331035301122588 110
1655331036302277096 101
1655331037303430954 83
1655331038304603449 103
1655331039305753452 112
1655331040306904675 111
1655331041308054232 107
1655331042309152150 112
1655331043310305398 107
1655331044311503957 111
1655331045312666408 113
1655331046313112410 113
1655331047314281641 110
1655331048316170256 117
1655331049317200417 112
1655331050318360428 113
1655331051319564967 113
1655331052321107107 111
1655331053322258635 118