1655330622670331820 0
1655330623671891313 0
1655330624673047653 0
1655330625674204380 0
1655330626675360384 0
1655330627676803285 0
1655330628677847302 0
1655330629679000740 0
1655330630680156214 0
1655330631681321491 0
1655330632682481111 8
1655330633683620762 15
1655330634684791880 19
1655330635686022686 20
1655330636687169021 25
1655330637688301896 27
1655330638689444775 29
1655330639690590575 31
1655330640691738365 34
1655330641692881423 30
1655330642693834566 33
1655330643695015305 33
1655330644696202998 37
1655330645697366321 34
1655330646698542559 34
1655330647699360714 34
1655330648700520398 29
1655330649701667587 40
1655330650702840017 31
1655330651704052094 32
1655330652705206020 32
1655330653706365697 33
1655330654707524478 33
1655330655708689587 34
1655330656709866088 34
1655330657711050706 34
1655330658712208095 32
1655330659713373161 41
1655330660714338738 32
1655330661715505087 32
1655330662716690335 33
1655330663717862592 34
1655330664719010175 36
1655330665720182080 33
1655330666721353265 31
1655330667722524709 36
1655330668723679202 36
1655330669724861713 29
1655330670726066924 37
1655330671727238075 34
1655330672728436307 30
1655330673728695542 32
1655330674729897529 34
1655330675731064625 34
1655330676732231542 36
1655330677733420097 31
1655330678733596055 29
1655330679734358790 38
1655330680735750749 34
1655330681736928272 31
1655330682738096179 36
1655330683739262764 32
1655330684740424801 30
1655330685741590054 38
1655330686742754005 27
1655330687743915208 34
1655330688745088172 35
1655330689746262556 35
1655330690747429287 33
1655330691748596885 32
1655330692749787327 35
1655330693751068053 36
1655330694752299403 29
1655330695753519352 38
1655330696753897665 32
1655330697755606884 36
1655330698756822057 31
1655330699758055086 26
1655330700760003852 41
1655330701761495050 40
1655330702761846853 32
1655330703763026177 29
1655330704764201751 34
1655330705765356819 33
1655330706765855640 37
1655330707767467159 33
1655330708768697476 36
1655330709769934829 34
1655330710771746623 33
1655330711773319182 32
1655330712774512014 32
1655330713775685030 28
1655330714776933516 36
1655330715777858369 31
1655330716779016611 36
1655330717780354102 32
1655330718781815293 40
1655330719782961942 29
1655330720784111634 39