1655330733708689284 0
1655330734709938106 0
1655330735711101109 0
1655330736712299523 0
1655330737713472003 0
1655330738714632801 0
1655330739715791799 0
1655330740716962351 0
1655330741718178877 0
1655330742719363607 0
1655330743720540999 0
1655330744721715133 0
1655330745722884531 0
1655330746724049035 0
1655330747725213411 0
1655330748726378814 0
1655330749727552968 0
1655330750728722730 0
1655330751729889271 0
1655330752731056442 0
1655330753732236874 0
1655330754733406737 0
1655330755733964698 0
1655330756735370218 0
1655330757736574787 0
1655330758737745891 0
1655330759738913423 0
1655330760740080368 0
1655330761741255035 0
1655330762742432162 0
1655330763743627566 0
1655330764744808341 0
1655330765745135579 0
1655330766746301657 0
1655330767747486868 0
1655330768748656917 0
1655330769749830466 0
1655330770751005460 0
1655330771752179797 0
1655330772753354004 0
1655330773753632658 0
1655330774754803123 0
1655330775755970340 0
1655330776757133528 0
1655330777758301630 0
1655330778759485319 0
1655330779760644853 0
1655330780761177934 0
1655330781762360306 0
1655330782763535005 0
1655330783764713161 0
1655330784765903231 0
1655330785767073527 0
1655330786768229464 0
1655330787769159094 0
1655330788770839458 0
1655330789772006874 0
1655330790773177237 0
1655330791774351923 0
1655330792775519962 0
1655330793776696444 0
1655330794777863980 0
1655330795779041551 0
1655330796780207491 0
1655330797781375077 0
1655330798782539095 0
1655330799783709426 0
1655330800784871327 0
1655330801786046400 0
1655330802787226748 0
1655330803788445108 0
1655330804789612450 0
1655330805790783909 0
1655330806791964517 0
1655330807793150069 0
1655330808794345960 0
1655330809795524121 0
1655330810796696628 0
1655330811797877329 0
1655330812799064803 0
1655330813800227097 0
1655330814801397141 0
1655330815802566599 0
1655330816803726184 0
1655330817804891188 0
1655330818806071729 0
1655330819807255248 0
1655330820808432164 0
1655330821809613134 0
1655330822810790705 0
1655330823811962002 0
1655330824813143208 0
1655330825814313820 0
1655330826815477485 0
1655330827816646836 0
1655330828817814489 0
1655330829818978903 0
1655330830820147464 0