1655331066665256864 0
1655331067666481562 0
1655331068667630501 0
1655331069668769907 0
1655331070669907923 0
1655331071671050527 0
1655331072672188759 0
1655331073673323478 0
1655331074674457998 0
1655331075675612857 9
1655331076676770303 19
1655331077677850294 7
1655331078679001700 0
1655331079680159525 0
1655331080681319482 0
1655331081682462196 0
1655331082683619764 0
1655331083684795424 0
1655331084685956316 0
1655331085687127023 0
1655331086688288900 0
1655331087689431480 0
1655331088690575515 0
1655331089691720114 0
1655331090692869793 0
1655331091694033912 0
1655331092695191345 0
1655331093696361271 0
1655331094697510594 0
1655331095698671862 0
1655331096699837669 0
1655331097700986641 0
1655331098702133457 0
1655331099703291956 0
1655331100704443607 0
1655331101705592990 0
1655331102706753085 0
1655331103707913067 0
1655331104709062086 0
1655331105709831917 0
1655331106710981628 0
1655331107712126801 0
1655331108713286439 0
1655331109714439242 0
1655331110715591828 0
1655331111716244781 0
1655331112717391374 0
1655331113718529961 0
1655331114719684103 0
1655331115720837639 0
1655331116721993470 0
1655331117723141976 0
1655331118724280420 0
1655331119725424048 0
1655331120726579376 0
1655331121727739587 0
1655331122728879182 0
1655331123730033742 0
1655331124731183714 0
1655331125732324083 0
1655331126733472947 0
1655331127734613957 0
1655331128735768965 0
1655331129736914566 0
1655331130738070499 0
1655331131739227567 0
1655331132740372021 0
1655331133741530608 0
1655331134742685222 0
1655331135743832413 0
1655331136744978868 0
1655331137746129544 0
1655331138747215304 0
1655331139748374512 0
1655331140749517915 0
1655331141750392836 0
1655331142751544773 0
1655331143752696844 0
1655331144753831749 0
1655331145754988842 0
1655331146756137522 0
1655331147757280191 0
1655331148758433371 0
1655331149759582737 0
1655331150760737780 0
1655331151761878251 0
1655331152763031734 0
1655331153764190487 0
1655331154765334070 0
1655331155766486518 0
1655331156767632530 0
1655331157768771625 0
1655331158769911993 0
1655331159771054804 0
1655331160772207808 0
1655331161773371704 0
1655331162774514699 0