1655330073615865513 0
1655330074617092056 0
1655330075617255200 0
1655330076618410885 0
1655330077619587706 0
1655330078620754905 0
1655330079621132052 0
1655330080622294141 0
1655330081623463832 0
1655330082624647997 10
1655330083625810444 20
1655330084626979800 18
1655330085628148216 19
1655330086629318996 19
1655330087630472834 20
1655330088631628895 18
1655330089632805761 18
1655330090633974841 20
1655330091635125919 19
1655330092636302018 17
1655330093637468138 20
1655330094638634055 20
1655330095639806396 17
1655330096640334821 19
1655330097641704091 20
1655330098642833616 19
1655330099643983361 18
1655330100645162040 19
1655330101646110200 20
1655330102647862262 18
1655330103649075470 19
1655330104650230884 19
1655330105651383123 20
1655330106652533509 18
1655330107653689621 18
1655330108654858162 20
1655330109656020459 19
1655330110657165262 19
1655330111657614391 18
1655330112658782936 20
1655330113659937265 18
1655330114661227995 18
1655330115662388384 20
1655330116663598883 19
1655330117664751440 19
1655330118665915325 18
1655330119667075577 20
1655330120668019004 18
1655330121669173414 18
1655330122670357267 20
1655330123671503992 19
1655330124672659903 17
1655330125673828109 20
1655330126674995690 20
1655330127676143809 17
1655330128677304495 19
1655330129678474024 20
1655330130679655006 20
1655330131680817528 16
1655330132682211672 20
1655330133683374595 20
1655330134684544761 19
1655330135685703917 17
1655330136686868027 20
1655330137688028850 20
1655330138689140770 16
1655330139691269387 20
1655330140692429185 20
1655330141693626689 19
1655330142694800753 17
1655330143695978378 20
1655330144697179024 20
1655330145698351610 18
1655330146699515007 18
1655330147700687372 20
1655330148701148055 20
1655330149702300941 16
1655330150703457680 20
1655330151704623389 20
1655330152705791404 16
1655330153706956706 20
1655330154708114249 20
1655330155709116744 19
1655330156710273265 17
1655330157711429083 20
1655330158712593470 20
1655330159713285113 16
1655330160714520035 20
1655330161715679007 20
1655330162716860958 17
1655330163718029259 19
1655330164719191963 20
1655330165720352256 18
1655330166721516518 18
1655330167722668560 20
1655330168723815113 20
1655330169724970883 17
1655330170726484789 19