1655331285873973343 0
1655331286875201626 0
1655331287876357204 0
1655331288877511804 0
1655331289878674739 0
1655331290879834117 0
1655331291880989788 0
1655331292882144478 0
1655331293883298082 0
1655331294884462259 0
1655331295885631183 0
1655331296886789593 0
1655331297887945386 0
1655331298888791170 0
1655331299889973785 0
1655331300891139957 0
1655331301892322494 0
1655331302893485625 0
1655331303894659460 0
1655331304895812841 0
1655331305896952255 0
1655331306898123725 0
1655331307899303235 0
1655331308900467109 0
1655331309901644870 0
1655331310903510005 0
1655331311904680967 0
1655331312905877095 0
1655331313907051076 0
1655331314908206881 0
1655331315909390632 0
1655331316910555632 0
1655331317911712500 0
1655331318912874389 0
1655331319914038714 0
1655331320915193087 0
1655331321916350364 0
1655331322917507221 0
1655331323918667211 0
1655331324919823263 0
1655331325920982865 0
1655331326922142431 0
1655331327923301235 0
1655331328924311246 0
1655331329925467895 0
1655331330926624825 0
1655331331927783628 0
1655331332928940870 0
1655331333930096990 0
1655331334931248853 0
1655331335932403968 0
1655331336933566594 0
1655331337934721466 0
1655331338935890662 0
1655331339937041275 0
1655331340938213112 0
1655331341939377112 0
1655331342940534582 0
1655331343941692559 0
1655331344942869408 0
1655331345944033348 0
1655331346945196178 0
1655331347946343731 0
1655331348947509663 0
1655331349948094953 0
1655331350949261669 0
1655331351950420067 0
1655331352951609280 0
1655331353953484366 0
1655331354954252924 0
1655331355955426001 0
1655331356956582014 0
1655331357957746835 0
1655331358958926595 0
1655331359960087635 0
1655331360961252178 0
1655331361962417048 0
1655331362963571209 0
1655331363964747453 0
1655331364965904839 0
1655331365967061846 0
1655331366968214981 0
1655331367969371318 0
1655331368970534187 0
1655331369971689228 0
1655331370972852063 0
1655331371974003603 0
1655331372975109309 0
1655331373976319147 0
1655331374977520325 0
1655331375978709442 0
1655331376980078246 0
1655331377981472788 0
1655331378982627232 0
1655331379983787266 0
1655331380984947963 0
1655331381986125052 0
1655331382987309645 0
1655331383988700650 0
1655331384989877071 0