1655332166897794224 0
1655332167899030850 0
1655332168900221812 0
1655332169901408268 0
1655332170902578235 0
1655332171903747231 0
1655332172904927962 0
1655332173906095753 0
1655332174907264170 0
1655332175908442957 3
1655332176909401193 40
1655332177910642266 75
1655332178911289743 80
1655332179912662115 104
1655332180913534940 94
1655332181913889452 56
1655332182915064456 108
1655332183915931182 97
1655332184917773358 87
1655332185918993758 111
1655332186920145848 111
1655332187921294933 88
1655332188922479151 86
1655332189923634878 103
1655332190924793009 82
1655332191925853886 100
1655332192927016271 107
1655332193928182742 112
1655332194929342749 93
1655332195930502457 71
1655332196931664641 90
1655332197932873161 68
1655332198934021463 110
1655332199935179203 106
1655332200936338475 106
1655332201937511661 89
1655332202938087775 98
1655332203939128113 96
1655332204939309555 107
1655332205940511679 117
1655332206942265730 83
1655332207943422763 83
1655332208944588615 91
1655332209945794640 92
1655332210946957245 105
1655332211948128871 100
1655332212949307960 89
1655332213950466494 108
1655332214951626919 80
1655332215952780475 87
1655332216953981095 100
1655332217955160181 104
1655332218957291357 111
1655332219958469444 67
1655332220959648057 99
1655332221961828236 91
1655332222962260786 110
1655332223963446495 86
1655332224964831230 109
1655332225965906840 105
1655332226967114500 120
1655332227968596846 91
1655332228969804411 92
1655332229971330581 105
1655332230974084857 92
1655332231975707137 101
1655332232977840566 104
1655332233979972877 97
1655332234981898268 96
1655332235983058564 88
1655332236984203308 110
1655332237985352348 85
1655332238985863799 101
1655332239987009974 98
1655332240988157414 92
1655332241989323158 96
1655332242989884576 76
1655332243991050269 98
1655332244992197857 92
1655332245993339495 94
1655332246993881195 104
1655332247995842182 83
1655332248997129030 88
1655332249999775606 91
1655332251000928779 100
1655332252001834252 90
1655332253003008843 84
1655332254004604168 94
1655332255005782126 92
1655332256006947368 109
1655332257008213255 88
1655332258008590657 71
1655332259009774200 96
1655332260010950103 94
1655332261012104431 95
1655332262013284618 95
1655332263013863374 84
1655332264015672820 99