1655331617317067572 0
1655331618318288054 0
1655331619319428847 0
1655331620320584786 0
1655331621321728318 0
1655331622322878434 0
1655331623324021170 0
1655331624325161470 0
1655331625326302161 0
1655331626327480584 2
1655331627328638475 23
1655331628329827551 42
1655331629331022800 42
1655331630332213294 42
1655331631333391264 63
1655331632334578872 67
1655331633335743309 64
1655331634336935887 64
1655331635338107020 61
1655331636339285424 70
1655331637340879874 67
1655331638341197873 69
1655331639343040296 58
1655331640344250235 66
1655331641345424132 56
1655331642346588251 51
1655331643348061726 67
1655331644349135413 72
1655331645350284340 68
1655331646351511071 66
1655331647353210187 69
1655331648354422637 68
1655331649356313096 78
1655331650358090019 65
1655331651359345477 70
1655331652361305511 64
1655331653362487962 66
1655331654364507485 74
1655331655365142892 73
1655331656366314477 51
1655331657368155534 69
1655331658369143895 65
1655331659370466924 65
1655331660371661704 73
1655331661373380009 75
1655331662374724770 68
1655331663376422462 57
1655331664377141325 66
1655331665378324699 76
1655331666379509502 72
1655331667381120217 56
1655331668382280406 75
1655331669383425610 64
1655331670384576544 60
1655331671385112123 53
1655331672386435070 66
1655331673388045819 72
1655331674389113262 66
1655331675390261778 59
1655331676391407809 62
1655331677392567167 68
1655331678393723400 62
1655331679394945824 62
1655331680396116444 67
1655331681397280153 69
1655331682398440396 78
1655331683399385426 66
1655331684400540221 61
1655331685401128810 60
1655331686402335676 80
1655331687403751216 67
1655331688404907418 65
1655331689406101588 71
1655331690407257240 68
1655331691408434074 64
1655331692409164988 74
1655331693410324835 58
1655331694411497923 70
1655331695412671749 66
1655331696413666693 68
1655331697415050627 68
1655331698416207544 66
1655331699417143856 72
1655331700418305453 62
1655331701418631529 66
1655331702419843278 70
1655331703420509578 57
1655331704421623458 77
1655331705422801527 67
1655331706423961045 67
1655331707425125804 73
1655331708426295234 64
1655331709427466909 75
1655331710428628299 65
1655331711429141142 65
1655331712430315751 70
1655331713431250741 67
1655331714432749263 70
1655331715433916397 72