1655332276398257544 0
1655332277399518928 0
1655332278400676198 0
1655332279401816949 0
1655332280402058982 0
1655332281403241783 0
1655332282404439025 0
1655332283405878266 0
1655332284407055696 0
1655332285408223367 0
1655332286409433233 0
1655332287410628287 0
1655332288411808262 0
1655332289413445620 0
1655332290413681118 0
1655332291414898169 0
1655332292416385664 0
1655332293417566363 0
1655332294419042726 0
1655332295420208773 0
1655332296421372552 0
1655332297422552086 0
1655332298423725789 0
1655332299425198294 0
1655332300426353648 0
1655332301427522352 0
1655332302428693661 0
1655332303429855099 0
1655332304431021280 0
1655332305432178765 0
1655332306433346720 0
1655332307434513310 0
1655332308435689004 0
1655332309436845707 0
1655332310438001149 0
1655332311439196324 0
1655332312440399718 0
1655332313441600073 0
1655332314442795813 0
1655332315443992487 0
1655332316445209738 0
1655332317446398231 0
1655332318447753093 0
1655332319448930570 0
1655332320450116125 0
1655332321451314575 0
1655332322452813065 0
1655332323453979086 0
1655332324454294777 0
1655332325455480477 0
1655332326456663220 0
1655332327457837227 0
1655332328459054506 0
1655332329460226204 0
1655332330461388549 0
1655332331462564855 0
1655332332463757617 0
1655332333464929447 0
1655332334466151204 0
1655332335467333257 0
1655332336468746335 0
1655332337469914269 0
1655332338471072279 0
1655332339472250633 0
1655332340473424090 0
1655332341474660480 0
1655332342475854107 0
1655332343477082159 0
1655332344478282512 0
1655332345479475831 0
1655332346480659555 0
1655332347481141486 0
1655332348482308152 0
1655332349483484790 0
1655332350484648094 0
1655332351485823501 0
1655332352486999857 0
1655332353487253539 0
1655332354488425339 0
1655332355489594222 0
1655332356490771385 0
1655332357491948568 0
1655332358493135301 0
1655332359494301751 0
1655332360495477442 0
1655332361496652837 0
1655332362497830849 0
1655332363498099203 0
1655332364499287301 0
1655332365500465119 0
1655332366501650707 0
1655332367502827853 0
1655332368504018574 0
1655332369505188705 0
1655332370506375282 0
1655332371507568445 0
1655332372508779192 0
1655332373509394121 0