1655332495826725845 0
1655332496828015519 0
1655332497829106528 0
1655332498829892094 0
1655332499831099560 0
1655332500832314419 0
1655332501833143579 0
1655332502834324858 0
1655332503835513466 0
1655332504836683926 0
1655332505837848027 0
1655332506839013414 0
1655332507840181897 0
1655332508841356530 0
1655332509842518591 0
1655332510843689045 0
1655332511844862123 0
1655332512846043287 0
1655332513847224754 0
1655332514848396659 0
1655332515849586524 0
1655332516850768843 0
1655332517852012708 0
1655332518853229002 0
1655332519854454751 0
1655332520855641888 0
1655332521856842854 0
1655332522858310732 0
1655332523859486294 0
1655332524860647156 0
1655332525861828760 0
1655332526863010557 0
1655332527864228919 0
1655332528865397709 0
1655332529866582388 0
1655332530867762278 0
1655332531868930732 0
1655332532870099872 0
1655332533871300148 0
1655332534872127247 0
1655332535873299363 0
1655332536873815912 0
1655332537874995990 0
1655332538876355320 0
1655332539877516292 0
1655332540878698837 0
1655332541879874321 0
1655332542881343112 0
1655332543882498210 0
1655332544883670014 0
1655332545884861391 0
1655332546886073762 0
1655332547887397316 0
1655332548888583918 0
1655332549890207099 0
1655332550890708132 0
1655332551891894892 0
1655332552893091934 0
1655332553894286194 0
1655332554895477236 0
1655332555896665684 0
1655332556897860179 0
1655332557899029278 0
1655332558900199305 0
1655332559901394887 0
1655332560902588834 0
1655332561903768248 0
1655332562904933487 0
1655332563906138752 0
1655332564907321519 0
1655332565908776192 0
1655332566909948004 0
1655332567911120477 0
1655332568912300587 0
1655332569913463340 0
1655332570914290838 0
1655332571915498086 0
1655332572916681866 0
1655332573917887994 0
1655332574919521702 0
1655332575919741132 0
1655332576920951815 0
1655332577922162748 0
1655332578923344331 0
1655332579924523258 0
1655332580925725907 0
1655332581926907629 0
1655332582928259943 0
1655332583929424868 0
1655332584930609817 0
1655332585931794214 0
1655332586932985736 0
1655332587934184454 0
1655332588935567729 0
1655332589936310363 0
1655332590937496964 0
1655332591938699706 0
1655332592939886267 0