1653773726298431045	1
1653773727335050031	2
1653773727428353497	3
1653773727428362269	3
1653773727528380085	4
1653773727529842685	5
1653773727548035196	6
1653773727561075662	7
1653773727570066169	8
1653773727628428476	9
1653773727655013333	10
1653773727728352976	11
1653773727728339552	11
1653773727752081374	12
1653773727763999406	13
1653773727828368402	14
1653773727832091441	15
1653773727849055190	16
1653773727928305884	17
1653773727930485097	18
1653773727956052778	19
1653773728028404764	20
1653773728055046287	21
1653773728068993453	22
1653773728128359380	23
1653773728132060835	24
1653773728153066257	25
1653773728228299452	26
1653773728229080765	27
1653773728236076945	28
1653773728253075606	29
1653773728328372808	30
1653773728336019505	31
1653773728359000509	32
1653773728428403239	33
1653773728434076982	34
1653773728453106343	35
1653773728462817359	36
1653773728530559519	37
1653773728559768525	38
1653773728628398552	39
1653773728632072990	40
1653773728648501963	41
1653773728654282620	42
1653773728734110995	43
1653773728745260212	44
1653773728749095058	45
1653773728831108466	46
1653773728844204157	47
1653773728847028832	48
1653773728857084041	49
1653773728939253943	50
1653773728942192512	51
1653773728952081966	52
1653773729031320393	53
1653773729043537543	54
1653773729057168823	55
1653773729060792238	56
1653773729148221382	57
1653773729157275234	58
1653773729228383499	59
1653773729240163407	60
1653773729246506539	61
1653773729258270502	62
1653773729333137892	63
1653773729343541659	64
1653773729353177392	65
1653773729428488702	66
1653773729442185054	67
1653773729449154651	68
1653773729528463926	69
1653773729542026900	70
1653773729551138748	71
1653773729628494973	72
1653773729638151167	73
1653773729652147967	74
1653773729732209509	75
1653773729740423595	76
1653773729745195603	77
1653773729829593821	78
1653773729839164339	79
1653773729854146798	80
1653773729858451295	81
1653773729940275318	82
1653773729951289021	83
1653773729953107610	84
1653773730040032784	85
1653773730128502815	86
1653773730137110020	87
1653773730145233356	88
1653773730151253487	89
1653773730233334899	90
1653773730237161815	91
1653773730246902556	92
1653773730332727096	93
1653773730342040769	94
1653773730350012949	95
1653773730434134541	96
1653773730449403797	97
1653773730457209422	98
1653773730536239571	99
1653773730542243449	100
1653773730550434662	101
1653773730631194527	102
1653773730642271715	103
1653773730653267970	104
1653773730728490870	105
1653773730740193664	106
1653773730753237983	107
1653773730831255723	108
1653773730842849976	109
1653773730850245838	110
1653773730928505047	111
1653773730943538576	112
1653773730958176646	113
1653773730962067912	114
1653773731037109025	115
1653773731055197956	116
1653773731065518469	117
1653773731134345783	118
1653773731146189400	119
1653773731154319967	120
1653773731232246066	121
1653773731244237114	122
1653773731254011839	123
1653773731342464102	124
1653773731349262811	125
1653773731428608725	126
1653773731434762634	127
1653773731443202268	128
1653773731455969698	129
1653773731538253485	130
1653773731553229366	131
1653773731632257542	132
1653773731648474486	133
1653773731652300068	134
1653773731735423276	135
1653773731739062297	136
1653773731750258854	137
1653773731757249325	138
1653773731842269491	139
1653773731856297967	140
1653773731929370377	141
1653773731943335649	142
1653773731952231694	143
1653773732036410875	144
1653773732039227295	145
1653773732129289840	146
1653773732128588028	146
1653773732143269947	147
1653773732154233319	148
1653773732233859084	149
1653773732240257596	150
1653773732253253285	151
1653773732332288779	152
1653773732342405583	153
1653773732350834963	154
1653773732432130162	155
1653773732465827365	156
1653773732471326478	157
1653773732538383540	158
1653773732550089631	159
1653773732558289038	160
1653773732635015482	161
1653773732649359692	162
1653773732661108256	163
1653773732751551378	164
1653773732757297615	165
1653773732837004151	166
1653773732846342505	167
1653773732928247224	168
1653773732934466627	169
1653773732939698063	170
1653773732947411430	171
1653773733028703980	172
1653773733046462731	173
1653773733051406219	174
1653773733128543678	175
1653773733137286459	176
1653773733143326874	177
1653773733150316475	178
1653773733234393635	179
1653773733247147569	180
1653773733255342761	181
1653773733332235464	182
1653773733337343726	183
1653773733350293227	184
1653773733429411450	185
1653773733528731304	186
1653773733532084174	187
1653773733532825682	188
1653773733557301014	189
1653773733567525034	190
1653773733632336457	191
1653773733654789595	192
1653773733677873441	193
1653773733728992328	194
1653773733739365825	195
1653773733829195357	196
1653773733835373217	197
1653773733846380640	198
1653773733854344230	199
1653773733936423116	200
1653773733942345275	201
1653773734030485327	202
1653773734037390892	203
1653773734051363913	204
1653773734058207152	205
1653773734144158897	206
1653773734153154041	207
1653773734231194061	208
1653773734244696837	209
1653773734256130829	210
1653773734332406085	211
1653773734342324836	212
1653773734349181514	213
1653773734432296347	214
1653773734437176621	215
1653773734450437972	216
1653773734458239650	217
1653773734538844727	218
1653773734551462008	219
1653773734558469077	220
1653773734637583392	221
1653773734642395510	222
1653773734654384699	223
1653773734736405681	224
1653773734747468409	225
1653773734754432073	226
1653773734850458022	227
1653773734850760427	227
1653773734932437630	228
1653773734946379717	229
1653773734955373741	230
1653773735035385289	231
1653773735042176926	232
1653773735055456641	233
1653773735132434280	234
1653773735140153936	235
1653773735188150610	236
1653773735229292170	237
1653773735328748688	238
1653773735428485952	239
1653773735431427303	240
1653773735434052531	241
1653773735529432450	242
1653773735531204913	243
1653773735531859112	244
1653773735538352749	245
1653773735628495858	246
1653773735631309830	247
1653773735648716244	248
1653773735652463139	249
1653773735657278561	250
1653773735744521337	251
1653773735753563798	252
1653773735757266460	253
1653773735832907928	254
1653773735847310890	255
1653773735854480313	256
1653773735930485611	257
1653773735940468745	258
1653773735959405367	259
1653773736048709782	260
1653773736054494497	261
1653773736059525390	262
1653773736140232352	263
1653773736149423023	264
1653773736159394842	265
1653773736239437413	266
1653773736252259101	267
1653773736258165019	268
1653773736333221200	269
1653773736343198557	270
1653773736355263793	271
1653773736431612514	272
1653773736442223645	273
1653773736453970406	274
1653773736533467237	275
1653773736544449864	276
1653773736554995932	277
1653773736559853244	278
1653773736644420165	279
1653773736658464283	280
1653773736733791535	281
1653773736754494060	282
1653773736828946502	283
1653773736843569506	284
1653773736847427618	285
1653773736858605135	286
1653773736938614576	287
1653773736946446662	288
1653773737029763566	289
1653773737033420404	290
1653773737128851476	291
1653773737130517581	292
1653773737150502464	293
1653773737161221578	294
1653773737232811630	295
1653773737247602335	296
1653773737252428165	297
1653773737336512178	298
1653773737428868721	299
1653773737431803587	300
1653773737435437459	301
1653773737441482961	302
1653773737484374461	303
1653773737540548719	304
1653773737555569849	305
1653773737628961524	306
1653773737637956566	307
1653773737645613022	308
1653773737652438548	309
1653773737733717792	310
1653773737741400710	311
1653773737754563374	312
1653773737837430349	313
1653773737847694457	314
1653773737849588449	315
1653773737862477578	316
1653773737938589223	317
1653773737950427819	318
1653773738029829134	319
1653773738039203460	320
1653773738050851517	321
1653773738057349025	322
1653773738138773053	323
1653773738146841270	324
1653773738235428175	325
1653773738241331391	326
1653773738329867569	327
1653773738348550013	328
1653773738429942911	329
1653773738431631955	330
1653773738436618476	331
1653773738452023156	332
1653773738456688507	333
1653773738535709529	334
1653773738540503504	335
1653773738552353128	336
1653773738633589575	337
1653773738649326900	338
1653773738654589673	339
1653773738742150292	340
1653773738753593454	341
1653773738832725459	342
1653773738837319573	343
1653773738850687002	344
1653773738857301981	345
1653773738941401348	346
1653773738954311415	347
1653773739035401847	348
1653773739039309714	349
1653773739050412069	350
1653773739133971721	351
1653773739141531450	352
1653773739154303999	353
1653773739232562462	354
1653773739251770152	355
1653773739260558426	356
1653773739337328873	357
1653773739343570187	358
1653773739360518453	359
1653773739432288179	360
1653773739448559565	361
1653773739535132893	362
1653773739543711364	363
1653773739553266595	364
1653773739636298810	365
1653773739646581472	366
1653773739728990229	367
1653773739734630099	368
1653773739743576827	369
1653773739754579077	370
1653773739833696341	371
1653773739854847811	372
1653773739928811355	373
1653773739937191125	374
1653773740029079333	375
1653773740030620585	376
1653773740033572478	377
1653773740129401760	378
1653773740129437824	378
1653773740229080312	379
1653773740229068230	379
1653773740230592402	380
1653773740240582759	381
1653773740329059523	382
1653773740334835185	383
1653773740348361325	384
1653773740429127902	385
1653773740442737973	386
1653773740454716533	387
1653773740459588706	388
1653773740539766929	389
1653773740552341025	390
1653773740568571961	391
1653773740635743915	392
1653773740656843650	393
1653773740661431482	394
1653773740735760597	395
1653773740749664520	396
1653773740757403190	397
1653773740837438269	398
1653773740852685231	399
1653773740862695748	400
1653773740946604501	401
1653773741027958995	402
1653773741031686674	403
1653773741042621835	404
1653773741054987475	405
1653773741135720670	406
1653773741143291101	407
1653773741155877697	408
1653773741235740907	409
1653773741245021698	410
1653773741256913916	411
1653773741339623943	412
1653773741344653829	413
1653773741356706572	414
1653773741457426456	415
1653773741533066277	416
1653773741537469876	417
1653773741542441822	418
1653773741552296243	419
1653773741640732333	420
1653773741655410901	421
1653773741735972419	422
1653773741746717083	423
1653773741756917383	424
1653773741834790504	425
1653773741854612630	426
1653773741870702571	427
1653773741939814011	428
1653773741946743792	429
1653773742028120063	430
1653773742036771802	431
1653773742041616308	432
1653773742055512387	433
1653773742139389124	434
1653773742142621477	435
1653773742154327594	436
1653773742235723910	437
1653773742248696657	438
1653773742257309402	439
1653773742334688966	440
1653773742346791332	441
1653773742352275556	442
1653773742455429947	443
1653773742460345259	444
1653773742474303454	445
1653773742546783319	446
1653773742550712579	447
1653773742632996671	448
1653773742645677342	449
1653773742656327986	450
1653773742733246859	451
1653773742745727092	452
1653773742756612480	453
1653773742834740372	454
1653773742859433599	455
1653773742863321713	456
1653773742934255082	457
1653773742942719274	458
1653773742954715423	459
1653773743035824739	460
1653773743047352147	461
1653773743132011430	462
1653773743135970771	463
1653773743149764275	464
1653773743228300553	465
1653773743242983101	466
1653773743256734806	467
1653773743331740635	468
1653773743342407051	469
1653773743353734508	470
1653773743433346399	471
1653773743441739939	472
1653773743449581396	473
1653773743532514102	474
1653773743551960001	475
1653773743553833259	476
1653773743643887850	477
1653773743652557970	478
1653773743655471961	479
1653773743732778493	480
1653773743744506169	481
1653773743753744291	482
1653773743839852773	483
1653773743847756231	484
1653773743854400036	485
1653773743943007564	486
1653773743950895833	487
1653773743956828540	488
1653773744041876389	489
1653773744046784284	490
1653773744129161698	491
1653773744143855022	492
1653773744148834785	493
1653773744236605471	494
1653773744239838714	495
1653773744251522387	496
1653773744257811788	497
1653773744342618165	498
1653773744355963623	499
1653773744432825977	500
1653773744453863345	501
1653773744454799405	502
1653773744540986678	503
1653773744550214181	504
1653773744632238200	505
1653773744637809948	506
1653773744648777353	507
1653773744733869625	508
1653773744753030821	509
1653773744757456079	510
1653773744852928585	511
1653773744932954945	512
1653773744935948850	513
1653773744944972783	514
1653773744953886148	515
1653773745034845650	516
1653773745052988711	517
1653773745056855320	518
1653773745142520515	519
1653773745154936511	520
1653773745157597928	521
1653773745247893828	522
1653773745261475104	523
1653773745331756912	524
1653773745341552081	525
1653773745358922962	526
1653773745432236501	527
1653773745439517099	528
1653773745453028141	529
1653773745460599570	530
1653773745537436155	531
1653773745559094390	532
1653773745630407240	533
1653773745644859848	534
1653773745657222367	535
1653773745733850452	536
1653773745742518741	537
1653773745748543457	538
1653773745836275959	539
1653773745933819883	540
1653773745930491122	540
1653773745944392514	541
1653773745945855174	542
1653773746029219882	543
1653773746045665809	544
1653773746048791833	545
1653773746130900500	546
1653773746145958513	547
1653773746230570425	548
1653773746232587004	549
1653773746329099469	550
1653773746331596237	551
1653773746332799191	552
1653773746359569976	553
1653773746429293581	554
1653773746455571330	555
1653773746462503886	556
1653773746531827835	557
1653773746536946286	558
1653773746559413570	559
1653773746567422423	560
1653773746639511302	561
1653773746653880126	562
1653773746733215716	563
1653773746741888966	564
1653773746763851804	565
1653773746834389792	566
1653773746844871570	567
1653773746852848436	568
1653773746941978440	569
1653773746952675096	570
1653773747036925059	571
1653773747041420758	572
1653773747130920160	573
1653773747138555956	574
1653773747144558197	575
1653773747239540545	576
1653773747243527374	577
1653773747247418244	578
1653773747255528772	579
1653773747340858610	580
1653773747356115377	581
1653773747436259136	582
1653773747442060735	583
1653773747530735064	584
1653773747542625023	585
1653773747550821425	586
1653773747632884062	587
1653773747644335781	588
1653773747649655847	589
1653773747729157467	590
1653773747742158764	591
1653773747750928569	592
1653773747830999015	593
1653773747847033658	594
1653773747929297747	595
1653773747934861088	596
1653773747940750343	597
1653773748030010001	598
1653773748041930960	599
1653773748129398231	600
1653773748130927879	601
1653773748138911988	602
1653773748211603384	603
1653773748284303254	604
1653773748329273107	605
1653773748333031320	606
1653773748344904850	607
1653773748429335664	608
1653773748431397383	609
1653773748452048331	610
1653773748528389337	611
1653773748543570776	612
1653773748629252558	613
1653773748633630170	614
1653773748636968722	615
1653773748642050650	616
1653773748732010493	617
1653773748740016804	618
1653773748750245549	619
1653773748840438539	620
1653773748842549979	621
1653773748855049320	622
1653773748936263157	623
1653773748941997703	624
1653773748954718821	625
1653773749035627920	626
1653773749038586613	627
1653773749053972727	628
1653773749138953960	629
1653773749145961765	630
1653773749230341324	631
1653773749238249296	632
1653773749247054489	633
1653773749254416544	634
1653773749344014323	635
1653773749348084389	636
1653773749356113377	637
1653773749441007511	638
1653773749454564123	639
1653773749535291166	640
1653773749540959980	641
1653773749552024273	642
1653773749643008108	643
1653773749649279854	644
1653773749654198731	645
1653773749741060151	646
1653773749831784019	647
1653773749837777498	648
1653773749851081545	649
1653773749858857997	650
1653773749945451906	651
1653773749960433588	652
1653773750035361690	653
1653773750047491218	654
1653773750135492716	655
1653773750147540187	656
1653773750153135821	657
1653773750157587077	658
1653773750236208686	659
1653773750331926699	660
1653773750337345753	661
1653773750346806834	662
1653773750431848069	663
1653773750444084159	664
1653773750453520267	665
1653773750533021860	666
1653773750547063313	667
1653773750557969528	668
1653773750634249761	669
1653773750641688995	670
1653773750654501585	671
1653773750747150362	672
1653773750751763100	673
1653773750833046313	674
1653773750842185227	675
1653773750858054505	676
1653773750933284668	677
1653773750954049356	678
1653773751028389917	679
1653773751035587624	680
1653773751056061056	681
1653773751129382881	682
1653773751139191160	683
1653773751157035058	684
1653773751233279027	685
1653773751330381526	686
1653773751334573118	687
1653773751358167521	688
1653773751429480718	689
1653773751457278496	690
1653773751466799280	691
1653773751553953826	692
1653773751564794966	693
1653773751631515389	694
1653773751662726596	695
1653773751666746234	696
1653773751734310242	697
1653773751761102314	698
1653773751768006296	699
1653773751839477323	700
1653773751855630480	701
1653773751867981872	702
1653773751948413096	703
1653773751956917741	704
1653773751959789033	705
1653773752134411860	706
1653773752152313813	707
1653773752241059244	708
1653773752329748589	709
1653773752332690443	710
1653773752339240061	711
1653773752349133206	712
1653773752353287194	713
1653773752429373742	714
1653773752436754007	715
1653773752443125290	716
1653773752529407810	717
1653773752532114383	718
1653773752545831908	719
1653773752554581864	720
1653773752633009782	721
1653773752637723303	722
1653773752647172251	723
1653773752729462030	724
1653773752745296177	725
1653773752830473795	726
1653773752837028030	727
1653773752931609557	728
1653773752929529132	728
1653773752941806346	729
1653773753033563156	730
1653773753038584622	731
1653773753254267836	732
1653773753344168866	733
1653773753443032054	734
1653773753454897490	735
1653773753540676988	736
1653773753549354360	737
1653773753631997182	738
1653773753645926906	739
1653773753650908905	740
1653773753733304585	741
1653773753740708673	742
1653773753754831218	743
1653773753838297406	744
1653773753845773841	745
1653773753855121709	746
1653773753940103630	747
1653773753944354052	748
1653773753955767780	749
1653773754034283186	750
1653773754047205960	751
1653773754056123169	752
1653773754141234636	753
1653773754147367938	754
1653773754228810846	755
1653773754233742777	756
1653773754248446162	757
1653773754253498129	758
1653773754332197176	759
1653773754337116682	760
1653773754352936129	761
1653773754359148063	762
1653773754431899668	763
1653773754445425699	764
1653773754456856365	765
1653773754545807798	766
1653773754558922039	767
1653773754629890535	768
1653773754641238229	769
1653773754728980905	770
1653773754733503225	771
1653773754742670766	772
1653773754836533559	773
1653773754836968177	774
1653773754846731128	775
1653773754858082414	776
1653773754957382935	777
1653773755033283755	778
1653773755034084683	779
1653773755044614827	780
1653773755129264472	781
1653773755136493279	782
1653773755146095860	783
1653773755229689969	784
1653773755241103531	785
1653773755248959887	786
1653773755260387549	787
1653773755341948045	788
1653773755355340024	789
1653773755436900756	790
1653773755444141917	791
1653773755530214579	792
1653773755544663824	793
1653773755630053503	794
1653773755631677352	795
1653773755640900310	796
1653773755648793389	797
1653773755741325824	798
1653773755745861966	799
1653773755758047718	800
1653773755836160018	801
1653773755856113101	802
1653773755938411961	803
1653773755941987493	804
1653773755949306007	805
1653773756031412093	806
1653773756045788333	807
1653773756053730843	808
1653773756135954903	809
1653773756145792515	810
1653773756155866276	811
1653773756240527716	812
1653773756257816202	813
1653773756335939745	814
1653773756351881008	815
1653773756433482851	816
1653773756438480238	817
1653773756451975473	818
1653773756539138917	819
1653773756550739856	820
1653773756649577422	821
1653773756652077256	822
1653773756649632961	821
1653773756733958500	822
1653773756754915875	823
1653773756842066292	824
1653773756846534746	825
1653773756932205803	826
1653773756935921336	827
1653773756954430586	828
1653773757036787385	829
1653773757048140724	830
1653773757055730771	831
1653773757134467848	832
1653773757153086474	833
1653773757157559158	834
1653773757241245411	835
1653773757328580024	836
1653773757334510018	837
1653773757344366697	838
1653773757358255699	839
1653773757432954476	840
1653773757447127430	841
1653773757532753813	842
1653773757563986083	843
1653773757566302015	844
1653773757634056046	845
1653773757635269617	846
1653773757645165197	847
1653773757648379284	848
1653773757737793941	849
1653773757748990309	850
1653773757838829224	851
1653773757857463160	852
1653773757936515623	853
1653773757939395389	854
1653773758029263537	855
1653773758034682888	856
1653773758058257614	857
1653773758130010126	858
1653773758145995999	859
1653773758156776752	860
1653773758235886937	861
1653773758247913934	862
1653773758256002246	863
1653773758343066809	864
1653773758353376859	865
1653773758436269737	866
1653773758444089682	867
1653773758452981920	868
1653773758637319384	869
1653773758640788053	870
1653773758642940180	871
1653773758645823228	872
1653773758646699970	869
1653773758737526285	870
1653773758831170229	871
1653773758832338448	872
1653773758838943297	873
1653773758848512928	874
1653773758934847485	875
1653773758940552387	876
1653773759030304379	877
1653773759043085774	878
1653773759131093803	879
1653773759136679663	880
1653773759144988124	881
1653773759231507396	882
1653773759245226978	883
1653773759265338655	884
1653773759337315041	885
1653773759345129810	886
1653773759353908076	887
1653773759449490192	888
1653773759452547075	889
1653773759535103767	890
1653773759540264013	891
1653773759544829244	892
1653773759629325556	893
1653773759734383693	894
1653773759738258899	895
1653773759744003519	896
1653773759748080371	897
1653773759756151584	898
1653773759839632984	899
1653773759848535129	900
1653773759935005007	901
1653773759949958663	902
1653773759951874118	903
1653773760028353099	904
1653773760044520017	905
1653773760133159727	906
1653773760135547660	907
1653773760146280652	908
1653773760154566612	909
1653773760330536541	910
1653773760334033008	911
1653773760350879824	912
1653773760431917853	913
1653773760436558964	914
1653773760450070916	915
1653773760533426774	916
1653773760561010531	917
1653773760635051319	918
1653773760639674423	919
1653773760649391664	920
1653773760729254265	921
1653773760749050510	922
1653773760830823048	923
1653773760836440491	924
1653773760847909125	925
1653773760855913546	926
1653773760940737556	927
1653773760957228510	928
1653773761043260071	929
1653773761053446602	930
1653773761145022741	931
1653773761146129244	932
1653773761155380779	933
1653773761239603227	934
1653773761249596008	935
1653773761332213516	936
1653773761345663457	937
1653773761362048619	938
1653773761449786695	939
1653773761460462316	940
1653773761543070314	941
1653773761630601809	942
1653773761646268717	943
1653773761650908465	944
1653773761728729887	945
1653773761741082680	946
1653773761758927112	947
1653773761845820456	948
1653773761846540668	948
1653773761930348105	949
1653773761937084604	950
1653773761948529198	951
1653773762030986639	952
1653773762037140573	953
1653773762045153650	954
1653773762134161061	955
1653773762143456179	956
1653773762147012336	957
1653773762235125550	958
1653773762250258986	959
1653773762342189126	960
1653773762345691829	960
1653773762427958372	961
1653773762436684114	962
1653773762528066753	963
1653773762540898651	964
1653773762554009846	965
1653773762630707486	966
1653773762643357585	967
1653773762730575445	968
1653773762739382788	969
1653773762751202267	970
1653773762845671698	971
1653773762854204099	972
1653773762858721034	973
1653773762937883858	974
1653773762950122723	975
1653773763030999253	976
1653773763035677243	977
1653773763052302656	978
1653773763132428765	979
1653773763143182977	980
1653773763155042755	981
1653773763238629075	982
1653773763248588065	983
1653773763259251076	984
1653773763352829938	985
1653773763432381218	986
1653773763433524637	986
1653773763446476135	987
1653773763459185709	988
1653773763537704259	989
1653773763553945874	990
1653773763630869520	991
1653773763652059120	992
1653773763729832086	993
1653773763745782067	994
1653773763751064746	995
1653773763834903829	996
1653773763843754063	997
1653773763848158603	998
1653773763935788815	999
1653773763946633369	1000
1653773764047221439	1001
1653773764050111565	1002
1653773764052933968	1003
1653773764142625974	1004
1653773764151237934	1005
1653773764233247685	1006
1653773764243191036	1007
1653773764330773126	1008
1653773764348178021	1009
1653773764430655623	1010
1653773764444177809	1011
1653773764448181067	1012
1653773764533920001	1013
1653773764549293817	1014
1653773764639581761	1015
1653773764643572589	1016
1653773764652130667	1017
1653773764741893916	1018
1653773764747452587	1019
1653773764835552427	1020
1653773764844606775	1021
1653773764932519480	1022
1653773764943200596	1023
1653773764954118402	1024
1653773765035400239	1025
1653773765046437164	1026
1653773765132926617	1027
1653773765136960234	1028
1653773765153269891	1029
1653773765233131692	1030
1653773765243452621	1031
1653773765253135636	1032
1653773765339621941	1033
1653773765347378511	1034
1653773765429153917	1035
1653773765440901316	1036
1653773765529166663	1037
1653773765541586087	1038
1653773765630208562	1039
1653773765630443688	1039
1653773765649125629	1040
1653773765731314028	1041
1653773765741574251	1042
1653773765753291227	1043
1653773765840823869	1044
1653773765844115082	1045
1653773765854415645	1046
1653773765935861155	1047
1653773765946073766	1048
1653773765953988253	1049
1653773766034954899	1050
1653773766051774192	1051
1653773766130880655	1052
1653773766138188418	1053
1653773766148119067	1054
1653773766235141201	1055
1653773766238227328	1056
1653773766331242140	1057
1653773766335808518	1058
1653773766351224389	1059
1653773766434898416	1060
1653773766439775516	1061
1653773766453011276	1062
1653773766539014906	1063
1653773766548256131	1064
1653773766553120705	1065
1653773766652378305	1066
1653773766644541714	1066
1653773766738077644	1067
1653773766747481046	1068
1653773766835632490	1069
1653773766853956026	1070
1653773766860462109	1071
1653773766946428154	1072
1653773767032715593	1073
1653773767042923218	1074
1653773767050618058	1075
1653773767137458025	1076
1653773767146149225	1077
1653773767153656225	1078
1653773767233860229	1079
1653773767248370970	1080
1653773767336966945	1081
1653773767352156612	1082
1653773767350615896	1082
1653773767432474408	1083
1653773767445509967	1084
1653773767528972156	1085
1653773767534355895	1086
1653773767545315927	1087
1653773767643313418	1088
1653773767651187518	1089
1653773767730244503	1090
1653773767737731013	1091
1653773767739717382	1092
1653773767831902020	1093
1653773767755626528	1093
1653773767846628938	1094
1653773767852349127	1095
1653773767934286663	1096
1653773767949538790	1097
1653773768031620637	1098
1653773768035429130	1099
1653773768039061644	1100
1653773768132110521	1101
1653773768136740564	1102
1653773768147742595	1103
1653773768237241544	1104
1653773768244260377	1105
1653773768330345421	1106
1653773768339419916	1107
1653773768360473774	1108
1653773768430256007	1109
1653773768444224929	1110
1653773768454982690	1111
1653773768530524477	1112
1653773768544145602	1113
1653773768632252122	1114
1653773768634941208	1115
1653773768646626170	1116
1653773768653055691	1117
1653773768732359567	1118
1653773768751567436	1119
1653773768841546095	1120
1653773768933099118	1121
1653773768942318904	1122
1653773768947278664	1123
1653773768947291722	1123
1653773769047791646	1124
1653773769051849545	1125
1653773769054142707	1126
1653773769146492675	1127
1653773769229056539	1128
1653773769252631035	1129
1653773769257438105	1130
1653773769340113024	1131
1653773769348057442	1132
1653773769356842094	1133
1653773769440794219	1134
1653773769451774454	1135
1653773769549793282	1136
1653773769553838952	1137
1653773769555093291	1138
1653773769642158429	1139
1653773769653469506	1140
1653773769743255335	1141
1653773769751124707	1142
1653773769834742924	1143
1653773769841210357	1144
1653773769850910582	1145
1653773769936539781	1146
1653773769942106878	1147
1653773770028864115	1148
1653773770043295266	1149
1653773770134418297	1150
1653773770136241247	1151
1653773770144830982	1152
1653773770229915795	1153
1653773770239296031	1154
1653773770334853296	1155
1653773770337393335	1156
1653773770354446376	1157
1653773770433938110	1158
1653773770448208891	1159
1653773770451381081	1160
1653773770536837269	1161
1653773770546407357	1162
1653773770638596666	1163
1653773770641044860	1164
1653773770651289122	1165
1653773770739329699	1166
1653773770742613473	1167
1653773770831651248	1168
1653773770843391691	1169
1653773770929274710	1170
1653773770939071299	1171
1653773770950831594	1172
1653773771028550779	1173
1653773771041300848	1174
1653773771054236587	1175
1653773771151694851	1176
1653773771152336059	1177
1653773771239681370	1178
1653773771250174190	1179
1653773771330185547	1180
1653773771345888503	1181
1653773771428495635	1182
1653773771433441849	1183
1653773771444995347	1184
1653773771533262092	1185
1653773771547424708	1186
1653773771628712755	1187
1653773771637472159	1188
1653773771729823554	1189
1653773771735462410	1190
1653773771751667434	1191
1653773771828525998	1192
1653773771841503979	1193
1653773771852261045	1194
1653773771856951573	1195
1653773771946528789	1196
1653773771950170200	1197
1653773772038877514	1198
1653773772051819794	1199
1653773772158871396	1200
1653773772161859383	1201
1653773772164209663	1202
1653773772234696323	1203
1653773772245200848	1204
1653773772249436686	1205
1653773772338474445	1206
1653773772344665451	1207
1653773772355904652	1208
1653773772454185782	1209
1653773772533288950	1210
1653773772544323566	1211
1653773772557414404	1212
1653773772645441203	1213
1653773772651659017	1214
1653773772730620740	1215
1653773772745386580	1216
1653773772833722180	1217
1653773772846789765	1218
1653773772851949977	1219
1653773772936424783	1220
1653773772946240260	1221
1653773773037429161	1222
1653773773040214089	1223
1653773773050914342	1224
1653773773131008863	1225
1653773773231441005	1226
1653773773234437349	1227
1653773773241088481	1228
1653773773258840947	1229
1653773773331499837	1230
1653773773430078513	1231
1653773773430530181	1231
1653773773437474545	1232
1653773773450739911	1233
1653773773529614763	1234
1653773773545365177	1235
1653773773634618489	1236
1653773773642509283	1237
1653773773656305629	1238
1653773773740728524	1239
1653773773757724040	1240
1653773773834447380	1241
1653773773844677920	1242
1653773773933888521	1243
1653773773943924760	1244
1653773773949013612	1245
1653773774034083710	1246
1653773774049785342	1247
1653773774135421433	1248
1653773774144383410	1249
1653773774155877664	1250
1653773774240823598	1251
1653773774246667125	1252
1653773774339222693	1253
1653773774343062710	1254
1653773774354453206	1255
1653773774440686137	1256
1653773774450477206	1257
1653773774534441283	1258
1653773774547572394	1259
1653773774556040523	1260
1653773774634651381	1261
1653773774647168767	1262
1653773774657046022	1263
1653773774750863745	1264
1653773774832963712	1265
1653773774844200159	1266
1653773774853072091	1267
1653773774931925053	1268
1653773774958195235	1269
1653773775031070011	1270
1653773775044255889	1271
1653773775050697004	1272
1653773775135404106	1273
1653773775143325267	1274
1653773775151756352	1275
1653773775236530417	1276
1653773775330324676	1277
1653773775331278336	1277
1653773775350109020	1278
1653773775355785984	1279
1653773775436066160	1280
1653773775442015571	1281
1653773775458062418	1282
1653773775531519469	1283
1653773775555340718	1284
1653773775640898657	1285
1653773775647116513	1286
1653773775731725290	1287
1653773775739631781	1288
1653773775754344559	1289
1653773775830617701	1290
1653773775842864443	1291
1653773775942454547	1292
1653773775941296493	1292
1653773775953320139	1293
1653773776040330443	1294
1653773776045079647	1295
1653773776134622626	1296
1653773776144256712	1297
1653773776151344269	1298
1653773776236385569	1299
1653773776247604043	1300
1653773776329931026	1301
1653773776347354891	1302
1653773776351375952	1303
1653773776434868158	1304
1653773776441050355	1305
1653773776452289469	1306
1653773776542357330	1307
1653773776553456914	1308
1653773776635804291	1309
1653773776641235756	1310
1653773776654884866	1311
1653773776733485762	1312
1653773776742521915	1313
1653773776845182767	1314
1653773776846785976	1315
1653773776853610605	1316
1653773776934123314	1317
1653773776950107079	1318
1653773776955419991	1319
1653773777033439743	1320
1653773777040154942	1321
1653773777054411842	1322
1653773777149508048	1323
1653773777231872242	1324
1653773777244494321	1325
1653773777329166090	1326
1653773777338941571	1327
1653773777343849733	1328
1653773777434819552	1329
1653773777448892680	1330
1653773777528042858	1331
1653773777539334987	1332
1653773777552314158	1333
1653773777632549353	1334
1653773777651846803	1335
1653773777741902362	1336
1653773777749607357	1337
1653773777756338134	1338
1653773777839072259	1339
1653773777933716916	1340
1653773777934479440	1340
1653773777943723208	1341
1653773778032813519	1342
1653773778048322356	1343
1653773778050991192	1344
1653773778134398538	1345
1653773778140346917	1346
1653773778145324235	1347
1653773778239835139	1348
1653773778328876222	1349
1653773778339547502	1350
1653773778356213262	1351
1653773778430685577	1352
1653773778448038884	1353
1653773778447565415	1353
1653773778539580904	1354
1653773778545783660	1355
1653773778549195454	1356
1653773778634568983	1357
1653773778645421920	1358
1653773778731243529	1359
1653773778737055835	1360
1653773778840813389	1361
1653773778842311703	1362
1653773778846555619	1363
1653773778850613122	1364
1653773778950301674	1365
1653773778955117444	1366
1653773779039714482	1367
1653773779045492871	1368
1653773779132913822	1369
1653773779154521355	1370
1653773779232617352	1371
1653773779238418466	1372
1653773779249628599	1373
1653773779329931519	1374
1653773779338524446	1375
1653773779360204731	1376
1653773779457524149	1377
1653773779529162069	1378
1653773779538033464	1379
1653773779630973644	1380
1653773779634739983	1381
1653773779650910652	1382
1653773779657315616	1383
1653773779748340106	1384
1653773779751776768	1385
1653773779833241649	1386
1653773779859553345	1387
1653773779934700539	1388
1653773779938543565	1389
1653773779948746606	1390
1653773780037157904	1391
1653773780050243406	1392
1653773780054175654	1393
1653773780132490671	1394
1653773780142872211	1395
1653773780154708329	1396
1653773780250160707	1397
1653773780252183084	1398
1653773780333872012	1399
1653773780347741502	1400
1653773780442781197	1401
1653773780452218309	1402
1653773780453082664	1403
1653773780535371810	1404
1653773780546346224	1405
1653773780551462061	1406
1653773780552282195	1407
1653773780639831311	1408
1653773780735378921	1409
1653773780741619529	1410
1653773780837917183	1411
1653773780843399280	1412
1653773780848810858	1413
1653773780942237204	1414
1653773780945869338	1415
1653773780958173187	1416
1653773781036319059	1417
1653773781044201893	1418
1653773781052443120	1419
1653773781143533086	1420
1653773781152797935	1421
1653773781233918748	1422
1653773781337524126	1423
1653773781340987407	1424
1653773781349459258	1425
1653773781353121624	1426
1653773781428542886	1427
1653773781463143764	1428
1653773781534605139	1429
1653773781539188420	1430
1653773781543811966	1431
1653773781634766917	1432
1653773781652792798	1433
1653773781731100168	1434
1653773781739829316	1435
1653773781751853979	1436
1653773781842691655	1437
1653773781932617419	1438
1653773781936438072	1439
1653773781944479511	1440
1653773782034962964	1441
1653773782050238080	1442
1653773782138085535	1443
1653773782139023972	1444
1653773782231969221	1445
1653773782236250765	1446
1653773782239747794	1447
1653773782248655969	1448
1653773782331387852	1449
1653773782350482238	1450
1653773782446604692	1451
1653773782532509259	1452
1653773782535433189	1453
1653773782556702539	1454
1653773782641721220	1455
1653773782645976444	1456
1653773782737185473	1457
1653773782833267030	1458
1653773782837198688	1459
1653773782854921527	1460
1653773782931173614	1461
1653773782945573070	1462
1653773782955348360	1463
1653773783036708081	1464
1653773783044718195	1465
1653773783131525989	1466
1653773783145610631	1467
1653773783240907839	1468
1653773783250969277	1469
1653773783328047327	1470
1653773783340112848	1471
1653773783346058504	1472
1653773783351890711	1473
1653773783436108671	1474
1653773783450141717	1475
1653773783532631161	1476
1653773783541711311	1477
1653773783552097572	1478
1653773783634873643	1479
1653773783641724051	1480
1653773783738169497	1481
1653773783738621848	1482
1653773783748194492	1483
1653773783752913059	1484
1653773783846386386	1485
1653773783851062033	1486
1653773783931399919	1487
1653773783954354708	1488
1653773784033854693	1489
1653773784043932238	1490
1653773784129919928	1491
1653773784139394764	1492
1653773784229969641	1493
1653773784238316690	1494
1653773784252214899	1495
1653773784337596761	1496
1653773784359505844	1497
1653773784434191129	1498
1653773784448030151	1499
1653773784540957664	1500
1653773784553703469	1501
1653773784553731950	1501
1653773784635523905	1502
1653773784639770366	1503
1653773784729264758	1504
1653773784748621344	1505
1653773784837192584	1506
1653773784845988143	1507
1653773784842609939	1507
1653773784935007281	1508
1653773784941836561	1509
1653773784952777495	1510
1653773785042605783	1511
1653773785053280919	1512
