1655858823617704073 263542684
1655858823835371097 17095853
1655858824126755722 12557236
1655858824338530876 11335900
1655858824548401114 9452778
1655858824758058825 9260475
1655858824970170192 9371304
1655858825181168524 10600135
1655858825394425152 10475543
1655858825604349810 9517393
1655858825816599600 9466372
1655858826026642177 9659300
1655858826236362110 9315263
1655858826447238228 10469548
1655858826659465220 9476443
1655858826871569666 9415336
1655858827084117838 9782134
1655858827297498723 10574030
1655858827507863182 9963079
1655858827720556944 9939003
1655858827930339694 9393893
1655858828140416733 9682220
1655858828352153221 11379220
1655858828563410314 10848326
1655858828778139458 14318051
1655858828992675017 14099956
1655858829206182359 13099609
1655858829428596079 17899319
1655858829646537399 16063976
1655858829871603740 22362800
1655858830091537632 16239019
1655858830307303370 11932158
1655858830526600412 14798514
1655858830745088637 13953048
1655858830958438035 12461542
1655858831170244712 10957933
1655858831385371696 11855881
1655858831598517042 12586831
1655858831810416735 11008362
1655858832026449628 13305330
1655858832240017521 12125973
1655858832452184711 11049373
1655858832663853154 10954266
1655858832880759560 16214013
1655858833132384119 31276800
1655858833412665727 75899916
1655858833626633123 13534671
1655858833838359800 10766921
1655858834051015343 9615891
1655858834261053368 9287986
1655858834470822679 9345037
1655858834680431945 9201850
1655858834889923183 9061518
1655858835101831535 9083161
1655858835313689289 9220181
1655858835523238085 9135120
1655858835732726867 9071126
1655858835942364607 9226642
1655858836155410394 10230389
1655858836365495640 9690854
1655858836575292741 9372454
1655858836787309453 9273235
1655858837000188809 10134019
1655858837212832767 9917258
1655858837424999743 9286972
1655858837637044705 9258241
1655858837849015252 9207019
1655858838058604321 9194917
1655858838270900913 9519400
1655858838487818028 13138030
1655858838703008756 12283173
1655858838916177808 12898069
1655858839131940505 15012824
1655858839350524794 13810409
1655858839564883441 13885036
1655858839777903332 12637983
1655858839994579388 13113058
1655858840209318467 13657941
1655858840421377155 11662991
1655858840636882722 12752686
1655858840852384903 11962022
1655858841064430317 11039233
1655858841276658365 9447105
1655858841489072396 9465914
1655858841698994987 9507992
1655858841908687096 9394674
1655858842124907872 15815493
1655858842334556972 9261096
1655858842546700096 9311655
1655858842761176020 9807974
1655858842973352145 9351208
1655858843188443060 12237428
1655858843399053514 9913739
1655858843611634593 9774612
1655858843821536752 9484387
1655858844032094251 10142019
1655858844244366105 9480964
1655858844454158799 9388213
1655858844663916998 9288378
1655858844873651895 9350493
1655858845086250883 9875854
1655858845300311493 11243609
1655858845510067206 9364877
1655858845722693804 9507999
1655858845935403149 9936435
1655858846147431557 9288432
1655858846359971754 12144401
1655858846571918499 9239515
1655858846784114234 9483343
1655858846993730711 9225907
1655858847203595404 9457305
1655858847413286287 9278823
1655858847641294858 27586959
1655858847853464529 9406910
1655858848065658563 9494922
1655858848278767997 10328924
1655858848488652166 9432312
1655858848698431692 9356923
1655858848908323319 9498802
1655858849118014643 9285573
1655858849330226420 9394083
1655858849540092006 9433803
1655858849749888969 9402562
1655858849962164760 9589607
1655858850172003672 9433451
1655858850382711055 10301194
1655858850596795101 11324597
1655858850809003866 9542059
1655858851021151785 9314271
1655858851230896979 9331812
1655858851447087832 15769851
1655858851659512845 9607733
1655858851869188780 9287764
1655858852080027222 10412451
1655858852294404520 13932360
1655858852506676674 9463868
1655858852718748502 9339407
1655858852930799611 9352424
1655858853148498773 17219257
1655858853358963844 9619377
1655858853571725906 10093502
1655858853781439734 9380311
1655858853993531457 9335736
1655858854206019946 9337105
1655858854415661433 9212769
1655858854625289250 9204672
1655858854837132932 9159747
1655858855049372961 9401269
1655858855258959721 9154124
1655858855468745722 9369677
1655858855678517448 9373529
1655858855888306498 9371526
1655858856101138814 9967375
1655858856311020620 9461001
1655858856520703921 9282207
1655858856732362079 11255173
1655858856942056463 9287869
1655858857154217381 9374290
1655858857364027845 9417397
1655858857573505124 9075050
1655858857783132710 9217783
1655858857993000856 9388325
1655858858203132978 9709400
1655858858415499117 9532739
1655858858629641770 11348185
1655858858839501369 9454319
1655858859051727146 9429655
1655858859264590133 9873183
1655858859476823101 9405850
1655858859689052415 9466401
1655858859900995255 9252266
1655858860111945248 10527498
1655858860324571726 9921133
1655858860536930599 9655491
1655858860748536409 11203919
1655858860958449426 9506150
1655858861168465444 9615953
1655858861378180306 9328826
1655858861587840319 9263777
1655858861799963506 9342237
1655858862009557341 9193665
1655858862222933381 10577449
1655858862433009786 9662974
1655858862643314343 9893612
1655858862853250941 9548634
1655858863063158043 9492513
1655858863273269689 9666157
1655858863483031405 9373729
1655858863692591302 9334142
1655858863904897366 9520734
1655858864121816435 14081762
1655858864331621521 9416672
1655858864541387513 9377582
1655858864752977720 11105226
1655858864962802740 9435497
1655858865172430409 9211384
1655858865386952678 14083811
1655858865602102009 11824499
1655858865815049831 12060398
1655858866030112650 14816699
1655858866245738526 15190426
1655858866458424741 12019285
1655858866671889210 10522933
1655858866882127982 9800683
1655858867093716938 11143184
1655858867304996534 10789793
1655858867515667959 10258600
1655858867726210110 9450855
1655858867936985162 9649828
1655858868147581440 10160934
1655858868360858511 12884119
1655858868573401356 12120743
1655858868793301063 15473819
1655858869010794160 12950566
1655858869222927618 10858631
1655858869436146398 12231356
1655858869646416246 9568185
1655858869866082910 17019927
1655858870081075695 13872374
1655858870307656230 26150798
1655858870519458778 11086135
1655858870733814958 10394760
1655858870946451593 9455497
1655858871156606077 9289630
1655858871366324109 9320215
1655858871576575759 9851931
1655858871787573464 10613096
1655858871997094127 9123613
1655858872210699271 10817736
1655858872422767133 9300518
1655858872634825348 9256054
1655858872846872613 9241955
1655858873059976332 10401501
1655858873277608712 17107633
1655858873494221580 11977141
1655858873705924032 11260316
1655858873921228903 14910084
1655858874140116109 14791819
1655858874356515138 12084138
1655858874568685582 11734290
1655858874779539297 10541666
1655858874990591769 10663883
1655858875202482304 11452495
1655858875417709829 11291244
1655858875633278477 11506190
1655858875850784757 13817709
1655858876066586239 12752358
1655858876279943244 10507896
1655858876490276060 9273643
1655858876702530814 9515439
1655858876912265372 9339667
1655858877125257227 9979763
1655858877337932154 9750763
1655858877547842930 9510944
1655858877757704339 9479512
1655858877969959643 9470147
1655858878179673609 9319882
1655858878391873789 9432299
1655858878602589891 10334190
1655858878812865014 9794906
1655858879025206684 9527057
1655858879234975431 9328365
1655858879447178676 9575865
1655858879659454814 9472072
1655858879871544924 9410139
1655858880081134093 9200770
1655858880299861893 14669261
1655858880510267607 9398916
1655858880723834648 13053866
1655858880934302806 9904814
1655858881144814729 10085623
1655858881354606015 9384123
1655858881567972769 10483261
1655858881781426009 10281307
1655858881994418607 9919809
1655858882204796223 9624883
1655858882414897260 9369000
1655858882626834223 9302616
1655858882839608898 10033744
1655858883049816992 9810856
1655858883261461698 10214296
1655858883474100682 9683776
1655858883684094830 9602339
1655858883896422412 9387782
1655858884107618029 10784113
1655858884319763615 9340752
1655858884529372284 9213414
1655858884739039227 9262265
1655858884951064021 9464878
1655858885163372372 9652174
1655858885375991601 9950543
1655858885588900851 10164330
1655858885799197275 9871757
1655858886008779738 9194955
1655858886218604920 9429570
1655858886429192300 10196930
1655858886656618160 24382340
1655858886870902356 12876094
1655858887089151591 13471865
1655858887302290042 12693608
1655858887520668765 12719255
1655858887735921943 11329350
1655858887947126752 10817818
1655858888162611337 11650176
1655858888372339921 9335510
1655858888584968965 9918237
1655858888794699033 9328822
1655858889004366685 9261422
1655858889214251644 9480493
1655858889426185182 11582589
1655858889638393158 9483794
1655858889850638800 9306205
1655858890062711540 9346576
1655858890274999404 9513882
1655858890484629705 9382624
1655858890696852781 9460237
1655858890906810016 9543363
1655858891116571344 9336776
1655858891330829816 11223775
1655858891542977245 9440633
1655858891752488369 9244714
1655858891964697940 9482390
1655858892174679900 9587337
1655858892384309147 9228680
1655858892593952384 9249888
1655858892803794796 9448810
1655858893013483677 9299936
1655858893223454740 9570745
1655858893433154924 9316072
1655858893645512168 9483899
1655858893855095367 9178120
1655858894067061614 9210944
1655858894277513281 10008957
1655858894490235644 9280457
1655858894700273081 9638590
1655858894910370352 9706742
1655858895122510098 9382462
1655858895332818060 9915547
1655858895543197142 9978129
1655858895755519979 9441532
1655858895965132137 9214542
1655858896177000972 9202025
1655858896390514618 10680939
1655858896600102991 9160638
1655858896812118187 9343935
1655858897021687209 9178378
1655858897233748901 9232892
1655858897444203608 10033235
1655858897656303043 9326641
1655858897866628301 9891333
1655858898081520782 14471885
1655858898302451650 16819922
1655858898514817968 11916812
1655858898729519903 13734974
1655858898941848686 9258496
1655858899156144905 11264361
1655858899368746818 12137251
1655858899578607199 9398313
1655858899791431675 9549308
1655858900003754952 9577091
1655858900215922751 9416625
1655858900425947694 9643951
1655858900635824404 9476179
1655858900845577944 9375173
1655858901057944501 9652403
1655858901269127338 10798828
1655858901479131025 9625973
1655858901691793060 9707597
1655858901903878908 9452247
1655858902116640278 9961678
1655858902326328243 9297297
1655858902542973349 13887844
1655858902752554937 9297207
1655858902964677789 9359430
1655858903174520110 9433868
1655858903408770656 29443852
1655858903621494669 9522464
1655858903831371554 9496999
1655858904041392031 9636530
1655858904256043047 11241727
1655858904466609763 10127595
1655858904680724255 11008460
1655858904894976586 10854100
1655858905110128371 11823835
1655858905323816690 9759878
1655858905537319353 9601131
1655858905750762178 9553900
1655858905960587855 9273299
1655858906171723811 10696774
1655858906383040071 10904499
1655858906594599293 11119143
1655858906807976613 9489477
1655858907019328406 10934770
1655858907233539878 10937509
1655858907447544186 13557783
1655858907659694980 11735215
1655858907871488012 11337285
1655858908083142851 11243366
1655858908299906643 16285081
1655858908516197227 11830656
1655858908733198114 12554463
1655858908947227910 13594555
1655858909165306449 13565387
1655858909381369514 11520663
1655858909597241197 11443700
1655858909811825434 10870709
1655858910025136739 9686430
1655858910236652278 11046793
1655858910450995400 10706215
1655858910664672371 9718518
1655858910874953008 9823939
1655858911085262956 9835338
1655858911296695937 10986070
1655858911508075274 10910348
1655858911720067914 11540303
1655858911934727965 11167821
1655858912149019842 10927651
1655858912361178484 11730529
1655858912578317077 13155547
1655858912792708209 11051649
1655858913003686429 10492605
1655858913217036663 12981189
