1655526147401089689 178263170
1655526147607389797 5900060
1655526147813032327 5289860
1655526148018381684 5013897
1655526148223754348 5038994
1655526148430108163 4993277
1655526148636558640 5129001
1655526148841992646 5033703
1655526149048518169 5146397
1655526149253988154 5077278
1655526149460525683 5185655
1655526149666913437 4988235
1655526149872397304 5146138
1655526150078741084 5019540
1655526150285091204 5011047
1655526150491478899 5042831
1655526150698024135 5156223
1655526150904469819 5054631
1655526151110716685 4929627
1655526151316095761 5044976
1655526151522453748 5011592
1655526151728856581 5015964
1655526151934283348 5093482
1655526152140645216 5017145
1655526152347036720 5004627
1655526152552402870 5028871
1655526152757823079 5023562
1655526152963201119 5045103
1655526153168602639 5069705
1655526153373991615 5053733
1655526153580449577 5104538
1655526153786498591 4758283
1655526153992860808 5058179
1655526154198205585 5014909
1655526154404715294 5125627
1655526154611930169 5836760
1655526154817387690 5120324
1655526155023730549 5007340
1655526155230761236 5573335
1655526155436028614 4934950
1655526155642272269 4894063
1655526155848706126 5105086
1655526156055185817 5118542
1655526156261514039 4983055
1655526156466775395 4923843
1655526156672227141 5062517
1655526156878517194 5002341
1655526157083997671 5148696
1655526157289734517 5402051
1655526157496127671 5040785
1655526157702231137 4781843
1655526157907616146 5057712
1655526158114779081 5777568
1655526158321161846 5054030
1655526158526568409 5004597
1655526158733030893 5092639
1655526158938427837 5066140
1655526159144987065 5206479
1655526159351365044 5039411
1655526159557346872 4846801
1655526159763787900 5115515
1655526159969051884 4923879
1655526160175372677 5016200
1655526160380863858 5158207
1655526160587291105 5040441
1655526160793737274 5050826
1655526160999143316 5069294
1655526161205583919 5050163
1655526161411964333 5065111
1655526161618147103 4837309
1655526161824590131 5091650
1655526162029962854 5042827
1655526162235377152 5082981
1655526162441802960 5051254
1655526162647224143 5088583
1655526162853661484 5041169
1655526163059034054 5042584
1655526163264432952 5065720
1655526163470804007 5037605
1655526163677272549 5112802
1655526163882614548 5008115
1655526164089024121 5065944
1655526164294443193 5085387
1655526164499926257 5127739
1655526164705320377 5051074
1655526164911829370 5139246
1655526165117226124 5099711
1655526165322608402 5051295
1655526165528090589 5146130
1655526165733444726 5023873
1655526165938778565 4998633
1655526166144261036 5155158
1655526166350712056 5099226
1655526166557181632 5109505
1655526166763682403 5120978
1655526166969160107 5137991
1655526167175615374 5047279
1655526167381129772 5186654
1655526167586504010 5039087
1655526167793011512 5155818
1655526167998334765 4984567
1655526168203793104 5123597
1655526168409229638 5104899
1655526168615330117 5765701
1655526168821793129 5088551
1655526169027210858 5091874
1655526169233538439 4954068
1655526169438820099 4948803
1655526169644318611 5167875
1655526169849677185 5008528
1655526170055126034 5118402
1655526170261667701 5047327
1655526170468026277 4998007
1655526170674405882 5026219
1655526170880319952 5583788
1655526171086318475 5630059
1655526171293266005 5567834
1655526171500185863 5580097
1655526171707478875 5942012
1655526171914680612 5763582
1655526172121347202 5373558
1655526172328338569 5604626
1655526172534987038 5323767
1655526172740932141 5598275
1655526172947901587 5602236
1655526173153565274 5318436
1655526173359236852 5345743
1655526173566173314 5520622
1655526173771971190 5455047
1655526173977328443 5019695
1655526174182705346 5046988
1655526174388122544 5086257
1655526174597108846 7652341
1655526174802445998 4991569
1655526175009459451 5660604
1655526175216286646 5496324
1655526175423154698 5526039
1655526175629094024 5594742
1655526175835950718 5507807
1655526176042827980 5502795
1655526176250068480 5906785
1655526176455877606 5466049
1655526176661620689 5397944
1655526176867058654 5089829
1655526177073419000 4996614
1655526177278866977 5100734
1655526177484305136 5089532
1655526177690740859 5051047
1655526177896264346 5182092
1655526178103183491 5561530
1655526178308578034 5055897
1655526178514535144 5634364
1655526178721444153 5551344
1655526178927288687 5496333
1655526179133762227 5175508
1655526179339562961 5451393
1655526179546390432 5470924
1655526179752325190 5594574
1655526179959266790 5550146
1655526180166212517 5568739
1655526180373164932 5605267
1655526180579033813 5532500
1655526180785056265 5668993
1655526180991973768 5545324
1655526181198819514 5495343
1655526181404750939 5584762
1655526181610638987 5544767
1655526181817201764 5216772
1655526182024145693 5593329
1655526182230805219 6358776
1655526182436666296 5532730
1655526182642630595 5623947
1655526182849384988 5454796
1655526183056121823 5398408
1655526183261426203 4983609
1655526183467874867 5080651
1655526183673325932 5106548
1655526183878699266 5041713
1655526184085171975 5111117
1655526184290602906 5096030
1655526184496086688 5146697
1655526184701434034 5011195
1655526184907959885 5147679
1655526185115239360 5927568
1655526185320682316 5104575
1655526185526026947 5013096
1655526185732526914 5103551
1655526185937776930 4904385
1655526186144167407 5031708
1655526186350573821 5069358
1655526186557056325 5146898
1655526186762405954 5013771
1655526186967834003 5092312
1655526187173292383 5120070
1655526187379860775 5206236
1655526187585361534 5098228
1655526187792166573 5430388
1655526187998726388 5251295
1655526188205717391 5597405
1655526188411672090 5612358
1655526188617326629 5090016
1655526188822487944 4817048
1655526189027897738 5060141
1655526189234362908 5076567
1655526189439752891 5045700
1655526189645932478 4874145
1655526189852409295 5171366
1655526190058654143 4924286
1655526190264344406 5352158
1655526190470077320 5372558
1655526190676990197 5526015
1655526190882153570 4816932
1655526191087520949 5033307
1655526191294030956 5087589
1655526191499396503 5034143
1655526191705964264 5160364
1655526191912953515 5622396
1655526192118541682 5225101
1655526192331816751 12923071
1655526192539012095 6520726
1655526192746185326 5645673
1655526192953474295 5938650
1655526193159385850 5559447
1655526193366312438 5537562
1655526193572322400 5663968
1655526193778098749 5401641
1655526193984741695 5282955
1655526194190118496 5047793
1655526194396765530 5321533
1655526194602680867 5558005
1655526194809172667 5138071
1655526195015174710 5658394
1655526195221908270 5379499
1655526195428816615 5502505
1655526195634284027 5121901
1655526195841397309 5735414
1655526196047212790 5470534
1655526196254196715 5621509
1655526196461027511 5573149
1655526196667877182 5508519
1655526196873622938 5401664
1655526197080594424 5622076
1655526197287472147 5481847
1655526197494105041 5266649
1655526197701326484 5904162
1655526197908027096 6362610
1655526198114825722 6449937
1655526198322001942 5818569
1655526198528090194 5753781
1655526198734545945 6118494
1655526198941634683 5762103
1655526199148578483 5586338
1655526199354530934 5611160
1655526199560020742 5151914
1655526199765405566 5014536
1655526199971808221 5067209
1655526200178298341 5096106
1655526200383912933 5265261
1655526200589393853 5130622
1655526200794837505 5094309
1655526201000271983 5091164
1655526201206672842 5090345
1655526201413174962 5118057
1655526201619961442 5486496
1655526201826739137 5451469
1655526202032711949 5622420
1655526202239615972 5554211
1655526202445435253 5476170
1655526202652232871 5447224
1655526202859118416 5544056
1655526203065975165 5444023
1655526203272887869 5576380
1655526203479766582 5511972
1655526203687183080 6066322
1655526203893039774 5511831
1655526204099075070 5683156
1655526204304990177 5565527
1655526204511885393 5572262
1655526204718865300 5568378
1655526204925897949 5638023
1655526205132828005 5556827
1655526205338653693 5482739
1655526205545588195 5572495
1655526205752208156 5276728
1655526205959097602 5528878
1655526206164915585 5474588
1655526206370897789 5638401
1655526206576469104 5226929
1655526206782888077 5051234
1655526206989863677 5580557
1655526207196648222 6439112
1655526207402487861 5497111
1655526207608481143 5651787
1655526207815349638 5487597
1655526208020807772 5118143
1655526208227286688 5119567
1655526208433959891 5270477
1655526208640666166 5327326
1655526208847533291 5490174
1655526209053451310 5576009
1655526209261055885 6270310
1655526209467913497 5550094
1655526209673760052 5506252
1655526209879551050 5457099
1655526210086488698 5548661
1655526210292310489 5480726
1655526210498263432 5592419
1655526210704948105 5356711
1655526210910830463 5550227
1655526211117606129 6437460
1655526211324681810 5705425
1655526211531528617 5515523
1655526211737854929 4981733
1655526211944809412 5612211
1655526212151720925 5537639
1655526212359310142 6248509
1655526212564948895 5301983
1655526212770845617 5557615
1655526212977829887 5580418
1655526213183325456 5149651
1655526213388731358 5065838
1655526213593969406 4902393
1655526213800258179 4984911
1655526214006646831 5053210
1655526214213038470 4966776
1655526214419474043 5085644
1655526214624810430 5003512
1655526214831185995 5052703
1655526215037567482 4996183
1655526215244087819 5173722
1655526215450938682 5452944
1655526215656524662 5238827
1655526215862964436 5059420
1655526216069830265 5522768
1655526216275773991 5603094
1655526216482598485 5480999
1655526216690481802 6515476
1655526216896663643 5859183
1655526217104170132 6214646
1655526217312892906 7383738
1655526217522080584 7888744
1655526217730620812 8236853
1655526217936760664 5844797
1655526218144782143 5920514
1655526218351586527 5396488
1655526218559035709 5808110
1655526218765900938 5063942
1655526218971100401 4896579
1655526219177345891 5955554
1655526219382733993 5084282
1655526219589169415 6132164
1655526219796050880 5090526
1655526220002908243 4797501
1655526220208781257 5536551
1655526220414589567 5496895
1655526220621459304 5164277
1655526220827580959 5818903
1655526221033158882 5288875
1655526221239104834 5642686
1655526221445790045 6384566
1655526221653134104 5260002
1655526221861841764 6452607
1655526222068673576 6530023
1655526222276624244 5720249
1655526222483898558 5810537
1655526222691076324 4994952
1655526222897982013 4996731
1655526223105206356 5372711
1655526223310775266 5274725
1655526223517934497 5340340
1655526223723574102 5273394
1655526223930149429 5099980
1655526224135435379 4994565
1655526224342168215 4939481
1655526224547791878 5317457
1655526224753915982 5795286
1655526224960132402 5890913
1655526225166262589 5848107
1655526225373330299 5464469
1655526225579607918 5980382
1655526225785817754 5919048
1655526225992074741 5955204
1655526226197923786 5529576
1655526226405971240 5841529
1655526226613591863 6270584
1655526226820686266 5481403
1655526227026594251 5602934
1655526227232854653 5973340
1655526227438642147 5488472
1655526227644894409 5944491
1655526227850949687 5769289
1655526228056986189 5701535
1655526228263539721 4474638
1655526228470316338 5084332
1655526228676679423 5049891
1655526228881961169 4962811
1655526229087600374 5338933
1655526229294659863 5218871
1655526229501250129 4962556
1655526229706579172 4999381
1655526229913126269 4933000
1655526230120301109 5023375
1655526230326665966 5051440
1655526230532993492 4971369
1655526230738298154 5009139
1655526230944835141 4976185
1655526231150350518 5219081
1655526231358634787 5913275
1655526231564039345 5087079
1655526231770373340 4957863
1655526231975918312 5222344
1655526232182355267 5066214
1655526232388864185 5124482
1655526232595014602 4866208
1655526232800440954 5095255
1655526233006823492 4979831
1655526233212258805 5105163
1655526233417635207 5082180
1655526233624111109 5078682
1655526233830557792 5046105
1655526234035925519 5043171
1655526234242237223 4959564
1655526234449590982 6047820
1655526234654963412 5036891
1655526234860421303 5126961
1655526235066739722 4999381
1655526235274131027 6031845
1655526235480489832 4977402
1655526235686039303 5215631
1655526235891850312 5470708
1655526236098023159 5839467
1655526236304393112 5066355
1655526236509961408 5243375
1655526236715401999 5045537
1655526236922057343 5247807
1655526237128465712 5024080