1655858980601186268 387457110
1655858980811954163 10257550
1655858981026554029 11237105
1655858981237180376 9697121
1655858981451155798 13261376
1655858981664262685 10290952
1655858981874803631 10149422
1655858982084367977 9158903
1655858982294381082 9616017
1655858982506759195 11950451
1655858982719725288 9371128
1655858982935836317 12474814
1655858983146077376 9867121
1655858983358290805 9408685
1655858983568472796 9800854
1655858983780869215 9533658
1655858983990467674 9195924
1655858984202517275 9247494
1655858984414441543 9203748
1655858984624062670 9228633
1655858984836485080 9580153
1655858985046200634 9351536
1655858985258472777 9471423
1655858985467939082 9069345
1655858985678961758 10701930
1655858985889984319 10567665
1655858986101556690 11065015
1655858986314208427 12144596
1655858986528924278 10256280
1655858986742797159 10626635
1655858986952699123 9521688
1655858987164881210 9539461
1655858987377087687 9429245
1655858987603933375 26465759
1655858987816710134 9440044
1655858988028723249 9265475
1655858988238247511 9121592
1655858988451147320 10046033
1655858988663880253 9901800
1655858988875831643 9238775
1655858989087889421 9301894
1655858989297745093 9457662
1655858989507454556 9276861
1655858989717160873 9312483
1655858989929482837 9468415
1655858990139791685 9901449
1655858990349842998 9648937
1655858990559899034 9651084
1655858990771574167 9116687
1655858990981268486 9296829
1655858991193302161 9404746
1655858991402971927 9256519
1655858991612800868 9432877
1655858991824853078 9380258
1655858992036926172 9352617
1655858992249212877 9492605
1655858992462685003 10801110
1655858992674681182 9215451
1655858992886687098 9318821
1655858993096449093 9359660
1655858993308436939 9284067
1655858993518359598 9511653
1655858993730473501 9407016
1655858993941445535 10571742
1655858994157166659 12611365
1655858994366647124 9072379
1655858994578534982 11479475
1655858994787970987 9047555
1655858994999817968 9154317
1655858995211880142 9302050
1655858995423742713 9255430
1655858995637377868 13220731
1655858995847011087 9180062
1655858996059256448 9466481
1655858996273150836 13305254
1655858996493297605 17381598
1655858996710900276 14868317
1655858996922904538 9297022
1655858997135234813 9415311
1655858997347627703 9571422
1655858997557458631 9294628
1655858997769644519 9369093
1655858997982261326 9849120
1655858998194747489 9347120
1655858998405534648 10079130
1655858998617926686 9579316
1655858998827502270 9106172
1655858999039455271 9162826
1655858999251408320 9144721
1655858999461185239 9393194
1655858999670688183 9106977
1655858999883229763 9320427
1655859000093747999 10090341
1655859000307142813 9123133
1655859000520417915 9367620
1655859000731716823 10900497
1655859000949029706 14141913
1655859001160624025 11161770
1655859001381055037 16144029
1655859001602705383 21237434
1655859001818951197 15680180
1655859002037657630 13360788
1655859002261102657 23012474
1655859002482695725 14442887
1655859002699890437 16755754
1655859002983485391 75564792
1655859003209107440 24234001
1655859003445637082 35092027
1655859003667302050 16280627
1655859003883042648 15336541
1655859004103737078 16109878
1655859004329984547 20668836
1655859004549821551 16021545
1655859004761883822 9215471
1655859004974119572 9344834
1655859005186178889 11613426
1655859005398952038 9870178
1655859005609478353 10142019
1655859005818973192 9079535
1655859006028770576 9341185
1655859006240967656 9519472
1655859006454702491 10081808
1655859006668852458 10396291
1655859006882824353 10591202
1655859007097061712 10665882
1655859007308687781 11157574
1655859007520230594 11094523
1655859007734270962 10528684
1655859007945261452 10515795
1655859008190058399 39796733
1655859008409416998 15866212
1655859008627231149 17384871
1655859008847618651 17370965
1655859009068795969 19976133
1655859009290316157 20614098
1655859009507329659 14972474
1655859009723815653 16047413
1655859009937880864 13686397
1655859010166805974 28200131
1655859010394306556 27079280
1655859010608067902 13038280
1655859010827617139 16222325
1655859011040656020 12480339
1655859011255099368 10635673
1655859011469215202 9678080
1655859011689625533 20001621
1655859011905911204 13525239
1655859012118863089 12116718
1655859012333196625 10960283
1655859012544173983 10221301
1655859012757629462 10313107
1655859012967909757 9364519
1655859013177458014 9144295
1655859013389404066 9104956
1655859013601497926 9236609
1655859013810934443 9036688
1655859014022668042 8949522
1655859014234866040 9419492
1655859014445002057 9741369
1655859014654872583 9437922
1655859014864744344 9498291
1655859015074395420 9246522
1655859015284142774 9361463
1655859015494389881 9853761
1655859015706766948 9231333
1655859015922173477 10916967
1655859016134409771 11821012
1655859016352155140 13677318
1655859016569525506 13087654
1655859016786414493 12563054
1655859016998906746 11889993
1655859017212772067 13397035
1655859017425646347 12444518
1655859017639049878 9282077
1655859017851312755 9450251
1655859018061127596 9431994
1655859018270952541 9427243
1655859018483509979 11960477
1655859018694636936 10690524
1655859018910295935 15241259
1655859019127830880 12688094
1655859019349234381 16905401
1655859019561216481 11563571
1655859019775655571 10209030
1655859019988240880 9423651
1655859020200427023 9399853
1655859020409956426 9161402
1655859020619410398 9065808
1655859020832209036 10088198
1655859021041714634 9125494
1655859021253781043 9295910
1655859021465889678 9296010
1655859021678048232 9334263
1655859021890960314 10240985
1655859022103156510 9324986
1655859022312864504 9313032
1655859022522486894 9228436
1655859022733493854 10613462
1655859022944888468 10948942
1655859023161740331 13669170
1655859023374248449 9299331
1655859023592720504 15733576
1655859023804729120 9365433
1655859024014325885 9200046
1655859024224278487 9614658
1655859024441965774 14935178
1655859024654439717 9570502
1655859024864221972 9392413
1655859025074377187 9782695
1655859025284061097 9208224
1655859025498042690 10867391
1655859025710235328 9493825
1655859025922335798 9299000
1655859026134643249 9481360
1655859026346758550 9296973
1655859026558894994 9328952
1655859026771085921 9418390
1655859026983211585 9269350
1655859027193183955 9579214
1655859027403044034 9458396
1655859027614993488 9268357
1655859027824742429 9359846
1655859028034459791 9330224
1655859028244274294 9427609
1655859028456421597 11757266
1655859028666079633 9272708
1655859028875885033 9420117
1655859029095014093 18703360
1655859029307480647 9231219
1655859029519683311 9320470
1655859029732030507 9359127
1655859029944004643 9173815
1655859030161008683 13251882
1655859030373143082 9433680
1655859030582880390 9443680
1655859030798149487 12536931
1655859031013682805 12763907
1655859031225040194 10316598
1655859031435224289 9768493
1655859031647371580 9415090
1655859031857358293 9574261
1655859032070541827 10377703
1655859032283092700 9804569
1655859032495406623 11899313
1655859032705389500 9571717
1655859032915022496 9233834
1655859033124668805 9231871
1655859033335123603 10060104
1655859033544882978 9329392
1655859033754557507 9270551
1655859033966591291 9322818
1655859034183422317 16389900
1655859034393273518 9456668
1655859034603013176 9341806
1655859034815489891 9707521
1655859035027633968 9421061
1655859035237386354 9365625
1655859035449307264 9316996
1655859035664428041 11096515
1655859035878341288 10842650
1655859036091549853 10008829
1655859036301845121 9366825
1655859036515496861 10832662
1655859036728987697 10336100
1655859036938563576 9162642
1655859037151015883 9483410
1655859037366256409 12490658
1655859037581059624 11967597
1655859037793561870 9771629
1655859038005681442 9422799
1655859038218033115 9455983
1655859038430530237 9611765
1655859038641736517 10814476
1655859038853740264 9244542
1655859039063802436 9620091
1655859039274465611 10235474
1655859039486593603 9384198
1655859039697081180 10079925
1655859039907828010 10351816
1655859040119921784 9464116
1655859040331983792 9384325
1655859040545381631 10704386
1655859040757761653 9552145
1655859040969801427 9314812
1655859041182420614 9876493
1655859041392057967 9258297
1655859041604255800 9500794
1655859041814281448 9630388
1655859042023987308 9306239
1655859042236354415 9569218
1655859042449393584 10276299
1655859042661450162 9405428
1655859042871202271 9357200
1655859043083357231 9286068
1655859043295410649 9311222
1655859043510019488 11801530
1655859043722977747 10190760
1655859043936877118 11092390
1655859044154561974 17245812
1655859044364172728 9182465
1655859044576284971 9384882
1655859044788633835 12005279
1655859045000633957 9296120
1655859045212668096 9243347
1655859045422307096 9226886
1655859045636883444 11882246
1655859045848984085 9357468
1655859046066375142 14698242
1655859046276047403 9234864
1655859046488932902 10051238
1655859046701567938 12229235
1655859046911081683 9119413
1655859047122906710 9071904
1655859047332533056 9215754
1655859047548381785 13099539
1655859047758754111 9965296
1655859047970777747 9285615
1655859048183039159 9375695
1655859048392780889 9339757
1655859048602489336 9283122
1655859048812274476 9384406
1655859049021821146 9148874
1655859049233760212 9210523
1655859049446817819 12659249
1655859049661690391 12133496
1655859049871329136 9251807
1655859050080918500 9157868
1655859050290336708 9077833
1655859050502256873 9133927
1655859050713258319 10599877
1655859050922806007 9170677
1655859051132601548 9403615
1655859051343124817 10109507
1655859051552719830 9197169
1655859051762540879 9425100
1655859051972344429 9409497
1655859052185135172 10067068
1655859052397328020 9286474
1655859052609403355 9390560
1655859052821541280 9317924
1655859053031362816 9425361
1655859053241028972 9274438
1655859053454206721 10432878
1655859053666403290 9397505
1655859053878713645 9497667
1655859054090823932 9311701
1655859054300609541 9377286
1655859054512929645 9458552
1655859054722475512 9157981
1655859054934976191 9683606
1655859055147129610 9236333
1655859055359073435 9038058
1655859055571136914 9151590
1655859055783159550 9286089
1655859056000505159 13429922
1655859056211007187 9465671
1655859056420894957 9466643
1655859056633330501 9708882
1655859056845731379 9745762
1655859057055742006 9639230
1655859057266537611 10395127
1655859057478630173 9309902
1655859057688543526 9530514
1655859057898866021 9946396
1655859058110771939 9186307
1655859058322983618 9521200
1655859058535162785 9347133
1655859058744813162 9248123
1655859058954348552 9148046
1655859059164034293 9288605
1655859059376259008 9469296
1655859059588387544 9397606
1655859059798134352 9362197
1655859060009063740 10661050
1655859060223258233 13797040
1655859060437607916 13961074
1655859060654560853 13531985
1655859060867538058 12550386
1655859061080958690 13025595
1655859061296568972 12881912
1655859061512511368 12948901
1655859061726090333 13186488
1655859061938135458 11661054
1655859062156787744 18249374
1655859062372885091 13381561
1655859062584923922 11339688
1655859062799867954 12229746
1655859063015353435 11934700
1655859063229404885 13249697
1655859063444784514 14378959
1655859063658883443 13695849
1655859063871834280 9727004
1655859064082019462 9678719
1655859064292836988 10420696
1655859064502713197 9373299
1655859064714883492 9380431
1655859064927327761 9345782
1655859065137325048 9453158
1655859065347322230 9463506
1655859065557393432 9671550
1655859065767579560 9796169
1655859065977561860 9585417
1655859066187673356 9449304
1655859066399906675 9561554
1655859066613985234 11388291
1655859066824084647 9683576
1655859067036018652 11469986
1655859067245792716 9333653
1655859067455444287 9246086
1655859067665338152 9460059
1655859067877447164 9349090
1655859068089743336 9497109
1655859068301982024 9302348
1655859068514035862 9283254
1655859068724274648 9837275
1655859068936332897 9226125
1655859069146621390 9865316
1655859069356064898 9032352
1655859069569907951 10940417
1655859069779609950 9296532
1655859069989461404 9442809
1655859070204816397 12007018
