1655510450567001393 163146500
1655510451172379024 404956019
1655510451467836645 94026513
1655510452779205706 1013974818
1655510452987853829 7303224
1655510453267764214 79536224
1655510453476131313 6819814
1655510453768941125 91444470
1655510454167131139 101903947
1655510454377227349 8560190
1655510454866796039 199652888
1655510455171363440 103231987
1655510455474760752 7868890
1655510455775920067 10699492
1655510456072452291 7248582
1655510456468279622 103053303
1655510456768278143 99687835
1655510457068517990 98782628
1655510457467136721 197166973
1655510457871347022 105232356
1655510458365624149 200399196
1655510458792754974 225727512
1655510459000255945 6160791
1655510459206981212 5415255
1655510459413325230 5079204
1655510459619844270 6220309
1655510459868417311 47214130
1655510460075570711 6801259
1655510460471679281 102329737
1655510460774329249 8176598
1655510461070966156 96292205
1655510461467144848 195852111
1655510461870980789 202490349
1655510462172400388 101074136
1655510462472626278 99873645
1655510462771652939 98772830
1655510463067799879 95824537
1655510463367822100 98409052
1655510463667548744 99382508
1655510463876552830 8677482
1655510464168675407 91786077
1655510464471671697 101393477
1655510464870561114 104529378
1655510465174398272 8100354
1655510465472749085 7544426
1655510465774852042 9328575
1655510466072576416 97415449
1655510466367627282 93779531
1655510466670817712 102850332
1655510466971999837 100838697
1655510467366120639 193767953
1655510467573544517 7060408
1655510467869907535 95058048
1655510468174559544 103320412
1655510468469515743 94618682
1655510468675102721 5275447
1655510468971608327 96167585
1655510469271604346 99684101
1655510469567906794 94581643
1655510469965186897 195656689
1655510470270715023 105178141
1655510470572064534 101016416
1655510470965445442 191818682
1655510471175676760 9897148
1655510471469651208 92590664
1655510471768313325 98336847
1655510472165919471 197289202
1655510472373584203 7324185
1655510472670054320 95166470
1655510473065246683 192832424
1655510473274674928 7980368
1655510473576068817 10843224
1655510473970605728 104157540
1655510474272657751 101702159
1655510474567621857 93677277
1655510474773975410 6027632
1655510475267659979 200850930
1655510475567596659 99597774
1655510475869901521 101980875
1655510476167795565 97539422
1655510476468624139 99153062
1655510476769749422 100862795
1655510477067776803 97672054
1655510477275586310 5773138
1655510477665368834 188453630
1655510477967790872 100739256
1655510478366514231 198383579
1655510478668758194 100770906
1655510478976140840 7854346
1655510479465321618 200098508
1655510479772629848 105717251
1655510480167802195 193896955
1655510480473052326 7248445
1655510480768643450 95261853
1655510481071313288 101469553
1655510481372633763 100977534
1655510481667940267 94979034
1655510481969918372 101660177
1655510482271841187 101555088
1655510482673863701 107729710
1655510482968651797 94470622
1655510483267862394 98997443
1655510483476765346 8529030
1655510483875914313 110379273
1655510484167522541 90282257
1655510484373243703 5387515
1655510485768287209 1193706409
1655510486171385364 104995256
1655510486568433619 101039545
1655510486868765164 99956811
1655510487365551583 200007280
1655510487575641912 9770565
1655510487867792855 90625615
1655510488074369378 6247891
1655510488371381484 94752192
1655510488765654173 193897949
1655510489074944515 107942386
1655510489369756331 94470514
1655510489768339202 198196623
1655510490165248285 196560776
1655510490470694501 105105676
1655510490771440583 99305087
1655510491071176756 99404409
1655510491368718962 95331038
1655510491576548252 7346467
1655510491867561253 89694306
1655510492076368049 7490467
1655510492370483909 93758259
1655510492767317010 196475246
1655510492974681320 5802124
1655510493271931549 95913995
1655510493767362891 295113241
1655510494073728113 104974891
1655510494467050621 192073089
1655510494769742620 100235843
1655510495066769744 96709391
1655510495276576949 9491766
1655510495666252303 101029625
1655510495974848263 107116096
1655510496269966926 94792669
1655510496571536527 100139471
1655510496867724721 95855447
1655510497074709537 5280366
1655510497370636680 95591421
1655510497671541261 99468308
1655510498987026540 1115143035
1655510499273695531 85429548
1655510499571608241 6382660
1655510499966000401 194065419
1655510500274313563 106062923
1655510500569958396 94273744
1655510500869658773 98284920
1655510501265907063 195892094
1655510501571476716 104021052
1655510501965641748 100413218
1655510502270672329 104708054
1655510502575000647 104005190
1655510502872585196 7358875
1655510503265977400 99316643
1655510503567588507 101236796
1655510503775158578 7243626
1655510504167676955 99893178
1655510504468277003 100279324
1655510504767599285 99001537
1655510505067591486 97984077
1655510505368328335 98838254
1655510505667825972 99063979
1655510506167854663 299655464
1655510506567379482 199111774
1655510506965607764 197896297
1655510507366964510 198833710
1655510507672617735 7266598
1655510508167067923 200169018
1655510508665934685 297263743
1655510508973472646 104730252
1655510509272025605 6724771
1655510509572719664 5751639
1655510509867569721 94715108
1655510510079592601 10181736
1655510510370068434 90137580
1655510510671698128 100305453
1655510510967508289 93904118
1655510511174322572 6512156
1655510511469115089 94460023
1655510511771622916 101152422
1655510512167002385 195032780
1655510512465267082 96963629
1655510512675878893 10275383
1655510513065314573 99146963
1655510513365438518 98746923
1655510513574607258 6869988
1655510513872387936 5332990
1655510514269267921 102762626
1655510514568971936 98426340
1655510514869202877 98958572
1655510515169948371 99388216
1655510515565362110 98003991
1655510515776278949 9273462
1655510516074655401 98056522
1655510516370923658 95925050
1655510516671565955 100325583
1655510516968715703 95118885
1655510517270063810 101184630
1655510517570044524 99626003
1655510517872705270 101350404
1655510518167590228 93617324
1655510518473508182 7785441
1655510518868165030 101860538
1655510519167554929 97201187
1655510519376249561 7064980
1655510519673501233 8268871
1655510520066777637 191989558
1655510520465507724 198410461
1655510520770640482 103763170
1655510521074309739 102102280
1655510521373506257 97873828
1655510521766526472 100310877
1655510521975330575 8490472
1655510522272066867 96413907
1655510522573435027 8220458
1655510522874407729 7868512
1655510523168512676 93764314
1655510523467270283 97543017
1655510523675425469 6767751
1655510523972707279 7482234
1655510524368643655 103421178
1655510524668497790 99517876
1655510524968033534 99181528
1655510525268705368 99134207
1655510525567539089 98641725
1655510525868104621 99171145
1655510526167835215 99421603
1655510526466201393 98018036
1655510526765772395 99253341
1655510527071300898 103244678
1655510527373336507 6147729
1655510527668942305 94336083
1655510527969980501 99681654
1655510528365796029 194150724
1655510528573517542 7389927
1655510528868030216 94194268
1655510529075005643 4998606
1655510529371202736 94935941
1655510529667815799 94946073
1655510529969804753 100524108
1655510530365865339 195759135
1655510530673889795 106394007
1655510530971606179 96399731
1655510531275323369 10094448
1655510531665315679 99765033
1655510531872735630 7069879
1655510532265580576 192694427
1655510532665980096 198365419
1655510532974198457 107887326
1655510533269793921 95264907
1655510533570765002 100646225
1655510533870941919 99854860
1655510534269035230 196824786
1655510534573727097 102551289
1655510534868905686 93869660
1655510535171835692 100584514
1655510535572364687 104826121
1655510535867775160 94100501
1655510536173477443 105374166
1655510536473805129 7306334
1655510536767569118 93428510
1655510537067424240 98028020
1655510537276515757 7677840
1655510537567653868 89865219
1655510537867776230 98341780
1655510538167740802 98554489
1655510538375454748 6370920
1655510538673988701 8459277
1655510538969482766 95077066
1655510539265665264 94470551
1655510539472972742 5809286
1655510539767536810 94261907
1655510539976726194 7424020
1655510540683036037 506144731