1655507088454426072 575161926
1655507088662431974 7577271
1655507088870461479 6391041
1655507089076472276 5676416
1655507089283203279 6428704
1655507089489616357 6078899
1655507089695027399 5099757
1655507089901834192 4819792
1655507090107440958 5294765
1655507090315162148 6113219
1655507090522400462 5113636
1655507090728631781 5916762
1655507090933934545 4984044
1655507091140344920 5033254
1655507091345684653 5011446
1655507091551389305 5371987
1655507091756908819 5188656
1655507091963337408 6082068
1655507092168740945 5068207
1655507092375069046 4986937
1655507092581415563 4971336
1655507092787810256 5047727
1655507092994219184 5114006
1655507093199669270 5117694
1655507093405014864 5005629
1655507093611997558 5490479
1655507093818434955 5059053
1655507094025729106 5983249
1655507094232136300 5118488
1655507094438253713 5779545
1655507094644728060 5162879
1655507094851009418 5947498
1655507095057357412 4970034
1655507095262675150 4983327
1655507095468971773 5024827
1655507095674776441 4592440
1655507095881036801 4955335
1655507096087404128 5060048
1655507096292797039 5061897
1655507096499282772 5154937
1655507096704718325 5105460
1655507096910142665 5094721
1655507097116456726 5982274
1655507097323109855 6318844
1655507097529539768 5092198
1655507097734952048 5081256
1655507097940413400 5129945
1655507098146847494 5092616
1655507098354156068 5901368
1655507098559379421 4892582
1655507098765730389 5019280
1655507098972026044 4975224
1655507099177364741 5023436
1655507099383801349 5111284
1655507099589078817 4943864
1655507099794479032 5012920
1655507099999858221 5051041
1655507100205133256 4943808
1655507100412484236 6026535
1655507100620388300 6575886
1655507100827553100 5080428
1655507101034004797 5104809
1655507101240395932 5092655
1655507101445848381 5117183
1655507101651380315 5194266
1655507101857745830 5027431
1655507102063096953 5018327
1655507102269402585 4952507
1655507102475966712 5249412
1655507102681378764 5114239
1655507102887284962 5575353
1655507103092887436 5271928
1655507103299121827 4879313
1655507103505568292 5095839
1655507103710792128 4894401
1655507103917107615 4981595
1655507104122567149 5071784
1655507104327977083 5079694
1655507104534502064 5215402
1655507104739928874 5093980
1655507104946315246 5062480
1655507105157728907 11079953
1655507105363084325 5018893
1655507105569514769 5077605
1655507105774916216 5057071
1655507105980343766 5091924
1655507106186612463 4930562
1655507106393056024 5076994
1655507106599440655 5064083
1655507106804822252 5054391
1655507107010325109 5174486
1655507107217301757 5549351
1655507107423982194 5338922
1655507107630234883 4918873
1655507107836562798 5045157
1655507108042950168 5097170
1655507108249359697 5057938
1655507108454738388 5041363
1655507108661182330 5034866
1655507108866511954 5001467
1655507109072870311 5086215
1655507109279255118 5111163
1655507109485883846 5264964
1655507109691357870 5142826
1655507109897816889 5041623
1655507110104284211 5125843
1655507110309789104 5159889
1655507110516117486 5003706
1655507110722574810 5134540
1655507110929040524 5138238
1655507111134533206 5157998
1655507111339765578 4904916
1655507111545137565 5065319
1655507111751629858 5213443
1655507111958011081 5010858
1655507112164410896 5001664
1655507112370839243 5112932
1655507112576408693 5271951
1655507112783007389 5257107
1655507112989418138 5102027
1655507113194845410 5103698
1655507113400221345 5046376
1655507113606043947 4784906
1655507113812084821 4904800
1655507114018014895 5624598
1655507114224990261 5551229
1655507114430321044 5004871
1655507114636418314 5767825
1655507114842810683 5072232
1655507115049099521 5020921
1655507115254233999 4813914
1655507115459568077 4999852
1655507115665689875 4773794
1655507115872097379 5104913
1655507116077162156 4769969
1655507116282488736 4995020
1655507116488862814 5092856
1655507116695166065 4988018
1655507116901278531 4818536
1655507117108353589 5781407
1655507117313654334 4223079
1655507117519952325 5026488
1655507117725154413 5013528
1655507117930509581 5028750
1655507118136869949 5021119
1655507118343359827 5127719
1655507118548829936 5141465
1655507118757196855 7008641
1655507118962535166 5017082
1655507119168859864 5002398
1655507119375274145 5080781
1655507119581747952 5131513
1655507119788173696 5056751
1655507119994516895 4997076
1655507120199994339 5151557
1655507120406133480 5055993
1655507120612485716 5076810
1655507120818855186 5092075
1655507121024247199 5056310
1655507121230597860 5000856
1655507121436995702 5053784
1655507121642282528 4957647
1655507121848383055 4831138
1655507122053557902 4864513
1655507122259794998 4958902
1655507122465214584 5093149
1655507122670548200 4988118
1655507122876719333 4897285
1655507123081855675 4743071
1655507123288423699 5261082
1655507123494282653 4644405
1655507123699723093 5111877
1655507123905051647 4984341
1655507124110342671 4979916
1655507124316816216 5172387
1655507124521908159 4748942
1655507124728258858 4983403
1655507124933591129 5016220
1655507125140095247 5098078
1655507125345414967 5037973
1655507125551489564 5747685
1655507125756832815 5026341
1655507125964288349 6113562
1655507126170634975 5040839
1655507126376153327 5189157
1655507126582471831 5041297
1655507126788703897 4903146
1655507126994023231 4994749
1655507127199246684 4895546
1655507127405553758 4954033
1655507127610816426 4964749
1655507127816213340 5076283
1655507128022230489 4795634
1655507128228471142 4918417
1655507128434923762 5083849
1655507128641246884 4989934
1655507128848685964 6136159
1655507129054966010 5957649
1655507129261249540 4970945
1655507129467394686 4895254
1655507129673719458 5025088
1655507129878934207 4887019
1655507130085200907 4922758
1655507130291400633 5032379
1655507130498324727 5533986
1655507130704595151 4959751
1655507130911205876 5382208
1655507131116481079 4949822
1655507131322654626 5874101
1655507131528991839 5017109
1655507131734221912 4917304
1655507131939803199 5243678
1655507132146082575 4991943
1655507132352547618 5106054
1655507132558844561 5005469
1655507132765199331 4989177
1655507132970448533 4948009
1655507133176664594 4911965
1655507133383215510 5246105
1655507133588536660 4988316
1655507133794183376 5340661
1655507134000011089 5528916
1655507134206309737 4995223
1655507134411568267 4946097
1655507134617073620 5164698
1655507134823553924 5147031
1655507135029984564 5105073
1655507135237099604 5813881
1655507135443276312 4847510
1655507135648800987 5198303
1655507135855048480 4916830
1655507136060523726 5145493
1655507136266973658 5098162
1655507136472203778 4902250
1655507136677717891 5205531
1655507136883066795 5009767
1655507137090351956 5966853
1655507137295440881 4762012
1655507137501714357 4938849
1655507137708206687 5078736
1655507137915377688 5871874
1655507138121674941 5970568
1655507138328173539 5588642
1655507138534413449 4920147
1655507138740664826 4900755
1655507138946224326 5229413
1655507139152634886 5048865
1655507139358165264 5187785
1655507139563534459 5026661
1655507139769760573 5899095
1655507139976328527 5274703
1655507140182583028 4942269
1655507140388976528 5060275
1655507140594205700 4893052
1655507140800643933 5066449
1655507141006965054 4996893
1655507141212823420 4601460
1655507141418842869 4811320
1655507141624166461 4989073
1655507141829910926 5388132
1655507142036597520 6339628
1655507142241829706 4893496
1655507142447096578 4934994
1655507142652525671 5090133
1655507142858378914 5520076
1655507143063781385 5069141
1655507143269086843 4955351
1655507143475510177 5072242
1655507143681288103 5443835
1655507143887602186 4987257
1655507144093096110 5157757
1655507144299497646 5062818
1655507144504848575 5011905
1655507144711278851 5102253
1655507144917753264 5091761
1655507145123172068 5072689
1655507145329637288 5109094
1655507145536176312 5203663
1655507145741535995 5023393
1655507145946927708 5060345
1655507146153310305 5028511
1655507146359729090 5052359
1655507146565739222 4775694
1655507146771169428 5099036
1655507146976630937 5127775
1655507147183057231 5032437
1655507147389465764 5046700
1655507147596550542 5024320
1655507147802949488 5056534
1655507148010237648 5972279
1655507148216685191 5142189
1655507148423402587 5366520
1655507148630641445 5773144
1655507148836000323 5027270
1655507149041484569 5160714
1655507149247230555 5417215
1655507149452580208 4955867
1655507149659075711 5174022
1655507149864623053 5146334
1655507150070045340 5088530
1655507150276524943 5184891
1655507150482831547 4985298
1655507150689119701 4901917
1655507150894405975 4985095
1655507151100956593 5159535
1655507151307382410 5062106
1655507151512750730 5031549
1655507151718199401 5116730
1655507151923618688 5115238
1655507152130093248 5089705
1655507152335546165 5052680
1655507152542012689 5124021
1655507152747404301 5053921
1655507152952820966 5081583
1655507153158163622 4999772
1655507153364349039 4840651
1655507153570801082 5080919
1655507153776849412 4705268
1655507153983264430 5072535
1655507154188772063 5108977
1655507154394085349 4984680
1655507154599330704 4908971
1655507154805447106 4784251
1655507155011890069 5034397
1655507155218189843 5088107
1655507155423599687 5074835
1655507155628982625 5041981
1655507155834339315 4956035
1655507156040764826 5068524
1655507156245930225 4828915
1655507156451344671 5080025
1655507156656462452 4806405
1655507156861677151 4888467
1655507157067109257 5101218
1655507157272568768 5124308
1655507157477709469 4820403
1655507157683171356 5125991
1655507157889374510 4842214
1655507158095484062 4867914
1655507158300694008 4871703
1655507158506072574 5048962
1655507158712216848 4965011
1655507158917529257 5000357
1655507159123642961 4880394
1655507159329470396 4577214
1655507159535954237 5094545
1655507159740962867 4843562
1655507159947388814 5140110
1655507160153014359 5231936
1655507160359319878 4974035
1655507160564636622 4997776
1655507160769856707 4820519
1655507160976368897 5225608
1655507161182696262 5009146
1655507161388316644 5232140
1655507161593510286 4877251
1655507161799060488 5223236
1655507162005577057 5162346
1655507162212132129 5205138
1655507162417374030 4932525
1655507162623496976 5779608
1655507162829081441 5253974
1655507163034523271 5117160
1655507163240084769 5221831
1655507163446413432 5020223
1655507163651918721 5148766
1655507163857232124 4983203
1655507164062291665 4722634
1655507164268791938 5174222
1655507164474090307 4962349
1655507164680572960 5154583
1655507164885925017 5000836
1655507165092468420 5165045
1655507165297897038 5095746
1655507165504345882 5076870
1655507165710713900 5044987
1655507165916212540 5155678
1655507166121862576 5302187
1655507166328856202 5129961
1655507166534159304 4967282
1655507166740651491 5205706
1655507166947035293 5040222
1655507167153445570 5058717
1655507167358831012 5043496
1655507167565200468 5011021
1655507167771599599 5066115
1655507167977938256 4986280
1655507168184416688 5105257
1655507168390825876 5069411
1655507168596358775 5191529
1655507168802930263 5264797
1655507169008428651 5157132
1655507169214828780 5044837
1655507169420234932 5067199
1655507169626681093 5056680
1655507169833292982 5268975
1655507170038553123 4925910
1655507170243973052 5087146
1655507170450342254 5080485
1655507170655887464 5112999
1655507170861236768 5086963
1655507171067954837 5326501
1655507171274591036 5356371
1655507171481309110 5408238
1655507171686672911 5012420
1655507171892312795 5300601
1655507172098713000 5111380
1655507172304206423 5153960
1655507172509743886 5196417
1655507172716803709 5738647
1655507172924221171 6037195
1655507173130471993 5904441
1655507173338157402 6228170
1655507173544368145 5778127
1655507173752941688 8144793
1655507173959101113 5816684
1655507174165913591 5464756
1655507174372758071 5461697
1655507174578602523 5493339
1655507174784652603 5702566
1655507174992678363 6663174
1655507175199565007 5552654
1655507175405400058 5499376
1655507175611248966 5493595
1655507175816704446 5102841
1655507176022078579 5033307
1655507176227539675 5115666
1655507176434073369 5204440
1655507176639524246 5115127
1655507176845940243 5053250
1655507177052394076 5119196
1655507177258808638 5073640
1655507177464294575 5182815
1655507177669734273 5107649
1655507177876216032 5138024