1655331626555052115 403379391
1655331626971050502 210722568
1655331627856144751 602623156
1655331628470057894 405552910
1655331629470695132 701437060
1655331630756360232 977793661
1655331631157550627 199866339
1655331632152240650 695849717
1655331632465177855 104239423
1655331632852547857 175543559
1655331633064638837 11658885
1655331633368081490 98545991
1655331634761589488 1192663694
1655331635069386278 107425986
1655331635349632460 76036088
1655331635665996927 112083326
1655331636063651403 197194532
1655331636470728052 113232271
1655331636853756454 181883753
1655331637358138721 290030905
1655331637974413686 404164405
1655331638967646093 713008451
1655331639752963486 493159210
1655331643473072242 3420021340
1655331643744166650 68198405
1655331645065586526 1116105234
1655331645779085814 513055368
1655331646558187051 408213067
1655331647050798328 280298239
1655331647277792843 21978919
1655331647665720361 112008256
1655331649554550072 1605069582