1655330192257203828 386510582
1655330192670662332 205699831
1655330192895394660 23449903
1655330193114558003 18747304
1655330193334467584 17647370
1655330193550911993 16027788
1655330193793188376 39006298
1655330194015072018 17643009
1655330194229908899 14460326
1655330194447419204 13831674
1655330194658755344 10629559
1655330194868544132 9360873
1655330195083144407 11739966
1655330195295324644 10999719
1655330195507002084 10522909
1655330195720265754 9630616
1655330195929977706 9315294
1655330196142182132 9280943
1655330196354515566 9406106
1655330196567023205 9712762
1655330196776960030 9516579
1655330196989240200 9497515
1655330197199190348 9558959
1655330197409124573 9544001
1655330197621395724 9543037
1655330197831568189 9770728
1655330198041512496 9585648
1655330198251882172 9951359
1655330198464819539 10098130
1655330198677238956 9470973
1655330198889532768 9353844
1655330199106577754 16690824
1655330199320433689 10902059
1655330199534691061 11213040
1655330199749069042 11384258
1655330199962494895 10439043
1655330200172278406 9365143
1655330200385359651 10329635
1655330200596367477 10081021
1655330200806189061 9348836
1655330201018253983 9318980
1655330201228053906 9380782
1655330201437788176 9323372
1655330201649848565 9285642
1655330201859862333 9613562
1655330202072093839 9421268
1655330202281993593 9478198
1655330202491660919 9284877
1655330202705269967 9284432
1655330202953927030 44502552
1655330203167592033 13225309
1655330203384809156 12669957
1655330203597212398 11920523
1655330203811046769 9580810
1655330204023598725 9707992
1655330204236177244 9738195
1655330204448401678 9479855
1655330204662997025 11870628
1655330204873626114 9296117
1655330205083554664 9541147
1655330205293348916 9561923
1655330205503087031 9342435
1655330205715176335 9372114
1655330205930984163 15342915
1655330206145390889 10147015
1655330206356800827 10959950
1655330206569214104 11817620
1655330206780532961 10800508
1655330206991757119 10720968
1655330207203746201 11410139
1655330207416174244 12027382
1655330207629019359 12446142
1655330207843579710 10191928
1655330208057210255 9386764
1655330208271489391 9808883
1655330208484968374 9383842
1655330208698754863 9649505
1655330208910920946 9333061
1655330209124570537 9618268
1655330209336590846 9304237
1655330209546317126 9299810
1655330209777135655 27890730
1655330209987654072 10132353
1655330210197551712 9408891
1655330210407880624 9911710
1655330210621425548 10767720
1655330210835380884 11194434
1655330211054104837 14427834
1655330211265723100 11223225
1655330211477550645 10892977
1655330211687888618 9394987
1655330211897663560 9354610
1655330212109928812 9277171
1655330212326898750 14161276
1655330212541582537 10977774
1655330212754298510 11535016
1655330212964883178 9485716
1655330213177536072 9889572
1655330213387764953 9737836
1655330213597694288 9544731
1655330213807853165 9759452
1655330214017784953 9550347
1655330214234772654 14166792
1655330214445298612 9963641
1655330214655014088 9312121
1655330214879241767 23793433
1655330215089599180 9445620
1655330215299418999 9431070
1655330215511794854 9471910
1655330215723794951 9257315
1655330215935925402 9383029
1655330216147060755 10752127
1655330216356795212 9327557
1655330216569347704 9880606
1655330216789980273 17811313
1655330217003067324 10324989
1655330217213618767 10141131
1655330217426050273 9738731
1655330217635749865 9291473
1655330217845487465 9310009
1655330218055265731 9385163
1655330218269173944 11128016
1655330218481345642 9310784
1655330218693920791 9636995
1655330218904707780 10400429
1655330219114476202 9375118
1655330219324541885 9673902
1655330219534779072 9848595
1655330219744585169 9410623
1655330219958270820 10915133
1655330220171940578 10046092
1655330220384143975 9416489
1655330220593823546 9277051
1655330220806972052 10222884
1655330221018104958 10737145
1655330221227920123 9426732
1655330221437580712 9283651
1655330221653334115 15361228
1655330221864592166 10827444
1655330222076436501 11378217
1655330222288564059 11665278
1655330222502526287 10268177
1655330222714474732 11476978
1655330222958306497 40011945
1655330223170351485 9310320
1655330223380086709 9327439
1655330223590199074 9725982
1655330223799954645 9345581
1655330224052558143 49902233
1655330224268824503 15843000
1655330224481983892 10340268
1655330224695499577 10443143
1655330224906058821 9889505
1655330225119774946 10867068
1655330225329573408 9415088
1655330225550166062 20146490
1655330225767053637 13937230
1655330225977255321 9469547
1655330226189924696 9914125
1655330226399684759 9383600
1655330226613809569 9709855
1655330226827244317 9478942
1655330227039657590 9383388
1655330227251049747 10959346
1655330227465273596 10838629
1655330227676487916 10781749
1655330227889642051 9145934
1655330228099297022 9247654
1655330228310470945 10688228
1655330228522375627 11461147
1655330228737183643 11002134
1655330228948110819 10491052
1655330229163309931 12373985
1655330229380101246 14096974
1655330229592986653 12040012
1655330229809517227 13338094
1655330230020622209 10711024
1655330230231012303 9982337
1655330230473382685 20432613
1655330230755365477 76415060
1655330230983235430 23065760
1655330231209754514 23023517
1655330231428226839 14100284
1655330231648616311 19997979
1655330231864987000 15979995
1655330232088330039 18843102
1655330232305254006 16023535
1655330232529846748 23455189
1655330232751351093 16114393
1655330232966762680 14973490
1655330233188095677 18434208
1655330233410103041 20781565
1655330233626468538 15116753
1655330233860149788 16386720
1655330234077745070 17183493
1655330234293873036 13363867
1655330234504937543 10667665
1655330234719007640 10482018
1655330234929994125 9746502
1655330235140196482 9291518
1655330235349921578 9317216
1655330235568354761 13958073
1655330235793448718 24226514
1655330236005475576 11583994
1655330236256842736 46766798
1655330236469670835 10021138
1655330236679614650 9543443
1655330236895178208 9389045
1655330237107317413 9369048
1655330237317074599 9332990
1655330237553507345 32910332
1655330237775875350 16579648
1655330237987975665 9280283
1655330238197667123 9293612
1655330238409928337 9445887
1655330238674057744 24582709
1655330238892977031 14102219
1655330239108628006 11478756
1655330239350116918 41072610
1655330239562133961 9259240
1655330239776449061 13864805
1655330239986378196 9547389
1655330240269141168 17500269
1655330240565123018 91650274
1655330240873030880 100535701
1655330241177725385 24381872
1655330241387904253 9786602
1655330241598005913 9708679
1655330241866223622 16746215
1655330242152855267 85868288
1655330242382828000 26470894
1655330242608509314 24099847
1655330242833722810 24762034
1655330243058410755 19922498
1655330243287490675 25105155
1655330243553852583 58514338
1655330243775325386 15527631
1655330243989426225 13219041
1655330244202789952 12918145
1655330244422561011 16440769
1655330244636670736 13659073
1655330244855515420 15993630
1655330245079218498 19564555
1655330245306824691 23047913
1655330245522512796 15275445
1655330245737352181 14435055
1655330245954929651 14534635
1655330246172543037 14620598
1655330246386134408 13138546
1655330246604017117 14764834
1655330246818203970 13794659
1655330247037099694 15396887
1655330247254851178 14517070
1655330247472838969 13675417
1655330247688701938 11246983
1655330247901640277 11705725
1655330248114330721 12298194
1655330248329562754 11768410
1655330248554941722 24187930
1655330248769756707 13182158
1655330248985692421 13241709
1655330249201311780 12898018
1655330249413648319 11598965
1655330249629581509 13178680
1655330249857549008 27551938
1655330250087173320 25233593
1655330250304140767 16556717
1655330250529519946 21716143
1655330250753793910 19706525
1655330250973726128 15134296
1655330251256186855 75533772
1655330251476865923 16273413
1655330251697285784 16349281
1655330251912577794 14501274
1655330252153727336 37834695
1655330252373810007 17258360
1655330252586819597 12580729
1655330252803132787 11997999
1655330253018275765 11162870
1655330253235947085 13301361
1655330253448054498 9416742
1655330253657777674 9341563
1655330253870124020 9529366
1655330254083067780 10124588
1655330254293262792 9808442
1655330254505456195 9407989
1655330254718315877 10132462
1655330254928175961 9471900
1655330255138388342 9800019
1655330255349963777 11146896
1655330255563991273 13627509
1655330255790473632 13169465
1655330256002919474 9708214
1655330256214204889 10898094
1655330256451096420 34142203
1655330256663884504 9783413
1655330256953841700 85994567
1655330257166198978 11919598
1655330257383900241 13291868
1655330257651647566 63391966
1655330257866553350 11351634
1655330258081191621 11548720
1655330258295250214 11169834
1655330258506735093 11074258
1655330258716728360 9588796
1655330258928895266 9407799
1655330259141291286 9484923
1655330259351412354 9627910
1655330259561609674 9782840
1655330259780021239 11527337
1655330259990947928 10523394
1655330260201865061 10102458
1655330260416858091 14351722
1655330260628357911 10381208
1655330260838863794 9375798
1655330261065026332 23307741
1655330261284247973 14810177
1655330261500914673 12843481
1655330261717673534 13424339
1655330261939864412 19099828
1655330262165868252 23327573
1655330262380889673 14428238
1655330262608968767 24618911
1655330262827309831 13286360
1655330263042764082 12612640
1655330263253279451 10070243
1655330263466423825 10343815
1655330263676223662 9369719
1655330263888276595 9306723
1655330264098148080 9436854
1655330264310711425 9793043
1655330264520864198 9547116
1655330264730630793 9347576
1655330264942908720 9383857
1655330265155632636 9800673
1655330265365643413 9695507
1655330265576089773 10035894
1655330265790218774 13689551
1655330266000342119 9683739
1655330266210453681 9709838
1655330266422906791 9671639
1655330266635224242 9497429
1655330266847824513 9731647
1655330267060170786 9620732
1655330267272466754 9504033
1655330267482277722 9409721
1655330267692248117 9564677
1655330267905071284 10097259
1655330268117390935 9532573
1655330268327626641 9768857
1655330268540210657 9756860
1655330268752467335 9525997
1655330268962338149 9412554
1655330269176421689 13700194
1655330269388783175 9656707
1655330269601348722 9775470
1655330269813762649 9562000
1655330270023817932 9675744
1655330270236478699 9559054
1655330270448473238 9282810
1655330270660700458 9562657
1655330270873059934 9591109
1655330271086209539 12730606
1655330271298942212 12023224
1655330271518486913 15855712
1655330271728847407 9440021
1655330271938799390 9571742
1655330272153911400 14733341
1655330272366334890 9666504
1655330272576596646 9881059
1655330272788783077 9526667
1655330273003461842 11933163
1655330273215850894 9804991
1655330273425670002 9446160
1655330273657176247 28601331
1655330273876311236 18646311
1655330274088660528 9436254
1655330274298538945 9464682
1655330274510937563 9543382
1655330274720904487 9574877
1655330274933213257 9497387
1655330275143317845 9690861
1655330275353388030 9650662
1655330275565769576 9552292
1655330275787672428 21484623
1655330276000730146 12618278
1655330276213361541 12118628
1655330276425562459 11788252
1655330276637860813 11876444
1655330276853494677 11601055
1655330277064814553 10904042
1655330277276409404 11206088
1655330277490637267 13828567
1655330277704644217 9647538
1655330277920178298 14846176
1655330278156028779 31468171
1655330278469819461 113355783
1655330278697332615 25724040
1655330278906926509 9222099
1655330279116679032 9361948
1655330279360742223 11290957
1655330279578225797 14018880
1655330279796771576 14815566
1655330280014230718 13857981
1655330280231642894 17006152
1655330280444900096 12674840
1655330280664336390 12894715
1655330280880301469 15554986
1655330281095640847 10488048
1655330281308576847 9706266
1655330281522507185 11070213
1655330281732299950 9405192