1655859436868897519 0
1655859437870128115 0
1655859438871294283 0
1655859439872468471 0
1655859440873635919 0
1655859441874793243 0
1655859442875991076 0
1655859443877165129 0
1655859444878339436 0
1655859445879490304 2
1655859446880647514 47
1655859447881827395 46
1655859448882980679 45
1655859449884134856 46
1655859450885292434 47
1655859451886472495 45
1655859452887638670 48
1655859453888796090 48
1655859454889934947 46
1655859455891081899 46
1655859456892237837 49
1655859457893390636 46
1655859458894552292 47
1655859459895722248 48
1655859460896928597 47
1655859461898579290 45
1655859462899821974 48
1655859463900982096 48
1655859464902130291 47
1655859465903322838 45
1655859466904531540 50
1655859467905709614 47
1655859468906861914 43
1655859469908033301 48
1655859470909254868 44
1655859471910412820 46
1655859472911570630 47
1655859473912756484 49
1655859474913927396 42
1655859475914776783 46
1655859476915925908 45
1655859477917075329 45
1655859478918221366 47
1655859479918689694 47
1655859480919875875 43
1655859481921066016 48
1655859482922217561 46
1655859483922754429 46
1655859484923923348 45
1655859485925068804 48
1655859486926230527 45
1655859487927385494 45
1655859488928257805 47
1655859489929405173 47
1655859490930550107 44
1655859491931715316 47
1655859492932860702 46
1655859493934056356 46
1655859494936467296 47
1655859495937674409 48
1655859496938747139 45
1655859497939887318 49
1655859498941051449 44
1655859499942202010 47
1655859500943359399 49
1655859501944656475 45
1655859502945814540 46
1655859503946713274 50
1655859504947860761 45
1655859505949011406 48
1655859506950174733 47
1655859507950771697 47
1655859508952841831 47
1655859509954002488 46
1655859510954688314 49
1655859511955831100 46
1655859512957009229 47
1655859513958175840 48
1655859514958699180 46
1655859515959844600 48
1655859516961008863 46
1655859517962191554 48
1655859518962721946 47
1655859519963879996 46
1655859520965031391 49
1655859521966192960 46
1655859522967615722 46
1655859523969112533 48
1655859524970278285 47
1655859525970773844 47
1655859526971935079 46
1655859527973124842 48
1655859528974642548 45
1655859529975813416 47
1655859530976972289 50
1655859531978148724 46
1655859532979360285 45
1655859533980517680 49
