1655509210322775129 0
1655509211323941289 0
1655509212325065355 0
1655509213326188326 0
1655509214327316241 0
1655509215328440180 0
1655509216329563359 0
1655509217330686246 0
1655509218331808994 0
1655509219332934198 3
1655509220334059650 56
1655509221334661787 80
1655509222335778604 73
1655509223336906474 79
1655509224338034486 80
1655509225339184930 77
1655509226340333791 75
1655509227341467363 80
1655509228342576351 76
1655509229343696641 76
1655509230344819500 80
1655509231345945515 80
1655509232347069952 72
1655509233348193528 80
1655509234349320891 77
1655509235350449310 75
1655509236351578050 80
1655509237352704336 79
1655509238353836086 74
1655509239354919622 79
1655509240356046491 76
1655509241357171200 77
1655509242358294566 79
1655509243359420039 79
1655509244360537658 76
1655509245361663723 77
1655509246362750608 77
1655509247363868348 77
1655509248364990331 78
1655509249366112588 80
1655509250367235626 76
1655509251368359455 76
1655509252369486604 78
1655509253370615820 77
1655509254371739715 78
1655509255372867483 79
1655509256373992614 78
1655509257375110603 76
1655509258376234561 76
1655509259377363801 78
1655509260378489590 78
1655509261379613335 78
1655509262380737574 79
1655509263381859793 76
1655509264382977235 75
1655509265384104157 80
1655509266385230443 77
1655509267386353964 77
1655509268387478744 79
1655509269388611261 76
1655509270389711527 77
1655509271390832117 78
1655509272391960545 77
1655509273393083545 79
1655509274394210752 75
1655509275395334430 78
1655509276396461011 80
1655509277397585611 75
1655509278398702012 79
1655509279399824949 76
1655509280400947837 76
1655509281402072746 80
1655509282403167069 77
1655509283404255831 77
1655509284405382723 76
1655509285406506251 78
1655509286407632459 76
1655509287408748612 79
1655509288409873353 79
1655509289410991617 77
1655509290412116810 75
1655509291413240630 80
1655509292414358029 74
1655509293415479806 80
1655509294416607093 79
1655509295417750255 76
1655509296418837440 76
1655509297419959414 79
1655509298421048059 77
1655509299422173381 77
1655509300423300809 79
1655509301424421118 80
1655509302425546770 73
1655509303426677190 78
1655509304427802238 77
1655509305428928727 77
1655509306430054444 80
1655509307431175927 77
1655509308432259474 75
1655509309433386862 64