1655859591746213712 0
1655859592747431247 0
1655859593748603710 0
1655859594749758627 0
1655859595750973632 0
1655859596752148107 0
1655859597753312958 0
1655859598754474920 0
1655859599755642851 0
1655859600756794384 11
1655859601757954374 54
1655859602759117109 54
1655859603760271133 56
1655859604761474050 54
1655859605762715628 55
1655859606764086050 53
1655859607766113526 55
1655859608766689240 51
1655859609767838085 57
1655859610768978131 51
1655859611770136701 56
1655859612770718400 52
1655859613771986528 52
1655859614774207229 56
1655859615774713993 57
1655859616775860510 52
1655859617776766411 56
1655859618778556982 54
1655859619779730325 55
1655859620780869994 57
1655859621782043077 51
1655859622783202332 60
1655859623784347423 51
1655859624785739603 56
1655859625787675207 53
1655859626788899677 55
1655859627790386199 53
1655859628791546618 58
1655859629792712281 55
1655859630793877168 54
1655859631794994872 54
1655859632797523481 58
1655859633798688202 51
1655859634799837816 59
1655859635800987143 52
1655859636802165483 56
1655859637804223374 54
1655859638805424857 56
1655859639806698423 55
1655859640807849634 55
1655859641808989647 55
1655859642810145622 56
1655859643811297781 54
1655859644812456807 56
1655859645813615374 55
1655859646814700514 55
1655859647815447279 55
1655859648816628593 56
1655859649817797257 54
1655859650818715456 56
1655859651819875363 56
1655859652821027211 53
1655859653822176747 56
1655859654822694208 56
1655859655823836968 54
1655859656824992929 56
1655859657826165207 56
1655859658826716145 54
1655859659827876235 55
1655859660828267244 56
1655859661828499524 54
1655859662830406160 55
1655859663830980597 56
1655859664832137696 55
1655859665833286566 54
1655859666834525138 55
1655859667835748213 53
1655859668835934027 54
1655859669837355258 54
1655859670838566519 51
1655859671839802024 57
1655859672840967756 52
1655859673842137037 56
1655859674842693663 55
1655859675843846117 54
1655859676844991353 56
1655859677846153010 53
1655859678847315343 55
1655859679848465163 53
1655859680849622862 53
1655859681850721129 47
1655859682851867870 53
1655859683853016148 46
1655859684853472268 58
1655859685854641685 51
1655859686855822075 59
1655859687856987046 51
1655859688858209867 57
