1655509450051978633 0
1655509451053147602 0
1655509452054270794 0
1655509453055388877 0
1655509454056507394 0
1655509455057626494 0
1655509456058752581 0
1655509457059882004 0
1655509458061008285 0
1655509459062129690 4
1655509460063262844 90
1655509461064375881 98
1655509462065497706 96
1655509463066609499 98
1655509464067747482 100
1655509465068870945 93
1655509466069993629 95
1655509467071116346 100
1655509468072236993 97
1655509469073356011 95
1655509470074300394 100
1655509471075391618 93
1655509472076518094 97
1655509473077639535 98
1655509474078779058 98
1655509475079891677 95
1655509476081015335 99
1655509477082140487 95
1655509478082300589 97
1655509479083434156 96
1655509480084561184 100
1655509481085677421 97
1655509482086799243 95
1655509483087924385 100
1655509484089048222 93
1655509485090182224 97
1655509486091319593 98
1655509487092431049 98
1655509488093551762 95
1655509489094672862 99
1655509490095763795 95
1655509491096892037 97
1655509492098013705 96
1655509493099134250 98
1655509494100262769 96
1655509495101390738 98
1655509496102477028 97
1655509497103565374 96
1655509498104701805 96
1655509499105843917 97
1655509500106975622 97
1655509501108100230 98
1655509502109222726 97
1655509503110332797 95
1655509504111449389 98
1655509505112565303 97
1655509506113677463 97
1655509507114757556 97
1655509508115882255 96
1655509509117009509 96
1655509510118133996 98
1655509511119256932 97
1655509512120376617 97
1655509513121507450 97
1655509514122627365 98
1655509515123742956 97
1655509516124866342 95
1655509517125955512 98
1655509518127081379 97
1655509519128199709 95
1655509520129321754 99
1655509521130403689 98
1655509522131523809 93
1655509523132641866 99
1655509524133749632 98
1655509525134880292 93
1655509526135974874 99
1655509527137115994 97
1655509528138251558 96
1655509529139362584 97
1655509530140458092 99
1655509531141561102 93
1655509532142695805 98
1655509533143820573 98
1655509534144943672 96
1655509535146068798 97
1655509536147192758 99
1655509537148314236 98
1655509538149437001 92
1655509539150531525 98
1655509540151660165 96
1655509541152781852 99
1655509542153902216 97
1655509543155016623 100
1655509544156119598 90
1655509545157244889 99
1655509546158325426 96
1655509547159444250 99
1655509548160566749 97
1655509549161690723 71
1655509550162815037 0