1655509932157385147 0
1655509933158548382 0
1655509934159662969 0
1655509935160778615 0
1655509936161898055 0
1655509937163017865 0
1655509938164137151 0
1655509939165258390 0
1655509940166381007 0
1655509941167497208 9
1655509942168635320 97
1655509943169761719 157
1655509944170293622 160
1655509945171411461 147
1655509946172545478 156
1655509947173664892 160
1655509948174307711 151
1655509949175443295 154
1655509950176563049 159
1655509951177683298 153
1655509952178300212 152
1655509953179429872 159
1655509954180551799 158
1655509955181675161 152
1655509956182294903 155
1655509957182706441 158
1655509958183844129 152
1655509959184966760 151
1655509960186090009 160
1655509961187201113 160
1655509962188324133 150
1655509963189437252 156
1655509964190554289 159
1655509965191656169 147
1655509966192782451 156
1655509967193896979 160
1655509968195021784 152
1655509969196131971 156
1655509970197254938 157
1655509971198343116 159
1655509972199465244 145
1655509973200577180 159
1655509974201690644 159
1655509975202288052 152
1655509976203411343 155
1655509977204487631 159
1655509978205606287 150
1655509979206725684 154
1655509980207849146 159
1655509981208976653 157
1655509982210088872 152
1655509983210303168 157
1655509984211423833 157
1655509985212545433 147
1655509986213665107 158
1655509987214777760 157
1655509988215900831 157
1655509989217030246 154
1655509990218151849 158
1655509991218295411 154
1655509992219419513 149
1655509993220531031 158
1655509994221647721 158
1655509995222770188 153
1655509996223899293 156
1655509997225019864 158
1655509998226137842 155
1655509999227234443 150
1655510000228354785 157
1655510001229475210 159
1655510002230301490 152
1655510003231424832 157
1655510004232546315 156
1655510005233663769 149
1655510006234777768 155
1655510007235898479 160
1655510008237010071 156
1655510009238133076 153
1655510010239258637 158
1655510011240393195 155
1655510012241516296 151
1655510013242299433 155
1655510014243413690 160
1655510015244530895 149
1655510016245642199 159
1655510017246760946 157
1655510018247873448 153
1655510019248984847 151
1655510020250109416 159
1655510021251225724 150
1655510022252347483 159
1655510023253467647 158
1655510024254582009 154
1655510025255692078 154
1655510026256813584 153
1655510027257925023 156
1655510028259046834 153
1655510029260165960 160
1655510030261278800 157
1655510031262397800 126
1655510032263534061 4
1655510033264662284 0