1655508973484105058 0
1655508974485264924 0
1655508975486383434 0
1655508976487513025 0
1655508977488636958 0
1655508978489764573 0
1655508979490889167 0
1655508980492005515 0
1655508981493130492 0
1655508982494254124 5
1655508983495376102 36
1655508984496508436 40
1655508985497629390 40
1655508986498746130 39
1655508987499875180 36
1655508988501000760 40
1655508989502127066 40
1655508990503250856 37
1655508991504372820 40
1655508992505488556 40
1655508993506606594 38
1655508994507736003 37
1655508995508864107 40
1655508996509992150 40
1655508997511113610 37
1655508998512238075 40
1655508999513368729 40
1655509000514485525 35
1655509001515609911 40
1655509002516735202 40
1655509003517853314 39
1655509004518976819 38
1655509005520097417 40
1655509006521212952 39
1655509007522337492 36
1655509008523463435 40
1655509009524592976 40
1655509010525680294 38
1655509011526805963 39
1655509012527926641 40
1655509013529049293 37
1655509014530172057 38
1655509015530667868 40
1655509016531792245 40
1655509017532914067 37
1655509018534036882 40
1655509019535165654 40
1655509020536259818 37
1655509021537387683 38
1655509022538515778 40
1655509023539665197 40
1655509024540794163 37
1655509025541918671 40
1655509026543015164 38
1655509027544135653 37
1655509028545265268 40
1655509029546396755 40
1655509030547524669 38
1655509031548652610 39
1655509032549782441 40
1655509033550903034 37
1655509034552027285 38
1655509035553156429 40
1655509036554278753 40
1655509037555411775 37
1655509038556540270 40
1655509039557667400 40
1655509040558783600 36
1655509041559909601 39
1655509042561040081 40
1655509043562172193 40
1655509044563297116 37
1655509045564431867 40
1655509046565558690 38
1655509047566674809 37
1655509048567802182 40
1655509049568931702 40
1655509050570057359 40
1655509051571183541 37
1655509052572306122 38
1655509053573430318 39
1655509054574576463 38
1655509055575703221 40
1655509056576819095 40
1655509057577943609 40
1655509058579068465 37
1655509059580191288 38
1655509060581314797 39
1655509061582439006 38
1655509062583564610 40
1655509063584688752 40
1655509064585806657 39
1655509065586662834 38
1655509066587795907 38
1655509067588912054 39
1655509068590038975 38
1655509069591157697 40
1655509070592289014 40
1655509071593419740 38
1655509072594545949 30