1655522284592039182 0
1655522285593201884 0
1655522286594325212 0
1655522287595444260 0
1655522288596565174 0
1655522289597691031 0
1655522290598814843 0
1655522291599936838 0
1655522292601016990 0
1655522293602144973 0
1655522294603267936 0
1655522295604390122 4
1655522296605515224 34
1655522297606645483 40
1655522298607769153 40
1655522299608892876 38
1655522300610016249 40
1655522301611138946 40
1655522302612258069 37
1655522303613382240 37
1655522304614503473 40
1655522305615629404 38
1655522306616751078 40
1655522307617874114 40
1655522308619002088 40
1655522309620125835 34
1655522310621249390 40
1655522311622368166 40
1655522312623491824 38
1655522313624618244 40
1655522314625745325 40
1655522315626656555 40
1655522316627779676 34
1655522317628912794 40
1655522318630031368 40
1655522319631160485 38
1655522320632287789 40
1655522321633407908 40
1655522322634528407 37
1655522323635672788 37
1655522324636795224 40
1655522325637915670 40
1655522326639038670 38
1655522327640160288 40
1655522328641279813 40
1655522329642396988 37
1655522330643520250 37
1655522331644638025 40
1655522332645723892 38
1655522333646850696 40
1655522334647977603 40
1655522335649098978 39
1655522336650220836 37
1655522337651348495 38
1655522338652473621 40
1655522339653595135 38
1655522340654722356 40
1655522341655847242 40
1655522342656963864 37
1655522343658088202 37
1655522344659210253 40
1655522345660336633 40
1655522346661467619 38
1655522347662591732 40
1655522348663708978 40
1655522349664832311 37
1655522350665968045 37
1655522351667097526 40
1655522352668215384 39
1655522353669340026 39
1655522354670461825 40
1655522355671586673 39
1655522356672710293 36
1655522357673833175 38
1655522358674958356 40
1655522359676086853 38
1655522360677214709 40
1655522361678338967 40
1655522362679454457 38
1655522363679750067 36
1655522364680872273 40
1655522365681993748 40
1655522366683118990 38
1655522367684241543 40
1655522368685367246 40
1655522369686482447 38
1655522370687612646 36
1655522371688736392 40
1655522372689862130 40
1655522373690989823 38
1655522374692116307 40
1655522375693240468 40
1655522376694363359 39
1655522377695487484 35
1655522378696609951 40
1655522379697724454 38
1655522380698852004 40
1655522381699978537 40
1655522382701101680 39
1655522383702172765 38