1655528278123619773 0
1655528279124796595 0
1655528280125921491 0
1655528281127049659 0
1655528282128165588 0
1655528283129288524 0
1655528284130411350 0
1655528285131536488 0
1655528286132659258 0
1655528287133784025 6
1655528288134912756 8
1655528289136047720 10
1655528290137163794 10
1655528291138295976 10
1655528292139427742 10
1655528293140553752 10
1655528294141684016 10
1655528295142820046 8
1655528296143947259 10
1655528297145073157 10
1655528298146186807 10
1655528299147317402 10
1655528300148441035 10
1655528301149564306 8
1655528302150691269 10
1655528303151815297 10
1655528304152943588 10
1655528305154067351 10
1655528306155190883 10
1655528307156318995 10
1655528308157442404 8
1655528309158584717 10
1655528310159709550 10
1655528311160834565 10
1655528312161960419 10
1655528313163085504 10
1655528314164203356 10
1655528315165328999 8
1655528316166453667 10
1655528317167580941 10
1655528318168708267 10
1655528319169834097 10
1655528320170957875 10
1655528321172075812 9
1655528322173202304 9
1655528323174328728 10
1655528324175454408 10
1655528325176580688 10
1655528326177711555 10
1655528327178834858 10
1655528328179951779 8
1655528329181067300 10
1655528330182193878 10
1655528331183320293 10
1655528332184449223 10
1655528333185577576 10
1655528334186698271 10
1655528335187822963 8
1655528336188938137 10
1655528337190061272 10
1655528338191189465 10
1655528339192313572 10
1655528340193438108 10
1655528341194569730 9
1655528342195692980 9
1655528343196819847 10
1655528344197936135 10
1655528345199059320 10
1655528346200185157 10
1655528347201313480 10
1655528348202438848 8
1655528349203565763 10
1655528350204690337 10
1655528351205815461 10
1655528352206904279 10
1655528353208023807 10
1655528354209146048 10
1655528355210275720 8
1655528356211407394 10
1655528357212536489 10
1655528358213668383 10
1655528359214795082 10
1655528360215924761 10
1655528361217049381 10
1655528362218175321 8
1655528363219298965 10
1655528364220426609 10
1655528365221548425 10
1655528366222668697 10
1655528367223791983 10
1655528368224892469 9
1655528369226017528 9
1655528370227141387 10
1655528371228266699 10
1655528372229392441 10
1655528373230517423 10
1655528374231652277 10
1655528375232778564 8
1655528376233903742 10
1655528377235028407 4