1655509570113983940 0
1655509571115154851 0
1655509572116283061 0
1655509573117408310 0
1655509574118536758 0
1655509575119677749 0
1655509576120802366 0
1655509577121929371 0
1655509578123053108 0
1655509579124171989 16
1655509580125301110 55
1655509581126423624 47
1655509582127549680 54
1655509583128677765 55
1655509584129801391 54
1655509585130936841 54
1655509586132370590 55
1655509587133498297 50
1655509588134625114 51
1655509589135748978 55
1655509590136874793 55
1655509591138012523 54
1655509592139135091 54
1655509593140262091 52
1655509594141377527 53
1655509595142504344 51
1655509596143633219 55
1655509597144758742 55
1655509598145874696 54
1655509599146993860 53
1655509600148126117 51
1655509601149249791 54
1655509602150380353 52
1655509603151507182 55
1655509604152634036 55
1655509605153756757 53
1655509606154873692 53
1655509607155991361 52
1655509608157113555 52
1655509609158237682 54
1655509610159366938 55
1655509611160455565 54
1655509612161586140 54
1655509613162703836 53
1655509614163827798 52
1655509615164922096 51
1655509616166052797 54
1655509617167177911 55
1655509618168305685 54
1655509619169435440 52
1655509620170584705 55
1655509621171717177 52
1655509622172839504 51
1655509623173962669 55
1655509624175084771 55
1655509625176205551 54
1655509626177327131 52
1655509627178449622 54
1655509628179570254 51
1655509629180691920 53
1655509630181815857 55
1655509631182943878 55
1655509632184069341 54
1655509633185192241 52
1655509634186314352 53
1655509635187438940 52
1655509636188559640 53
1655509637189683637 55
1655509638190799643 55
1655509639191915217 52
1655509640193041585 54
1655509641194163829 53
1655509642195290008 51
1655509643196412505 54
1655509644197542376 55
1655509645198661597 55
1655509646199779135 51
1655509647200909185 55
1655509648202025837 52
1655509649203147511 51
1655509650204271213 55
1655509651205393304 55
1655509652206521014 55
1655509653207666896 51
1655509654208789137 55
1655509655209906665 50
1655509656211034715 53
1655509657212162994 55
1655509658213300190 55
1655509659214425684 55
1655509660215553354 51
1655509661216674723 53
1655509662217805334 52
1655509663218939726 53
1655509664220061798 55
1655509665221185135 55
1655509666222309473 55
1655509667223435908 51
1655509668224559290 50
1655509669225683368 34
1655509670226815313 0