1655523886347427295 0
1655523887348586837 0
1655523888349709131 0
1655523889350835174 0
1655523890351959591 0
1655523891353084840 0
1655523892354226389 0
1655523893355337424 0
1655523894356471007 0
1655523895357603336 13
1655523896358728258 21
1655523897359849009 78
1655523898360960533 78
1655523899362062112 73
1655523900363188899 69
1655523901364311495 50
1655523902365436677 55
1655523903366519965 85
1655523904367640701 81
1655523905368765021 81
1655523906369885774 86
1655523907371008573 86
1655523908372126201 84
1655523909373246773 85
1655523910374330908 86
1655523911375456115 80
1655523912376581096 85
1655523913377699550 84
1655523914378822854 79
1655523915379947039 82
1655523916381070788 80
1655523917382196652 59
1655523918383336180 77
1655523919384460475 96
1655523920385581295 92
1655523921386701426 96
1655523922387828585 91
1655523923388949503 90
1655523924390078621 90
1655523925390309034 90
1655523926391435895 92
1655523927392553555 89
1655523928393688464 90
1655523929394815109 91
1655523930395943472 94
1655523931397071243 92
1655523932398195646 90
1655523933399344847 94
1655523934400473750 97
1655523935401594398 96
1655523936402716727 97
1655523937403841537 92
1655523938404962688 89
1655523939406087031 89
1655523940407206783 84
1655523941408328601 93
1655523942409448168 98
1655523943410571758 101
1655523944411695371 95
1655523945412817150 84
1655523946413938147 81
1655523947415055371 86
1655523948416177528 89
1655523949417295437 92
1655523950418417826 98
1655523951419536244 99
1655523952420653991 93
1655523953421770298 92
1655523954422896929 94
1655523955424020741 91
1655523956425145102 95
1655523957426272706 93
1655523958427404343 92
1655523959428526518 92
1655523960429651095 93
1655523961430775179 95
1655523962431898799 93
1655523963433022240 89
1655523964434147926 87
1655523965435268043 88
1655523966436386771 90
1655523967437509325 95
1655523968438630454 91
1655523969439751346 90
1655523970440874593 91
1655523971441999213 95
1655523972443121271 92
1655523973444243304 97
1655523974445369669 94
1655523975446487345 92
1655523976447608593 93
1655523977448729466 92
1655523978449854371 94
1655523979450976348 95
1655523980452095690 94
1655523981453214077 90
1655523982454322751 88
1655523983455427928 88
1655523984456522302 92
1655523985457650259 78