1655509812525851570 0
1655509813527021998 0
1655509814528155840 0
1655509815529286816 0
1655509816530409997 0
1655509817531535309 0
1655509818532659094 0
1655509819533783939 0
1655509820534908978 0
1655509821536031958 20
1655509822537157140 34
1655509823538290263 62
1655509824539412547 89
1655509825540539288 68
1655509826541676470 85
1655509827542839314 73
1655509828543979731 54
1655509829545107680 89
1655509830546233785 68
1655509831547367950 52
1655509832548492670 87
1655509833549620269 63
1655509834550748004 64
1655509835551871067 43
1655509836552996619 92
1655509837554121253 88
1655509838555216850 87
1655509839556323441 86
1655509840557435140 85
1655509841558541944 83
1655509842559667927 85
1655509843560768153 87
1655509844561865136 82
1655509845562996303 88
1655509846564110957 85
1655509847565204574 86
1655509848566343504 84
1655509849567465815 85
1655509850568587875 85
1655509851569713226 83
1655509852570798487 78
1655509853571919776 83
1655509854573043500 80
1655509855574169515 57
1655509856575293087 52
1655509857576418207 42
1655509858577504682 104
1655509859578636568 97
1655509860579748755 103
1655509861580870672 103
1655509862581990358 101
1655509863582649352 101
1655509864583770863 101
1655509865584894526 102
1655509866586015173 103
1655509867586651343 100
1655509868587771442 102
1655509869588910216 102
1655509870589440952 102
1655509871590590952 102
1655509872591719008 100
1655509873592847263 102
1655509874593977180 99
1655509875595097917 102
1655509876596224694 101
1655509877597351991 101
1655509878598483210 101
1655509879599603963 102
1655509880600723255 102
1655509881601838508 101
1655509882602965775 102
1655509883604098783 102
1655509884605222303 100
1655509885606338327 101
1655509886607454345 102
1655509887608575929 101
1655509888609698448 100
1655509889610814522 101
1655509890611936647 101
1655509891613058452 101
1655509892614180607 100
1655509893615314395 102
1655509894616438325 102
1655509895617561508 101
1655509896618676615 101
1655509897619792752 101
1655509898620916002 102
1655509899622039151 101
1655509900623161756 102
1655509901624282814 100
1655509902625367228 102
1655509903626490468 101
1655509904627615603 101
1655509905628741539 101
1655509906629864134 102
1655509907630979982 100
1655509908632094558 102
1655509909633212571 101
1655509910634303503 102
1655509911635427904 73