1654667449617914524 9678290
1654667450431936065 6080904
1654667451926117243 1288631
1654667453539344690 4114955
1654667453927666099 1827027
1654667455611183217 1400725
1654667457343516410 1316794
1654667457818774355 2692326
1654667458052871653 3256821
1654667458304743865 5122306
1654667460467725112 1139935
1654667461821333964 3931416
1654667464136604756 7968196
1654667465455332522 1113091
1654667465910191475 1851941
1654667467229015525 1118192
1654667467501556501 6936984
1654667469041500183 1331038
1654667470634402701 1315913
1654667470919978945 7605313
1654667471413959897 1965729
1654667472049646850 3181380
1654667472728142664 2996249
1654667473417128049 4822054
1654667474741045280 1102872
1654667475646176350 4358059
1654667476610980445 1872080
1654667477318873301 4929119
1654667479852478921 2008194
1654667481424946862 1308378
1654667484028678650 7588608
1654667485547031491 1193553
1654667489042213938 7939018
1654667489538387914 2145252
1654667491154235913 1333487
1654667491752281855 3260470
1654667492616385131 7526800
1654667493142788447 2992771
1654667500636993998 7226637
1654667502537732867 1690884
1654667503943846883 1103818
1654667504339699041 1858299
1654667507030699437 8560153
1654667507419005958 1828593
1654667508916369273 1280073
1654667511732942453 3998592
1654667513741535617 1610085
1654667514210124877 1863989
1654667514636297069 1237407
1654667518040518635 3199708
1654667520932947257 5046645
1654667521425102858 2730788
1654667522944777780 5208077
1654667523422690235 1779433
1654667523837917451 2095094
1654667525234827773 1184671
1654667526481382388 1034917
1654667526829350114 1167649
1654667527132062297 9568654
1654667527524340250 1881567
1654667527916474878 1622635
1654667529266447328 1056019
1654667532580602105 3113519
1654667532789248189 7975770
1654667533606309274 1683488
1654667537132722339 3099354
1654667539241287085 1514111
