1654665995435759420 1372282
1654665995646143044 8477430
1654665995852633444 5895229
1654665996064779095 9081750
1654665996273079835 6080643
1654665996481988444 5823529
1654665996691140530 6084637
1654665996922402002 2547429
1654665997138630157 5296981
1654665997344708017 5438588
1654665997612540235 6178468
1654665997818481658 5271022
1654665998024377845 5242808
1654665998230469134 5463423
1654665998436389456 5277288
1654665998723002534 4360449
1654665998929369518 5647710
1654665999135284768 5294963
1654665999341361502 5404880
1654665999547357746 5375684
1654665999753397104 5370825
1654665999959411958 5399971
1654666000165414472 5313289
1654666000371837126 5790633
1654666000989602600 5285441
1654666001195500978 5281355
1654666001461379759 4351926
1654666001667742639 5729544
1654666001873762141 5408288
1654666002079702496 5280537
1654666002285827131 5505823
1654666002697778688 5433468
1654666003017770104 5506296
1654666003225261827 5820168
1654666003534520657 4181998
1654666003740586854 5436472
1654666003946547995 5342082
1654666004152204248 5053269
1654666004429725814 4659796
1654666004635725854 5368326
1654666005225688228 4340640
1654666005431745134 5427756
1654666005637935551 5544791
1654666006050128405 5561064
1654666006256140914 5399090
1654666006462168275 5369575
1654666006668070690 5289471
1654666006874050417 5367192
1654666007079983817 5318875
1654666007284999062 4485047
1654666007755782455 4253117
1654666008035003430 4475256
1654666008240781947 5121084
1654666008446927373 5516590
1654666008677971093 2516154
1654666008894426899 5538006
1654666009100371816 5302007
1654666009306407884 5412996
1654666009512522695 5488952
1654666009725985522 5952374
1654666009935050076 5858891
1654666010624546371 1167802
1654666010833682640 5846264
1654666011131713881 4408055
1654666011337677335 5334427
1654666011749971503 5467881
1654666012162235794 5574792
1654666012528504303 4167340
1654666012734670127 5520978
1654666012940755327 5405765
1654666013146840367 5472944
1654666013624533465 4457848
1654666013830713621 5531627
1654666014036762250 5410139
1654666014242729836 5326919
1654666014448791068 5425357
1654666014654744632 5299627
1654666014928580462 4764622
1654666015350339768 2971102
1654666015556329594 5291567
1654666015762331310 5352185
1654666015967825147 4889100
1654666016240615271 6581524
1654666016448937615 7670723
1654666016657032180 7437537
1654666016933495450 4338359
1654666017345447146 5339613
1654666017551532309 5417758
1654666017757541778 5341884
1654666018025090785 6181313
1654666018437175211 5393058
1654666018643235403 5387393
1654666018936618962 4197607
1654666019222636540 4340398
1654666019428745395 5451996
1654666019634765339 5352067
1654666019840245341 4770590
1654666020338732239 5415257
1654666020750832945 5420136
1654666020956390456 4932796
1654666021223928962 4367902
1654666021623793278 7223852
1654666021829924918 5499256
1654666022035962686 5419147
1654666022241835760 5252964
1654666022472879048 2519589
1654666022678997525 5482880
1654666023154476171 7344128
1654666023435703669 4139505
1654666023641608379 5300059
1654666024053623791 5522860
1654666024259625545 5389266
1654666024522323290 9787366
1654666024753515194 2543438
1654666024959481527 5330763
1654666025226794656 4560592
1654666025432837062 5395430
1654666025638973580 5520645
1654666026143236016 5384351
1654666026348929981 5253390
1654666026756300920 4112803
1654666027422343607 5374367
1654666027628233679 5228660
1654666027834189395 5319575
1654666028040252461 5483068
1654666028528665725 4765543
1654666028734662743 5390769
1654666029026354808 4530150
1654666029232258495 5278733
1654666029521123030 4096200
1654666029726969508 5228869
1654666029932787851 5197322
1654666030138728498 5320081
1654666030344353735 5001176
1654666030550332184 5392301
1654666030756358952 5473029
1654666030988297403 2616216
1654666031194226296 5387764
1654666031400524642 5733565
1654666031606534382 5438494
1654666031812323422 5208583
1654666032018596455 5722406
1654666032224772349 5599782
1654666032524945004 4254108
1654666032731033239 5483288
1654666032937113968 5456225
1654666033143338994 5568012
1654666033433532074 4229828
1654666033639418963 5436876
1654666033845435610 5395186
1654666034051112490 5062579
1654666034257063234 5312680
1654666034544422740 4293487
1654666034750738981 5664086
1654666034956712649 5328044
1654666035162665567 5341834
1654666035368571433 5290913
1654666035634287450 4192217
1654666035840245489 5323405
1654666036045756043 4895513
1654666036251754071 5382904
1654666036457044689 4685917
1654666036662811017 5164923
1654666036868745584 5290331
1654666037135510092 4385350
1654666037341193678 5077248
1654666037547291022 5473235
1654666037752911756 4994800
1654666037959412070 5778834
1654666038370822159 5386894
1654666038576668184 5293326
1654666038843314355 4495894
1654666039128801509 4184175
1654666039334977911 5566583
1654666039540582491 4990275
1654666039746581042 5368799
1654666039952496159 5298757
1654666040158579655 5456788
1654666040364652356 5449490
1654666040570542094 5225813
1654666041042053724 5350456
1654666041251105451 8448183
1654666041530983846 4957475
1654666041833296030 4410601
1654666042039347024 5390863
1654666042244757400 4759981
1654666042526973763 5297132
1654666042732851453 5223305
1654666042938836598 5368576
1654666043354352021 4479403
1654666043560580450 5545210
1654666043769430416 8198255
1654666043977829179 7746704
1654666044187012371 8527254
1654666044395978405 5829429
1654666044813794832 8511667
1654666045023081526 8649337
1654666045231897827 5712809
1654666045440889816 5908956
1654666045649672165 5660205
1654666045857715425 5631762
1654666046089063198 2548559
1654666046295176873 5480744
1654666046501103828 5277506
1654666046708462533 6787123
1654666047232356607 3996799
1654666047439487345 6020617
1654666047648359087 5925463
1654666047879738777 2548449
1654666048085915371 5554328
1654666048557375088 4732730
1654666048763476494 5475911
1654666049175502976 5426444
1654666049381378295 5327563
1654666049587311799 5372498
1654666049793221790 5272674
1654666050060075699 4195646
1654666050335318343 4431440
1654666050541033470 5099307
1654666050828907174 4302476
1654666051034819647 5269083
1654666051240751344 5291564
1654666051525585011 5103575
1654666051833226210 4537246
1654666052039430368 5552784
1654666052631587019 4897649
1654666052837702192 5464051
1654666053043641190 5325414
1654666053249581796 5323803
1654666053455415930 5179230
1654666053733487499 4967310
1654666054230469330 5298877
1654666054436457834 5369982
1654666054642421593 5383197
1654666055054041593 5116281
1654666055465861006 5339455
1654666055903202333 5426347
1654666056108824354 5019535
1654666056426731242 5156364
1654666056632797510 5396527
1654666056932520797 4078585
1654666057138524773 5369072
1654666057343939601 4813971
1654666057550110323 5558771
1654666057827528770 5010476
1654666058033752059 5592384
1654666058325363468 4208220
1654666058531383647 5412354
1654666058737442433 5390369
1654666058943426545 5364569
1654666059149406696 5371820
1654666059355065613 5104464
1654666059561047084 5367376
1654666059767003389 5342483
1654666060426844911 6982276
1654666060636184776 8616799
1654666060844479653 7643484
1654666061053592098 8471205
1654666061262526995 5687736
1654666061679903854 5737695
1654666061888987956 5928108
1654666062097672148 5599953
1654666062329092086 3079900
1654666062825758155 4301650
1654666063031938342 5539728
1654666063237986430 5400680
1654666063444018024 5392789
1654666063677762029 3033537
1654666063889056999 5369248
1654666064095263029 5580095
1654666064301377393 5425339
1654666064507436440 5432415
1654666064713245852 5199327
1654666064919236153 5369386
1654666065226158008 4394496
1654666065531980894 3994650
1654666065749335282 1598983
1654666065958420427 5861969
1654666066167623009 5984054
1654666066585652923 5859426
1654666066794522000 5686277
1654666067003316047 5883116
1654666067212037876 8103051
1654666067661196421 5404810
1654666068073193342 5461337
1654666068279134465 5284413
1654666068545052670 4224834
1654666068956627224 5177025
1654666069162526998 5260719
1654666069368439999 5443870
1654666069633871422 4143964
1654666069926948821 4339875
1654666070132532320 4985139
1654666070338441405 5295750
1654666070544642067 5499343
1654666070750664335 5374022
1654666070956697263 5356559
1654666071163484857 6022904
1654666071446189748 4354105
1654666071652062072 5253341
1654666071857999192 5264408
1654666072063999240 5384431
1654666072518517275 4686766
1654666072724840842 5645216
1654666072934262586 5838177
1654666073143520759 6112438
1654666073352781000 6294934
1654666073560645188 5658643
1654666073769520578 8215569
1654666073995560042 2540192
1654666074206681928 5311063
1654666074522612154 4740286
1654666074729924604 5881352
1654666075224503289 5675203
1654666075531937124 4174436
1654666075737825035 5284258
1654666075969257333 2555045
1654666076175227514 5344150
1654666076381185382 5333377
1654666076587201459 5395148
1654666076792987743 5201897
1654666076998945123 5336081
1654666077204503425 4930076
1654666077752287582 4223306
1654666077958259189 5358633
1654666078226023386 4629861
1654666078431983974 5356498
1654666078727160453 4590301
1654666078933008390 5267619
1654666079229903891 4343287
1654666079664375597 7333827
1654666079937301627 4391071
1654666080143421872 5474831
1654666080421498883 7215264
1654666080738967261 4450447
1654666081029260982 4264201
1654666081235278743 5412524
1654666081525726550 4256553
1654666081732072854 5741186
1654666082034448958 4247702
1654666082240357435 5267204
1654666082446671502 5640379
1654666082652649215 5352891
1654666082858632114 5338056
1654666083270580117 5304553
1654666083476587026 5359935
1654666083741650694 4204606
1654666084028452758 5014549
1654666084234409341 5344074
1654666084439866592 4853450
1654666084645413814 5090883
1654666085057268399 5454636
