1654668457223370607 4644161
1654668461023610690 3591544
1654668464840069847 1529523
1654668465423113746 2784412
1654668480975463654 1534079
1654668481522052524 3459941
1654668484783014271 3044009
1654668485081504736 9793816
1654668486510890216 1183495
1654668487177155137 4250967
1654668487439485635 6191725
1654668488679581096 1039444
1654668489086667990 1724800
1654668489386010851 9870104
1654668490731599391 1111684
1654668530047297404 3171910
1654668530925959367 6023325
1654668534264462442 3129527
1654668535834316674 1323831
1654668537352153060 1293514
1654668537729861343 1770780
1654668538118495299 9216895
1654668545757154068 7420726
1654668546118007663 9055009
1654668546522607738 2010921
1654668546833935239 1054256
