1654666455113407962 1949762
1654666455420043562 1012182
1654666456092555750 1831355
1654666456635311840 2224685
1654666457330824630 4273558
1654666457823024144 2303673
1654666458193758142 1638949
1654666458722944096 2185639
1654666459393392587 4664280
1654666459708402380 1050228
1654666461494320239 5930135
1654666462107051533 2822055
1654666462593662129 2824304
1654666464710713109 4934171
1654666465928630244 1005183
1654666466399345993 2648884
1654666467131014571 5272469
1654666469097122843 3733398
1654666469634563280 3301878
1654666470335189915 4234426
1654666472413735647 6787706
1654666473617491486 2195796
1654666473892582916 6957844
1654666474329174776 2076556
1654666474717340397 1875331
1654666476397874074 6040942
1654666477015231833 3132411
1654666477396621075 1665521
1654666477692954625 9197551
1654666478018439588 1147362
1654666478403716432 1767163
1654666478821975595 2123747
1654666479031154834 5994754
1654666479338654504 1042843
1654666481995204756 2823022
1654666482417129165 2194333
1654666483124032640 3285443
1654666484292563979 8946667
1654666486120503171 5174996
1654666486813117606 4174393
1654666487737363742 4342520
1654666488128655601 1140444
1654666489117390423 6140989
1654666491008133563 2804990
1654666491309783870 1010991
1654666492111084425 4855514
1654666493619852285 8738355
1654666494199307640 2839196
1654666494615259787 2090811
1654666495038824921 2075276
1654666495792629011 4850572
1654666496400577245 3901917
1654666497010595046 1178135
1654666497514240746 2780922
1654666498292764667 3898576
1654666498613196023 1059599
1654666499292576882 3833017
1654666500004463491 5064222
1654666500493489589 2688548
1654666500928325117 2265557
1654666501511301956 3131391
1654666501920741630 1906199
1654666502993563309 7008288
1654666503221878204 2760621
1654666503614444058 1207973
1654666504104492266 2856987
1654666504528777063 1332798
1654666505223825896 4247938
1654666505503008280 7407379
1654666505906366326 1910456
1654666506399198431 1853976
1654666507620895833 1016861
1654666508216194233 3883662
1654666509994851188 3730845
1654666510409105605 1940204
1654666510934094950 1286292
1654666511692577369 3998560
1654666512713874768 7868517
1654666514120939329 4127375
1654666514995076642 5622374
1654666515504855048 1879528
1654666517198402151 4673366
1654666517610428737 1760776
1654666518799008292 1782173
1654666519128598835 1177702
1654666519998061789 3051174
1654666520316338879 1176343
1654666520553458333 3649763
1654666520828218598 2907172
1654666521307095994 1953816
1654666522424765914 1977417
1654666522924368426 1933574
1654666523212731025 8437516
1654666523919617542 4860836
1654666524703972179 3784598
1654666526404311756 2107298
1654666526692772892 7188302
1654666527103964322 2078490
1654666527405544772 9250816
1654666528627861340 1972429
1654666528919169699 8976236
1654666529515575812 3824014
1654666532097935758 4927208
1654666534121375834 3165275
1654666534520932253 1020198
1654666535037517925 3035618
1654666535501883194 2091552
1654666536095633562 2925104
1654666536409619161 8514592
1654666538016011781 4233382
1654666539303102969 2881928
1654666539726237117 1934029
1654666540505650460 5048468
1654666541008038742 2775750
1654666542997749740 4659791
1654666543331749143 1202852
1654666544010546919 1950929
1654666544522520753 3071717
