1654666109742103373 9302875
1654666110049399927 5352003
1654666110255198774 5222758
1654666110461293224 5509141
1654666110712308467 5048426
1654666111334773326 1625803
1654666111656611710 1005454
1654666111862830057 5565630
1654666112068899583 5457328
1654666112274778491 5176751
1654666112480735234 5342396
1654666112686538457 5179757
1654666112892452782 5313808
1654666113098304563 5224683
1654666113304165831 5304241
1654666113510316440 5599538
1654666113716201204 5371774
1654666113922105826 5351795
1654666114312484361 5531001
1654666114532127912 1302710
1654666114742852026 1009175
1654666114971717673 2824513
1654666115242848956 4072229
1654666115448788994 5326462
1654666115810117244 1605797
1654666116031672696 5346273
1654666116237670582 5447870
1654666116742184508 5463658
1654666117110331352 7085134
1654666117316260023 5324473
1654666117522320954 5517765
1654666117738123480 8829969
1654666117952087601 6036757
1654666118164650448 1177417
1654666118442277404 4084458
1654666118648384081 5468507
1654666118854327750 5341233
1654666119060183442 5217736
1654666119351495794 8352705
1654666119557651893 5511938
1654666119845021181 4660884
1654666120051133996 5433678
1654666120257039906 5301003
1654666120463017324 5475961
1654666120668866929 5194154
1654666120874627988 5134639
1654666121211168486 1007845
1654666121752685677 1222997
1654666121958381105 4966516
1654666122533178987 9223295
1654666122813077920 7403362
1654666123232721400 8504987
1654666123438863529 5472906
1654666123644923842 5488077
1654666123911222930 6061639
1654666124116903318 5103342
1654666124322853709 5411958
1654666124529380902 5944442
1654666124738675371 7668482
1654666124947197610 5065816
1654666125328129032 8197191
1654666125537967841 9170499
1654666125769391686 2551527
1654666125985852449 5408564
1654666126191730065 5235290
1654666126442516477 3200275
1654666126668567273 2542977
1654666126874483689 5270333
1654666127321609097 1111572
1654666127527538074 5276994
1654666127733662780 5473778
1654666127939801113 5497711
1654666128145877009 5454616
1654666128351903666 5378644
1654666128558028362 5508098
1654666128852006739 4376831
1654666129137665379 4306996
1654666129429710098 4279617
1654666129635683885 5362881
1654666129841727621 5384540
1654666130047587831 5192050
1654666130253687218 5433391
1654666130665706889 5321508
1654666131118669661 5027125
1654666131326354070 5550751
1654666131539490428 9536223
1654666132434916363 5959283
1654666132728748476 1837525
1654666132972739042 4340810
1654666133178868187 5408807
1654666133384587314 5121154
1654666133590558953 5341508
1654666133859871868 4647807
1654666134323492005 1294085
1654666134531453140 7355053
1654666134740948563 8823625
1654666135187343468 5163846
1654666135393290450 5294374
1654666135946237520 2000524
1654666136155294452 5652238
1654666136364718484 6192236
1654666136572794469 5780107
1654666136808528320 3502411
1654666137024996158 5537085
1654666137519130892 1051003
1654666137835072023 5246970
1654666138539282711 5461938
1654666138745392902 5458632
1654666138951302246 5245677
1654666139157364937 5371583
1654666139363433983 5438962
1654666139653956774 4350776
1654666140124746556 4523504
1654666140330635118 5259986
1654666140536448476 5165177
1654666140743651163 5458509
1654666141120064820 1664059
1654666141347631221 2616299
1654666141622484936 6901581
1654666141828769421 5604654
1654666142240867792 5302266
1654666142446867027 5325764
1654666142748502388 4385045
1654666142954473666 5312322
1654666143178745106 2067307
1654666143384689815 5401749
1654666143651142684 4220396
1654666143857246717 5608810
1654666144062880073 5059623
1654666144268751265 5284992
1654666144474563191 5163540
1654666144745936607 4682939
1654666144953243443 5953989
1654666145162225225 5860070
1654666145944015622 6182034
1654666146183366964 3364209
1654666146389290372 5289532
1654666146595333731 5393399
1654666146801339563 5388383
1654666147007261213 5344105
1654666147213156957 5274420
1654666147418669603 5063553
1654666147624555354 5244704
1654666147830395517 5215019
1654666148036233972 5188140
1654666148242241090 5349058
1654666148448122643 5228421
1654666148836981581 7573696
1654666149083062914 4301191
1654666149289087562 5409146
1654666149494822616 5153948
1654666149700785108 5304612
1654666149906624008 5215979
1654666150717934892 9758406
1654666151253363516 9047430
1654666151864929396 7387763
1654666152074156554 8543008
1654666152283230181 5773474
1654666152537744286 2719646
1654666152749499977 8719369
1654666152961793539 1162417
1654666153921947278 1792216
1654666154226523584 8885940
1654666154432444239 5359439
1654666154844331932 5325590
1654666155050553022 5202622
1654666155258047132 6464272
1654666155489996790 2616190
1654666155695826992 5223515
1654666156622503015 5416249
1654666157020803088 6511865
1654666157232573179 1025384
1654666157445831558 7747606
1654666157658643315 7571297
1654666157915573761 4681644
1654666158121793553 5664336
1654666158327786323 5448950
1654666158533921427 5591571
1654666158739877218 5461700
1654666158945539082 5138196
1654666159421810550 5146010
1654666159630741010 5781537
1654666159930954949 4319446
1654666160147537154 1589674
1654666160353672817 5523581
1654666160559531944 5258492
1654666160765787214 5610865
1654666160972029190 5593814
1654666161221539368 4356759
1654666161427556268 5411304
1654666161633658282 5458459
1654666161839764006 5504951
1654666162052962019 7349185
1654666162263917854 9231996
1654666162544622950 4327866
1654666162770696877 2014841
1654666163182586500 5214103
1654666163388134585 4954641
1654666163594036164 5286872
1654666163799877816 5193274
1654666164005981724 5454852
1654666164352151074 3025182
1654666164622649871 4681239
1654666164828686882 5415637
1654666165134502821 5016418
1654666165346248990 6134357
1654666165644488424 4235032
1654666165850444988 5300323
1654666166056433266 5336182
1654666166322113234 4685197
1654666166639638333 4822108
1654666167139149554 6150901
1654666167349531652 7225766
1654666167592835945 3676978
1654666167798951894 5463795
1654666168004676040 5096246
1654666168210442230 5068103
1654666168416416012 5357792
1654666168647507380 2530418
1654666168865879236 5507715
1654666169142103067 3173936
1654666169354739732 9488547
1654666169584451944 2924427
1654666169934114436 4485630
1654666170159700864 1983082
1654666170725021887 4773212
1654666170930959774 5310429
1654666171137074724 5477302
1654666171342905149 5198452
1654666171548859966 5324049
1654666171754834679 5290442
1654666171960817410 5326538
1654666172166696622 5176699
1654666172372686759 5274510
1654666172642795504 6823529
1654666172910223386 6164623
1654666173121427248 5411961
1654666173327470079 5383233
1654666173552048229 2065398
1654666173823547269 5462171
1654666174029534083 5362752
1654666174540937433 6867253
1654666174763287991 2099951
1654666174975074063 5386313
1654666175310331455 7251376
1654666175521501078 5291917
1654666175727386215 5236913
1654666176020710927 4433085
1654666176226745974 5355740
1654666176535285812 1017847
1654666176757901419 2008896
1654666176993034806 2936776
1654666177219833784 2614282
1654666177425613198 5184216
1654666177631591835 5337514
1654666177931365461 8453322
1654666178137452755 5444358
1654666178343670887 5581495
1654666178549075001 4811978
1654666178824199797 4848299
1654666179030233758 5377097
1654666179236194641 5356003
1654666179442123967 5313309
1654666179648230108 5485832
1654666179854230623 5336897
1654666180060245663 5386405
1654666180296265007 3020064
1654666180502224624 5317232
1654666180708391959 5533217
1654666180914355678 5262710
1654666181120406420 5368904
1654666181532210328 5374743
1654666181738335774 5438017
1654666181944333087 5330957
1654666182233767855 8361210
1654666182439847317 5443724
1654666182679608700 3644171
1654666182955810121 8245586
1654666183165708386 9237702
1654666183628520316 1046894
1654666183840573668 1144586
1654666184135443152 7741901
1654666184346906302 8242015
1654666184556659486 9160192
1654666184767245252 9170872
1654666185043290588 4274859
1654666185249044155 5232571
1654666185735711873 5537355
1654666185941653763 5336190
1654666186315758508 1616007
1654666186521821607 5385821
1654666186727911372 5453170
1654666186943839021 9245015
1654666187153387022 8919301
1654666187362236202 5993509
1654666187571303435 5915862
1654666187780254460 5878747
1654666188014542833 3366391
1654666188223445072 5672642
1654666188454406671 2514771
1654666188665762463 5532225
1654666188872173394 5748045
1654666189136227610 4307772
1654666189548193645 5537846
1654666189754104245 5291060
1654666189960174172 5416941
1654666190226947379 4502155
1654666190621659580 1053623
1654666190837954604 5331102
1654666191123901082 5295761
1654666191647505945 5265906
1654666191886416911 3325437
1654666192113255174 2625479
1654666192319309810 5512652
1654666193524537799 7174403
1654666193733449854 8171228
1654666193945517664 1125086
1654666194180478755 3205043
1654666194436390271 2585436
1654666194660030107 5643900
1654666194867949117 5700724
1654666195098901848 2527912
1654666195304901529 5343829
1654666195510271968 4769427
1654666195716241587 5359833
1654666196210365279 1630919
1654666196416248972 5278406
1654666196622358511 5489852
1654666196828272358 5287408
1654666197034089856 5178978
1654666197239766925 5050000
1654666197849561060 5538442
1654666198059704746 6579755
1654666198342989763 7741540
1654666198569529164 2596570
1654666198830525870 2005242
1654666199119256310 6934363
1654666199610415168 2596918
