1654666847796517859 2350148
1654666849311239284 2768380
1654666849935478268 2870964
1654666850727636755 2841635
1654666851646295164 7035698
1654666852029142302 1081002
1654666852943109403 2091905
1654666854313949099 1166256
1654666854628404972 1074428
1654666854944105001 1134341
1654666855552242552 1315094
1654666856025074452 2033319
1654666857725162847 1291391
1654666858045010502 1921127
1654666859339689040 2293157
1654666859638887330 9851368
1654666860251303291 4005320
1654666860817763530 2923909
1654666862713580368 8739687
1654666863023120574 1039131
1654666863254889677 2127089
1654666870947827830 7492288
1654666871649149048 8688527
1654666872042295670 1207483
1654666872944931793 1957028
1654666873334326419 1886488
1654666873946315873 4041297
1654666875415349866 8200484
1654666875810968884 1797131
1654666876216499949 1851008
1654666876716128674 2613781
1654666877238482652 1127687
1654666877502363822 6324400
1654666878010397674 2819796
1654666878443015631 2136483
1654666878846376567 1360448
1654666879228583604 1761256
1654666879558935037 1272311
1654666879940665161 1728192
1654666880200597341 4723575
1654666880852356261 3404439
1654666881144000828 2798947
1654666881734442207 3239687
1654666882125055066 1816749
1654666882511554027 1828474
1654666882930250936 6568752
1654666884315864548 1175734
1654666885311300272 4008777
1654666886742771919 2262910
1654666887228705315 2770011
1654666888211205800 2913362
1654666888520306045 1053141
1654666889610336778 1591864
1654666890333723767 2117260
1654666890910377235 3707071
1654666893032137860 1786872
1654666893727433686 4168957
1654666895538205421 1606676
1654666896212173748 2762124
1654666896522100911 1050372
1654666897028886246 2094623
1654666897642720342 3248916
1654666898347725917 4087348
1654666899037450475 3268459
1654666899826101476 4869554
1654666900435548176 2909555
1654666900927606542 2673956
1654666901318326552 1071062
1654666901616834661 9584146
1654666902015876407 1789462
1654666905679661207 3040943
1654666907548782585 1106168
1654666907911270905 1010628
1654666908314827181 9684650
1654666908722479577 7580382
1654666909125094018 1915010
1654666909433391110 1027088
1654666910447514114 6210722
1654666912618293902 6897750
1654666914216569079 1279474
1654666916649036527 5355728
1654666917324605843 3847995
1654666917918740860 3936121
1654666918951989753 2382959
1654666920644271887 1304168
1654666921743707922 7330705
1654666922445303643 2185436
1654666922752889623 1018547
1654666923095669311 5421148
1654666924542133770 1245787
1654666925018569683 2080295
1654666925242106908 2282194
1654666925582082857 1383415
1654666926515814505 7007956
1654666927054658564 3273841
1654666927348448319 3498223
1654666927740423196 1060296
1654666928315784053 3649050
1654666929834824489 2834829
1654666930232119697 1214579
1654666930839530126 3205908
1654666931432222910 3014538
1654666932234255804 1827674
1654666933049616302 1049344
1654666935021053141 2777293
1654666936238054062 4218203
1654666937865396206 1391971
