1654666224592474151 1661412
1654666224833917385 4079011
1654666225310326016 1934558
1654666225614521890 9951098
1654666226812933643 1268900
1654666227341096640 3193510
1654666227698585182 5412152
1654666228006749831 9729843
1654666228217071437 6267998
1654666228432461372 9899294
1654666228644475417 7354436
1654666228899706524 4690628
1654666229327261992 4928389
1654666229573528698 4052643
1654666230226172717 1200053
1654666230506867422 5342738
1654666230949893031 5010624
1654666231155946101 5527626
1654666231622131247 2187983
1654666232210364852 2115247
1654666232503854650 9105872
1654666232798548077 8785299
1654666233004617933 5463561
1654666233329312866 1151673
1654666233700093321 4685499
1654666234316091627 8247141
1654666234705556422 1762586
1654666235331204108 3006744
1654666235723900445 2339777
1654666235929991636 5388955
1654666236322838955 1859657
1654666236722491369 1825264
1654666236958910537 3577197
1654666237229615853 3147183
1654666238010990895 8384745
1654666238830897451 1083970
1654666239198785504 1059147
1654666239427589201 2316347
1654666240401128835 6090898
1654666240717199460 9989951
1654666241700721015 6161844
1654666242023083936 1159746
1654666242422667111 4871390
1654666242636596857 9842787
1654666242922514963 8061367
1654666243134192800 8456540
1654666243344188166 7310118
1654666243550070704 5275187
1654666243800469673 4540422
1654666244006711196 5615039
1654666244918421067 8987288
1654666245923059474 1820906
1654666246132572015 8858880
1654666246425790462 9041833
1654666246814854861 7527987
1654666247024151064 6570861
1654666247235497584 8759599
1654666247496303111 5991001
1654666247948430623 5824853
1654666248520559972 8648460
1654666248726468370 5218450
1654666249196027710 6328689
1654666249634465019 5421439
1654666250621249668 8437463
1654666250921168777 8502079
1654666251127206576 5363768
1654666251333640380 5699348
1654666251715642763 6956816
1654666251928046812 1011960
1654666252141088305 6679509
1654666252538186460 4465833
1654666253015680872 5446791
1654666253230443674 8968347
1654666253439603166 8506106
1654666253648299150 8001307
1654666253864368049 1038233
1654666254109591444 4195956
1654666254595109490 2811199
1654666254834962442 2520086
1654666255120094477 6741897
1654666255705859446 9666492
1654666256430262901 9165119
1654666256636312695 5357034
1654666256854661682 1144588
1654666257192528239 9986380
1654666257414285282 1614670
1654666257634762387 5411189
1654666257840877920 5455982
1654666258330512993 2273585
1654666258536577941 5351058
1654666258912639429 1194192
1654666259510753444 8650628
1654666259819186662 1047626
1654666260927269855 1035873
1654666261193666452 5093187
1654666261401649479 5773503
1654666261817014700 1816727
1654666262110951697 8825021
1654666262526977262 2131226
1654666262739801045 1200095
1654666263033351126 4285446
1654666263392569622 1559095
1654666263598711870 5489872
1654666263804868781 5520750
1654666264199444714 1765545
1654666264411305728 1138274
1654666265109925953 5384162
1654666265832444145 5227561
1654666266042290056 9235691
1654666266251731908 8744251
1654666266692946549 2655121
1654666267008389083 1095643
1654666267236390315 2493620
1654666267445228584 8125945
1654666267742962415 2986210
1654666268915997049 1207851
1654666269331960860 2047792
1654666269819826303 2803234
1654666271393499797 8443353
1654666271602500946 8361263
1654666272092616989 8061231
1654666272321033640 2258743
1654666273309389804 1612420
1654666273604372239 6520322
1654666274307853073 1827610
1654666274516967737 6051433
1654666275492616854 8956440
1654666275821797492 1233884
1654666276030814567 8354970
1654666276297003593 6503255
1654666276601580961 8573275
1654666277003037698 1876472
1654666277330566286 9629851
1654666278116131213 2318176
1654666278321270186 4600383
1654666279398704975 1733879
1654666279810990438 5329101
1654666280016894390 5209264
1654666280401482797 1034530
1654666280727876939 1943336
1654666281115653086 1013625
1654666281323287782 7020496
1654666281642750896 1150861
1654666282531417499 6335021
1654666282896867263 6019284
1654666283209142828 1065295
1654666283417925995 8284851
1654666283667372092 4867898
1654666284404649828 1006315
1654666284701086125 7149590
1654666285097757178 1845123
1654666285493672242 1900741
1654666285905514664 7031097
1654666286525567792 4103192
1654666286893424158 9501880
1654666287593004513 4967150
1654666287819321608 1620698
1654666288030448367 9491062
1654666288332316548 3947216
1654666288820152924 1015951
1654666289026252921 5356795
1654666289232145269 5269120
1654666289608803414 4216228
1654666290095386459 2829414
1654666290301167824 5179537
1654666291018340549 1101768
1654666291532316250 5216954
1654666291798768571 6078216
1654666292195329035 1560507
1654666292432275017 3122629
1654666292657224450 2267259
1654666293001918131 5877768
1654666293211912581 9383509
1654666293421904917 9315996
1654666294630009812 2319729
1654666295404101459 2923107
1654666296128358598 5108728
1654666296529796573 3096241
1654666296928659895 2435567
1654666297235432761 4279847
1654666297502981443 1020560
1654666297799183517 8443972
1654666298005296233 5532034
1654666298620505525 1853340
1654666299000164123 1758641
1654666300222691345 1228478
1654666300452414961 2565453
1654666300943576523 5442801
1654666301149799627 5494828
1654666301394803771 4435920
1654666301605718428 7095279
1654666302903191971 5388848
1654666303318593534 9654183
1654666303703697926 1055301
1654666303936864063 2620167
1654666304227765842 4454165
1654666304433619325 5199029
1654666304728380834 3554203
1654666306398907938 1682826
1654666306693907695 8371247
1654666306943464513 4877323
1654666307304473069 1117474
1654666307795001274 7803115
1654666308122144932 1241076
1654666308420046408 8395461
1654666308628258756 7437473
1654666308922218578 9333133
1654666309298111916 1677753
1654666309904581957 3888782
1654666310857128339 1047556
1654666311338025229 4543675
1654666311627128509 8062842
1654666312005941371 1102314
1654666312211998156 5390260
1654666312417985440 5415088
1654666312693448843 7414930
1654666313513265744 2822525
1654666314293443598 7548927
