1654666339478921334 2165384
1654666339713194424 3142491
1654666340128338495 4349170
1654666340334214587 5266726
1654666340628304983 4879897
1654666340872824688 3860987
1654666341137606629 6416892
1654666341612514054 5660432
1654666341912507166 9409651
1654666342135093712 7393170
1654666342413433255 7258231
1654666343052194362 1068400
1654666343282349282 2136392
1654666343516074066 2286029
1654666343857625904 4133244
1654666344063576991 5360230
1654666344269553459 5371024
1654666344501280553 2598034
1654666344707284143 5379439
1654666344932403804 1102146
1654666345141448251 8427487
1654666345412719783 7016762
1654666345631227004 1783338
1654666346068419324 5393443
1654666346274576914 5511656
1654666346480753828 5526660
1654666346686713783 5312285
1654666346892227002 4917981
1654666347364283918 4034910
1654666347570472307 5548923
1654666347776406047 5296131
1654666348188403529 5291468
1654666348630492693 5563646
1654666348839683304 5940021
1654666349048174492 5474336
1654666349343815536 4235639
1654666349628616197 4740076
1654666350134616179 5693782
1654666350449925240 4669764
1654666350656090643 5626289
1654666350887070983 2533352
1654666351093120352 5467144
1654666351299109109 5443165
1654666351567976162 4459717
1654666351773986715 5480664
1654666351980001864 5435505
1654666352232625162 4691300
1654666352658017946 1619481
1654666352864235081 5645402
1654666353141528058 2350385
1654666353352587433 9420856
1654666353580571231 2502143
1654666353833244597 2071831
1654666354046064870 9687790
1654666354287669762 3409201
1654666354496034330 7685074
1654666354928997083 1639351
1654666355140909784 1127560
1654666355615227917 9393513
1654666355821679818 5600767
1654666356321000463 4078602
1654666356542999374 1942044
1654666356917969455 1052354
1654666357127745246 9187270
1654666357333575198 5292810
1654666357539463525 5345038
1654666357745445206 5475077
1654666357951266530 5398682
1654666358156820720 5104244
1654666358362912624 5422605
1654666358568832648 5234896
1654666358774811171 5346908
1654666358980445907 4998998
1654666359186403796 5315287
1654666359727694754 5107019
1654666359934855240 5796696
1654666360143983222 5979399
1654666360450019166 1262016
1654666360656021557 5402828
1654666360914729114 5169853
1654666361240161581 3978313
1654666361535982555 4155316
1654666361741882056 5262638
1654666361947699028 5205050
1654666362222084293 6869053
1654666362431617801 8898848
1654666363053700439 5735981
1654666363341288210 4273716
1654666364039172197 5627633
1654666364244745375 5026194
1654666364452462550 5770515
1654666364725713078 8091686
1654666364937322015 9187825
1654666365183094579 3683104
1654666365543901039 4382146
1654666365812459852 6281777
1654666366018339813 5301850
1654666366224163872 5238848
1654666366430004946 5297985
1654666367012448908 1758348
1654666367341101003 1202068
1654666367623723344 7687703
1654666367954395810 4253344
1654666368160470197 5423669
1654666368433544787 4143960
1654666368639560011 5378403
1654666368940466410 4333518
1654666369147418952 5880302
1654666369356085009 5646741
1654666369564177608 7485023
1654666369773191669 7533228
1654666370250698589 5351297
1654666370456597882 5353877
1654666370662451452 5325866
1654666370868412476 5381519
1654666371073922103 4911130
1654666371970377631 5409456
1654666372356230121 4308570
1654666372562298155 5425873
1654666372839728857 5644224
1654666373068345847 2025920
1654666373491725826 5488107
1654666373697628540 5352914
1654666373903643686 5441811
1654666374109666606 5527176
1654666374419938870 4218781
1654666374626000485 5586075
1654666374831974433 5409333
1654666375037863720 5350024
1654666375243991883 5580722
1654666375512543985 6789775
1654666375717837883 4796973
1654666375953323925 2980497
1654666376162217062 8369307
1654666376456794589 4231133
1654666376662906813 5515832
1654666376868949215 5382985
1654666377075014479 5454019
1654666377539992226 8357315
1654666377756827327 5792722
1654666377965470448 6069510
1654666378174357449 5725621
1654666378438740790 2335769
1654666378713381245 7399438
1654666379061093301 4908657
1654666379269481219 5841226
1654666379478197803 5632166
1654666379752485745 4487584
1654666380548900756 2299477
1654666381048455569 8287589
1654666381415612032 9769921
1654666381659870733 3835383
1654666381868442547 5803810
1654666382105381107 3121827
1654666382311356762 5353174
1654666382641523298 5889593
1654666382851162462 6604045
1654666383134820085 7816618
1654666383426272804 8557291
1654666384127793695 5672442
1654666384338318622 9380593
1654666384654246549 4290731
1654666384926712722 6681826
1654666385134685426 7253441
1654666385342938714 7634504
1654666385818802872 6361771
1654666386028773275 7740188
1654666386841280109 5140587
1654666387048724852 5743279
1654666387318085147 6435623
1654666387524035906 5318216
1654666387729968581 5319397
1654666388024842655 8728053
1654666388436657712 5255042
1654666388848307926 5180750
1654666389054296037 5371218
1654666389260133520 5220422
1654666389529384863 4607809
1654666389853728268 4717724
1654666390059768930 5487127
1654666390362989154 3040421
1654666390628400371 1580896
1654666390836315320 7289232
1654666391046360918 8547842
1654666391312552737 6560153
1654666391518583615 5486270
1654666391724310935 5183918
1654666391930277718 5369450
1654666392137316812 5757024
1654666392346363609 5905363
1654666392554279766 5671663
1654666392762399793 5820957
1654666393040836790 4892661
1654666393468155575 8687432
1654666393677077025 8274746
1654666394218831335 8588088
1654666394424846613 5422397
1654666394814749931 5715360
1654666395256976168 2528323
1654666395524694823 4576569
1654666395847662545 4089284
1654666396053747303 5542580
1654666396550388991 5367207
1654666396962135313 5271315
1654666397168045448 5354367
1654666397529781377 1172062
1654666397735810881 5476002
1654666398274678142 2807414
1654666398553244078 3978724
1654666398823471106 5334042
1654666399029536888 5414526
1654666399338977032 4291035
1654666399544887689 5236364
1654666399842948677 9120143
1654666400429197960 1961444
1654666400635252494 5408432
1654666400841358609 5457128
1654666401047601498 5584004
1654666401254229572 5453287
1654666401463893973 8982868
1654666401942345526 4193723
1654666402228318336 4779293
1654666402434414739 5477004
1654666402640606841 5530219
1654666402846719953 5444576
1654666403052804906 5350555
1654666403258837495 5396119
1654666403918487977 4211734
1654666404432143889 8100741
1654666405117475943 7079117
1654666405344185546 2530199
1654666405612487281 6767323
1654666405856228478 3783219
1654666406123613013 6681397
1654666406837343490 1556751
1654666407043379300 5361257
1654666407248948451 4959776
1654666407455075254 5520549
1654666407661049063 5355119
1654666407867097818 5401156
1654666408140558661 4397317
1654666408346515874 5392810
1654666408552591245 5459964
1654666408912603853 1488606
1654666409160159326 2572728
1654666409621443394 4484490
1654666409827318287 5228067
1654666410040918856 5581629
1654666410259182868 1114882
1654666410538190875 5182275
1654666411043568974 2713722
1654666411538346214 6394413
1654666411748606437 9623667
1654666411977647358 2840790
1654666412389511495 5379703
1654666412595433072 5219023
1654666413037686526 2514365
1654666413617069614 5494318
1654666413845731774 2792794
1654666414051847733 5454219
1654666414258276668 5339982
1654666414732185532 7032768
1654666415149408648 6153326
1654666415358466566 6963072
1654666415566179261 7096470
1654666415774113503 7327546
1654666415983111757 8380604
1654666416194815754 1113855
1654666416435989113 3516777
1654666417136243684 7558805
1654666417447255528 4216638
1654666417727101751 4981640
1654666418139182974 5377348
1654666418516743572 9117482
1654666419037486246 2979686
1654666419247983474 9810978
1654666419544098351 4291611
1654666419852730565 7493768
1654666420078675647 2531155
1654666420284637564 5303878
1654666420614408653 5943354
1654666420934031798 4684830
1654666421141134079 5501374
1654666421348321890 5506381
1654666422243715571 5885700
1654666422451987025 5981685
1654666422660047871 5927726
1654666422868149050 5942783
1654666423311034740 5198439
1654666423875039235 3900093
1654666424318692841 4337903
1654666424625693876 4680553
1654666424833493439 5926789
1654666425123973093 8456216
1654666425329941897 5398073
1654666425535845703 5251385
1654666425741678738 5212840
1654666425947403734 5086825
1654666426168673083 1543307
1654666426620543862 4863745
1654666426826291907 5116131
1654666427032509605 5510664
1654666427238350543 5213266
1654666427562719311 4060062
1654666427768567745 5197035
1654666428056885876 6423580
1654666428266060393 8550429
1654666428722004288 5406512
1654666428927855868 5213156
1654666429133746105 5261248
1654666429629901598 7423257
