1655332605063315379 0
1655332606064791057 0
1655332607065967922 0
1655332608067133298 0
1655332609068097384 0
1655332610069283891 0
1655332611070500231 0
1655332612071699961 0
1655332613072874005 0
1655332614073884958 0
1655332615075073456 3
1655332616075991843 27
1655332617077186459 36
1655332618078364125 39
1655332619079538573 39
1655332620080697736 51
1655332621081846574 21
----------------------------------------
Exception happened during processing of request from ('10.244.6.27', 38488)
Traceback (most recent call last):
  File "/usr/local/lib/python3.7/socketserver.py", line 316, in _handle_request_noblock
    self.process_request(request, client_address)
  File "/usr/local/lib/python3.7/socketserver.py", line 347, in process_request
    self.finish_request(request, client_address)
  File "/usr/local/lib/python3.7/socketserver.py", line 360, in finish_request
    self.RequestHandlerClass(request, client_address, self)
  File "/app/models/http_disk_log_app.py", line 17, in __init__
    super().__init__(request, client_address, server)
  File "/usr/local/lib/python3.7/socketserver.py", line 720, in __init__
    self.handle()
  File "/usr/local/lib/python3.7/http/server.py", line 426, in handle
    self.handle_one_request()
  File "/usr/local/lib/python3.7/http/server.py", line 414, in handle_one_request
    method()
  File "/app/models/http_disk_log_app.py", line 60, in do_POST
    self.wfile.write(bytes("written", 'utf-8'))
  File "/usr/local/lib/python3.7/socketserver.py", line 799, in write
    self._sock.sendall(b)
BrokenPipeError: [Errno 32] Broken pipe
----------------------------------------
1655332622083001217 4
1655332623084217929 0
1655332624085387434 0
1655332625086544300 0
1655332626087700122 0
1655332627088851610 0
1655332628089732329 2
1655332629090901505 18
1655332630092052886 19
1655332631093207458 18
1655332632094379479 27
1655332633095539455 36
1655332634096745072 39
1655332635097859930 26
1655332636099015677 26
1655332637100265804 18
1655332638101424487 14
1655332639102581754 0
1655332640103744338 0
1655332641104898396 0
1655332642105863243 1
1655332643107024234 14
1655332644108194997 15
1655332645109354086 23
1655332646110524467 34
1655332647111714677 43
1655332648112926879 47
1655332649114166326 41
1655332650115313938 24
1655332651116470290 27
1655332652117627032 11
1655332653118795467 0
1655332654119952331 0
1655332655121119082 0
1655332656122292907 0
1655332657123459351 0
1655332658124611756 0
1655332659125817155 0
1655332660126997739 0
1655332661128163065 0
1655332662129325167 0
1655332663129914448 0
1655332664131278195 0
1655332665132435416 0
1655332666133327519 0
1655332667134490427 0
1655332668135657629 0
1655332669136817436 0
1655332670137862078 0
1655332671138511443 0
1655332672139692830 0
1655332673140946796 0
1655332674142792260 0
1655332675143947920 0
1655332676145106492 0
1655332677145858930 0
1655332678147024640 0
1655332679148182958 0
1655332680149344194 0
1655332681150508129 0
1655332682151667508 0
1655332683152910247 0
1655332684154124362 0
1655332685155302948 0
1655332686156463672 0
1655332687157631816 0
1655332688158793644 0
1655332689159953224 0
1655332690161126385 0
1655332691162306944 0
1655332692163471448 0
1655332693164634841 0
1655332694165811859 0
1655332695166524893 0
1655332696167702841 0
1655332697168892009 0
1655332698170067890 0
1655332699171232791 0
1655332700172408558 0
1655332701173592648 0
1655332702174757547 0
1655332703175944869 0
