1655332056928410281 0
1655332057929378751 0
1655332058930541351 0
1655332059931690302 0
1655332060932844839 0
1655332061934005489 0
1655332062935151195 0
1655332063936308188 0
1655332064937466131 0
1655332065938621229 2
1655332066939765508 17
1655332067940478755 19
1655332068941647242 25
1655332069942839934 24
1655332070944008119 31
1655332071945171489 29
1655332072946333934 28
1655332073947503495 25
1655332074948667878 32
1655332075949820537 21
1655332076950974429 0
1655332077952151382 0
1655332078953330107 0
1655332079956867085 0
1655332080958595346 0
1655332081959761015 0
1655332082960953018 0
1655332083962189371 0
1655332084963348292 8
1655332085964501781 20
1655332086965663361 17
1655332087966840099 18
1655332088967265558 16
1655332089968456228 0
1655332090969116078 0
1655332091970270156 0
1655332092971427945 0
1655332093972593333 0
1655332094973768667 0
1655332095974978522 0
1655332096976134714 5
1655332097977127715 15
1655332098978272826 17
1655332099979422242 25
1655332100980584244 23
1655332101981747868 25
1655332102982899165 24
1655332103984045339 10
1655332104984945985 0
1655332105986093965 0
1655332106987237017 0
1655332107988380510 0
1655332108989525148 0
1655332109990669763 0
1655332110991821788 3
1655332111993005100 14
1655332112994207007 14
1655332113995373714 21
1655332114996554671 21
1655332115997730781 20
1655332116998911222 0
1655332118000093713 0
1655332119001120631 0
1655332120002298854 0
1655332121003489378 0
1655332122004661582 0
1655332123005843604 0
1655332124007019233 1
1655332125008173146 14
1655332126009339119 18
1655332127010505584 20
1655332128011673627 22
1655332129012838630 26
1655332130013991906 26
1655332131015160166 3
1655332132016329951 0
1655332133017502571 0
1655332134018661518 0
1655332135019856375 0
1655332136021313183 0
1655332137022482654 0
1655332138023651442 0
1655332139024821906 0
1655332140026004277 0
1655332141027181689 0
1655332142028587021 0
1655332143029752757 0
1655332144030908459 0
1655332145032062314 0
1655332146033230835 0
1655332147034398384 0
1655332148035558099 0
1655332149036723946 0
1655332150037880683 0
1655332151039059126 0
1655332152040227802 0
1655332153041396939 0
1655332154042561228 0
1655332155043726016 0
