1655506371323188892 0
1655506372324346332 0
1655506373325430995 0
1655506374326552683 0
1655506375327671960 0
1655506376328803428 0
1655506377329927354 0
1655506378331058900 0
1655506379332192317 3
1655506380333314810 58
1655506381334440473 71
1655506382335581554 80
1655506383336720374 80
1655506384337834425 75
1655506385338957692 78
1655506386340082823 80
1655506387341201865 80
1655506388342303641 71
1655506389343431891 80
1655506390344553215 80
1655506391345666832 78
1655506392346792068 75
1655506393347920929 80
1655506394349042704 80
1655506395350164009 72
1655506396351291405 79
1655506397352414462 80
1655506398353537892 80
1655506399354661592 73
1655506400355785525 80
1655506401356906208 80
1655506402358028384 75
1655506403359981864 76
1655506404361128445 80
1655506405362257796 80
1655506406363346198 74
1655506407364474736 79
1655506408365602193 80
1655506409366693743 77
1655506410367829927 75
1655506411368951783 79
1655506412370080807 78
1655506413371202050 76
1655506414372325786 79
1655506415373451977 80
1655506416374306403 80
1655506417375424129 72
1655506418376546996 79
1655506419377666690 78
1655506420378788256 77
1655506421379907717 78
1655506422381031434 80
1655506423382152610 80
1655506424383304249 74
1655506425384432437 77
1655506426385553790 78
1655506427386692497 77
1655506428387820529 78
1655506429388944382 79
1655506430390074601 79
1655506431391191389 75
1655506432392322264 79
1655506433393447810 77
1655506434394562278 79
1655506435395684747 76
1655506436396810576 79
1655506437397932490 80
1655506438398302220 75
1655506439399427424 78
1655506440400541393 78
1655506441401663578 79
1655506442402780688 75
1655506443403907243 79
1655506444405025613 80
1655506445406150795 78
1655506446407278898 75
1655506447408401514 78
1655506448409521930 79
1655506449410651397 77
1655506450411778281 78
1655506451412903122 79
1655506452414025610 79
1655506453415151843 74
1655506454416274879 78
1655506455417400412 79
1655506456418516426 78
1655506457419635194 77
1655506458420757516 79
1655506459421875648 80
1655506460422996599 74
1655506461424118352 77
1655506462425241388 80
1655506463426358608 78
1655506464427483711 76
1655506465428611395 79
1655506466429734501 80
1655506467430851466 73
1655506468431982378 78
1655506469433115639 68