1655177136956667646 0
1655177137957848148 0
1655177138958705178 0
1655177139959919989 0
1655177140961064808 0
1655177141962295710 0
1655177142963538868 0
1655177143964700570 0
1655177144965009631 0
1655177145966147362 12
1655177146967362082 50
1655177147968639609 57
1655177148969801633 60
1655177149971012273 59
1655177150972170032 59
1655177151973436675 60
1655177152974561544 56
1655177153975772685 59
1655177154976999508 58
1655177155978140118 57
1655177156979662677 60
1655177157980949639 59
1655177158981570239 59
1655177159982540990 60
1655177160983827811 53
1655177161984988741 59
1655177162986402410 58
1655177163987751932 60
1655177164988955651 60
1655177165990079391 58
1655177166991296991 60
1655177167991545713 57
1655177168992763781 56
1655177169993900254 64
1655177170994538014 78
1655177171995676844 75
1655177172997049505 79
1655177173997924056 79
1655177174998545266 76
1655177175999673115 75
1655177177000566830 80
1655177178001830058 80
1655177179002548598 80
1655177180003726948 75
1655177181004534628 79
1655177182005541339 77
1655177183006540489 78
1655177184007545589 77
1655177185008684437 78
1655177186009851020 80
1655177187011163950 79
1655177188011533121 76
1655177189012653441 76
1655177190013892092 78
1655177191015266862 79
1655177192016387953 78
1655177193017643953 78
1655177194018536894 80
1655177195019540015 76
1655177196020636615 79
1655177197021859045 74
1655177198023099337 79
1655177199024248076 78
1655177200025415546 78
1655177201026602067 78
1655177202027972886 80
1655177203028559057 78
1655177204029675738 75
1655177205030941676 77
1655177206032103959 78
1655177207032559548 80
1655177208033827738 76
1655177209034537119 80
1655177210035769629 78
1655177211036533890 79
1655177212037665851 75
1655177213038571501 76
1655177214040091372 78
1655177215041452742 78
1655177216042665473 80
1655177217043937003 78
1655177218045145253 79
1655177219045541673 77
1655177220046731194 74
1655177221047925314 78
1655177222048547664 80
1655177223049732675 78
1655177224050543275 78
1655177225051743776 79
1655177226052878796 74
1655177227054127856 77
1655177228054539008 80
1655177229055462919 78
1655177230056532730 78
1655177231057834971 77
1655177232058548120 75
1655177233059546791 79
1655177234060773211 77
1655177235061560543 80
