1655529247931651677 0
1655529248932809012 0
1655529249933924086 0
1655529250935050047 0
1655529251936173014 0
1655529252937293334 0
1655529253938417378 0
1655529254939543480 0
1655529255940667169 0
1655529256941789547 5
1655529257942920856 105
1655529258944041016 142
1655529259945157237 141
1655529260946280839 139
1655529261947406723 149
1655529262948527472 150
1655529263949641628 142
1655529264950770587 148
1655529265951890660 150
1655529266953008039 140
1655529267954130049 141
1655529268955246177 149
1655529269956366414 150
1655529270957488442 143
1655529271958616649 147
1655529272959701808 149
1655529273960786057 142
1655529274961906200 141
1655529275963031853 148
1655529276964148946 150
1655529277965271087 144
1655529278966386497 146
1655529279967511135 150
1655529280968625910 145
1655529281969755446 139
1655529282970868731 146
1655529283971991320 150
1655529284973106068 146
1655529285974229737 144
1655529286975345220 150
1655529287976461368 145
1655529288977587588 140
1655529289978703562 146
1655529290979818960 149
1655529291980931681 147
1655529292982045513 144
1655529293983168205 149
1655529294984290077 142
1655529295985407781 143
1655529296986525017 147
1655529297987661839 148
1655529298988782689 147
1655529299989899551 146
1655529300991029573 147
1655529301992146429 145
1655529302993269856 141
1655529303994395529 147
1655529304995518982 147
1655529305996632101 148
1655529306997773245 145
1655529307998898820 147
1655529309000025745 148
1655529310001145921 139
1655529311002265159 147
1655529312003387799 146
1655529313004503033 146
1655529314005632888 148
1655529315006749196 146
1655529316007867040 145
1655529317008993197 144
1655529318010119171 146
1655529319011242804 145
1655529320012366314 147
1655529321013489048 148
1655529322014613876 144
1655529323015741510 148
1655529324016858547 143
1655529325017977973 146
1655529326019113845 145
1655529327020249402 148
1655529328021372349 146
1655529329022488798 144
1655529330023617581 147
1655529331024750819 145
1655529332025868654 145
1655529333026990292 146
1655529334028114203 147
1655529335029240143 147
1655529336030357173 141
1655529337031481955 149
1655529338032599589 145
1655529339033715734 148
1655529340034828392 146
1655529341035948659 145
1655529342037069493 144
1655529343038185612 144
1655529344039305986 148
1655529345040426310 145
1655529346041539275 148
1655529347042657170 120
1655529348043786654 6