1655507079830856914 0
1655507080832019540 0
1655507081833144295 0
1655507082834274713 0
1655507083835397172 0
1655507084836523592 0
1655507085837646919 0
1655507086838774096 0
1655507087839893104 0
1655507088841023667 80
1655507089842154996 154
1655507090843277121 159
1655507091844394517 152
1655507092845513870 157
1655507093846645399 154
1655507094847747945 154
1655507095848886159 158
1655507096850007470 155
1655507097850651648 158
1655507098851759012 152
1655507099852940649 156
1655507100854083898 155
1655507101855208646 157
1655507102856331275 155
1655507103857453858 158
1655507104858541567 152
1655507105859683562 154
1655507106860802937 155
1655507107861950064 159
1655507108863071829 155
1655507109864193984 155
1655507110865318005 156
1655507111866437347 154
1655507112867524301 152
1655507113868651389 157
1655507114869767071 158
1655507115870604905 155
1655507116871728198 157
1655507117872852038 154
1655507118873979827 156
1655507119875097651 152
1655507120876222799 157
1655507121877345389 158
1655507122878464187 156
1655507123878645557 155
1655507124879760748 154
1655507125880883217 157
1655507126882004264 152
1655507127883143973 157
1655507128884245044 157
1655507129885369282 156
1655507130886484960 157
1655507131887611480 150
1655507132888735220 160
1655507133889861918 151
1655507134890991742 156
1655507135892116557 157
1655507136893213457 157
1655507137894334708 150
1655507138895457444 157
1655507139896581035 159
1655507140897700594 152
1655507141898817853 156
1655507142899936251 157
1655507143901063136 158
1655507144902186980 151
1655507145903317288 155
1655507146904447312 160
1655507147905568223 154
1655507148906641312 154
1655507149907766044 155
1655507150908887809 157
1655507151910014109 154
1655507152911139078 154
1655507153912265138 160
1655507154913380723 156
1655507155914497105 153
1655507156915601200 154
1655507157916689476 158
1655507158917780316 155
1655507159918896415 153
1655507160920022853 159
1655507161921114413 159
1655507162922238726 150
1655507163923368069 154
1655507164924494089 158
1655507165925610745 155
1655507166926728496 154
1655507167927856986 158
1655507168928987905 160
1655507169930109440 150
1655507170930607779 152
1655507171931730969 159
1655507172932850766 157
1655507173933977644 152
1655507174935105289 158
1655507175936229440 159
1655507176937354199 152
1655507177938481311 151
1655507178939611470 20
1655507179940734929 0