1655329963060393489 0
1655329964061651959 0
1655329965061831596 0
1655329966062970905 0
1655329967064133715 0
1655329968065642580 0
1655329969066781151 0
1655329970067923686 0
1655329971069062312 0
1655329972069830523 2
1655329973070990872 18
1655329974072139741 20
1655329975073296549 18
1655329976073846029 19
1655329977075003135 17
1655329978076157010 20
1655329979077311325 20
1655329980077842339 18
1655329981078994305 18
1655329982080148506 20
1655329983081295704 17
1655329984082454208 19
1655329985083625400 20
1655329986084789200 18
1655329987085872548 19
1655329988087032364 19
1655329989088196607 18
1655329990089371256 20
1655329991090524085 18
1655329992091660288 20
1655329993092824585 18
1655329994093976282 19
1655329995095128287 19
1655329996096289891 20
1655329997097443878 18
1655329998098611046 19
1655329999099779310 19
1655330000100955136 18
1655330001102140197 20
1655330002103286190 19
1655330003104434713 19
1655330004105587495 18
1655330005105873813 20
1655330006107034827 18
1655330007108188357 18
1655330008109340346 20
1655330009110539528 19
1655330010111706909 19
1655330011112862998 18
1655330012114017648 20
1655330013115166585 19
1655330014116310882 18
1655330015117477463 19
1655330016118626750 20
1655330017119772405 19
1655330018120921066 17
1655330019122075350 20
1655330020123295696 19
1655330021125053401 18
1655330022126205934 19
1655330023127354501 20
1655330024128512643 18
1655330025129681479 18
1655330026130858287 20
1655330027132088136 20
1655330028133236729 17
1655330029134410546 19
1655330030135586749 20
1655330031136765557 19
1655330032137923685 18
1655330033139079435 19
1655330034140134054 20
1655330035141331911 18
1655330036142502198 18
1655330037143677339 20
1655330038144864167 19
1655330039146028426 18
1655330040147203263 19
1655330041148365606 20
1655330042149566905 19
1655330043150803595 18
1655330044152823937 19
1655330045153910228 20
1655330046155162295 18
1655330047156333021 19
1655330048157494173 19
1655330049157836797 19
1655330050158191007 19
1655330051159344950 18
1655330052160508092 20
1655330053161661502 19
1655330054161890787 18
1655330055162200682 19
1655330056163700293 20
1655330057164873405 18
1655330058166048733 18
1655330059167248699 20
1655330060168230648 20
1655330061169402445 18
