1655526679721085897 0
1655526680722255191 0
1655526681723381472 0
1655526682724511637 0
1655526683725634878 0
1655526684726760704 0
1655526685727886379 0
1655526686729010591 0
1655526687730136974 0
1655526688732061757 28
1655526689733195172 33
1655526690734331608 55
1655526691735466325 43
1655526692736590510 46
1655526693737716360 35
1655526694738845707 85
1655526695739972463 57
1655526696741098274 73
1655526697742220553 77
1655526698743347897 79
1655526699744476531 81
1655526700745602121 79
1655526701746731093 72
1655526702747855059 84
1655526703748978225 74
1655526704750105695 110
1655526705751233095 78
1655526706752357262 79
1655526707753485073 56
1655526708754605006 93
1655526709755735670 76
1655526710756850285 73
1655526711757967510 81
1655526712759087164 89
1655526713760206831 64
1655526714761325671 120
1655526715762443077 75
1655526716763559906 94
1655526717764683256 105
1655526718765810984 87
1655526719766654073 74
1655526720767779093 71
1655526721768901575 76
1655526722770021965 107
1655526723771143985 90
1655526724772266311 70
1655526725773386770 95
1655526726774500376 55
1655526727775626218 85
1655526728776747417 107
1655526729777869143 71
1655526730779009095 96
1655526731780104514 92
1655526732781221711 48
1655526733782343626 99
1655526734782650764 71
1655526735783773429 100
1655526736784896664 93
1655526737786023504 83
1655526738787149418 82
1655526739788273793 88
1655526740789399322 81
1655526741790524256 72
1655526742791655997 55
1655526743792793653 62
1655526744793916265 85
1655526745795039719 111
1655526746796163958 84
1655526747797291199 68
1655526748798419377 90
1655526749799547427 88
1655526750800664583 87
1655526751801788017 85
1655526752802920509 88
1655526753804047842 90
1655526754805171256 88
1655526755806295571 94
1655526756807416767 87
1655526757808537073 88
1655526758809661415 89
1655526759810784309 89
1655526760811906783 87
1655526761813032063 87
1655526762814156226 85
1655526763815281396 85
1655526764816405346 104
1655526765817533669 89
1655526766818655117 93
1655526767819779447 100
1655526768820908306 76
1655526769822030337 68
1655526770822659162 106
1655526771823791622 86
1655526772824917560 94
1655526773826042195 89
1655526774827164346 81
1655526775828288832 80
1655526776829411521 87
1655526777830534872 82
1655526778831673652 90