1655183783136128139 0
1655183784137271534 0
1655183785137568117 0
1655183786138756981 0
1655183787139912034 0
1655183788141106938 0
1655183789142424323 0
1655183790143565377 0
1655183791144584971 0
1655183792145738505 0
1655183793147104308 0
1655183794148288833 0
1655183795149462626 3
1655183796150634889 6
1655183797151558864 23
1655183798152693879 59
1655183799153956322 100
1655183800155401317 130
1655183801156552610 157
1655183802157564894 170
1655183803158759998 175
1655183804160324011 174
1655183805161554737 179
1655183806162549491 176
1655183807163752225 169
1655183808165290988 175
1655183809166659733 175
1655183810167819847 176
1655183811168560151 179
1655183812169684165 177
1655183813170562189 175
1655183814171548483 172
1655183815172558256 170
1655183816173541930 176
1655183817174661304 176
1655183818175881238 175
1655183819177004910 175
1655183820178262056 179
1655183821178539469 177
1655183822179597193 167
1655183823180556557 173
1655183824181544360 178
1655183825183026426 175
1655183826183539759 177
1655183827184761613 177
1655183828185542947 178
1655183829186534210 171
1655183830187549864 174
1655183831188888268 175
1655183832189563312 177
1655183833190751595 172
1655183834192072499 175
1655183835193014723 178
1655183836194367777 177
1655183837195564111 177
1655183838196801095 172
1655183839197551358 173
1655183840198541582 177
1655183841199535256 175
1655183842200669280 173
1655183843201684294 175
1655183844202539958 177
1655183845203820792 174
1655183846204975767 177
1655183847205538130 178
1655183848206531245 177
1655183849207562389 170
1655183850208577083 172
1655183851209558267 172
1655183852210711091 178
1655183853211553036 178
1655183854212806679 177
1655183855214083743 177
1655183856214576137 180
1655183857215543651 170
1655183858216545245 171
1655183859217752339 174
1655183860218532333 176
1655183861220090436 175
1655183862221388470 176
1655183863222553174 176
1655183864223684419 178
1655183865224550712 172
1655183866225707855 175
1655183867226543160 177
1655183868227543314 176
1655183869228558957 172
1655183870228761922 176
1655183871229959985 173
1655183872230540920 176
1655183873231542673 176
1655183874232756886 175
1655183875234063600 180
1655183876234553854 175
1655183877235668308 172
1655183878236541162 172
1655183879238015516 173
1655183880238557740 179
1655183881239760503 179
1655183882240538087 173
1655183883242070992 176
1655183884242538875 177
