1655177792938605947 0
1655177793939432127 0
1655177794940165853 0
1655177795941319585 0
1655177796941569467 0
1655177797942009107 0
1655177798943177763 0
1655177799944355365 0
1655177800945539024 0
1655177801946694398 0
1655177802947569360 0
1655177803948705624 0
1655177804949952955 0
1655177805951109797 0
1655177806952275949 0
1655177807952589872 0
1655177808953749914 0
1655177809954909717 0
1655177810956059676 0
1655177811957207372 0
1655177812958383983 0
1655177813959574806 0
1655177814960747154 0
1655177815961923522 0
1655177816962883672 0
1655177817964051070 0
1655177818965231863 3
1655177819966403306 27
1655177820967707242 24
1655177821968842063 32
1655177822970462906 49
1655177823971784358 105
1655177824972904060 142
1655177825973535913 186
1655177826974778765 212
1655177827975548676 212
1655177828976533199 297
1655177829977746322 335
1655177830979024862 344
1655177831980162136 357
1655177832981784358 351
1655177833982554560 352
1655177834983597262 344
1655177835984795324 348
1655177836985561986 340
1655177837986541928 351
1655177838987774231 323
1655177839988536702 326
1655177840989558395 318
1655177842004983295 310
1655177843006340549 303
1655177844007633768 283
1655177845008532491 284
1655177846009722485 267
1655177847010538837 257
1655177848011561699 262
1655177849012546782 257
1655177850014121244 223
1655177851015623326 247
1655177852016571499 251
1655177853017585921 218
1655177854018959173 84
1655177855020541396 221
1655177856021568229 222
1655177857022549381 223
1655177858023689824 152
1655177859024563956 71
1655177860025571438 122
1655177861026545190 217
1655177862027564342 207
1655177863029230614 199
1655177864030444566 179
1655177865031683138 26
1655177866032922440 105
1655177867033570423 89
1655177868034533945 174
1655177869035538538 179
1655177870036553880 198
1655177871037541121 109
1655177872038576274 75
1655177873039611877 75
1655177874041226998 87
1655177875041552840 146
1655177876042529142 181
1655177877043892905 113
1655177878045277957 102
1655177879045535599 112
1655177880046653282 160
1655177881047559194 173
1655177882048954285 102
1655177883049575417 148
1655177884050543050 154
1655177885051539362 150
1655177886052546885 156
1655177887053558097 145
1655177888054544799 89
1655177889055579632 159
1655177890056529764 181
1655177891105014111 164
1655177892105549302 150
