1655332715137962399 0
1655332716139183008 0
1655332717140357436 0
1655332718141123776 0
1655332719142263652 0
1655332720143406603 0
1655332721144571415 0
1655332722145752222 0
1655332723146908392 0
1655332724148066275 3
1655332725148424479 33
1655332726149149758 56
1655332727150360181 99
1655332728152520239 68
1655332729153706311 117
1655332730155321716 117
1655332731157189830 102
1655332732159547052 104
1655332733160761981 90
1655332734162334444 128
1655332735164156093 137
1655332736166130463 109
1655332737167462909 116
1655332738168661937 104
1655332739169161134 132
1655332740170317453 135
1655332741171549718 93
1655332742173263403 123
1655332743174525592 141
1655332744175621246 127
1655332745176828795 146
1655332746178729737 133
1655332747179933227 87
1655332748181240916 105
1655332749182416961 100
1655332750183578122 111
1655332751184721459 104
1655332752185871086 112
1655332753187082910 107
1655332754189394196 107
1655332755190574862 131
1655332756191733825 118
1655332757192947133 107
1655332758193142755 102
1655332759194472762 86
1655332760195700988 130
1655332761196861912 135
1655332762198028046 127
1655332763199270799 109
1655332764201192512 110
1655332765202740896 124
1655332766204346494 104
1655332767205512725 107
1655332768206674031 95
1655332769207823548 135
1655332770209124016 126
1655332771210294531 123
1655332772211466511 97
1655332773212649695 143
1655332774214538972 122
1655332775215731107 108
1655332776217790977 57
1655332777218957074 88
1655332778220139481 131
1655332779221452637 94
1655332780223021984 147
1655332781224198269 104
1655332782225349116 93
1655332783226494599 103
1655332784227669403 102
1655332785228823354 113
1655332786229985010 128
1655332787231182097 135
1655332788234223698 119
1655332789235827560 97
1655332790237615156 130
1655332791238843442 147
1655332792240021964 120
1655332793241277392 89
1655332794242522671 120
1655332795243688996 135
1655332796244849668 139
1655332797245160841 86
1655332798246342326 143
1655332799247527362 100
1655332800248716927 119
1655332801250361898 100
1655332802251569478 90
1655332803252725444 85
1655332804253909518 117
1655332805255085220 110
1655332806256235231 117
1655332807257147068 129
1655332808258323518 116
1655332809259477202 102
1655332810260956782 56
1655332811262163507 118
1655332812263329110 115
