1655178277813149722 0
1655178278814156511 0
1655178279814555596 0
1655178280815642489 0
1655178281816555922 0
1655178282817706803 0
1655178283818840087 0
1655178284820148257 0
1655178285821278011 0
1655178286822477213 8
1655178287823739215 22
1655178288824542947 40
1655178289825695499 38
1655178290826924130 38
1655178291827539243 40
1655178292828825455 38
1655178293829944697 40
1655178294831149890 38
1655178295831576752 40
1655178296832780303 38
1655178297834010326 38
1655178298835376538 40
1655178299836537781 39
1655178300837704283 39
1655178301838960257 40
1655178302840026578 38
1655178303840559361 38
1655178304841547174 38
1655178305842700896 40
1655178306843834467 40
1655178307844954990 38
1655178308845561762 40
1655178309846699254 40
1655178310847913955 38
1655178311849143508 36
1655178312850319690 40
1655178313851071853 40
1655178314852249234 38
1655178315853519887 40
1655178316854549309 40
1655178317855771071 38
1655178318856974383 38
1655178319858154916 38
1655178320859380728 40
1655178321860646630 38
1655178322861973391 40
1655178323863257242 38
1655178324864524056 40
1655178325865575228 38
1655178326866540491 38
1655178327867556412 40
1655178328868559413 38
1655178329869688645 40
1655178330870759248 38
1655178331872093048 40
1655178332873371171 38
1655178333874528892 40
1655178334875737925 38
1655178335877004776 38
1655178336878139190 40
1655178337879318711 38
1655178338880214614 40
1655178339881381116 38
1655178340882549890 40
1655178341883550192 40
1655178342884689335 36
1655178343885955936 38
1655178344887541570 40
1655178345888555421 40
1655178346889866384 38
1655178347891021217 40
1655178348892167700 38
1655178349892551773 40
1655178350893686745 36
1655178351894943738 40
1655178352895623550 38
1655178353896776004 40
1655178354897533947 40
1655178355898666967 38
1655178356899545411 40
1655178357900758933 37
1655178358901559904 39
1655178359902679177 38
1655178360903839030 40
1655178361905006292 38
1655178362906305524 40
1655178363907363646 40
1655178364907630908 38
1655178365908755070 36
1655178366909974763 40
1655178367911291667 38
1655178368912468580 40
1655178369913666311 40
1655178370914847134 38
1655178371915997876 40
1655178372917386688 36
1655178373918513689 40
1655178374919754533 38
1655178375920991304 40
1655178376922249527 28
