1655063753368228506 470146384
1655063754088858042 28127164
1655063755501669871 220461730
1655063756075356832 207795480
1655063757100109174 230412244
1655063757505454733 144989018
1655063758569181622 268463497
1655063759763519641 180989140
1655063760861328504 298029663
1655063761162416855 93489704
1655063761584401430 199575020
1655063762595090677 310427256
1655063763003735095 127867263
1655063763896874783 296832499
1655063764860633885 185628190
1655063765603394925 197929465
1655063766460705749 380008219
1655063767477010074 293552580
1655063768780022608 304395704
1655063770361742142 195112523
1655063770703989732 12820479
1655063772199826087 119208717
1655063773384706363 701050636
1655063773762934430 86832387
1655063774094046985 117541202
1655063774778564250 10305398
1655063775877688879 181906078
1655063776185750752 3724535
1655063776862242370 191330233
1655063778063418060 202932027
1655063778462845836 175814514
1655063779883389940 406172607
1655063780995156516 234641063
1655063781465244205 260692094
1655063781976502832 273179104
1655063782781510290 200392957
1655063784085915759 219188445
1655063784501584993 117755131
1655063785681483510 408542545
1655063786094542080 126870371
1655063787166917258 299105623
1655063787394597088 18621372
1655063787698613146 90868292
1655063788089547677 186895163
1655063788406406836 39801848
1655063789575597983 100404032
1655063790800971814 594208991
1655063792097460184 522676504
1655063792462262462 96786912
1655063792780476289 111042389
1655063793774255594 113154519
1655063794290709480 302086424
1655063794804519421 304031413
1655063795775558733 192310479
1655063797089131516 291622519
1655063797581222827 198622942
1655063798704219648 222707120
1655063799288243775 297127377
1655063799682015745 107564949
1655063800203831542 137472491
1655063801792857724 605298490
1655063803165650055 192802841
1655063804560589501 665212157
1655063805061834724 275264214
1655063806760605483 593787196
1655063807176098643 215028353
1655063807982962525 599860029
1655063809166500829 282330405
1655063810282826661 388177516
1655063810905688236 343264625
1655063811585772742 119662520
1655063813568516625 285928788
1655063813882651252 103880338
1655063814701892342 433114325
1655063814967714431 3744664
1655063816494234423 202965450
1655063817671297149 373661596
1655063818883223067 317140781
1655063819969794127 176675203
1655063820499011623 325973807
1655063822180117282 488551197
1655063823167551963 198897977
1655063823580123636 203232025
1655063824066863432 266640847
1655063824573749675 113153659
1655063825690204217 224073129
1655063825966642626 5494982
1655063827267209030 5478686
1655063827800089987 308780546
1655063828986568658 220519099
1655063830291733989 507278622
1655063831165536508 65574093
1655063832305829020 139896375
1655063832905712534 305354683
1655063833360602968 164147766
1655063834803632790 230017506
1655063836276813014 294037510
1655063837398973577 121221701
1655063838285656893 403994193
1655063838595178570 98383011
1655063839901443117 140682222
1655063840997947089 98430821
1655063841462988354 262262955
1655063841880268078 208205272
1655063843073074214 186804810
