1655063216975750789 12523407
1655063217219976850 3763976
1655063217449892544 24322373
1655063217684761215 34488750
1655063217990435012 17590986
1655063218195802552 4843012
1655063218402477022 3943748
1655063218607912064 4084816
1655063218892011462 4006164
1655063219188358894 3997356
1655063219492111962 4444543
1655063219727055374 29326202
1655063219979659078 4188947
1655063220221676071 3748829
1655063220426288165 4208359
1655063220666350988 4041011
1655063220870752112 3978169
1655063221109901572 3912817
1655063221314673952 4359759
1655063221585671644 3801767
1655063221824998874 3941419
1655063222029969729 4522198
1655063222269283214 3888848
1655063222585933294 9982725
1655063222971783654 3794180
1655063223178514554 4953432
1655063223383720396 4824407
1655063223589352941 4390138
1655063223794693507 4764308
1655063224025212753 29365702
1655063224301619417 29617429
1655063224546304427 4650829
1655063224881060038 3635571
1655063225125044389 4027660
1655063225329566618 4119711
1655063225561418768 26282245
1655063225889506032 21270475
1655063226130862305 40898804
1655063226409138773 20709177
1655063226614787743 5057949
1655063226860109551 3893751
1655063227174362604 4456257
1655063227416075758 4322793
1655063227627816862 5871869
1655063227872059235 3827677
1655063228111549918 4048162
1655063228316191680 4096317
1655063228555967235 3763750
1655063228760621959 4220412
1655063228965927820 4918060
1655063229206282938 4413741
1655063229445558625 3771222
1655063229650016942 3962569
1655063229896954471 3917120
1655063230138140584 3875495
1655063230377774593 3972686
1655063230582056172 3869513
1655063230823729559 4242020
1655063231065233565 3861197
1655063231269492497 3869958
1655063231473786746 3860382
1655063231678116881 3884672
1655063231882519034 3990453
1655063232087069669 4123307
1655063232291880286 4408975
1655063232531071535 4004619
1655063232771822550 3916642
1655063232976487088 4250564
1655063233216408393 4155863
1655063233457256329 3977319
1655063233699307366 4008204
1655063233938797305 3942151
1655063234143096653 3861050
1655063234383029833 3803821
1655063234623223612 4088139
1655063234827602963 3962897
1655063235068083662 4066739
1655063235272700680 4172018
1655063235477663753 4574646
1655063235683127806 4990988
1655063235887782734 4240620
1655063236164599955 4074333
1655063236404409120 3977669
1655063236649282904 4471333
1655063236891044325 4072477
1655063237130304361 4005018
1655063237369294724 3820207
1655063237573863606 4063070
1655063237812861427 3903238
1655063238017446208 4145662
1655063238221871819 3992146
1655063238426867349 4422057
1655063238631400523 4040842
1655063238835911145 4104398
1655063239075763736 3902756
1655063239315686951 4329952
1655063239519963532 3864118
1655063239724832898 4449914
1655063239929525403 4285046
1655063240179904991 4305853
1655063240384243850 3921053
1655063240588768152 4122715
1655063240793264774 4125357
1655063241087212900 4291387
1655063241389870808 3548819
1655063241690828792 5501521
1655063241935367798 4105794
1655063242161971223 21125471
1655063242487266868 77622262
1655063242693888740 4839694
1655063242923785650 29382120
1655063243179618601 4499471
1655063243489703837 4015325
1655063243792800147 4428687
1655063244039508168 4136990
1655063244279823400 3825974
1655063244484503381 4149286
1655063244721425745 31410896
1655063244940541786 17350144
1655063245150127195 4019397
1655063245354640480 4115389
1655063245594530233 4008660
1655063245879655091 49584053
1655063246185381110 15029923
1655063246390205208 4340076
1655063246594579639 3982802
1655063246799605732 4614308
1655063247004330226 4332710
1655063247247945015 3768490
1655063247486700997 3693983
1655063247728040895 5420017
1655063247958077009 29463843
1655063248214471290 4057108
1655063248452203441 32210287
1655063248682104781 29317752
1655063248886689896 4123350
1655063249091422901 4224133
1655063249295666902 3825642
1655063249500204374 4130508
1655063249704674039 4069546
1655063249909861100 4735548
1655063250114268419 3975611
1655063250392191027 3882895
1655063250631850498 4008222
1655063250872202036 3771374
1655063251076769613 4091908
1655063251316746185 4013584
1655063251521147909 3972562
1655063251725630505 4013019
1655063251965297168 4144762
1655063252169680381 3861689
1655063252409079534 3822235
1655063252613583580 4045549
1655063252818036709 4067381
1655063253022891393 4448426
1655063253227220884 3966727
1655063253469250709 4007720
1655063253673926288 4126675
1655063253915241632 4004827
1655063254120312786 4567703
1655063254360799961 3791732
1655063254601567287 4015024
1655063254805982072 3870324
1655063255010849188 4214920
1655063255252081401 4072123
1655063255492855840 3891179
1655063255697432315 4142683
1655063255902222815 4347134
1655063256143440585 3778983
1655063256383124938 3709684
1655063256587864426 4301168
1655063256828623092 3960096
1655063257032942832 3843496
1655063257272323582 3866710
1655063257512587192 4113280
1655063257753745443 3904588
1655063257993762641 4011852
1655063258238832658 5463035
1655063258485069041 4809342
1655063258689630237 4165602
1655063258930782757 3958570
1655063259135416191 4234076
1655063259377227884 4505101
1655063259581631441 3986962
1655063259822022062 3797665
1655063260063917392 4384637
1655063260304133869 3736206
1655063260543443318 3764263
1655063260783958035 3901020
1655063260988943279 4394976
1655063261231742778 4572743
1655063261436146949 3939656
1655063261640867093 4417883
1655063261845431950 4182368
1655063262085121767 3857669
1655063262327773681 4584293
1655063262567630976 4323731
1655063262771999122 4042624
1655063263012597492 4098431
1655063263217126915 4130642
1655063263497863825 37009371
1655063263704903250 5077811
1655063263951446127 4125843
1655063264280949323 4461363
1655063264485986178 4579213
1655063264730127578 3735490
1655063264934735264 4264115
1655063265209307633 4730980
1655063265492027521 4317670
1655063265792172701 4030238
1655063266017560247 24698201
1655063266232294708 3986128
1655063266560584176 81181902
1655063266765469094 4519475
1655063267085069927 83771923
1655063267291194440 4182443
1655063267590769554 30201523
1655063267798320387 7152401
1655063268040648548 41855089
1655063268246245912 5216050
1655063268453015442 6533141
1655063268659494809 4523943
1655063268992493261 4090620
1655063269198617172 4225883
1655063269491572323 16977762
1655063269738643262 3738259
1655063269942805759 3804609
1655063270275555878 3881513
1655063270505567607 24385996
1655063270718372791 3994331
1655063270922702671 3948547
1655063271163377592 4147475
1655063271402958255 4136594
1655063271607521513 4084837
1655063271846969163 4064946
1655063272051088222 3707130
1655063272255414029 3940013
1655063272495372926 3934930
1655063272699675831 3824742
1655063272939709335 3700376
1655063273144252364 4135623
1655063273348580519 3915830
1655063273552942936 3934690
1655063273793546597 4027544
1655063273998075202 4047668
1655063274202307036 3784815
1655063274406553000 3777249
1655063274610818811 3878272
1655063274850161891 3794065
1655063275054311776 3784291
1655063275258231175 3555249
1655063275462493677 3915528
1655063275782202564 3743651
1655063276017414619 34447863
1655063276227674528 3933506
1655063276432380991 4294682
1655063276653257709 19031715
1655063276988604793 28123409
1655063277223659787 34535699
1655063277501269213 24643300
1655063277708405899 5341829
1655063277992196002 17972499
1655063278286900381 20816863
1655063278588808227 10276485
1655063278886688927 20121939
1655063279093671618 6457658
1655063279337974287 3818448
1655063279578639489 3844518
1655063279882120846 3893800
1655063280190086641 4085670
1655063280487685881 4086040
1655063280721450714 27804585
1655063281005834810 25174554
1655063281247468145 41139918
1655063281490233768 3653859
1655063281729247035 32513293
1655063281972932561 3926222
1655063282212853178 34383289
1655063282490258684 14207840
1655063282734266495 4404721
1655063282974092692 3935677
1655063283215414179 3879960
1655063283455481009 4485503
1655063283695997652 4095637
1655063283935966756 4427040
1655063284140631266 4233862
1655063284380109468 3813747
1655063284584583004 4018246
1655063284789211069 4220147
1655063285029683911 3806754
1655063285234424719 4303805
1655063285476310265 4188268
1655063285715526387 3967946
1655063285920081663 4129154
1655063286161564458 4021734
1655063286408907453 3797227
1655063286613455602 4047677
1655063286818137600 4211550
1655063287057077571 3806023
1655063287261230691 3727601
1655063287465559380 3931306
1655063287704785383 3763569
1655063287944827214 3990135
1655063288184884887 4094267
1655063288423936010 3764029
1655063288628165458 3772082
1655063288832482567 3910404
1655063289072287590 4204098
1655063289276849573 4055104
1655063289517117357 3710674
1655063289721563000 4017290
1655063289960576474 3886780
1655063290164952373 3981223
1655063290405109006 3740704
1655063290609666319 4114572
1655063290814063889 3962550
1655063291018588377 3985893
1655063291223117366 4107420
1655063291475964323 4049191
1655063291715716270 3814464
1655063291920267892 4123868
1655063292124531641 3840298
1655063292386515682 3677757
1655063292591581887 4605030
1655063292795935478 3927971
1655063293036193790 3892705
1655063293240695636 4012697
1655063293445087072 3996163
1655063293649467395 3975425
1655063293853724148 3840771
1655063294096183821 4050196
1655063294338212012 3816466
1655063294542651930 4001126
1655063294747061322 3972475
1655063294951573576 4072888
1655063295156084621 4064622
1655063295360387823 3848320
1655063295600005997 4008120
1655063295839504489 3980364
1655063296044024046 4123388
1655063296248593050 4103510
1655063296452952344 3951983
1655063296693192695 3824944
1655063296980082473 3873417
1655063297224370949 3904628
1655063297464076719 3822232
1655063297668559037 4003702
1655063297907739693 3929900
1655063298148467567 5240772
1655063298353761206 4824662
1655063298676981706 4214221
1655063298906736603 29366407
1655063299133443875 14701338
1655063299348598551 4033858
1655063299553133173 4158382
1655063299757371215 3842949
1655063299997569798 4142098
1655063300237108932 3800583
1655063300476592198 3887408
1655063300716009946 3791699
1655063300920233959 3795935
1655063301124464523 3799371
1655063301328956332 4077749
1655063301568249276 4151051
1655063301807933197 4004204
1655063302012592828 4219555
1655063302216788372 3797844
1655063302457328164 4119114
1655063302788016596 87564133
1655063303033500561 4177901
1655063303237599661 3709952
1655063303476942578 33759407
1655063303682381768 4955060
1655063303907088546 24313095
1655063304112194272 4690176
1655063304319849790 7369039
1655063304594005974 31043772
1655063304798885572 4427640
1655063305037895397 3711027
1655063305242580427 4195582
1655063305446699838 3696395
1655063305687019882 4120076
1655063305927317472 4048578
1655063306132108476 4294360
1655063306371073247 3788769
1655063306691184603 20963810
