1655063483178438330 91926565
1655063483492865422 108845278
1655063484183013331 106748034
1655063484460619422 74814138
1655063484881269435 79843682
1655063485260578151 164918758
1655063485610797981 3874803
1655063486192137761 6372386
1655063486589049043 116760740
1655063486909034267 39426940
1655063487566902639 180081537
1655063487814229288 5738204
1655063488482722503 5296307
1655063488866626554 178575165
1655063489273672909 79087948
1655063489502613483 23952109
1655063490069559087 89447267
1655063490674765810 95724399
1655063490906382368 25935205
1655063491571943119 8400190
1655063492368486336 171160796
1655063493071596711 97492696
1655063493590424902 118520711
1655063494065957144 265158043
1655063494382867467 75900608
1655063494595034578 4448307
1655063494979470472 179932879
1655063495566661459 173012684
1655063496060548647 168363289
1655063496281186681 19773736
1655063496701295840 3769684
1655063497085369521 171884819
1655063497671385011 5640080
1655063498389857714 29265672
1655063498660646529 69659286
1655063498865735468 4624581
1655063499180937068 99691727
1655063499590952007 130448250
1655063500075362185 261241619
1655063500367403427 81350174
1655063500877181314 5475682
1655063501660767429 184995989
1655063501866403273 4584486
1655063502503454280 24285968
1655063503178999344 83730102
1655063503466726815 83309581
1655063503903019661 33879870
1655063504202393560 34335526
1655063504596444368 4249473
1655063504865973230 51433962
1655063505197311874 127414881
1655063505760827165 99937064
1655063505986377032 20692474
1655063506560882317 359138676
1655063507062396885 200605802
1655063507778112079 187653725
1655063507982987219 4396605
1655063508369072617 97037150
1655063508574261690 4731487
1655063509399373390 21208098
1655063509637008264 36700362
1655063510475631236 186965873
1655063510680882575 4778398
1655063511265972928 63507814
1655063511880781045 285192506
1655063512260582534 75672178
1655063512801577129 107517499
1655063513267138333 175625730
1655063513508899728 28694666
1655063513801229092 39768860
1655063514005990355 4241307
1655063514210387807 4002385
1655063514991799372 97196506
1655063515293412400 100167991
1655063515898095212 231959194
1655063516104767449 4369677
1655063516587095204 7862398
1655063516876590942 77219611
1655063517372639931 293184030
1655063517583622192 9332672
1655063517805859798 6598074
1655063518600123194 204198822
1655063518968200953 4594734
1655063519290031269 113732905
1655063519494485356 3907620
1655063520064257129 82723685
1655063520394771029 127177322
1655063521005730143 199476958
1655063521292367759 31843939
1655063521589032864 5092339
1655063521896262539 96392755
1655063522269380260 168414573
1655063522474064686 4235251
1655063522966739732 177598230
1655063523297970716 31542582
1655063523542836985 3904070
1655063523886074016 98680091
1655063524394223659 32618051
1655063524984134518 7628070
1655063525375492850 185625172
1655063525623532168 4078851
1655063525862032956 37219008
1655063526160546650 94668251
1655063526784317961 302592750
1655063527194926555 15670795
1655063527471996014 74886317
1655063527676670599 4143450
1655063528178634719 91131032
1655063528497054380 36589486
1655063529165551746 70818550
1655063529680627650 81556682
1655063530083611552 183467119
1655063530381632432 95973256
1655063530587024743 5029459
1655063531291124380 120290789
1655063532003368984 41292708
1655063532392384040 131716327
1655063532802448025 39302347
1655063533680217050 176864369
1655063534089232644 6809084
1655063534770130969 69317229
1655063535005958735 29479189
1655063535216946292 5383311
1655063535567271766 89404924
1655063535778622379 4322589
1655063536078644821 63131905
1655063536461622506 80587593
1655063536786932344 26391497
1655063537298599364 224245824
1655063537683938615 163668124
1655063537906265113 4015087
1655063538484385647 5696207
1655063539266035269 199307811
1655063539799552254 282461147
1655063540008512266 6313064
1655063540298997058 33096117
1655063540535908044 24048270
1655063540767387961 18642283
1655063541080827807 4477810
1655063541384970234 88116787
1655063541975439342 87135095
1655063542213861887 36305388
1655063542568215588 85437437
1655063542803909456 27473906
1655063543274115313 67771618
1655063543969563811 6341267
1655063544579963487 9845490
1655063545269596184 81615829
1655063545595120363 15641039
1655063546102023725 96463012
1655063546308037729 5595967
1655063546677559094 101680273
1655063547002446365 4300314
1655063547671123793 210592148
1655063547875559901 3999245
1655063548261386502 183369141
1655063548467038760 5253547
1655063548894494174 4234061
1655063549567252914 104073678
1655063549797884466 24258401
1655063550091041372 91200752
1655063550866849099 160595250
1655063551095023903 6104179
1655063551684325342 179706231
1655063551967856613 74621112
1655063552379200546 195664892
1655063552613895070 5776152
1655063552819768897 3928548
1655063553090437677 29954923
1655063553675116085 14332607
1655063554073555296 193580798
1655063554374541819 64432138
1655063554906904136 16917117
1655063555401896252 120231865
1655063555702414273 31283315
1655063556302117763 126314034
1655063556566585724 5767136
1655063556998112654 107428980
1655063557763010228 93383303
1655063558181485667 184182367
1655063558465623854 78716381
1655063559068262860 78821690
1655063559371663947 87990953
1655063559794211150 105330108
1655063560162360849 159588592
1655063560366813312 4033654
1655063560571453358 4234214
1655063560899842872 123696658
1655063561195676055 19766832
1655063561967454593 65739755
1655063562301678181 123357676
1655063562542905252 4045119
1655063562888401487 126325998
1655063563097990581 4060632
1655063563405729121 102902376
1655063563686066064 20333834
1655063564098423782 197490885
1655063564303851355 3695337
1655063564588823563 79465783
1655063564891863226 91324410
1655063565479518405 275152615
1655063565689162086 3901772
1655063566096192499 197669360
1655063566383580044 3820590
1655063566677892756 91252104
1655063566889467042 3949881
1655063567272748621 179135853
1655063567503885741 26839979
1655063567992095335 31525902
1655063568463910365 269178485
1655063568668798405 4512414
1655063569061491109 191095111
1655063569298545615 27292401
1655063569678118448 97458264
1655063569883747820 4861618
1655063570485554818 24133817
1655063570713822490 20149161
1655063571073221143 107016519
1655063571299313267 23346263
1655063571903927205 95454722
1655063572372312543 5164253
1655063572762041566 59134494
