1655330511533856269 0
1655330512535128254 0
1655330513536295739 0
1655330514537469977 0
1655330515538644490 0
1655330516539845870 0
1655330517541025072 0
1655330518542250288 0
1655330519543666560 0
1655330520544819110 0
1655330521546001995 0
1655330522547196270 0
1655330523548412371 0
1655330524549595913 0
1655330525550814353 0
1655330526552291115 0
1655330527553474300 0
1655330528554633833 0
1655330529555798348 0
1655330530556967525 0
1655330531558188644 0
1655330532559394908 0
1655330533560599540 0
1655330534561800301 0
1655330535563164289 0
1655330536564629508 0
1655330537565799659 0
1655330538566987715 0
1655330539568239454 0
1655330540569422018 0
1655330541570921335 0
1655330542572084034 0
1655330543573248917 0
1655330544574413806 0
1655330545575614130 0
1655330546576793353 0
1655330547577984206 0
1655330548579173103 0
1655330549580551172 0
1655330550581744704 0
1655330551582945272 0
1655330552584148272 0
1655330553585360825 0
1655330554586748154 0
1655330555587919201 0
1655330556589115141 0
1655330557590303785 0
1655330558591531935 0
1655330559592709921 0
1655330560594118790 0
1655330561595276195 0
1655330562596442221 0
1655330563597386377 0
1655330564598576118 0
1655330565599756680 0
1655330566601141716 0
1655330567602338880 0
1655330568603542480 0
1655330569604720836 0
1655330570605908214 0
1655330571607094000 0
1655330572608290262 0
1655330573609480332 0
1655330574610863676 0
1655330575612030163 0
1655330576613203571 0
1655330577613892826 0
1655330578615072104 0
1655330579616241332 0
1655330580617430164 0
1655330581618600800 0
1655330582619788507 0
1655330583620965782 0
1655330584622163791 0
1655330585623327782 0
1655330586624504664 0
1655330587625674199 0
1655330588626882162 0
1655330589628060598 0
1655330590629268963 0
1655330591630447965 0
1655330592631902642 0
1655330593633083823 0
1655330594634238184 0
1655330595635392580 0
1655330596636569930 0
1655330597637746321 0
1655330598638958552 0
1655330599640329824 0
1655330600641480664 0
1655330601642649545 0
1655330602643849865 0
1655330603645073371 0
1655330604646257532 0
1655330605647448481 0
1655330606648637594 0
1655330607650025199 0
1655330608651215417 0
1655330609652393924 0
