1655331397410997775 0
1655331398412255180 0
1655331399413429765 0
1655331400413684782 0
1655331401414097319 0
1655331402415284802 0
1655331403416464124 0
1655331404417641050 0
1655331405418807387 0
1655331406420004649 34
1655331407421188721 88
1655331408422358017 103
1655331409423522160 107
1655331410424727623 102
1655331411429170785 107
1655331412430542447 106
1655331413431711708 99
1655331414432866925 91
1655331415434084492 99
1655331416435271185 102
1655331417436755380 95
1655331418438804293 107
1655331419440266519 101
1655331420441163487 106
1655331421442378648 74
1655331422444389563 107
1655331423445144809 107
1655331424446347271 102
1655331425447512066 119
1655331426448699283 100
1655331427449143910 108
1655331428450339546 115
1655331429452356498 103
1655331430453131736 83
1655331431454290146 113
1655331432455434613 92
1655331433456577228 114
1655331434457153822 100
1655331435458340690 103
1655331436460214384 115
1655331437461147671 107
1655331438463265236 96
1655331439464516321 114
1655331440467520932 101
1655331441469168416 94
1655331442470444990 107
1655331443472289758 112
1655331444473444644 97
1655331445474956114 94
1655331446476700834 93
1655331447477218170 110
1655331448479295292 112
1655331449481130334 96
1655331450482301532 57
1655331451483522883 100
1655331452485140498 77
1655331453486290369 100
1655331454487497472 102
1655331455488689351 110
1655331456489848165 101
1655331457491004957 101
1655331458492171204 103
1655331459493127069 113
1655331460493972469 99
1655331461496116666 88
1655331462497123655 94
1655331463498035386 102
1655331464499197898 119
1655331465500344336 90
1655331466501510708 102
1655331467502667023 100
1655331468503812701 125
1655331469504959973 103
1655331470506171802 108
1655331471507444480 105
1655331472508395536 107
1655331473509179539 111
1655331474510391533 109
1655331475511545491 103
1655331476512698493 100
1655331477513846843 105
1655331478515012665 99
1655331479516167155 110
1655331480517135845 107
1655331481518287320 98
1655331482519267656 76
1655331483520413785 59
1655331484521121485 81
1655331485522293798 99
1655331486523438650 83
1655331487524618996 62
1655331488526947044 101
1655331489528114259 93
1655331490529118477 65
1655331491530329932 121
1655331492531478122 116
1655331493532659409 108
