1655331175444961643 0
1655331176446214461 0
1655331177447380741 0
1655331178448535503 0
1655331179449708742 0
1655331180450866341 0
1655331181452026482 0
1655331182453196377 0
1655331183454355300 0
1655331184455541777 0
1655331185456709940 15
1655331186457147886 36
1655331187458348734 53
1655331188459500463 64
1655331189460669551 68
1655331190461407360 66
1655331191462860558 72
1655331192464025693 63
1655331193465128102 75
1655331194466275565 68
1655331195467418154 78
1655331196468580671 75
1655331197469122614 61
1655331198470302405 77
1655331199471440046 66
1655331200473168134 65
1655331201474323003 81
1655331202475478581 64
1655331203476637104 66
1655331204477794190 65
1655331205479000096 68
1655331206480205387 69
1655331207481257164 68
1655331208482417453 65
1655331209483590941 76
1655331210484757306 63
1655331211485136855 68
1655331212486204211 75
1655331213487409114 67
1655331214488585540 74
1655331215489777324 71
1655331216490937355 70
1655331217492110702 60
1655331218493292094 79
1655331219494480923 61
1655331220494738535 68
1655331221495884989 65
1655331222497029080 82
1655331223498217843 61
1655331224499360506 70
1655331225500521836 68
1655331226501683155 70
1655331227502849336 66
1655331228504005070 73
1655331229505190052 63
1655331230506340427 71
1655331231507495901 68
1655331232508660747 69
1655331233509298187 67
1655331234509805289 71
1655331235510995321 47
1655331236512153655 83
1655331237513317831 61
1655331238514480578 72
1655331239515661804 61
1655331240516843185 70
1655331241518783932 74
1655331242519308197 61
1655331243521213196 60
1655331244523520716 76
1655331245524701917 74
1655331246525872553 56
1655331247527033580 74
1655331248528185511 75
1655331249529140141 74
1655331250530302064 64
1655331251531479188 76
1655331252532647285 66
1655331253533160397 82
1655331254534321893 64
1655331255535623734 69
1655331256538486990 65
1655331257539676415 70
1655331258541255221 74
1655331259542217337 74
1655331260543711374 63
1655331261545160175 80
1655331262546312302 71
1655331263547493037 70
1655331264549022262 65
1655331265550218622 69
1655331266551385618 63
1655331267553023717 74
1655331268555285860 75
1655331269556826960 68
1655331270557844199 66
1655331271559482405 73
1655331272560646342 56
1655331273561207343 76
