1655331506047524291 0
1655331507048755273 0
1655331508049862454 0
1655331509050700445 0
1655331510051856153 0
1655331511052520913 0
1655331512053696050 0
1655331513055012779 0
1655331514056203896 0
1655331515057398148 0
1655331516058880381 0
1655331517060040827 0
1655331518061212450 0
1655331519062370784 0
1655331520063581921 0
1655331521064755509 0
1655331522066239302 0
1655331523067407922 0
1655331524068573168 0
1655331525069721737 0
1655331526070886781 0
1655331527071186092 0
1655331528072356498 0
1655331529073537014 0
1655331530073856994 0
1655331531075025524 0
1655331532076193199 0
1655331533077360614 0
1655331534078526565 0
1655331535079709998 0
1655331536080889933 0
1655331537082068601 0
1655331538083235199 0
1655331539084414934 0
1655331540085599337 0
1655331541086780404 0
1655331542087961353 0
1655331543089138221 0
1655331544090305097 0
1655331545091480738 0
1655331546092654376 0
1655331547093831860 0
1655331548094997011 0
1655331549096160264 0
1655331550097341210 0
1655331551098522201 0
1655331552099690822 0
1655331553100852940 0
1655331554102029447 0
1655331555103194521 0
1655331556104353936 0
1655331557105166144 0
1655331558106353906 0
1655331559107555413 0
1655331560108775707 0
1655331561109981676 0
1655331562111171377 0
1655331563112363628 0
1655331564113538262 0
1655331565114715902 0
1655331566115906905 0
1655331567117065825 0
1655331568118227515 0
1655331569119392579 0
1655331570120581616 0
1655331571121774188 0
1655331572122958101 0
1655331573124129799 0
1655331574125297749 0
1655331575126462545 0
1655331576127632565 0
1655331577128799449 0
1655331578129970875 0
1655331579131149625 0
1655331580132320744 0
1655331581133509172 0
1655331582134703288 0
1655331583135875649 0
1655331584137045246 0
1655331585138221538 0
1655331586139400625 0
1655331587140570060 0
1655331588141798175 0
1655331589142978215 0
1655331590144174799 0
1655331591145355361 0
1655331592146522672 0
1655331593147719167 0
1655331594148905902 0
1655331595150071351 0
1655331596151247485 0
1655331597152417119 0
1655331598153588000 0
1655331599154773592 0
1655331600155948900 0
1655331601157121267 0
1655331602158290866 0
1655331603159456092 0
1655331604160630305 0
1655331605161829350 0
