1655331946448152140 0
1655331947449445329 0
1655331948450610658 0
1655331949451778332 0
1655331950452937761 0
1655331951454123635 0
1655331952455290640 0
1655331953456456142 0
1655331954456645072 0
1655331955458406800 0
1655331956460182128 0
1655331957461328105 0
1655331958462472232 0
1655331959463619665 0
1655331960464779886 0
1655331961465948222 0
1655331962467098934 0
1655331963468263975 0
1655331964468488521 0
1655331965470187602 0
1655331966471331187 0
1655331967472489335 0
1655331968473652061 0
1655331969474805931 0
1655331970475964619 0
1655331971477148491 0
1655331972478292815 0
1655331973479458729 0
1655331974480605670 0
1655331975481796285 0
1655331976482940624 0
1655331977484096248 0
1655331978485271191 0
1655331979486437293 0
1655331980487667331 0
1655331981489008807 0
1655331982489854746 0
1655331983491003093 0
1655331984492153419 0
1655331985493301023 0
1655331986494452398 0
1655331987495601122 0
1655331988496753107 0
1655331989497855339 0
1655331990499033867 0
1655331991500183691 0
1655331992501332191 0
1655331993502480595 0
1655331994503643948 0
1655331995504788842 0
1655331996505880887 0
1655331997506761250 0
1655331998507927941 0
1655331999509082418 0
1655332000510221387 0
1655332001511364899 0
1655332002512506522 0
1655332003513684203 0
1655332004514872840 0
1655332005516022268 0
1655332006517374228 0
1655332007518524224 0
1655332008519669467 0
1655332009520847693 0
1655332010522252561 0
1655332011523417356 0
1655332012524581191 0
1655332013525742161 0
1655332014526910875 0
1655332015528073745 0
1655332016529240126 0
1655332017530405188 0
1655332018531574923 0
1655332019532750376 0
1655332020533925152 0
1655332021535080125 0
1655332022536238281 0
1655332023537399311 0
1655332024538540224 0
1655332025539688964 0
1655332026540831738 0
1655332027541975459 0
1655332028543118545 0
1655332029544284293 0
1655332030545453184 0
1655332031546613929 0
1655332032547760091 0
1655332033548911781 0
1655332034550065568 0
1655332035551208969 0
1655332036552361549 0
1655332037553508763 0
1655332038554655471 0
1655332039555824110 0
1655332040556998398 0
1655332041558159412 0
1655332042559320609 0
1655332043560480947 0
1655332044561662217 0
