1655330182647118804 0
1655330183648363024 0
1655330184649520225 0
1655330185650695009 0
1655330186651850959 0
1655330187653014479 0
1655330188654165143 0
1655330189655314980 0
1655330190656467985 0
1655330191657619380 0
1655330192657855682 5
1655330193658993467 38
1655330194660162312 34
1655330195661310981 38
1655330196661839649 39
1655330197663015297 37
1655330198664160591 37
1655330199665324773 38
1655330200666489814 38
1655330201667643104 37
1655330202668787683 36
1655330203669932635 38
1655330204671074757 38
1655330205672215343 37
1655330206673356904 38
1655330207673831007 38
1655330208674095660 37
1655330209675315548 38
1655330210676495606 39
1655330211677708012 36
1655330212678877056 39
1655330213680014302 38
1655330214681179134 36
1655330215682354921 38
1655330216683511490 39
1655330217684656045 37
1655330218685808321 37
1655330219686954375 39
1655330220688099456 36
1655330221689250433 39
1655330222690389763 37
1655330223691553121 37
1655330224692761313 36
1655330225694479334 37
1655330226695623735 39
1655330227696862368 37
1655330228697889307 37
1655330229699067266 36
1655330230700914672 37
1655330231702067862 35
1655330232703233354 37
1655330233704387746 36
1655330234705530473 37
1655330235705855332 37
1655330236707008250 35
1655330237708151418 38
1655330238709296438 33
1655330239709858652 35
1655330240711033084 34
1655330241712179277 31
1655330242713331177 33
1655330243713867673 35
1655330244715030253 36
1655330245716226402 36
1655330246717402325 39
1655330247718550718 36
1655330248719702883 37
1655330249720845785 37
1655330250721994367 36
1655330251723155444 35
1655330252724319830 34
1655330253725505065 40
1655330254725834138 37
1655330255726993853 36
1655330256728153917 36
1655330257729296755 36
1655330258729930326 37
1655330259731073979 38
1655330260732236010 35
1655330261733415686 40
1655330262734569299 36
1655330263735712652 38
1655330264736860408 36
1655330265738013421 39
1655330266739162178 37
1655330267740519724 37
1655330268741852504 38
1655330269743006697 37
1655330270744168713 37
1655330271745334704 39
1655330272745860223 37
1655330273746735530 37
1655330274748084983 38
1655330275749234754 37
1655330276749834612 38
1655330277750991404 38
1655330278752535213 33
1655330279754203147 36
1655330280755362747 36
