1655330292114502457 0
1655330293115757187 0
1655330294116898200 0
1655330295118035486 0
1655330296119182709 0
1655330297120326019 0
1655330298121283834 0
1655330299122484617 0
1655330300123651958 0
1655330301124995467 8
1655330302126191717 37
1655330303128008907 38
1655330304129130743 37
1655330305130539010 38
1655330306132328080 37
1655330307133174433 39
1655330308134370762 36
1655330309135589536 37
1655330310137170865 38
1655330311138334470 38
1655330312139517500 38
1655330313141268813 36
1655330314142840592 40
1655330315143984334 38
1655330316145146958 36
1655330317146303090 38
1655330318147442032 40
1655330319148593526 36
1655330320149768498 37
1655330321150952346 39
1655330322152171927 38
1655330323153324899 36
1655330324154488426 39
1655330325155655106 37
1655330326156849251 39
1655330327158092236 37
1655330328159254155 37
1655330329160437407 39
1655330330161630928 39
1655330331163133492 36
1655330332164308110 38
1655330333165119305 39
1655330334166261635 37
1655330335167172083 36
1655330336168976497 39
1655330337170180329 38
1655330338171384154 36
1655330339172570715 39
1655330340173130412 37
1655330341174296353 37
1655330342175456279 40
1655330343176888500 37
1655330344178654577 37
1655330345179851636 38
1655330346181024580 39
1655330347182185439 38
1655330348183347198 37
1655330349184503587 38
1655330350185674378 39
1655330351186830254 38
1655330352188002765 35
1655330353189165140 40
1655330354190321088 39
1655330355191521224 35
1655330356192939399 38
1655330357193130650 40
1655330358194300592 37
1655330359195450371 36
1655330360196659689 39
1655330361198637675 38
1655330362199782045 38
1655330363200943341 36
1655330364201168238 39
1655330365202645402 38
1655330366203809529 37
1655330367204993265 38
1655330368206198832 38
1655330369207346628 37
1655330370208495453 39
1655330371209135757 38
1655330372210273913 37
1655330373211419171 38
1655330374211686590 37
1655330375212846377 40
1655330376214002493 36
1655330377215202958 38
1655330378216882030 37
1655330379218043165 38
1655330380219192741 39
1655330381220347665 38
1655330382221684361 36
1655330383223534665 39
1655330384224687235 39
1655330385225171014 37
1655330386226109896 37
1655330387227601044 38
1655330388228778825 39
1655330389229107501 37
