1653864025986187727 1
1653864026389579654 3
1653864026402373978 4
1653864026675411495 5
1653864028100415054 6
1653864028380112735 7
1653864028476366675 8
1653864029875004727 9
1653864031277525794 10
1653864032594525623 11
1653864032792540255 12
1653864033998742742 13
1653864034002614722 14
1653864034377395744 15
1653864035571652493 16
1653864035896239987 17
1653864036269570119 18
1653864036282840488 19
1653864036596478418 20
1653864037877515937 21
1653864038594517931 22
1653864039274021678 23
1653864040189424685 24
1653864040583456896 25
1653864041695184775 26
1653864044075313439 27
1653864044784496755 28
1653864044908463061 29
1653864045987798152 30
1653864046873193003 31
1653864047292457628 32
1653864047897882408 33
1653864048471453702 34
1653864048800791443 35
1653864049991587428 36
1653864050511260519 37
1653864050784805832 38
1653864052470291633 39
1653864052477477565 40
1653864052897825521 41
1653864054098166440 42
1653864055901485056 43
1653864056172082066 44
1653864056897122953 45
1653864057782707260 46
1653864057879682727 47
1653864058672697134 48
1653864058801641554 49
1653864058886604340 50
1653864061795504047 51
1653864062490062206 52
1653864062799547142 53
1653864063672500496 54
1653864063883134761 55
1653864064094558448 56
1653864065097717238 57
1653864065379273103 58
1653864065488196656 59
1653864065689586450 60
1653864066188925681 61
1653864066787237820 62
1653864066993063934 63
1653864067806301313 64
1653864070169721685 65
1653864070723566318 66
1653864070985584918 67
1653864071615592261 68
1653864071980432378 69
1653864072769945815 70
1653864073470804206 71
1653864074303596338 72
1653864074469779406 73
1653864075575073810 74
1653864075705176018 75
1653864076684566950 76
1653864076976626312 77
1653864077572785274 78
1653864077686605264 79
