1655183353993773251 8016089
1655183354199937187 5966060
1655183354405726751 4705529
1655183354610708116 4569600
1655183354816338131 4381399
1655183355021722786 5039329
1655183355226841371 4731349
1655183355432108936 4171439
1655183355636787962 4304530
1655183355841472076 4228020
1655183356046165362 4221640
1655183356251997406 4567170
1655183356457823231 4653680
1655183356662900566 4512759
1655183356868369402 4288130
1655183357074896717 5167460
1655183357280135490 4149770
1655183357485826897 4435080
1655183357691721210 4727470
1655183357896594817 4355709
1655183358101595032 4478170
1655183358307326784 4572160
1655183358512259782 4544239
1655183358717988647 4508840
1655183358922560312 4164189
1655183359127340718 4388980
1655183359332709303 4150620
1655183359537191578 4110460
1655183359742016643 4293260
1655183359947153407 4018170
1655183360152610502 4224300
1655183360356936908 3994800
1655183360562486683 4373339
1655183360767204828 4308960
1655183360972372364 4421800
1655183361178178869 4719450
1655183361383817053 4374039
1655183361589013628 4927850
1655183361794762854 4587350
1655183361999508918 4374229
1655183362204658674 4062560
1655183362412503418 6706519
1655183362617731744 4787050
1655183362823143868 4400050
1655183363027690034 4214020
1655183363232357218 4167230
1655183363438701694 5228760
1655183363654700328 15191339
1655183363859348582 4335380
1655183364064535118 4179389
1655183364270160812 4431640
1655183364475114608 4627880
1655183364680323533 4286949
1655183364884846779 4196260
1655183365090155314 5089270
1655183365295234149 4141650
1655183365500969382 4647880
1655183365705428059 4053550
1655183365911483354 4723510
1655183366116751129 4834619
1655183366323314323 4783030
1655183366529692828 5761929
1655183366737321673 5389049
1655183366945065789 4971430
1655183367151196344 5259070
1655183367358808679 4977379
1655183367565761784 5823550
1655183367771804759 4879040
1655183367976754824 4589610
1655183368182247838 4615970
1655183368388244394 5293550
1655183368595010209 5291490
1655183368799800834 4463720
1655183369007003138 6173320
1655183369215425592 7997040
1655183369421937848 5321829
1655183369626860703 4608240
1655183369832501618 4671920
1655183370038816794 5864820
1655183370243344429 4415120
1655183370448803154 5136120
1655183370654731179 4953060
1655183370860702184 4948230
1655183371067206318 5633090
1655183371272856703 4662049
1655183371480675968 7321359
1655183371687071384 4322430
1655183371892010788 4611009
1655183372099484644 5643380
1655183372304930218 4162980
1655183372510962889 4714539
1655183372716586839 4639261
1655183372922382114 4475920
1655183373128690207 4889490
1655183373335469003 4626229
1655183373540683147 4821420
1655183373748047973 6188099
1655183373955077456 5953819
1655183374161610093 5627890
1655183374367187388 5165480
1655183374573169193 4934370
1655183374781395245 7069790
1655183374989448673 7442400
1655183375195158337 4457350
1655183375400211903 4555820
1655183375604896898 4241330
1655183375810127253 4795259
1655183376015215468 4623190
1655183376223602843 6560399
1655183376431952028 6946259
1655183376639030193 6012370
1655183376850003517 8211299
1655183377057571032 5583730
1655183377264073977 5992730
1655183377471140042 6024010
1655183377677968436 6475790
1655183377883069331 4714180
1655183378089177597 4842620
1655183378295987458 5756889
1655183378504628417 6908630
1655183378710566691 5166219
1655183378918237017 5475510
1655183379124817762 5627850
1655183379330651926 4704379
1655183379535707501 4766960
1655183379741440554 5467890
1655183379947405531 4931289
1655183380152812355 4155550
1655183380358899490 4865619
1655183380563948777 4623680
1655183380770285121 4563730
1655183380976090025 5380540
1655183381182565870 5279229
1655183381390116636 5083400
1655183381595837811 4387250
1655183381802286525 5166039
1655183382008241821 4839690
1655183382213859616 5087630
1655183382419659021 4594570
1655183382624741436 4643190
1655183382830681551 4567389
1655183383036488315 4561310
1655183383242595291 5026280
1655183383448678076 5684710
1655183383656019301 6040350
1655183383862203076 5835230
1655183384068113021 4871340
1655183384274258223 5099019
1655183384480201821 5533320
1655183384685609864 4889310
1655183384892180611 5512409
1655183385098506004 5925030
1655183385305111038 6146440
1655183385512959105 6632089
1655183385719361501 5006859
1655183385925056026 5204000
1655183386132752076 6320529
1655183386340353635 5835350
1655183386547928290 5292490
1655183386753884855 4784400
1655183386959162139 4901039
1655183387165144494 4756460
1655183387371124230 4762470
1655183387578616993 6421619
1655183387785032150 4354700
1655183387990775233 5375100
1655183388196747510 4557240
1655183388402922065 5697450
1655183388608163990 4846290
1655183388816788412 5962200
1655183389023278549 4599519
1655183389228922894 5076650
1655183389435777710 5838340
1655183389646770534 9674479
1655183389852928889 4816770
1655183390060441425 6335900
1655183390266473650 5560000
1655183390473787214 6075190
1655183390678997419 4769019
1655183390885842534 5813920
1655183391094407159 5461140
1655183391300314634 5225140
1655183391507407419 6749480
1655183391714101953 6318460
1655183391920438768 5346049
1655183392126087584 5195150
1655183392333350208 6234530
1655183392540173853 5620649
1655183392746536988 5367799
1655183392951928330 5007270
1655183393159717717 6749620
1655183393366063902 5823549
1655183393573587328 6472319
1655183393779579840 5411190
1655183393985542128 5533829
1655183394191356880 4740509
1655183394398000996 5689400
1655183394604434873 5998969
1655183394809697237 4836649
1655183395016921891 6306240
1655183395223222238 5146599
1655183395433039772 8633269
1655183395638858338 5323600
1655183395846216733 5673090
1655183396051637818 5029600
1655183396257308711 5175550
1655183396463114047 4635629
1655183396669801650 5604139
1655183396876770828 5833450
1655183397083984310 6365619
1655183397291118463 6014059
1655183397498672503 5610860
1655183397705036547 5089150
1655183397911836302 4986619
1655183398117217704 5043020
1655183398324233090 5749600
1655183398529716816 5113409
1655183398735200801 5120140
1655183398941920127 5716670
1655183399147759902 5294660
1655183399354856103 6675010
1655183399562426012 7077770
1655183399768392697 5576160
1655183399975242511 5403040
1655183400180996786 5033630
1655183400387393792 5569740
1655183400593383127 4632990
1655183400798706541 4938910
1655183401005687152 5129039
1655183401212496111 5546380
1655183401419290826 5559020
1655183401625305411 5306130
1655183401832094277 5315390
1655183402037911661 4258940
1655183402245272113 5685770
1655183402451527561 5470929
1655183402658108456 5762590
1655183402868854321 4868750
1655183403074493066 5253250
1655183403280362640 5465120
1655183403486651165 5118610
1655183403695157200 7433779
1655183403905735764 6785830
1655183404112481240 5512670
1655183404319045942 5328690
1655183404525312220 5480690
1655183404733574193 7095640
1655183404941495360 7550059
1655183405153316584 8411349
1655183405361588629 5806820
1655183405569613064 5805390
1655183405775852649 5842280
1655183405982926673 5970630
1655183406190541729 5564250
1655183406396555592 4666759
1655183406603723258 6401440
1655183406811018402 6258540
1655183407019248448 7764379
1655183407225526853 5737649
1655183407433053788 7124429
1655183407640671610 6083440
1655183407850725987 8578060
1655183408058794922 6460369
1655183408265379706 6165120
1655183408472456952 5771269
1655183408678385617 5575839
1655183408885575281 5654289
1655183409095734127 9102590
1655183409301098932 5118670
1655183409508124347 6568230
1655183409714672202 5374970
1655183409921438516 5281380
1655183410128395961 6624019
1655183410335236936 6485209
1655183410542369881 6358170
1655183410750432866 6450289
1655183410958055751 6442120
1655183411164627746 5652920
1655183411371389190 6098720
1655183411580824416 7778899
1655183411790824370 8687409
1655183412000753245 8671449
1655183412207663630 6544340
1655183412417551945 7842630
1655183412626136410 7611460
1655183412838181414 11556459
1655183413050748679 10278650
1655183413259125673 7336170
1655183413465435748 5988380
1655183413678907652 12937830
1655183413886544257 6614079
1655183414095327712 5439820
1655183414301828034 4760270
1655183414509331169 6033589
1655183414715909496 6100720
1655183414923825202 6542710
1655183415130046337 5061050
1655183415338586600 7452829
1655183415544657346 5694439
1655183415755598351 9378339
1655183415963179303 6246800
1655183416173624520 5502999
1655183416380119895 5828730
1655183416588300650 6367780
1655183416797333142 6554929
1655183417003800179 5870009
1655183417210561633 5477089
1655183417417753319 5783029
1655183417625158434 5403840
1655183417834196806 7667379
1655183418046276193 10999039
1655183418252997476 5138820
1655183418461242722 6957479
1655183418671284418 8445860
1655183418878244693 5708900
1655183419086204647 7597589
1655183419293981763 6039160
1655183419504832537 10708939
1655183419711348151 5316540
1655183419919025427 5318760
1655183420126015022 5230440
1655183420333818357 6264090
1655183420540678462 5736960
1655183420747768845 5078630
1655183420956696367 6374499
1655183421163940436 5621849
1655183421370921831 5462790
1655183421577261326 4921810
1655183421784028281 4620820
1655183421991794226 5858260
1655183422198274009 5509059
1655183422405407575 6724949
1655183422612939478 6198410
1655183422819320425 5310970
1655183423026969610 6594440
1655183423234041343 6670950
1655183423441726020 7213220
1655183423648823553 6348190
1655183423853746520 4590310
1655183424059238914 5080170
1655183424264943349 4424089
1655183424471716831 5671489
1655183424677031797 5000099
1655183424882115884 4418779
1655183425089199509 5469810
1655183425294751164 5211900
1655183425501445858 5401189
1655183425706726434 4130280
1655183425912075440 4295190
1655183426117591574 4411899
1655183426322665390 4672810
1655183426527691195 4721200
1655183426732687560 4536030
1655183426938688384 4970679
1655183427144736039 4721420
1655183427349989104 4060780
1655183427555614979 4457309
1655183427760515154 4514939
1655183427966518137 5579750
1655183428179437804 10461310
1655183428384422799 4610240
1655183428589971264 5160830
1655183428795921499 4852110
1655183429001020214 4613620
1655183429206218459 4743100
1655183429411286054 4558549
1655183429618413539 6883949
1655183429823710763 4274800
1655183430028776889 4719750
1655183430235018494 5290719
1655183430440690069 4673861
1655183430647692004 6482830
1655183430852448388 4485710
1655183431057963014 4361999
1655183431263060556 4598630
1655183431467957914 4376520
1655183431672488158 4241740
1655183431877029004 4092549
1655183432081947629 4444289
1655183432286544853 4075479
1655183432492156179 4482110
1655183432697408755 4734690
1655183432903090269 4803940
1655183433108652784 4493920
1655183433313603846 4473689
1655183433519083423 4457659
1655183433725163867 4776760
1655183433930570624 4183649
1655183434136134229 4436919
1655183434341613144 4407260
1655183434547467719 4735570
1655183434752667684 4648490
1655183434959281159 5501330
1655183435164577904 4294760
1655183435369768077 4530520
1655183435574662944 4508359
1655183435779240089 4278430
1655183435983974304 4353429
1655183436188672469 4353180
1655183436394792014 5115020
1655183436600631616 4641479
1655183436805365054 4387780
1655183437010822979 5103319
1655183437216576204 4584679
1655183437421310839 4357589
1655183437627180944 4746879
1655183437832001149 4251889
1655183438037079144 4648539
1655183438242656690 4545600
1655183438448074334 4284379
1655183438653580508 4552140
1655183438859009885 4364780
1655183439063949749 4551249
1655183439269192864 3822750
1655183439475312918 5575140
1655183439682755005 6945510
1655183439890667580 6408080
1655183440097342833 5262859
1655183440305987507 7135500
1655183440512810133 5859199
1655183440721082799 6390390
1655183440928081144 5513420
1655183441135800239 6820000
1655183441344766202 7806239
1655183441552410368 7172170
1655183441759724230 6912700
1655183441968002347 7921619
1655183442175995072 7567810
1655183442381857276 5406429
1655183442591689272 6603130
1655183442798791997 5668699
