1655177145526028816 4299720
1655177145735005319 8115809
1655177145939051703 3212070
1655177146146013666 6126920
1655177146350474770 4165390
1655177146554025073 3243309
1655177146758057407 3701980
1655177146962047850 3756289
1655177147167627384 4854409
1655177147372092936 4105660
1655177147578400511 5962179
1655177147782855545 3562640
1655177147987099928 3483660
1655177148191359802 3951140
1655177148396906515 4860410
1655177148601511339 4234769
1655177148806170363 4276030
1655177149012711386 6194479
1655177149218172080 4534870
1655177149424456954 5612040
1655177149628855677 3519709
1655177149833260391 4065170
1655177150040294374 6694509
1655177150246746577 5413839
1655177150452909971 4844029
1655177150658180295 4386360
1655177150862962158 4010360
1655177151070155531 6827449
1655177151275680645 4972360
1655177151481167086 5172669
1655177151687354559 4968699
1655177151892913736 4582500
1655177152098087348 4256780
1655177152304862243 5533950
1655177152512540396 6397789
1655177152718977030 5370260
1655177152925234532 5183140
1655177153132116226 5342369
1655177153337141698 3677020
1655177153543381863 5119170
1655177153748801266 4514220
1655177153954923781 4857710
1655177154158905154 3597600
1655177154362997058 3416010
1655177154567670042 3681140
1655177154774374115 5260640
1655177154980278358 4749739
1655177155184686411 4093070
1655177155389078775 4087480
1655177155593015079 3707689
1655177155797871193 3377450
1655177156002697897 3841320
1655177156208913840 5020710
1655177156415141084 4986510
1655177156623072287 6767070
1655177156829756500 5131230
1655177157035925183 5275359
1655177157242897746 6045610
1655177157450359260 5654019
1655177157662257144 5790380
1655177157866697067 3973049
1655177158072749630 5645580
1655177158279991104 6136009
1655177158486939358 6305280
1655177158692926540 5590389
1655177158901518124 7944669
1655177159108656175 6086160
1655177159316969111 7633740
1655177159525549253 8232629
1655177159745183586 18414008
1655177159950482970 5178480
1655177160156489833 4812399
1655177160364732976 6911339
1655177160571752159 6444499
1655177160779404324 7323560
1655177160986971627 6601619
1655177161196723100 8510680
1655177161403738103 5858480
1655177161610028217 5385730
1655177161814911539 4068119
1655177162019441724 4181780
1655177162224810338 4943660
1655177162429447451 3928330
1655177162635439225 4685070
1655177162839885678 3371149
1655177163045954631 4961470
1655177163250670366 3901930
1655177163455775927 4162460
1655177163661882983 5061200
1655177163867600806 4749769
1655177164074658049 6010690
1655177164279423242 4237799
1655177164485336856 5050759
1655177164690880260 4984299
1655177164896010210 4362719
1655177165102095937 5378460
1655177165309103490 6614909
1655177165514898693 5345559
1655177165723971573 7756810
1655177165930483500 5127899
1655177166136542603 4758230
1655177166342146597 5154060
1655177166548875439 6281100
1655177166754907532 5641249
1655177166959751238 4423590
1655177167168454050 6205829
1655177167373518904 4691560
1655177167578628168 4224060
1655177167784176011 5118610
1655177167988818806 3950410
1655177168195043689 5196180
1655177168400867341 5471920
1655177168607427375 5091469
1655177168812982059 4515280
1655177169018183503 3746480
1655177169224579896 5019250
1655177169430276319 4965769
1655177169636081913 4903359
1655177169843056346 4452749
1655177170048901990 4041589
1655177170254393754 5117940
1655177170462920737 6804100
1655177170669012970 4763520
1655177170877109061 6265629
1655177171090127227 8919890
1655177171302518619 11046169
1655177171511360903 7016600
1655177171716941404 4643579
1655177171924316070 6678840
1655177172131067893 5762559
1655177172337907054 5837620
1655177172544611760 5774339
1655177172752078932 5725509
1655177172957033966 4502409
1655177173162001750 4082260
1655177173368034993 3773320
1655177173573640857 4669729
1655177173778896161 4243400
1655177173984980245 5734120
1655177174189428998 3712880
1655177174401860670 10843069
1655177174606623635 4425330
1655177174811933068 4982670
1655177175017471091 5203980
1655177175222667265 4869829
1655177175427122777 4152970
1655177175631143802 3241379
1655177175836632866 4375960
1655177176041685629 4049989
1655177176247081783 5001539
1655177176452063207 4447200
1655177176657470250 5002930
1655177176861649914 3377520
1655177177067194207 5225030
1655177177272082791 3786960
1655177177476762124 3814460
1655177177681552178 4130520
1655177177888485531 6589150
1655177178095415214 5976909
1655177178301956327 5548509
1655177178509081511 6100400
1655177178713911285 3858010
1655177178922032677 7219259
1655177179127109571 4673129
1655177179333185394 5750329
1655177179539132449 4958060
1655177179744884698 5307050
1655177179949626826 4329560
1655177180155351259 5327260
1655177180359993933 3814130
1655177180565189676 4478780
1655177180771739800 6037320
1655177180976357153 3758529
1655177181181952887 5148960
1655177181387585930 5209119
1655177181593814984 5851339
1655177181798843328 4118130
1655177182003402181 3837030
1655177182211189934 7364430
1655177182415854388 4352139
1655177182621453520 5116080
1655177182826055795 4266659
1655177183030539547 4156770
1655177183235209772 4347829
1655177183440589965 4387169
1655177183646447278 4730619
1655177183851672392 4088079
1655177184056492316 4502019
1655177184261046510 3893779
1655177184466318113 4838779
1655177184671636917 4018060
1655177184877193651 5122580
1655177185082361314 4482790
1655177185288594838 4976710
1655177185494072991 5230740
1655177185699100784 4702220
1655177185906607728 7175680
1655177186112384942 4218950
1655177186318737125 5328650
1655177186524702618 5362730
1655177186730804782 5459710
1655177186935534055 3942059
1655177187141397029 5608149
1655177187347380123 5655610
1655177187553112996 5339939
1655177187758555399 5099289
1655177187963612082 4355370
1655177188169813144 5023469
1655177188375810940 5633919
1655177188581671933 5525709
1655177188789209756 7185330
1655177188995704611 6005500
1655177189200247243 3750300
1655177189405195425 4095099
1655177189611181850 5615510
1655177189817027463 5364240
1655177190023210038 5899300
1655177190228447931 4885810
1655177190433515405 4745749
1655177190639491799 5647290
1655177190845617442 4987709
1655177191052487796 6382350
1655177191258626179 5625090
1655177191464372013 4672450
1655177191670065905 4594710
1655177191876411140 5889930
1655177192082449933 5666709
1655177192289683066 6198129
1655177192494798790 4103439
1655177192700758734 5446970
1655177192906982627 5156580
1655177193112452201 4748569
1655177193319320054 6387830
1655177193525636078 5897950
1655177193732717671 6565120
1655177193938946225 5484500
1655177194145192378 5691400
1655177194350722211 4821599
1655177194556033925 4969090
1655177194761998799 4828140
1655177194967474402 5083969
1655177195173800355 5997390
1655177195379976758 5846160
1655177195586369692 5928230
1655177195792531596 5104289
1655177195997792780 4807710
1655177196203194133 5054459
1655177196408979446 4578669
1655177196614242280 4873369
1655177196820025303 4444540
1655177197026419688 5918430
1655177197233150211 5690390
1655177197438163014 4013150
1655177197642731718 3757640
1655177197847417631 3697730
1655177198052981955 4296590
1655177198260484807 7159589
1655177198466272651 4514010
1655177198673516394 6626439
1655177198878615648 4200260
1655177199084546542 5568250
1655177199289977275 4398440
1655177199496088718 5760030
1655177199702530851 5719509
1655177199907419656 4069590
1655177200113500989 5706740
1655177200318473000 4198519
1655177200523333506 3982360
1655177200729688920 5974089
1655177200935432593 4643850
1655177201142888105 7008099
1655177201350033430 6653469
1655177201556045233 5620899
1655177201762073967 5408110
1655177201968013881 5512010
1655177202174683524 6216210
1655177202379197568 3728890
1655177202583834091 3807659
1655177202788520583 3851790
1655177202994694487 5820770
1655177203200684221 4949760
1655177203405968525 4289110
1655177203612158219 5162870
1655177203816772532 4098910
1655177204023116704 5789449
1655177204228737968 5419179
1655177204433328932 3692240
1655177204638888546 3976090
1655177204844637490 5170410
1655177205051158213 6091640
1655177205257424975 5853229
1655177205463510430 5736779
1655177205667941544 3738969
1655177205872964927 3981959
1655177206077326000 3425419
1655177206282824613 4011699
1655177206487080818 3458110
1655177206692539102 5032349
1655177206898157715 4843610
1655177207106545548 7930709
1655177207313478702 6447150
1655177207517828705 3671000
1655177207722167279 3530449
1655177207926817043 4343589
1655177208132084267 4785320
1655177208336085890 3222969
1655177208540579902 3583089
1655177208746593118 5659270
1655177208951704181 4680959
1655177209158031844 5835660
1655177209363133648 4106360
1655177209568051171 3746660
1655177209773610155 5178800
1655177209978290838 3869499
1655177210183884440 4578499
1655177210389566293 4580170
1655177210594913449 4220710
1655177210801974172 6076599
1655177211007478125 4562529
1655177211213991049 5231360
1655177211419740512 5439339
1655177211624206996 3701099
1655177211839090439 13876019
1655177212045586362 6248099
1655177212251128856 5228909
1655177212456703568 5249869
1655177212662374786 4995379
1655177212868025694 5325249
1655177213073105450 4262430
1655177213278592754 4339370
1655177213484693267 5524930
1655177213690104521 4498049
1655177213895991484 5692800
1655177214101509298 4483280
1655177214306982241 4334930
1655177214512966725 5021880
1655177214717942738 3891169
1655177214922489701 3568750
1655177215129079066 5455860
1655177215334575609 5186859
1655177215540152832 4626849
1655177215746063553 5579280
1655177215952878418 6567690
1655177216158737222 5205059
1655177216364648346 4937509
1655177216569877310 4207660
1655177216775245574 4355420
1655177216980202767 4131860
1655177217185702091 5164130
1655177217390052854 3646850
1655177217595513248 5211960
1655177217799889841 3530780
1655177218006063115 5133880
1655177218212650639 6317360
1655177218419582641 5892470
1655177218625721366 5611690
1655177218829946877 3420729
1655177219034808123 3897280
1655177219241431056 6143039
1655177219448028420 6047560
1655177219653803973 5148839
1655177219860523715 6513240
1655177220065981090 4873439
1655177220270986614 4018289
1655177220476852277 4457889
1655177220681527640 3885520
1655177220887744294 5765359
1655177221093762937 5469099
1655177221299967009 5243550
1655177221503535105 2905299
1655177221709477547 5476019
1655177221915395292 4912869
1655177222120578425 4143169
1655177222325938227 4329030
1655177222533949382 7238500
1655177222740759916 5760909
1655177222947426710 6324650
1655177223152702643 4163979
1655177223358465815 5290519
1655177223565420480 6468340
1655177223771510051 4361920
1655177223982633927 9442070
1655177224187218160 3740459
1655177224393643644 5726150
1655177224600609676 5003100
1655177224806823061 5328550
1655177225011796035 4280360
1655177225218485208 6293100
1655177225425517131 6715360
1655177225629872264 3512219
1655177225835401698 4472189
1655177226041950622 6242109
1655177226247050166 4408030
1655177226453319739 5921769
1655177226659005653 4498730
1655177226863506857 3542360
1655177227067460330 3259960
1655177227272526993 3934949
1655177227478854517 4743360
1655177227686487730 7328639
1655177227892369604 5211130
1655177228099287295 6583679
1655177228308095238 7206389
1655177228513034824 3668150
1655177228719287826 5010110
1655177228924896721 4067080
1655177229135418944 10137389
1655177229341955846 5172590
1655177229546733760 3866560
1655177229753345171 5644379
1655177229961947828 8221270
1655177230167632301 5069559
1655177230374764950 6446670
1655177230580743077 5471509
1655177230786010411 4422700
1655177230991040435 3891160
1655177231197927088 6610520
1655177231404844592 6313859
1655177231611519815 6369909
1655177231815921929 3626940
1655177232019647083 3018570
1655177232225656986 5111590
1655177232434577080 8244110
1655177232638864442 3406890
1655177232843350566 3470989
1655177233051332410 6959900
1655177233259129733 6812349
1655177233464669467 4668520
1655177233673787760 8780180
1655177233878814793 4193040
1655177234085928857 6595950
1655177234292768610 6467880
1655177234498008054 4038750
1655177234703711707 4834709
1655177234909899009 5587220
1655177235114902304 4092480
