1655177365032426243 76604971
1655177365244566869 10697518
1655177365449873274 4947735
1655177365663825690 13292723
1655177365868744317 4681465
1655177366076018053 5009435
1655177366280346449 3487515
1655177366492855926 9793433
1655177366697434604 4009547
1655177366901695617 3662004
1655177367105693576 3135421
1655177367310291547 3715432
1655177367513835720 3229006
1655177367717842026 3002090
1655177367921730406 2968752
1655177368125313259 3143774
1655177368329136181 3489016
1655177368532561282 3091613
1655177368736446300 3162604
1655177368941659838 4673849
1655177369146605682 4152254
1655177369351038338 3246388
1655177369554325064 2837504
1655177369758126567 2987580
1655177369962423338 3359599
1655177370166043785 3195859
1655177370370386671 3377931
1655177370574384611 3205591
1655177370779203776 4481759
1655177370984040839 3815917
1655177371189149000 4295475
1655177371394558690 4824228
1655177371601134109 5618900
1655177371805184781 3491602
1655177372009748383 4206714
1655177372214908667 4267786
1655177372420495609 4754484
1655177372627092709 5125913
1655177372832076329 4050175
1655177373037282223 3645077
1655177373242861261 5216843
1655177373447787390 4581984
1655177373652860147 4176694
1655177373857279069 4243439
1655177374062203192 4040776
1655177374267078074 3998628
1655177374472581783 5136423
1655177374677560016 3996822
1655177374881814833 3804573
1655177375086861449 4551763
1655177375290709280 3410659
1655177375495066350 3843515
1655177375700853012 4761984
1655177375905259693 3661899
1655177376111600443 5529327
1655177376316899381 4526201
1655177376525124123 4808505
1655177376729477101 3883783
1655177376934369006 4000563
1655177377139583242 4559045
1655177377344811302 4071569
1655177377549087652 3585626
1655177377754190174 4766284
1655177377961028288 6005487
1655177378167121729 5780353
1655177378375387355 7136548
1655177378580332347 4168083
1655177378786759909 5561332
1655177378991295349 4157654
1655177379199860956 7507529
1655177379406082617 5262978
1655177379611246794 4210275
1655177379815361270 3772024
1655177380020164562 4426252
1655177380225093579 4185724
1655177380430570317 5031426
1655177380635848676 3918793
1655177380840248226 4074247
1655177381044550215 3449826
1655177381249716174 3903558
1655177381454232819 4213382
1655177381659027149 4335862
1655177381863690998 3620174
1655177382068795527 4263478
1655177382273692407 3912391
1655177382480966124 6778191
1655177382686397479 4957297
1655177382890874553 3671582
1655177383098614927 6249322
1655177383303726601 4292408
1655177383508651758 4098714
1655177383714138933 5096682
1655177383920776646 5571190
1655177384126702213 5660620
1655177384331738487 3897031
1655177384536184888 3620228
1655177384741497189 4983540
1655177384946387521 4006505
1655177385152133778 4769139
1655177385357381111 4463267
1655177385563367671 4988221
1655177385768855823 4784232
1655177385973845294 3979280
1655177386179668648 5094867
1655177386384109273 3506952
1655177386588672294 4172043
1655177386793802459 4760294
1655177386998205993 3486769
1655177387202876543 4302789
1655177387407734333 4485686
1655177387612722464 4508851
1655177387817685283 4612181
1655177388025097979 7043035
1655177388230331332 4471755
1655177388434619496 3479420
1655177388638865646 3451404
1655177388844364424 4566614
1655177389048696968 3358596
1655177389254682101 5171939
1655177389459306474 3742154
1655177389664355374 4471422
1655177389869213647 4500525
1655177390074331598 4795152
1655177390279097172 3976109
1655177390483387524 3468499
1655177390689484600 5685909
1655177390895632282 5753688
1655177391102213933 6230264
1655177391307667312 4436742
1655177391514129210 5577926
1655177391719501751 4482246
1655177391925842213 5985368
1655177392134243569 8203059
1655177392339188946 4554169
1655177392544755799 4636948
1655177392760087518 13786757
1655177392965026787 3413732
1655177393170357478 4552068
1655177393374423977 3135996
1655177393581112146 6154202
1655177393786129508 4709940
1655177393992140872 5565690
1655177394198345245 5434014
1655177394403605463 4787199
1655177394608836520 4808699
1655177394812907184 3027919
1655177395017270375 4245659
1655177395228225653 10647623
1655177395434663202 6081441
1655177395640242560 5182790
1655177395848411529 7724651
1655177396052899074 3727640
1655177396257865725 3780672
1655177396463668475 5220990
1655177396667982140 3519947
1655177396876665424 7620752
1655177397084237993 7216523
1655177397289658444 5035157
1655177397494512514 4506966
1655177397699700175 4882800
1655177397906497423 5968682
1655177398113024245 5639406
1655177398319867451 6010472
1655177398526637735 6617502
1655177398730894966 3456654
1655177398940140703 8386892
1655177399145913779 5414710
1655177399352262537 6062925
1655177399556145273 3141429
1655177399760524115 3345565
1655177399968911691 7919755
1655177400174815311 5312517
1655177400380651602 5478079
1655177400584610343 2897473
1655177400788488171 3088115
1655177400995108806 5862638
1655177401201672859 5543668
1655177401407241947 5198389
1655177401611573013 3538038
1655177401818509446 6465023
1655177402024518020 5511021
1655177402228418225 2963904
1655177402435175016 5919697
1655177402642901288 7424356
1655177402848276831 4917137
1655177403053721443 5005001
1655177403258007396 3446037
1655177403466977557 8483353
1655177403671496642 3635819
1655177403880591735 8540656
1655177404086489110 5432256
1655177404295202565 8306082
1655177404499487810 3429397
1655177404706065954 5637172
1655177404910756792 3608900
1655177405119354246 7491865
1655177405324973484 4720502
1655177405531407380 5865373
1655177405735081038 2802728
1655177405940839745 4805406
1655177406147762438 6179799
1655177406356129659 7477451
1655177406560394745 3284286
1655177406765956480 3975245
1655177406974153301 7073053
1655177407178060387 3089945
1655177407386692122 7807235
1655177407592931983 5788954
1655177407798201301 4435310
1655177408004549762 6001856
1655177408210694115 5665769
1655177408415255724 3453238
1655177408619563001 3523747
1655177408826640760 6528517
1655177409031606483 4036547
1655177409235629428 3142866
1655177409440068145 3672884
1655177409644068962 3161535
1655177409850446684 5988121
1655177410054730868 3344235
1655177410260073687 5074383
1655177410464759327 3828436
1655177410671431844 5805296
1655177410877500281 5630410
1655177411082973361 4466184
1655177411291413544 7377461
1655177411498828004 6501591
1655177411705170358 5793718
1655177411910051773 4020101
1655177412114736449 3627084
1655177412320279894 4224988
1655177412527566656 6171273
1655177412734371922 6333170
1655177412939724553 4494837
1655177413147745758 6973715
1655177413353333057 4341428
1655177413557480752 3314546
1655177413762031487 3580114
1655177413971166372 8679651
1655177414180070598 8013943
1655177414386101504 4428725
1655177414595390959 8365578
1655177414802709930 6630771
1655177415007039571 3317262
1655177415211750593 3640635
1655177415419774619 7338703
1655177415626747617 6456060
1655177415833318474 5453728
1655177416040765418 7137474
1655177416244569494 2832523
1655177416448513667 3131645
1655177416654269133 4626673
1655177416862299141 7298729
1655177417069230872 6590660
1655177417274674805 4470131
1655177417480184203 4573078
1655177417685497466 4379970
1655177417896366320 10177384
1655177418101053887 3643714
1655177418305502686 3589011
1655177418512798804 6259777
1655177418723885618 10494526
1655177418928164564 3356792
1655177419137927318 9394404
1655177419342918085 4051681
1655177419549624422 6256984
1655177419753671578 3236820
1655177419960384238 5818122
1655177420167444080 6417369
1655177420372144868 3674402
1655177420579427951 6822998
1655177420783876950 3379145
1655177420988098350 3281645
1655177421203272477 14800178
1655177421407654383 3563136
1655177421612031054 3471623
1655177421819103154 6601701
1655177422026354903 6907424
1655177422230546260 3264709
1655177422435501120 4055901
1655177422640092835 3627294
1655177422847005544 6534802
1655177423053608677 6249158
1655177423258210222 3742637
1655177423465295909 6506447
1655177423672714835 7039355
1655177423880465623 6981105
1655177424088163310 7308855
1655177424292768804 3659725
1655177424498824192 5067812
1655177424708749371 9352353
1655177424915858439 6324410
1655177425120807554 4049234
1655177425328835615 7734105
1655177425536700448 7410134
1655177425745511472 8464884
1655177425949513498 3045902
1655177426154059126 3744370
1655177426359084444 3454227
1655177426578689484 19171869
1655177426784246519 4755385
1655177426996043557 10796088
1655177427200468707 3331751
1655177427409701846 8925734
1655177427616651556 6625345
1655177427823354973 6333445
1655177428027495217 3376102
1655177428235131555 6521519
1655177428442333759 6326116
1655177428650085848 7189968
1655177428859218848 8699222
1655177429070621186 10861953
1655177429279075326 8080886
1655177429486376932 6730255
1655177429694601538 7811156
1655177429902475024 7542267
1655177430108955413 4628187
1655177430320175157 10062831
1655177430528224180 7618636
1655177430735413379 6856938
1655177430942704715 6896849
1655177431151507605 8165645
1655177431355925119 3598148
1655177431561717075 4909176
1655177431771232396 9012729
1655177431975384342 3127584
1655177432186321357 10629029
1655177432391294726 4209172
1655177432595760238 3460330
1655177432810847359 14539503
1655177433019094476 7249019
1655177433226674445 6786349
1655177433431581376 3799485
1655177433642043028 10116316
1655177433846252747 3359272
1655177434051362729 4276414
1655177434263142651 11336078
1655177434472583196 8732344
1655177434680231698 7112996
1655177434884432076 3256863
1655177435088812926 3205198
1655177435298726385 9405398
1655177435506170715 6948137
1655177435716849615 10095680
1655177435920681575 3025530
1655177436129782695 8743427
1655177436334139354 3402804
1655177436543829261 8878233
1655177436755239759 10718519
1655177436968398362 12805255
1655177437172636057 3414809
1655177437380550838 7519486
1655177437584724745 3271550
1655177437789493343 3980532
1655177438002393743 12574709
1655177438212054186 8849643
1655177438428373602 15929913
1655177438632803463 3373786
1655177438848666991 15605043
1655177439106230499 57069351
1655177439310794754 3579860
1655177439518736792 7712030
1655177439727179286 8045248
1655177439931795725 3418138
1655177440136232281 3602644
1655177440344440284 7746980
1655177440552800043 7905545
1655177440757996612 4399716
1655177440962649432 3725502
1655177441172022869 9007821
1655177441376200380 3375125
1655177441584369975 7685280
1655177441792269908 7517446
1655177441996277110 3182109
1655177442204358104 7612775
1655177442408789703 3618307
1655177442617075519 7892001
1655177442822227095 4124297
1655177443040294714 17726273
1655177443244489028 2909417
1655177443463045146 17672062
1655177443676357333 12676198
1655177443884659348 7766419
1655177444109568333 24547539
1655177444319954277 9369592
1655177444537681076 17139139
1655177444748001278 9591405
1655177444956116681 7696796
1655177445207075271 50376297
1655177445415729979 8084014
1655177445624210173 8061470
1655177445847210880 22454037
1655177446056367829 8811279
1655177446261122105 3935121
1655177446470163624 7852098
1655177446679969682 9477725
1655177446921052293 40119797
1655177447130685456 8528820
1655177447335517693 4019398
1655177447547163061 11312745
1655177447755021402 7538676
1655177447963142108 7816377
1655177448172216060 8520352
1655177448376718720 3544500
1655177448618112672 40638298
1655177448832800627 13899784
1655177449036521006 2851110
1655177449253437373 15798018
1655177449457729979 3241692
1655177449667682386 8556363
1655177449876401289 7398763
1655177450094456294 17404144
1655177450302903857 7894570
1655177450506775269 2987256
1655177450726787899 19764689
1655177450932549815 4793893
1655177451137369306 3781534
1655177451346266694 8562587
1655177451554881063 8115858
1655177451762912543 7563081
1655177451972359284 8959361
1655177452182579875 9390248
1655177452409084469 25650543
1655177452623097632 13649620
1655177452827823297 3597423
1655177453042463462 14321736
1655177453253794888 10399133
1655177453462135955 8127448
1655177453667235456 4011902
1655177453881164709 12733678
1655177454091075036 9187830
1655177454315908620 24466399
1655177454525705456 9541869
1655177454734797360 8751147
1655177454944292160 9190106
