1655185146377286976 60769655
1655185146590807031 12871049
1655185146814992505 19051289
1655185147057585418 37591787
1655185147278137092 19126028
1655185147519398905 34641998
1655185147747954448 22193868
1655185147955826014 7554160
1655185148185261247 28461228
1655185148405648542 18849819
1655185148616861027 8388650
1655185148835102541 16215009
1655185149050686986 14903900
1655185149262169200 10027479
1655185149480167465 14128849
1655185149709113158 27677708
1655185149916013094 4458020
1655185150123537749 6159640
1655185150330492014 4642749
1655185150536437729 5619499
1655185150742819424 5264300
1655185150948485260 5038370
1655185151154909145 5363379
1655185151362980250 6984649
1655185151572655895 7621159
1655185151780789640 5030160
1655185151990991145 9046289
1655185152200626631 9209580
1655185152411516546 9850650
1655185152618363451 6428050
1655185152827584045 7968519
1655185153035251181 6521019
1655185153244843356 8368669
1655185153453823471 5336229
1655185153659412886 4962160
1655185153864508112 4714070
1655185154069844497 4999930
1655185154276193912 5897940
1655185154481211127 4672069
1655185154686554452 4369419
1655185154891476038 4520299
1655185155096024033 4041540
1655185155300810439 4445510
1655185155507171174 5141480
1655185155712318659 4022509
1655185155917240335 4436490
1655185156122403579 4761299
1655185156328278885 4343720
1655185156533423410 3963780
1655185156738588125 4084290
1655185156944108221 5163150
1655185157148777106 4284809
1655185157353392202 4110260
1655185157560740306 6569879
1655185157765821432 4683940
1655185157971716627 4660730
1655185158176983022 4006960
1655185158383739236 5669529
1655185158589146373 4929970
1655185158794736327 4497810
1655185158999270564 4293910
1655185159203888059 4235250
1655185159409203695 4258740
1655185159614261210 4506330
1655185159819603795 4981349
1655185160025073871 5115590
1655185160230453046 4382590
1655185160436403532 4682940
1655185160643907077 4940620
1655185160849337022 4959859
1655185161055164918 4855410
1655185161260057443 4514020
1655185161465137108 4608040
1655185161670726863 4949979
1655185161877448468 5422650
1655185162082904833 5102399
1655185162287640329 4119440
1655185162493490624 5515809
1655185162698834839 4845139
1655185162905045264 4438290
1655185163110150380 4326829
1655185163317203395 5276469
1655185163523338021 5896110
1655185163733788983 8792769
1655185163941452231 6506260
1655185164150740886 8249270
1655185164358533691 7033640
1655185164568711416 7868020
1655185164781610380 9826090
1655185164987207465 5261539
1655185165192791811 5194160
1655185165400652926 7018580
1655185165608400301 7132819
1655185165820213636 10744939
1655185166030667071 9137969
1655185166239822046 8471959
1655185166448790681 6968589
1655185166656306506 5172160
1655185166864485879 5495070
1655185167073339196 5910769
1655185167281619091 5808980
1655185167489799147 6464460
1655185167700101622 7297000
1655185167909231197 8806130
1655185168115959192 5458860
1655185168323762957 6016279
1655185168533735722 8627319
1655185168741107657 5157869
1655185168950441141 7873660
1655185169158127018 7344080
1655185169364719952 6042080
1655185169571414528 5569649
1655185169779437554 6143640
1655185169987475308 5330989
1655185170194576373 5871739
1655185170401809459 6699580
1655185170607229184 4971150
1655185170815464399 6806630
1655185171023086464 6138120
1655185171230044178 5292040
1655185171438144684 6841299
1655185171646517207 7079600
1655185171855044475 7098600
1655185172062291959 5503640
1655185172269158775 5339920
1655185172476585390 5649290
1655185172688632534 9833910
1655185172895922549 6952540
1655185173103398674 7169729
1655185173309888370 4819000
1655185173517809384 5725929
1655185173723832110 5886629
1655185173931158314 6205809
1655185174135942550 4414890
1655185174345906405 9705279
1655185174553971350 7589899
1655185174760580185 4996129
1655185174966799011 4710910
1655185175176772596 9729610
1655185175388707320 9944439
1655185175597660646 8701970
1655185175808399530 8476059
1655185176024048875 10266259
1655185176237065119 11649869
1655185176447691525 6929639
1655185176656711359 8773419
1655185176865455454 6896719
1655185177075371420 9522010
1655185177285621926 8952710
1655185177498377830 10495990
1655185177718588774 13015479
1655185177928670729 6499130
1655185178135130584 6111439
1655185178341743979 5143929
1655185178548568524 6498929
1655185178756786720 7106110
1655185178963986562 5833699
1655185179170415029 5478130
1655185179376453054 5461879
1655185179582722611 5771070
1655185179792547235 8595029
1655185180000514520 6359160
1655185180205809525 4451420
1655185180411857941 4649880
1655185180617467486 4438130
1655185180822073272 4217510
1655185181027411987 4323880
1655185181232204961 3727450
1655185181438000348 4680100
1655185181643064373 3941810
1655185181850444458 5593719
1655185182055441813 4678469
1655185182260925079 4397630
1655185182467235784 5219790
1655185182672448070 4495240
1655185182877558594 4789899
1655185183085709250 6467510
1655185183292616545 5431700
1655185183500583440 6980249
1655185183710427925 8293479
1655185183918903590 7145770
1655185184126483545 5094210
1655185184334986170 7150730
1655185184542408855 5113679
1655185184748533470 5090500
1655185184953337685 4305969
1655185185159451801 4933020
1655185185364987274 4330909
1655185185569824011 4270299
1655185185774912346 4554160
1655185185981018401 4920530
1655185186185943867 4581590
1655185186391924232 4603240
1655185186597846467 5304920
1655185186805057462 6111000
1655185187011099717 4678819
1655185187216794493 4293370
1655185187422681708 4701680
1655185187627770192 4537060
1655185187833134428 4894650
1655185188041303832 7161659
1655185188246339408 4391929
1655185188451425754 4707340
1655185188656606319 3974209
1655185188861628495 4379930
1655185189067037090 4677810
1655185189272452705 4711720
1655185189477291510 4348280
1655185189682163735 4337510
1655185189887474571 4821220
1655185190093415396 4802030
1655185190299455222 4925240
1655185190503887247 4043170
1655185190708936182 4725790
1655185190915288255 5348829
1655185191120365111 4742439
1655185191325203388 4518749
1655185191530952033 5280210
1655185191736378517 4260690
1655185191941931164 5288570
1655185192148571908 4721690
1655185192355767113 5077310
1655185192561788659 4996230
1655185192768093985 5485850
1655185192973653970 3763460
1655185193178318825 4293939
1655185193382545730 3922199
1655185193588825126 4595710
1655185193793401191 4234440
1655185193998724476 3991100
1655185194202740191 3749199
1655185194408559935 4885160
1655185194614085362 4306210
1655185194820430427 6036729
1655185195025943582 4198310
1655185195232391868 6015530
1655185195437691593 4892439
1655185195643860797 5658160
1655185195849564644 5136600
1655185196054278548 4315899
1655185196258970754 4365220
1655185196464852929 4554339
1655185196671715004 4930370
1655185196879410998 5102069
1655185197086780445 6194320
1655185197293607789 5587530
1655185197498851585 4869630
1655185197705424740 5252859
1655185197915317325 8838269
1655185198120841280 5097379
1655185198327809876 6575550
1655185198533399350 4871549
1655185198738483615 4698789
1655185198943996471 4927420
1655185199149287457 4910340
1655185199355767701 5416869
1655185199560395087 4288229
1655185199765374672 4036859
1655185199971766628 4951710
1655185200176185513 3979309
1655185200381183928 3909310
1655185200586126444 4585480
1655185200791275720 4326060
1655185200996618635 4010720
1655185201202987440 5054770
1655185201407210226 3875720
1655185201616998191 8233209
1655185201823967826 5019830
1655185202031902341 7429770
1655185202238557136 6165159
1655185202447854601 7923149
1655185202656410796 6421149
1655185202870375991 11410780
1655185203080547016 7573490
1655185203292328270 10169549
1655185203503646875 7730289
1655185203713199520 9239959
1655185203921924225 6983799
1655185204129286360 6337669
1655185204338093663 8157520
1655185204546114010 7642499
1655185204757714244 10628949
1655185204966596010 8372089
1655185205175901745 6550809
1655185205385555800 9202199
1655185205594376306 6951360
1655185205805345361 9717500
1655185206013043305 7049469
1655185206218856861 5418600
1655185206425880556 5740890
1655185206633816051 6666399
1655185206848665085 12113959
1655185207055404590 5576190
1655185207265474664 9684139
1655185207472893070 6120290
1655185207681693876 7431580
1655185207893451371 11240400
1655185208102662405 5728330
1655185208310439870 6632279
1655185208517799515 6892219
1655185208728321480 9510709
1655185208938313505 8683009
1655185209146490810 6652500
1655185209356022744 7058110
1655185209564587190 6818380
1655185209772050375 6342609
1655185209977989260 5626619
1655185210186421886 7140900
1655185210396948801 8132680
1655185210604783056 5927130
1655185210813791400 7345629
1655185211022515696 7281240
1655185211232422269 6456929
1655185211441090395 8241270
1655185211648856910 6673369
1655185211854983574 5388740
1655185212060562521 4465409
1655185212265222006 4044290
1655185212470040872 4459310
1655185212675585147 4379800
1655185212881941141 5355479
1655185213087093037 4734479
1655185213292441412 4988750
1655185213497527087 4524170
1655185213703079663 5108789
1655185213908190908 4700300
1655185214113595524 4861559
1655185214318751350 4741150
1655185214524480922 4495190
1655185214729533610 4704310
1655185214936174545 4732750
1655185215141143510 4605450
1655185215347105506 5527950
1655185215553157691 5165780
1655185215758972836 5258509
1655185215963589132 4259370
1655185216170854835 6005090
1655185216375951091 4614950
1655185216580959496 4378859
1655185216786514172 4383360
1655185216991928709 4286260
1655185217196952254 4617820
1655185217402175339 4734299
1655185217608643671 5167429
1655185217814754250 4769909
1655185218019928796 4951770
1655185218225655832 4519780
1655185218430776707 4131460
1655185218636289312 4305169
1655185218841693647 4893869
1655185219047499422 4717810
1655185219252114508 4215330
1655185219457309241 4808770
1655185219662597696 4898560
1655185219867916913 4834299
1655185220073563348 5247199
1655185220278631854 4502260
1655185220484445717 4644050
1655185220689069605 4265010
1655185220894946860 4733650
1655185221099624305 4336370
1655185221305916750 4965339
1655185221510806546 3827620
1655185221715996300 4790270
1655185221921489546 5062419
1655185222126675121 4059669
1655185222331100927 3572019
1655185222536285672 4433629
1655185222744466337 7727969
1655185222954401272 7607949
1655185223166921838 9962120
1655185223377084153 8301750
1655185223587971177 8570799
1655185223796320910 8018079
1655185224005072137 8276529
1655185224214204562 8050979
1655185224422490598 7482410
1655185224629950683 6998110
1655185224837169376 6015100
1655185225042812553 5032529
1655185225248232328 4563309
1655185225453833973 4312330
1655185225659528049 4609100
1655185225865904484 5153440
1655185226071519399 5259480
1655185226277583054 4682669
1655185226485382899 6486280
1655185226693084055 6175810
1655185226898921668 5332589
1655185227105746605 5759529
1655185227311288910 4671539
1655185227517491496 4716070
1655185227723091369 5259509
1655185227928515747 4090670
1655185228135692542 5672080
1655185228341461836 5263160
1655185228547777542 4259509
1655185228753332827 3877390
1655185228958608683 4010450
1655185229165888038 4910930
1655185229371825863 4827500
1655185229577325858 4900480
1655185229783029744 4195150
1655185229988354869 4378700
1655185230195009143 5467669
1655185230401099858 5015730
1655185230605629234 4133919
1655185230810709029 4768959
1655185231015603165 4007571
1655185231220955730 4702560
1655185231426836745 4835720
1655185231632974630 5067749
1655185231838203576 4882550
1655185232045260791 5559110
1655185232250741366 4778859
1655185232458416162 5582290
1655185232666570187 7755670
1655185232871888052 4510860
1655185233077784777 4573720
1655185233282792822 4663070
1655185233488033246 4116159
1655185233695912342 6531309
1655185233901555877 4586410
1655185234107669852 5123610
1655185234313526044 5293580
1655185234518077622 4072880
1655185234723150508 4028220
1655185234927951953 4395309
1655185235133785788 4731679
1655185235338315453 4212479
1655185235542915149 4258349
1655185235748149585 4124620
1655185235954562800 4463470
1655185236159879944 4385659
