1655184392680109139 5709319
1655184392890393083 9446080
1655184393096144049 4611870
1655184393301081245 4558430
1655184393506343150 4915140
1655184393711189136 4393920
1655184393917440521 5094900
1655184394123233915 4638999
1655184394328668292 4950770
1655184394534597246 4866490
1655184394741836062 6117559
1655184394948805287 5815790
1655184395154531113 4608550
1655184395360247508 5189830
1655184395565738283 4796080
1655184395771486658 4538480
1655184395977300901 4703529
1655184396182886669 4509840
1655184396388306374 5077150
1655184396594029716 4656779
1655184396799222944 4756220
1655184397004739979 5186020
1655184397210621283 4689200
1655184397417020350 5251329
1655184397622748395 4523020
1655184397828900310 4990269
1655184398034896956 4890370
1655184398240073941 4702609
1655184398445065325 4630890
1655184398651412941 5221940
1655184398857448577 5121640
1655184399062304423 4561400
1655184399267412398 4736769
1655184399472534223 4736030
1655184399678545879 4854070
1655184399883979623 5010659
1655184400090372270 5219340
1655184400295587974 4818439
1655184400501436070 4802580
1655184400706619376 4804749
1655184400911691791 4573399
1655184401116795055 4639919
1655184401322325621 5024129
1655184401528090806 4637880
1655184401733847372 5412799
1655184401939820347 4845890
1655184402145750883 4754440
1655184402351623348 4671200
1655184402556988653 4827609
1655184402762669727 4559370
1655184402968906043 4908439
1655184403174830458 4720140
1655184403380644334 4688120
1655184403585779309 4775740
1655184403790964775 4658160
1655184403996927660 4743219
1655184404203032326 4949350
1655184404407938101 4540640
1655184404613323514 4918350
1655184404818980572 4829808
1655184405024826897 4759459
1655184405230895092 4887279
1655184405435955928 4663989
1655184405642036381 5020180
1655184405847671915 4494650
1655184406053060523 4971579
1655184406258174690 4755270
1655184406463058994 4527840
1655184406668590449 5027430
1655184406873919994 4970740
1655184407079084949 4819719
1655184407284466806 4376220
1655184407490006091 5056700
1655184407695792526 4641770
1655184407901504291 4444059
1655184408107580277 4783100
1655184408313486351 4564740
1655184408519228547 4605499
1655184408725419082 4797730
1655184408931324348 4754890
1655184409137332683 4867310
1655184409345106708 5369440
1655184409551515171 5284250
1655184409756616479 4675420
1655184409962361654 4593789
1655184410168209317 5501329
1655184410373437074 4865398
1655184410578580619 4782830
1655184410785127401 5382390
1655184410990944880 4534860
1655184411197197934 4970309
1655184411402562920 5016110
1655184411608828336 5871420
1655184411814702797 4551130
1655184412020660226 4811380
1655184412227403822 5586010
1655184412432833167 4976219
1655184412638773082 4775460
1655184412844348238 4568140
1655184413049718183 5005020
1655184413255990148 5205980
1655184413460703723 4321789
1655184413667131098 4943769
1655184413872416004 4910110
1655184414077697829 4745749
1655184414283106175 4366650
1655184414487857870 4376909
1655184414692687746 4411110
1655184414897920381 4976260
1655184415104265354 5388110
1655184415308922792 4300390
1655184415514221347 4163590
1655184415719447962 4140750
1655184415923981598 4074910
1655184416129146080 4564619
1655184416334586558 5112399
1655184416539004503 4096199
1655184416745080619 4852050
1655184416949817151 4364550
1655184417154523648 4281980
1655184417359735523 4134910
1655184417565275390 4467570
1655184417770027293 4340540
1655184417975909760 4762900
1655184418181621295 4606580
1655184418386778541 4189990
1655184418591581996 3986459
1655184418797439952 4144750
1655184419003946896 4774830
1655184419209377862 4238609
1655184419414261017 4428029
1655184419620019273 4496140
1655184419825607008 4189750
1655184420032757223 5290019
1655184420242061998 8998889
1655184420450188783 5198919
1655184420656644329 6019170
1655184420862922032 5106470
1655184421070349329 5415140
1655184421277505384 5536390
1655184421484224049 5520450
1655184421690480143 4991709
1655184421898850479 7205620
1655184422107851814 6855900
1655184422314802810 5605160
1655184422524159622 8300409
1655184422731051070 6578310
1655184422938833765 7327999
1655184423146356760 5576879
1655184423354192674 6287790
1655184423560716181 5992090
1655184423768581796 7294989
1655184423977804650 8136669
1655184424187529755 7721939
1655184424395534057 5769040
1655184424602946346 6160820
1655184424809525811 4778099
1655184425018614196 6876279
1655184425223836770 4908360
1655184425430557684 5316610
1655184425637741001 5784269
1655184425844642357 5704560
1655184426052692252 5973200
1655184426260044757 7115300
1655184426466835612 5883090
1655184426674325147 5464220
1655184426881225393 6430470
1655184427088510334 5885359
1655184427295145563 5505039
1655184427502824198 6607989
1655184427710781822 6137140
1655184427917232079 5238519
1655184428124517443 5912179
1655184428333229439 7774239
1655184428542628014 8898859
1655184428750743318 5954770
1655184428956604734 5500300
1655184429164614930 5838400
1655184429371197113 4878790
1655184429578545639 6211829
1655184429785829576 5266800
1655184429994537940 5442509
1655184430200945126 5190860
1655184430406740972 4809920
1655184430613644377 5704029
1655184430821009172 5914249
1655184431027957438 6636440
1655184431236094583 6876310
1655184431443562338 5272070
1655184431651024343 6314400
1655184431858007148 6640200
1655184432065009083 6467049
1655184432279283324 12529329
1655184432485035373 5414229
1655184432692770107 6589900
1655184432901707464 7380360
1655184433108880508 6465399
1655184433317159173 7134820
1655184433522148838 4642649
1655184433727068774 4588990
1655184433933464679 4818230
1655184434139858304 5237490
1655184434345918079 4460140
1655184434551514044 4560630
1655184434756807686 4777309
1655184434961813835 4673700
1655184435166718050 4646619
1655184435372619426 4366000
1655184435577855461 4819909
1655184435783521766 5129649
1655184435988684272 4517540
1655184436194338706 4965419
1655184436399732932 4101830
1655184436604221897 4129810
1655184436808834523 4203620
1655184437013732067 4548480
1655184437218796573 4686560
1655184437423622849 4451400
1655184437629304913 4641740
1655184437834080986 4432210
1655184438038708505 4249620
1655184438244797150 4790629
1655184438449844995 4052149
1655184438654776471 4499620
1655184438860371686 4583270
1655184439065171681 4410289
1655184439270712144 4505579
1655184439475544191 4338520
1655184439680325586 4221259
1655184439885572413 4288500
1655184440090833098 4139389
1655184440295458914 4223040
1655184440501137698 4534540
1655184440705987173 4471590
1655184440911295109 4142220
1655184441116820313 4454620
1655184441322155503 4908479
1655184441528229482 4889649
1655184441732917391 4304760
1655184441937598196 4522600
1655184442142117632 4077920
1655184442347708635 4487480
1655184442552451782 4372589
1655184442758575886 5046090
1655184442963803900 4097409
1655184443168791597 4508921
1655184443374476221 4377189
1655184443579695959 4085880
1655184443784652674 3912129
1655184443989693439 4651480
1655184444195688293 4919530
1655184444400820726 4611110
1655184444608336115 6426420
1655184444814621689 5900150
1655184445020626734 4602410
1655184445226364181 5399610
1655184445433002536 5472690
1655184445637965813 4591009
1655184445843735093 4771770
1655184446048699371 4710250
1655184446253895371 4845480
1655184446459556200 4698020
1655184446664979848 4996129
1655184446870089533 4650169
1655184447076314858 5091090
1655184447281670814 4885350
1655184447487840288 4980039
1655184447692918873 4674549
1655184447898252209 4763528
1655184448104178654 4695589
1655184448309295899 4691760
1655184448515140574 4712540
1655184448720351461 4668949
1655184448926678815 5095179
1655184449132644501 4816530
1655184449338976826 5258109
1655184449546529711 5669039
1655184449752978537 5302280
1655184449958337402 4824770
1655184450163819005 4368859
1655184450369501421 5179010
1655184450575608538 4860660
1655184450781739242 5035130
1655184450986894458 4639930
1655184451192840654 4763040
1655184451398473498 5105109
1655184451604354984 4800979
1655184451810218499 4784880
1655184452016219614 5540969
1655184452221587829 4861020
1655184452426931015 4962689
1655184452632966231 4930550
1655184452839331166 5116280
1655184453044584638 4890929
1655184453249836945 4907990
1655184453455156828 4801870
1655184453660964427 5152030
1655184453866486401 4473540
1655184454072136307 4646090
1655184454277174971 4619170
1655184454482601246 4985230
1655184454688457549 4724139
1655184454894709478 5117240
1655184455100448862 4527630
1655184455305550309 4593479
1655184455511488434 4782159
1655184455716735970 4712040
1655184455922154875 4956190
1655184456127931609 4643059
1655184456333045705 4794380
1655184456539263121 5183510
1655184456745306135 4981629
1655184456950640771 4883459
1655184457156202285 4920270
1655184457362705682 5767019
1655184457568892177 5082439
1655184457774734312 5437640
1655184457979965486 4215360
1655184458185273503 4918740
1655184458390530548 4727099
1655184458596267143 4528549
1655184458801817336 5030550
1655184459006631854 4302890
1655184459213023560 5003150
1655184459417817832 4331139
1655184459622936210 4719760
1655184459827929065 4523479
1655184460033139090 4808619
1655184460239068815 4727139
1655184460446926280 6208350
1655184460652601546 4580770
1655184460857772381 4704280
1655184461062832257 4480590
1655184461267799392 4424090
1655184461472345327 4375439
1655184461677792893 4356320
1655184461883452217 4611040
1655184462089478562 4845619
1655184462295240462 4616310
1655184462500545421 4814840
1655184462706235559 4661810
1655184462911647464 4314870
1655184463117230339 5234679
1655184463323160142 5352470
1655184463529031479 4886179
1655184463734697005 4572389
1655184463940679460 4950149
1655184464146240775 4632760
1655184464351460609 4197679
1655184464556199796 4347760
1655184464760945319 4452120
1655184464967431776 5062779
1655184465175088022 7157550
1655184465381164155 4424570
1655184465586978572 5501720
1655184465794889087 5347690
1655184466000691340 5424799
1655184466205957217 4995970
1655184466411347630 4969030
1655184466617532959 5166120
1655184466823009092 5153399
1655184467029283469 5271669
1655184467237475062 7052340
1655184467444631829 5077729
1655184467651792685 5900030
1655184467858674610 5903190
1655184468065993885 5205219
1655184468271424441 4601000
1655184468478061536 5289070
1655184468683858491 4492120
1655184468888652356 4459600
1655184469094369612 4423340
1655184469301268917 5462650
1655184469506990832 5252469
1655184469712442225 4917459
1655184469918277562 4512410
1655184470124434848 4756500
1655184470329742433 4799970
1655184470535554498 4455610
1655184470741812682 4598089
1655184470947929769 4826680
1655184471154222791 4913539
1655184471359894519 5256920
1655184471566376634 4583279
1655184471772197938 5163950
1655184471978386704 5382159
1655184472183753840 4816220
1655184472391309455 6077329
1655184472597362001 4604680
1655184472803699145 5022780
1655184473009857641 4853820
1655184473217007386 5461580
1655184473423596711 5380030
1655184473629069346 5060590
1655184473835757541 5439270
1655184474046734686 9658930
1655184474251762171 4411179
1655184474458058335 5812450
1655184474663640872 5087759
1655184474870967307 6989329
1655184475076061132 4782399
1655184475282161878 5221700
1655184475488961941 5119390
1655184475695773978 6316989
1655184475902683842 5480180
1655184476109577378 4784810
1655184476314729954 4807240
1655184476521671629 5871619
1655184476727857994 5021700
1655184476933764019 5449660
1655184477140022665 4991020
1655184477346368360 5272900
1655184477551962115 5124480
1655184477757933300 5528859
1655184477964955625 5488720
1655184478174122420 6453730
1655184478381234954 5830210
1655184478587474461 4997620
1655184478793242466 5242070
1655184478998852451 5004539
1655184479204535817 5209920
1655184479411100112 5289680
1655184479617553087 5054119
1655184479823364802 5420530
1655184480029957557 5438410
1655184480236354681 5336849
1655184480442224675 5531109
1655184480649384563 5777390
1655184480855795774 5333590
1655184481061665653 4984530
1655184481267210359 5142109
1655184481476840432 8278740
1655184481683945649 5179819
1655184481890596794 6216029
