1653836667355207352	1
1653836668365837247	2
1653836669547224017	3
1653836669615087521	4
1653836669886062095	5
1653836669991069678	6
1653836670014044798	7
1653836670024997475	8
1653836670117221811	9
1653836670353984103	10
1653836670422597985	11
1653836670456993237	12
1653836670590963681	13
1653836670616087856	14
1653836670652205162	15
1653836670657084720	16
1653836670798562990	17
1653836670817711337	18
1653836670903037766	19
1653836670923700540	20
1653836670968100645	21
1653836670999990938	22
1653836671108130421	23
1653836671125058679	24
1653836671195080864	25
1653836671301144718	26
1653836671320605076	27
1653836671333080301	28
1653836671494074847	29
1653836671608078094	30
1653836671630126007	31
1653836671709203332	32
1653836671761130244	33
1653836671824017616	34
1653836671846327223	35
1653836671921712667	36
1653836671938282400	37
1653836671950087590	38
1653836672093125802	39
1653836672123109259	40
1653836672132097789	41
1653836672215339468	42
1653836672222450141	43
1653836672269217273	44
1653836672335275347	45
1653836672358055222	46
1653836672383884848	47
1653836672428298106	48
1653836672496126508	49
1653836672517192757	50
1653836672565069628	51
1653836672630096349	52
1653836672680225231	53
1653836672697138582	54
1653836672806153827	55
1653836672819217582	56
1653836672929690064	57
1653836673029170013	58
1653836673028494590	58
1653836673065010004	59
1653836673144578446	60
1653836673197135044	61
1653836673239288952	62
1653836673322159163	63
1653836673354101872	64
1653836673364041810	65
1653836673372037174	66
1653836673460360860	67
1653836673540346211	68
1653836673549201627	69
1653836673590210445	70
1653836673598774744	71
1653836673645164753	72
1653836673670495250	73
1653836673685277392	74
1653836673765611866	75
1653836673847319262	76
1653836673849124399	77
1653836673863191696	78
1653836673937521097	79
1653836673943221295	80
1653836673952268690	81
1653836673960762031	82
1653836674042371312	83
1653836674053200831	84
1653836674201129158	85
1653836674215904600	86
1653836674219607441	87
1653836674235312749	88
1653836674241241425	89
1653836674319338635	90
1653836674337233794	91
1653836674360120968	92
1653836674415241697	93
1653836674436400756	94
1653836674476231229	95
1653836674545142810	96
1653836674717181259	97
1653836674721266580	98
1653836674743395992	99
1653836674778205903	100
1653836674813197172	101
1653836674909083497	102
1653836674947199170	103
1653836675027091944	104
1653836675074192821	105
1653836675118937100	106
1653836675123042236	107
1653836675171143929	108
1653836675324255725	109
1653836675471079249	110
1653836675492223301	111
1653836675593982549	112
1653836675619548197	113
1653836675867412047	114
1653836676068951101	115
1653836676076242312	116
1653836676190406195	117
1653836676229621066	118
1653836676237129853	119
1653836676240702163	120
1653836676527222324	121
1653836676528217255	122
1653836676619571204	123
1653836676644113153	124
1653836676650327203	125
1653836676657574469	126
1653836676668789751	127
1653836676747259574	128
1653836676763502978	129
1653836676788633519	130
1653836676846215368	131
1653836676854066041	132
1653836676876909434	133
1653836676932165339	134
1653836676937070293	135
1653836676949849921	136
1653836676973174038	137
1653836677036242931	138
1653836677067170733	139
1653836677076077279	140
1653836677159201131	141
1653836677177135525	142
1653836677179116235	143
1653836677316253130	144
1653836677415117395	145
1653836677420085105	146
1653836677493249904	147
1653836677918286590	148
1653836677931280465	149
1653836678023371978	150
1653836678054254155	151
1653836678128465377	152
1653836678204296575	153
1653836678326137242	154
1653836678328580722	155
1653836678347396140	156
1653836678402124240	157
1653836678523287556	158
1653836678610208479	159
1653836678622463050	160
1653836678635481376	161
1653836678640175669	162
1653836678702410300	163
1653836678719318911	164
1653836678827416481	165
1653836678835682426	166
1653836678873765423	167
1653836678920317111	168
1653836678954885113	169
1653836678995358366	170
1653836679017345631	171
1653836679065344088	172
1653836679079378267	173
1653836679101336837	174
1653836679143690115	175
1653836679262352497	176
1653836679723982682	177
1653836679899406155	178
1653836679919992593	179
1653836680074877372	180
1653836680103393989	181
1653836680223445709	182
1653836680415602457	183
1653836680431280937	184
1653836680468396723	185
1653836680614578682	186
1653836681015176968	187
1653836681031188513	188
1653836681055861004	189
1653836681119338740	190
1653836681181144499	191
1653836681317184981	192
1653836681431176942	193
1653836681502368041	194
1653836681695474263	195
1653836681830326078	196
1653836682008389988	197
1653836682103943946	198
1653836682120285882	199
1653836682122422273	200
1653836682191579113	201
1653836682460867384	202
1653836682542266593	203
1653836682553194774	204
1653836682592714431	205
1653836682720306841	206
1653836682811366661	207
1653836682853462261	208
1653836682867964128	209
1653836682920406182	210
1653836682920830917	210
1653836683002614746	211
1653836683041068759	212
1653836683136676760	213
1653836683146904184	214
1653836683153174769	215
1653836683506122476	216
1653836683595404952	217
1653836683626504392	218
1653836683690438246	219
1653836683730401093	220
1653836683743169445	221
1653836683823380962	222
1653836683931194526	223
1653836684073478207	224
1653836684220148250	225
1653836684296243400	226
1653836684310748481	227
1653836684359208613	228
1653836684433205951	229
1653836684519862293	230
1653836684605460996	231
1653836684696149450	232
1653836684808216643	233
1653836684821926239	234
1653836685006857824	235
1653836685014416317	236
1653836685227607572	237
1653836685470168867	238
1653836685508509669	239
1653836685530849166	240
1653836685604816527	241
1653836685729198783	242
1653836685793435900	243
1653836685903466626	244
1653836685916612706	245
1653836686105436817	246
1653836686112677449	247
1653836686120409046	248
1653836686199632285	249
1653836686228722909	250
1653836686399489915	251
1653836686430160205	252
1653836686677741058	253
1653836686864486105	254
1653836686995563548	255
1653836687131580389	256
1653836687136749619	257
1653836687136588543	257
1653836687143484021	258
1653836687153493793	259
1653836687231975796	260
1653836687425193777	261
1653836687462487064	262
1653836687488590358	263
1653836687497082795	264
1653836687541493963	265
1653836687560500709	266
1653836687602458995	267
1653836687665944613	268
1653836687711525051	269
1653836687729480839	270
1653836687907456851	271
1653836687992452788	272
1653836688026710560	273
1653836688117428738	274
1653836688185497964	275
1653836688220808879	276
1653836688312729436	277
1653836688374611376	278
1653836688421913628	279
1653836688519189639	280
1653836688525478900	281
1653836688610542139	282
1653836688690471793	283
1653836688803492794	284
1653836688881442122	285
1653836688928543804	286
1653836688930384367	287
1653836688967022731	288
1653836689097836712	289
1653836689126524056	290
1653836689129485239	291
1653836689305035576	292
1653836689390968120	293
1653836689436721684	294
1653836689511467146	295
1653836689704516264	296
1653836689801606872	297
1653836689829533945	298
1653836689862501053	299
1653836689877130282	300
1653836689905595618	301
1653836690020575104	302
1653836690068618463	303
1653836690074220804	304
1653836690098733655	305
1653836690192956755	306
1653836690313572689	307
1653836690506537594	308
1653836690607962220	309
1653836690660682888	310
1653836690671562994	311
1653836690696508902	312
1653836690768540062	313
1653836690812133590	314
1653836690955423910	315
1653836691078163548	316
1653836691373596185	317
1653836691452542805	318
1653836691521310584	319
1653836691629317755	320
1653836691767080355	321
1653836691802599918	322
1653836691862288277	323
1653836692003583082	324
1653836692101594438	325
1653836692157919298	326
1653836692230389017	327
1653836692258504022	328
1653836692311410300	329
1653836692318563025	330
1653836692414773589	331
1653836692433621971	332
1653836692560294163	333
1653836692575416336	334
1653836692670515178	335
1653836692715386553	336
1653836692730301130	337
1653836692898240152	338
1653836693033088870	339
1653836693096325909	340
1653836693501011938	341
1653836693594706885	342
1653836693715824211	343
1653836693769359517	344
1653836693864026080	345
1653836693917414350	346
1653836694228710110	347
1653836694235451788	348
1653836694243313521	349
1653836694533317162	350
1653836694615606923	351
1653836694703963002	352
1653836694714502056	353
1653836694908698929	354
1653836695020537150	355
1653836695165383699	356
1653836695184834318	357
1653836695197788185	358
1653836695323775878	359
1653836695334401870	360
1653836695365961870	361
1653836695518704337	362
1653836695621695229	363
1653836695636022001	364
1653836695711671631	365
1653836695853995096	366
1653836696425254974	367
1653836696631483442	368
1653836696724458990	369
1653836696929769358	370
1653836696921479634	370
1653836697028430669	371
1653836697076486552	372
1653836697118805320	373
1653836697135833321	374
1653836697149785164	375
1653836697162487920	376
1653836697355908500	377
1653836697357086742	378
1653836697353546202	377
1653836697570520476	378
1653836697615410505	379
1653836697680992032	380
1653836697725991137	381
1653836697770759014	382
1653836697822511740	383
1653836697844788357	384
1653836697943859929	385
1653836697998304967	386
1653836698028660429	387
1653836698098727654	388
1653836698129067439	389
1653836698216139318	390
1653836698262437682	391
1653836698309517202	392
1653836698364554519	393
1653836698393779385	394
1653836698434353783	395
1653836698531872282	396
1653836698564674543	397
1653836698715823694	398
1653836698757786852	399
1653836698789902393	400
1653836698809030129	401
1653836698854252738	402
1653836698881035862	403
1653836698940966706	404
1653836698972669950	405
1653836699024616736	406
1653836699081196792	407
1653836699167772353	408
1653836699215531181	409
1653836699235861322	410
1653836699271693844	411
1653836699302734655	412
1653836699351964932	413
1653836699361530346	414
1653836699368486402	415
1653836699450465226	416
1653836699459847085	417
1653836699486980049	418
1653836699580238473	419
1653836699626842686	420
1653836699641727311	421
1653836699663681407	422
1653836699734377168	423
1653836699767744703	424
1653836699848599809	425
1653836699882374936	426
1653836699937785772	427
1653836700000278394	428
1653836700019399283	429
1653836700090568525	430
1653836700125314301	431
1653836700135364285	432
1653836700281235000	433
1653836700323298503	434
1653836700345246878	435
1653836700373019289	436
1653836700432684204	437
1653836700520752253	438
1653836700606487613	439
1653836700619287822	440
1653836700706399838	441
1653836700719075427	442
1653836700729728939	443
1653836700821514694	444
1653836700874768078	445
1653836700910968277	446
1653836700942025145	447
1653836700963890693	448
1653836701024112151	449
1653836701100796768	450
1653836701181693950	451
1653836701231530492	452
1653836701231530710	452
1653836701246949991	453
1653836701312020295	454
1653836701331586642	455
1653836701349503396	456
1653836701404749889	457
1653836701462029573	458
1653836701484986133	459
1653836701591028735	460
1653836701727194070	461
1653836701775030093	462
1653836701775062262	462
1653836701788352387	463
1653836702110287683	464
1653836702114521704	465
1653836702193895659	466
1653836702210352141	467
1653836702248495357	468
1653836702346625045	469
1653836702384126823	470
1653836702394011923	471
1653836702518255058	472
1653836702839075401	473
1653836702899974133	474
1653836703070004443	475
1653836703125921833	476
1653836703141915625	477
1653836703234873996	478
1653836703262891420	479
1653836703333158304	480
1653836703384034507	481
1653836703437530651	482
1653836703480044072	483
1653836703495038323	484
1653836703529017416	485
1653836703707997092	486
1653836703808960902	487
1653836703845970401	488
1653836703861465626	489
1653836703883097730	490
1653836703937973165	491
1653836703952571767	492
1653836703970608301	493
1653836704045064999	494
1653836704098119262	495
1653836704178985033	496
1653836704218886630	497
1653836704357042548	498
1653836704380954899	499
1653836704376547455	499
1653836704413335134	500
1653836704464836175	501
1653836704530223085	502
1653836704574474135	503
1653836704643381651	504
1653836704664128670	505
1653836704725629147	506
1653836704853177335	507
1653836704906552222	508
1653836704923070356	509
1653836704949891753	510
1653836704975843717	511
1653836705048390622	512
1653836705113863687	513
1653836705205404005	514
1653836705226397486	515
1653836705276581172	516
1653836705322188349	517
1653836705332030444	518
1653836705388020391	519
1653836705454891529	520
1653836705471792027	521
1653836705502034370	522
1653836705521915994	523
1653836705566819166	524
1653836705621418522	525
1653836705713499484	526
1653836705719418156	527
1653836705833608909	528
1653836705919313178	529
1653836706016009924	530
1653836706041582519	531
1653836706104413175	532
1653836706128539565	533
1653836706149979482	534
1653836706217551414	535
1653836706383020425	536
1653836706417377600	537
1653836706445857608	538
1653836706529075147	539
1653836706530759246	539
1653836706698689833	540
1653836706706811123	541
1653836706745888948	542
1653836706806527362	543
1653836706903892195	544
1653836706964006489	545
1653836707020476639	546
1653836707086771556	547
1653836707188492334	548
1653836707244993453	549
1653836707252957941	550
1653836707310933071	551
1653836707314049586	552
1653836707344610012	553
1653836707363233056	554
1653836707410430253	555
1653836707444183458	556
1653836707473539120	557
1653836707498279572	558
1653836707555925100	559
1653836707628964321	560
1653836707729329599	561
1653836707748144820	562
1653836707799378775	563
1653836707878553986	564
1653836707929078307	565
1653836708016489007	566
1653836708031602421	567
1653836708117543420	568
1653836708144986163	569
1653836708201623326	570
1653836708229822956	571
1653836708302668795	572
1653836708329626655	573
1653836708383065329	574
1653836708410942010	575
1653836708456987559	576
1653836708507981279	577
1653836708537015345	578
1653836708573473967	579
1653836708592615692	580
1653836708657409122	581
1653836708662526990	582
1653836708735065300	583
1653836708749011862	584
1653836708777508879	585
1653836708845787898	586
1653836708944184682	587
1653836709030860746	588
1653836709046169969	589
1653836709094499576	590
1653836709159154079	591
1653836709181007226	592
1653836709233953011	593
1653836709273390101	594
1653836709394089955	595
1653836709403998715	596
1653836709418917374	597
1653836709442531563	598
1653836709496110074	599
1653836709532968409	600
1653836709562962151	601
1653836709684761642	602
1653836709729207592	603
1653836709769063148	604
1653836709789741183	605
1653836709867415722	606
1653836709873689652	606
1653836709951214202	607
1653836709987750233	608
1653836710042090013	609
1653836710053992799	610
1653836710119175140	611
1653836710218007011	612
1653836710294332084	613
1653836710316081219	614
1653836710335608600	615
1653836710431961822	616
1653836710476956731	617
1653836710489446470	618
1653836710561695139	619
1653836710589124322	620
1653836710635723768	621
1653836710662701834	622
1653836710692982211	623
1653836710740862184	624
1653836710779000516	625
1653836710791788277	626
1653836710850984645	627
1653836710909367402	628
1653836710944996036	629
1653836711013332520	630
1653836711099567650	631
1653836711207342941	632
1653836711260354788	633
1653836711265171892	634
1653836711310187235	635
1653836711372545118	636
1653836711477042471	637
1653836711584030283	638
1653836711612034187	639
1653836711654050681	640
1653836711712008736	641
1653836711815019719	642
1653836711903723355	643
1653836711905814079	644
1653836711940149737	645
1653836711981631927	646
1653836712038454914	647
1653836712177007343	648
1653836712184740209	648
1653836712543097908	649
1653836712570080109	650
1653836712602990026	651
1653836712692199369	652
1653836712735971340	653
1653836712902865546	654
1653836712960630236	655
1653836713022029961	656
1653836713041386589	657
1653836713201607754	658
1653836713238572948	659
1653836713245240462	660
1653836713268520223	661
1653836713310137829	662
1653836713331113808	663
1653836713378590758	664
1653836713444995714	665
1653836713497942586	666
1653836713506598841	667
1653836713541183268	668
1653836713545584200	669
1653836713601288170	670
1653836713633729462	671
1653836713639409405	672
1653836713694827126	673
1653836713705008393	674
1653836713759062692	675
1653836713792011959	676
1653836713818514223	677
1653836713916228264	678
1653836713954089707	679
1653836714007617088	680
1653836714089945760	681
1653836714152585528	682
1653836714163833967	683
1653836714246033522	684
1653836714265182461	685
1653836714278175660	686
1653836714346080479	687
1653836714382242959	688
1653836714399118437	689
1653836714452527182	690
1653836714519848106	691
1653836714566356624	692
1653836714590922646	693
1653836714641968659	694
1653836714678268972	695
1653836714690768020	696
1653836714791322878	697
1653836714803184624	698
1653836714823855060	699
1653836714873044663	700
1653836714901158865	701
1653836715018535246	702
1653836715040002237	703
1653836715048504646	704
1653836715058341115	705
1653836715158660814	706
1653836715150576228	706
1653836715166062646	707
1653836715331079006	708
1653836715335744392	708
1653836715730399452	709
1653836715746851616	710
1653836715773519773	711
1653836715783780755	710
1653836715800661875	711
1653836715829074354	712
1653836715852741886	713
1653836715926259302	714
1653836715933396993	715
1653836715941292264	716
1653836715953940284	717
1653836716029391279	718
1653836716040504721	719
1653836716039459774	719
1653836716056992299	720
1653836716138562059	721
1653836716143939292	721
1653836716210406676	722
1653836716236324727	723
1653836716252745636	724
1653836716275505154	725
1653836716390666160	726
1653836716413174707	727
1653836716457946702	728
1653836716562401843	729
1653836716658816069	730
1653836716792195187	731
1653836716911701355	732
1653836716936431798	733
1653836717061282113	734
1653836717067892133	734
1653836717063516287	735
1653836717175587987	736
1653836717180088215	737
1653836717187170758	738
1653836717302544545	739
1653836717350207377	740
1653836717367242602	741
1653836717393358778	742
1653836717457457346	743
1653836717461009228	744
1653836717489212119	745
1653836717578360929	746
1653836717582419412	747
1653836717634073416	748
1653836717658070502	749
1653836717715445632	750
1653836717733844639	751
1653836717750757895	752
1653836717790396374	753
1653836717814848155	754
1653836717839173557	755
1653836717910067788	756
1653836717919432630	757
1653836717947069617	758
1653836717966566049	759
1653836717992022234	760
1653836718079215501	761
1653836718143465009	762
1653836718146164510	763
1653836718167804260	764
1653836718174419608	765
1653836718271460975	766
1653836718299887761	767
1653836718351192376	768
1653836718461380162	769
1653836718573046345	770
1653836718577022886	771
1653836718586995610	772
1653836718662055902	773
1653836718679022735	774
1653836718691262848	775
1653836718825145685	776
1653836718843291944	777
1653836718892708038	778
1653836718942144141	779
1653836719029218754	780
1653836719063986255	781
1653836719090937648	782
1653836719134454173	783
1653836719168039128	784
1653836719192838690	785
1653836719252149287	786
1653836719270172750	787
1653836719326063586	788
1653836719347478837	789
1653836719392322102	790
1653836719413729362	791
1653836719458689799	792
1653836719541875706	793
1653836719543207667	794
1653836719618051610	795
1653836719695917424	796
1653836719719203267	797
1653836719767919909	798
1653836719832227241	799
1653836719863313185	800
1653836719895861650	801
1653836719918546746	802
1653836719960823850	803
1653836719986534270	804
1653836720002782095	805
1653836720136251919	806
1653836720140393413	807
1653836720170953176	808
1653836720235158630	809
1653836720305009185	810
1653836720370080830	811
1653836720411480388	812
1653836720472447565	813
1653836720498196778	814
1653836720527081899	815
1653836720575161344	816
1653836720604624138	817
1653836720678453157	818
1653836720711109309	819
1653836720782443321	820
1653836720795902969	821
1653836720849181117	822
1653836720908158343	823
1653836720973253898	824
1653836721018254647	825
1653836721061487704	826
1653836721091395305	827
1653836721110351115	828
1653836721169188836	829
1653836721210120067	830
1653836721271323910	831
1653836721319408734	832
1653836721360452608	833
1653836721449135800	834
1653836721472260037	835
1653836721580452117	836
1653836721593143199	837
1653836721652389001	838
1653836721667172058	839
1653836721718092452	840
1653836721726842617	841
1653836721967400856	842
1653836722098974755	843
1653836722305450565	844
1653836722414128087	845
1653836722438386049	846
1653836722538010511	847
1653836722643989200	848
1653836722776137088	849
1653836722851156888	850
1653836723133118637	851
1653836723132602055	851
1653836723220632305	852
1653836723236389967	853
1653836723453271999	854
1653836723502190147	855
1653836723544509543	856
1653836723619465258	857
1653836723619991297	858
1653836723649960214	859
1653836723691097426	860
1653836723814045993	861
1653836723871237118	862
1653836723915504278	863
1653836723975002609	864
1653836723978735350	864
1653836724032937308	865
1653836724092956976	866
1653836724107938530	867
1653836724135331870	868
1653836724208063791	869
1653836724317576726	870
1653836724385196284	871
1653836724428708181	872
1653836724480217492	873
1653836724534358472	874
1653836724576585430	875
1653836724626433742	876
1653836724653215178	877
1653836724703940155	878
1653836724799128707	879
1653836724821486881	880
1653836724863244197	881
1653836725002238499	882
1653836725003309562	883
1653836725059787401	884
1653836725151946081	885
1653836725168857809	886
1653836725170819587	886
1653836725238923051	887
1653836725272918872	888
1653836725300907050	889
1653836725357027062	890
1653836725379181574	891
1653836725416998964	892
1653836725497265157	893
1653836725610284466	894
1653836725636122954	895
1653836725685965566	896
1653836725697118372	897
1653836725778177884	898
1653836725796547200	899
1653836726107386324	900
1653836726118224755	901
1653836726208280092	902
1653836726236628051	903
1653836726267169385	904
1653836726408837752	905
