1654668791003174849 0
1654668792004394123 0
1654668793005490817 0
1654668794006664077 0
1654668795007904978 0
1654668796009063536 0
1654668797010217557 0
1654668798011393808 0
1654668799012558365 0
1654668800013729106 0
1654668801014890106 0
1654668802016055113 0
1654668803017251792 0
1654668804018408074 0
1654668805019539723 31
1654668806020711881 39
1654668807021638781 37
1654668808022764783 44
1654668809023907242 46
1654668810025090673 29
1654668811026320668 19
1654668812027547332 44
1654668813028727689 38
1654668814029894838 26
1654668815031059822 0
1654668816032257043 0
1654668817033465895 0
1654668818034676329 0
1654668819035891919 0
1654668820037079874 11
1654668821038264320 46
1654668822039431631 58
1654668823040603565 46
1654668824041771170 48
1654668825042891568 61
1654668826044065271 34
1654668827045237401 66
1654668828046484755 35
1654668829047666396 52
1654668830048854135 44
1654668831049528510 39
1654668832050699366 42
1654668833051868979 54
1654668834053052278 23
1654668835053519851 39
1654668836054697245 18
1654668837055873320 59
1654668838057051663 26
1654668839058187034 74
1654668840059376166 38
1654668841060562560 36
1654668842061746844 49
1654668843062876014 33
1654668844064108499 34
1654668845065286579 23
1654668846065502494 31
1654668847065643021 44
1654668848066828787 38
1654668849068009249 40
1654668850069174848 48
1654668851070277396 50
1654668852071448254 28
1654668853072621427 43
1654668854073804022 53
1654668855074984115 47
1654668856076165386 43
1654668857077331345 39
1654668858077576487 35
1654668859078757226 29
1654668860079935405 59
1654668861081029418 51
1654668862082267754 40
1654668863083507980 50
1654668864084741358 51
1654668865085964815 55
1654668866087202538 28
1654668867088441433 38
1654668868089677130 52
1654668869090922883 31
1654668870092169042 43
1654668871093408706 32
1654668872094642278 33
1654668873095883176 24
1654668874097135542 50
1654668875098373030 12
1654668876099617614 37
1654668877100856677 43
1654668878102053690 41
1654668879103286265 17
1654668880104561740 53
1654668881105732267 30
1654668882106963192 24
1654668883108199520 16
1654668884109439932 0
1654668885110681783 0
1654668886111914374 0
1654668887113131545 0
1654668888113642466 0
1654668889114900210 67
1654668890116079822 69
1654668891117330776 47
1654668892118562636 63
1654668893119796402 51
1654668894121042166 38
1654668895122292080 23
1654668896123528903 29
1654668897124774558 20
1654668898126026287 24
1654668899127268343 14
1654668900128502044 25
1654668901129742692 14
1654668902130976840 9
1654668903132224070 10
1654668904133424725 8
1654668905134668459 1
1654668906135902513 4
1654668907137133549 10
1654668908137573575 5
1654668909138809569 1
1654668910140058586 2
1654668911141297743 0
1654668912142519470 0
1654668913143746037 0
1654668914144984577 3
1654668915146226960 4
1654668916147449031 2
1654668917148677008 3
1654668918149920787 1
1654668919151180818 3
1654668920152433572 1
1654668921153725356 1
1654668922154957155 2
1654668923156188582 3
1654668924157430787 2
1654668925158669499 0
1654668926159904275 0
1654668927161134709 0
1654668928162349865 0
1654668929163612618 0
1654668930164198741 0
1654668931165438367 0
1654668932166676369 0
1654668933167928212 0
1654668934169177554 0
1654668935170413845 0
1654668936171659566 0
1654668937172734817 0
1654668938173333148 0
1654668939174608346 0
1654668940175847885 0
1654668941177071818 0
1654668942177650207 0
1654668943178878237 0
1654668944180112372 0
1654668945181348430 0
1654668946182571970 0
1654668947183803931 0
1654668948185011077 0
1654668949186256440 0
1654668950187495977 0
1654668951188725964 0
1654668952189961226 0
1654668953191197842 0
1654668954192423770 0
1654668955193664113 0
1654668956194885823 0
1654668957196112787 0
1654668958197357692 0
1654668959198628119 0
1654668960199871508 0
