1654669693714037388 0
1654669694715336816 0
1654669695716579563 0
1654669696717846054 0
1654669697719094158 0
1654669698720332144 0
1654669699721564474 0
1654669700722803473 0
1654669701724055934 0
1654669702725300957 0
1654669703726544408 0
1654669704727780316 0
1654669705729035296 0
1654669706730275626 4
1654669707730654131 29
1654669708731867003 43
1654669709733081038 39
1654669710734320477 29
1654669711735541263 26
1654669712736743679 25
1654669713737914604 60
1654669714739152463 58
1654669715740359941 39
1654669716741570107 40
1654669717742823336 45
1654669718744043027 106
1654669719745294591 84
1654669720746655343 90
1654669721747900116 70
1654669722749068057 38
1654669723750216689 49
1654669724751414063 65
1654669725752626338 60
1654669726753861271 59
1654669727754567942 83
1654669728755805733 57
1654669729757035631 38
1654669730758271882 85
1654669731759440556 60
1654669732760586227 69
1654669733761743888 53
1654669734762943064 36
1654669735764045483 51
1654669736765244521 51
1654669737766439553 18
1654669738766657497 20
1654669739767854550 42
1654669740769008031 52
1654669741770129346 98
1654669742770662030 78
1654669743771852801 63
1654669744773083376 48
1654669745774259177 43
1654669746774669701 52
1654669747775877867 50
1654669748777023067 67
1654669749778098600 44
1654669750778674196 50
1654669751779754889 51
1654669752780925310 59
1654669753782054263 54
1654669754782589570 62
1654669755783777003 62
1654669756785024953 50
1654669757786010793 71
1654669758787230590 28
1654669759788467811 14
1654669760789699728 4
1654669761790941028 34
1654669762792189905 64
1654669763793405083 46
1654669764794680894 41
1654669765795898401 64
1654669766797073450 37
1654669767798306415 38
1654669768799551223 52
1654669769800794929 43
1654669770802039258 37
1654669771803280011 52
1654669772804585638 43
1654669773805788630 47
1654669774807034850 71
1654669775808289214 18
1654669776809539960 36
1654669777810792928 41
1654669778812020990 81
1654669779813272184 60
1654669780814512483 45
1654669781814687105 34
1654669782815881565 71
1654669783817112244 34
1654669784818301642 36
1654669785818595302 34
1654669786819736867 40
1654669787820916831 42
1654669788822093282 35
1654669789823276807 23
1654669790824465850 31
1654669791825651928 55
1654669792826824594 39
1654669793827986586 26
1654669794829147731 10
1654669795830326493 9
1654669796830719809 0
1654669797831929658 4
1654669798833107453 3
1654669799834284075 1
1654669800835449414 0
1654669801836592376 0
1654669802837772827 4
1654669803838936277 0
1654669804840095078 10
1654669805841284596 8
1654669806842494579 0
1654669807843651030 0
1654669808844811060 0
1654669809845984364 0
1654669810846656151 0
1654669811847200025 0
1654669812848468738 0
1654669813849713895 0
1654669814850947130 0
1654669815852195184 0
1654669816853443893 0
1654669817854680465 0
1654669818855911895 0
1654669819857107118 0
1654669820858345504 0
1654669821859598422 0
1654669822860839923 0
1654669823862071951 0
1654669824863364931 0
1654669825864609433 0
1654669826865866443 0
1654669827867106467 0
1654669828868353317 0
1654669829869579753 0
1654669830870810878 0
1654669831872047534 0
1654669832873295060 0
1654669833874595145 0
1654669834875835048 0
1654669835877093576 0
1654669836878308670 0
1654669837879552978 0
1654669838880712747 0
1654669839881941187 0
1654669840883199538 0
1654669841884446412 0
1654669842885674796 0
1654669843886912730 0
1654669844888150175 0
1654669845889396611 0
1654669846890678594 0
1654669847891907305 0
1654669848893193580 0
1654669849894415163 0
1654669850895647250 0
1654669851896893239 0
1654669852898144643 0
1654669853898661554 0
1654669854899879485 0
1654669855901125255 0
1654669856902382006 0
1654669857903597356 0
1654669858904829850 0
1654669859905990864 0
1654669860906655646 0
1654669861907858320 0
1654669862909100676 0
1654669863910412083 0
1654669864911688533 0
1654669865912946363 0
1654669866914202333 0
1654669867915439005 0
1654669868916669842 0
1654669869917902754 0
1654669870919134355 0
1654669871920374859 0
1654669872921615770 0
1654669873922850111 0
1654669874924082696 0
1654669875925329783 0
1654669876926582076 0
1654669877927828242 0
1654669878929064404 0
1654669879930296543 0
1654669880931525258 0
1654669881932768866 0
1654669882934013653 0
1654669883935267139 0
1654669884936523172 0
1654669885937842248 0
1654669886938709814 0
