1654667439006355939 0
1654667440007637655 0
1654667441008884316 0
1654667442009824305 0
1654667443011007572 0
1654667444012255743 0
1654667445013516186 0
1654667446014691982 0
1654667447015863034 0
1654667448017032825 0
1654667449018194994 6
1654667450019363784 48
1654667451020536248 38
1654667452021703685 47
1654667453022876447 31
1654667454024036942 44
1654667455025204364 38
1654667456026334113 38
1654667457027501237 33
1654667458028661922 48
1654667459029788840 48
1654667460030913258 31
1654667461032037753 59
1654667462033203315 26
1654667463034325264 47
1654667464035459880 35
1654667465036639706 47
1654667466037610724 43
1654667467038776352 53
1654667468039944835 30
1654667469041111735 35
1654667470042285958 31
1654667471043457591 42
1654667472044618627 47
1654667473045785934 36
1654667474046900486 28
1654667475048023840 40
1654667476049196137 39
1654667477050366540 56
1654667478051534874 42
1654667479052697593 31
1654667480053857885 29
1654667481054974044 44
1654667482056146657 48
1654667483057314717 32
1654667484057548783 42
1654667485058724143 41
1654667486059856268 39
1654667487061024206 56
1654667488061582750 55
1654667489062707199 47
1654667490063832531 36
1654667491064962948 46
1654667492065640196 61
1654667493066763669 60
1654667494067936625 47
1654667495069110328 39
1654667496070273118 55
1654667497071448748 36
1654667498072622169 31
1654667499073565670 45
1654667500074700091 37
1654667501075843379 63
1654667502077015194 38
1654667503077589423 42
1654667504078706454 44
1654667505079881606 47
1654667506081035615 27
1654667507082204395 52
1654667508083409885 44
1654667509084576010 32
1654667510085754530 30
1654667511086917443 35
1654667512088089568 36
1654667513089258825 26
1654667514090390226 28
1654667515091528055 54
1654667516092704672 42
1654667517093863251 30
1654667518094997111 28
1654667519096154499 51
1654667520097267084 30
1654667521098440923 61
1654667522099616529 50
1654667523100785698 50
1654667524101944712 40
1654667525103079134 34
1654667526104259139 49
1654667527105557297 39
1654667528106729960 44
1654667529107823157 31
1654667530108989650 51
1654667531109503393 31
1654667532110681301 51
1654667533111844527 43
1654667534113011942 40
1654667535113429304 33
1654667536114545782 76
1654667537115711147 53
1654667538116879444 51
1654667539118041751 41
1654667540119203151 10
1654667541120327651 2
1654667542121502066 1
1654667543122667651 0
1654667544123833265 0
1654667545124994454 0
1654667546126212278 0
1654667547127390408 0
1654667548128568741 2
1654667549129569477 0
1654667550130833007 0
1654667551132081040 0
1654667552133322873 1
1654667553134566173 0
1654667554135800867 0
1654667555137028981 0
1654667556138024355 0
1654667557139275621 0
1654667558140509033 1
1654667559141558012 0
1654667560142744928 0
1654667561143981625 0
1654667562145217399 0
1654667563146439704 0
1654667564147666612 0
1654667565148886957 0
1654667566150137539 0
1654667567151402148 0
1654667568152639317 0
1654667569153630150 0
1654667570154865553 0
1654667571156099020 0
1654667572157335783 0
