1654667116789418857 0
1654667117790738488 0
1654667118791961744 0
1654667119793214621 0
1654667120794468887 0
1654667121795704572 0
1654667122797002964 0
1654667123797563687 0
1654667124798806897 0
1654667125800040383 0
1654667126801288446 26
1654667127802537458 29
1654667128803791599 23
1654667129805035605 22
1654667130806270654 36
1654667131807507182 23
1654667132808752517 30
1654667133808968225 23
1654667134810213725 36
1654667135811447986 36
1654667136812683778 45
1654667137813568060 29
1654667138814772000 38
1654667139816015484 39
1654667140817250532 32
1654667141818500363 21
1654667142819751831 27
1654667143820990880 33
1654667144821586997 40
1654667145822832112 30
1654667146824068162 36
1654667147825300360 34
1654667148825636353 37
1654667149826862296 25
1654667150828094638 32
1654667151829326533 37
1654667152829576840 40
1654667153830821094 28
1654667154832079041 24
1654667155833317115 28
1654667156833590290 33
1654667157834834237 33
1654667158836081338 24
1654667159837327161 23
1654667160837636104 37
1654667161838877447 33
1654667162840123723 34
1654667163841308969 42
1654667164842553462 31
1654667165843794455 39
1654667166845039534 35
1654667167845648373 46
1654667168846877753 14
1654667169848141453 11
1654667170849410373 18
1654667171850647817 49
1654667172851896255 29
1654667173853129204 27
1654667174853576930 34
1654667175854814184 26
1654667176856055096 21
1654667177857289422 46
1654667178858533434 35
1654667179859770516 33
1654667180860958394 32
1654667181862199671 29
1654667182863439620 36
1654667183864663544 40
1654667184865572630 26
1654667185866775901 30
1654667186868020035 24
1654667187869242251 46
1654667188870500044 14
1654667189871755696 29
1654667190872990298 37
1654667191874150619 30
1654667192875401649 30
1654667193876622858 54
1654667194877857957 24
1654667195879031007 17
1654667196880242994 52
1654667197881475306 26
1654667198881642000 40
1654667199882844785 53
1654667200884087150 34
1654667201885331329 46
1654667202886530861 26
1654667203887769295 23
1654667204889006103 35
1654667205889527117 30
1654667206890655100 37
1654667207891829490 35
1654667208893006750 33
1654667209893524081 44
1654667210894650153 33
1654667211895825419 32
1654667212897008461 35
1654667213898179762 42
1654667214899357396 37
1654667215900524272 37
1654667216901514965 19
1654667217902638185 2
1654667218903798976 0
1654667219904989267 0
1654667220906191313 1
1654667221907323997 0
1654667222908484588 0
1654667223909637385 0
1654667224910818569 0
1654667225911999357 0
1654667226913164774 0
1654667227914324250 1
1654667228915481650 0
1654667229916636970 1
1654667230917799683 0
1654667231918976658 0
1654667232920051805 0
1654667233921205101 0
1654667234922372152 0
1654667235923543032 0
1654667236924720258 0
1654667237925887865 0
1654667238927046708 0
1654667239928206669 0
1654667240929468792 0
1654667241930659137 0
1654667242931854820 0
1654667243932993529 0
1654667244934190995 0
1654667245935322494 0
1654667246936487379 0
1654667247937507951 0
1654667248938639715 0
1654667249939814597 0
1654667250940991374 0
1654667251941503331 0
1654667252942632524 0
1654667253943799203 0
1654667254944984164 0
1654667255945418517 0
1654667256946557422 0
1654667257947739698 0
1654667258948819319 0
1654667259949472611 0
1654667260950608626 0
1654667261951794902 0
1654667262952881997 0
1654667263953483316 0
1654667264954679269 0
1654667265955763722 0
1654667266956831214 0
1654667267957413537 0
1654667268958484840 0
1654667269959608874 0
1654667270960718062 0
1654667271961471250 0
1654667272962554875 0
1654667273963646133 0
1654667274964074800 0
1654667275965326548 0
1654667276966556100 0
1654667277967789460 0
