1654665987506507589 0
1654665988506784496 0
1654665989507927773 0
1654665990509115063 0
1654665991510292399 0
1654665992511428572 0
1654665993512667996 0
1654665994513854148 0
1654665995514597979 0
1654665996515753685 2
1654665997516944753 4
1654665998518044169 1
1654665999519289933 4
1654666000520374252 3
1654666001521603888 3
1654666002522504704 0
1654666003522613797 2
1654666004523689516 3
1654666005524908884 3
1654666006526128777 3
1654666007527359394 3
1654666008528590816 4
1654666009529823296 4
1654666010530641004 1
1654666011531869202 3
1654666012533095909 4
1654666013534353820 1
1654666014535618463 5
1654666015536848825 2
1654666016538000654 5
1654666017539230719 4
1654666018540464488 4
1654666019541705820 1
1654666020542953923 4
1654666021544198023 3
1654666022545408823 2
1654666023546632670 3
1654666024547874558 5
1654666025549113229 1
1654666026550345874 4
1654666027551578375 1
1654666028552820769 5
1654666029554056757 3
1654666030555303226 2
1654666031556544804 4
1654666032557774921 2
1654666033559020395 6
1654666034560259490 1
1654666035561503296 4
1654666036562669170 3
1654666037563902506 4
1654666038565147367 4
1654666039566389971 0
1654666040567631104 4
1654666041568864682 2
1654666042570099166 3
1654666043571340112 3
1654666044572570289 2
1654666045573854839 4
1654666046575083422 3
1654666047576311861 3
1654666048577555678 4
1654666049578800746 2
1654666050580042853 4
1654666051581283249 2
1654666052582532534 2
1654666053583085945 4
1654666054584277142 3
1654666055585470615 3
1654666056586599137 2
1654666057587716234 2
1654666058588894463 6
1654666059590073655 2
1654666060591235146 5
1654666061592392195 3
1654666062593550734 4
1654666063594708713 5
1654666064595930033 1
1654666065597089274 7
1654666066598247180 2
1654666067599405630 2
1654666068600577485 2
1654666069601750322 2
1654666070602930112 4
1654666071604099209 1
1654666072605281997 2
1654666073605922237 1
1654666074607168049 3
1654666075608389385 2
1654666076609622713 2
1654666077610850790 3
1654666078612095127 5
1654666079613339031 3
1654666080614585317 5
1654666081615829874 0
1654666082617067203 2
1654666083618320839 2
1654666084619571289 5
1654666085620819333 4
1654666086622040933 0
1654666087623276340 0
1654666088624525942 0
1654666089625772005 0
