1654668112090506386 0
1654668113091631849 0
1654668114092878865 0
1654668115094094614 0
1654668116095335794 0
1654668117096581428 0
1654668118097831983 0
1654668119099069864 0
1654668120100317787 0
1654668121101555556 0
1654668122102801549 21
1654668123104051755 44
1654668124105295326 25
1654668125106529288 65
1654668126107759851 35
1654668127109010149 47
1654668128110257841 36
1654668129111496263 37
1654668130112732596 52
1654668131114039180 60
1654668132115274313 62
1654668133116512678 60
1654668134117735342 57
1654668135118971124 50
1654668136120172012 47
1654668137121465196 61
1654668138122689062 48
1654668139123939294 54
1654668140125118731 37
1654668141126358865 44
1654668142127598388 32
1654668143128832332 31
1654668144129516801 48
1654668145130749744 56
1654668146131984979 43
1654668147133231021 45
1654668148134478476 64
1654668149135724830 46
1654668150136980543 45
1654668151138155583 63
1654668152139329672 52
1654668153140576987 51
1654668154141787609 47
1654668155143023408 35
1654668156144303552 61
1654668157145613106 50
1654668158146460047 35
1654668159147708086 54
1654668160148951930 45
1654668161150188278 46
1654668162151415313 41
1654668163152657644 39
1654668164153891393 62
1654668165155129411 40
1654668166156374206 48
1654668167157628047 39
1654668168158873842 43
1654668169160118684 36
1654668170161359097 28
1654668171162584728 44
1654668172163827552 38
1654668173165072731 39
1654668174165561384 57
1654668175166793869 32
1654668176168011000 55
1654668177169147395 57
1654668178170340137 51
1654668179171587106 54
1654668180172819644 65
1654668181173638004 48
1654668182174880265 55
1654668183176114027 33
1654668184177347235 35
1654668185178592314 42
1654668186179743372 49
1654668187180993196 67
1654668188181618599 53
1654668189182862604 25
1654668190184101739 18
1654668191185398806 51
1654668192186633787 51
1654668193187847178 63
1654668194189093562 49
1654668195190409754 40
1654668196191641779 45
1654668197192718363 40
1654668198193546225 43
1654668199194747233 47
1654668200195986834 43
1654668201197231630 60
1654668202197708753 63
1654668203198836921 28
1654668204200051631 27
1654668205201338737 44
1654668206201619986 74
1654668207202853007 37
1654668208204027304 43
1654668209205292387 43
1654668210206532935 47
1654668211207762795 37
1654668212209085203 35
1654668213209482930 22
1654668214210122579 6
1654668215211371698 10
1654668216212605111 1
1654668217213848462 7
1654668218214934985 2
1654668219216169020 1
1654668220217411256 0
1654668221217580255 0
1654668222218814926 0
1654668223220053692 0
1654668224221285647 0
1654668225222518404 0
1654668226223750118 0
1654668227224997806 0
1654668228226240738 0
1654668229227477042 0
1654668230228722152 0
1654668231229971512 0
1654668232231208033 0
1654668233232412997 0
1654668234233648880 0
1654668235234880878 0
1654668236236109417 0
1654668237237356493 0
1654668238238622105 0
1654668239239864962 0
1654668240241104959 0
1654668241242345636 0
1654668242243584735 0
1654668243244822065 0
1654668244246048967 0
1654668245247276279 0
1654668246248503373 0
1654668247249745014 0
1654668248250991550 0
1654668249252233359 0
1654668250253473503 0
1654668251254716662 0
1654668252255956120 0
1654668253257194005 0
1654668254258434021 0
1654668255259684670 0
1654668256260936021 0
1654668257262183725 0
1654668258263430955 0
