1654667583111883493 0
1654667584113174335 0
1654667585114397927 0
1654667586115658181 0
1654667587116897645 0
1654667588118117554 0
1654667589119348245 0
1654667590120580241 0
1654667591121820880 0
1654667592123060303 0
1654667593124298856 26
1654667594125494666 43
1654667595126745557 48
1654667596127979625 35
1654667597128326807 23
1654667598129526780 43
1654667599129966247 31
1654667600131135811 48
1654667601132337139 39
1654667602133615250 23
1654667603134853968 22
1654667604136093436 40
1654667605136262466 25
1654667606136447922 49
1654667607137684615 50
1654667608138946764 41
1654667609140262747 40
1654667610141506707 50
1654667611142728653 29
1654667612143983951 49
1654667613145171887 48
1654667614146421260 25
1654667615147673523 49
1654667616148887719 29
1654667617150134505 29
1654667618151340901 27
1654667619152334114 47
1654667620153574928 32
1654667621154820879 36
1654667622156064642 32
1654667623156362035 40
1654667624157597249 51
1654667625158864758 42
1654667626160103711 45
1654667627161387947 29
1654667628162613695 51
1654667629163862212 32
1654667630165070355 48
1654667631165862710 32
1654667632167108315 56
1654667633168436359 37
1654667634169644880 42
1654667635170869145 34
1654667636172207148 38
1654667637173425184 57
1654667638174660746 54
1654667639175880090 31
1654667640177117311 41
1654667641178359563 48
1654667642179586108 47
1654667643180819928 37
1654667644182031351 45
1654667645183274261 54
1654667646184491121 23
1654667647185712609 41
1654667648186940391 37
1654667649188200340 43
1654667650189411658 38
1654667651190638253 50
1654667652191870701 46
1654667653193169239 35
1654667654194408449 37
1654667655195631479 55
1654667656196908591 37
1654667657198149866 20
1654667658199367604 50
1654667659200454286 25
1654667660201693848 24
1654667661202943664 43
1654667662204188465 34
1654667663205426270 29
1654667664206664850 33
1654667665207892237 63
1654667666209165374 34
1654667667210545284 34
1654667668211771469 34
1654667669213021697 51
1654667670214248387 54
1654667671215479940 46
1654667672216724264 33
1654667673217961616 63
1654667674219202899 35
1654667675220442591 39
1654667676221664802 45
1654667677222885461 58
1654667678224104078 44
1654667679225375346 52
1654667680226620921 42
1654667681227859488 27
1654667682229083430 31
1654667683230323222 24
1654667684231552421 9
1654667685232767115 5
1654667686234006193 0
1654667687235215095 0
1654667688236445268 1
1654667689237684258 0
1654667690238930143 5
1654667691240152014 0
1654667692240267285 0
1654667693241465889 0
1654667694242696433 1
1654667695243941388 0
1654667696245196300 4
1654667697246423881 0
1654667698247651670 0
1654667699248884296 0
1654667700250099822 1
1654667701251355762 0
1654667702252600390 0
1654667703253836849 0
1654667704255050997 0
1654667705256313413 0
1654667706257563957 1
1654667707258800006 0
1654667708260030603 0
1654667709261279385 0
1654667710262532682 0
1654667711263774057 0
1654667712265000913 0
1654667713266233429 0
1654667714267463407 0
1654667715268714595 0
1654667716269943670 0
1654667717271174532 0
1654667718272403071 0
1654667719273637935 0
1654667720274895098 0
1654667721276165845 0
1654667722277398423 0
1654667723278633430 0
1654667724279810827 0
1654667725281029389 0
1654667726282273151 0
1654667727283500681 0
1654667728284737841 0
1654667729285983365 0
1654667730287231115 0
1654667731288270040 0
1654667732289494494 0
1654667733290733343 0
1654667734291971174 0
1654667735293226309 0
1654667736294473348 0
1654667737295698855 0
1654667738296286385 0
1654667739297522769 0
1654667740298763040 0
1654667741300000613 0
1654667742301230952 0
1654667743302460815 0
1654667744303701312 0
1654667745304954750 0
1654667746306202186 0
1654667747307434001 0
1654667748308662637 0
1654667749309896243 0
1654667750311154353 0
