1654666953981081811 0
1654666954982384513 0
1654666955983570881 0
1654666956984684922 0
1654666957985855103 0
1654666958987105406 0
1654666959988297023 0
1654666960989424816 0
1654666961990611299 0
1654666962991797704 0
1654666963993004192 0
1654666964994167344 0
1654666965995328455 0
1654666966996499087 0
1654666967997621273 0
1654666968998806874 0
1654666969999971221 0
1654666971000234402 0
1654666972001360637 0
1654666973002493479 0
1654666974003673687 0
1654666975004839663 0
1654666976005993612 0
1654666977007163743 0
1654666978008412468 0
1654666979009523408 0
1654666980010705437 0
1654666981011907331 0
1654666982013073541 0
1654666983014196485 0
1654666984015391466 0
1654666985016562049 0
1654666986017722698 0
1654666987018880039 0
1654666988020041039 0
1654666989020235301 0
1654666990021358958 0
1654666991022520583 0
1654666992023687088 0
1654666993024293611 0
1654666994025490157 0
1654666995026701314 0
1654666996027870609 0
1654666997029041735 0
1654666998030126968 0
1654666999031282717 0
1654667000032441662 0
1654667001033623931 0
1654667002034819735 0
1654667003035993771 0
1654667004037177381 0
1654667005038349134 0
1654667006039510336 0
1654667007040663297 0
1654667008041765598 0
1654667009042953589 0
1654667010044141620 0
1654667011045281845 0
1654667012046453811 0
1654667013047600767 0
1654667014048809390 0
1654667015050003403 0
1654667016051176324 0
1654667017052340114 0
1654667018053428333 0
1654667019054603485 0
1654667020055777630 0
1654667021056946723 0
1654667022058113433 0
1654667023059194006 0
1654667024060255684 0
1654667025061403446 0
1654667026062558315 0
1654667027063720190 0
1654667028064908468 0
1654667029066071010 0
1654667030067233456 0
1654667031068415727 0
1654667032069541648 0
1654667033070696372 0
1654667034071879309 0
1654667035073056055 0
1654667036074212601 0
1654667037075371788 0
1654667038076540195 0
1654667039077710106 0
1654667040078879561 0
1654667041080045998 0
1654667042081209962 0
1654667043082377266 0
1654667044083559380 0
1654667045084739966 0
1654667046085913088 0
1654667047087073057 0
1654667048088234458 0
1654667049089403417 0
1654667050090569653 0
1654667051091739445 0
1654667052092258653 0
1654667053093455335 0
1654667054094635867 0
1654667055095851621 0
1654667056097025769 0
1654667057098187020 0
1654667058099347399 0
1654667059100254731 0
1654667060101430039 0
1654667061102610785 0
1654667062103788645 0
1654667063104949414 0
1654667064106131659 0
1654667065107303031 0
1654667066108233554 0
1654667067109401001 0
1654667068110563236 0
1654667069111759571 0
1654667070112932489 0
1654667071114104306 0
1654667072115286145 0
1654667073116459601 0
1654667074117595068 0
1654667075118781359 0
1654667076119920181 0
1654667077121081087 0
1654667078122234516 0
1654667079123396551 0
1654667080124231805 0
1654667081125396800 0
1654667082126560032 0
1654667083127725934 0
1654667084128911815 0
1654667085130087024 0
1654667086131247306 0
1654667087132404605 0
1654667088133564726 0
1654667089134725251 0
1654667090135900201 0
1654667091136295794 0
1654667092137458119 0
1654667093138617393 0
1654667094139807114 0
1654667095140230579 0
1654667096141413612 0
1654667097142582216 0
1654667098143762613 0
1654667099144933853 0
1654667100146121280 0
1654667101147306893 0
1654667102148503396 0
1654667103149692999 0
