1654668445985900621 0
1654668446987292077 0
1654668447988477675 0
1654668448989725261 0
1654668449990993489 0
1654668450992239274 0
1654668451993481858 0
1654668452994714868 0
1654668453995952200 0
1654668454997179705 0
1654668455997576607 15
1654668456998807725 28
1654668458000044419 15
1654668459001300137 33
1654668460002543960 62
1654668461003791840 44
1654668462005030736 57
1654668463006266581 59
1654668464007508645 47
1654668465008737898 56
1654668466009984108 45
1654668467011220922 47
1654668468012390064 59
1654668469013641890 23
1654668470014883019 80
1654668471015990182 40
1654668472017137152 63
1654668473017709869 62
1654668474018972348 48
1654668475020225755 38
1654668476021408402 23
1654668477022653588 46
1654668478023904287 61
1654668479025147473 31
1654668480026377327 28
1654668481027603681 53
1654668482028822861 38
1654668483030063324 62
1654668484031299296 51
1654668485032532214 55
1654668486033713643 46
1654668487034950743 37
1654668488036188174 43
1654668489037444707 50
1654668490037579052 63
1654668491038789910 55
1654668492039945774 37
1654668493041191945 42
1654668494041645589 72
1654668495042773575 54
1654668496043894346 50
1654668497045062900 27
1654668498045634928 61
1654668499046764750 47
1654668500047895149 42
1654668501049070652 42
1654668502049409464 35
1654668503049699850 41
1654668504050824577 52
1654668505051954505 44
1654668506053052253 34
1654668507054144292 38
1654668508054421153 53
1654668509055591014 54
1654668510056903312 46
1654668511058116972 75
1654668512059376547 47
1654668513060538006 35
1654668514061598784 37
1654668515062803848 65
1654668516064053789 55
1654668517065356010 62
1654668518065698463 66
1654668519066943281 53
1654668520068186638 48
1654668521069435616 54
1654668522070671318 62
1654668523071902385 44
1654668524073135927 66
1654668525074384251 47
1654668526075623029 45
1654668527076865084 51
1654668528077139914 85
1654668529078392626 35
1654668530079559459 50
1654668531080413705 63
1654668532081721905 69
1654668533082952661 27
1654668534084152776 51
1654668535085401165 32
1654668536086604301 50
1654668537087837116 72
1654668538089080799 53
1654668539089481904 41
1654668540090685784 44
1654668541091918195 55
1654668542093148287 48
1654668543093453834 26
1654668544094695289 30
1654668545095925400 49
1654668546097148889 45
1654668547097630714 37
1654668548098872405 17
1654668549100115774 15
1654668550101324808 12
1654668551102557325 3
1654668552103784489 2
1654668553105016437 1
1654668554106243673 0
1654668555107475430 1
1654668556108702347 0
1654668557109938866 0
1654668558111172854 0
1654668559112418224 0
1654668560113661041 0
1654668561114907889 0
1654668562116131759 1
1654668563117371406 0
1654668564118620461 0
1654668565119854793 0
1654668566121086776 0
1654668567122321816 0
1654668568123568160 0
1654668569124823831 0
1654668570126033503 0
1654668571127287542 0
1654668572128537303 2
1654668573129772897 0
1654668574131003854 0
1654668575132236430 0
1654668576133467512 0
1654668577134703922 0
1654668578135952449 0
1654668579137190843 0
1654668580138030620 0
1654668581139271617 0
1654668582140501968 0
1654668583141738392 0
1654668584142971139 0
1654668585144200107 0
1654668586145422415 0
1654668587146650602 0
1654668588147925883 0
1654668589149173892 0
1654668590150429091 0
1654668591151672549 0
1654668592152888955 0
1654668593153636649 0
1654668594154764134 0
1654668595155922028 0
1654668596157072543 0
1654668597157573021 0
1654668598158820415 0
1654668599160066129 0
