1654667760988397844 0
1654667761989692438 0
1654667762990948365 0
1654667763991773894 0
1654667764992807005 0
1654667765994055226 0
1654667766995302862 0
1654667767996538733 0
1654667768997760043 0
1654667769999009724 0
1654667771000240839 15
1654667772001487729 32
1654667773002739831 53
1654667774003915789 37
1654667775005152841 22
1654667776005631359 53
1654667777006866225 60
1654667778008106457 48
1654667779009342396 42
1654667780010591207 34
1654667781011766950 38
1654667782013002959 40
1654667783014209451 38
1654667784015503236 35
1654667785016723012 46
1654667786017622224 26
1654667787018875279 39
1654667788020085332 50
1654667789021330720 46
1654667790022591097 27
1654667791023863630 52
1654667792025095776 54
1654667793026341337 45
1654667794027577610 40
1654667795028823444 48
1654667796030068365 35
1654667797031225255 41
1654667798032443160 36
1654667799033690139 54
1654667800034929290 49
1654667801036167279 47
1654667802037456385 31
1654667803037578067 53
1654667804038818069 43
1654667805040050134 47
1654667806041241445 61
1654667807042464067 50
1654667808043697349 32
1654667809044935372 40
1654667810045631810 47
1654667811046863339 61
1654667812048071861 40
1654667813049238958 49
1654667814050397724 57
1654667815051632672 39
1654667816052865802 49
1654667817053742838 58
1654667818054824399 62
1654667819056058806 40
1654667820057282595 51
1654667821058487889 37
1654667822059719729 44
1654667823060963253 60
1654667824062202929 49
1654667825063424752 53
1654667826064668671 43
1654667827065571015 51
1654667828066813878 31
1654667829068009593 32
1654667830069248941 55
1654667831070483667 53
1654667832071677037 40
1654667833072909067 35
1654667834073626123 42
1654667835074825544 39
1654667836076073635 45
1654667837077316517 57
1654667838078564861 51
1654667839079799573 41
1654667840081040503 43
1654667841082283036 29
1654667842083516825 16
1654667843084767304 54
1654667844085558525 53
1654667845086756181 44
1654667846088006757 11
1654667847089251850 54
1654667848089633688 62
1654667849090838524 42
1654667850090972337 36
1654667851092215634 50
1654667852093464547 36
1654667853094710208 40
1654667854095951670 47
1654667855097188693 25
1654667856098425080 31
1654667857099661799 48
1654667858100904312 57
1654667859101572916 64
1654667860102832392 44
1654667861104080570 32
1654667862105317542 14
1654667863106568787 8
1654667864107810057 4
1654667865109008119 3
1654667866110255068 3
1654667867111496276 2
1654667868112732212 0
1654667869113967593 0
1654667870115202026 0
1654667871116435204 2
1654667872117667177 0
1654667873118904735 2
1654667874120138777 0
1654667875121370173 0
1654667876122623270 1
1654667877123860163 2
1654667878125097209 0
1654667879126340992 0
1654667880127576205 0
1654667881128828781 0
1654667882130080119 0
1654667883131324905 0
1654667884132566335 0
1654667885133715127 0
1654667886134955000 1
1654667887136203749 3
1654667888137439879 0
1654667889138672191 0
1654667890139912788 0
1654667891141159096 0
1654667892142388163 0
1654667893143628222 0
1654667894144867825 0
1654667895146104068 0
1654667896147349340 0
1654667897148601639 0
1654667898149844614 0
1654667899151086750 0
1654667900152322384 0
1654667901153613922 0
1654667902154843506 0
1654667903156086762 0
1654667904157347892 0
1654667905157575106 0
1654667906158843953 0
1654667907160094644 0
1654667908161334657 0
1654667909162538455 0
1654667910163751145 0
1654667911164943531 0
1654667912166183106 0
1654667913167412650 0
1654667914168649139 0
1654667915169884251 0
1654667916171084717 0
1654667917172337138 0
1654667918173576237 0
1654667919174809349 0
1654667920176037069 0
1654667921177261129 0
1654667922178489202 0
