1654666446108544217 0
1654666447109846296 0
1654666448111082782 0
1654666449112343158 0
1654666450113029492 0
1654666451114247763 0
1654666452115483033 0
1654666453116719059 0
1654666454117954238 0
1654666455119207211 3
1654666456120451454 22
1654666457121693362 16
1654666458122941657 20
1654666459124197910 20
1654666460125485469 15
1654666461126728759 8
1654666462127958859 16
1654666463129203771 27
1654666464130446398 4
1654666465131700041 8
1654666466132934823 9
1654666467134170937 18
1654666468134649085 14
1654666469135897603 15
1654666470137147106 15
1654666471138400115 16
1654666472139653789 11
1654666473140911922 13
1654666474142154258 16
1654666475143406192 14
1654666476144666223 7
1654666477145910735 16
1654666478147144892 16
1654666479148392895 17
1654666480149634639 12
1654666481150859818 19
1654666482152087383 15
1654666483153322681 15
1654666484154561300 10
1654666485155801739 16
1654666486156944515 11
1654666487158178608 9
1654666488159412136 13
1654666489160656730 10
1654666490161909192 6
1654666491163149847 17
1654666492164311063 17
1654666493165556737 16
1654666494166787016 13
1654666495168025185 20
1654666496169258376 17
1654666497169648830 12
1654666498170885010 19
1654666499172122300 19
1654666500173372124 11
1654666501174615165 11
1654666502175869498 16
1654666503177118123 12
1654666504178355501 15
1654666505178618848 14
1654666506179860268 22
1654666507181100036 3
1654666508182334544 11
1654666509183581524 12
1654666510184830662 20
1654666511186083523 13
1654666512186648353 10
1654666513187891134 13
1654666514189133195 9
1654666515190377257 11
1654666516191620713 24
1654666517192863843 18
1654666518194098475 22
1654666519195408842 15
1654666520196664327 12
1654666521197906234 18
1654666522199146684 22
1654666523200389433 21
1654666524201556709 19
1654666525202800487 8
1654666526204028800 8
1654666527205262665 22
1654666528206481692 16
1654666529207709688 26
1654666530208953503 14
1654666531210200076 12
1654666532211439287 15
1654666533212678689 10
1654666534213921389 7
1654666535214646357 13
1654666536215886074 19
1654666537217128132 11
1654666538218369119 13
1654666539219619178 20
1654666540220866888 17
1654666541222107022 12
1654666542223342039 13
1654666543224573445 7
1654666544225750833 13
1654666545226895075 9
1654666546228059010 3
1654666547229214150 0
1654666548230374087 0
1654666549231509697 0
1654666550232697797 0
