1654668610624330721 0
1654668611625643721 0
1654668612626902105 0
1654668613628155742 0
1654668614629384239 0
1654668615630619920 0
1654668616631900794 0
1654668617633126775 0
1654668618634360856 0
1654668619634607077 0
1654668620635853157 14
1654668621637098622 30
1654668622638353810 31
1654668623639630733 53
1654668624640857045 39
1654668625642118181 22
1654668626643381521 77
1654668627644612514 63
1654668628645856052 38
1654668629647099627 67
1654668630648332377 44
1654668631649534028 56
1654668632650608479 68
1654668633651807963 59
1654668634653053716 72
1654668635654298954 55
1654668636655553861 63
1654668637656803433 49
1654668638658046557 43
1654668639659289083 70
1654668640660508858 57
1654668641661745832 59
1654668642662992075 31
1654668643664236062 49
1654668644665469212 27
1654668645666707585 55
1654668646667945300 38
1654668647669182004 24
1654668648670438070 6
1654668649671679200 1
1654668650672865268 41
1654668651674116182 57
1654668652675353959 42
1654668653676591451 43
1654668654677835967 6
1654668655679059527 6
1654668656680283618 2
1654668657681516657 8
1654668658682707756 47
1654668659683943063 56
1654668660685150901 37
1654668661686392789 40
1654668662687645184 46
1654668663688888121 54
1654668664690172363 43
1654668665691474100 52
1654668666692678938 37
1654668667693919739 34
1654668668695162859 72
1654668669696395333 49
1654668670697642108 50
1654668671698872639 51
1654668672700103963 56
1654668673701338822 44
1654668674702595124 39
1654668675703845250 41
1654668676705080882 35
1654668677706315927 25
1654668678707557960 49
1654668679708799260 66
1654668680710038000 65
1654668681710634903 40
1654668682711874820 29
1654668683713124558 35
1654668684714362045 39
1654668685715611352 41
1654668686716882797 63
1654668687718120361 56
1654668688718670291 39
1654668689719804072 53
1654668690721034758 57
1654668691722274757 57
1654668692723514518 29
1654668693724757419 63
1654668694725998761 42
1654668695727231644 32
1654668696728467182 41
1654668697729646232 52
1654668698730895443 44
1654668699732144212 48
1654668700733390981 65
1654668701734601062 66
1654668702735788198 49
1654668703737030466 49
1654668704738274779 44
1654668705738596271 62
1654668706739670303 41
1654668707740911766 55
1654668708742144389 69
1654668709743388736 59
1654668710744537998 23
1654668711745779986 8
1654668712747017307 6
1654668713748252735 2
1654668714749496673 1
1654668715750719455 0
1654668716751946998 0
1654668717753177311 0
1654668718754445709 0
1654668719755695331 0
1654668720756880105 0
1654668721758130832 1
1654668722759367304 0
1654668723760604311 0
1654668724761835541 0
1654668725763065086 0
1654668726764294516 0
1654668727765534503 0
1654668728766761033 0
1654668729768004060 0
1654668730769254411 0
1654668731770553507 0
1654668732771778490 0
1654668733772942187 0
1654668734774195128 0
1654668735775444097 0
1654668736776678081 0
1654668737777911804 0
1654668738779119075 0
1654668739780366358 0
1654668740781625018 0
1654668741782864576 0
1654668742784098560 0
1654668743785336903 0
1654668744786586211 0
1654668745787830818 0
1654668746789062393 0
1654668747790297651 0
1654668748791547115 0
1654668749792792755 0
1654668750794047634 0
1654668751794660623 0
1654668752795896633 0
1654668753797083987 0
1654668754798325505 0
1654668755799561021 0
1654668756800794413 0
1654668757802026304 0
1654668758803271582 0
1654668759804515371 0
1654668760805765653 0
1654668761807008793 0
1654668762808239656 0
1654668763809512202 0
1654668764810780931 0
1654668765812011645 0
1654668766813242702 0
1654668767814490855 0
1654668768815714207 0
1654668769816959603 0
1654668770818215780 0
1654668771819463672 0
1654668772820711329 0
1654668773821959969 0
1654668774823199368 0
1654668775824441947 0
1654668776825689533 0
1654668777826982342 0
1654668778828233212 0
1654668779829477601 0
