1654667933217546287 0
1654667934218854178 0
1654667935220095117 0
1654667936221294622 0
1654667937222596173 0
1654667938223822579 0
1654667939225068200 0
1654667940226328475 0
1654667941227574235 0
1654667942228805128 0
1654667943230061766 0
1654667944231326197 12
1654667945232511802 42
1654667946233723350 47
1654667947234967548 43
1654667948236119109 55
1654667949237291782 34
1654667950238526492 36
1654667951239693811 38
1654667952240846454 53
1654667953242010724 38
1654667954243149567 42
1654667955244317536 46
1654667956245494706 50
1654667957246598690 39
1654667958247738007 48
1654667959248921899 29
1654667960250095636 35
1654667961251278466 43
1654667962252435880 20
1654667963253603621 71
1654667964254716592 29
1654667965255877437 49
1654667966257035880 37
1654667967258166392 71
1654667968258647578 44
1654667969259808609 47
1654667970260984420 19
1654667971262161092 20
1654667972263324549 62
1654667973264488998 45
1654667974265649481 54
1654667975266817936 72
1654667976267979762 64
1654667977269154786 41
1654667978270285528 50
1654667979270550202 71
1654667980271722552 27
1654667981272876239 50
1654667982273988552 63
1654667983275082777 55
1654667984276249266 55
1654667985277415051 37
1654667986278658479 44
1654667987279819688 49
1654667988280972764 59
1654667989282144174 43
1654667990282676738 67
1654667991283847738 32
1654667992285013211 43
1654667993286179573 40
1654667994286481053 35
1654667995287659065 30
1654667996288788139 28
1654667997289960610 68
1654667998291140859 42
1654667999291303576 43
1654668000292445780 40
1654668001293584805 34
1654668002294622137 20
1654668003295746810 53
1654668004296880156 48
1654668005298062017 54
1654668006298617495 32
1654668007299730552 37
1654668008300889327 20
1654668009302052636 45
1654668010303300437 34
1654668011304501645 46
1654668012305800698 42
1654668013307033605 46
1654668014308256585 45
1654668015309494818 63
1654668016310734353 49
1654668017311994115 34
1654668018313242943 56
1654668019314555293 43
1654668020315748738 51
1654668021316990411 64
1654668022318211067 51
1654668023319478148 32
1654668024320723469 45
1654668025321991840 41
1654668026322616097 25
1654668027323865231 43
1654668028325105497 58
1654668029326360654 35
1654668030327602008 29
1654668031328884501 21
1654668032330119223 62
1654668033331345684 50
1654668034332574119 26
1654668035333811749 21
1654668036335046325 12
1654668037336293454 9
1654668038337527647 3
1654668039338772906 1
1654668040340005612 5
1654668041341241768 0
1654668042342476640 2
1654668043343706660 0
1654668044344942411 0
1654668045346175217 0
1654668046347408187 1
1654668047348635863 1
1654668048349865051 1
1654668049351122747 0
1654668050352368848 0
1654668051353619860 0
1654668052354858849 0
1654668053356048467 0
1654668054357283064 0
1654668055358526977 0
1654668056359764203 0
1654668057360004016 0
1654668058361246039 1
1654668059362498212 0
1654668060363742050 0
1654668061364977409 0
1654668062366214932 0
1654668063367442982 0
1654668064368679133 0
1654668065369901743 0
1654668066370731996 0
1654668067371967648 0
1654668068373202340 0
1654668069374461044 0
1654668070374597681 0
1654668071375824873 0
1654668072377055755 0
1654668073378284502 0
1654668074379535660 0
1654668075380776694 0
1654668076382014412 0
1654668077383247482 0
1654668078384481171 0
1654668079385724528 0
1654668080386967174 0
1654668081388205160 0
1654668082389437921 0
1654668083390632795 0
1654668084391868040 0
1654668085393097017 0
1654668086394338882 0
1654668087394615990 0
1654668088395765135 0
1654668089396964154 0
1654668090398131162 0
1654668091398554530 0
1654668092399720270 0
1654668093400832992 0
1654668094401989094 0
1654668095403232005 0
1654668096404312758 0
1654668097405490195 0
1654668098406768429 0
1654668099408016954 0
1654668100409207576 0
