1654669151380046180 0
1654669152381343443 0
1654669153382592356 0
1654669154383785581 0
1654669155385098937 0
1654669156386372528 0
1654669157387658706 0
1654669158388886513 0
1654669159390133868 0
1654669160391384800 0
1654669161392560533 1
1654669162393628142 33
1654669163394865822 34
1654669164396116315 46
1654669165397358304 28
1654669166397505096 46
1654669167398733619 48
1654669168399957619 35
1654669169401214089 49
1654669170401492677 40
1654669171402776756 59
1654669172404017798 65
1654669173405214173 64
1654669174406464000 51
1654669175407707380 74
1654669176408961836 32
1654669177409636365 73
1654669178410851677 54
1654669179412095909 35
1654669180413341173 16
1654669181414597539 35
1654669182415833665 38
1654669183417067008 61
1654669184418301777 89
1654669185419544322 52
1654669186420769564 57
1654669187421135288 44
1654669188422262101 58
1654669189423432311 55
1654669190424609308 55
1654669191425753686 77
1654669192426916740 56
1654669193428042381 55
1654669194429203706 51
1654669195430333868 7
1654669196431489704 50
1654669197432640754 65
1654669198433608740 34
1654669199434777913 65
1654669200435910827 43
1654669201437071283 73
1654669202438284863 71
1654669203439417321 60
1654669204440580544 30
1654669205441667997 63
1654669206442831574 59
1654669207444003817 79
1654669208445163719 47
1654669209446302063 41
1654669210447441251 60
1654669211448570265 59
1654669212449670416 43
1654669213450843636 36
1654669214451999843 61
1654669215453127609 75
1654669216454256534 56
1654669217455380081 33
1654669218456618246 52
1654669219457713192 65
1654669220458816516 52
1654669221459989293 81
1654669222461115316 75
1654669223461570414 45
1654669224462642796 66
1654669225463756479 73
1654669226464922583 53
1654669227466045957 33
1654669228467119592 54
1654669229468277828 89
1654669230469534454 31
1654669231470663984 50
1654669232471849548 51
1654669233473012552 64
1654669234473615724 49
1654669235474740849 41
1654669236475901637 47
1654669237477029020 58
1654669238477563456 32
1654669239478738751 54
1654669240479907384 52
1654669241481085188 68
1654669242482247936 41
1654669243483375824 69
1654669244484528651 56
1654669245485501556 38
1654669246486627738 54
1654669247487781308 55
1654669248488941976 47
1654669249490114058 30
1654669250491285658 39
1654669251492458078 30
1654669252493498496 35
1654669253494665406 27
1654669254495784584 21
1654669255496952561 20
1654669256498113508 9
1654669257499263338 12
1654669258500428569 5
1654669259501601212 5
1654669260502726383 15
1654669261503919212 3
1654669262505102537 0
1654669263506269378 3
1654669264507422133 5
1654669265508587275 1
1654669266509746867 5
1654669267510905043 0
1654669268512059282 1
1654669269512503754 2
1654669270513771583 2
1654669271515009751 2
1654669272516246509 1
1654669273517482108 0
1654669274518702813 0
1654669275519944389 1
1654669276521192508 0
1654669277522426607 0
1654669278523650155 0
1654669279524899306 0
1654669280526152667 0
1654669281527392116 0
1654669282528627240 0
1654669283529871371 0
1654669284531135002 0
1654669285532400144 0
1654669286533630365 0
1654669287534865229 0
1654669288536114463 0
1654669289537365229 0
1654669290538634024 0
1654669291539876277 0
1654669292541115754 0
1654669293542353243 0
1654669294543593947 0
1654669295544844862 0
1654669296546088811 0
1654669297547316915 0
1654669298548552458 0
1654669299549811720 0
1654669300551071006 0
1654669301552318843 0
1654669302553562812 0
1654669303554800067 0
1654669304555702998 0
1654669305556943306 0
1654669306558206860 0
1654669307559454728 0
1654669308560690737 0
1654669309561937022 0
1654669310563194608 0
1654669311564434635 0
1654669312565321824 0
1654669313566568657 0
1654669314567806149 0
1654669315569042582 0
1654669316570276349 0
1654669317571506484 0
1654669318572735630 0
1654669319573953337 0
