1654666100897126933 0
1654666101898414933 0
1654666102899523086 0
1654666103900763559 0
1654666104901814359 0
1654666105903042084 0
1654666106904349121 0
1654666107905577088 0
1654666108906805344 0
1654666109908056944 1
1654666110908256876 7
1654666111909446053 3
1654666112910611828 5
1654666113911761434 3
1654666114912922061 8
1654666115914083454 6
1654666116915252636 7
1654666117916230987 7
1654666118917338214 7
1654666119918367886 5
1654666120919608893 9
1654666121920857944 5
1654666122922115982 6
1654666123923356536 6
1654666124924604742 6
1654666125925837239 6
1654666126927105116 7
1654666127928352376 1
1654666128929591238 5
1654666129930837125 4
1654666130932077245 9
1654666131933452658 3
1654666132934699890 3
1654666133935930163 5
1654666134937153165 6
1654666135938373520 6
1654666136939621243 6
1654666137940862492 4
1654666138942095221 5
1654666139943255602 7
1654666140944366396 4
1654666141945608811 1
1654666142946862168 7
1654666143948092843 8
1654666144949339892 11
1654666145950571688 7
1654666146951812855 5
1654666147952362930 7
1654666148953551531 9
1654666149954788639 8
1654666150956011660 4
1654666151956447072 3
1654666152957694657 7
1654666153958928696 5
1654666154960173942 5
1654666155960389676 2
1654666156961625878 1
1654666157962851137 9
1654666158964081919 7
1654666159965322326 4
1654666160966548650 7
1654666161967788458 3
1654666162969006386 7
1654666163970208641 7
1654666164971436190 5
1654666165972355062 6
1654666166973593520 3
1654666167974827692 5
1654666168976079379 3
1654666169977342504 7
1654666170978603386 6
1654666171979826375 7
1654666172981092475 5
1654666173982324814 3
1654666174983562887 5
1654666175984428340 6
1654666176985667828 6
1654666177986903617 7
1654666178988194156 8
1654666179989423489 4
1654666180990658670 3
1654666181991909104 6
1654666182993154772 7
1654666183994380470 2
1654666184995606962 10
1654666185996369543 5
1654666186997607333 6
1654666187998845529 5
1654666189000082003 7
1654666190001321612 4
1654666191002557644 5
1654666192003798573 5
1654666193005050220 6
1654666194006284082 7
1654666195007517733 0
1654666196008737981 5
1654666197009970384 7
1654666198011199860 3
1654666199012241962 1
1654666200013470027 3
1654666201014699145 0
1654666202015956760 0
1654666203017216909 0
1654666204018458894 0
1654666205019689092 0
