1654668269308398324 0
1654668270309699684 0
1654668271310958639 0
1654668272312216787 0
1654668273313456294 0
1654668274314635531 0
1654668275315885875 0
1654668276317135060 0
1654668277318359832 0
1654668278319583324 0
1654668279320721482 14
1654668280321955708 29
1654668281323203331 33
1654668282324429554 44
1654668283325665458 44
1654668284326575653 39
1654668285326681305 54
1654668286327908556 52
1654668287329154081 53
1654668288330380406 60
1654668289331566017 20
1654668290332798285 38
1654668291334048129 40
1654668292334623974 41
1654668293335872527 40
1654668294337113457 33
1654668295338373073 35
1654668296338749081 46
1654668297339992631 46
1654668298341228924 56
1654668299342515497 60
1654668300343746524 53
1654668301344978517 44
1654668302346240097 59
1654668303347478966 30
1654668304348718436 29
1654668305349953633 58
1654668306351183655 47
1654668307352365385 40
1654668308353598820 34
1654668309354839008 22
1654668310356071730 48
1654668311357317219 63
1654668312358630118 75
1654668313359824086 32
1654668314361052883 27
1654668315362287759 68
1654668316363523086 29
1654668317364755731 42
1654668318365992336 61
1654668319367092530 56
1654668320368340409 59
1654668321369482221 34
1654668322370560153 56
1654668323371775483 51
1654668324373017551 74
1654668325374229668 40
1654668326375469251 56
1654668327376706479 51
1654668328377928732 67
1654668329378619293 60
1654668330379864315 42
1654668331381105723 53
1654668332382348840 58
1654668333383597802 54
1654668334384840724 69
1654668335386072296 36
1654668336387300792 46
1654668337388534330 49
1654668338389767966 55
1654668339390612894 58
1654668340391856552 56
1654668341393087147 58
1654668342394412373 32
1654668343395690242 36
1654668344396849283 47
1654668345398064164 64
1654668346399232479 34
1654668347400466774 65
1654668348401724800 65
1654668349403007608 48
1654668350404148934 33
1654668351405392468 29
1654668352406497224 76
1654668353407728782 61
1654668354408810616 67
1654668355410041827 47
1654668356410454541 52
1654668357411685891 51
1654668358412900575 43
1654668359414069243 51
1654668360415317844 65
1654668361416554927 43
1654668362417774504 55
1654668363418676513 38
1654668364419908370 58
1654668365421116839 44
1654668366422353774 38
1654668367423587994 32
1654668368424831285 37
1654668369426070682 41
1654668370427306187 30
1654668371428552044 4
1654668372429793235 6
1654668373431030338 12
1654668374432259831 1
1654668375433492034 4
1654668376434718318 1
1654668377435961804 1
1654668378436237515 1
1654668379437407667 0
1654668380438559883 0
1654668381439730298 0
1654668382440893223 7
1654668383442054969 0
1654668384442595338 1
1654668385443751579 0
1654668386444910323 0
1654668387445997286 2
1654668388447134131 0
1654668389448308543 0
1654668390449484641 0
1654668391450676400 0
1654668392451859234 0
1654668393453024963 0
1654668394454194962 0
1654668395455354736 0
1654668396456512349 1
1654668397457678609 0
1654668398458843810 0
1654668399460004703 0
1654668400461180316 0
1654668401462340180 0
1654668402463512123 0
1654668403464674912 0
1654668404465843118 0
1654668405467009431 0
1654668406468172545 0
1654668407469337290 0
1654668408470513178 0
1654668409471706769 0
1654668410472902741 0
1654668411474072278 0
1654668412475247737 0
1654668413476336501 0
1654668414477566209 0
1654668415478827517 0
1654668416480079873 0
1654668417481320495 0
1654668418482572848 0
1654668419483816166 0
1654668420485064045 0
1654668421486308855 0
1654668422487544710 0
1654668423488782439 0
1654668424490023118 0
1654668425491258089 0
1654668426492492039 0
1654668427493725783 0
1654668428494970738 0
1654668429496111851 0
1654668430497367996 0
1654668431498607180 0
1654668432499837220 0
1654668433501071373 0
1654668434502302211 0
