1654668971791802708 0
1654668972792991148 0
1654668973794254548 0
1654668974795491708 0
1654668975796732642 0
1654668976797961656 0
1654668977799202387 0
1654668978800445478 0
1654668979801679366 0
1654668980802917412 0
1654668981804134114 0
1654668982805373253 26
1654668983806619358 45
1654668984807872015 23
1654668985809119052 58
1654668986810347856 24
1654668987811592370 36
1654668988812774982 39
1654668989813954859 32
1654668990815123260 43
1654668991816230318 55
1654668992817349572 62
1654668993818521407 50
1654668994819678481 35
1654668995820280880 0
1654668996821542632 0
1654668997822745505 0
1654668998824014985 0
1654668999824313442 0
1654669000825553948 17
1654669001826644131 86
1654669002827845136 38
1654669003828402341 55
1654669004829630693 44
1654669005830852641 44
1654669006832088692 50
1654669007832292142 74
1654669008833384465 53
1654669009834643923 69
1654669010835874350 35
1654669011837123689 50
1654669012838353347 48
1654669013839593260 42
1654669014840836513 47
1654669015842059673 77
1654669016843305423 43
1654669017844241392 53
1654669018845486727 39
1654669019846639260 60
1654669020847829101 23
1654669021849024110 55
1654669022850160161 72
1654669023851347093 43
1654669024852319691 36
1654669025853441215 57
1654669026854618991 70
1654669027855798772 64
1654669028856987751 51
1654669029858171143 63
1654669030859362610 42
1654669031860584972 39
1654669032861682257 41
1654669033862852358 65
1654669034864031192 52
1654669035865205081 58
1654669036866384365 45
1654669037867564250 36
1654669038868750627 23
1654669039869941436 53
1654669040871129006 50
1654669041872298631 54
1654669042873481898 42
1654669043874652070 42
1654669044875825895 52
1654669045876980447 62
1654669046878077491 71
1654669047879238241 39
1654669048880368682 65
1654669049881546194 25
1654669050882724295 48
1654669051883910942 49
1654669052884379427 60
1654669053885616460 56
1654669054886850387 56
1654669055888101595 44
1654669056888356244 24
1654669057888834877 53
1654669058890076947 69
1654669059891317438 40
1654669060892366524 59
1654669061893537397 37
1654669062894709965 49
1654669063895901138 43
1654669064897026059 76
1654669065898194113 76
1654669066899399231 30
1654669067900518763 43
1654669068901229521 70
1654669069902472643 39
1654669070903671203 40
1654669071904290668 54
1654669072905525609 23
1654669073906776159 12
1654669074908022216 8
1654669075909259054 13
1654669076910493060 5
1654669077911728884 4
1654669078912977275 10
1654669079914215404 0
1654669080915454609 6
1654669081916295408 2
1654669082917524506 2
1654669083918766196 0
1654669084919995912 0
1654669085921229678 0
1654669086922474209 1
1654669087923706104 4
1654669088924957192 0
1654669089926166579 1
1654669090927407716 1
1654669091928647754 0
1654669092929883992 0
1654669093931114808 0
1654669094932349959 3
1654669095933582206 0
1654669096934798976 1
1654669097935866350 0
1654669098936279870 0
1654669099937525312 0
1654669100938769755 1
1654669101940019739 0
1654669102940293836 3
1654669103941523215 0
1654669104942764542 0
1654669105943996064 0
1654669106945226180 0
1654669107946456974 0
1654669108947697578 0
1654669109948946996 0
1654669110950195650 0
1654669111951441065 0
1654669112952673238 0
1654669113953905227 0
1654669114955166015 0
1654669115956427941 0
1654669116957669138 0
1654669117958891969 0
1654669118960142463 0
1654669119961364103 0
1654669120962605624 0
1654669121963846142 0
1654669122965086433 0
1654669123966328900 0
1654669124967562109 0
1654669125968795999 0
1654669126970025618 0
1654669127971255766 0
1654669128972492085 0
1654669129973732302 0
1654669130974971240 0
1654669131976265941 0
1654669132977498529 0
1654669133978732483 0
1654669134979971866 0
1654669135980294251 0
1654669136981520769 0
1654669137982775469 0
