1654666838303023728 0
1654666839304308482 0
1654666840305020481 0
1654666841306198910 0
1654666842307442444 0
1654666843308593598 0
1654666844309766515 0
1654666845310603359 0
1654666846311759552 0
1654666847312916133 6
1654666848314093679 39
1654666849315231114 21
1654666850316411482 44
1654666851317572744 24
1654666852318655090 21
1654666853319817485 24
1654666854320980317 43
1654666855322140980 34
1654666856322658277 40
1654666857323836799 26
1654666858325003943 30
1654666859326191683 15
1654666860326612454 27
1654666861327881761 19
1654666862329102948 37
1654666863330344008 37
1654666864331593521 23
1654666865332829799 36
1654666866334065172 41
1654666867335315700 21
1654666868336547842 25
1654666869337787990 26
1654666870339017930 24
1654666871340246403 22
1654666872341451705 38
1654666873342688217 25
1654666874343926557 18
1654666875345159933 21
1654666876346389562 25
1654666877346613012 29
1654666878347854349 46
1654666879349107688 27
1654666880350348960 31
1654666881351586449 40
1654666882352810613 36
1654666883354039091 43
1654666884355274380 27
1654666885356509692 37
1654666886357744590 33
1654666887358988973 31
1654666888360229294 27
1654666889361478212 29
1654666890362801681 21
1654666891364038056 28
1654666892365246370 24
1654666893366487823 29
1654666894366614850 25
1654666895367845955 29
1654666896369076764 30
1654666897370320908 25
1654666898371558746 23
1654666899372795198 21
1654666900374034103 34
1654666901375256194 53
1654666902376524640 38
1654666903377766251 35
1654666904379009252 26
1654666905380241687 17
1654666906381482162 24
1654666907382734277 26
1654666908383979185 20
1654666909385230766 28
1654666910386446468 17
1654666911387693292 16
1654666912388932931 25
1654666913390168890 20
1654666914391449678 33
1654666915392684581 30
1654666916393915545 26
1654666917395125845 22
1654666918396338637 26
1654666919397575109 27
1654666920398822739 29
1654666921400038770 24
1654666922401279728 22
1654666923402364648 26
1654666924402467840 39
1654666925402638180 32
1654666926403718575 40
1654666927404966862 32
1654666928406054306 25
1654666929407225226 30
1654666930408422137 32
1654666931409589513 25
1654666932410458772 30
1654666933411639990 27
1654666934412771163 31
1654666935413955463 38
1654666936414628540 24
1654666937415806277 23
1654666938416992855 10
1654666939418197367 0
1654666940418602920 0
1654666941419770929 0
1654666942420946280 0
1654666943422111333 0
