1654666215905584458 0
1654666216906916344 0
1654666217908168152 0
1654666218909409939 0
1654666219910646490 0
1654666220911845010 0
1654666221913076048 0
1654666222914313333 0
1654666223915542324 0
1654666224916783949 3
1654666225918029531 6
1654666226919274687 4
1654666227920508037 9
1654666228921742420 11
1654666229922991154 12
1654666230924237602 7
1654666231925473144 6
1654666232926612503 6
1654666233927842535 8
1654666234929068721 11
1654666235930313966 3
1654666236930616329 4
1654666237931777408 9
1654666238932944461 5
1654666239934104623 3
1654666240935278316 9
1654666241936467965 5
1654666242937581700 14
1654666243938728647 13
1654666244939883457 2
1654666245941014984 7
1654666246942191804 9
1654666247942530489 10
1654666248943689125 10
1654666249944849249 9
1654666250945965570 5
1654666251947097069 10
1654666252948258108 11
1654666253949408985 11
1654666254950564645 6
1654666255951735537 6
1654666256952911113 13
1654666257954078222 12
1654666258955201248 7
1654666259956295065 5
1654666260957442243 9
1654666261958551455 6
1654666262959719552 6
1654666263960875100 8
1654666264962042025 12
1654666265963181872 4
1654666266964320555 13
1654666267965485093 10
1654666268966649962 4
1654666269967811965 7
1654666270968970761 3
1654666271970134260 6
1654666272971303307 7
1654666273972464402 11
1654666274973621028 9
1654666275974749607 11
1654666276975923359 7
1654666277977090205 4
1654666278978249425 6
1654666279979412122 9
1654666280980546319 6
1654666281981714799 6
1654666282982846971 7
1654666283984010337 8
1654666284985176809 4
1654666285986356575 4
1654666286987497664 4
1654666287988655502 7
1654666288989827010 6
1654666289991007143 6
1654666290992142094 9
1654666291993314296 10
1654666292994489273 11
1654666293995659096 5
1654666294996826401 7
1654666295997993750 3
1654666296998536549 4
1654666297999672457 5
1654666299000850617 5
1654666300002012825 3
1654666301003182872 5
1654666302004351946 5
1654666303005527222 10
1654666304006519007 7
1654666305007678253 7
1654666306008848356 2
1654666307010022794 8
1654666308011191178 9
1654666309012352982 7
1654666310013510751 2
1654666311014598583 7
1654666312015710422 10
1654666313016876791 5
1654666314018034911 7
1654666315019193496 2
1654666316020368634 0
1654666317021552459 0
1654666318022531016 0
1654666319023697957 0
1654666320024849175 0
