1654666330703428683 0
1654666331704671283 0
1654666332705535045 0
1654666333706684607 0
1654666334707925352 0
1654666335709084383 0
1654666336709509767 0
1654666337710663438 0
1654666338711825880 0
1654666339712960699 3
1654666340714132421 11
1654666341715301280 8
1654666342716478298 7
1654666343717498442 13
1654666344718688278 12
1654666345719837135 14
1654666346721010422 10
1654666347722166924 9
1654666348723331602 16
1654666349724499577 14
1654666350725663587 7
1654666351726827698 15
1654666352728016078 10
1654666353729133682 12
1654666354730273041 13
1654666355731448146 15
1654666356732625655 7
1654666357733455721 6
1654666358734613865 11
1654666359735783341 14
1654666360736945132 5
1654666361738108927 14
1654666362739286265 10
1654666363740473386 12
1654666364741640809 11
1654666365742797725 8
1654666366743962060 13
1654666367745109987 11
1654666368746275015 7
1654666369747448642 9
1654666370748700732 15
1654666371749837167 8
1654666372750980489 8
1654666373752160052 14
1654666374753323587 12
1654666375754481537 11
1654666376755641089 12
1654666377756797344 11
1654666378757960265 9
1654666379759128785 10
1654666380760291464 10
1654666381761510071 10
1654666382764635309 17
1654666383765896111 10
1654666384767136927 7
1654666385768327168 13
1654666386769562464 11
1654666387770798470 14
1654666388772028468 6
1654666389773265910 13
1654666390773627040 10
1654666391774853756 14
1654666392775728295 14
1654666393776903361 8
1654666394778074501 7
1654666395779235735 11
1654666396780397659 9
1654666397781492467 10
1654666398782656037 7
1654666399783815131 7
1654666400784971301 7
1654666401786137228 8
1654666402787258753 17
1654666403788437316 12
1654666404789607168 9
1654666405790854997 9
1654666406792017438 10
1654666407793170055 10
1654666408794348155 8
1654666409795520836 11
1654666410796677610 12
1654666411797813183 14
1654666412798979506 16
1654666413800144801 13
1654666414801317589 10
1654666415801497478 13
1654666416802669437 7
1654666417803827098 15
1654666418805002126 8
1654666419805567787 12
1654666420806718379 11
1654666421807882138 9
1654666422809042747 8
1654666423810189733 9
1654666424811363804 13
1654666425812529714 10
1654666426813671483 11
1654666427814832788 10
1654666428815991910 10
1654666429817156478 7
1654666430817520346 0
1654666431818679969 0
1654666432819825997 0
1654666433821005536 0
1654666434821484646 0
