1656034536498851308 0
1656034537500017578 0
1656034538501141630 0
1656034539502259154 0
1656034540503382774 0
1656034541504500968 0
1656034542505615646 0
1656034543506735226 0
1656034544507853231 0
1656034545508976455 26
1656034546510092402 135
1656034547511202881 163
1656034548511815662 241
1656034549512805909 237
1656034550513812429 257
1656034551515091215 267
1656034552515825354 279
1656034553517106315 208
1656034554517825193 79
1656034555518930993 273
1656034556519803594 262
1656034557521104402 259
1656034558521805137 191
1656034559522801517 292
1656034560523822793 284
1656034561524812835 270
1656034562525813290 272
1656034563526825154 259
1656034564527813961 254
1656034565528812621 255
1656034566529820979 249
1656034567530804652 282
1656034568531815514 286
1656034569532835583 290
1656034570533810804 216
1656034571535390150 283
1656034572536641648 287
1656034573537828194 242
1656034574538843092 261
1656034575539958571 253
1656034576540815401 212
1656034577541825560 269
1656034578543623163 251
1656034579544846684 275
1656034580545815597 223
1656034581546812225 282
1656034582547815173 291
1656034583548812003 290
1656034584550140239 274
1656034585551273305 284
1656034586552395588 264
1656034587552836097 232
1656034588553810614 268
1656034589554830784 303
1656034590556009621 263
1656034591556837937 253
1656034592557813341 261
1656034593558822954 282
1656034594559802372 215
1656034595560810206 292
1656034596561806075 236
1656034597562223539 281
1656034598563847671 248
1656034599564832703 264
1656034600565812123 249
1656034601566836407 251
1656034602567810754 282
1656034603568839606 237
1656034604569826906 269
1656034605570823268 263
1656034606571803967 218
1656034607572841535 275
1656034608573817206 280
1656034609574810425 267
1656034610575802757 259
1656034611576919957 285
1656034612578031843 271
1656034613578806642 269
1656034614579825841 250
1656034615580940668 288
1656034616581812643 252
1656034617583021841 269
1656034618584230548 262
1656034619585487106 267
1656034620586819769 266
1656034621587961168 274
1656034622589106856 276
1656034623590354054 271
1656034624590826545 254
1656034625591940390 260
1656034626593177581 284
1656034627594292236 242
1656034628594834748 277
1656034629596098305 296
1656034630597494496 276
1656034631598812889 243
1656034632600017389 289
1656034633601604590 261
1656034634602723625 221
