1656034659309887878 0
1656034660311059718 0
1656034661312219030 0
1656034662313338480 0
1656034663314530759 0
1656034664315699093 0
1656034665316847209 0
1656034666318005168 0
1656034667319143985 0
1656034668319810307 28
1656034669320926450 148
1656034670321845648 154
1656034671322831727 232
1656034672324052362 200
1656034673325280079 278
1656034674326552875 86
1656034675326848549 186
1656034676328217109 270
1656034677328827137 221
1656034678330487261 253
1656034679331839896 36
1656034680332809577 263
1656034681333862789 276
1656034682334825347 299
1656034683335821901 250
1656034684336845415 282
1656034685337861995 261
1656034686338829599 269
1656034687339836563 264
1656034688340807697 280
1656034689341815599 274
1656034690342869070 280
1656034691343861430 232
1656034692344822501 269
1656034693345838202 279
1656034694346832041 283
1656034695347842524 248
1656034696348824829 291
1656034697349853417 264
1656034698350813256 252
1656034699352441629 282
1656034700352825852 297
1656034701353842136 234
1656034702354831164 284
1656034703355848985 263
1656034704356811767 265
1656034705357840280 271
1656034706359025731 276
1656034707359823158 267
1656034708360811522 257
1656034709362069643 267
1656034710362815694 276
1656034711364045498 221
1656034712364812871 263
1656034713365820009 281
1656034714366851401 222
1656034715368099282 281
1656034716368815094 251
1656034717369936232 237
1656034718371160623 273
1656034719372387850 246
1656034720372812563 250
1656034721374020655 284
1656034722374808163 264
1656034723375938365 225
1656034724377086380 255
1656034725377817833 280
1656034726378814381 243
1656034727379954145 270
1656034728381081577 263
1656034729382306518 233
1656034730383436229 239
1656034731384650323 290
1656034732385935430 285
1656034733387132329 246
1656034734388356388 258
1656034735388521897 284
1656034736388811919 240
1656034737390030947 263
1656034738391472750 277
1656034739392833663 236
1656034740393826026 266
1656034741394835581 248
1656034742396871248 270
1656034743397995401 264
1656034744399377092 251
1656034745400578553 283
1656034746400837641 270
1656034747401828343 257
1656034748402823858 298
1656034749403927898 227
1656034750404808052 264
1656034751405997851 283
1656034752407229686 247
1656034753408334603 263
1656034754409557997 272
1656034755410675215 245
1656034756411900404 271
1656034757412816948 290
