1656034781863952322 0
1656034782865494272 0
1656034783865840531 0
1656034784867021277 0
1656034785868153365 0
1656034786869284256 0
1656034787870405042 0
1656034788871623425 0
1656034789872798611 0
1656034790873925227 0
1656034791875032130 98
1656034792875817890 142
1656034793877162174 239
1656034794878393587 224
1656034795878832933 214
1656034796879964025 252
1656034797881093470 237
1656034798881818867 220
1656034799883233443 272
1656034800883812407 274
1656034801884828590 264
1656034802886089380 228
1656034803886823012 275
1656034804888060508 267
1656034805889299921 280
1656034806890532013 250
1656034807891745178 282
1656034808892976432 268
1656034809893823531 244
1656034810894826907 286
1656034811895994833 264
1656034812897134432 282
1656034813897824243 263
1656034814899097540 281
1656034815900591670 216
1656034816901226073 267
1656034817902632979 262
1656034818903845539 228
1656034819905231623 280
1656034820906573825 262
1656034821907830062 294
1656034822909082234 272
1656034823910315740 271
1656034824911741107 265
1656034825912974339 259
1656034826913831984 264
1656034827914815152 279
1656034828915819480 297
1656034829916810760 253
1656034830917931375 276
1656034831918812473 299
1656034832919829342 269
1656034833921255800 252
1656034834922540978 265
1656034835923853005 286
1656034836924815865 254
1656034837926219813 281
1656034838926818915 294
1656034839927934160 232
1656034840928822725 268
1656034841929812878 266
1656034842931080729 258
1656034843931803446 249
1656034844932820700 282
1656034845933924257 243
1656034846935546662 286
1656034847935807637 265
1656034848936802867 292
1656034849938001939 282
1656034850939378217 252
1656034851939803003 297
1656034852941139993 260
1656034853942236175 297
1656034854942808891 229
1656034855943922586 262
1656034856944821478 276
1656034857945828501 267
1656034858947043161 236
1656034859947809925 288
1656034860948815280 251
1656034861949846851 274
1656034862950827860 290
1656034863952194780 101
1656034864953382999 179
1656034865953831404 271
1656034866954808773 256
1656034867956071797 266
1656034868957178923 242
1656034869958359004 272
1656034870959460325 276
1656034871959835609 248
1656034872960937670 69
1656034873962101689 244
1656034874963346842 268
1656034875963819741 233
1656034876965001027 248
1656034877965806460 281
1656034878966991555 275
1656034879967818745 254
