1656034904675420379 0
1656034905676575022 0
1656034906677696928 0
1656034907678810853 0
1656034908679927521 0
1656034909680852416 0
1656034910681981564 0
1656034911682411859 0
1656034912682819377 0
1656034913684078454 3
1656034914685881973 115
1656034915687011821 172
1656034916688126843 174
1656034917689471611 251
1656034918690735275 256
1656034919691819406 242
1656034920692829181 257
1656034921693812951 242
1656034922695150635 278
1656034923696286805 248
1656034924697415800 269
1656034925698632718 256
1656034926699801198 266
1656034927701072267 258
1656034928702261327 278
1656034929702847809 250
1656034930703972476 255
1656034931705193388 286
1656034932706489149 260
1656034933707628839 264
1656034934708742521 272
1656034935710032573 282
1656034936711165918 263
1656034937711826032 277
1656034938712833508 267
1656034939714837051 257
1656034940715829162 275
1656034941716821644 250
1656034942718256128 270
1656034943719461005 266
1656034944720674393 300
1656034945721814475 273
1656034946722912604 267
1656034947724120296 276
1656034948725328004 275
1656034949725828801 256
1656034950726815377 276
1656034951727851418 277
1656034952728808353 288
1656034953729830675 241
1656034954730822909 278
1656034955731815986 258
1656034956732821929 261
1656034957733808637 283
1656034958735179681 111
1656034959735843440 219
1656034960737134549 248
1656034961737873622 248
1656034962738801940 282
1656034963739805362 241
1656034964740809274 256
1656034965741870246 234
1656034966742813398 235
1656034967744104885 240
1656034968745311252 213
1656034969746466249 153
1656034970747732335 259
1656034971748829115 266
1656034972749817431 269
1656034973750812509 258
1656034974751836268 263
1656034975752802570 226
1656034976753819672 221
1656034977754803980 258
1656034978755822681 242
1656034979756809386 250
1656034980757827292 217
1656034981759058826 233
1656034982760235408 265
1656034983760810259 260
1656034984761804224 277
1656034985762805896 287
1656034986764252540 262
1656034987765499167 253
1656034988766700622 255
1656034989768017077 165
1656034990768798191 114
1656034991769821346 277
1656034992770837532 262
1656034993772216819 257
1656034994773421785 246
1656034995774621261 284
1656034996775894633 260
1656034997776856297 217
1656034998778070386 255
1656034999778828898 265
1656035000779840808 268
1656035001781042090 267
1656035002781832711 225
