1656033304895332415 0
1656033305896612246 0
1656033306897747672 0
1656033307898893847 0
1656033308899831216 0
1656033309901167476 0
1656033310902306134 0
1656033311903491165 0
1656033312904677523 0
1656033313904934227 0
1656033314906105419 4
1656033315907271024 10
1656033316908428863 10
1656033317909590249 10
1656033318910823728 10
1656033319911985569 8
1656033320913585743 10
1656033321913793629 10
1656033322915017737 10
1656033323916154753 10
1656033324916830040 10
1656033325917937759 10
1656033326918836081 8
1656033327919820233 10
1656033328920990924 10
1656033329922151854 10
1656033330923325019 10
1656033331924487504 10
1656033332925646803 10
1656033333926795296 8
1656033334927954368 10
1656033335929111629 10
1656033336930251177 10
1656033337931531763 10
1656033338932651520 10
1656033339933910613 10
1656033340935060291 8
1656033341936205702 10
1656033342937332786 10
1656033343938493775 10
1656033344939889455 10
1656033345941054017 10
1656033346942191484 10
1656033347942700694 8
1656033348944048216 10
1656033349944843746 10
1656033350946027324 10
1656033351947222182 10
1656033352947833243 10
1656033353948814337 10
1656033354950073179 8
1656033355951224071 10
1656033356951831491 10
1656033357952950825 10
1656033358954097886 10
1656033359955222600 10
1656033360956482317 10
1656033361957614595 8
1656033362958809432 10
1656033363960051011 10
1656033364961167324 10
1656033365962289438 10
1656033366963396543 10
1656033367964513719 10
1656033368965651253 8
1656033369965833441 10
1656033370966957393 10
1656033371968077117 10
1656033372968824563 10
1656033373969837968 10
1656033374971058693 10
1656033375972190432 8
1656033376973301852 10
1656033377974538803 10
1656033378975655305 10
1656033379976832325 10
1656033380977971748 10
1656033381979099275 10
1656033382980208990 8
1656033383981365325 10
1656033384982503638 10
1656033385983629624 10
1656033386984740777 10
1656033387985890402 10
1656033388987022672 10
1656033389988152527 8
1656033390989305075 10
1656033391990453918 10
1656033392990695219 10
1656033393991817225 10
1656033394992958760 10
1656033395994078303 10
1656033396994824409 10
1656033397995958316 8
1656033398997079918 10
1656033399998203844 10
1656033400999353486 10
1656033402000619184 10
1656033403001742167 10
