1656033797097898321 0
1656033798099534660 0
1656033799100041032 0
1656033800100819164 0
1656033801101822206 0
1656033802102832798 0
1656033803103836949 0
1656033804104964489 0
1656033805105837030 0
1656033806106867013 0
1656033807107872806 36
1656033808108873871 84
1656033809110504553 99
1656033810110822932 100
1656033811111975443 96
1656033812113181799 99
1656033813114285019 93
1656033814115588461 99
1656033815116908718 93
1656033816117822446 100
1656033817118824652 99
1656033818119965212 92
1656033819121100826 93
1656033820121830503 99
1656033821123017995 100
1656033822124417975 97
1656033823124811996 98
1656033824125821707 95
1656033825127023001 95
1656033826128141263 96
1656033827129264325 100
1656033828130485844 100
1656033829132194995 96
1656033830132808156 97
1656033831133169314 94
1656033832134147475 95
1656033833134536312 98
1656033834134845220 100
1656033835135223563 100
1656033836135802372 95
1656033837136835662 98
1656033838137104542 92
1656033839137727511 95
1656033840138890024 100
1656033841140131877 96
1656033842140811152 86
1656033843142010209 89
1656033844142809256 100
1656033845144004158 98
1656033846144849344 97
1656033847145821101 97
1656033848146920183 92
1656033849148113623 99
1656033850149389580 97
1656033851150500786 100
1656033852151641206 98
1656033853152811703 100
1656033854153807862 91
1656033855154934148 98
1656033856156552435 95
1656033857157798492 98
1656033858159398518 96
1656033859160720801 97
1656033860161851300 100
1656033861162916527 96
1656033862163825926 96
1656033863165009937 98
1656033864165818192 99
1656033865167025697 92
1656033866168128904 99
1656033867169265834 97
1656033868170353334 99
1656033869171458750 97
1656033870171854113 97
1656033871173188484 96
1656033872174417563 97
1656033873175530270 99
1656033874176817542 95
1656033875177965632 96
1656033876179109894 100
1656033877180239505 98
1656033878181542214 99
1656033879181811097 93
1656033880182834440 97
1656033881183953615 93
1656033882185102048 100
1656033883186209433 100
1656033884187419090 62
1656033885188573001 96
1656033886188831887 98
1656033887189809702 94
1656033888191392248 94
1656033889192617378 94
1656033890193300389 100
1656033891194460283 100
1656033892194818778 96
1656033893195812548 93
1656033894196815686 97
1656033895198032078 100
