1656033427984896677 0
1656033428986183399 0
1656033429987350791 0
1656033430988480223 0
1656033431989592468 0
1656033432990827079 0
1656033433991949944 0
1656033434993231530 0
1656033435993738101 0
1656033436994832714 0
1656033437995958792 20
1656033438997266644 25
1656033439998388465 25
1656033440999525631 25
1656033442000630672 21
1656033443001917255 24
1656033444003191722 25
1656033445004306484 25
1656033446005419289 25
1656033447006528454 25
1656033448007635904 23
1656033449008828625 23
1656033450010171122 25
1656033451011291244 24
1656033452012353619 25
1656033453013511600 25
1656033454014647108 25
1656033455015784877 22
1656033456016915555 25
1656033457018046043 24
1656033458019158243 25
1656033459020062978 24
1656033460021201204 25
1656033461022514768 25
1656033462023639167 22
1656033463023876387 25
1656033464025182369 25
1656033465026308327 24
1656033466027454609 25
1656033467028610578 24
1656033468028825361 25
1656033469029986293 22
1656033470031166649 25
1656033471032423910 25
1656033472033574728 25
1656033473033846595 24
1656033474034977416 25
1656033475036194597 21
1656033476037303283 25
1656033477038436901 25
1656033478039596063 25
1656033479040718216 25
1656033480041894397 25
1656033481042820417 21
1656033482043968593 24
1656033483045118642 25
1656033484045822759 25
1656033485047075957 25
1656033486048455658 25
1656033487048818495 25
1656033488049941664 22
1656033489051067416 24
1656033490052231368 24
1656033491053396688 25
1656033492054520999 25
1656033493054843399 25
1656033494055968527 25
1656033495057158161 25
1656033496058306396 22
1656033497059413264 24
1656033498060686996 24
1656033499061726024 25
1656033500062146037 25
1656033501063114854 25
1656033502064222792 25
1656033503065345058 23
1656033504066695479 24
1656033505067899525 25
1656033506069052950 23
1656033507070191402 25
1656033508071303350 25
1656033509072428719 25
1656033510072825627 25
1656033511073573301 23
1656033512074682603 24
1656033513075798976 25
1656033514076947971 23
1656033515078188067 25
1656033516079327468 25
1656033517080428545 25
1656033518081554527 23
1656033519082682321 25
1656033520083804473 24
1656033521085048812 23
1656033522086178078 25
1656033523086823861 25
1656033524088257903 25
1656033525089391403 23
1656033526090517377 25
