1656034043263995524 0
1656034044265865615 0
1656034045267029111 0
1656034046268159938 0
1656034047269285752 0
1656034048270411515 0
1656034049271717085 0
1656034050272934828 0
1656034051274055282 0
1656034052274853990 0
1656034053275968034 136
1656034054277223170 266
1656034055277802549 294
1656034056278814499 274
1656034057279807622 267
1656034058280927158 272
1656034059281850879 271
1656034060283081976 281
1656034061283802190 284
1656034062284821735 280
1656034063285812014 281
1656034064286809535 288
1656034065287999160 280
1656034066288852747 280
1656034067289808896 286
1656034068291017210 291
1656034069291820589 287
1656034070292812912 294
1656034071293808437 282
1656034072294813285 285
1656034073295806300 288
1656034074296809028 290
1656034075297849986 286
1656034076298810944 288
1656034077299804043 283
1656034078301016098 293
1656034079301821407 287
1656034080302863773 286
1656034081303821797 285
1656034082304821567 273
1656034083305928445 277
1656034084307121702 288
1656034085307817697 283
1656034086309086338 284
1656034087310172872 267
1656034088310815007 275
1656034089312002337 246
1656034090313212324 254
1656034091314510811 285
1656034092315904721 292
1656034093317418184 281
1656034094317845043 282
1656034095318815792 281
1656034096319814713 279
1656034097321043820 282
1656034098322231741 257
1656034099322807647 260
1656034100323805778 284
1656034101325017750 282
1656034102326885424 278
1656034103327824136 282
1656034104329023860 268
1656034105329815466 284
1656034106331028858 283
1656034107332213395 285
1656034108332820383 287
1656034109333812111 283
1656034110335061058 282
1656034111336276292 284
1656034112336818189 290
1656034113338041036 288
1656034114338807860 288
1656034115339808187 284
1656034116340802777 247
1656034117342206203 271
1656034118342839434 288
1656034119343822763 288
1656034120345540503 271
1656034121346791378 277
1656034122348826945 295
1656034123350222571 275
1656034124350846250 265
1656034125352067864 254
1656034126352829877 280
1656034127353811279 281
1656034128354820468 274
1656034129355799207 282
1656034130357020972 294
1656034131358123864 278
1656034132358838617 271
1656034133359828004 274
1656034134360817277 270
1656034135362027311 292
1656034136363335865 280
1656034137363816755 278
1656034138365069320 288
1656034139365817286 291
1656034140366799028 284
1656034141367846847 282
