1656034165772375557 0
1656034166773996130 0
1656034167774893378 0
1656034168776366890 0
1656034169777670853 0
1656034170778864724 0
1656034171780036196 0
1656034172781219324 0
1656034173782687150 0
1656034174783868334 0
1656034175785030266 77
1656034176786284211 258
1656034177787563798 268
1656034178787814805 283
1656034179788854318 269
1656034180790026298 287
1656034181790817328 264
1656034182791809516 286
1656034183793082153 278
1656034184793831870 238
1656034185794970849 290
1656034186796193578 270
1656034187797450131 298
1656034188798568592 296
1656034189799826355 293
1656034190800835593 264
1656034191801978020 285
1656034192803571871 284
1656034193803839170 271
1656034194804813908 294
1656034195806395890 274
1656034196807620744 282
1656034197808930918 291
1656034198810059403 285
1656034199811281181 294
1656034200812417625 268
1656034201814089180 229
1656034202815287282 277
1656034203816624799 237
1656034204817896368 287
1656034205819124449 289
1656034206819809239 247
1656034207820813406 247
1656034208821932181 241
1656034209822812916 284
1656034210823914650 274
1656034211824823058 302
1656034212825810722 269
1656034213826868552 263
1656034214827810531 279
1656034215828824289 270
1656034216829835112 270
1656034217830804372 287
1656034218831933019 207
1656034219832874298 317
1656034220833823177 271
1656034221834807795 276
1656034222835828366 288
1656034223836837363 288
1656034224837842889 277
1656034225838956883 298
1656034226839822199 288
1656034227840798846 262
1656034228842088890 263
1656034229843822527 296
1656034230844820512 295
1656034231845803888 249
1656034232846911093 284
1656034233847826263 316
1656034234848269271 250
1656034235848817290 280
1656034236849810892 244
1656034237851030937 273
1656034238851872180 255
1656034239852821468 259
1656034240853807968 242
1656034241854809733 282
1656034242855821722 284
1656034243856821636 217
1656034244858351057 284
1656034245859825451 284
1656034246860799267 295
1656034247861818876 272
1656034248862807522 288
1656034249863808445 308
1656034250864856244 271
1656034251866183140 279
1656034252866820814 261
1656034253867809286 271
1656034254869021303 282
1656034255869966315 294
1656034256870817609 311
1656034257872038759 285
1656034258873273401 264
1656034259874487646 276
1656034260874829696 242
1656034261876019619 304
1656034262876816024 293
1656034263877829633 249
