1656034289012719178 0
1656034290063273246 0
1656034291064413706 0
1656034292065808535 0
1656034293066949583 0
1656034294068120235 0
1656034295069257518 0
1656034296070400970 0
1656034297071561468 0
1656034298072677794 7
1656034299073894968 148
1656034300075148007 211
1656034301076263264 258
1656034302077494394 257
1656034303078842201 264
1656034304080083541 300
1656034305080862478 259
1656034306081969061 282
1656034307082814427 272
1656034308083808767 235
1656034309084846024 277
1656034310085832857 285
1656034311086813644 212
1656034312087884173 300
1656034313088813703 281
1656034314089941761 268
1656034315091080784 291
1656034316092144341 244
1656034317093387399 290
1656034318094065485 226
1656034319095339806 243
1656034320096872289 287
1656034321097810992 197
1656034322099282974 280
1656034323100391303 289
1656034324101628125 251
1656034325102923081 289
1656034326104208298 254
1656034327104442463 219
1656034328105878084 278
1656034329107228381 251
1656034330107836993 276
1656034331109084662 237
1656034332110369849 249
1656034333111486186 271
1656034334112339783 244
1656034335112808913 267
1656034336114183445 178
1656034337114821994 288
1656034338115808728 237
1656034339116562948 282
1656034340118004332 242
1656034341118871658 268
1656034342119812485 274
1656034343120823802 258
1656034344122054508 273
1656034345123159543 268
1656034346123811528 272
1656034347125008020 264
1656034348125827475 263
1656034349127435078 280
1656034350128795212 239
1656034351129795277 271
1656034352130820616 242
1656034353131825203 249
1656034354132820638 271
1656034355133820057 266
1656034356134811381 254
1656034357135811440 298
1656034358136815589 294
1656034359137821118 249
1656034360139016739 294
1656034361140109000 238
1656034362140819905 290
1656034363142550120 289
1656034364142814129 277
1656034365143817425 248
1656034366144803317 279
1656034367145816182 238
1656034368146821863 286
1656034369147820042 235
1656034370148814759 252
1656034371149816245 253
1656034372150800607 275
1656034373151826954 298
1656034374152821599 276
1656034375153810770 247
1656034376154817302 271
1656034377155817960 267
1656034378156810823 262
1656034379157836601 300
1656034380158844805 299
1656034381159834965 269
1656034382160809335 215
1656034383162093376 278
1656034384162820550 243
1656034385164189017 285
1656034386165039688 241
1656034387165807758 300
