1654498401715258186 0.0
1654498402716477943 0.0
1654498403717639225 0.0
1654498404718850361 0.0
1654498405719987567 0.0
1654498406721184788 0.0
1654498407722376121 0.0
1654498408723551859 7.0
1654498409724737884 2.0
1654498410725910653 0.0
1654498411727086367 8.0
1654498412728255720 12.0
1654498413729449809 12.0
1654498414730710444 12.0
1654498415731856764 9.0
1654498416732732731 21.0
1654498417734307562 20.0
1654498418735660475 11.0
1654498419736760718 13.0
1654498420738029191 14.0
1654498421739211207 15.0
1654498422740427673 10.0
1654498423741604988 7.0
1654498424742822896 10.0
1654498425744053688 15.0
1654498426745209935 19.0
1654498427746396163 9.0
1654498428747575145 17.0
1654498429748974404 11.0
1654498430750150280 12.0
1654498431750750904 20.0
1654498432751878666 15.0
1654498433753058407 17.0
1654498434754497676 14.0
1654498435755733067 13.0
1654498436756838687 3.0
1654498437758178790 9.0
1654498438759434357 20.0
1654498439760790245 14.0
1654498440761928568 18.0
1654498441763572095 13.0
1654498442765082003 9.0
1654498443765620906 11.0
1654498444766815364 7.0
1654498445767102263 17.0
1654498446768463492 16.0
1654498447769835421 13.0
1654498448771020496 8.0
1654498449772208989 11.0
1654498450773402698 14.0
1654498451774617466 11.0
1654498452775810025 17.0
1654498453776988105 19.0
1654498454778260245 4.0
1654498455779442320 16.0
1654498456781016614 18.0
1654498457782625002 13.0
1654498458783892559 12.0
1654498459784805036 8.0
1654498460785446898 16.0
1654498461786603375 18.0
1654498462787954073 8.0
1654498463789369248 13.0
1654498464791055035 13.0
1654498465792044825 22.0
1654498466793226148 14.0
1654498467793772456 11.0
1654498468794640344 22.0
1654498469795205723 18.0
1654498470796365166 17.0
1654498471797503393 15.0
1654498472798658371 15.0
1654498473799838572 11.0
1654498474801736615 9.0
1654498475803191077 11.0
1654498476804446679 11.0
1654498477805906932 19.0
1654498478807362877 9.0
1654498479807753499 12.0
1654498480809042198 13.0
1654498481810368142 16.0
1654498482811634942 11.0
1654498483812757216 19.0
1654498484814213600 16.0
1654498485815527443 13.0
1654498486816686196 16.0
1654498487817126998 18.0
1654498488817776583 6.0
1654498489819027335 19.0
1654498490820222406 18.0
1654498491821417270 10.0
1654498492822608690 17.0
1654498493823792422 9.0
1654498494824987763 18.0
1654498495826137279 16.0
1654498496826705403 10.0
1654498497827987423 14.0
1654498498829394477 8.0
1654498499830595380 14.0
1654498500831770944 13.0
1654498501832947217 10.0
1654498502834187399 6.0
1654498503834728422 7.0
1654498504835895403 17.0
1654498505836747318 19.0
1654498506837882877 9.0
1654498507839064814 8.0
1654498508840255844 25.0
1654498509841413014 13.0
1654498510841792273 14.0
1654498511842983023 26.0
1654498512844138439 20.0
1654498513845345912 17.0
1654498514846633495 14.0
1654498515847885269 14.0
1654498516848714223 12.0
1654498517849743380 20.0
1654498518850951223 19.0
1654498519852133000 18.0
1654498520853312457 19.0
1654498521854389549 13.0
1654498522855577691 15.0
1654498523855789382 19.0
1654498524856957578 17.0
1654498525858462896 16.0
1654498526859762123 12.0
1654498527861093972 0.0
1654498528862563104 16.0
1654498529863749489 18.0
1654498530864892050 18.0
1654498531865748210 9.0
1654498532866927518 12.0
1654498533867759830 14.0
1654498534868955042 9.0
1654498535870117581 24.0
1654498536871265946 20.0
1654498537872415881 8.0
1654498538873595613 9.0
1654498539874770988 18.0
1654498540875970012 15.0
1654498541877164390 7.0
1654498542878348571 16.0
1654498543879543277 14.0
1654498544880725920 8.0
1654498545882495628 14.0
1654498546883832529 8.0
1654498547885075661 7.0
1654498548886244757 16.0
1654498549887425854 8.0
1654498550888610697 21.0
1654498551889833776 12.0
1654498552891015489 10.0
1654498553892021952 10.0
1654498554893175275 25.0
1654498555894342914 13.0
1654498556895557345 10.0
1654498557896743637 11.0
1654498558898741654 14.0
1654498559899912672 20.0
1654498560901079328 8.0
1654498561902268959 10.0
1654498562903431314 10.0
1654498563904622903 16.0
1654498564905822340 14.0
1654498565906984121 7.0
1654498566908161659 7.0
1654498567909311521 16.0
1654498568909745023 9.0
1654498569911099355 14.0
1654498570912360802 20.0
1654498571913731814 13.0
1654498572914988178 15.0
1654498573916178856 13.0
1654498574917350546 16.0
1654498575918744788 16.0
1654498576920342948 18.0
1654498577921693952 10.0
1654498578922769315 9.0
1654498579923779859 18.0
1654498580924957542 20.0
1654498581926325284 13.0
1654498582927498885 15.0
1654498583928655164 16.0
1654498584929776313 10.0
1654498585930933027 18.0
1654498586931785600 13.0
1654498587932972399 10.0
1654498588934185207 12.0
1654498589935388873 12.0
1654498590936516537 7.0
1654498591937706602 14.0
1654498592938884042 13.0
1654498593940065933 16.0
1654498594941243284 16.0
1654498595941757051 8.0
1654498596943130127 15.0
1654498597944299499 17.0
1654498598945452808 17.0
1654498599945754321 14.0
1654498600946900874 9.0
1654498601948074986 3.0
1654498602949243259 18.0
1654498603950416052 16.0
1654498604951567231 14.0
1654498605952946503 4.0
1654498606954178293 18.0
1654498607955514305 8.0
1654498608956647348 16.0
1654498609957933181 10.0
1654498610959109266 7.0
1654498611960268395 21.0
1654498612961413317 9.0
1654498613962583044 19.0
1654498614963738975 16.0
1654498615965037743 15.0
1654498616966734910 13.0
1654498617968114300 12.0
1654498618969275084 14.0
1654498619970504529 20.0
1654498620972145464 6.0
1654498621973420239 20.0
1654498622974732388 14.0
1654498623976442239 16.0
1654498624977762423 5.0
1654498625979043232 12.0
1654498626980220555 13.0
1654498627981386714 16.0
1654498628982555636 14.0
1654498629983726072 13.0
1654498630984905360 8.0
1654498631986065910 11.0
1654498632987258523 8.0
1654498633988437162 12.0
1654498634989701208 18.0
1654498635991343907 21.0
1654498636992047770 13.0
1654498637993537205 14.0
1654498638994741070 10.0
1654498639996156289 9.0
1654498640996792460 12.0
1654498641997774089 11.0
1654498642998750016 20.0
1654498643999746897 12.0
1654498645000728722 11.0
1654498646002554671 20.0
1654498647003707181 13.0
1654498648004873226 11.0
1654498649006011309 7.0
1654498650007155348 11.0
1654498651007541698 27.0
1654498652009118404 20.0
1654498653009734524 24.0
1654498654010724096 14.0
1654498655011857441 14.0
1654498656012797594 10.0
1654498657014295316 14.0
1654498658015556185 15.0
1654498659016508714 8.0
1654498660017913219 12.0
1654498661019091032 15.0
1654498662020274174 10.0
1654498663021397865 19.0
1654498664022544428 18.0
1654498665023436768 7.0
1654498666024627050 16.0
1654498667025837430 15.0
1654498668026743150 10.0
1654498669027884953 10.0
1654498670029584434 16.0
1654498671030787985 11.0
1654498672031765614 14.0
1654498673032965258 8.0
1654498674034268226 16.0
1654498675036004518 14.0
1654498676037749583 13.0
1654498677039432931 12.0
1654498678039748713 9.0
1654498679040922868 11.0
1654498680042199562 24.0
1654498681043431487 7.0
1654498682044636836 6.0
1654498683045164112 9.0
1654498684045738844 18.0
1654498685046945777 16.0
1654498686047748280 18.0
1654498687048485217 5.0
1654498688048769973 12.0
1654498689049951644 11.0
1654498690051233650 8.0
1654498691052584604 19.0
1654498692053906343 15.0
1654498693055215776 18.0
1654498694056453966 10.0
1654498695057739827 20.0
1654498696059021763 3.0
1654498697060352717 17.0
1654498698061507232 16.0
1654498699062641140 11.0
1654498700063852431 3.0
1654498701065031274 16.0
1654498702066178354 19.0
1654498703067328079 6.0
1654498704068505449 16.0
