1654498752534835358 0.0
1654498753536266617 0.0
1654498754537461352 0.0
1654498755539114132 0.0
1654498756540324121 0.0
1654498757541524734 0.0
1654498758542697312 0.0
1654498759544024589 1.0
1654498760545459228 4.0
1654498761546662316 14.0
1654498762548159489 10.0
1654498763549643317 11.0
1654498764550314000 3.0
1654498765550983009 15.0
1654498766551776432 17.0
1654498767552614082 20.0
1654498768552984348 15.0
1654498769553394378 15.0
1654498770553740553 11.0
1654498771554897875 12.0
1654498772556055410 14.0
1654498773557283337 11.0
1654498774558550598 10.0
1654498775559919185 9.0
1654498776561114226 19.0
1654498777562340794 21.0
1654498778563584215 9.0
1654498779564732870 16.0
1654498780565959439 14.0
1654498781567225383 11.0
1654498782568479780 10.0
1654498783570238533 16.0
1654498784571994144 10.0
1654498785573621508 16.0
1654498786574771311 14.0
1654498787575725325 17.0
1654498788576780450 14.0
1654498789577731185 4.0
1654498790578293101 11.0
1654498791579462154 14.0
1654498792580653753 4.0
1654498793581877184 27.0
1654498794582736655 10.0
1654498795583763704 7.0
1654498796584901996 16.0
1654498797586026578 14.0
1654498798587174884 16.0
1654498799588349419 14.0
1654498800589547873 12.0
1654498801590748013 20.0
1654498802591998276 7.0
1654498803593746490 9.0
1654498804594934142 5.0
1654498805596235765 19.0
1654498806598047989 10.0
1654498807599370614 13.0
1654498808600722433 16.0
1654498809601936063 18.0
1654498810603396930 19.0
1654498811604963849 7.0
1654498812606202295 15.0
1654498813607373659 15.0
1654498814608929266 7.0
1654498815610511432 8.0
1654498816611846822 14.0
1654498817613038071 13.0
1654498818614238747 14.0
1654498819615404027 11.0
1654498820616612344 12.0
1654498821617883900 9.0
1654498822619238779 15.0
1654498823619810876 11.0
1654498824621029935 4.0
1654498825621770933 19.0
1654498826622964114 16.0
1654498827624205416 12.0
1654498828625395639 17.0
1654498829626597881 5.0
1654498830627889813 16.0
1654498831629070734 15.0
1654498832630214740 12.0
1654498833631465808 13.0
1654498834632835812 18.0
1654498835633998092 14.0
1654498836635160459 15.0
1654498837635753675 12.0
1654498838636960851 10.0
1654498839638123397 9.0
1654498840639279982 23.0
1654498841639752902 11.0
1654498842640925829 0.0
1654498843642086590 16.0
1654498844642774015 14.0
1654498845643925218 12.0
1654498846644728715 8.0
1654498847646062331 12.0
1654498848647857882 13.0
1654498849649706849 18.0
1654498850650763590 9.0
1654498851651954658 11.0
1654498852652713140 14.0
1654498853653881342 10.0
1654498854655013117 27.0
1654498855656190119 10.0
1654498856657374943 9.0
1654498857658740238 14.0
1654498858660266948 12.0
1654498859660740655 12.0
1654498860662732682 13.0
1654498861666739082 10.0
1654498862667912354 14.0
1654498863669170344 20.0
1654498864670365469 7.0
1654498865670738350 10.0
1654498866671878194 14.0
1654498867673542438 12.0
1654498868674736796 13.0
1654498869676054701 11.0
1654498870677252581 17.0
1654498871679032079 12.0
1654498872680173218 21.0
1654498873681634961 11.0
1654498874682795877 9.0
1654498875684131804 0.0
1654498876685409056 18.0
1654498877686579292 15.0
1654498878687744204 17.0
1654498879689034806 18.0
1654498880690207426 10.0
1654498881690557500 13.0
1654498882690764628 12.0
1654498883691960235 13.0
1654498884693112438 16.0
1654498885693794024 8.0
1654498886695747998 15.0
1654498887697747400 9.0
1654498888699017446 11.0
1654498889699788742 0.0
1654498890702754439 18.0
1654498891703927855 14.0
1654498892704724446 18.0
1654498893706434975 10.0
1654498894707597234 8.0
1654498895708772226 12.0
1654498896710170238 10.0
1654498897711331760 11.0
1654498898712507847 16.0
1654498899713662191 16.0
1654498900714756297 7.0
1654498901715965006 13.0
1654498902717139661 8.0
1654498903717774006 11.0
1654498904719202785 2.0
1654498905719740152 7.0
1654498906720937359 8.0
1654498907721554286 9.0
1654498908722736655 3.0
1654498909722967660 7.0
1654498910724131571 10.0
1654498911725432852 4.0
1654498912726743736 7.0
1654498913727918028 0.0
1654498914729195515 10.0
1654498915730487400 1.0
1654498916731874516 9.0
1654498917733056054 6.0
1654498918734244442 4.0
1654498919735428094 13.0
1654498920736610234 8.0
1654498921737814562 4.0
1654498922739043909 9.0
1654498923740222647 2.0
1654498924740769764 10.0
1654498925741992293 7.0
1654498926743270147 5.0
1654498927744549770 1.0
1654498928745745340 10.0
1654498929747157001 4.0
1654498930748613759 4.0
1654498931749928735 10.0
1654498932751101099 13.0
1654498933752578039 1.0
1654498934753742480 11.0
1654498935754919487 1.0
1654498936756086417 16.0
1654498937757276902 10.0
1654498938758452488 1.0
1654498939758755627 11.0
1654498940759931678 11.0
1654498941760655194 4.0
1654498942761920097 12.0
1654498943763093999 10.0
1654498944764275233 4.0
1654498945765467771 1.0
1654498946766638951 10.0
1654498947767787860 5.0
1654498948768784445 10.0
1654498949769995656 10.0
1654498950771177553 11.0
1654498951772372124 5.0
1654498952773558792 2.0
1654498953774717538 9.0
1654498954775748147 0.0
1654498955776921497 9.0
1654498956777646009 5.0
1654498957778866847 9.0
1654498958780042145 13.0
1654498959781634074 6.0
1654498960782771639 4.0
1654498961784049114 3.0
1654498962785200255 9.0
1654498963786503563 5.0
1654498964787644198 9.0
1654498965788738366 9.0
1654498966789779787 7.0
1654498967790613495 5.0
1654498968791824475 8.0
1654498969792753663 10.0
1654498970794720297 9.0
1654498971795998941 2.0
1654498972798624102 16.0
1654498973800232383 2.0
1654498974801385230 2.0
1654498975802654162 10.0
1654498976803151150 10.0
1654498977804311787 6.0
1654498978804724844 2.0
1654498979805878488 10.0
1654498980806734856 8.0
1654498981807885513 8.0
1654498982808751958 4.0
1654498983809925184 4.0
1654498984811133915 3.0
1654498985812319725 5.0
1654498986813399865 13.0
1654498987813732092 6.0
1654498988814882891 9.0
1654498989816633252 7.0
1654498990817921817 10.0
1654498991819619749 1.0
1654498992820767028 8.0
1654498993821991173 14.0
1654498994823233414 7.0
1654498995824961907 6.0
1654498996826237527 0.0
1654498997827549267 8.0
1654498998828750310 5.0
1654498999830207661 3.0
1654499000831380874 1.0
1654499001832667044 11.0
1654499002834054844 10.0
1654499003835349580 5.0
1654499004836509888 2.0
1654499005837539803 6.0
1654499006838750528 13.0
1654499007839718937 7.0
1654499008840885629 3.0
1654499009842706471 2.0
1654499010844446243 11.0
1654499011844736236 0.0
1654499012846096499 8.0
1654499013847257776 9.0
1654499014847639514 4.0
1654499015848811583 6.0
1654499016849987937 7.0
1654499017850763525 14.0
1654499018852067851 3.0
1654499019852790685 6.0
1654499020854084970 9.0
1654499021855755697 4.0
1654499022857236815 5.0
1654499023858551609 8.0
1654499024859833474 3.0
1654499025861261486 1.0
1654499026861844679 9.0
1654499027862732655 3.0
1654499028863895588 6.0
1654499029864779111 1.0
1654499030866145308 9.0
1654499031867444869 0.0
1654499032868599217 0.0
1654499033869761985 10.0
1654499034871187882 7.0
1654499035872581479 0.0
1654499036874009126 16.0
1654499037875192705 8.0
1654499038876997197 8.0
1654499039878188326 9.0
1654499040878489544 6.0
1654499041879744607 9.0
1654499042880783907 5.0
1654499043881975592 9.0
1654499044883154077 8.0
1654499045884306295 6.0
1654499046885489906 12.0
1654499047886699276 2.0
1654499048887936037 8.0
1654499049889216726 11.0
1654499050889771047 7.0
1654499051891228800 11.0
1654499052892034510 7.0
1654499053893887781 2.0
1654499054895091133 9.0
