1654499794622179002 0.0
1654499795623397297 0.0
1654499796624566343 0.0
1654499797625729210 0.0
1654499798626871803 0.0
1654499799628054075 0.0
1654499800629182207 0.0
1654499801629424651 0.0
1654499802630606336 4.0
1654499803631824461 16.0
1654499804633146943 0.0
1654499805634311874 21.0
1654499806635501079 0.0
1654499807636714343 17.0
1654499808637901955 13.0
1654499809639139427 21.0
1654499810640364127 9.0
1654499811641551673 21.0
1654499812641739766 18.0
1654499813642901866 14.0
1654499814644084052 17.0
1654499815645248333 20.0
1654499816646482509 11.0
1654499817647825006 3.0
1654499818649034572 7.0
1654499819650217812 8.0
1654499820652016601 9.0
1654499821652494148 15.0
1654499822653899992 15.0
1654499823655080116 7.0
1654499824656256205 8.0
1654499825656783197 12.0
1654499826657990674 15.0
1654499827659214140 14.0
1654499828659923271 13.0
1654499829661101067 12.0
1654499830662925489 20.0
1654499831663620155 10.0
1654499832665581687 10.0
1654499833666757128 10.0
1654499834667958642 27.0
1654499835668766013 9.0
1654499836669934840 16.0
1654499837670759199 17.0
1654499838671959827 19.0
1654499839672746279 8.0
1654499840673909810 13.0
1654499841675085052 11.0
1654499842676294042 17.0
1654499843677457959 14.0
1654499844678628777 11.0
1654499845679752224 12.0
1654499846680967534 1.0
1654499847682147471 16.0
1654499848683334696 16.0
1654499849684509772 11.0
1654499850685720126 12.0
1654499851686918102 15.0
1654499852687800850 15.0
1654499853688770934 13.0
1654499854689968983 8.0
1654499855690756139 8.0
1654499856691445453 20.0
1654499857692192170 2.0
1654499858692305121 10.0
1654499859692911077 7.0
1654499860694740485 7.0
1654499861696092448 16.0
1654499862696797286 11.0
1654499863697733277 10.0
1654499864699194941 10.0
1654499865699748987 7.0
1654499866700926633 11.0
1654499867702303235 18.0
1654499868703454447 15.0
1654499869704631811 4.0
1654499870705889780 8.0
1654499871707078982 18.0
1654499872708244316 19.0
1654499873709432501 13.0
1654499874710749048 10.0
1654499875712017400 23.0
1654499876713289712 9.0
1654499877714561219 11.0
1654499878715659798 9.0
1654499879716840602 12.0
1654499880718016558 12.0
1654499881719202204 10.0
1654499882719754196 11.0
1654499883720920683 19.0
1654499884722108130 15.0
1654499885723294081 11.0
1654499886724505089 10.0
1654499887725939232 17.0
1654499888726706594 15.0
1654499889728366148 22.0
1654499890729666771 1.0
1654499891730869315 10.0
1654499892731609886 14.0
1654499893733233765 17.0
1654499894734497758 9.0
1654499895736323613 17.0
1654499896737496839 7.0
1654499897739237269 17.0
1654499898740979375 7.0
1654499899741762147 13.0
1654499900742697814 8.0
1654499901744048232 7.0
1654499902745366372 20.0
1654499903745780235 19.0
1654499904747545906 9.0
1654499905748816362 20.0
1654499906749983256 14.0
1654499907751735954 16.0
1654499908752913801 7.0
1654499909754247609 3.0
1654499910755424197 9.0
1654499911756808424 11.0
1654499912757978796 13.0
1654499913759191046 14.0
1654499914760364098 11.0
1654499915761888296 17.0
1654499916762881854 18.0
1654499917764307889 1.0
1654499918764736998 18.0
1654499919765917398 19.0
1654499920767107907 13.0
1654499921768289264 11.0
1654499922769497793 13.0
1654499923770654333 16.0
1654499924771842822 3.0
1654499925772744548 20.0
1654499926773978257 8.0
1654499927775167682 9.0
1654499928776356442 4.0
1654499929777573838 16.0
1654499930778958673 17.0
1654499931780309104 19.0
1654499932781456909 12.0
1654499933782642276 4.0
1654499934783830074 18.0
1654499935785190675 4.0
1654499936786385113 14.0
1654499937787543228 5.0
1654499938788736757 17.0
1654499939789944962 8.0
1654499940791151293 8.0
1654499941792042327 17.0
1654499942792905101 9.0
1654499943794708422 14.0
1654499944795743426 24.0
1654499945797554431 6.0
1654499946798739009 13.0
1654499947799960782 11.0
1654499948801133759 9.0
1654499949802416120 7.0
1654499950803911713 7.0
1654499951805112113 16.0
1654499952805749504 10.0
1654499953806870081 11.0
1654499954807730181 9.0
1654499955809226826 11.0
1654499956810407130 14.0
1654499957811666436 11.0
1654499958812970373 11.0
1654499959814233132 10.0
1654499960815021072 11.0
1654499961816195868 12.0
1654499962817356983 19.0
1654499963818083782 13.0
1654499964819241885 11.0
1654499965820528055 14.0
1654499966822189786 12.0
1654499967823559756 14.0
1654499968824732880 8.0
1654499969825744412 9.0
1654499970826780177 12.0
1654499971826987964 9.0
1654499972827721023 23.0
1654499973828748197 16.0
1654499974829930278 11.0
1654499975831444622 11.0
1654499976832592833 7.0
1654499977833896567 11.0
1654499978835065720 15.0
1654499979836366465 16.0
1654499980837542792 2.0
1654499981837778588 9.0
1654499982838990988 11.0
1654499983839852406 12.0
1654499984841024631 18.0
1654499985842206285 4.0
1654499986843355053 9.0
1654499987844504669 16.0
1654499988845945840 10.0
1654499989847647449 8.0
1654499990848838736 0.0
1654499991849999985 12.0
1654499992851161580 19.0
1654499993851823526 23.0
1654499994853016284 14.0
1654499995853726358 19.0
1654499996854783054 8.0
1654499997855996722 7.0
1654499998857263697 23.0
1654499999857777361 26.0
1654500000858949947 10.0
1654500001860156751 11.0
1654500002861353079 8.0
1654500003861772254 14.0
1654500004862970061 13.0
1654500005864261329 16.0
1654500006866011382 15.0
1654500007867337207 9.0
1654500008868628874 14.0
1654500009869906737 12.0
1654500010871095584 10.0
1654500011872273853 16.0
1654500012873472056 3.0
1654500013873766878 14.0
1654500014874943589 14.0
1654500015876163745 5.0
1654500016877047906 16.0
1654500017878249216 12.0
1654500018879472966 18.0
1654500019880743981 9.0
1654500020881919475 17.0
1654500021883097073 2.0
1654500022884282889 15.0
1654500023885471031 13.0
1654500024886666186 7.0
1654500025887926875 11.0
1654500026889111652 14.0
1654500027890290252 12.0
1654500028891501691 0.0
1654500029892104383 13.0
1654500030893232787 14.0
1654500031894398259 17.0
1654500032895583091 9.0
1654500033896751278 0.0
1654500034897980915 18.0
1654500035899237797 4.0
1654500036900419657 23.0
1654500037900765493 7.0
1654500038902105299 7.0
1654500039903439272 8.0
1654500040904624953 23.0
1654500041905838467 20.0
1654500042907009080 12.0
1654500043908190961 17.0
1654500044909361511 16.0
1654500045909837745 6.0
1654500046911014259 23.0
1654500047912210265 10.0
1654500048913488902 4.0
1654500049913745046 15.0
1654500050914758622 18.0
1654500051915941516 14.0
1654500052917130674 19.0
1654500053918413792 15.0
1654500054919589940 15.0
1654500055920748821 18.0
1654500056921944837 15.0
1654500057923109761 16.0
1654500058923996199 7.0
1654500059925262591 16.0
1654500060926628847 10.0
1654500061927733494 17.0
1654500062928869979 14.0
1654500063930022811 14.0
1654500064931222450 12.0
1654500065932250853 12.0
1654500066933655299 1.0
1654500067934865779 16.0
1654500068936067598 9.0
1654500069936754846 10.0
1654500070937923978 6.0
1654500071938741377 23.0
1654500072939927159 8.0
1654500073940774388 8.0
1654500074941877927 8.0
1654500075942769055 10.0
1654500076943766197 13.0
1654500077944966259 10.0
1654500078946140260 4.0
1654500079947323159 14.0
1654500080947744084 3.0
1654500081949113487 9.0
1654500082950309031 16.0
1654500083951521931 11.0
1654500084952646834 23.0
1654500085953944683 11.0
1654500086955277756 9.0
1654500087957052257 20.0
1654500088958317062 12.0
1654500089959599958 14.0
1654500090960930391 7.0
1654500091962079277 2.0
1654500092962720573 15.0
1654500093963753783 15.0
1654500094964975865 13.0
1654500095966312065 12.0
1654500096967498074 16.0
