1654500141536737416 0.0
1654500142537994987 0.0
1654500143539172618 0.0
1654500144540441166 0.0
1654500145541433762 0.0
1654500146542634771 0.0
1654500147543857167 0.0
1654500148545034084 9.0
1654500149546216729 5.0
1654500150547409020 9.0
1654500151548633770 7.0
1654500152549857909 14.0
1654500153551031848 14.0
1654500154552227835 15.0
1654500155553402522 12.0
1654500156553755677 18.0
1654500157554750207 12.0
1654500158556066250 11.0
1654500159557402858 20.0
1654500160558574322 11.0
1654500161559739072 16.0
1654500162560960755 3.0
1654500163562149662 7.0
1654500164563726243 11.0
1654500165564993641 9.0
1654500166566147245 15.0
1654500167567149880 13.0
1654500168568292420 16.0
1654500169569420467 10.0
1654500170570569602 9.0
1654500171571734234 13.0
1654500172572208107 11.0
1654500173573368782 17.0
1654500174574529495 22.0
1654500175574735047 1.0
1654500176575918322 13.0
1654500177577052517 8.0
1654500178578209979 17.0
1654500179579432087 4.0
1654500180580618457 18.0
1654500181581792860 25.0
1654500182582978403 16.0
1654500183584136871 6.0
1654500184585328249 10.0
1654500185586490599 18.0
1654500186587649122 5.0
1654500187588999401 0.0
1654500188589492385 13.0
1654500189590990123 21.0
1654500190593746661 10.0
1654500191595030596 18.0
1654500192596295909 17.0
1654500193597759450 4.0
1654500194598920433 13.0
1654500195600133326 12.0
1654500196601279737 13.0
1654500197602410570 26.0
1654500198602752848 7.0
1654500199603964245 17.0
1654500200604722329 10.0
1654500201605731155 14.0
1654500202606903162 18.0
1654500203608075129 11.0
1654500204609318505 9.0
1654500205610334563 7.0
1654500206610730337 16.0
1654500207611969415 1.0
1654500208613246132 24.0
1654500209614470567 23.0
1654500210615643616 7.0
1654500211616855546 6.0
1654500212618023612 8.0
1654500213619738463 18.0
1654500214620900487 21.0
1654500215621816951 12.0
1654500216622999501 13.0
1654500217624183812 16.0
1654500218624759094 15.0
1654500219625973472 9.0
1654500220626753657 12.0
1654500221627756769 7.0
1654500222628911844 16.0
1654500223630064687 14.0
1654500224631314277 8.0
1654500225632587590 17.0
1654500226633755109 7.0
1654500227634924325 4.0
1654500228635761149 8.0
1654500229636949119 16.0
1654500230638443585 10.0
1654500231639628311 20.0
1654500232640774705 13.0
1654500233641973324 1.0
1654500234642751683 22.0
1654500235644172635 18.0
1654500236645459417 15.0
1654500237646727441 5.0
1654500238647161122 10.0
1654500239648584091 12.0
1654500240649569683 11.0
1654500241650890416 11.0
1654500242652039487 15.0
1654500243653187541 12.0
1654500244653746812 14.0
1654500245654918591 16.0
1654500246656173764 7.0
1654500247657340762 12.0
1654500248658531715 23.0
1654500249659725042 12.0
1654500250660179984 11.0
1654500251660971293 16.0
1654500252662198459 10.0
1654500253663040553 14.0
1654500254664287265 7.0
1654500255664740841 16.0
1654500256665950577 14.0
1654500257666770068 21.0
1654500258667938529 7.0
1654500259668746368 14.0
1654500260669897378 12.0
1654500261670784518 10.0
1654500262671957622 17.0
1654500263672734417 21.0
1654500264673771901 11.0
1654500265674753609 9.0
1654500266675946065 2.0
1654500267677135852 7.0
1654500268678281961 9.0
1654500269678764646 23.0
1654500270679917804 20.0
1654500271681074061 11.0
1654500272682258369 0.0
1654500273682765335 16.0
1654500274683929134 12.0
1654500275684734936 14.0
1654500276685903957 12.0
1654500277686745239 13.0
1654500278687721945 14.0
1654500279688879114 15.0
1654500280690086595 14.0
1654500281691307288 13.0
1654500282692146210 10.0
1654500283693027108 5.0
1654500284694737378 20.0
1654500285696004859 10.0
1654500286697234740 12.0
1654500287699022795 16.0
1654500288699283626 9.0
1654500289700460652 13.0
1654500290701423685 2.0
1654500291702732422 0.0
1654500292703884839 16.0
1654500293705178998 14.0
1654500294706341536 14.0
1654500295707846467 19.0
1654500296709359513 12.0
1654500297709731448 13.0
1654500298710888086 6.0
1654500299712036088 8.0
1654500300713255145 13.0
1654500301714448748 17.0
1654500302715610170 17.0
1654500303716809418 4.0
1654500304717971927 11.0
1654500305719160767 17.0
1654500306720339631 9.0
1654500307721161203 9.0
1654500308722373192 9.0
1654500309722766271 10.0
1654500310723919958 9.0
1654500311725060041 27.0
1654500312726238239 17.0
1654500313726773481 9.0
1654500314728477347 11.0
1654500315730239243 15.0
1654500316731653589 12.0
1654500317733733015 16.0
1654500318735011501 10.0
1654500319736257007 16.0
1654500320737443412 13.0
1654500321738603697 10.0
1654500322739802010 6.0
1654500323740741021 11.0
1654500324741900166 5.0
1654500325743074079 8.0
1654500326745734695 0.0
1654500327747000024 0.0
1654500328748245089 12.0
1654500329749738571 11.0
1654500330750782270 9.0
1654500331752060895 7.0
1654500332753510079 10.0
1654500333754746811 5.0
1654500334755966077 6.0
1654500335757148418 8.0
1654500336758344243 10.0
1654500337758824124 7.0
1654500338759807767 7.0
1654500339761182917 5.0
1654500340761745517 12.0
1654500341763100737 4.0
1654500342764463478 8.0
1654500343765732658 0.0
1654500344766882867 8.0
1654500345768158308 7.0
1654500346769319971 13.0
1654500347769958170 1.0
1654500348771210047 8.0
1654500349772403794 7.0
1654500350773924276 0.0
1654500351774882400 9.0
1654500352776050764 9.0
1654500353777306449 0.0
1654500354778460437 17.0
1654500355779752282 4.0
1654500356781498609 12.0
1654500357782991091 8.0
1654500358784187406 0.0
1654500359785380023 11.0
1654500360786559227 9.0
1654500361787728595 0.0
1654500362788953146 8.0
1654500363789214346 12.0
1654500364790421835 15.0
1654500365790767596 9.0
1654500366791943954 8.0
1654500367792986206 8.0
1654500368794665535 12.0
1654500369795741861 8.0
1654500370797015112 8.0
1654500371798152175 11.0
1654500372799492293 10.0
1654500373800884112 8.0
1654500374801770004 7.0
1654500375803146389 8.0
1654500376804311243 7.0
1654500377805484208 10.0
1654500378806650618 8.0
1654500379807870397 8.0
1654500380808991735 9.0
1654500381810149444 10.0
1654500382811156206 3.0
1654500383812369394 9.0
1654500384813543986 0.0
1654500385813765041 5.0
1654500386814957077 4.0
1654500387816154258 8.0
1654500388817363376 4.0
1654500389818555970 3.0
1654500390819747133 6.0
1654500391820187687 10.0
1654500392821362521 2.0
1654500393822524817 8.0
1654500394823700563 8.0
1654500395825024056 0.0
1654500396826348136 0.0
1654500397827498100 16.0
1654500398828621812 13.0
1654500399829780950 0.0
1654500400830963759 8.0
1654500401832131043 11.0
1654500402833312799 11.0
1654500403834484960 9.0
1654500404835715885 12.0
1654500405836904908 2.0
1654500406838101676 7.0
1654500407838324137 3.0
1654500408838735908 11.0
1654500409839909371 16.0
1654500410841120601 7.0
1654500411842299390 6.0
1654500412843478940 3.0
1654500413844633512 0.0
1654500414845898041 12.0
1654500415847032337 12.0
1654500416848281529 1.0
1654500417849482156 7.0
1654500418849747920 1.0
1654500419850943427 0.0
1654500420852135045 22.0
1654500421853346795 6.0
1654500422854508720 12.0
1654500423854836899 5.0
1654500424855994176 11.0
1654500425857163571 7.0
1654500426858325806 0.0
1654500427859486392 14.0
1654500428860649315 4.0
1654500429861929523 7.0
1654500430863096452 1.0
1654500431864396603 9.0
1654500432864826427 12.0
1654500433866216103 0.0
1654500434867458871 9.0
1654500435868610274 7.0
1654500436869578532 10.0
1654500437870767997 7.0
1654500438871773104 0.0
1654500439872930570 0.0
1654500440874064592 0.0
1654500441875374161 0.0
1654500442876547182 12.0
1654500443877812271 6.0
