1654494209405569338 0.0
1654494210406790081 0.0
1654494211407970312 0.0
1654494212409145487 0.0
1654494213410348642 0.0
1654494214411533699 0.0
1654494215412733515 17.0
1654494216413931211 17.0
1654494217414209768 19.0
1654494218415985489 22.0
1654494219417270080 27.0
1654494220417881146 18.0
1654494221419046089 26.0
1654494222420334719 21.0
1654494223421609000 21.0
1654494224422749997 22.0
1654494225424461172 21.0
1654494226425842953 23.0
1654494227427506498 14.0
1654494228428658386 23.0
1654494229429737321 25.0
1654494230430916725 16.0
1654494231432074485 23.0
1654494232433238736 18.0
1654494233434415053 23.0
1654494234434721355 26.0
1654494235436017607 16.0
1654494236437721654 22.0
1654494237438961043 13.0
1654494238440111351 24.0
1654494239441284829 28.0
1654494240442421305 16.0
1654494241442741203 25.0
1654494242443900053 20.0
1654494243445115855 24.0
1654494244446296790 22.0
1654494245446736239 18.0
1654494246447931009 20.0
1654494247449098781 21.0
1654494248450260919 23.0
1654494249451436940 30.0
1654494250451736039 18.0
1654494251452475220 27.0
1654494252453184910 25.0
1654494253453336445 21.0
1654494254453936881 14.0
1654494255455171166 28.0
1654494256456416497 19.0
1654494257457759213 32.0
1654494258459000125 22.0
1654494259460531299 23.0
1654494260460761062 28.0
1654494261461748716 18.0
1654494262462779977 22.0
1654494263463930909 19.0
1654494264465090300 22.0
1654494265466235777 18.0
1654494266467405906 19.0
1654494267468589254 17.0
1654494268469985179 24.0
1654494269471328133 28.0
1654494270472259946 19.0
1654494271473415991 24.0
1654494272474659120 27.0
1654494273475401058 22.0
1654494274476586296 26.0
1654494275477767969 20.0
1654494276478963372 31.0
1654494277480113995 16.0
1654494278481289334 19.0
1654494279482464965 23.0
1654494280483453465 20.0
1654494281484615331 25.0
1654494282485867182 13.0
1654494283486812347 31.0
1654494284488022278 22.0
1654494285489210327 26.0
1654494286490374312 18.0
1654494287491568908 19.0
1654494288492027911 30.0
1654494289493309140 27.0
1654494290493919725 18.0
1654494291494082983 20.0
1654494292494409713 31.0
1654494293495741957 22.0
1654494294497740406 13.0
1654494295499158933 28.0
1654494296500336131 27.0
1654494297501525078 20.0
1654494298502836164 21.0
1654494299504289155 32.0
1654494300505514554 29.0
1654494301506382594 16.0
1654494302507426777 13.0
1654494303508573468 23.0
1654494304509871304 25.0
1654494305510409459 27.0
1654494306511199203 20.0
1654494307512341304 26.0
1654494308513484799 20.0
1654494309514636180 8.0
1654494310515866492 21.0
1654494311517289121 26.0
1654494312518456548 16.0
1654494313519606804 19.0
1654494314521046509 18.0
1654494315522057582 31.0
1654494316523238065 19.0
1654494317524380412 20.0
1654494318524768076 22.0
1654494319525940533 16.0
1654494320527123336 29.0
1654494321528301010 20.0
1654494322529483802 17.0
1654494323530635170 22.0
1654494324531847530 20.0
1654494325533026098 24.0
1654494326533765669 21.0
1654494327534894433 23.0
1654494328536032497 25.0
1654494329536728963 23.0
1654494330537880341 19.0
1654494331538780874 20.0
1654494332540045610 16.0
1654494333540749144 24.0
1654494334541918150 20.0
1654494335543082933 21.0
1654494336544259122 22.0
1654494337545441608 20.0
1654494338546602510 22.0
1654494339547842048 25.0
1654494340548754404 22.0
1654494341549889715 29.0
1654494342551050350 19.0
1654494343552236039 20.0
1654494344553433644 22.0
1654494345554870503 15.0
1654494346556173167 21.0
1654494347557797866 26.0
1654494348558956544 26.0
1654494349560097524 21.0
1654494350561356430 18.0
1654494351562705855 26.0
1654494352563995896 18.0
1654494353565239958 27.0
1654494354566599279 23.0
1654494355567780746 18.0
1654494356568937503 17.0
1654494357570120953 19.0
1654494358571408493 25.0
1654494359572709932 33.0
1654494360574075170 17.0
1654494361575236477 21.0
1654494362576345351 16.0
1654494363577522635 24.0
1654494364578713500 22.0
1654494365579889647 17.0
1654494366581068233 25.0
1654494367582199222 24.0
1654494368583454283 13.0
1654494369584928329 21.0
1654494370586171038 25.0
1654494371587340738 21.0
1654494372588724075 25.0
1654494373590455223 18.0
1654494374591705661 21.0
1654494375593774461 20.0
1654494376595739489 19.0
1654494377597127804 18.0
1654494378599026622 17.0
1654494379599841699 27.0
1654494380601027201 19.0
1654494381602215094 27.0
1654494382603387142 16.0
1654494383603739296 23.0
1654494384604795543 23.0
1654494385605727148 25.0
1654494386606951900 15.0
1654494387607746938 23.0
1654494388608904174 20.0
1654494389610049618 21.0
1654494390611210835 24.0
1654494391612338822 21.0
1654494392613472399 34.0
1654494393613715953 24.0
1654494394614714689 22.0
1654494395614944139 32.0
1654494396616083246 34.0
1654494397617209789 19.0
1654494398618325321 15.0
1654494399619543838 21.0
1654494400620826806 16.0
1654494401622140372 25.0
1654494402622754166 14.0
1654494403624018469 18.0
1654494404625290738 20.0
1654494405625708904 25.0
1654494406626929374 15.0
1654494407628280822 16.0
1654494408629472693 16.0
1654494409629899210 21.0
1654494410631036449 22.0
1654494411632471002 19.0
1654494412633935636 19.0
1654494413634830471 22.0
1654494414636007087 15.0
1654494415636777849 21.0
1654494416638008459 28.0
1654494417639222619 18.0
1654494418640370096 20.0
1654494419641527197 22.0
1654494420642691591 20.0
1654494421643839304 17.0
1654494422644122082 17.0
1654494423645291901 23.0
1654494424646515066 14.0
1654494425647703517 35.0
1654494426648728750 11.0
1654494427649864018 18.0
1654494428651075331 24.0
1654494429652397141 23.0
1654494430653535787 18.0
1654494431654940649 20.0
1654494432656100047 19.0
1654494433657300220 16.0
1654494434658589500 21.0
1654494435659998151 19.0
1654494436660659058 27.0
1654494437662396581 18.0
1654494438663733351 25.0
1654494439664752070 23.0
1654494440665927625 20.0
1654494441666749381 16.0
1654494442667931329 24.0
1654494443668785339 18.0
1654494444670058094 26.0
1654494445671240614 20.0
1654494446672412617 20.0
1654494447673587953 30.0
1654494448674753941 17.0
1654494449675957166 14.0
1654494450677136285 19.0
1654494451678305646 23.0
1654494452679472174 17.0
1654494453680053491 19.0
1654494454681221184 19.0
1654494455682397164 24.0
1654494456683586711 24.0
1654494457684068326 21.0
1654494458684528384 11.0
1654494459685712726 35.0
1654494460686903917 19.0
1654494461688090049 20.0
1654494462689240234 28.0
1654494463690442580 23.0
1654494464691842257 24.0
1654494465693116821 23.0
1654494466694288117 25.0
1654494467695470696 27.0
1654494468696653118 21.0
1654494469697162945 23.0
1654494470697735352 23.0
1654494471699595557 14.0
1654494472700796215 21.0
1654494473702124314 29.0
1654494474703286772 21.0
1654494475704482688 19.0
1654494476705698178 18.0
1654494477706859797 28.0
1654494478707737445 14.0
1654494479708749243 22.0
1654494480710005849 21.0
1654494481711305886 21.0
1654494482712507997 27.0
1654494483713735114 31.0
1654494484714772872 15.0
1654494485716099187 20.0
1654494486716727221 35.0
1654494487717858277 41.0
1654494488719249971 19.0
1654494489720720775 18.0
1654494490721782433 18.0
1654494491722781869 21.0
1654494492723966126 20.0
1654494493725147951 15.0
1654494494725800475 18.0
1654494495727035552 21.0
1654494496728024272 21.0
1654494497728771717 16.0
1654494498731440604 15.0
1654494499732646777 29.0
1654494500733970433 17.0
1654494501735133020 23.0
1654494502735823580 27.0
1654494503736785471 28.0
1654494504737943772 15.0
1654494505739118102 29.0
1654494506740357595 16.0
1654494507741563120 18.0
1654494508741780013 20.0
1654494509743057908 21.0
1654494510744298347 21.0
1654494511745640017 13.0
