1654493126102212114 0.0
1654493127103538579 0.0
1654493128104407754 0.0
1654493129104803043 0.0
1654493130106037258 0.0
1654493131107232325 0.0
1654493132108313450 0.0
1654493133109386440 13.0
1654493134110540414 24.0
1654493135111720705 23.0
1654493136112916677 17.0
1654493137114088047 20.0
1654493138115277148 15.0
1654493139115737970 25.0
1654493140116733383 18.0
1654493141117984797 22.0
1654493142118730150 20.0
1654493143119309416 22.0
1654493144120471742 22.0
1654493145122211406 15.0
1654493146123401957 20.0
1654493147123737294 19.0
1654493148124729105 22.0
1654493149125877142 26.0
1654493150127045893 14.0
1654493151127657385 23.0
1654493152129100011 19.0
1654493153129734502 26.0
1654493154130767725 33.0
1654493155131932900 14.0
1654493156132756142 26.0
1654493157132968447 19.0
1654493158134129975 31.0
1654493159134793890 19.0
1654493160135983338 22.0
1654493161137160992 31.0
1654493162137747887 20.0
1654493163138891298 25.0
1654493164140086162 30.0
1654493165141265985 28.0
1654493166142464595 31.0
1654493167143634467 25.0
1654493168144816860 17.0
1654493169145995222 21.0
1654493170147160437 17.0
1654493171148455314 18.0
1654493172149735811 22.0
1654493173151065397 22.0
1654493174152227496 21.0
1654493175153410501 22.0
1654493176154571089 23.0
1654493177155765871 23.0
1654493178156940500 22.0
1654493179158111063 28.0
1654493180159299222 13.0
1654493181160589100 20.0
1654493182162024210 29.0
1654493183163209307 26.0
1654493184164382682 23.0
1654493185165566194 18.0
1654493186166582339 28.0
1654493187167756055 19.0
1654493188168954210 29.0
1654493189170133540 19.0
1654493190171311791 28.0
1654493191172573268 25.0
1654493192174301610 15.0
1654493193175624025 23.0
1654493194176936247 24.0
1654493195178324429 16.0
1654493196179518656 23.0
1654493197180687529 31.0
1654493198181867661 22.0
1654493199183069764 33.0
1654493200184250629 19.0
1654493201185614606 20.0
1654493202186784397 23.0
1654493203188046123 24.0
1654493204189215939 20.0
1654493205190585160 20.0
1654493206191996275 20.0
1654493207192740519 19.0
1654493208193881233 26.0
1654493209195030585 28.0
1654493210196207508 19.0
1654493211197370863 24.0
1654493212198554674 24.0
1654493213199716358 20.0
1654493214200819650 19.0
1654493215202656196 26.0
1654493216203597277 15.0
1654493217204748425 24.0
1654493218206074211 19.0
1654493219207223017 19.0
1654493220207716968 21.0
1654493221209396670 30.0
1654493222210865316 20.0
1654493223212170748 2.0
