1654501184512538118 0.0
1654501185513783863 0.0
1654501186514973649 0.0
1654501187516192163 0.0
1654501188516429791 0.0
1654501189517211318 0.0
1654501190518378581 0.0
1654501191519710107 0.0
1654501192520994468 0.0
1654501193522181765 0.0
1654501194523357850 0.0
1654501195524530031 9.0
1654501196525728609 0.0
1654501197526892116 8.0
1654501198527648832 0.0
1654501199528910123 1.0
1654501200530076921 8.0
1654501201531268676 5.0
1654501202532443671 6.0
1654501203533652017 7.0
1654501204534820369 15.0
1654501205536134557 16.0
1654501206537345319 0.0
1654501207538531075 22.0
1654501208539737681 23.0
1654501209540922995 21.0
1654501210542110860 3.0
1654501211543277217 16.0
1654501212544444317 14.0
1654501213544724991 17.0
1654501214546065915 15.0
1654501215546779705 36.0
1654501216548420271 20.0
1654501217549740921 13.0
1654501218550718385 28.0
1654501219551726380 8.0
1654501220552707248 13.0
1654501221553725446 14.0
1654501222555064927 8.0
1654501223556260793 9.0
1654501224557462478 9.0
1654501225558647169 13.0
1654501226559906253 11.0
1654501227561067652 17.0
1654501228562232528 9.0
1654501229562787343 9.0
1654501230563967723 30.0
1654501231565135631 9.0
1654501232566324074 14.0
1654501233567925981 6.0
1654501234569219052 20.0
1654501235570531751 6.0
1654501236571802257 15.0
1654501237573013970 8.0
1654501238574278901 18.0
1654501239575540594 18.0
1654501240576848357 12.0
1654501241578213349 18.0
1654501242579396296 0.0
1654501243580596326 8.0
1654501244581783870 14.0
1654501245582600916 19.0
1654501246583775101 0.0
1654501247584951186 7.0
1654501248586142659 18.0
1654501249586903218 18.0
1654501250588068014 10.0
1654501251589896798 9.0
1654501252591251124 6.0
1654501253592440992 12.0
1654501254593630120 15.0
1654501255594823984 8.0
1654501256596740720 18.0
1654501257597921594 14.0
1654501258600847773 16.0
1654501259602174227 15.0
1654501260603497256 2.0
1654501261603724805 15.0
1654501262605175074 16.0
1654501263605748277 10.0
1654501264606780003 10.0
1654501265607726969 13.0
1654501266608734406 19.0
1654501267610016883 11.0
1654501268611183440 15.0
1654501269611792152 26.0
1654501270613017082 21.0
1654501271614202941 16.0
1654501272615424899 8.0
1654501273616612238 24.0
1654501274617893481 12.0
1654501275619096279 12.0
1654501276620303660 17.0
1654501277621455852 16.0
1654501278621750106 11.0
1654501279622755416 22.0
1654501280623930198 17.0
1654501281624770673 20.0
1654501282626012785 4.0
1654501283628742154 7.0
1654501284629765955 7.0
1654501285631108653 15.0
1654501286632397023 14.0
1654501287633826969 14.0
1654501288635037182 10.0
1654501289636207850 15.0
1654501290637347250 14.0
1654501291638510342 6.0
1654501292638891665 5.0
1654501293640065543 16.0
1654501294640774468 17.0
1654501295641182060 2.0
1654501296642482368 18.0
1654501297643730867 11.0
1654501298645175323 11.0
1654501299645746627 17.0
1654501300646895074 6.0
1654501301647189140 14.0
1654501302648357859 15.0
1654501303649541908 8.0
1654501304650981891 7.0
1654501305652862159 11.0
1654501306654031652 15.0
1654501307655356881 2.0
1654501308656523286 30.0
1654501309657851385 21.0
1654501310659148326 20.0
1654501311660777024 7.0
1654501312662021526 15.0
1654501313663906410 1.0
1654501314665064580 16.0
1654501315665737976 7.0
1654501316666877409 15.0
1654501317667737352 10.0
1654501318668895141 4.0
1654501319669760744 9.0
1654501320670036354 11.0
1654501321670741218 8.0
1654501322671888566 7.0
1654501323672763056 15.0
1654501324674420183 10.0
1654501325676210231 14.0
1654501326677917411 14.0
1654501327679583772 9.0
1654501328680730292 5.0
1654501329682034436 8.0
1654501330683293275 17.0
1654501331684125218 16.0
1654501332684444753 12.0
1654501333685596457 8.0
1654501334686544987 13.0
1654501335687739501 6.0
1654501336688886562 7.0
1654501337690079591 3.0
1654501338691262602 7.0
1654501339694129306 14.0
1654501340694756464 8.0
1654501341695726101 19.0
1654501342696294874 14.0
1654501343697476418 17.0
1654501344698652084 21.0
1654501345699866005 7.0
1654501346701057235 9.0
1654501347702257823 10.0
1654501348702818268 11.0
1654501349703980829 6.0
1654501350705171996 13.0
1654501351706406658 7.0
1654501352706766759 9.0
1654501353707896051 18.0
1654501354709088960 13.0
1654501355710369633 0.0
1654501356711654969 17.0
1654501357713010863 0.0
1654501358714161707 25.0
1654501359715432601 12.0
1654501360716585488 15.0
1654501361717728888 11.0
1654501362719595889 22.0
1654501363720897679 0.0
1654501364722017685 28.0
1654501365723539050 13.0
1654501366724544327 8.0
1654501367726227191 0.0
1654501368727602968 21.0
1654501369728823609 18.0
1654501370729992873 9.0
1654501371731165665 14.0
1654501372732349542 13.0
1654501373733524408 8.0
1654501374734705262 19.0
1654501375736432381 5.0
1654501376737642450 10.0
1654501377739043016 13.0
1654501378740255550 14.0
1654501379740772611 17.0
1654501380741943651 14.0
1654501381743113427 12.0
1654501382743836282 10.0
1654501383745077608 22.0
1654501384746235670 12.0
1654501385748270856 9.0
1654501386749553853 12.0
1654501387751743036 15.0
1654501388752977737 20.0
1654501389754160919 10.0
1654501390755355189 16.0
1654501391756582597 13.0
1654501392757738802 0.0
1654501393758831266 16.0
1654501394760152896 13.0
1654501395761426062 7.0
1654501396762592566 13.0
1654501397763950661 9.0
1654501398764137013 9.0
1654501399765329703 22.0
1654501400765787075 16.0
1654501401766969455 17.0
1654501402768142621 11.0
1654501403769436787 9.0
1654501404770600217 16.0
1654501405771786984 10.0
1654501406772984210 16.0
1654501407774192988 15.0
1654501408775380230 10.0
1654501409776551094 18.0
1654501410777730021 17.0
1654501411778895446 16.0
1654501412779746340 19.0
1654501413780918581 14.0
1654501414782070935 11.0
1654501415782750177 7.0
1654501416783995523 5.0
1654501417785199689 15.0
1654501418786431436 19.0
1654501419787629002 21.0
1654501420788817791 14.0
1654501421789978831 9.0
1654501422791234903 13.0
1654501423792137735 29.0
1654501424793744575 1.0
1654501425795218048 8.0
1654501426796370548 0.0
1654501427797525111 15.0
1654501428798712462 17.0
1654501429799849645 13.0
1654501430801141248 15.0
1654501431802440474 1.0
1654501432803873020 26.0
1654501433805327127 6.0
1654501434805552818 22.0
1654501435806848627 12.0
1654501436808259572 10.0
1654501437809592936 12.0
1654501438810830242 13.0
1654501439811735389 19.0
1654501440812894349 12.0
1654501441814075514 12.0
1654501442815271494 23.0
1654501443816454907 16.0
1654501444817634169 12.0
1654501445819081528 13.0
1654501446820744625 7.0
1654501447822024684 12.0
1654501448823712045 13.0
1654501449825189991 12.0
1654501450826934434 8.0
1654501451827169450 7.0
1654501452828644096 10.0
1654501453829848334 8.0
1654501454830047562 12.0
1654501455831208316 21.0
1654501456832392127 14.0
1654501457833572797 13.0
1654501458834766961 7.0
1654501459836021182 13.0
1654501460836738712 15.0
1654501461837714004 15.0
1654501462838118784 4.0
1654501463838880351 17.0
1654501464840024903 5.0
1654501465841176771 7.0
1654501466842336898 22.0
1654501467842764681 6.0
1654501468843922619 24.0
1654501469844723816 16.0
1654501470845745442 15.0
1654501471846735216 22.0
1654501472847747187 19.0
1654501473848772267 14.0
1654501474850003832 11.0
1654501475851175733 18.0
1654501476852349968 16.0
1654501477853539897 9.0
1654501478854733815 14.0
1654501479855954602 7.0
1654501480857122516 15.0
1654501481858307275 12.0
1654501482859488939 4.0
1654501483860656054 8.0
1654501484861863507 6.0
1654501485863034208 7.0
1654501486864218138 18.0
