1654495250031955659 0.0
1654495251033182799 0.0
1654495252034630349 0.0
1654495253035916464 0.0
1654495254037086053 0.0
1654495255038223924 0.0
1654495256039407658 0.0
1654495257040564056 1.0
1654495258041744254 11.0
1654495259042975405 13.0
1654495260044273409 18.0
1654495261045552636 13.0
1654495262047122819 15.0
1654495263048309004 22.0
1654495264049470694 12.0
1654495265050878603 13.0
1654495266051766782 13.0
1654495267052950105 14.0
1654495268054156518 15.0
1654495269055348902 14.0
1654495270056535049 9.0
1654495271057749494 14.0
1654495272058966073 7.0
1654495273060141838 15.0
1654495274061322028 14.0
1654495275062501513 10.0
1654495276063695395 19.0
1654495277064913338 8.0
1654495278066093787 10.0
1654495279067221464 14.0
1654495280068416204 15.0
1654495281069067853 13.0
1654495282070270363 12.0
1654495283071456033 13.0
1654495284072652335 10.0
1654495285074003156 9.0
1654495286075287004 5.0
1654495287075746295 22.0
1654495288077420749 13.0
1654495289078784970 21.0
1654495290079965036 10.0
1654495291081135567 16.0
1654495292081833344 12.0
1654495293083026284 12.0
1654495294084336349 4.0
1654495295085666993 16.0
1654495296086959297 8.0
1654495297088622723 15.0
1654495298089910817 14.0
1654495299091416879 7.0
1654495300092583140 5.0
1654495301093748453 11.0
1654495302095006012 11.0
1654495303096204234 18.0
1654495304097381793 22.0
1654495305098583072 14.0
1654495306099734258 12.0
1654495307100871821 13.0
1654495308102032019 9.0
1654495309103198410 12.0
1654495310104383729 13.0
1654495311105576196 11.0
1654495312106764916 17.0
1654495313107914069 11.0
1654495314109099219 12.0
1654495315110460282 7.0
1654495316111652136 13.0
1654495317112783652 15.0
1654495318113990125 15.0
1654495319115173990 13.0
1654495320115728755 18.0
1654495321117256094 15.0
1654495322120995078 17.0
1654495323121795798 5.0
1654495324123106034 18.0
1654495325123764840 11.0
1654495326125098578 20.0
1654495327126263045 11.0
1654495328127507298 16.0
1654495329128810490 10.0
1654495330129767309 3.0
1654495331130962132 10.0
1654495332132125545 11.0
1654495333132297533 11.0
1654495334133468237 11.0
1654495335134915560 8.0
1654495336136400779 22.0
1654495337137608888 9.0
1654495338139026613 22.0
1654495339140236681 8.0
1654495340141418351 12.0
1654495341142586730 16.0
1654495342143771561 16.0
1654495343144902200 16.0
1654495344146052486 11.0
1654495345147406806 16.0
1654495346148590440 14.0
1654495347149929305 8.0
1654495348151419931 10.0
1654495349152761787 11.0
1654495350154103774 15.0
1654495351155286228 10.0
1654495352156580072 13.0
1654495353157730404 16.0
1654495354158838691 10.0
1654495355160031674 18.0
1654495356161364008 9.0
1654495357162524224 8.0
1654495358163786747 12.0
1654495359165254896 19.0
1654495360166128262 12.0
1654495361167301413 10.0
1654495362168479388 13.0
1654495363169098482 11.0
1654495364170284615 9.0
1654495365171479318 11.0
1654495366172721817 10.0
1654495367173900797 14.0
1654495368175088820 5.0
1654495369176265035 10.0
1654495370177458133 16.0
1654495371178627141 18.0
1654495372180003070 14.0
1654495373181529428 10.0
1654495374183001264 20.0
1654495375184292643 7.0
1654495376185884270 20.0
1654495377187711721 17.0
1654495378188980327 10.0
1654495379190174625 13.0
1654495380192014539 17.0
1654495381193164915 10.0
1654495382194429352 11.0
1654495383195735851 12.0
1654495384197068661 9.0
1654495385198240772 11.0
1654495386199967802 12.0
1654495387201114053 20.0
1654495388202241582 11.0
1654495389203487307 18.0
1654495390204730211 7.0
1654495391205888418 11.0
1654495392207208427 14.0
1654495393207735457 12.0
1654495394208861155 19.0
1654495395210013904 10.0
1654495396211191724 10.0
1654495397212459437 14.0
1654495398213616119 9.0
1654495399214762340 19.0
1654495400215758075 4.0
1654495401216888412 11.0
1654495402218576084 10.0
1654495403219871944 18.0
1654495404221228460 10.0
1654495405222491004 8.0
1654495406223777090 12.0
1654495407224949925 12.0
1654495408226346741 9.0
1654495409227800900 9.0
1654495410229243213 18.0
1654495411230572351 17.0
1654495412232139468 16.0
1654495413233316399 5.0
1654495414234491151 20.0
1654495415235692956 16.0
1654495416236984695 13.0
1654495417238724857 9.0
1654495418240133764 17.0
1654495419241569074 15.0
1654495420241751767 11.0
1654495421243147132 6.0
1654495422244294984 7.0
1654495423245446371 11.0
1654495424246612835 10.0
1654495425247824390 15.0
1654495426249066118 13.0
1654495427250047691 23.0
1654495428251260810 12.0
1654495429252494566 7.0
1654495430252983997 15.0
1654495431254139726 17.0
1654495432255862829 13.0
1654495433257181822 11.0
1654495434257526976 8.0
1654495435258695718 18.0
1654495436259930748 10.0
1654495437261112295 14.0
1654495438261766603 9.0
1654495439262800420 12.0
1654495440263740063 12.0
1654495441264902763 13.0
1654495442266082654 16.0
1654495443266913342 11.0
1654495444267357036 22.0
1654495445267710701 12.0
1654495446268151373 18.0
1654495447268752711 16.0
1654495448269899797 22.0
1654495449271061207 12.0
1654495450272232581 10.0
1654495451273394834 11.0
1654495452274599385 10.0
1654495453275773819 14.0
1654495454276749385 11.0
1654495455277909317 19.0
1654495456279203269 20.0
1654495457280489326 16.0
1654495458281898633 15.0
1654495459283428397 12.0
1654495460284737073 6.0
1654495461285907147 8.0
1654495462287234540 13.0
1654495463289040754 11.0
1654495464290312769 12.0
1654495465291760735 14.0
1654495466292042504 10.0
1654495467293234553 20.0
1654495468294421446 17.0
1654495469294800445 15.0
1654495470296743329 10.0
1654495471298278290 10.0
1654495472299745858 22.0
1654495473300743910 25.0
1654495474302141537 14.0
1654495475303473437 18.0
1654495476304769877 8.0
1654495477305766917 10.0
1654495478307287169 6.0
1654495479308433345 22.0
1654495480309852960 8.0
1654495481310784062 13.0
1654495482311960515 14.0
1654495483313140980 15.0
1654495484314320317 13.0
1654495485315457984 14.0
1654495486316602330 16.0
1654495487316970065 10.0
1654495488318108620 19.0
1654495489319259875 14.0
1654495490320423049 14.0
1654495491321757838 13.0
1654495492322935979 18.0
1654495493324101921 19.0
1654495494325261862 5.0
1654495495326429105 26.0
1654495496327238592 12.0
1654495497327759758 10.0
1654495498329000267 20.0
1654495499330647386 14.0
1654495500331521658 18.0
1654495501332663870 13.0
1654495502333911136 11.0
1654495503335075851 5.0
1654495504336874939 16.0
1654495505338043116 10.0
1654495506338460255 13.0
1654495507338631002 9.0
1654495508339926635 12.0
1654495509341088837 16.0
1654495510341797725 8.0
1654495511342996871 16.0
1654495512344279842 20.0
1654495513345771973 8.0
1654495514346929628 18.0
1654495515348099084 14.0
1654495516349085887 7.0
1654495517350239108 20.0
1654495518351406919 8.0
1654495519352560108 21.0
1654495520353734908 18.0
1654495521354899775 5.0
1654495522356102364 14.0
1654495523357269340 4.0
1654495524357555005 16.0
1654495525357764212 12.0
1654495526359480768 16.0
1654495527360760384 12.0
1654495528362166524 13.0
1654495529363419377 13.0
1654495530364594169 14.0
1654495531365967196 7.0
1654495532367630227 10.0
1654495533368984223 10.0
1654495534370650726 9.0
1654495535371962358 17.0
1654495536373304284 13.0
1654495537374517534 19.0
1654495538375729967 12.0
1654495539377075468 13.0
1654495540378243626 11.0
1654495541379514756 12.0
1654495542380914431 10.0
1654495543382073360 19.0
1654495544383250137 4.0
1654495545384699105 17.0
1654495546386005230 19.0
1654495547387345095 8.0
1654495548388538218 13.0
1654495549389703005 18.0
1654495550390888006 8.0
1654495551392019580 13.0
1654495552392993767 11.0
1654495553393754157 17.0
