1654493269496430908 0.0
1654493270497653913 0.0
1654493271498838836 0.0
1654493272500058079 0.0
1654493273501732754 0.0
1654493274502872066 0.0
1654493275503750657 0.0
1654493276505003337 0.0
1654493277506286882 10.0
1654493278507086839 24.0
1654493279507717115 30.0
1654493280509150378 20.0
1654493281510343813 22.0
1654493282511839617 13.0
1654493283513131065 32.0
1654493284514410715 21.0
1654493285517747019 13.0
1654493286519010903 21.0
1654493287519215364 20.0
1654493288520426415 20.0
1654493289521610329 14.0
1654493290522813905 16.0
1654493291524120364 26.0
1654493292524770818 21.0
1654493293525731056 15.0
1654493294527011306 24.0
1654493295528470776 16.0
1654493296528738482 15.0
1654493297529999174 21.0
1654493298531298377 19.0
1654493299533099619 20.0
1654493300534377745 31.0
1654493301534796333 21.0
1654493302536121792 14.0
1654493303537201050 24.0
1654493304538564116 31.0
1654493305539930022 28.0
1654493306541255150 18.0
1654493307543025651 25.0
1654493308543733364 19.0
1654493309544879665 21.0
1654493310545772092 19.0
1654493311546832151 22.0
1654493312548027809 36.0
1654493313549225440 19.0
1654493314550413206 19.0
1654493315551050070 28.0
1654493316552186785 17.0
1654493317553365124 22.0
1654493318554571930 25.0
1654493319555768706 16.0
1654493320556982257 21.0
1654493321558158437 24.0
1654493322559322244 21.0
1654493323560509996 24.0
1654493324561867523 22.0
1654493325563175407 24.0
1654493326564467185 20.0
1654493327564918850 26.0
1654493328566099352 17.0
1654493329566286203 23.0
1654493330567419990 23.0
1654493331568394129 18.0
1654493332569590256 17.0
1654493333570785839 24.0
1654493334572001260 21.0
1654493335573195644 17.0
1654493336574359255 25.0
1654493337576095004 15.0
1654493338577492914 20.0
1654493339578693169 25.0
1654493340579911297 26.0
1654493341581126035 24.0
1654493342582418699 19.0
1654493343583638972 27.0
1654493344584881174 18.0
1654493345586083990 30.0
1654493346587307673 22.0
1654493347588518242 21.0
1654493348589733063 21.0
1654493349590962588 19.0
1654493350591469546 14.0
1654493351592700768 20.0
1654493352593879988 16.0
1654493353594552800 21.0
1654493354595746772 23.0
1654493355597734104 20.0
1654493356598873603 23.0
1654493357600298275 26.0
1654493358601649319 27.0
1654493359602839458 16.0
1654493360604448309 23.0
1654493361605694364 13.0
1654493362606739861 25.0
1654493363608753505 20.0
1654493364609762843 16.0
1654493365610739442 14.0
1654493366611787871 28.0
1654493367613530960 17.0
1654493368614794234 21.0
1654493369615770152 24.0
1654493370616805142 22.0
1654493371618119518 16.0
1654493372618756488 40.0
1654493373622755572 23.0
1654493374623978165 24.0
1654493375625319340 18.0
1654493376626506835 21.0
1654493377627732895 19.0
1654493378629513330 26.0
1654493379630710916 23.0
1654493380632245603 23.0
1654493381633465374 23.0
1654493382635740593 27.0
1654493383636591591 25.0
1654493384636735062 30.0
1654493385637899229 23.0
1654493386639187415 27.0
1654493387640407121 16.0
1654493388641930504 22.0
1654493389643129902 22.0
1654493390644343541 18.0
1654493391645554015 15.0
1654493392646758345 18.0
1654493393647787236 26.0
1654493394649025858 18.0
1654493395650217520 23.0
1654493396651353309 20.0
1654493397653007458 22.0
1654493398653772544 14.0
1654493399654975637 26.0
1654493400655795898 21.0
1654493401657190244 13.0
1654493402658408141 26.0
1654493403659686918 24.0
1654493404660211339 18.0
1654493405661404590 18.0
1654493406662706972 20.0
1654493407663876837 25.0
1654493408667461222 17.0
1654493409667775405 28.0
1654493410668953574 23.0
1654493411670243568 19.0
1654493412671534851 16.0
1654493413672868520 31.0
1654493414674065282 23.0
1654493415675271001 17.0
1654493416676469183 22.0
1654493417677705120 23.0
1654493418678946711 16.0
1654493419680125167 20.0
1654493420681309974 22.0
1654493421682506912 24.0
1654493422683716570 20.0
1654493423684904915 25.0
1654493424686079365 20.0
1654493425686781295 20.0
1654493426687957820 15.0
1654493427689201259 16.0
1654493428690393180 22.0
1654493429691582552 18.0
1654493430692737913 23.0
1654493431693898829 18.0
1654493432694732025 23.0
1654493433695750739 20.0
1654493434696973240 24.0
1654493435698344334 26.0
1654493436699523741 18.0
1654493437700760900 24.0
1654493438701956657 23.0
1654493439703059553 23.0
1654493440703510889 28.0
1654493441704717602 24.0
1654493442705726548 19.0
1654493443706858772 27.0
1654493444708063151 19.0
1654493445709445679 18.0
1654493446710481618 18.0
1654493447711596898 24.0
1654493448712909571 20.0
1654493449713843006 21.0
1654493450715013086 23.0
1654493451716391008 28.0
1654493452717743691 28.0
1654493453719036990 21.0
1654493454720274609 28.0
1654493455722076538 24.0
1654493456723407766 18.0
1654493457724959445 19.0
1654493458725727890 20.0
1654493459726760773 24.0
1654493460728241054 25.0
1654493461729458406 17.0
1654493462730653579 24.0
1654493463731912134 0.0
