1654495602409274236 0.0
1654495603409600821 0.0
1654495604410785851 0.0
1654495605411983866 0.0
1654495606413198906 0.0
1654495607414385558 0.0
1654495608415745001 0.0
1654495609416110084 0.0
1654495610417283559 0.0
1654495611418447287 18.0
1654495612419616381 26.0
1654495613420776633 21.0
1654495614422006970 22.0
1654495615423083928 32.0
1654495616423804291 12.0
1654495617425063328 28.0
1654495618426242075 10.0
1654495619427414250 19.0
1654495620428565692 33.0
1654495621429615969 23.0
1654495622430925656 7.0
1654495623432123467 23.0
1654495624433277812 17.0
1654495625434252558 22.0
1654495626435456069 24.0
1654495627436655840 12.0
1654495628437768615 26.0
1654495629438812822 19.0
1654495630440017037 22.0
1654495631441224874 8.0
1654495632442404982 26.0
1654495633443594574 25.0
1654495634445038392 30.0
1654495635446505885 24.0
1654495636447284327 27.0
1654495637448450693 17.0
1654495638449606658 21.0
1654495639450851940 15.0
1654495640451347454 16.0
1654495641452581772 16.0
1654495642453973654 20.0
1654495643455224587 23.0
1654495644456474742 17.0
1654495645457746474 9.0
1654495646458966527 30.0
1654495647459720689 28.0
1654495648460842859 19.0
1654495649461998022 16.0
1654495650463168898 17.0
1654495651464407449 19.0
1654495652465571224 22.0
1654495653466758146 22.0
1654495654467960748 23.0
1654495655469157618 22.0
1654495656470391404 36.0
1654495657471587459 4.0
1654495658472796046 31.0
1654495659474022467 16.0
1654495660474925316 25.0
1654495661476015020 27.0
1654495662477236187 17.0
1654495663478419921 15.0
1654495664479595214 16.0
1654495665480773408 30.0
1654495666482036042 22.0
1654495667483893407 13.0
1654495668485152914 21.0
1654495669486766656 20.0
1654495670487972034 26.0
1654495671489469147 26.0
1654495672490866628 22.0
1654495673492059990 22.0
1654495674493345536 21.0
1654495675494096673 20.0
1654495676495424210 17.0
1654495677495756099 16.0
1654495678497743463 16.0
1654495679499099628 16.0
1654495680500406341 21.0
1654495681501855818 19.0
1654495682503246514 26.0
1654495683504458553 18.0
1654495684505781264 19.0
1654495685506782967 20.0
1654495686507508687 12.0
1654495687509061478 12.0
1654495688509738319 27.0
1654495689511027301 21.0
1654495690511728265 34.0
1654495691512921149 28.0
1654495692513238755 17.0
1654495693514447475 21.0
1654495694515583687 16.0
1654495695516439449 22.0
1654495696516768237 15.0
1654495697518357861 22.0
1654495698519698823 17.0
1654495699520948227 18.0
1654495700522276673 19.0
1654495701524054709 19.0
1654495702524759181 17.0
1654495703526062110 27.0
1654495704527719840 15.0
1654495705528767937 7.0
1654495706529992978 35.0
1654495707531148925 28.0
1654495708532325343 20.0
1654495709533527064 22.0
1654495710534695640 23.0
1654495711535921942 14.0
1654495712537142578 25.0
1654495713538319746 27.0
1654495714539501624 12.0
1654495715539947045 23.0
1654495716541147391 18.0
1654495717541734061 29.0
1654495718542801517 14.0
1654495719544072192 17.0
1654495720545262065 17.0
1654495721546443343 25.0
1654495722547600218 18.0
1654495723548791915 23.0
1654495724550045402 22.0
1654495725551223343 22.0
1654495726552399939 24.0
1654495727553750957 19.0
1654495728554918731 27.0
1654495729555518603 25.0
1654495730556755564 18.0
1654495731558000881 27.0
1654495732559196327 22.0
1654495733560359330 21.0
1654495734561526860 19.0
1654495735562302247 23.0
1654495736563651943 14.0
1654495737564840149 19.0
1654495738566123917 16.0
1654495739567404816 19.0
1654495740568749215 16.0
1654495741570203489 31.0
1654495742571653721 11.0
1654495743572865554 19.0
1654495744574582207 27.0
1654495745575981276 25.0
1654495746577627283 22.0
1654495747578272043 17.0
1654495748579421995 32.0
1654495749580599121 16.0
1654495750581840034 22.0
1654495751583039490 23.0
1654495752584227927 15.0
1654495753584792642 32.0
1654495754586017170 20.0
1654495755587205727 25.0
1654495756588405209 22.0
1654495757589604271 23.0
1654495758590857949 18.0
1654495759592076213 22.0
1654495760593949906 23.0
1654495761595746234 18.0
1654495762597059664 16.0
1654495763598363924 18.0
1654495764599695015 18.0
1654495765601134103 23.0
1654495766602359383 27.0
1654495767603755633 19.0
1654495768604248772 32.0
1654495769604756273 18.0
1654495770605958829 8.0
1654495771607144866 30.0
1654495772608320764 14.0
1654495773608736781 19.0
1654495774610139257 19.0
1654495775611355883 21.0
1654495776611645785 21.0
1654495777612850782 19.0
1654495778614016380 16.0
1654495779614825535 25.0
1654495780615995019 18.0
1654495781617160112 23.0
1654495782618328360 14.0
1654495783619520411 24.0
1654495784620926251 24.0
1654495785621730724 12.0
1654495786622749915 20.0
1654495787623760182 24.0
1654495788625157389 20.0
1654495789626423813 10.0
1654495790627601458 22.0
1654495791628830780 26.0
1654495792630030549 23.0
1654495793630808456 18.0
1654495794632001398 29.0
1654495795632787782 23.0
1654495796633972021 19.0
1654495797634140639 21.0
1654495798635299577 19.0
1654495799635879259 23.0
1654495800637103128 14.0
1654495801638302804 19.0
1654495802639494660 23.0
1654495803640739942 21.0
1654495804642025463 11.0
1654495805643329590 20.0
1654495806643798784 24.0
1654495807645124234 14.0
1654495808693188860 29.0
1654495809694454389 27.0
1654495810695618002 32.0
1654495811696937090 15.0
1654495812697741262 16.0
1654495813698915031 34.0
1654495814700763066 20.0
1654495815701786918 23.0
1654495816702186276 13.0
1654495817703363294 7.0
1654495818703758326 20.0
1654495819704993210 32.0
1654495820706133466 16.0
1654495821706775616 22.0
1654495822708155861 11.0
1654495823709454081 13.0
1654495824709729667 24.0
1654495825710728556 27.0
1654495826711860302 26.0
1654495827713076206 25.0
1654495828714818650 17.0
1654495829716222117 27.0
1654495830717513746 17.0
1654495831718753790 22.0
1654495832719991068 19.0
1654495833721350283 15.0
1654495834722519696 17.0
1654495835723734500 15.0
1654495836724877034 21.0
1654495837726028186 20.0
1654495838726787642 13.0
1654495839728140634 20.0
1654495840729310898 24.0
1654495841730440057 21.0
1654495842730776005 12.0
1654495843731719323 29.0
1654495844733420822 16.0
1654495845734658010 32.0
1654495846736050395 22.0
1654495847736728170 12.0
1654495848737753925 30.0
1654495849738333324 19.0
1654495850739572502 20.0
1654495851740736305 19.0
1654495852742227183 21.0
1654495853743577195 20.0
1654495854744933786 18.0
1654495855746224497 12.0
1654495856747499635 11.0
1654495857748778130 22.0
1654495858749951340 24.0
1654495859751389181 20.0
1654495860752566407 22.0
1654495861753779498 20.0
1654495862754939762 16.0
1654495863755811127 19.0
1654495864757039179 29.0
1654495865758231536 25.0
1654495866759425164 6.0
1654495867760046229 24.0
1654495868761238675 16.0
1654495869762548358 42.0
1654495870763361998 23.0
1654495871764652180 18.0
1654495872766406123 25.0
1654495873768191853 15.0
1654495874769380916 14.0
1654495875770576039 27.0
1654495876771792378 18.0
1654495877772993578 15.0
1654495878774181356 26.0
1654495879775726727 19.0
1654495880776868397 25.0
1654495881778046367 18.0
1654495882779548795 23.0
1654495883780871864 16.0
1654495884782241251 31.0
1654495885783594754 23.0
1654495886784777291 20.0
1654495887786049083 22.0
1654495888787258373 17.0
1654495889788443186 21.0
1654495890789640335 20.0
1654495891790892928 24.0
1654495892792037563 21.0
1654495893792757781 28.0
1654495894793928167 12.0
1654495895794617442 25.0
1654495896795755674 20.0
1654495897797060570 25.0
1654495898798250370 19.0
1654495899800756352 21.0
1654495900802436768 19.0
1654495901803730082 25.0
1654495902804990310 18.0
1654495903806556641 25.0
1654495904807722529 23.0
