1654581935597046830 0.0
1654581936598269358 0.0
1654581937599471153 0.0
1654581938600821599 0.0
1654581939602055732 0.0
1654581940603203047 0.0
1654581941603484008 0.0
1654581942604717100 1.0
1654581943605925928 1.0
1654581944606913261 12.0
1654581945607781666 9.0
1654581946609277494 7.0
1654581947610587049 15.0
1654581948611757904 11.0
1654581949612898332 7.0
1654581950614044780 7.0
1654581951615219351 5.0
1654581952616393711 9.0
1654581953617566778 13.0
1654581954618744865 4.0
1654581955619932355 8.0
1654581956621136060 5.0
1654581957622288053 8.0
1654581958623484352 8.0
1654581959624010760 9.0
1654581960624752843 11.0
1654581961625973180 6.0
1654581962626798252 7.0
1654581963627960463 9.0
1654581964629218156 10.0
1654581965630392378 5.0
1654581966630760431 6.0
1654581967631976832 9.0
1654581968633150284 10.0
1654581969633774554 10.0
1654581970635035649 6.0
1654581971636216579 8.0
1654581972637412034 5.0
1654581973638567173 14.0
1654581974639766430 7.0
1654581975640164125 6.0
1654581976641315591 12.0
1654581977641739493 8.0
1654581978642726207 12.0
1654581979644142097 10.0
1654581980645282015 11.0
1654581981646469805 7.0
1654581982647216216 9.0
1654581983648357078 4.0
1654581984648753310 10.0
1654581985649921898 10.0
1654581986651104495 9.0
1654581987652276505 13.0
1654581988653440889 10.0
1654581989654623198 15.0
1654581990655844402 12.0
1654581991657028775 11.0
1654581992658211652 22.0
1654581993659638101 5.0
1654581994660245564 8.0
1654581995661220050 7.0
1654581996663059775 11.0
1654581997663751259 3.0
1654581998664944108 7.0
1654581999665629444 11.0
1654582000666827370 17.0
1654582001667779209 18.0
1654582002668959028 8.0
1654582003669763227 12.0
1654582004670934675 9.0
1654582005672098042 13.0
1654582006673289516 7.0
1654582007674478161 10.0
1654582008675646411 10.0
1654582009676834861 11.0
1654582010678065550 7.0
1654582011678908243 15.0
1654582012680095869 10.0
1654582013681261742 8.0
1654582014682441440 7.0
1654582015683801877 8.0
1654582016684962294 13.0
1654582017686156623 9.0
1654582018686744055 6.0
1654582019687905242 8.0
1654582020688766974 8.0
1654582021689932532 9.0
1654582022690475521 8.0
1654582023691636846 13.0
1654582024692689858 4.0
1654582025693753368 12.0
1654582026694894727 2.0
1654582027696077349 8.0
1654582028697240773 8.0
1654582029699820427 13.0
1654582030701303624 10.0
1654582031702624439 16.0
1654582032703755540 6.0
1654582033705097570 6.0
1654582034706317564 11.0
1654582035708520298 12.0
1654582036710214665 9.0
1654582037710729666 16.0
1654582038712183409 6.0
1654582039712757842 8.0
1654582040713939803 8.0
1654582041714732754 8.0
1654582042715753980 15.0
1654582043717066847 4.0
1654582044718337341 10.0
1654582045719738249 9.0
1654582046720925588 11.0
1654582047722133745 13.0
1654582048723287857 12.0
1654582049723752433 12.0
1654582050724923107 7.0
1654582051726090441 12.0
1654582052727257480 7.0
1654582053727759624 7.0
1654582054728885909 8.0
1654582055730115179 7.0
1654582056730782535 8.0
1654582057731938892 8.0
1654582058732766227 10.0
1654582059733952613 15.0
1654582060735108824 13.0
1654582061736256823 8.0
1654582062737444344 6.0
1654582063738842306 11.0
1654582064740024285 6.0
1654582065741488613 9.0
1654582066742691547 7.0
1654582067743860420 11.0
1654582068745004077 10.0
1654582069745607059 5.0
1654582070746735825 11.0
1654582071748026804 10.0
1654582072749373551 7.0
1654582073751038096 10.0
1654582074752391209 11.0
1654582075753560187 5.0
1654582076754753566 10.0
1654582077755542820 8.0
1654582078756740094 6.0
1654582079757403148 13.0
1654582080758545700 8.0
1654582081759726966 10.0
1654582082760890321 8.0
1654582083762455391 14.0
1654582084763730086 16.0
1654582085765037135 13.0
1654582086766309898 8.0
1654582087767597781 7.0
1654582088768018183 10.0
1654582089769346431 13.0
1654582090770518978 12.0
1654582091771730430 5.0
1654582092772985075 13.0
1654582093774085626 6.0
1654582094774865408 13.0
1654582095775308258 9.0
1654582096776491724 8.0
1654582097777708144 4.0
1654582098778878691 10.0
1654582099779749629 4.0
1654582100780913378 10.0
1654582101782075995 8.0
1654582102783247244 12.0
1654582103784449363 11.0
1654582104785632162 7.0
1654582105786827419 7.0
1654582106788012334 5.0
1654582107789187685 12.0
1654582108790365993 6.0
1654582109791551910 7.0
1654582110792149678 13.0
1654582111794737814 9.0
1654582112795326151 16.0
1654582113796839783 10.0
1654582114798044885 4.0
1654582115798759656 10.0
1654582116799975692 12.0
1654582117801144701 5.0
1654582118802513442 11.0
1654582119803723311 8.0
1654582120804748171 13.0
1654582121805728383 14.0
1654582122806959094 8.0
1654582123807750699 6.0
1654582124808716299 11.0
1654582125809880384 7.0
1654582126811043127 9.0
1654582127812217627 8.0
1654582128813368371 13.0
1654582129813917827 11.0
1654582130815036756 9.0
1654582131816204929 15.0
1654582132817345746 9.0
1654582133818496963 8.0
1654582134819661309 8.0
1654582135820743872 6.0
1654582136821894614 7.0
1654582137823056104 7.0
1654582138824236485 5.0
1654582139825428337 13.0
1654582140825759948 9.0
1654582141826920847 9.0
1654582142828088442 8.0
1654582143829260686 10.0
1654582144830407884 6.0
1654582145830776648 8.0
1654582146831746855 6.0
1654582147832765481 10.0
1654582148833698999 7.0
1654582149834835627 11.0
1654582150836002481 8.0
1654582151837157422 15.0
1654582152838304520 12.0
1654582153839461560 6.0
1654582154840611581 4.0
1654582155841762755 10.0
1654582156842918472 10.0
1654582157844091030 10.0
1654582158845238459 8.0
1654582159846403684 6.0
1654582160847581548 11.0
1654582161848750373 9.0
1654582162849917948 10.0
1654582163850774923 8.0
1654582164852092390 8.0
1654582165853207943 10.0
1654582166854399257 9.0
1654582167855555848 10.0
1654582168856733126 10.0
1654582169857970360 17.0
1654582170859158030 10.0
1654582171860298481 8.0
1654582172861501158 7.0
1654582173862727484 10.0
1654582174863896544 5.0
1654582175865112423 9.0
1654582176866319896 6.0
1654582177867502546 14.0
1654582178868723123 7.0
1654582179870069158 10.0
1654582180871277830 9.0
1654582181872449092 5.0
1654582182873610398 6.0
1654582183874824253 13.0
1654582184876303412 7.0
1654582185877720615 7.0
1654582186878901156 11.0
1654582187880284891 6.0
1654582188881471847 11.0
1654582189882628041 6.0
1654582190883777593 13.0
1654582191885001192 11.0
1654582192886218071 8.0
1654582193887652322 9.0
1654582194888892483 13.0
1654582195890076610 11.0
1654582196891236103 8.0
1654582197892026141 10.0
1654582198892605268 10.0
1654582199893795249 6.0
1654582200894959672 17.0
1654582201896115616 7.0
1654582202897280710 9.0
1654582203898585325 10.0
1654582204898766259 6.0
1654582205899739021 12.0
1654582206900893482 13.0
1654582207902148198 7.0
1654582208903300803 16.0
1654582209904469885 3.0
1654582210905645805 13.0
1654582211906863829 11.0
1654582212908054436 3.0
1654582213909240957 8.0
1654582214909774355 11.0
1654582215910757703 10.0
1654582216911925454 14.0
1654582217912726862 6.0
1654582218913896232 9.0
1654582219915072043 9.0
1654582220916245180 7.0
1654582221917409574 11.0
1654582222918562947 9.0
1654582223919714527 9.0
1654582224921060755 7.0
1654582225922207848 8.0
1654582226923386605 9.0
1654582227924599346 15.0
1654582228925827424 8.0
1654582229927015511 7.0
1654582230927705345 8.0
1654582231928938187 7.0
1654582232930118837 7.0
1654582233931362021 9.0
1654582234932535421 7.0
1654582235933768173 7.0
1654582236935032470 11.0
1654582237936364963 11.0
