1654579462018851630 0.0
1654579463020110915 0.0
1654579464021279235 0.0
1654579465022625150 0.0
1654579466023901020 0.0
1654579467025113682 0.0
1654579468026405416 3.0
1654579469027736003 5.0
1654579470028953537 4.0
1654579471029793729 7.0
1654579472030980961 10.0
1654579473032510743 12.0
1654579474033635669 8.0
1654579475034844046 9.0
1654579476036102506 8.0
1654579477037313376 8.0
1654579478038496881 7.0
1654579479039698755 9.0
1654579480040750829 10.0
1654579481041950220 11.0
1654579482043129877 7.0
1654579483043312535 8.0
1654579484044518141 12.0
1654579485045750636 9.0
1654579486046986285 10.0
1654579487048178158 15.0
1654579488049375483 12.0
1654579489050552359 10.0
1654579490051727759 8.0
1654579491052976173 6.0
1654579492053446559 10.0
1654579493054633509 9.0
1654579494055835024 10.0
1654579495056997863 9.0
1654579496058176651 10.0
1654579497059354477 7.0
1654579498060547608 9.0
1654579499061731515 10.0
1654579500062931736 7.0
1654579501064118334 13.0
1654579502065301550 8.0
1654579503066491295 9.0
1654579504067700920 8.0
1654579505068935531 5.0
1654579506070212977 9.0
1654579507071409205 6.0
1654579508072744909 9.0
1654579509073922313 8.0
1654579510075696955 7.0
1654579511076877614 7.0
1654579512078075244 9.0
1654579513079239945 9.0
1654579514080404349 12.0
1654579515081746275 11.0
1654579516082743458 11.0
1654579517083918469 5.0
1654579518085098644 4.0
1654579519086270399 10.0
1654579520087539330 8.0
1654579521088731802 10.0
1654579522090017214 9.0
1654579523091538065 9.0
1654579524092020381 10.0
1654579525093133339 10.0
1654579526094402860 8.0
1654579527095569071 7.0
1654579528096736382 5.0
1654579529097922735 4.0
1654579530099235448 4.0
1654579531100780020 9.0
1654579532101941685 15.0
1654579533102958322 6.0
1654579534104468707 11.0
1654579535105746950 13.0
1654579536107069044 9.0
1654579537108243213 9.0
1654579538108772422 13.0
1654579539110033641 7.0
1654579540111185441 9.0
1654579541112364362 9.0
1654579542113554991 8.0
1654579543113766425 6.0
1654579544114927826 7.0
1654579545116106464 5.0
1654579546117279845 7.0
1654579547118451636 8.0
1654579548118707230 8.0
1654579549119954440 6.0
1654579550121140260 10.0
1654579551122336168 13.0
1654579552123509480 10.0
1654579553124653160 10.0
1654579554125730800 10.0
1654579555127192265 7.0
1654579556127785738 12.0
1654579557129490662 8.0
1654579558130806745 11.0
1654579559132050771 7.0
1654579560133368786 7.0
1654579561134547834 14.0
1654579562134773664 16.0
1654579563135747458 8.0
1654579564136894113 5.0
1654579565138090430 4.0
1654579566139256131 8.0
1654579567140445184 11.0
1654579568141619921 8.0
1654579569142843506 13.0
1654579570143743830 10.0
1654579571145178431 14.0
1654579572146469219 8.0
1654579573147549435 12.0
1654579574148732987 17.0
1654579575150111206 7.0
1654579576151283866 13.0
1654579577152445289 7.0
1654579578153613455 8.0
1654579579154815843 7.0
1654579580155992957 11.0
1654579581157170556 4.0
1654579582158372712 8.0
1654579583159566988 7.0
1654579584159763400 9.0
1654579585160974817 7.0
1654579586162152371 13.0
1654579587163324423 6.0
1654579588164519325 5.0
1654579589165756277 12.0
1654579590167017015 6.0
1654579591168195916 6.0
1654579592169380605 11.0
1654579593170565373 7.0
1654579594171727719 9.0
1654579595172973945 10.0
1654579596174154910 8.0
1654579597175355625 6.0
1654579598175776801 8.0
1654579599176940711 14.0
1654579600178124183 9.0
1654579601179318984 7.0
1654579602180514553 6.0
1654579603181722801 12.0
1654579604182478474 12.0
1654579605183663308 8.0
1654579606184863313 10.0
1654579607185752272 9.0
1654579608186983800 10.0
1654579609188157694 12.0
1654579610189360761 12.0
1654579611191135117 13.0
1654579612192036161 11.0
1654579613192328089 11.0
1654579614193000091 13.0
1654579615194702351 8.0
1654579616196265307 5.0
1654579617196763544 8.0
1654579618197989352 4.0
1654579619199158301 7.0
1654579620200335390 13.0
1654579621201497414 10.0
1654579622202653778 9.0
1654579623203850747 14.0
1654579624204138962 9.0
1654579625205311150 8.0
1654579626206530947 9.0
1654579627207740227 10.0
1654579628208910144 9.0
1654579629210083608 8.0
1654579630211237974 11.0
1654579631212397486 10.0
1654579632213570365 7.0
1654579633214745163 12.0
1654579634215909029 9.0
1654579635217358315 7.0
1654579636218753081 15.0
1654579637219970290 17.0
1654579638220740266 7.0
1654579639222135766 9.0
1654579640223726640 7.0
1654579641224881933 8.0
1654579642226235084 11.0
1654579643226595681 13.0
1654579644226766550 8.0
1654579645228144026 13.0
1654579646229360548 9.0
1654579647231004762 4.0
1654579648232701737 11.0
1654579649233858794 6.0
1654579650235056834 6.0
1654579651235801173 10.0
1654579652236734985 14.0
1654579653237875737 10.0
1654579654238777889 9.0
1654579655239920443 10.0
1654579656241191452 14.0
1654579657242453628 5.0
1654579658244189173 7.0
1654579659245511074 8.0
1654579660246716367 9.0
1654579661247931037 13.0
1654579662248769666 13.0
1654579663249950094 14.0
1654579664251146691 6.0
1654579665251382699 7.0
1654579666252551314 7.0
1654579667254927530 11.0
1654579668256082103 9.0
1654579669257272282 7.0
1654579670257742997 12.0
1654579671259032865 2.0
1654579672260296564 14.0
1654579673261582063 6.0
1654579674262727226 8.0
1654579675263915844 7.0
1654579676265355208 9.0
1654579677266650024 14.0
1654579678267871295 6.0
1654579679269346283 9.0
1654579680270751305 9.0
1654579681271898165 5.0
1654579682273076673 14.0
1654579683274346083 11.0
1654579684275533539 3.0
1654579685276972607 5.0
1654579686278293043 7.0
1654579687279980845 7.0
1654579688281275534 16.0
1654579689282469532 16.0
1654579690283856079 13.0
1654579691285086936 12.0
1654579692286259346 11.0
1654579693287424527 11.0
1654579694288607313 11.0
1654579695289833900 12.0
1654579696291331107 3.0
1654579697292057063 7.0
1654579698293749684 10.0
1654579699295746042 7.0
1654579700297485050 14.0
1654579701298630056 11.0
1654579702299915638 9.0
1654579703300747372 3.0
1654579704301919259 10.0
1654579705303080310 7.0
1654579706304226458 7.0
1654579707305377678 8.0
1654579708306504597 8.0
1654579709307996845 12.0
1654579710309145755 10.0
1654579711310833244 9.0
1654579712312233607 8.0
1654579713312750015 5.0
1654579714313874423 11.0
1654579715315015981 12.0
1654579716316183361 9.0
1654579717316749998 9.0
1654579718317958183 7.0
1654579719319137106 12.0
1654579720320427406 12.0
1654579721321626260 6.0
1654579722322960673 10.0
1654579723324778300 10.0
1654579724325919378 12.0
1654579725327566920 11.0
1654579726328866290 10.0
1654579727330200612 6.0
1654579728331410845 9.0
1654579729332569584 11.0
1654579730333750159 3.0
1654579731334929007 4.0
1654579732335754629 7.0
1654579733336760073 6.0
1654579734337904633 8.0
1654579735338428295 10.0
1654579736339582644 10.0
1654579737340195544 9.0
1654579738341348805 8.0
1654579739342514980 10.0
1654579740343666932 6.0
1654579741344839207 9.0
1654579742345997054 13.0
1654579743346874001 7.0
1654579744347561332 8.0
1654579745348736673 14.0
1654579746350013150 6.0
1654579747351181692 8.0
1654579748352354812 8.0
1654579749353505351 6.0
1654579750354651704 10.0
1654579751355857205 11.0
1654579752357156336 6.0
1654579753358531891 8.0
1654579754360285960 5.0
1654579755361428152 13.0
1654579756362605951 8.0
1654579757363829651 8.0
1654579758365030750 10.0
1654579759366182758 9.0
1654579760366786911 6.0
1654579761367972208 8.0
1654579762369145773 15.0
1654579763370325761 10.0
1654579764370746120 9.0
