1654497700927305418 0.0
1654497701928452650 0.0
1654497702929632379 0.0
1654497703930796191 0.0
1654497704931965023 0.0
1654497705933182464 0.0
1654497706934231759 0.0
1654497707935406733 0.0
1654497708936290305 3.0
1654497709937173397 6.0
1654497710938426389 11.0
1654497711939573153 3.0
1654497712940846004 7.0
1654497713941982325 21.0
1654497714943101088 21.0
1654497715944528431 12.0
1654497716945099187 16.0
1654497717946589590 19.0
1654497718947083344 11.0
1654497719948411588 8.0
1654497720949585817 14.0
1654497721950771040 12.0
1654497722951948934 13.0
1654497723953131430 10.0
1654497724954319166 10.0
1654497725955490885 13.0
1654497726956702801 15.0
1654497727957911882 6.0
1654497728958219116 14.0
1654497729959421880 13.0
1654497730960370620 12.0
1654497731961504151 16.0
1654497732962165249 7.0
1654497733963310722 6.0
1654497734964464673 14.0
1654497735965621569 14.0
1654497736966790436 16.0
1654497737967937360 14.0
1654497738968512144 7.0
1654497739969624313 13.0
1654497740970451075 11.0
1654497741971853153 14.0
1654497742973107688 2.0
1654497743974105968 19.0
1654497744975267116 9.0
1654497745976636670 6.0
1654497746977828517 14.0
1654497747979057792 15.0
1654497748980119463 14.0
1654497749981261163 14.0
1654497750982432817 11.0
1654497751983607898 8.0
1654497752984769715 11.0
1654497753986067094 13.0
1654497754987093016 6.0
1654497755988262954 10.0
1654497756989447567 0.0
1654497757990137352 18.0
1654497758991376553 11.0
1654497759992584646 14.0
1654497760993804111 13.0
1654497761994195166 10.0
1654497762995526982 12.0
1654497763996717841 7.0
1654497764997849229 24.0
1654497765999093413 13.0
1654497767000618298 19.0
1654497768000882705 11.0
1654497769001209176 14.0
1654497770003079987 10.0
1654497771004306235 21.0
1654497772004678703 10.0
1654497773006063822 15.0
1654497774007497628 11.0
1654497775010495481 7.0
1654497776011703146 14.0
1654497777012853739 13.0
1654497778014451635 11.0
1654497779016151804 9.0
1654497780017425951 14.0
1654497781018594793 13.0
1654497782019063447 7.0
1654497783020283249 16.0
1654497784021457506 13.0
1654497785022768254 7.0
1654497786023908297 17.0
1654497787025086827 4.0
1654497788026267747 9.0
1654497789027459795 9.0
1654497790028659239 9.0
1654497791029851292 9.0
1654497792031084385 17.0
1654497793032555137 9.0
1654497794033763467 8.0
1654497795034996927 8.0
1654497796036159229 16.0
1654497797037090876 16.0
1654497798038340573 9.0
1654497799039527546 12.0
1654497800040709658 11.0
1654497801041078579 7.0
1654497802042238677 22.0
1654497803043104413 19.0
1654497804044299901 10.0
1654497805045109665 7.0
1654497806045429357 13.0
1654497807046670260 15.0
1654497808047866008 13.0
1654497809048331922 12.0
1654497810049515489 16.0
1654497811050891073 16.0
1654497812052322122 12.0
1654497813053617958 16.0
1654497814054889264 10.0
1654497815056193946 5.0
1654497816057351833 19.0
1654497817057864937 13.0
1654497818059089154 9.0
1654497819060248410 21.0
1654497820061518896 6.0
1654497821062890743 16.0
1654497822063830520 12.0
1654497823064370991 13.0
1654497824065566499 4.0
1654497825066763478 10.0
1654497826067953461 14.0
1654497827069203782 6.0
1654497828070564375 9.0
1654497829071763532 8.0
1654497830072944889 15.0
1654497831074271762 9.0
1654497832075440896 13.0
1654497833076845043 6.0
1654497834078030036 10.0
1654497835079207545 21.0
1654497836080391265 17.0
1654497837081676432 10.0
1654497838082965226 11.0
1654497839084682047 5.0
1654497840086208710 13.0
1654497841087639978 8.0
1654497842089418047 17.0
1654497843090709419 12.0
1654497844091898272 7.0
1654497845093068924 7.0
1654497846094173687 9.0
1654497847095446332 13.0
1654497848096713054 7.0
1654497849098158282 6.0
1654497850099199084 20.0
1654497851100084191 5.0
1654497852100610294 11.0
1654497853101107970 16.0
1654497854102281488 20.0
1654497855103506529 12.0
1654497856104690199 13.0
1654497857106077104 10.0
1654497858107062861 9.0
1654497859108114933 14.0
1654497860109399575 16.0
1654497861110899909 3.0
1654497862112126500 9.0
1654497863113324622 12.0
1654497864114510016 8.0
1654497865115662830 19.0
1654497866116829147 7.0
1654497867118045680 14.0
1654497868119220035 19.0
1654497869120414589 9.0
1654497870121396966 10.0
1654497871122557979 12.0
1654497872123870363 24.0
1654497873125455603 11.0
1654497874126770045 8.0
1654497875128049342 21.0
1654497876129231476 19.0
1654497877130556258 13.0
1654497878131728186 9.0
1654497879132975735 16.0
1654497880134306011 15.0
1654497881135449552 21.0
1654497882136805708 12.0
1654497883137988126 5.0
1654497884139166293 26.0
1654497885140134883 14.0
1654497886141290331 10.0
1654497887142061392 19.0
1654497888143315513 13.0
1654497889145131006 17.0
1654497890146863870 7.0
1654497891148070388 7.0
1654497892149258788 17.0
1654497893150468618 10.0
1654497894151667639 9.0
1654497895152101256 13.0
1654497896153237355 21.0
1654497897154402699 1.0
1654497898155691321 19.0
1654497899156938880 13.0
1654497900158200625 9.0
1654497901159494331 12.0
1654497902160686760 17.0
1654497903161884684 16.0
1654497904163182290 2.0
1654497905164337836 17.0
1654497906165517218 13.0
1654497907166133589 15.0
1654497908167337630 8.0
1654497909168547244 19.0
1654497910169739662 9.0
1654497911170992330 16.0
1654497912172372145 3.0
1654497913173079532 9.0
1654497914174296557 12.0
1654497915175637548 10.0
1654497916176792253 15.0
1654497917178125808 17.0
1654497918179329116 10.0
1654497919180524561 7.0
1654497920181716680 7.0
1654497921181915172 9.0
1654497922183259035 10.0
1654497923183795321 14.0
1654497924185093214 11.0
1654497925186279297 13.0
1654497926187470359 14.0
1654497927188663935 14.0
1654497928190160443 13.0
1654497929191477688 11.0
1654497930192652120 10.0
1654497931192905874 4.0
1654497932194173147 7.0
1654497933195358535 21.0
1654497934196071472 18.0
1654497935197239338 8.0
1654497936198398992 7.0
1654497937199601780 8.0
1654497938200785979 13.0
1654497939201971749 6.0
1654497940203164348 11.0
1654497941204063514 9.0
1654497942205147795 13.0
1654497943206397828 10.0
1654497944207579502 14.0
1654497945208759630 14.0
1654497946209938984 14.0
1654497947211243886 14.0
1654497948212394757 21.0
1654497949213725381 16.0
1654497950217200214 16.0
1654497951218095203 14.0
1654497952219267458 23.0
1654497953220610788 14.0
1654497954221803895 16.0
1654497955223670085 3.0
1654497956224854639 13.0
1654497957225958932 10.0
1654497958227132792 15.0
1654497959228277812 8.0
1654497960229395253 10.0
1654497961230103159 7.0
1654497962231062961 2.0
1654497963232844510 21.0
1654497964233989095 13.0
1654497965235199191 16.0
1654497966236353566 17.0
1654497967237055493 19.0
1654497968238206166 14.0
1654497969239395639 10.0
1654497970240576690 18.0
1654497971241748663 14.0
1654497972242939035 12.0
1654497973244162485 7.0
1654497974245337287 8.0
1654497975246167444 20.0
1654497976247380047 14.0
1654497977248588492 10.0
1654497978249784786 10.0
1654497979250970348 8.0
1654497980252197806 10.0
1654497981253375844 13.0
1654497982254657873 8.0
1654497983255835408 16.0
1654497984257204063 9.0
1654497985258386211 8.0
1654497986259587027 0.0
1654497987260785141 13.0
1654497988261105971 13.0
1654497989262233073 2.0
1654497990263410428 14.0
1654497991264577669 8.0
1654497992265752000 24.0
1654497993266914246 19.0
1654497994268139674 12.0
1654497995269322262 13.0
1654497996270497726 12.0
1654497997271678876 12.0
1654497998272870444 9.0
1654497999274073462 18.0
1654498000275270689 14.0
1654498001276470022 13.0
1654498002277659134 13.0
1654498003278845395 11.0
