1655518253916432283 0
1655518254917607658 0
1655518255918723513 0
1655518256919854917 0
1655518257920983949 0
1655518258922106451 0
1655518259923232471 0
1655518260924360250 0
1655518261925485255 0
1655518262926617931 1
1655518263927755412 63
1655518264928887498 70
1655518265930006921 66
1655518266931136715 70
1655518267932249835 70
1655518268933404998 63
1655518269934524006 68
1655518270935684335 69
1655518271936812738 70
1655518272937943947 70
1655518273939034361 67
1655518274940154908 69
1655518275941277002 70
1655518276942398179 63
1655518277943520341 68
1655518278944648206 69
1655518279945773177 70
1655518280946888496 70
1655518281948006374 66
1655518282949134367 70
1655518283950258633 70
1655518284951373528 63
1655518285952494780 67
1655518286953614210 70
1655518287954667391 70
1655518288955792988 70
1655518289956912891 66
1655518290958029838 70
1655518291959119694 69
1655518292960236204 63
1655518293961366841 68
1655518294962490646 70
1655518295963626590 70
1655518296964745341 70
1655518297965833082 67
1655518298966949218 69
1655518299968073417 66
1655518300969187624 66
1655518301970330585 68
1655518302971454331 70
1655518303972578004 70
1655518304973699830 70
1655518305974805695 66
1655518306975921340 70
1655518307977016659 65
1655518308978138857 67
1655518309979255183 68
1655518310980375649 70
1655518311981497551 70
1655518312982627525 70
1655518313983729933 66
1655518314984856597 70
1655518315985982752 65
1655518316987107088 66
1655518317988232504 69
1655518318989358525 70
1655518319990481980 70
1655518320991607861 69
1655518321992709082 67
1655518322993855298 70
1655518323994979084 65
1655518324996106811 66
1655518325997227029 69
1655518326998351859 70
1655518327999473867 70
1655518329000597725 69
1655518330001688391 68
1655518331002820296 64
1655518332003942832 70
1655518333005069681 66
1655518334006187265 69
1655518335007314297 70
1655518336008448023 70
1655518337009570864 69
1655518338010661668 67
1655518339011789939 65
1655518340012911684 70
1655518341014037271 66
1655518342015154192 69
1655518343016279187 70
1655518344017403245 70
1655518345018489618 69
1655518346019614793 62
1655518347020742643 70
1655518348021859313 70
1655518349022984997 66
1655518350024101425 69
1655518351025231390 70
1655518352026357499 70
1655518353027482769 53