1655858190192589882 0
1655858191193812233 0
1655858192194989236 0
1655858193195740271 0
1655858194196913286 0
1655858195198067517 0
1655858196199229874 0
1655858197200397484 0
1655858198201566682 0
1655858199202721349 2
1655858200203687735 31
1655858201204889012 47
1655858202206126263 50
1655858203207307691 46
1655858204208489000 47
1655858205210354831 48
1655858206211521201 49
1655858207211704723 47
1655858208212876109 46
1655858209214054469 48
1655858210215346944 48
1655858211216533523 45
1655858212217677369 49
1655858213218923316 45
1655858214220085270 48
1655858215222115643 48
1655858216223298178 49
1655858217224456439 45
1655858218225608873 49
1655858219226197141 47
1655858220227365278 49
1655858221228540160 46
1655858222230522644 49
1655858223231735879 47
1655858224232911493 48
1655858225234646829 46
1655858226235804151 49
1655858227236942580 48
1655858228238096532 44
1655858229239471683 50
1655858230240661173 48
1655858231241868922 46
1655858232243020067 47
1655858233244178581 45
1655858234245434948 49
1655858235246639183 43
1655858236247800337 49
1655858237248947993 44
1655858238250109563 49
1655858239251452719 45
1655858240252836950 47
1655858241254007014 49
1655858242255158423 49
1655858243255704187 46
1655858244255944590 46
1655858245257108572 49
1655858246258261221 49
1655858247259424566 46
1655858248259705396 47
1655858249260923251 48
1655858250262139550 49
1655858251263334705 47
1655858252264852190 48
1655858253266028291 46
1655858254267200137 49
1655858255267721719 49
1655858256268870617 46
1655858257270049911 46
1655858258271237828 49
1655858259272035283 49
1655858260273931794 45
1655858261275101664 48
1655858262275717038 49
1655858263276352114 47
1655858264278190172 47
1655858265279344280 48
1655858266280494134 46
1655858267281662291 49
1655858268282815278 46
1655858269283744645 48
1655858270285747855 47
1655858271287742240 47
1655858272289211713 47
1655858273290366532 50
1655858274291539473 46
1655858275292728557 45
1655858276293897072 49
1655858277295079273 45
1655858278295685189 48
1655858279296836924 48
1655858280297994948 46
1655858281299150577 49
1655858282299729506 48
1655858283300971400 46
1655858284303327722 48
1655858285303697498 49
1655858286304857326 45
1655858287306013507 48
1655858288307167164 48
