1655510573423134555 0
1655510574424284873 0
1655510575425409290 0
1655510576426523048 0
1655510577427648539 0
1655510578428773918 0
1655510579429893122 0
1655510580431014419 0
1655510581432137453 0
1655510582433277729 12
1655510583434406184 35
1655510584435545451 93
1655510585436677300 112
1655510586437804895 102
1655510587438931345 101
1655510588440071746 102
1655510589441231052 104
1655510590442365005 105
1655510591443487264 101
1655510592444610643 102
1655510593445732261 103
1655510594446863307 100
1655510595447990140 102
1655510596449114521 106
1655510597450253792 105
1655510598451375661 102
1655510599452499936 106
1655510600453627185 106
1655510601454416805 102
1655510602455539520 104
1655510603456661694 105
1655510604457779840 95
1655510605458893168 114
1655510606459993438 115
1655510607461098511 106
1655510608462195256 106
1655510609463335412 103
1655510610464452256 104
1655510611465565206 103
1655510612466701353 100
1655510613467828569 98
1655510614468952855 102
1655510615470068197 101
1655510616470274928 98
1655510617471396124 101
1655510618472521072 102
1655510619473644454 107
1655510620474766808 105
1655510621475885655 103
1655510622477020329 104
1655510623478146894 106
1655510624479276128 106
1655510625480399326 101
1655510626481521404 106
1655510627482651820 106
1655510628483777799 106
1655510629484900962 107
1655510630486030074 108
1655510631487120089 106
1655510632488248322 104
1655510633489375948 108
1655510634490499713 105
1655510635491620916 102
1655510636492754844 106
1655510637493884857 103
1655510638495011099 108
1655510639496132422 105
1655510640497263401 104
1655510641498382414 103
1655510642499510495 105
1655510643500641696 106
1655510644501766173 99
1655510645502890626 104
1655510646504016737 104
1655510647505140352 106
1655510648506262974 103
1655510649507387211 106
1655510650508498849 103
1655510651509619787 101
1655510652510298350 114
1655510653511428573 115
1655510654512552950 102
1655510655513673224 105
1655510656514372710 105
1655510657515495468 104
1655510658516618343 103
1655510659517745680 108
1655510660518873200 104
1655510661519993779 101
1655510662521118430 104
1655510663522247528 106
1655510664523375700 102
1655510665524499001 101
1655510666525623762 102
1655510667526297324 105
1655510668527410464 102
1655510669528532955 108
1655510670529654774 101
1655510671530778898 111
1655510672531902005 92