1655525334817808866 0
1655525335818639824 0
1655525336819763389 0
1655525337820889388 0
1655525338822015862 0
1655525339823139564 0
1655525340824263906 0
1655525341825398808 0
1655525342826525702 0
1655525343826648105 65
1655525344827780278 144
1655525345828912766 145
1655525346830041079 147
1655525347830648384 150
1655525348831772446 141
1655525349832845996 146
1655525350833967354 147
1655525351834652844 146
1655525352835774014 146
1655525353836873262 146
1655525354837996757 148
1655525355839126506 149
1655525356840252827 142
1655525357841375324 144
1655525358842499802 145
1655525359843626617 150
1655525360844713201 147
1655525361845815723 145
1655525362846649735 148
1655525363847778345 149
1655525364848904423 142
1655525365850020647 144
1655525366851161738 145
1655525367852290071 148
1655525368853425234 149
1655525369854549089 144
1655525370855692867 149
1655525371856822241 143
1655525372857938830 148
1655525373858633136 144
1655525374859758923 145
1655525375860886478 148
1655525376862012569 149
1655525377863141042 144
1655525378864265027 148
1655525379865392817 144
1655525380866515547 148
1655525381867623589 144
1655525382868745915 145
1655525383869878226 148
1655525384871002361 149
1655525385872129002 144
1655525386873261584 148
1655525387874388075 144
1655525388875514078 148
1655525389876632416 144
1655525390877754221 145
1655525391878869376 148
1655525392879984657 149
1655525393881108755 144
1655525394882235777 148
1655525395883366606 144
1655525396884490414 145
1655525397885607768 142
1655525398886725659 150
1655525399887855283 148
1655525400888974846 145
1655525401890098297 147
1655525402890634987 146
1655525403891752442 146
1655525404892876883 146
1655525405894003617 142
1655525406894648776 150
1655525407895773279 145
1655525408896871784 147
1655525409897969279 147
1655525410899102057 145
1655525411900229923 148
1655525412901360770 146
1655525413902494092 142
1655525414903612767 147
1655525415904748880 148
1655525416905876432 148
1655525417907005169 146
1655525418908145833 145
1655525419909271486 148
1655525420910394757 147
1655525421911517395 141
1655525422912641256 145
1655525423913760949 150
1655525424914847567 148
1655525425915968859 147
1655525426917095934 144
1655525427918222836 148
1655525428919349675 147
1655525429920474626 137
1655525430921599699 149
1655525431922641123 150
1655525432923763161 148
1655525433924887382 27