1655858501761621196 0
1655858502762853489 0
1655858503764045554 0
1655858504765200891 0
1655858505766377953 0
1655858506767555534 0
1655858507768780039 0
1655858508769949001 0
1655858509771117290 0
1655858510772270460 0
1655858511773428585 1
1655858512774627513 22
1655858513775787497 59
1655858514776939440 90
1655858515778127804 124
1655858516779340149 125
1655858517779730300 122
1655858518780890593 113
1655858519782044344 116
1655858520783409254 117
1655858521785014669 134
1655858522786163837 138
1655858523787363741 134
1655858524789430470 118
1655858525790614704 123
1655858526791714945 123
1655858527792888519 120
1655858528794029195 122
1655858529795195843 127
1655858530795743055 116
1655858531796771286 136
1655858532798967318 134
1655858533800151845 139
1655858534801349086 139
1655858535803284651 138
1655858536803709350 113
1655858537804864737 99
1655858538806063639 120
1655858539807361696 109
1655858540807750201 122
1655858541809537582 121
1655858542810700885 131
1655858543811825727 137
1655858544813015611 134
1655858545814889495 130
1655858546815795023 101
1655858547817639411 120
1655858548818794472 125
1655858549819714503 130
1655858550820863376 130
1655858551822009217 124
1655858552823173709 126
1655858553823711622 112
1655858554824874751 121
1655858555827326598 103
1655858556827738893 115
1655858557829293294 130
1655858558830441010 122
1655858559831590188 104
1655858560832775518 117
1655858561833931893 111
1655858562835136098 126
1655858563837241959 139
1655858564838407406 131
1655858565838697078 136
1655858566839700885 133
1655858567840842355 133
1655858568842075884 131
1655858569843720490 119
1655858570844895258 122
1655858571846806272 103
1655858572847703117 118
1655858573848854165 130
1655858574850005168 125
1655858575851151391 111
1655858576851741678 124
1655858577853923548 110
1655858578855303041 106
1655858579856775584 133
1655858580857955851 126
1655858581859107606 124
1655858582860263877 116
1655858583861418980 121
1655858584862619241 123
1655858585864821193 97
1655858586866229171 119
1655858587867773415 129
1655858588869772893 134
1655858589870939972 129
1655858590871695908 108
1655858591872862376 110
1655858592874048202 124
1655858593875733710 115
1655858594876919232 116
1655858595878099775 118
1655858596879244916 129
1655858597880397085 118
1655858598881713950 107
1655858599882866308 107
