1655670672057343734 0
1655670673058563063 0
1655670674059713557 0
1655670675060865202 0
1655670676061999073 0
1655670677063163330 0
1655670678064337027 0
1655670679065483203 0
1655670680066651557 0
1655670681067305739 37
1655670682068449932 80
1655670683069620347 80
1655670684070771991 73
1655670685072037748 78
1655670686072308560 80
1655670687073997707 80
1655670688075319742 76
1655670689076499567 77
1655670690077665357 75
1655670691078919027 79
1655670692080189741 79
1655670693081331028 80
1655670694082991212 78
1655670695084414878 76
1655670696086309305 80
1655670697087313597 78
1655670698087965231 76
1655670699089225467 80
1655670700090501002 80
1655670701091775930 78
1655670702092302997 77
1655670703093683739 75
1655670704094827142 80
1655670705096299474 80
1655670706097302036 80
1655670707098304707 78
1655670708099438833 76
1655670709100558711 76
1655670710101719746 79
1655670711103099959 80
1655670712104357177 78
1655670713105669479 78
1655670714106825030 79
1655670715108311349 78
1655670716109862229 76
1655670717111031652 80
1655670718112290814 80
1655670719113486943 77
1655670720114634384 79
1655670721115978202 79
1655670722117107184 77
1655670723117295878 75
1655670724118337301 80
1655670725119655049 78
1655670726120948701 79
1655670727122304254 80
1655670728123467305 78
1655670729124297588 75
1655670730125420392 77
1655670731126309353 80
1655670732127447765 78
1655670733128308540 80
1655670734129516136 77
1655670735130902169 80
1655670736132366030 72
1655670737133578278 78
1655670738134807244 79
1655670739135978223 80
1655670740137123565 80
1655670741138428247 80
1655670742139728726 78
1655670743141304416 71
1655670744142444117 79
1655670745143792279 79
1655670746145083885 80
1655670747146409099 77
1655670748147552463 80
1655670749148670421 80
1655670750149296105 73
1655670751150447208 78
1655670752151704813 80
1655670753153034465 80
1655670754154202569 79
1655670755155958419 77
1655670756157637305 77
1655670757158776043 80
1655670758160052322 76
1655670759161431823 80
1655670760162540295 78
1655670761163798049 77
1655670762164301026 80
1655670763165445088 74
1655670764166607407 80
1655670765167293853 76
1655670766168464991 79
1655670767169630376 76
1655670768170902574 80
1655670769172104075 74
1655670770173257913 80
