1655670976960436057 0
1655670977961621136 0
1655670978962781337 0
1655670979963943585 0
1655670980965119974 0
1655670981966296127 0
1655670982967458456 0
1655670983968626464 0
1655670984969790439 0
1655670985970977590 54
1655670986972153750 100
1655670987973312291 100
1655670988974308596 96
1655670989975319634 97
1655670990976491677 99
1655670991977326187 95
1655670992978505670 98
1655670993979737385 99
1655670994980398497 92
1655670995981771065 100
1655670996982932423 100
1655670997984124074 98
1655670998985315170 95
1655670999986335592 100
1655671000987312902 99
1655671001988319679 92
1655671002989318724 96
1655671003990720421 100
1655671004992104788 100
1655671005993308566 100
1655671006994298604 95
1655671007994650963 94
1655671008995323433 95
1655671009996305433 100
1655671010997442567 98
1655671011998606624 98
1655671012999329397 100
1655671014000565442 93
1655671015002228592 97
1655671016003369463 99
1655671017004633130 97
1655671018005844565 99
1655671019007144230 99
1655671020008418957 100
1655671021009550625 95
1655671022011019614 98
1655671023012310057 97
1655671024013597424 96
1655671025015290459 99
1655671026016310193 98
1655671027017318343 100
1655671028018438869 93
1655671029019733297 99
1655671030021024965 96
1655671031022153545 93
1655671032023345815 91
1655671033024317359 99
1655671034025314283 99
1655671035026576206 100
1655671036028274276 96
1655671037029528332 92
1655671038030780032 100
1655671039031310685 96
1655671040032292599 99
1655671041033443583 98
1655671042034604045 100
1655671043035745344 93
1655671044036294632 98
1655671045037355096 97
1655671046038601313 99
1655671047039759916 97
1655671048041030268 100
1655671049042303072 94
1655671050043431957 99
1655671051044591445 91
1655671052045913741 100
1655671053047441011 100
1655671054048315169 99
1655671055049327666 97
1655671056050818625 98
1655671057051964772 92
1655671058053129045 100
1655671059054289267 96
1655671060055314984 98
1655671061056451220 100
1655671062057749149 100
1655671063058309638 95
1655671064059327098 98
1655671065060540333 96
1655671066061685152 98
1655671067062827214 100
1655671068064380414 97
1655671069065307116 97
1655671070066548256 97
1655671071067335439 96
1655671072068497301 97
1655671073070208821 100
1655671074071508850 98
