1655693823254119968 0
1655693824255316842 0
1655693825256497065 0
1655693826257664958 0
1655693827258843571 0
1655693828260020490 0
1655693829261161660 0
1655693830262295853 0
1655693831263470551 0
1655693832264654466 52
1655693833265857652 110
1655693834266308995 106
1655693835267687763 107
1655693836269313111 109
1655693837271004623 106
1655693838272327157 106
1655693839273309327 109
1655693840274314282 107
1655693841275296546 109
1655693842276589204 107
1655693843277771394 105
1655693844278329189 110
1655693845279452917 107
1655693846280346327 110
1655693847281310657 104
1655693848282549871 104
1655693849283876020 101
1655693850285127316 107
1655693851286429965 110
1655693852287314874 110
1655693853288298981 102
1655693854289436038 103
1655693855291075317 107
1655693856292442318 110
1655693857293920424 109
1655693858294320133 110
1655693859295618726 107
1655693860296876125 107
1655693861297334870 109
1655693862298980420 101
1655693863299862373 105
1655693864300302486 110
1655693865302347100 110
1655693866303494226 110
1655693867304747040 105
1655693868305310572 91
1655693869306437753 96
1655693870307709554 109
1655693871308995305 109
1655693872310292052 110
1655693873311335629 109
1655693874312323372 99
1655693875313316217 108
1655693876314510190 108
1655693877315992514 109
1655693878317304190 108
1655693879318563068 109
1655693880319721017 107
1655693881320302212 110
1655693882321291311 105
1655693883322310955 105
1655693884323308409 109
1655693885324759991 110
1655693886325921207 106
1655693887327166423 110
1655693888328519058 107
1655693889329354931 106
1655693890330356368 105
1655693891331517925 106
1655693892332298873 110
1655693893333338253 108
1655693894334510365 110
1655693895335777222 110
1655693896337168024 102
1655693897338723688 107
1655693898339984205 103
1655693899341463981 109
1655693900342312589 110
1655693901343667796 110
1655693902344984399 109
1655693903345325563 102
1655693904346464815 107
1655693905347623564 107
1655693906348324131 107
1655693907349469268 109
1655693908350712784 108
1655693909351959791 110
1655693910353127067 104
1655693911354317522 110
1655693912355560429 103
1655693913356822520 110
1655693914357811262 104
1655693915358343180 110
1655693916359491169 105
1655693917360308921 107
1655693918361585975 107
1655693919363045715 110
1655693920364294823 105
1655693921365774329 109
