1655671285972947226 0
1655671286974175256 0
1655671287975367677 0
1655671288976554165 0
1655671289977737061 0
1655671290978904827 0
1655671291980073386 0
1655671292981270716 0
1655671293982443722 0
1655671294983330274 11
1655671295984303695 102
1655671296985308241 137
1655671297986324018 140
1655671298987313981 132
1655671299988169931 139
1655671300989341274 129
1655671301990486583 140
1655671302991634302 139
1655671303992920553 137
1655671304993303182 108
1655671305994584154 120
1655671306995912278 138
1655671307996333496 140
1655671308997303430 136
1655671309998468291 128
1655671310999739066 140
1655671312000899277 135
1655671313002161229 140
1655671314003323572 137
1655671315004693356 137
1655671316005917593 135
1655671317006298371 137
1655671318007442068 134
1655671319008636086 136
1655671320009312626 139
1655671321010680989 138
1655671322011812987 136
1655671323013084682 136
1655671324014335968 132
1655671325015463638 136
1655671326016665156 136
1655671327017834484 140
1655671328018319645 134
1655671329019454848 137
1655671330020433005 138
1655671331021720447 140
1655671332022642433 139
1655671333024014176 132
1655671334025302675 139
1655671335026563462 135
1655671336027322193 138
1655671337028460000 136
1655671338029845371 135
1655671339030337322 139
1655671340031586056 139
1655671341032910732 133
1655671342034050575 139
1655671343035179931 135
1655671344036462521 138
1655671345037633491 133
1655671346038903230 140
1655671347040081328 137
1655671348041457070 135
1655671349042615973 137
1655671350043297226 139
1655671351044319514 136
1655671352045333896 137
1655671353047003944 134
1655671354047320373 137
1655671355048287244 134
1655671356049892173 138
1655671357050301681 134
1655671358051337605 138
1655671359052455143 135
1655671360053320451 140
1655671361054320660 131
1655671362055444449 135
1655671363056339611 139
1655671364057306236 137
1655671365058315061 136
1655671366059336094 136
1655671367060338316 134
1655671368061298655 140
1655671369062298309 135
1655671370063304028 138
1655671371064776861 129
1655671372065913811 137
1655671373067308508 134
1655671374068483832 137
1655671375069326055 137
1655671376070600551 136
1655671377071849003 129
1655671378073143344 139
1655671379073453860 136
1655671380074336433 138
1655671381075729416 123
1655671382076902350 128
1655671383078208960 136
1655671384079543699 140
1655671385080393903 122
