1655671745373403867 0
1655671746374655634 0
1655671747374934383 0
1655671748376105745 0
1655671749377304943 0
1655671750378457254 0
1655671751379336100 0
1655671752380331552 0
1655671753381522978 0
1655671754382684002 5
1655671755383332736 81
1655671756384458108 89
1655671757385305698 97
1655671758386319499 98
1655671759387330145 129
1655671760388322739 147
1655671761389388604 146
1655671762390386663 155
1655671763391313793 147
1655671764392294976 165
1655671765393336063 128
1655671766394317569 172
1655671767395303028 158
1655671768396282049 147
1655671769397292672 149
1655671770398323313 175
1655671771399533517 155
1655671772400318900 151
1655671773401294462 141
1655671774402323239 167
1655671775403321254 170
1655671776404298622 155
1655671777405473260 155
1655671778406308888 157
1655671779407555118 154
1655671780408711686 149
1655671781409307746 172
1655671782410383755 161
1655671783411773104 166
1655671784413027045 155
1655671785414307141 156
1655671786415314943 98
1655671787416462274 184
1655671788417621614 146
1655671789418774408 167
1655671790419297078 154
1655671791420302802 159
1655671792421572796 163
1655671793422860260 163
1655671794424151913 157
1655671795425315569 145
1655671796426474925 168
1655671797427304791 158
1655671798428551280 164
1655671799429901067 159
1655671800430962593 158
1655671801432410561 157
1655671802433556940 159
1655671803434734703 156
1655671804436439708 164
1655671805437879289 150
1655671806439116141 164
1655671807440450685 155
1655671808441350054 157
1655671809442332681 162
1655671810443302051 164
1655671811444445899 159
1655671812446086308 156
1655671813446313011 142
1655671814447601889 162
1655671815448728239 173
1655671816449994997 141
1655671817451422077 149
1655671818452639869 171
1655671819453308075 145
1655671820454327788 140
1655671821455649017 159
1655671822456304679 148
1655671823457591768 156
1655671824458854322 167
1655671825460290849 163
1655671826461570569 147
1655671827462701505 163
1655671828464004345 166
1655671829464322128 164
1655671830465461089 157
1655671831466704085 159
1655671832467827604 152
1655671833469055766 164
1655671834470292597 152
1655671835471297739 164
1655671836472304022 155
1655671837473459483 162
1655671838474363872 152
1655671839475710982 154
1655671840476292680 163
1655671841477308632 153
1655671842478298502 157
1655671843479300766 147
