1655061903792356669 98541
1655061903998176142 4422
1655061904292000223 4734
1655061904587704942 4106
1655061904826377633 32732
1655061905043647909 15495
1655061905360568209 80888
1655061905613759727 4150
1655061905890991075 3584
1655061906132230022 34549
1655061906338590745 5720
1655061906584859966 3838
1655061906889466675 4139
1655061907126294558 30690
1655061907332120034 3857
1655061907536532593 3987
1655061907741035577 4059
1655061907981025575 3917
1655061908220546729 3698
1655061908459605049 4088
1655061908665054618 5046
1655061908869517630 4061
1655061909108934465 4030
1655061909313449189 3935
1655061909580292124 3688
1655061909819552627 3884
1655061910066769958 3974
1655061910307494969 4219
1655061910547025820 3901
1655061910786659420 4036
1655061911026754796 3983
1655061911265529484 3744
1655061911470101432 4048
1655061911674567107 4032
1655061911879203852 4000
1655061912118892702 3950
1655061912324689330 5277
1655061912529285401 4183
1655061912733673004 3943
1655061912962238090 23042
1655061913206643895 4042
1655061913447224761 4163
1655061913651660171 3960
1655061913855743958 3719
1655061914179761047 4284
1655061914490771026 3865
1655061914787670594 4452
1655061915030894276 3766
1655061915270253813 4009
1655061915474485923 3768
1655061915697174806 17132
1655061915926660062 29063
1655061916136380581 4171
1655061916461806159 73146
1655061916789827425 4212
1655061917030731040 35367
1655061917273795083 4103
1655061917478225750 3983
1655061917684060663 4079
1655061917890265292 4182
1655061918189580988 3671
1655061918419469100 24383
1655061918663744518 3912
1655061918868438736 3764
1655061919190512665 4314
1655061919433292694 3740
1655061919660545422 21683
1655061919892005155 30844
1655061920096636278 4191
1655061920337612359 3785
1655061920542061769 4008
1655061920746423694 3964
1655061920950924721 4038
1655061921189733182 3765
1655061921429197339 3899
1655061921668600467 3911
1655061921908568297 4110
1655061922147523744 3735
1655061922387134728 3935
1655061922626575047 3930
1655061922866405662 3801
1655061923107085198 3854
1655061923389360572 21658
1655061923694640483 4070
1655061923899831578 4508
1655061924144186633 4277
1655061924464896678 55281
1655061924789871076 4393
1655061924994674352 4153
1655061925200126036 4122
1655061925488080230 3626
1655061925731938679 3930
1655061925936243888 3855
1655061926176041128 3994
1655061926380605955 4126
1655061926585116728 4163
1655061926789521540 4035
1655061926993991060 4067
1655061927225240976 25767
1655061927504250661 21048
1655061927747255657 3809
1655061927987498284 4877
1655061928227246127 3960
1655061928431635176 3900
1655061928671052269 4008
1655061928875615468 4109
1655061929115070838 3881
1655061929319300908 3875
1655061929548736908 23820
1655061929792213856 3745
1655061930031285516 4109
1655061930235775070 4038
1655061930462258610 20992
1655061930667457080 4687
1655061930872086869 4161
1655061931111552973 3801
1655061931351122225 4485
1655061931591393697 5275
1655061931810939979 19118
1655061932052710013 4198
1655061932380864965 4424
1655061932619086343 32453
1655061932896996042 15081
1655061933102892631 5395
1655061933344481675 34834
1655061933551187799 6272
1655061933757295081 5676
1655061933963161445 5364
1655061934169289357 5674
1655061934402788059 33087
1655061934607299054 4070
1655061934811838157 4052
1655061935016586904 4324
1655061935255804238 4043
1655061935460043914 3799
1655061935664492125 4044
1655061935869250884 4310
1655061936108178690 3858
1655061936312634626 4033
1655061936554737368 4260
1655061936885215973 3840
1655061937189754559 4031
1655061937437772549 37024
1655061937789506080 17446
1655061938019610287 29444
1655061938234298700 3654
1655061938445618301 10818
1655061938696635341 3833
1655061939000956454 4196
1655061939235793921 29323
1655061939440416085 4198
1655061939644877465 4045
1655061939850688198 5396
1655061940090508625 4025
1655061940336118561 3972
1655061940540593884 4019
1655061940788915175 4148
1655061940993472384 4085
1655061941234457542 3948
1655061941476218616 3738
1655061941717702037 3650
1655061941963252035 3978
1655061942291287850 3700
1655061942593781420 4142
1655061942888858220 3997
1655061943109258760 14592
1655061943313436395 3965
1655061943517831108 3946
1655061943758583682 4276
1655061944009506807 5222
1655061944213778058 3874
1655061944418404266 4219
1655061944622522250 3918
1655061944865756468 4879
1655061945070215003 4018
1655061945274617581 4064
1655061945518440115 4228
1655061945722943646 4075
1655061945927537305 4160
1655061946189053100 3995
1655061946393735781 4285
1655061946691653920 3852
1655061946923823272 26660
1655061947153883022 29656
1655061947358373816 4047
1655061947563107124 4276
1655061947804615829 3795
1655061948009259847 3995
1655061948249679776 4208
1655061948490796477 3742
1655061948695711343 4480
1655061948900708930 4552
1655061949142660071 3979
1655061949347106386 4033
1655061949551822820 4294
1655061949794047580 3933
1655061949998742328 4475
1655061950203173400 4060
1655061950407490290 3855
1655061950649525177 3920
1655061950891836859 4269
1655061951096362585 4062
1655061951337857210 3820
1655061951542642886 4356
1655061951747047692 3985
1655061951951483805 4014
1655061952155977083 4074
1655061952397325975 4289
1655061952601964413 4100
1655061952842004686 3770
1655061953046698243 4243
1655061953251245920 4007
1655061953456175353 4259
1655061953696228780 4304
1655061953937273552 4076
1655061954177195715 3971
1655061954416972210 3967
1655061954656131402 4041
1655061954860547953 3983
1655061955064624015 3708
1655061955386134587 79164
1655061955593314641 5381
1655061955823545344 29600
1655061956108483624 32202
1655061956345194479 36292
1655061956549601983 3985
1655061956753927131 3944
1655061956958512458 4115
1655061957199946229 4115
1655061957404557149 4139
1655061957609141428 4175
1655061957813707069 4152
1655061958018219916 4069
1655061958222783751 3997
1655061958485471123 3806
1655061958724958484 4338
1655061958965811652 4098
1655061959205715841 4448
1655061959446064818 4019
1655061959686973517 4313
1655061959926647932 4107
1655061960131026641 3930
1655061960370608424 4497
1655061960610260323 4059
1655061960881577706 34479
1655061961123949690 3968
1655061961365788485 3887
1655061961592782491 21580
1655061961888990796 16483
1655061962094683693 5243
1655061962300841533 5763
1655061962545057374 4146
1655061962785757594 3891
1655061963026112088 4173
1655061963230560517 4022
1655061963487083019 3873
1655061963691673842 4157
1655061963931658440 4021
1655061964171594102 3863
1655061964376498408 4114
1655061964624758332 3716
1655061964829042564 3808
1655061965033889876 4438
1655061965274025122 4792
1655061965478380030 3776
1655061965719512815 3913
1655061965958498385 3940
1655061966198101912 3996
1655061966402521640 3941
1655061966606861002 3919
1655061966811297838 3993
1655061967015710803 4001
1655061967256871725 4114
1655061967461571802 4270
1655061967701980422 4073
1655061967942795613 4376
1655061968182728520 3831
1655061968422431814 3803
1655061968626787222 3882
1655061968831147053 3896
1655061969035459168 3921
1655061969289762477 4150
1655061969564520974 39300
1655061969804067348 3896
1655061970049502186 3688
1655061970289246764 4152
1655061970528827607 3831
1655061970733317422 4023
1655061970972553896 3762
1655061971212738929 4468
1655061971490169455 21046
1655061971695900598 5187
1655061971901489181 5171
1655061972131800788 29882
1655061972336170032 3970
1655061972664437509 71023
1655061972870735532 5796
1655061973192734782 3937
1655061973398367448 4290
1655061973691459896 4622
1655061973934896756 3954
1655061974139034971 3936
1655061974378013398 3914
1655061974582515352 4039
1655061974807973313 19909
1655061975048782047 40401
1655061975292721019 3783
1655061975523888062 25598
1655061975763928282 39557
1655061976082756164 74194
1655061976296031904 5560
1655061976540273633 4079
1655061976868631718 4230
1655061977107228051 32912
1655061977335444250 26468
1655061977554971358 5491
1655061977761597701 6172
1655061978005150601 3664
1655061978209273938 3789
1655061978489091301 4107
1655061978732535785 4094
1655061978996927499 4038
1655061979239393119 36943
1655061979469251732 29460
1655061979673650580 4005
1655061979992762499 25802
1655061980291492161 4393
1655061980533568852 4056
1655061980799066369 4055
1655061981038942143 34371
1655061981366289200 73896
1655061981590961115 24216
1655061981795167389 3750
1655061981999473676 3992
1655061982203688391 3754
1655061982408753624 4590
1655061982613878366 4716
1655061982818277844 3962
1655061983022655913 3963
1655061983285806408 3821
1655061983490411618 3936
1655061983695080907 4161
1655061983899501531 3908
1655061984139590784 3723
1655061984343664977 3613
1655061984589272692 3906
1655061984793210709 3530
1655061985031595170 31973
1655061985236788970 4766
1655061985479814456 3818
1655061985704188763 18867
1655061985939496738 34861
1655061986171816614 25341
1655061986484263655 71979
1655061986700310783 14042
1655061986984957017 48487
1655061987232622047 3822
1655061987458642910 20621
1655061987790928872 18489
1655061987997153492 4125
1655061988240203280 3896
1655061988479983544 3820
1655061988684672951 4237
1655061988924240311 3980
1655061989128616734 3923
1655061989373116629 4042
1655061989613157818 3968
1655061989853669800 4409
1655061990058145254 3839
1655061990297624501 3996
1655061990501944122 3854
1655061990706289376 3908
1655061990910792234 4003
1655061991115569771 4371
1655061991354622317 3877
1655061991593798335 4039
1655061991798440352 3979
1655061992002697391 3832
1655061992207752481 4658
1655061992412112553 3943
1655061992616510176 3981
1655061992820641490 3730
1655061993086090284 4522
1655061993290810523 4245
1655061993530202307 3788
