1655062172562102056 74538
1655062173067949804 265092
1655062173493274354 32775
1655062174171394969 192469
1655062174796770858 25320
1655062175390241828 9517
1655062175881209779 288851
1655062176104639621 19807
1655062176600289129 117258
1655062176896571465 5049
1655062177571702076 185288
1655062177776675828 4520
1655062178286428686 14123
1655062178803286366 5239
1655062179286868165 126149
1655062179495233040 7945
1655062180171192394 76889
1655062180891478974 114600
1655062181163294885 63918
1655062181779562267 197280
1655062182070756362 3944
1655062182466989018 194945
1655062182865046471 58137
1655062183386260281 3976
1655062183797043174 194161
1655062184064751470 3874
1655062184674321353 282215
1655062184972016227 97157
1655062185296800787 3793
1655062185692862947 180724
1655062185974279771 80533
1655062186777111606 91042
1655062186981623518 4156
1655062187490154899 8390
1655062188075629312 7436
1655062188399707357 98445
1655062189173024977 112568
1655062189982720031 201837
1655062190291984248 97270
1655062190497908954 4110
1655062190795663706 4239
1655062191102153043 102959
1655062191791603592 99609
1655062192068758555 62980
1655062192560551498 161304
1655062193001291539 11034
1655062193672593584 212008
1655062193990365697 81229
1655062194282986118 85492
1655062194861863314 83695
1655062195281470827 187564
1655062195590780135 73320
1655062195881907054 4281
1655062196180837682 93367
1655062196568408651 102768
1655062196773197719 4389
1655062197085046785 107786
1655062197360681283 70928
1655062197674795685 109065
1655062198061292456 167057
1655062198269573671 7758
1655062198693738375 93548
1655062198899062325 4880
1655062199577910318 92245
1655062199882653765 92449
1655062200272702858 110660
1655062200605529310 108621
1655062201088541153 7350
1655062201760911077 58120
1655062202006590470 42414
1655062202561259403 59788
1655062202860837758 94267
1655062203498056502 301890
1655062203775078300 4059
1655062204283461439 88194
1655062204874097687 6739
1655062205181960375 102018
1655062205466738617 82827
1655062205785836789 3582
1655062206377160998 282910
1655062206602550430 25103
1655062207160569464 259846
1655062207404020882 43043
1655062207681557283 21030
1655062208077079890 192608
1655062208282245941 4226
1655062208996597833 226541
1655062209506291750 116911
1655062209807135466 3995
1655062210374612612 77731
1655062210702608632 103371
1655062211393785291 96234
1655062211607617014 4188
1655062211993772616 4080
1655062212688179010 17213
1655062212983287048 86333
1655062213466710207 173319
1655062213865709261 98922
1655062214267790196 83653
1655062214482858159 5608
1655062214860695190 65849
1655062215180123429 114506
1655062215693078845 200639
1655062215976786202 4185
1655062216390546730 202541
1655062216708196732 3693
1655062216968126159 4014
1655062217508480964 211696
1655062218081837115 4420
1655062218494950297 203413
1655062218867312161 165090
1655062219594629362 104312
1655062220271130924 6817
1655062220908326914 39890
1655062221688876319 116870
1655062221986598066 71607
1655062222237320002 4162
1655062222494665488 4351
1655062222960630044 262118
1655062223180610870 17356
1655062223860578202 85001
1655062224206354811 134637
1655062224498735479 3667
1655062224703116299 3895
1655062224984902180 24077
1655062225691363358 115335
1655062225970854901 3793
1655062226561582106 95783
1655062227183261779 80854
1655062227489141130 100870
1655062227782509755 21803
1655062228187524675 4949
1655062228967981860 174447
1655062229194530636 25722
1655062229685314554 16707
1655062229966398210 3990
1655062230493614387 88142
1655062230990622992 105293
1655062231289342526 96329
1655062231493431896 3692
1655062232060615610 156453
1655062232666697465 266298
1655062232903200014 14616
1655062233589414341 193662
1655062234168627568 84936
1655062234480645971 111584
1655062234880919795 101471
1655062235177129446 74818
1655062235700635521 5458
1655062236271535488 348659
1655062236671520314 5852
1655062236963154834 84673
1655062237371804859 76842
1655062237605314788 22506
1655062238280759365 212958
1655062238566941940 83088
1655062238979351240 100399
1655062239394874210 4581
1655062239887603408 102545
1655062240093936932 5808
1655062240606208309 135296
1655062240861977616 18393
1655062241466490338 96582
1655062242003410651 112957
1655062242679725363 303085
1655062242918560572 4379
1655062243604104482 6250
1655062244007358890 131128
1655062244297053552 31047
1655062244687595871 4770
1655062245366639013 81168
1655062245696440211 4406
1655062245976171314 77093
1655062246478144306 6511
1655062247080392131 84201
1655062247284734250 3811
1655062247574425928 88151
1655062247966058150 146680
1655062248269933917 93208
1655062248669651810 176170
1655062249372931349 101832
1655062249860630726 258059
1655062250096500900 28194
1655062250761931160 83080
1655062251374946653 6195
1655062251609984880 24739
1655062252086183329 114703
1655062252360748018 72170
1655062252565253547 4130
1655062253000877390 39044
1655062253466630993 157519
1655062253677164111 3948
1655062253967830228 80565
1655062254182842252 4097
1655062254466814185 78684
1655062254973576364 91431
1655062255577077332 94352
1655062255814316464 31631
1655062256087157185 14769
1655062256293270877 4250
1655062256666617844 4435
1655062256996704181 4989
1655062257679977516 89817
1655062257938532431 34424
1655062258282895652 84842
1655062258890664626 29820
1655062259202422626 100959
1655062259406714096 3883
1655062259896847022 117700
1655062260407087061 37265
1655062260965499618 89314
1655062261296179103 4580
1655062261572199800 73996
1655062261962688539 184376
