1655869793407314640 314729463
1655869793707727727 15292605
1655869793924596821 14037666
1655869794142314623 14810992
1655869794359743309 13970510
1655869794577443589 14279388
1655869794795678225 14754907
1655869795012482957 13476472
1655869795229045369 13863638
1655869795445571798 13532803
1655869795661146839 12799859
1655869795876700979 12817188
1655869796096634819 17248100
1655869796313164469 13814716
1655869796528879898 12856887
1655869796743972661 12370161
1655869796988498917 41014434
1655869797203876419 11913574
1655869797420274938 12893384
1655869797635831902 12827059
1655869797887380279 48691643
1655869798106114280 13840690
1655869798324783262 14876374
1655869798542459746 14145695
1655869798759705352 13171839
1655869798991879871 29426721
1655869799209958043 13665413
1655869799430355491 15990368
1655869799645261524 11161465
1655869799893128775 45148151
1655869800110959325 12239011
1655869800326233365 11420205
1655869800544071355 10981962
1655869800785274989 37019852
1655869800997797913 9270139
1655869801210006750 9238283
1655869801422369253 9236391
1655869801636520882 10882973
1655869801891493855 52134910
1655869802106711718 11043552
1655869802322463383 11304795
1655869802539491910 12550215
1655869802785126658 41722256
1655869803003434218 13930682
1655869803236369046 28661334
1655869803449537532 9303090
1655869803662770073 9454906
1655869803890600913 25114909
1655869804107596753 12594242
1655869804324634017 12413399
1655869804541480669 12519710
1655869804785937314 40307997
1655869804998092456 9403092
1655869805211161209 9167345
1655869805423929319 9245937
1655869805636350261 9082170
1655869805890483298 50569478
1655869806102403474 9116444
1655869806315494639 10271948
1655869806527880100 9552115
1655869806742296604 11743832
1655869806954916535 9808060
1655869807167058331 9430216
1655869807379462224 9620378
1655869807619741766 37446132
1655869807831532702 9112795
1655869808043586556 9172119
1655869808259514599 13179225
1655869808471846026 9384588
1655869808686202940 11681961
1655869808898521099 9556630
1655869809110703532 9426428
1655869809323499004 9857365
1655869809535455227 9157576
1655869809747311630 9119546
1655869809959113436 9103136
1655869810171416983 9482515
1655869810384033657 9835910
1655869810596035617 9160649
1655869810808185372 9341332
1655869811025534920 14491830
1655869811237652041 9398404
1655869811450351374 9969642
1655869811665547606 12511528
1655869811877504071 9276318
1655869812089681602 9272171
1655869812302675192 10316127
1655869812515228971 9853156
1655869812727087704 9189188
1655869812939125189 9283211
1655869813150987623 9248952
1655869813362946550 9217548
1655869813574750980 9119145
1655869813786715397 9161328
1655869813998655950 9163666
1655869814210913569 9072627
1655869814423659452 9105768
1655869814637578303 10060717
1655869814851855726 10291972
1655869815065531740 10140096
1655869815279521182 10462903
1655869815494208628 10546186
1655869815708486989 10689195
1655869815922373103 10447926
1655869816136849910 10608450
1655869816351387478 10743781
1655869816565329705 9910099
1655869816779040155 9654551
1655869816994549064 11550544
1655869817206646526 9121809
1655869817419162817 9262074
1655869817634136026 11483928
1655869817845941451 9043145
1655869818074964815 25075567
1655869818297475254 17478615
1655869818511399493 10494322
1655869818725487556 10559597
1655869818939061011 10009111
1655869819153030141 10238043
1655869819367019527 11071552
1655869819581829074 11069851
1655869819796359124 10886328
1655869820010246319 10489999
1655869820224065399 10456929
1655869820438946481 11300116
1655869820654435910 11400164
1655869820869373810 10678670
1655869821083347737 9681510
1655869821296949705 9859464
1655869821510991897 10281843
1655869821726043946 10665142
1655869821939098113 9170776
1655869822154849963 12427882
1655869822367483849 9067340
1655869822579493714 9084017
1655869822791854026 9465192
1655869823004866458 10235821
1655869823216835203 9330268
1655869823429640594 10029015
1655869823642704773 10325462
1655869823856556356 10407323
1655869824068572804 9273562
1655869824281042094 9771922
1655869824493412704 9632252
1655869824705526572 9334113
1655869824917443265 9194452
1655869825129465328 9217830
1655869825341649978 9429089
1655869825553802761 9387374
1655869825765911412 9425136
1655869825977782314 9162707
1655869826189751115 9135433
1655869826401761606 9219685
1655869826614008007 9562955
1655869826826058706 9306001
1655869827038513530 9701115
1655869827250770479 9590779
1655869827463520806 9968460
1655869827677024419 10011214
1655869827889620887 9385216
1655869828114249115 20816356
1655869828328036307 10681236
1655869828540280273 9399732
1655869828752280695 9336064
1655869828964364133 9369097
1655869829176500711 9434248
1655869829389327205 10108614
1655869829601629414 9461340
1655869829813890575 9430025
1655869830026038187 9288914
1655869830238202556 9339883
1655869830450776468 9862886
1655869830666956864 13280448
1655869830881557349 11816647
1655869831093673458 9416681
1655869831306165155 9502642
1655869831518117195 9200636
1655869831730172034 9398594
1655869831942525572 9498943
1655869832162750348 16733279
1655869832374757351 9320627
1655869832586931936 9409609
1655869832799095935 9370371
1655869833011407787 9323433
1655869833225683268 11584227
1655869833441404127 12952925
1655869833653678163 9579884
1655869833866174075 9640254
1655869834079225338 10268714
1655869834292796291 10786921
1655869834504934194 9402748
1655869834717017782 9453203
1655869834928961651 9264414
1655869835140958339 9234564
1655869835352925263 9235547
1655869835566132926 10345455
1655869835778294228 9454191
1655869835991788732 10678196
1655869836204601947 10104047
1655869836417616378 10282025
1655869836630599509 10184248
1655869836843208441 9863594
1655869837058056218 12148870
1655869837272650101 11818141
1655869837485468716 10079006
1655869837698405029 9571479
1655869837913721682 11884878
1655869838125745032 9318554
1655869838338169549 9593369
1655869838550205535 9357792
1655869838762115811 9135438
1655869838974169514 9262984
1655869839186325011 9462887
1655869839398676604 9650834
1655869839611431814 10020992
1655869839825640214 11442746
1655869840038143022 9267875
1655869840250497771 9441489
1655869840462973284 9456603
1655869840675415571 9641684
1655869840887352585 9197598
1655869841099454593 9158155
1655869841312069812 9498378
1655869841524067609 9176694
1655869841737050972 9982037
1655869841949836594 9547072
1655869842166244406 11443432
1655869842379041325 9995407
1655869842593499595 11267152
1655869842806892175 10628346
1655869843020904449 11208986
1655869843234290004 10667601
1655869843449184903 12131252
1655869843663299973 11367633
1655869843877057400 11074515
1655869844091239779 11448458
1655869844305680082 11630684
1655869844518281389 9819449
1655869844731002619 9867869
1655869844943038259 9349719
1655869845155216441 9224494
1655869845367422505 9290589
1655869845579905169 9594575
1655869845795766211 12939485
1655869846009883065 11287803
1655869846226252413 11338928
1655869846441187877 11263497
1655869846659173991 14729491
1655869846876521225 14042512
1655869847091979385 12559873
1655869847308666463 13940235
1655869847521160409 9738323
1655869847735065921 11098477
1655869847947636952 9753790
1655869848166226418 14709932
1655869848378288264 9295292
1655869848590785704 9780554
1655869848802888292 9393124
1655869849014745008 9083679
1655869849226656265 9080957
1655869849438756435 9432444
1655869849650715766 9158601
1655869849862766382 9345067
1655869850075161064 9594111
1655869850287205932 9202646
1655869850499184304 9196414
1655869850711129778 9271873
1655869850923022292 9149301
1655869851134939293 9076972
1655869851346802048 9181184
1655869851558878209 9239690
1655869851785313095 23504732
1655869851997524473 9458989
1655869852209460739 9244890
1655869852421472593 9227611
1655869852685140582 59522380
1655869852897079276 9171506
1655869853109269036 9445609
1655869853321383686 9348259
1655869853591900958 67690480
1655869853806996334 12103116
1655869854023265469 12831789
1655869854239445674 12797851
1655869854486470381 43592748
1655869854701200158 11214856
1655869854914156502 9583159
1655869855126308334 9333070
1655869855338794168 9613536
1655869855550997618 9449344
1655869855763281482 9518825
1655869855977037493 11034161
1655869856191115370 11273939
1655869856403818199 9401230
1655869856616670419 10063928
1655869856828993602 9257310
1655869857042135395 9530681
1655869857256382177 11011268
1655869857471225481 10968979
1655869857686137134 11062619
1655869857901096332 11249635
1655869858116495694 11673283
1655869858332263573 11675556
1655869858553996330 18018659
1655869858771170104 13150030
1655869858986925557 12972244
1655869859203172554 12779702
1655869859421038101 15113510
1655869859638457894 13409897
1655869859856373173 15202312
1655869860071384791 12317567
1655869860285519342 11026089
1655869860499379193 10347482
1655869860712839576 10226304
1655869860926552360 10620348
1655869861140474457 10449690
1655869861353895259 10217517
1655869861567383813 10172454
1655869861781568691 10693360
1655869861994925011 10350324
1655869862207676937 9840604
1655869862420179996 9630769
1655869862632660112 9733429
1655869862844997689 9499598
1655869863056939148 9238408
1655869863269255396 9578932
1655869863481349147 9368004
1655869863694074717 9967922
1655869863907352240 10627016
1655869864119203828 9096828
1655869864335114177 13226139
1655869864548274082 10176807
1655869864761701259 10048357
1655869864973882331 9336533
1655869865186132817 9476963
1655869865398094162 9231789
1655869865609972238 9132353
1655869865821912680 9170190
1655869866034719562 10010134
1655869866248058783 10579546
1655869866460599079 9731587
1655869866672759097 9355184
1655869866884804543 9246887
1655869867098875214 10364330
1655869867313083350 10648015
1655869867527028327 10740018
1655869867740685087 10620718
1655869867954696331 11398399
1655869868166941953 9307781
1655869868379243839 9397570
1655869868591546065 9398627
1655869868803938404 9690432
1655869869016496518 9852741
1655869869228773021 9385831
1655869869441355911 9819330
1655869869653587998 9423421
1655869869865727684 9374569
1655869870077705022 9216644
1655869870290085597 9520464
1655869870502157615 9219841
1655869870714151999 9254050
1655869870926115374 9181983
1655869871138470008 9481845
1655869871350618816 9423392
1655869871562673933 9287230
1655869871774714617 9332791
1655869871986683724 9341734
1655869872199014469 9728564
1655869872411225033 9192692
1655869872626331469 9899872
1655869872842481562 11982742
1655869873059694149 13290849
1655869873280895319 16944502
1655869873507664203 22546314
1655869873725827925 13318268
1655869873941783986 12122212
1655869874162364866 16144684
1655869874378322773 11749189
1655869874592566449 9892958
1655869874808618747 9382172
1655869875021440096 9291689
1655869875234103153 9360639
1655869875457733952 19108994
1655869875669863624 9419863
1655869875882106965 9481349
1655869876097838736 11727593
1655869876310250901 9106106
1655869876522859190 9232647
1655869876735494554 9111065
1655869876947888975 9228569
1655869877160462911 9226971
1655869877372976051 9147612
1655869877587660691 11079948
1655869877799998105 9357730
1655869878011802720 9019452
1655869878223892452 9447208
1655869878435963155 9511187
1655869878647609657 9123922
1655869878859536940 9101707
1655869879071736493 9402496
1655869879285376893 9801329
1655869879498822038 9303004
1655869879712531864 10704909
1655869879926323693 10561379
1655869880140650624 10584332
1655869880359716458 15446172
1655869880575160855 12712797
1655869880787293988 9193316
1655869880999157615 9120603
1655869881211320590 9333072
1655869881423416408 9406979
1655869881635314142 9116095
1655869881847216394 9184369
1655869882059464531 9542894
1655869882271539641 9206331
1655869882483582266 9299472
1655869882695542210 9157594
1655869882907349559 9172836
