1655869965436899426 310271594
1655869965737099311 14272589
1655869966030756006 89020993
1655869966247529206 11570194
1655869966461442149 10441447
1655869966674088589 9907439
1655869966885968350 9167832
1655869967105013455 16131872
1655869967319614165 11424462
1655869967533564852 10834443
1655869967746139152 9160554
1655869967957986554 9107842
1655869968170292469 9502957
1655869968382839197 9695228
1655869968596354277 10751875
1655869968818758898 11971104
1655869969031384299 9492726
1655869969243380544 9362356
1655869969455657544 9621831
1655869969667664267 9301533
1655869969880432538 9951039
1655869970092629740 9540424
1655869970304764214 9362306
1655869970516902363 9304105
1655869970728956892 9291904
1655869970941338189 9385832
1655869971153471257 9371536
1655869971365400189 9216050
1655869971577804415 9512196
1655869971794447379 13802484
1655869972006945037 9725432
1655869972219016485 9429658
1655869972431730572 9798155
1655869972644725695 10202914
1655869972856906268 9447608
1655869973069072735 9352240
1655869973282032968 10224772
1655869973493991457 9298944
1655869973706187674 9369193
1655869973918283443 9299798
1655869974130343252 9270358
1655869974342584895 9458510
1655869974554626218 9281959
1655869974766653562 9232194
1655869974978820783 9276409
1655869975190725765 9210020
1655869975402743147 9317909
1655869975615891090 10357273
1655869975828101177 9495448
1655869976044832761 12622444
1655869976261019791 13367325
1655869976473161050 9391868
1655869976685132726 9197619
1655869976897102233 9238640
1655869977109025489 9178341
1655869977321063658 9135301
1655869977532909323 9162967
1655869977744746773 9168820
1655869977957227128 9693077
1655869978169393593 9319320
1655869978381566990 9428480
1655869978593864469 9558414
1655869978806226728 9555118
1655869979018129667 9143225
1655869979230086214 9188183
1655869979445010015 12094203
1655869979656949871 9187453
1655869979868900849 9216524
1655869980080912124 9138969
1655869980297323995 12191954
1655869980513553593 13507042
1655869980725551097 9237193
1655869980938008030 9642500
1655869981149957246 9125300
1655869981362161215 9318944
1655869981574271609 9350845
1655869981787471189 9512333
1655869981999696078 9461420
1655869982212053340 9581347
1655869982424091389 9323275
1655869982637563502 10781906
1655869982852130130 10172965
1655869983066448180 10786780
1655869983280887705 10969608
1655869983495566169 11137044
1655869983710679369 11593805
1655869983925324000 11022905
1655869984139997687 11203042
1655869984354214575 10935875
1655869984569154461 11366844
1655869984783600393 11152440
1655869984997535454 10928391
1655869985211109947 10813931
1655869985425105146 11227557
1655869985638537187 10645473
1655869985850925384 9579778
1655869986064031141 9671566
1655869986285855191 18367750
1655869986502557366 9433560
1655869986714806769 9517281
1655869986927065623 9484991
1655869987141987334 12161638
1655869987354314696 9449245
1655869987566999504 9817022
1655869987779337543 9450230
1655869987991962688 9872145
1655869988204611513 9940507
1655869988417272020 9575193
1655869988629511173 9360993
1655869988841660687 9301583
1655869989054254146 9646609
1655869989266759668 9654631
1655869989491701348 20910463
1655869989705116307 10743938
1655869989918724121 10853054
1655869990131984850 10566154
1655869990345074416 10452017
1655869990558315432 10528070
1655869990771268186 10093061
1655869990983868421 9892331
1655869991196267493 9678042
1655869991408208501 9187243
1655869991620355296 9406013
1655869991834921100 11776023
1655869992048708188 10987852
1655869992261114032 9584442
1655869992473859542 10025406
1655869992687828039 9561788
1655869992901381506 9421460
1655869993114696513 9379353
1655869993327418229 9397018
1655869993539838025 9302104
1655869993751977648 9233623
1655869993965102882 10047130
1655869994177315934 9393236
1655869994389280177 9139916
1655869994622043679 29758140
1655869994834155898 9313877
1655869995046500828 9585064
1655869995258704423 9437675
1655869995471015888 9443551
1655869995685613293 11745629
1655869995924412095 10025346
1655869996137748630 10012308
1655869996351338193 10288691
1655869996564283639 10163769
1655869996776317335 9349489
1655869996988351163 9342907
1655869997200648114 9554134
1655869997416912583 11285369
1655869997634396365 11756166
1655869997853452394 14765904
1655869998074455167 16130902
1655869998319537265 41173702
1655869998539353702 15647935
1655869998763406775 18853741
1655869999012655130 44746399
1655869999224880964 9474679
1655869999437345415 9707291
1655869999650734710 9347163
1655869999867400073 12407250
1655870000085302224 14717698
1655870000300778351 9566905
1655870000513086266 9414391
1655870000725373961 9566319
1655870000937594797 9404025
1655870001149843603 9350804
1655870001362055793 9386677
1655870001574746074 9893014
1655870001787792542 10242392
1655870001999812949 9368596
1655870002213139007 10619064
1655870002425139404 9321664
1655870002637239565 9388662
1655870002850123135 10045306
1655870003062219140 9217734
1655870003274325298 9333721
1655870003486284414 9209003
1655870003698609535 9506060
1655870003910564245 9159275
1655870004123347006 9944124
1655870004336418161 9325767
1655870004548451733 9204890
1655870004760465511 9235036
1655870004972453843 9181231
1655870005184339804 9122468
1655870005396200114 9100473
1655870005608202608 9227913
1655870005825400410 14413781
1655870006037813770 9575702
1655870006257187960 15031460
1655870006469170327 9146158
1655870006681224559 9275886
1655870006893591395 9588720
1655870007105837142 9390289
1655870007317953606 9210971
1655870007530119113 9438761
1655870007742268833 9182429
1655870007958654788 13565401
1655870008172930765 11562371
1655870008386305690 10604322
1655870008598383392 9306997
1655870008820904234 19758206
1655870009035399996 11008145
1655870009249483539 10802591
1655870009464338972 11194130
1655870009716161675 48268288
1655870009929137738 9280901
1655870010141255304 9299758
1655870010353127972 9149022
1655870010566015766 9830676
1655870010820164302 51369812
1655870011033868348 10746276
1655870011248296993 11644141
1655870011462267282 11298305
1655870011677405664 11538962
1655870011889484110 9291876
1655870012101813220 9438738
1655870012315320627 10759602
1655870012527323189 9277981
1655870012741481528 9221705
1655870012953979010 9715236
1655870013166321945 9650025
1655870013378590178 9466836
1655870013592894751 11571792
1655870013805002207 9331498
1655870014017026723 9237620
1655870014229237800 9391745
1655870014443160877 11110745
1655870014655121396 9207925
1655870014867077171 9138361
1655870015079469498 9554817
1655870015291404061 9320508
1655870015503248998 9147845
1655870015715969720 9671789
1655870015928276473 9528589
1655870016147340319 16357123
1655870016362673239 12619537
1655870016574869205 9417515
1655870016787035942 9373002
1655870017002889669 13263168
1655870017216349283 10576126
1655870017429313184 10221122
1655870017641562297 9340340
1655870017853788743 9322093
1655870018068445835 9707191
1655870018282719558 11396824
1655870018495695849 9503794
1655870018709954204 9894629
1655870018922949547 9503896
1655870019135545066 9444079
1655870019348129722 9499561
1655870019560899724 9915409
1655870019774419645 9281989
1655870019992780214 13990179
1655870020206341922 10141711
1655870020419844198 10351180
1655870020632416749 9414161
1655870020844878847 9306611
1655870021063504341 15221595
1655870021290562592 23485880
1655870021513014488 17948809
1655870021730345099 13285321
1655870021946702935 13556643
1655870022163557218 14096232
1655870022380526234 14084064
1655870022595885084 12246807
1655870022810270796 11227491
1655870023023643709 10237403
1655870023236653956 9941838
1655870023453565399 13729501
1655870023667242079 10561407
1655870023880267817 10212740
1655870024092904960 9770442
1655870024305006535 9279969
1655870024516945302 9195729
1655870024728865398 9211966
1655870024940983315 9319037
1655870025153082307 9245660
1655870025366628263 10885338
1655870025578855670 9352684
1655870025794537277 12890857
1655870026006662071 9346231
1655870026218815821 9444849
1655870026430892181 9302814
1655870026642979795 9363695
1655870026855091203 9428996
1655870027067357769 9446936
1655870027279556697 9529631
1655870027493612563 9801580
1655870027705728051 9373599
1655870027917839325 9323032
1655870028130086299 9475045
1655870028342297942 9466190
1655870028554637000 9587527
1655870028766752043 9353381
1655870028979004343 9531765
1655870029191223148 9472577
1655870029403560919 9658441
1655870029615873798 9446274
1655870029828134678 9421871
1655870030040357190 9304911
1655870030252305466 9243602
1655870030464438901 9363541
1655870030676525375 9447540
1655870030888619590 9292026
1655870031100814760 9439395
1655870031320191676 16527111
1655870031532567434 9681982
1655870031744629310 9230657
1655870031956717994 9262016
1655870032168891071 9346824
1655870032380827420 9228715
1655870032593076379 9403923
1655870032805274659 9356469
1655870033017202338 9165962
1655870033229269561 9272222
1655870033442435943 9580746
1655870033658950321 13724621
1655870033873744185 10200421
1655870034088050591 9793786
1655870034306293085 11517363
1655870034520428027 10378397
1655870034734944462 10807396
1655870034948881705 9861363
1655870035162452313 9313300
1655870035376166196 9429136
1655870035590222958 9647194
1655870035805870911 11439096
1655870036037953660 26964512
1655870036250632538 9414271
1655870036462862254 9558256
1655870036675220443 9595415
1655870036929684022 51815824
1655870037146267593 12459379
1655870037364348386 12445610
1655870037581592821 12418592
1655870037816108203 30773786
1655870038036062224 15532878
1655870038255288402 14718438
1655870038475091122 15203625
1655870038718486385 38739483
1655870038934575266 12019581
1655870039149600670 11283420
1655870039363944282 9930751
1655870039577707058 9451139
1655870039826781791 12490259
1655870040041361214 9934703
1655870040312337181 66564073
1655870040524395399 9418359
1655870040736596380 9518927
1655870040948602672 9364386
1655870041161114736 9692845
1655870041373170649 9317323
1655870041585101764 9294898
1655870041797350464 9451468
1655870042009847030 9753156
1655870042223929365 11369834
1655870042437051840 9955587
1655870042649259484 9392251
1655870042861470783 9383842
1655870043073920391 9403627
1655870043286355677 9601978
1655870043502882160 13761787
1655870043715480616 9921662
1655870043928205185 9896895
1655870044140714439 9818104
1655870044352964294 9570805
1655870044565080747 9330426
1655870044777137604 9376933
1655870044989132553 9263224
1655870045201153374 9287184
1655870045413139369 9226998
1655870045625531644 9609570
1655870045839721442 9687150
1655870046051728811 9288149
1655870046264447161 10047085
1655870046476587109 9354564
1655870046688803875 9464590
1655870046901968378 10373923
1655870047113972711 9346355
1655870047328106533 11433534
1655870047541382826 9699986
1655870047753543182 9335275
1655870047965633392 9327985
1655870048177651495 9324004
1655870048389863798 9443906
1655870048602127091 9422821
1655870048823249063 9400770
1655870049035330569 9418560
1655870049247372423 9242745
1655870049461071304 10911191
1655870049672998456 9205659
1655870049886254870 10382584
1655870050098652257 9504598
1655870050310871282 9368021
1655870050523735834 9837495
1655870050735855770 9385640
1655870050947882876 9270928
1655870051160258341 9530686
1655870051372359827 9404442
1655870051584338434 9269026
1655870051812680261 25632623
1655870052024846267 9393549
1655870052236870820 9330341
1655870052452877714 13129775
1655870052666620427 10869132
1655870052886154091 16684526
1655870053098820045 9819829
1655870053311464323 9887183
1655870053523547060 9331005
1655870053735614313 9421217
1655870053948807773 10449708
1655870054161167699 9507005
1655870054374516770 10721414
1655870054589441606 12213255
1655870054801541858 9333638
1655870055013787084 9424651
