1655868943412990900 695685856
1655868943811587076 110932135
1655868944119820690 84209000
1655868944414941633 89799883
1655868944726925869 107112826
1655868945029868420 37158583
1655868946330511267 1034877559
1655868946629155630 47693454
1655868946990486194 109009835
1655868947385096494 182014980
1655868948719957563 1103309438
1655868949083849104 159603557
1655868949314944859 17798194
1655868950539969570 1022221015
1655868950755645793 13010507
1655868951097037750 103696250
1655868951410149262 107492509
1655868951802418717 114974521
1655868952183524051 157584241
1655868952501720208 112671681
1655868952799809052 83292087
1655868953115246679 93601800
1655868953401525343 64835782
1655868953691142954 79402566
1655868953987292824 93241945
1655868954200581542 10475345
1655868954414141319 10303750
1655868954710795645 89586124
1655868955082723930 163758847
1655868955320216232 29165154
1655868955702054379 114303679
1655868956036710264 128695902
1655868956297431450 53727784
1655868956684295058 162609918
1655868958034096594 1142125149
1655868958430347024 143479290
1655868958792763365 101787114
1655868959103214095 98812869
1655868959490010021 107898173
1655868959893596908 185066827
1655868961191863459 1093798480
1655868961603017440 199839706
1655868961903853184 88058403
1655868962123255682 11815358
1655868962339876435 13586991
1655868963564032501 1020124476
1655868963921994362 136752870
1655868964227359374 35465116
1655868964496332263 61521043
1655868964890761543 168875771
1655868965111441876 17519884
1655868965415286153 96500874
1655868965699105023 79471517
1655868965990905529 60909590
1655868966382132172 185343254
1655868966608792246 23728132
1655868966835155564 19172554
1655868967095049599 55167753
1655868967351484774 31176420
1655868967599386239 44863695
1655868967894764169 85586853
1655868968133008343 29944838
1655868968409254760 71947435
1655868968695218297 80997654
1655868968989672936 79571935
1655868969285296940 84522507
1655868969725066951 214320460
1655868971118749764 1125846944
1655868971385411876 61679555
1655868971623208109 31474046
1655868971987262771 160182338
1655868972212434724 16549740
1655868972519921160 103298097
1655868972815891155 90128515
1655868973183463389 155417228
1655868973528485237 119622888
1655868973921184089 188639508
1655868974145621449 15025878
1655868974427866091 39330058
1655868974714722050 29579294
1655868975014180556 83745078
1655868976403977797 1116091909
1655868976694056195 83386967
1655868976987559021 83562373
1655868977594198362 396777650
1655868977881425362 81691071
1655868978124316796 38250732
1655868979440392351 1100378580
1655868979721405209 71203394
1655868979996524921 66920137
1655868980299353145 83147746
1655868980595104478 85546665
1655868980898251345 75504377
1655868981212747546 110223805
1655868981451104648 26716567
1655868981784591478 85594981
1655868982026107816 33224435
1655868982291658379 58302381
1655868983534996966 1036389510
1655868983917606650 178596926
1655868984400042161 212508540
1655868984705987048 101376550
1655868985009143547 11811883
1655868985403394516 183649530
1655868985681483213 73328658
1655868985918717636 32201666
1655868986210999461 22017966
1655868986448024431 33411600
1655868986748858227 97683143
1655868986978763647 23830448
1655868987215330403 31999360
1655868987612486937 114863650
1655868987925675090 41948250
1655868988318471594 131997796
1655868989743023932 1145769436
1655868989954997422 9168247
1655868991291143850 1103152022
1655868991598611646 103319246
1655868991982800597 176999258
1655868992312932901 80572768
1655868992539245905 17502650
1655868992917213570 129705096
1655868993186415984 52050908
1655868993500205366 91661973
1655868993814954363 109935952
1655868994089006907 69954386
1655868994485147726 167928063
1655868994814822786 108627310
1655868995094318607 75127107
1655868995418744042 118038034
1655868996940822311 1310160643
1655868997208047372 63532218
1655868997450732105 35854306
1655868997664599321 9377161
1655868997884019607 14942437
1655868998287471808 195184501
1655868998611556786 119554756
1655868998838907451 11576293
1655868999131636435 38907317
1655868999393080288 55022750
1655868999699274911 75473166
1655868999991115086 87576289
1655869000203264989 9318421
1655869000511221140 98536222
1655869000786830617 63775468
1655869001034145113 38761856
1655869001275213027 31512048
1655869001588661565 101472331
1655869001823100730 28598812
1655869002046816997 18908783
1655869002322399359 72237581
1655869002583806836 57006579
1655869002904382318 110336018
1655869004239239804 1122966695
1655869004540579514 92128253
1655869004791265212 38993050
1655869006047378148 1046984007
1655869006293000086 41376782
1655869006530201007 31058728
1655869006820395190 47834685
1655869007082929098 57434724
1655869007306616008 19389676
1655869007618917536 33833557
1655869007985877722 155922489
1655869008387895552 187319335
1655869008713957679 122742815
1655869009035615114 115166113
1655869009303832217 16248857
1655869009591991087 83621011
1655869009907183711 100237216
1655869010287846384 172254156
1655869010514094525 17837535
1655869010810939446 92689460
1655869011098453553 83184401
1655869011405126339 92029629
1655869011704653185 95245469
1655869012184284837 273345187
1655869012419595618 31943148
1655869012782925604 149791922
1655869013113924181 126218570
1655869013426533027 90117658
1655869013655620567 23758481
1655869013896548028 36854694
1655869014127247202 26057037
1655869014340877027 10695462
1655869014553227773 9484534
1655869014895013135 101858927
1655869015192779055 94464254
1655869015538528966 133958798
1655869015791679463 48927391
1655869016099565918 88993514
1655869016402741049 98560303
1655869016683911159 76596794
1655869016926405062 38435485
1655869017148688584 17448058
1655869017393247759 11352006
1655869017613916754 12110251
1655869017906295487 86269764
1655869018288635802 165209416
1655869018691043314 197735461
1655869019011076687 107707617
1655869019244208545 21964253
1655869019526755335 35140371
1655869019817186151 30262425
1655869020101674515 78692220
1655869020423309521 114872452
1655869020699129999 14774568
1655869021008932258 104999255
1655869021241723545 25834402
1655869021524726054 78410505
1655869021791170632 42853705
1655869022219511308 219108996
1655869022455276842 23511232
1655869022702809511 42774831
1655869022999259859 91342915
1655869023290218719 82239632
1655869023606036466 106914660
1655869024002331348 116163699
1655869024286485356 73838084
1655869024593480031 102161031
1655869025006346862 198384898
1655869025409182565 191692375
1655869025700780219 86914249
1655869026000732493 82917736
1655869026296786254 71592877
1655869026527002359 25821054
1655869026797828577 65507130
1655869027084317950 80826292
1655869027301265343 12993238
1655869027518621011 14178418
1655869027736937359 14466103
1655869027948837420 9304209
1655869028169357588 14734572
1655869028496338355 113361357
1655869028804978958 96906890
1655869029041982705 30114359
1655869029298296792 15411281
1655869029685998943 183140326
1655869030027784959 137159770
1655869030245170325 12954308
1655869030491745407 42110791
1655869030789957738 86930238
1655869031038761132 40633948
1655869031391443336 100995476
