1655183353823626259 35
1655183354824555890 59
1655183355825569231 72
1655183356826809963 79
1655183357828065693 77
1655183358828543975 79
1655183359829794806 79
1655183360830919836 78
1655183361831547297 78
1655183362832748348 79
1655183363833988179 75
1655183364835437639 79
1655183365836660789 77
1655183366838199849 78
1655183367839370692 80
1655183368840538193 79
1655183369841543764 76
1655183370842748895 77
1655183371843555255 78
1655183372844816787 80
1655183373845910668 79
1655183374847159019 76
1655183375848405490 80
1655183376849631811 76
1655183377850947241 77
1655183378852258091 78
1655183379853503703 78
1655183380854752643 79
1655183381855566234 80
1655183382856586815 78
1655183383858014546 75
1655183384859550676 80
1655183385860549937 79
1655183386862635978 73
1655183387863581769 80
1655183388864548470 79
1655183389865648291 77
1655183390866858602 78
1655183391868261522 78
1655183392869560454 77
1655183393870984955 77
1655183394872245456 77
1655183395873664656 78
1655183396874608868 78
1655183397875785880 79
1655183398877044780 80
1655183399877581831 77
1655183400878536722 74
1655183401879590892 78
1655183402880545474 80
1655183403881775113 77
1655183404882986125 80
1655183405884308886 76
1655183406885636198 80
1655183407886741019 76
1655183408887911250 75
1655183409888141791 77
1655183410888566801 77
1655183411889559792 80
1655183412890851643 80
1655183413891536744 80
1655183414892644896 73
1655183415893541907 78
1655183416894538238 74
1655183417895690368 79
1655183418896845179 80
1655183419897650800 77
1655183420898565122 80
1655183421899787114 79
1655183422900563575 78
1655183423901776577 73
1655183424903053796 79
1655183425904430658 76
1655183426905578549 79
1655183427906815100 80
1655183428907551681 80
1655183429908675752 77
1655183430909799113 77
1655183431910533983 76
1655183432911657104 78
1655183433912914285 78
1655183434913562676 80
1655183435914816307 76
1655183436915553048 79
1655183437916593609 77
1655183438917581701 77
1655183439918693762 79
1655183440919915543 74
1655183441920621153 78