1655177366458545048 133
1655177367459713678 155
1655177368460535308 153
1655177369461764881 160
1655177370463093101 160
1655177371463554652 156
1655177372464823692 152
1655177373465963865 157
1655177374466435425 155
1655177375467561565 155
1655177376472642265 159
1655177377473550815 153
1655177378474565656 155
1655177379475540737 159
1655177380476610147 156
1655177381477752998 155
1655177382478989239 150
1655177383479551091 158
1655177384480545832 157
1655177385481551883 154
1655177386482668083 159
1655177387483789285 156
1655177388484564555 150
1655177389485844226 159
1655177390487082466 157
1655177391488543777 155
1655177392490120578 156
1655177393490549669 156
1655177394491543350 154
1655177395492582262 155
1655177396493710692 157
1655177397494817403 158
1655177398496061512 150
1655177399497181284 158
1655177400498991695 151
1655177401500542915 156
1655177402501773486 158
1655177403502535636 157
1655177404503554747 155
1655177405504547237 151
1655177406505005808 155
1655177407506138378 157
1655177408507303480 153
1655177409508467210 160
1655177410509536892 155
1655177411510535962 152
1655177412512181273 154
1655177413513358984 157
1655177414514540525 154
1655177415515534046 157
1655177416516547857 154
1655177417518035197 151
1655177418518541288 156
1655177419519579529 157
1655177420520548219 157
1655177421521542560 154
1655177422522540580 149
1655177423523723581 155
1655177424524535472 157
1655177425525539664 155
1655177426526693546 153
1655177427527921548 155
1655177428528551799 156
1655177429529795151 151
1655177430530568724 158
1655177431531575576 152
1655177432532712269 155
1655177433533828451 152
1655177434534546942 155
1655177435535830255 156
1655177436536554238 153
1655177437537542380 154
1655177438538752822 155
1655177439539991695 144
1655177440541677458 151
1655177441542556440 155
1655177442543536542 155
1655177443544534404 147
1655177444545551187 149
1655177445546530209 145
1655177446547533271 146
1655177447548886004 148
1655177448549543866 154
1655177449550857308 140
1655177450552522741 155
1655177451553525002 151
1655177452554550294 148
1655177453555781546 152