1655185149551829579 119
1655185150552556344 134
1655185151553546559 146
1655185152554550263 166
1655185153555778077 179
1655185154556600583 173
1655185155557829687 180
1655185156558575632 175
1655185157559544626 176
1655185158560718811 173
1655185159562016185 171
1655185160563540199 177
1655185161564672303 171
1655185162565832327 180
1655185163566556203 180
1655185164567569556 177
1655185165568589571 169
1655185166569567746 172
1655185167570555060 171
1655185168571779123 178
1655185169572560109 177
1655185170573779583 176
1655185171574570588 175
1655185172575534833 171
1655185173576655667 170
1655185174578009721 179
1655185175579423705 173
1655185176580541470 179
1655185177581737425 175
1655185178582959678 172
1655185179583536924 175
1655185180584664407 169
1655185181585870073 178
1655185182587309056 178
1655185183588609101 178
1655185184596541354 175
1655185185597551679 178
1655185186598739504 173
1655185187600023238 171
1655185188601389813 174
1655185189602627427 179
1655185190603851341 174
1655185191604991695 177
1655185192606128239 173
1655185193607287734 179
1655185194608513937 171
1655185195609736512 177
1655185196610574107 174
1655185197611556072 173
1655185198612820277 176
1655185199614164291 179
1655185200615422235 177
1655185201616544679 174
1655185202617549104 171
1655185203618573828 172
1655185204619551912 180
1655185205620595406 173
1655185206621822940 177
1655185207622548785 178
1655185208623827698 173
1655185209625039484 177
1655185210625538448 172
1655185211626553562 174
1655185212627536417 175
1655185213628758892 177
1655185214629565696 179
1655185215630641120 172
1655185216631306355 169
1655185217631547240 179
1655185218632544185 176
1655185219633667190 178
1655185220634545813 170
1655185221635692588 173
1655185222636834083 178
1655185223638126377 174
1655185224638540582 179
1655185225639551226 172
1655185226640530211 175
1655185227641569075 173
1655185228642800579 178
1655185229643540334 175
1655185230644591088 178
1655185231645544283 176
1655185232646579948 173
1655185233647536732 174
1655185234648567226 172
1655185235649546360 165