1653864025288513102 1
1653864025592370390 2
1653864025674092688 3
1653864025690399798 4
1653864025693415361 5
1653864025786723698 6
1653864027506487296 7
1653864027571514279 8
1653864027800327462 9
1653864027979550254 10
1653864029303481950 11
1653864029579461012 12
1653864029786658092 13
1653864029980523201 14
1653864031096594118 15
1653864031204513593 16
1653864031887518633 17
1653864032191414241 18
1653864032911303512 19
1653864033190454205 20
1653864034280416679 21
1653864034897464355 22
1653864035772699228 23
1653864035801549366 24
1653864036490471493 25
1653864037204413462 26
1653864037599267100 27
1653864038874634801 28
1653864039906784412 29
1653864039992466123 30
1653864041169687268 31
1653864041794555567 32
1653864043100555702 33
1653864044282968578 34
1653864044770244826 35
1653864045905190486 36
1653864046284427924 37
1653864046871658531 38
1653864048175789544 39
1653864048370723351 40
1653864048798791434 41
1653864049872582427 42
1653864050203585327 43
1653864050607464972 44
1653864051977638153 45
1653864052270913917 46
1653864053776215669 47
1653864054982789181 48
1653864055571302962 49
1653864056485619751 50
1653864056689506652 51
1653864056993581305 52
1653864057977641781 53
1653864058106805946 54
1653864058387020590 55
1653864059196577779 56
1653864059874497221 57
1653864060577781000 58
1653864061374597052 59
1653864061887148069 60
1653864062769569566 61
1653864062898916654 62
1653864063797591520 63
1653864064188638591 64
1653864064595627193 65
1653864064788657941 66
1653864065486601576 67
1653864066099667479 68
1653864066175290901 69
1653864066997557792 70
1653864067401567418 71
1653864067693294484 72
1653864067888585045 73
1653864068476665044 74
1653864068784212899 75
1653864069173668138 76
1653864069372605836 77
1653864070175726010 78
1653864072970676796 79
1653864073318644370 80
1653864073973902316 81
1653864074071791903 82
1653864074284712534 83
1653864075376601776 84
1653864075579059198 85
1653864075594569949 86
