1655698266292576458 123372520
1655698266496411961 3446158
1655698266700354706 3432418
1655698266904036293 3330385
1655698267107666367 3318290
1655698267311152959 3196870
1655698267514774459 3288977
1655698267717986610 3036609
1655698267921526958 3112965
1655698268126618411 4262152
1655698268330781602 3735912
1655698268535273557 3539401
1655698268740129117 4655725
1655698268944549598 4044212
1655698269150183236 5323710
1655698269356069330 5442907
1655698269560730418 4358792
1655698269765534767 4474914
1655698269970548764 4244485
1655698270180419771 9428223
1655698270388700447 7478881
1655698270592499359 3551517
1655698270797524473 4380620
1655698271002838021 4899620
1655698271208470909 4946635
1655698271412244894 3419529
1655698271616035511 3475122
1655698271819738486 3204082
1655698272023905025 3659839
1655698272228401237 4080833
1655698272432664775 3340513
1655698272636545218 3434898
1655698272841753604 4711099
1655698273045579818 3360843
1655698273249267044 3308015
1655698273453640970 3818902
1655698273657497102 3311344
1655698273861578062 3589463
1655698274065500015 3388438
1655698274268983173 3134327
1655698274472738953 3402874
1655698274676488475 3269378
1655698274880507298 3643588
1655698275085048732 4070033
1655698275289127218 3287510
1655698275492604546 3132679
1655698275697415659 4335861
1655698275900953624 3103469
1655698276104424516 2964122
1655698276309450833 4476055
1655698276514779446 4886474
1655698276721134104 5198936
1655698276927535167 5731830
1655698277133263504 5169990
1655698277339009765 5327032
1655698277544943948 5535970
1655698277750434025 5064219
1655698277957291829 5351950
1655698278162702025 4726948
1655698278367651273 4007592
1655698278572674105 4621638
1655698278779251513 5666550
1655698278985443454 5838964
1655698279192316368 4412137
1655698279396175659 3506685
1655698279600531501 3870294
1655698279804400383 3552582
1655698280008607587 3868997
1655698280212410451 3443684
1655698280416585835 3640059
1655698280620828184 3837500
1655698280825068667 4095385
1655698281028997397 3533769
1655698281233961967 4162074
1655698281440536089 5900348
1655698281649702511 7772428
1655698281856714809 5911522
1655698282064206782 6442920
1655698282272740383 8089881
1655698282478994814 5337835
1655698282686797344 6232201
1655698282893009339 4235265
1655698283102382211 7289639
1655698283307178914 4435059
1655698283512170152 4508689
1655698283718793210 6276210
1655698283925564118 4895482
1655698284131128160 5170183
1655698284336716594 5111661
1655698284542127838 4673998
1655698284745710703 3226972
1655698284949709246 3426849
1655698285153623005 3566739
1655698285357620392 3518663
1655698285561576497 3603614
1655698285765421692 3468413
1655698285969930011 3982096
1655698286175337213 4513095
1655698286379430835 3577622
1655698286583432177 3643863
1655698286787463749 3389208
1655698286991306061 3365647
1655698287194632788 3026765
1655698287398329600 3376009
1655698287603282766 3794270
1655698287807848298 4032258
1655698288013686613 4749242
1655698288218453335 4139660
1655698288423599861 4217480
1655698288628393875 4058806
1655698288833233870 3917883
1655698289038051540 4498718
1655698289243354195 4555927
1655698289448596885 4623115
1655698289654516131 4879322
1655698289859902980 4684328
1655698290065215418 4964083
1655698290270419525 4739038
1655698290475513836 4528647
1655698290681523609 5530415
1655698290886712696 4042978
1655698291092072260 4136698
1655698291297313056 4373751
1655698291502497427 4665107
1655698291707829570 4634842
1655698291913982241 4521471
1655698292119102480 4167278
1655698292324321055 4387164
1655698292529347296 4699499
1655698292734452141 4445825
1655698292939082867 4235978
1655698293144289590 4495372
1655698293349270859 4527453
1655698293553637937 3702747
1655698293758420417 4473132
1655698293963483223 4540231
1655698294168368568 4440986
1655698294376506415 6507559
1655698294580788508 3966979
1655698294786011426 5072862
1655698294991500740 4562107
1655698295195997391 3625758
1655698295400168093 3726885
1655698295604394926 3417937
1655698295808795160 3812512
1655698296013143375 4202510
1655698296217545033 3894093
1655698296421320925 3340411
1655698296624959379 3250999
1655698296828856704 3385888
1655698297034057318 4876570
1655698297240677971 5912588
1655698297449335183 7385143
1655698297657967158 6632828
1655698297867215535 7256584
1655698298083592045 10284597
1655698298290824560 6869407
1655698298496112310 5147380
1655698298702654035 4925511
1655698298907607081 4571271
1655698299114929172 6805379
1655698299320599012 5216532
1655698299526652621 5716733
1655698299733830737 6732889
1655698299940771716 6015792
1655698300149512385 8345771
1655698300356757060 5575027
1655698300561505326 4475343
1655698300768599633 6767186
1655698300978403543 6465593
1655698301184856117 4903857
1655698301390543080 3566896
1655698301596677798 4831844
1655698301802598934 4407415
1655698302008062603 5120809
1655698302213736114 4944077
1655698302419606926 5222527
1655698302624861424 4907247
1655698302831259339 5300399
1655698303036229539 4443730
1655698303241265280 4113163
1655698303447224086 5502228
1655698303653523038 5611676
1655698303860200117 6231020
1655698304070718230 9739204
1655698304278716613 4784795
1655698304486582169 7483719
1655698304694693796 7736758
1655698304901998844 7057666
1655698305105745826 3426980
1655698305309527639 3592903
1655698305513316140 3460509
1655698305716997111 3076648
1655698305920769729 3337100
1655698306124563482 3302831
1655698306328368499 3182031
1655698306532053717 3369137
1655698306736038246 3438904
1655698306939760067 3357107
1655698307143280430 3184282
1655698307347153583 3562084
1655698307551119582 3469513
1655698307754830090 3234153
1655698307958763623 3447485
1655698308163615718 4380297
1655698308367369244 3363067
1655698308570809266 3016851
1655698308774477313 3527649
1655698308978585385 3768409
1655698309182198300 3281268
1655698309385766688 3142480
1655698309589264698 3074598
1655698309792715525 3026176
1655698309996440415 3205391
1655698310200923009 4100135
1655698310405058846 3738600
1655698310609634580 4246310
1655698310814602401 4198302
1655698311019405794 4452972
1655698311226862294 6436369
1655698311434125676 6083968
1655698311641620211 5650576
1655698311847535447 5438086
1655698312055292422 6831853
1655698312262669585 7026911
1655698312471720681 8412071
1655698312681954490 8020958
1655698312888469252 4529458
1655698313094053522 5100602
1655698313299978324 4504389
1655698313505714601 4983529
1655698313711033856 5068824
1655698313916779055 4986483
1655698314125532543 5597476
1655698314332988864 6044696
1655698314539357694 5189286
1655698314746087052 6154018
1655698314952903641 5510026
1655698315162673828 9093217
1655698315370263629 7310280
1655698315580547689 9592362
1655698315788435227 5387625
1655698315995004095 4952018
1655698316201604076 5784701
1655698316406797811 3963587
1655698316610985605 3565195
1655698316815233843 3483571
1655698317019838886 4183052
1655698317228949829 8762712
1655698317433422316 3855977
1655698317637637347 3671802
1655698317842036183 3869549
1655698318046981202 3723332
1655698318252352356 4528869
1655698318457060957 3725288
1655698318661978266 4392237
1655698318866745378 3620464
1655698319073923052 6663237
1655698319280162807 5215990
1655698319485580544 5070518
1655698319694696392 8284777
1655698319900169485 5216134
1655698320105826535 5327562
1655698320310723375 4558830
1655698320516174735 5220831
1655698320723699143 7079751
1655698320932011810 7581352
1655698321140707867 8335037
1655698321346463582 5498717
1655698321555899588 6295595
1655698321763094517 4875884
1655698321969714751 6005381
1655698322177646549 5727270
1655698322385565936 5463974
1655698322592794848 4804881
1655698322799676987 4735744
1655698323005487621 4775914
1655698323212633530 6698704
1655698323420419161 7400320
1655698323627121538 6325442
1655698323834925448 7334449
1655698324045176459 9200308
1655698324252751102 5788522
1655698324457856921 3927358
1655698324668166871 9957937
1655698324878760643 7786977
1655698325091633599 11771915
1655698325296844816 3887803
1655698325502112138 3176535
1655698325709284970 4348945
1655698325913667769 3969209
1655698326118618512 4213918
1655698326322487513 3444251
1655698326527341219 4179108
1655698326734577798 5736500
1655698326939784696 4077794
1655698327145432562 4461946
1655698327350109410 4166975
1655698327558140667 6636462
1655698327764960731 5027155
1655698327974855742 9522996
1655698328184109081 8069326
1655698328390028350 5464714
1655698328597572116 6071217
1655698328804504741 6594867
1655698329012013410 5087055
1655698329221588089 6557323
1655698329429717038 7786315
1655698329638509394 7736242
1655698329845400639 5467281
1655698330054351344 6383556
1655698330261564225 4176089
1655698330466689935 4752514
1655698330672614773 4796178
1655698330879246942 5472200
1655698331085478600 5713343
1655698331291587869 5769469
1655698331496660186 4698721
1655698331703089390 6148219
1655698331908633711 4733788
1655698332113436043 4497133
1655698332317498569 3555959
1655698332521638862 3820101
1655698332725677189 3702986
1655698332930411970 4446651
1655698333134560070 3709485
1655698333339536723 4603545
1655698333543194206 3292872
1655698333746932637 3354457
1655698333950651696 3384449
1655698334154748135 3809629
1655698334358611387 3684180
1655698334563523213 4230897
1655698334767977480 3804506
1655698334972170708 3740752
1655698335178808606 6023920
1655698335382653550 3477877
1655698335586130379 3156577
1655698335789768879 3214357
1655698335993333703 3220025
1655698336197050729 3378268
1655698336400723389 3232522
1655698336604542379 3327069
1655698336808205853 3316236
1655698337011557899 3008129
1655698337214810669 2904642
1655698337418519212 3280522
1655698337621952591 3128727
1655698337825312366 3054337
1655698338029217864 3431100
1655698338233025650 3463067
1655698338437498058 3555161
1655698338642255713 4428054
1655698338847261941 4512029
1655698339051932487 4196800
1655698339256969323 4596137
1655698339461472481 4069959
1655698339667376569 4948778
1655698339876300975 8621353
1655698340082966813 5017813
1655698340287191357 3730894
1655698340492184640 3851334
1655698340698286583 5005986
1655698340902449879 3733600
1655698341107660313 4726732
1655698341313231653 3873963
1655698341520166609 5710538
1655698341725346321 4260223
1655698341929797885 3860832
1655698342135374813 5097867
1655698342340576968 4574322
1655698342545391766 4470348
1655698342750342150 4443513
1655698342955142462 4467036
1655698343160448286 4979396
1655698343365995786 5455973
1655698343571442078 4792917
1655698343776960608 5048342
1655698343982069482 4115461
1655698344186958843 4426604
1655698344391276508 3819155
1655698344596386832 4771525
1655698344801354663 4519039
1655698345006753908 4929345
1655698345219846046 10686196
1655698345425075947 4314904
1655698345629093727 3475290
1655698345833727967 4116234
1655698346038139874 4185917
1655698346242695650 3734905
1655698346447027369 3442612
1655698346650811771 3329347
1655698346854995583 3720230
1655698347059480996 3832039
1655698347263350079 3544296
1655698347467140394 3331346
1655698347671162038 3740662
1655698347875024094 3549397
1655698348079214664 3284304
1655698348282993277 3301184
1655698348487050182 3558379
1655698348694706446 7237790
1655698348901411403 5836473
1655698349110491910 6558392
1655698349317780797 6684172
1655698349526964621 8568960
1655698349733652675 4855220
1655698349939754553 4423229
1655698350145460291 4621232
1655698350351527068 5591901
1655698350557594199 5651140
1655698350763137194 5205534
1655698350968728573 5054396
1655698351177151614 5211509
1655698351381770435 4287608
1655698351591257856 6401571
1655698351796513535 4925743
1655698352002598775 5775925
1655698352208212753 4634114
1655698352412849845 3684078
1655698352617558026 3953042
1655698352822450191 4283325
1655698353026662468 3881312
1655698353234458170 7503105
1655698353439303716 4520208
1655698353643992787 4364053
1655698353849361949 4346015
1655698354054088107 4096983
1655698354259185227 4765344
1655698354465742558 4773146
1655698354676252248 9995252
1655698354881568394 4631937
1655698355085683593 3444439
1655698355291496400 4866889
1655698355495450163 3608728
1655698355700595408 4174050
1655698355905772682 4074120
1655698356110370745 3982563
