1655670680288535627 19878636
1655670680493771646 4273954
1655670680771841863 76947464
1655670680978732799 5919225
1655670681185696731 4705831
1655670681392017382 5436085
1655670681597596994 5223598
1655670681802554130 4601700
1655670682012594999 7617414
1655670682218216818 5282831
1655670682424619942 6089751
1655670682631761034 6802936
1655670682841586069 9480050
1655670683051662592 8726399
1655670683267431700 14185994
1655670683473029442 4756818
1655670683678968501 5598027
1655670683884041741 4314549
1655670684088826112 4035047
1655670684293572151 4309358
1655670684498979442 5032982
1655670684703317329 3840374
1655670684907833048 3817278
1655670685112153846 3681989
1655670685316353674 3710207
1655670685520417761 3480564
1655670685725369798 3668193
1655670685930768345 3991865
1655670686135577758 3821525
1655670686343477270 7550292
1655670686549563298 4633926
1655670686753451860 3142598
1655670686957717358 3074843
1655670687162605071 4670034
1655670687373000703 8067428
1655670687585702326 6939568
1655670687794687839 6847273
1655670688000488208 5550968
1655670688211729221 5794291
1655670688425484138 12779696
1655670688633693206 6790793
1655670688841362439 7430111
1655670689046746946 5081139
1655670689251141765 3532879
1655670689454477113 3037604
1655670689658503878 3111984
1655670689861999271 3074925
1655670690065617336 3158488
1655670690269646419 3424418
1655670690473590172 3482507
1655670690677422472 3359590
1655670690881249138 3474951
1655670691084838410 3187404
1655670691288315901 3139806
1655670691491820341 3090191
1655670691696807056 4526008
1655670691900316509 3159072
1655670692104485096 3821833
1655670692308366845 3434659
1655670692512170227 3469134
1655670692715718472 3207396
1655670692919645625 3620046
1655670693123065649 3132069
1655670693327065599 3668480
1655670693530645099 3272378
1655670693734407651 3457548
1655670693938068785 3349908
1655670694141512773 2974292
1655670694345107416 3098891
1655670694548793200 3380098
1655670694752503703 3158482
1655670694956025678 3198942
1655670695159384749 2917357
1655670695363060203 3341975
1655670695566455434 2924153
1655670695770053801 3285756
1655670695973686727 3217706
1655670696177238014 3302904
1655670696380595725 3060494
1655670696583984871 3089065
1655670696787554210 3275441
1655670696991345259 3153611
1655670697194985653 2989141
1655670697398994892 3100378
1655670697602837692 2996640
1655670697806686714 2951948
1655670698010143800 2969404
1655670698213301833 2863132
1655670698416615627 3005494
1655670698620658006 3470728
1655670698823769669 2813561
1655670699026918150 2983170
1655670699230189052 2849528
1655670699433468235 2814550
1655670699636656957 2871196
1655670699840829850 3900473
1655670700045865781 4679749
1655670700251237312 4902697
1655670700456736294 5102306
1655670700660609768 3320624
1655670700864825943 3263695
1655670701068788490 3266069
1655670701272723452 3224763
1655670701476325058 3060238
1655670701679808163 3166763
1655670701886086846 5846744
1655670702091483247 4746794
1655670702299556100 6518322
1655670702508675793 8587747
1655670702713802968 4323825
1655670702918836605 4291923
1655670703125344399 5604225
1655670703330862427 4931175
1655670703536224632 4268823
1655670703741572996 3964301
1655670703947229444 4396436
1655670704152738669 4155243
1655670704358393008 5264828
1655670704563691401 4588433
1655670704769195595 5107238
1655670704974854982 4822951
1655670705181979407 6175402
1655670705387438323 4748983
1655670705593353643 4423347
1655670705798349691 3629046
1655670706005961539 6026762
1655670706212615642 6346235
1655670706418840448 5058943
1655670706625467449 4800311
1655670706831643850 5714683
1655670707038396438 6471785
1655670707245347372 6519889
1655670707452369959 5439855
1655670707659484710 4099956
1655670707866420517 5530658
1655670708077851501 11107864
1655670708282736637 4398542
1655670708488650609 5700648
1655670708693560449 4616115
1655670708900449949 6518274
1655670709105393357 3943816
1655670709310398575 4460658
1655670709515468193 4780314
1655670709720589850 4774683
1655670709925048580 4132469
1655670710130222337 4526769
1655670710335491973 4886589
1655670710540612624 4830111
1655670710745648744 4671276
1655670710950857330 4777089
1655670711155999722 4196763
1655670711362510696 3649140
1655670711567508248 3777308
1655670711772069124 3594658
1655670711977253570 4237892
1655670712182168066 4589174
1655670712387097785 4585556
1655670712595936945 7848328
1655670712800495851 4115525
1655670713005102519 4246092
1655670713210622676 4614267
1655670713415434989 4497629
1655670713620036344 4058227
1655670713825540604 4592494
1655670714029774733 3922923
1655670714234581994 3656478
1655670714438550262 3605998
1655670714642764735 3899094
1655670714846650209 3444562
1655670715050446036 3517415
1655670715254271146 3513245
1655670715457617391 3179580
1655670715661503739 3579749
1655670715865531250 3589903
1655670716071147365 4878324
1655670716275688024 3903738
1655670716479531488 3600268
1655670716683730052 3809153
1655670716887563069 3642980
1655670717091390625 3527300
1655670717295653465 3877381
1655670717499646009 3726454
1655670717703515143 3552599
1655670717907169297 3369480
1655670718111550261 4070041
1655670718315410662 3491817
1655670718519222897 3511910
1655670718723654452 4063757
1655670718927437393 3485741
1655670719131616759 3877200
1655670719337025238 5003915
1655670719540997719 3663973
1655670719745566871 3642632
1655670719949337733 3409409
1655670720154207581 4347417
1655670720358820428 3657785
1655670720562612594 3467420
1655670720766667948 3562542
1655670720975033082 7329563
1655670721179159196 3705803
1655670721383599649 3951218
1655670721590041380 3607850
1655670721793708375 3312360
1655670721998243780 4214840
1655670722202918290 3577786
1655670722407446274 4210477
1655670722611473813 3535803
1655670722815452366 3490190
1655670723020130805 4237648
1655670723224655982 3722559
1655670723429068187 4078995
1655670723633640904 4208771
1655670723839325257 4699807
1655670724043355583 3692338
1655670724247468503 3801184
1655670724451973520 4222962
1655670724655656473 3406019
1655670724860047672 4001052
1655670725064028501 3638349
1655670725267989416 3653499
1655670725472538896 4003327
1655670725676735743 3831929
1655670725880722952 3670165
1655670726084740571 3799470
1655670726289375680 4314577
1655670726493800630 4121937
1655670726698756735 3972037
1655670726904536372 4768326
1655670727108730139 3791136
1655670727312762492 3672479
1655670727517102643 3855405
1655670727721296324 3721011
1655670727925713625 4078639
1655670728129633058 3407934
1655670728334143497 3943981
1655670728538187921 3628415
1655670728742374934 3857190
1655670728946059936 3377436
1655670729149996982 3346200
1655670729353667845 3365671
1655670729557394792 3429740
1655670729761398052 3581414
1655670729965495886 3375805
1655670730168904835 3123804
1655670730372416848 3116759
1655670730576507227 3329875
1655670730780353267 3535981
1655670730984794933 3459094
1655670731189969516 4029807
1655670731394218359 3384301
1655670731598029866 3304974
1655670731802597416 3043588
1655670732007659890 4733994
1655670732212143041 4211763
1655670732419111153 5946911
1655670732623664030 3841934
1655670732828459385 3891369
1655670733038121198 8194415
1655670733241111770 2700160
1655670733444146816 2721579
1655670733648064259 3609298
1655670733853745513 4802042
1655670734061043022 6919904
1655670734270120115 8652621
1655670734478592041 6654789
1655670734688779955 7737702
1655670734897655873 7928916
1655670735104729923 6106103
1655670735317305720 7309925
1655670735522495302 4537415
1655670735727220302 3892323
1655670735931134926 3200031
1655670736134369600 2936636
1655670736345777594 7822814
1655670736551542747 4799342
1655670736757048113 5214512
1655670736962959685 5008171
1655670737168568133 5286113
1655670737375135728 5130054
1655670737580677100 4758206
1655670737785342198 3947353
1655670737990087995 3958919
1655670738195550718 4603657
1655670738401559929 5185648
1655670738606536127 3969862
1655670738811715817 4009284
1655670739017062058 4326517
1655670739221625326 3688253
1655670739426008955 3678043
1655670739631001280 4468972
1655670739835660709 3987416
1655670740041687367 5105676
1655670740247318636 5377531
1655670740454489044 6494652
1655670740661404150 5798873
1655670740869557246 7809415
1655670741078048689 8126442
1655670741286251834 7351648
1655670741493135153 6488401
1655670741703827146 9576780
1655670741913644163 8721126
1655670742120259322 5619180
1655670742327149889 6006084
1655670742533230723 5259460
1655670742740779115 7251213
1655670742948108496 7044860
1655670743155296806 6366780
1655670743359525346 3792378
1655670743564470095 4635566
1655670743769534064 4745855
1655670743974334599 4501541
1655670744178169904 3430728
1655670744381810568 3338363
1655670744585330359 3010686
1655670744788808762 2944100
1655670744992425577 3175921
1655670745196100692 3355886
1655670745399525465 3098092
1655670745603034693 3150239
1655670745806367268 3025004
1655670746010053728 3120022
1655670746213652366 2984761
1655670746417024377 3072120
1655670746620454299 3106802
1655670746823779449 3005154
1655670747027214312 3084001
1655670747230579397 3047447
1655670747434021842 3107655
1655670747637520100 3177295
1655670747841525665 3321946
1655670748045099354 3125956
1655670748248435207 3039888
1655670748451824355 3059102
1655670748655219982 2984175
1655670748858710046 3161287
1655670749061915257 2993159
1655670749265229918 3016578
1655670749470736225 5016998
1655670749675168569 3985463
1655670749879131524 3090361
1655670750082895420 3324380
1655670750286654784 3342661
1655670750490656145 3325674
1655670750694792448 3344692
1655670750898621678 3151466
1655670751102180658 3216115
1655670751305547538 3024633
1655670751508973563 3074163
1655670751712496995 3089733
1655670751916003487 3074250
1655670752119347530 3031861
1655670752323143893 2949078
1655670752527085016 3121092
1655670752731001930 3089848
1655670752934580505 3162765
1655670753138553228 3340158
1655670753341825237 2925336
1655670753545191045 3063747
1655670753748824925 3024976
1655670753952078257 2918234
1655670754155522296 3127880
1655670754358828979 2869233
1655670754562181790 3013431
1655670754765392429 2884515
1655670754968840071 2911408
1655670755172089954 2865468
1655670755375345114 2943884
1655670755578780460 3035047
1655670755782984418 3724799
1655670755987525178 4198938
1655670756192408632 4423344
1655670756397637971 4893709
1655670756602480280 4518731
1655670756808378749 4882850
1655670757013751753 4953840
1655670757218819690 4311694
1655670757423534089 4609185
1655670757628493526 4575817
1655670757833772807 4933828
1655670758040107672 5888905
1655670758245212643 4064092
1655670758449614049 3807582
1655670758655096926 4401107
1655670758860420645 4997344
1655670759065410300 4660057
1655670759269835779 4247202
1655670759474178255 4166399
1655670759678402614 3918041
1655670759882518270 3564568
1655670760085975096 3055987
1655670760290513855 4142702
1655670760496285260 5447599
1655670760706727029 7877780
1655670760913065914 5133047
1655670761117886128 4116329
1655670761327956913 8456511
1655670761535417585 6720551
1655670761744092262 8339879
1655670761951167690 6608344
1655670762160498486 5842901
1655670762368988308 8167703
1655670762579638366 4663462
1655670762787426307 6346663
1655670762996824235 8940181
1655670763205290738 7690185
1655670763412013230 6403105
1655670763620626366 5741578
1655670763827416212 5727480
1655670764032366898 4430287
1655670764235757385 3093862
1655670764438985000 2788436
1655670764642089531 2798380
1655670764845357694 2929461
1655670765049366117 3452858
1655670765254074464 4089083
1655670765459303246 4559671
1655670765665128096 4484804
1655670765870714990 5161964
1655670766078356488 6606539
1655670766287114511 7705698
1655670766493538265 4491353
1655670766700198640 4277342
1655670766906282264 5309839
1655670767112841338 4783926
1655670767319570314 6369940
1655670767541233626 15308410
1655670767746995519 5462476
1655670767951440375 3730497
1655670768155771692 4016107
1655670768360816421 3984270
1655670768566327431 4549026
1655670768772561477 5366843
1655670768976700245 3670555
1655670769179990630 3058909
1655670769385557122 4608445
1655670769590668368 4770322
1655670769796223425 4512480
1655670770001981794 5330142
1655670770206457534 4148748
