1655670832977133258 182288192
1655670833187811511 7662330
1655670833390953194 3014209
1655670833596513848 4579934
1655670833800677010 3719456
1655670834007931179 4739373
1655670834212635781 3164009
1655670834417841475 4826679
1655670834623203838 5039472
1655670834827953831 4004177
1655670835034152942 5492222
1655670835241373001 6431013
1655670835447668649 4436012
1655670835653321721 4865042
1655670835859525243 4678671
1655670836066405987 5378627
1655670836274790802 6855557
1655670836482785177 6672434
1655670836690528387 5666777
1655670836897600294 5670390
1655670837104265023 5331306
1655670837313656803 8514343
1655670837523191590 9248277
1655670837728665801 4641755
1655670837936906553 6968623
1655670838145123301 7408611
1655670838352734148 6765025
1655670838559563198 5802675
1655670838768757211 6363223
1655670838975126341 5194810
1655670839188714390 10681985
1655670839396363574 7426430
1655670839603429119 6746264
1655670839810333910 5647988
1655670840015741573 4138711
1655670840232272789 11213346
1655670840446298040 7316846
1655670840655175423 7829636
1655670840864084436 6330429
1655670841074604716 8662312
1655670841283211432 7273466
1655670841489530743 4576049
1655670841702593646 6449706
1655670841907451819 4175204
1655670842112428268 4486915
1655670842317938471 5010843
1655670842523109957 3408757
1655670842728230663 3992807
1655670842933322719 3861366
1655670843138701981 4743558
1655670843344153978 4152013
1655670843548466413 3813915
1655670843753530175 3998150
1655670843958291450 4322093
1655670844170006998 11199184
1655670844375222848 4805257
1655670844579101746 3166377
1655670844783610822 3676831
1655670844988103514 3136045
1655670845192331952 3369335
1655670845396384233 3621455
1655670845601448643 3952128
1655670845806783084 4848376
1655670846012391110 4258494
1655670846219204401 5681423
1655670846427313179 7045593
1655670846633595948 4607328
1655670846839587927 4804669
1655670847045084795 5133336
1655670847251623000 5592784
1655670847458718029 6389122
1655670847665585758 6526383
1655670847873257506 4227611
1655670848083262390 5317226
1655670848289076593 4996503
1655670848495345775 5126300
1655670848700228574 4395168
1655670848906294938 5192093
1655670849112996752 6202161
1655670849319348561 5427321
1655670849526297407 5410091
1655670849732231879 4389895
1655670849938947364 4944550
1655670850145479702 4490538
1655670850351309302 3930932
1655670850557930675 4966705
1655670850765158092 5434264
1655670850971199305 5652349
1655670851177785098 5759104
1655670851383335691 4772864
1655670851590592250 6587912
1655670851796694289 5549511
1655670852002327496 4826019
1655670852207816674 5008599
1655670852415677918 6724390
1655670852621568381 4412524
1655670852828299447 5403858
1655670853034216979 4139891
1655670853241584431 5572383
1655670853447362044 5412046
1655670853652425201 4579019
1655670853857295098 4316895
1655670854063256793 5647432
1655670854271812304 6704985
1655670854478039002 5032501
1655670854683380198 4357348
1655670854888642187 4490400
1655670855093051853 3601579
1655670855297133425 3609812
1655670855501159347 3564244
1655670855705417623 3914000
1655670855909992048 4220436
1655670856114360041 3347777
1655670856318470822 3631105
1655670856522959406 4147895
1655670856727587974 4064292
1655670856932417775 3447195
1655670857136386921 3392696
1655670857340804087 3879390
1655670857545286257 4301016
1655670857751212438 4865695
1655670857955385494 3238848
1655670858160269118 4526553
1655670858365557940 3925080
1655670858572365795 6350843
1655670858777908927 4978186
1655670858984669370 5428458
1655670859190083344 4853470
1655670859396265696 4902199
1655670859604005570 6881226
1655670859811678500 7328900
1655670860016753067 4763395
1655670860225518893 8190806
1655670860432889383 4138395
1655670860639927503 6647703
1655670860848681639 7864234
1655670861056790308 7649771
1655670861263357982 5100781
1655670861469998406 5998153
1655670861677559601 6925480
1655670861889437154 11072248
1655670862096454598 6556170
1655670862301770815 4564585
1655670862506074487 3978517
1655670862710040289 3385656
1655670862914065349 3620050
1655670863117861368 3251479
1655670863321810779 3538168
1655670863525856474 3513120
1655670863730042570 3780607
1655670863934208044 3645224
1655670864138135973 3521024
1655670864342267563 3795553
1655670864545925965 3331340
1655670864750373670 3527435
1655670864954038934 3298051
1655670865157617423 3200480
1655670865361351879 3282878
1655670865564857730 2997081
1655670865769103842 3583277
1655670865974237345 4257484
1655670866179009252 4424634
1655670866383604404 4248214
1655670866588556934 4624487
1655670866795611486 3807224
1655670867001382052 4436737
1655670867205918502 3822579
1655670867411220480 4280609
1655670867615622504 3674750
1655670867821007034 4072016
1655670868025810192 3853099
1655670868230981032 4210255
1655670868435438751 4207690
1655670868640278348 4504839
1655670868844851388 4102840
1655670869049504912 4270704
1655670869262059023 12122835
1655670869466127829 3303790
1655670869670580189 3917480
1655670869875310451 4354779
1655670870079443161 3488354
1655670870283252027 3302885
1655670870488121589 4177417
1655670870693193381 4664513
1655670870897467535 3775237
1655670871101816285 3879173
1655670871305405413 3144153
1655670871509941839 3463987
1655670871713374426 3020615
1655670871918266583 4278548
1655670872122747942 3976151
1655670872327070175 3973746
1655670872531003818 3544640
1655670872735290777 3483802
1655670872940024176 4192663
1655670873144524210 3827955
1655670873348181608 3250145
1655670873552802096 3956453
1655670873757598069 4273669
1655670873962955690 4276093
1655670874167203159 3608632
1655670874372298081 4655909
1655670874576320513 3358424
1655670874780616228 3595228
1655670874985042475 3345355
1655670875189210361 3733732
1655670875394618321 4838902
1655670875601512117 6562890
1655670875805774519 3880560
1655670876010944501 4506676
1655670876215526602 4149110
1655670876420258619 4005269
1655670876625522589 3564411
1655670876830264728 4318362
1655670877035184599 3427859
1655670877239307312 3484446
1655670877443290337 3330257
1655670877647095021 3246014
1655670877850968205 3399667
1655670878054668390 3286428
1655670878258252819 3303059
1655670878462179540 3226214
1655670878666503936 3729119
1655670878870784206 2834836
1655670879074383193 3194146
1655670879278819421 3952867
1655670879484136338 5190192
1655670879690711707 6203348
1655670879894973331 4025993
1655670880099415506 3425569
1655670880303649926 3491116
1655670880507734699 3354137
1655670880711285023 3335437
1655670880915217426 3439061
1655670881119676507 3707053
1655670881323270262 3088699
1655670881528004575 4279707
1655670881732215555 3725534
1655670881936334155 3616753
1655670882140827200 4134320
1655670882345255919 4032176
1655670882549291111 3313549
1655670882753369856 3396788
1655670882957484915 3530201
1655670883161542947 3162741
1655670883365152687 3193528
1655670883569425677 3682213
1655670883775709245 5985553
1655670883982596281 5964245
1655670884190392856 7461686
1655670884399616854 8894774
1655670884605389895 4410235
1655670884812726325 6953230
1655670885020843063 7716930
1655670885227735477 6494292
1655670885432742331 4445912
1655670885638587004 5264294
1655670885842704945 3738776
1655670886046516813 3564587
1655670886250524541 3550126
1655670886454396604 3333486
1655670886658408158 3519593
1655670886862614213 3640063
1655670887066435784 3484361
1655670887273721201 6787507
1655670887479167319 5189908
1655670887683416367 3688249
1655670887887203776 3428434
1655670888091438761 3502869
1655670888295346322 3535947
1655670888499611439 3869540
1655670888703562539 3555715
1655670888907306193 3394790
1655670889111294459 3621377
1655670889315231426 3622112
1655670889519439920 3827127
1655670889723539249 3679373
1655670889927644784 3687908
1655670890131453225 3409030
1655670890335483237 3689011
1655670890539429791 3566148
1655670890743340235 3514063
1655670890947272706 3542441
1655670891151225914 3559634
1655670891355054231 3465280
1655670891559007198 3539953
1655670891763164276 3687012
1655670891967406416 3728502
1655670892171338374 3622930
1655670892375405285 3568885
1655670892579544464 3576524
1655670892783694087 3735141
1655670892987748531 3637521
1655670893192712002 4753408
1655670893396562411 3480712
1655670893600579830 3620030
1655670893804740787 3670397
1655670894009135227 3677488
1655670894213438963 3849537
1655670894417505427 3561990
1655670894621698450 3687012
1655670894825599217 3382699
1655670895029853752 3628415
1655670895234028518 3692833
1655670895437964742 3515170
1655670895643979098 4680189
1655670895848966064 4640634
1655670896053389548 4035065
1655670896257631488 3877104
1655670896463434621 4737634
1655670896668837564 3613008
1655670896872533798 3229638
1655670897076502019 3532744
1655670897281811426 4974852
1655670897486136391 4009718
1655670897690555737 3331508
1655670897894099005 3231362
1655670898097991619 3025626
1655670898301681455 3164017
1655670898506313385 4140565
1655670898712036592 4020461
1655670898916627916 4161972
1655670899123276611 6314692
1655670899328343821 4697794
1655670899534443682 4993058
1655670899741175970 6378801
1655670899946366193 4834129
1655670900153233305 6537881
1655670900359993677 5396350
1655670900565311130 4975645
1655670900771469420 5704721
1655670900979333037 7376715
1655670901183936377 3634257
1655670901388511076 4124998
1655670901593971479 4519510
1655670901800143048 5163111
1655670902005029957 4276586
1655670902210173263 4566733
1655670902416944726 4338524
1655670902621621063 3983952
1655670902826094781 3775393
1655670903031156489 3964226
1655670903241398310 4812522
1655670903447275179 4649927
1655670903652635473 5060584
1655670903858639217 5698624
1655670904062395584 3456121
1655670904267779391 4867354
1655670904480635468 10871247
1655670904691260090 9823040
1655670904899441080 7050778
1655670905105443326 4502242
1655670905314286562 8470447
1655670905521494738 5544823
1655670905727246321 3864189
1655670905933474286 4754017
1655670906138201656 4280129
1655670906347809489 6697087
1655670906553812638 5315740
1655670906760056236 6106955
1655670906965286268 4568689
1655670907171842699 4128691
1655670907378223722 5276914
1655670907585755346 7059864
1655670907792794124 6214727
1655670908000384273 5457613
1655670908208125850 6156299
1655670908418084605 7721710
1655670908625034766 6064049
1655670908832055124 6055999
1655670909039359845 6550300
1655670909245716097 5881788
1655670909458296117 8498205
1655670909662477300 3411020
1655670909866287942 3472020
1655670910070804094 4147092
1655670910274114802 3156522
1655670910478892640 3932978
1655670910683492419 3742727
1655670910888157895 3519127
1655670911091844299 3230983
1655670911296181409 3437837
1655670911500212278 3641724
1655670911704855157 4056993
1655670911909174696 3965990
1655670912114379365 4442531
1655670912319562855 4022411
1655670912524025643 4091080
1655670912733151567 8199874
1655670912936596289 2842769
1655670913140467441 2949504
1655670913344019374 2822696
1655670913549014700 4108382
1655670913755341367 5861348
1655670913964592451 7500376
1655670914175607439 9489269
1655670914384391188 5292757
1655670914591156649 5365803
1655670914798611469 6660280
1655670915004333883 5400218
1655670915209611280 4828294
1655670915413888526 3808024
1655670915617675513 3371298
1655670915822639046 4295239
1655670916027675679 4711745
1655670916232450560 4052547
1655670916436788638 3943338
1655670916640813211 3678730
1655670916845744754 4270506
1655670917050232622 3972827
1655670917254560364 3976661
1655670917458865961 3827508
1655670917663741647 4409735
1655670917868692620 4500781
1655670918075379144 6394076
1655670918280409137 4453912
1655670918485244983 4496654
1655670918690716789 4906450
1655670918895831717 4717935
1655670919099860989 3697504
1655670919304706742 4265654
1655670919510618246 5624253
1655670919714694356 3741535
1655670919919951166 4893783
1655670920124279102 3929310
1655670920329780041 5021224
1655670920534326918 3345016
1655670920738360628 3531048
1655670920943205774 4211644
1655670921147657128 3947917
1655670921352516113 4515862
1655670921556594457 3171442
1655670921760394691 3407068
1655670921964555735 3558856
1655670922168826186 3842694
1655670922373413606 3430170
1655670922577723657 3749679
1655670922783266356 4999306
