1655693983686042102 74719864
1655693983890648674 4261702
1655693984170624547 79660179
1655693984391750198 18809926
1655693984679926271 79626068
1655693984895957827 9122353
1655693986354194427 1082232220
1655693986576821894 6884930
1655693986783164372 5223606
1655693986988771391 5007242
1655693987195133310 4742092
1655693987401990620 6243333
1655693987607835562 5526526
1655693987812689544 4170441
1655693988019663201 6217366
1655693988226350592 6353288
1655693988434445194 7107974
1655693988641604066 6634788
1655693988848768272 6831025
1655693989056042894 6234071
1655693989263269595 6901761
1655693989470500716 6747522
1655693989688307501 15358556
1655693989892322251 3327210
1655693990096732067 3757591
1655693990300987069 3299269
1655693990505201329 3543387
1655693990708978612 3268025
1655693990913411910 3646123
1655693991117412206 3483722
1655693991321339085 3585976
1655693991525444065 3779197
1655693991729813132 4016985
1655693991933752237 3470649
1655693992139375797 4547404
1655693992344319172 4465263
1655693992549103523 3854091
1655693992753556467 3611195
1655693992958092293 4138620
1655693993163076026 3883707
1655693993367816720 3860591
1655693993572295435 3627855
1655693993777551184 4268647
1655693993982037444 3577827
1655693994187038564 4107516
1655693994394134090 5561319
1655693994601703064 6962567
1655693994810625738 7821495
1655693995019469351 7833114
1655693995229099565 6179103
1655693995436095147 6256073
1655693995644169015 6160038
1655693995850586632 5437325
1655693996058760159 7125971
1655693996267075752 7855487
1655693996475324807 6739471
1655693996683125146 7499269
1655693996892252973 8647937
1655693997099764150 7053239
1655693997311997613 11063422
1655693997522918916 7653182
1655693997738999963 13643916
1655693997952171493 10986269
1655693998159478333 6543046
1655693998373227347 13432607
1655693998583667965 5938050
1655693998791265322 6649355
1655693998999843106 8208850
1655693999207381320 7210460
1655693999414146367 5204821
1655693999618343465 3902960
1655693999825592674 4036523
1655694000030850978 4919701
1655694000237250295 5941184
1655694000444473530 6718384
1655694000653020619 8185762
1655694000859683938 5633650
1655694001068639428 7858845
1655694001285596537 6323860
1655694001489291875 3360951
1655694001701242922 10279894
1655694001905328610 3402731
1655694002109130716 3162008
1655694002312603288 3144703
1655694002516560178 3383288
1655694002719785425 2929091
1655694002923241792 3032555
1655694003126656019 2956999
1655694003329825573 2900351
1655694003533004889 2832382
1655694003736218628 2783278
1655694003939929466 3291561
1655694004146313256 5200141
1655694004351327178 4383426
1655694004558093679 6402892
1655694004766515985 7019453
1655694004974231926 7302911
1655694005179636554 4669084
1655694005387903536 7236911
1655694005595078790 6212948
1655694005802072455 6084505
1655694006011420189 9037389
1655694006219842486 7908167
1655694006424795992 4192319
1655694006632653797 6801051
1655694006841292906 7812902
1655694007049825880 7002072
1655694007272130323 20682378
1655694007479221025 6277745
1655694007689943861 9774724
1655694007897142549 6188180
1655694008104814925 7365053
1655694008312017667 6078675
1655694008522644518 9622666
1655694008727258237 3468210
1655694008930850151 3267447
1655694009134801697 3419062
1655694009339172354 4133916
1655694009543636461 4108652
1655694009747481760 3015174
1655694009951658797 3736574
1655694010156452529 4003212
1655694010360391874 3438465
1655694010564413752 3590297
1655694010768360873 3364152
1655694010972402865 3573059
1655694011176117479 3184789
1655694011380218660 3754922
1655694011584249721 3670037
1655694011788416575 3582192
1655694011992449982 3478914
1655694012196595330 3628678
1655694012403219616 5786436
1655694012608020215 4472941
1655694012813302662 4104996
1655694013017627562 3945613
1655694013229162007 11217581
1655694013435246120 5792125
1655694013640542813 4336935
1655694013845520599 3969474
1655694014050845865 4352043
1655694014256212112 4735644
1655694014461351436 4821977
1655694014665795481 4109361
1655694014875662743 8926358
1655694015081280966 4344062
1655694015286227340 4584815
1655694015492037311 5317787
1655694015703529215 10592046
1655694015911564527 4738277
1655694016120578500 5724393
1655694016326551568 5006998
1655694016532089662 4492669
1655694016735687450 3263077
1655694016939791296 3396826
1655694017143345336 3391638
1655694017348200578 3828314
1655694017552323135 3426814
1655694017756663923 3391428
1655694017961269347 3593786
1655694018165448178 3806652
1655694018369507932 3648695
1655694018574909741 4953969
1655694018778859918 3634844
1655694018983620970 4438881
1655694019188405593 3833924
1655694019391845770 3131337
1655694019595716943 3545538
1655694019799636699 3424549
1655694020006960236 7021198
1655694020211229156 3750483
1655694020415347744 3666542
1655694020620159728 4364089
1655694020824489958 3740957
1655694021028480824 3535405
1655694021232526093 3603354
1655694021436330579 3392379
1655694021643133777 6346625
1655694021851828126 8138141
1655694022062280470 10105823
1655694022272851367 7918580
1655694022484572431 10300622
1655694022697675078 12778078
1655694022910274008 9363518
1655694023124187306 11370079
1655694023331393650 6625796
1655694023535574818 3756900
1655694023738820994 2919380
1655694023942395022 3214550
1655694024146199281 2993858
1655694024349994223 2979969
1655694024553449600 3138390
1655694024757308249 3108650
1655694024961038176 2858688
1655694025164436644 3059118
1655694025367896920 3145087
1655694025571384066 3176578
1655694025774764880 2960716
1655694025978183355 2938199
1655694026181930711 3252156
1655694026386332618 3514737
1655694026590416242 3444602
1655694026799147113 7203602
1655694027004003568 4545428
1655694027210102921 5283253
1655694027415021416 4474089
1655694027619525539 4180111
1655694027823041659 3097731
1655694028027630633 3850796
1655694028233729869 5793209
1655694028442542057 8087508
1655694028649533433 4597885
1655694028857828767 6517955
1655694029065503163 5611674
1655694029275635102 8449976
1655694029482729331 4786713
1655694029688087587 4656198
1655694029891313171 2903534
1655694030094687764 2899819
1655694030298005368 3062533
1655694030502135300 3210292
1655694030705540999 2934785
1655694030909427679 3566814
1655694031113258278 3436587
1655694031317475342 3359126
1655694031521141768 3176578
1655694031725282567 3477690
1655694031929487408 3748190
1655694032133306161 3369737
1655694032337648153 3675718
1655694032541188911 3243838
1655694032745331765 3596825
1655694032954042350 7233282
1655694033159253975 4749681
1655694033363597013 3670651
1655694033568016135 3760621
1655694033771961320 3277594
1655694033975681157 3424449
1655694034180699592 3989594
1655694034384006406 3074316
1655694034587335197 3012566
1655694034790459485 2808345
1655694034994485511 3622490
1655694035204760397 9127750
1655694035412715096 6402359
1655694035619544925 5103898
1655694035827843058 7072398
1655694036036400823 7651372
1655694036246742991 9434224
1655694036451658752 4266744
1655694036656896979 4954329
1655694036863939622 6742732
1655694037073754252 9521904
1655694037281233191 6424536
1655694037488732714 7145718
1655694037700776458 11740325
1655694037911546657 9851253
1655694038121858924 9218114
1655694038333377068 9794712
1655694038568068498 33114945
1655694038774479514 5393110
1655694038980695725 5429401
1655694039196130506 9830365
1655694039401598048 5130076
1655694039607556406 4572988
1655694039813145606 4663434
1655694040026316351 12683215
1655694040231084241 4150371
1655694040435568400 4165716
1655694040639694863 3769591
1655694040843248842 3206814
1655694041046658966 2994532
1655694041251851626 4735676
1655694041456154899 3919155
1655694041660479557 3861395
1655694041864554304 3747935
1655694042068501137 3456647
1655694042273970908 5026284
1655694042477560713 3187666
1655694042681682514 3726082
1655694042886135482 3689114
1655694043090563411 3579907
1655694043294543457 3636553
1655694043498834501 3893378
1655694043702087531 3128142
1655694043905244226 2829920
1655694044108662358 3113932
1655694044312446215 3273641
1655694044517082782 4190568
1655694044721668406 3746737
1655694044925709033 3765978
1655694045130262719 4320301
1655694045335111684 4480961
1655694045539580528 3311953
1655694045743289852 3364325
1655694045947258723 3548864
1655694046151523678 3837642
1655694046355108898 3182104
1655694046559138687 3723940
1655694046769566880 9786552
1655694046973572569 3681092
1655694047177735889 3772951
1655694047381736744 3422459
1655694047585578681 3107927
1655694047789515584 3139313
1655694047993222008 3003295
1655694048198558780 4626287
1655694049456474754 1055560388
1655694049664653391 7844621
1655694049870030751 4052747
1655694050075280234 4036879
1655694050280004281 4043758
1655694050486678240 5716780
1655694050691898857 4646262
1655694050896255243 3950424
1655694051101667701 4713685
1655694051306432617 4037630
1655694051511708202 4856333
1655694051716266855 3900144
1655694051922451181 5322380
1655694052129236633 6279150
1655694052333929617 3750676
1655694052537190739 2966695
1655694052740506006 2898911
1655694052943587951 2656806
1655694053147493023 3514005
1655694053353980031 5163411
1655694053559275373 4987880
1655694053765571526 4786390
1655694053972108329 6195391
1655694054180726624 7335903
1655694054387137077 6179130
1655694054593382661 4983407
1655694054799106040 4060129
1655694055004552647 4996933
1655694055209352715 4405861
1655694055413667413 3881430
1655694055617319341 3377197
1655694055821736045 3902290
1655694056026048870 3728939
1655694056230283496 3459626
1655694056435732612 5058091
1655694056641072368 4828784
1655694056848422090 6648010
1655694057052919525 3989795
1655694057262110680 6273535
1655694057467041414 4078136
1655694057671225787 3719763
1655694057876087386 3972814
1655694058081757759 4646987
1655694058286982020 4271043
1655694058491562968 4160887
1655694058702082196 10154645
1655694058907501418 4112743
1655694059114436082 6183762
1655694059321384256 5768546
1655694059526193618 3882491
1655694059731205816 3180112
1655694059937084552 5186261
1655694060153085289 12865187
1655694060358226804 3262945
1655694060561578103 3038493
1655694060765057142 3106877
1655694060969297007 3215674
1655694061174355782 3577467
1655694061378346165 3162025
1655694061582092524 3166400
1655694061785709021 3157722
1655694061989455078 3489674
1655694062193295450 3349412
1655694062397219522 3579204
1655694062600918986 3410159
1655694062806066072 4644568
1655694063010558261 4000935
1655694063217765083 6812191
1655694063424935646 4707655
1655694063629692594 4142893
1655694063835097763 4857502
1655694064039991032 4479756
1655694064244990223 4496137
1655694064450966704 4997215
1655694064655400605 3444664
1655694064870249371 13625158
1655694065082371110 9269107
1655694065289613057 4692990
1655694065494468149 4530777
1655694065710035943 11093728
1655694065919922800 9428841
1655694066130776764 10356296
1655694066341846063 10299443
1655694066545359837 3093795
1655694066749195237 3697944
1655694066953493348 3831672
1655694067156661196 2860614
1655694067359803371 2860317
1655694067563142754 2945254
1655694067773545219 5866519
1655694067984184142 8340982
1655694068197661919 11183182
1655694068410635514 10666067
1655694068620708147 9273179
1655694068833591728 12196958
1655694069042591150 8661764
1655694069251553573 8595885
1655694069456700635 4712060
1655694069662770734 4655062
1655694069867648169 4712761
1655694070076117395 5786309
1655694070282634906 6177493
1655694070487239551 4231337
1655694070691594060 4041382
1655694070895300286 3316643
1655694071099695177 4085970
1655694071303429554 3314014
1655694071506688585 2846859
1655694071710075866 3121048
1655694071914778926 4360798
1655694072123544325 8103020
1655694072345668110 11722502
1655694072549204242 3262048
1655694072753423163 3721882
1655694072957470244 3258464
1655694073161577920 3402068
1655694073369319098 7412726
1655694073573245135 3298293
