1655694290375577820 198457434
1655694290585182223 4502429
1655694290789948822 4038636
1655694291070757981 80494896
1655694291279723788 7740039
1655694291580029067 99575703
1655694291795223799 10289955
1655694292078097988 7155318
1655694292285164652 6752733
1655694292492700386 4890038
1655694292699100943 5303353
1655694292906729329 6758680
1655694293116472104 9369335
1655694293370162775 53339275
1655694293577427701 4582319
1655694293785121937 6041597
1655694293992486040 4723007
1655694294197755623 4355896
1655694294402572178 4052468
1655694294607284684 4343758
1655694294812402278 4200160
1655694295017718832 4800919
1655694295222528712 3149083
1655694295426619617 3111398
1655694295630118791 2862559
1655694295834427997 3640632
1655694296039912415 3952936
1655694296246604641 5660317
1655694296457256414 7692586
1655694296671250695 12457944
1655694296881772254 8823453
1655694297095991858 13860999
1655694298351810210 1054187797
1655694298556924738 4509861
1655694298762297669 4745420
1655694298968552235 5803705
1655694299173851107 4940418
1655694299380181497 5753404
1655694299585429831 4927079
1655694299791071859 4672544
1655694299997059445 5225508
1655694300202045645 4234012
1655694300407191270 3811841
1655694300612257743 3848637
1655694300819674049 5831484
1655694301026299617 5550542
1655694301231774244 4342934
1655694301437624116 5507502
1655694301645304877 3353182
1655694301853700953 6260033
1655694302064193046 8353303
1655694302283358086 11171056
1655694302492133820 7197661
1655694302701558457 5552070
1655694302910862809 5924832
1655694303119515772 7882276
1655694303329064260 8459122
1655694303537193410 6586063
1655694303743280723 4529685
1655694303948463393 4603669
1655694304153481353 4166966
1655694304359846196 5903285
1655694304565799600 5618972
1655694304771926152 5815671
1655694304980056830 7083293
1655694305185098745 3892283
1655694305393219038 6654753
1655694305600548003 6923216
1655694305806681983 5257021
1655694306013498999 5787021
1655694306219258379 4705837
1655694306425408529 5039948
1655694306631115100 4596965
1655694306835724913 3985612
1655694307040811916 4247111
1655694307244918732 3687645
1655694307480707470 35143544
1655694307691051235 7319400
1655694307897236350 5276885
1655694308106176982 7466027
1655694308313719416 5404105
1655694308519400543 4469491
1655694308724760854 4192936
1655694308930860564 5648337
1655694309136378482 4671072
1655694309342004958 4931758
1655694309548719536 6111774
1655694309753258389 4298338
1655694309958772377 5170707
1655694310171287503 11508340
1655694310376842789 4493174
1655694310582025509 4243612
1655694310786453145 4123907
1655694310990172617 3254779
1655694311194218621 3366516
1655694311399587133 4653348
1655694311607308812 7348993
1655694311813502009 3608190
1655694312017417321 3570016
1655694312221347219 3378656
1655694312425777453 3842156
1655694312629377696 3265163
1655694312834158995 3921066
1655694313038973716 4229257
1655694313275823719 6138326
1655694313482962016 6509450
1655694313692206025 8872842
1655694313902171687 4791442
1655694314108477300 5515320
1655694314314627624 5681824
1655694314519686327 4210380
1655694314725235599 4306874
1655694314931515938 5322945
1655694315137933591 5237891
1655694315369851036 30948435
1655694315577293434 6818443
1655694315783450724 5628278
1655694315989436993 5530538
1655694316194764776 5167667
1655694316400160240 4623463
1655694316604321397 3835429
1655694316810948639 5849557
1655694317017218368 5896608
1655694317225016824 7068245
1655694317433243419 5236478
1655694317639032778 5054343
1655694317857287966 15315136
1655694318064491988 6760248
1655694318271858695 5357441
1655694318476506182 4080723
1655694318681702462 4734048
1655694318887360208 5430642
1655694319092493113 4824256
1655694319297815698 4984144
1655694319505252038 7318173
1655694319710248470 4642039
1655694319914316946 3687136
1655694320118178007 3472138
1655694320321979870 3438101
1655694320525713010 3408192
1655694320729457702 3406306
1655694320933826896 3891928
1655694321137482409 3332306
1655694321341737807 3519656
1655694321545157655 3225800
1655694321748782419 3142997
1655694321953494404 4261446
1655694322160406174 6470634
1655694322365694403 4989075
1655694322575400064 8567765
1655694322783920871 6298871
1655694322993562370 9340017
1655694323202498701 8029940
1655694323418958553 7642462
1655694323627965044 7471596
1655694323838600072 6114297
1655694324045678175 5932129
1655694324253367250 7149097
1655694324459732325 5131063
1655694324668525015 8214198
1655694324876132434 6911010
1655694325087697153 10309113
1655694325299071256 11082723
1655694325507959496 6209331
1655694325714115126 4312749
1655694325921162344 5795953
1655694326129442598 6644053
1655694326337978777 8223341
1655694326541545530 3007540
1655694326744960628 3011682
1655694326948651314 3401108
1655694327155594293 6105177
1655694327369542066 10011468
1655694327577698407 7845129
1655694327783946482 4566668
1655694327987589064 3335885
1655694328191408715 3332105
1655694328395065178 3321908
1655694328598560034 3183920
1655694328802404660 3473268
1655694329006223191 3413005
1655694329209997514 3075339
1655694329413617618 2952114
1655694329617093886 2871451
1655694329873816876 55889617
1655694330083710278 8591885
1655694330290513392 5495206
1655694330497320025 6003347
1655694330703715068 5757316
1655694330909985646 5672258
1655694331116397470 5287634
1655694331322592297 5422885
1655694331529225824 5467639
1655694331786254575 53950891
1655694331994568311 6807843
1655694332200838417 5328397
1655694332406671017 5101995
1655694332610679171 3406624
1655694332818240943 4774273
1655694333023412909 4842281
1655694333232728605 8589150
1655694333438210741 4783464
1655694333643658753 4706511
1655694333849661146 4218692
1655694334070077286 19733766
1655694334274197768 3658226
1655694334479223971 4531871
1655694334683827964 4141620
1655694334889346541 4527837
1655694335095386753 5431049
1655694336367770663 1070998922
1655694336572152964 3949244
1655694336780676060 8220604
1655694336988551042 5869250
1655694337193836802 4914950
1655694337399333096 4937230
1655694337609262902 7322701
1655694337823465254 8225108
1655694338036295926 8364895
1655694339248434553 1007482288
1655694339452084825 3222757
1655694339655935670 3545759
1655694339862932650 5731751
1655694340070377985 5941561
1655694340276043503 5064430
1655694340482524290 5209245
1655694340689290852 6401503
1655694340895104928 5418115
1655694341101302755 5885773
1655694341307681906 4007392
1655694341513919870 4422185
1655694341719050639 4280045
1655694341928520941 4727531
1655694342133520507 3268698
1655694342338380054 3434688
1655694342542520702 3576394
1655694342768139807 25223240
1655694342973615379 4628131
1655694343182850592 8263355
1655694343389938079 3232637
1655694343593778047 3528644
1655694343797712168 3603316
1655694344001615416 3581882
1655694344205171128 3245560
1655694344409548502 3577272
1655694344613229414 3274020
1655694344817633326 4074805
1655694345022376885 4419876
1655694345227285396 4601821
1655694345433381469 5181955
1655694345638695298 4753788
1655694345843288218 3906355
1655694346073083057 28914723
1655694346277761491 3798092
1655694346484007150 4376239
1655694346688782578 3629048
1655694346894021509 4280192
1655694347100291171 4303329
1655694347307198628 4487226
1655694347514155665 5207397
1655694347720778711 6136491
1655694347929061166 5115704
1655694348134791841 4606958
1655694348342436758 6151635
1655694348549724610 6774874
1655694348774000112 6315013
1655694348982224968 6829070
1655694349191183915 8493118
1655694349398376020 6574419
1655694349614850652 15160845
1655694349824246762 7260041
1655694350033778250 6608413
1655694350239612157 5401722
1655694350448300513 6363553
1655694350655471731 6134376
1655694350860745622 4925732
1655694351067202309 4939508
1655694351271578833 3852522
1655694351475954432 3831781
1655694351680755629 4076661
1655694351885918731 4954444
1655694352090157132 3903848
1655694352295286725 4809277
1655694352501405852 5563094
1655694352712402177 7481467
1655694352920117783 7209292
1655694353130663463 7451147
1655694353340374368 5997495
1655694353546739825 5553372
1655694353753228966 6159976
1655694353959684237 6088032
1655694354165698261 4866165
1655694354371480234 4956856
1655694354577482284 5405106
1655694354783807650 5362020
1655694354989270562 4470944
1655694355196716168 6738113
1655694355404361277 6380352
1655694355609421112 4708223
1655694355813697658 3239644
1655694356017477336 3269498
1655694356220863311 3079647
1655694356424898153 3674660
1655694356628271213 3058377
1655694356831793764 2992784
1655694357035630245 3383621
1655694357239857415 3912715
1655694357443310973 3122181
1655694357646962554 3025031
1655694357850568001 3178726
1655694358053965530 3101758
1655694358257311436 3055111
1655694358460722984 3009652
1655694358665195320 3921000
1655694358872562295 7069224
1655694359083427060 10408639
1655694359290097375 5716790
1655694359496469264 4803376
1655694359704167654 6675886
1655694359912243185 6302747
1655694360117520389 4561838
1655694360326670677 7928021
1655694360535172371 6342020
1655694360743261502 5269472
1655694360949140509 5333541
1655694361159059750 8947506
1655694361368751847 6898358
1655694361574263968 4319688
1655694361781005733 4095438
1655694361987837108 5891259
1655694362194511689 5450719
1655694362401480227 6380256
1655694362608338150 5834630
1655694362814830930 5456928
1655694363024645709 7935279
1655694363241239973 16298955
1655694363447388417 5431485
1655694363653520154 5808357
1655694363858047108 4104218
1655694364061919461 3381944
1655694364265735102 3400880
1655694364469690892 3488986
1655694364673577056 3358431
1655694364877502336 3559985
1655694365081045935 3221563
1655694365285248785 3245692
1655694365489036073 3250962
1655694365694527025 4940499
1655694365900166820 4257490
1655694366106523980 4469764
1655694366314104732 6076953
1655694366522090843 4542114
1655694366728918825 5294261
1655694366935815063 6085485
1655694367141710304 4675929
1655694367349052451 6342195
1655694367554845520 4907622
1655694367760642874 5449560
1655694367965286295 4330208
1655694368170179015 4560281
1655694368376112207 5200572
1655694368581252072 4770231
1655694368787234918 5507888
1655694368992153115 4203535
1655694369196749873 3973967
1655694369401491584 3769340
1655694369606472175 3803329
1655694369811357740 4407294
1655694370016336923 3255406
1655694370220208239 3461590
1655694370424577176 3924196
1655694370629651304 3246809
1655694370838619861 8409583
1655694371076222588 35280935
1655694371286543408 8321623
1655694371493975718 7121013
1655694371704656806 8723120
1655694371926521388 21566532
1655694372132485148 4741614
1655694372349561591 15747472
1655694372553553979 3610733
1655694372758609252 4523339
1655694372965385923 4448938
1655694373174773386 8564604
1655694373389687558 8260403
1655694373595316633 5366649
1655694373801299083 5500319
1655694374006566472 4853186
1655694374211567842 4647280
1655694374420295304 8373423
1655694374625544411 4931970
1655694374832564299 3626004
1655694375037748192 3812924
1655694375243401541 4631943
1655694375450101206 6329903
1655694375655095974 4163613
1655694375859991024 3987049
1655694376067516884 6556695
1655694376270976015 3309942
1655694376474683904 3410165
1655694376679068794 3850580
1655694376885202477 5533812
1655694377090052394 4520866
1655694377293471869 3086950
1655694377497463216 3548870
1655694377702383670 4070081
1655694377906987698 3902820
1655694378114448581 5522890
1655694378319274798 3617573
1655694378523544000 3646534
1655694378727526518 3567128
1655694378931755426 3796201
1655694379136585449 4632551
1655694379340692132 3738575
1655694379544515224 3234248
1655694379748031469 3071820
1655694379953103940 3782160
1655694380159066514 4956276
