1655671601096602580 211415418
1655671601320107899 23172705
1655671601526242661 5305747
1655671601774700328 48172296
1655671601981342001 6331416
1655671602185648499 3941718
1655671602389730067 3212225
1655671602593668497 3420611
1655671602798571378 3875957
1655671603003647556 4152578
1655671603209667049 5153280
1655671603413685160 3697573
1655671603617298253 3284406
1655671603821192931 3545022
1655671604024956192 3362564
1655671604229065336 3609877
1655671604432652377 3253141
1655671604636354083 3414656
1655671604840091478 3380367
1655671605043763379 3349692
1655671605247638843 3509261
1655671605451476474 3391482
1655671605655491347 3523554
1655671605859490611 3538925
1655671606063642906 3656208
1655671606267389861 3385574
1655671606471109750 3436283
1655671606674602219 3170142
1655671606878303367 3363224
1655671607082232812 3393507
1655671607286076783 3347321
1655671607490129499 3608377
1655671607696691898 5681372
1655671607900405115 3395459
1655671608104208511 3441644
1655671608308429233 3541368
1655671608512160539 3368854
1655671608716145604 3505341
1655671608919916870 3448045
1655671609123614420 3366822
1655671609327050316 3120690
1655671609530513652 3066047
1655671609733800863 2878827
1655671609941942263 6594487
1655671610147283303 4116161
1655671610351824962 4098150
1655671610556362579 4182403
1655671610761177813 4509009
1655671610968067762 6508912
1655671611173583544 4632511
1655671611377766667 3480791
1655671611581677728 3314783
1655671611785272231 3331015
1655671611990051536 3659324
1655671612195610083 4948331
1655671612401729046 4796619
1655671612607649084 4692998
1655671612811213601 3272029
1655671613014819716 3309513
1655671613234778236 19588646
1655671613442699329 5902388
1655671613650855169 7173479
1655671613857728922 5789372
1655671614064080613 3726938
1655671614268542010 4139088
1655671614477021686 7856648
1655671614681833469 4308108
1655671614886076685 3510642
1655671615090070833 3179618
1655671615294366286 3325886
1655671615498617913 3546447
1655671615702677905 3460891
1655671615906454349 3518030
1655671616110179061 3369223
1655671616314417302 3706831
1655671616518368621 3393654
1655671616722680955 3726117
1655671616926446122 3265333
1655671617130241615 3462996
1655671617334280571 3576407
1655671617539001384 3608936
1655671617744222369 4495668
1655671617950352381 4366767
1655671618155259983 3820665
1655671618359253523 3324791
1655671618564586957 4583598
1655671618768665214 3687428
1655671618973163909 4224748
1655671619177438823 3693787
1655671619381444722 3469862
1655671619585486560 3557613
1655671619789940237 3479482
1655671619993967140 3343707
1655671620198036234 3340239
1655671620401495392 3127235
1655671620604991839 3076110
1655671620808766963 3340460
1655671621012644787 3706448
1655671621219834443 6181506
1655671621425833014 5659648
1655671621631672954 4903524
1655671621841384386 7958010
1655671622049299105 5333082
1655671622255484064 5064901
1655671622459484851 3551144
1655671622663163820 3225332
1655671622866823152 3166516
1655671623072295835 5051130
1655671623276030560 3412095
1655671623479661902 3300352
1655671623683230323 3222868
1655671623887284127 3547048
1655671624091156013 3461929
1655671624294567602 3098155
1655671624498454471 3360790
1655671624702200832 3416444
1655671624905646039 3113565
1655671625109068598 3074350
1655671625312590583 3211070
1655671625515787122 2874900
1655671625722327814 4198357
1655671625926448070 3738383
1655671626130682508 3774051
1655671626340028418 9078413
1655671626544119033 3190087
1655671626748080886 3130917
1655671626951982840 3467059
1655671627156140315 3765695
1655671627360114076 3495213
1655671627563739313 3162081
1655671627768724146 4505403
1655671627980896756 11106678
1655671628190074862 7133464
1655671628393686924 3096635
1655671628597649978 2971902
1655671628802752992 4536815
1655671629007372923 4419399
1655671629213805255 6132657
1655671629420755107 6734878
1655671629628260101 5467798
1655671629836361679 5594656
1655671630040673798 3874364
1655671630244298513 3351143
1655671630449406501 4059398
1655671630653663963 3838217
1655671630857169633 3222181
1655671631060783332 3200942
1655671631264786368 3530755
1655671631472671719 6768289
1655671631676982434 4033864
1655671631880865223 3584863
1655671632084585039 3352792
1655671632288218431 3282698
1655671632492400167 3747252
1655671632697040333 4059827
1655671632901118735 3288281
1655671633105263146 3648947
1655671633309093836 3404296
1655671633512772140 3214191
1655671633727320074 13680745
1655671633931925800 3919339
1655671634136643917 4372874
1655671634341301662 4350005
1655671634546360632 4396383
1655671634751272008 4569324
1655671634956366022 4389659
1655671635161484547 4182022
1655671635366567389 4358247
1655671635571468262 3886748
1655671635777236416 5318756
1655671635982376858 4914917
1655671636187519529 4545009
1655671636392969721 4396873
1655671636598079335 4097477
1655671636804187342 5214999
1655671637009857954 4801668
1655671637213635212 2997728
1655671637418208333 4263686
1655671637622299116 3637632
1655671637827002144 3834468
1655671638031542550 3430833
1655671638236648736 4002951
1655671638444243094 6712627
1655671638648956914 4007970
1655671638857947154 8614556
1655671639064060458 5570697
1655671639270937831 6312583
1655671639478383239 6382503
1655671639687190431 5482632
1655671639897184257 9254664
1655671640106162476 8536268
1655671640315562092 8479390
1655671640523620380 5756305
1655671640731419912 7473934
1655671640938082690 5242347
1655671641144007765 5043416
1655671641351847579 5680132
1655671641558519965 4575732
1655671641765166190 3875854
1655671641971637448 5212804
1655671642180804974 5841155
1655671642392724385 5781102
1655671642601604759 6608639
1655671642809371816 7422959
1655671643016276551 6548564
1655671643232328144 15619588
1655671643438046030 4437678
1655671643642982819 4445452
1655671643847849336 3488431
1655671644052744646 3769073
1655671644257599396 3737731
1655671644463187665 4232520
1655671644673767464 9799883
1655671644882164878 4906871
1655671645088625311 6020560
1655671645296636328 7672812
1655671645503965927 6597702
1655671645710984776 4049889
1655671645915229830 3677576
1655671646120380988 4218037
1655671646324856419 3890058
1655671646529464264 3848169
1655671646734253909 4311525
1655671646939023752 4457394
1655671647144226214 4886510
1655671647349657431 4395629
1655671647554281794 4201530
1655671647759509753 4929400
1655671647964517113 4578249
1655671648169496335 4673711
1655671648374679606 4169651
1655671648579425479 4439933
1655671648785802824 5967447
1655671648990650288 4599085
1655671649195576554 4608555
1655671649400473970 4508345
1655671649605452960 4085462
1655671649810135614 4160750
1655671650015292320 4310205
1655671650224243245 5871603
1655671650430374040 5821133
1655671650635986349 5053059
1655671650842435089 5612624
1655671651048289565 5464157
1655671651254729214 5675866
1655671651460380828 5339965
1655671651666127344 5428996
1655671651871150850 4624839
1655671652075294537 3832402
1655671652279002844 3096633
1655671652482559580 2949890
1655671652686331549 3355972
1655671652894677540 6767976
1655671653111468517 12524216
1655671653322853232 9904943
1655671653534182619 7277701
1655671653744966955 7756048
1655671653956944112 9489801
1655671654165970906 7629210
1655671654374235122 7211529
1655671654579914950 4982376
1655671654783539455 3330737
1655671654986777963 2830490
1655671655190062221 2843328
1655671655393600345 2913816
1655671655596860990 2947712
1655671655800348877 3158837
1655671656003846782 3090643
1655671656207482115 3194741
1655671656411085633 2905740
1655671656614814261 3250108
1655671656819791320 4844503
1655671657025499057 3671684
1655671657229302032 3460067
1655671657434737728 3894450
1655671657641709232 6177421
1655671657851090373 8906953
1655671658059513085 7938678
1655671658266566184 6611686
1655671658488738621 21812903
1655671658695710727 6748609
1655671658912787470 16846590
1655671659116618975 3528595
1655671659320501402 3556154
1655671659524214983 3379876
1655671659727792487 3267662
1655671659931347476 3412787
1655671660134794182 2992012
1655671660338549077 3316805
1655671660542066588 3041384
1655671660745333868 2835132
1655671660948331539 2681799
1655671661151327925 2705782
1655671661354289828 2636299
1655671661557531451 2577282
1655671661761533101 3690155
1655671661966627494 4677323
1655671662171704415 4665147
1655671662379168691 7228179
1655671662587573247 7745860
1655671662796152946 7196116
1655671663007751823 11252823
1655671663237299230 26842541
1655671663447707265 6740369
1655671663659367112 9135283
1655671663870639107 9343506
1655671664081511834 8510977
1655671664289954702 7804917
1655671664497672015 7315991
1655671664709146461 10189848
1655671664921274325 11821407
1655671665130528009 7183518
1655671665340321609 9042696
1655671665551210979 10293988
1655671665759758344 8147538
1655671665967701725 7499298
1655671666172486747 4538511
1655671666379316123 5740408
1655671666584303332 4084594
1655671666789541042 4597801
1655671666994713121 4763362
1655671667201720395 5908732
1655671667407577530 5521132
1655671667618419954 7784198
1655671667825399294 5486189
1655671668033565315 6950843
1655671668241681875 7063697
1655671668448468324 6536695
1655671668654735582 5872961
1655671668861794248 6466052
1655671669073925827 9155560
1655671669283554874 8746026
1655671669487479664 3502722
1655671669691682271 3883253
1655671669895452068 3405095
1655671670100489597 4718084
1655671670308066259 4107508
1655671670511987576 3132178
1655671670715391736 3113437
1655671670919543925 3138693
1655671671122827999 2898594
1655671671326209547 2922742
1655671671529503321 2881968
1655671671732913618 2984751
1655671671936585807 3361987
1655671672139719345 2811016
1655671672343083069 2833021
1655671672546817436 3301183
1655671672750226449 2856749
1655671672953520809 2872121
1655671673156673888 2749166
1655671673359642513 2705956
1655671673563119662 3160422
1655671673767039188 3472022
1655671673971401980 3953995
1655671674176246777 4441673
1655671674381450582 4321341
1655671674585692096 3894540
1655671674790620425 4671056
1655671674995475010 4014998
1655671675200134584 4351549
1655671675405136820 4162793
1655671675609216203 3755979
1655671675813663548 3902143
1655671676018507341 4303099
1655671676223269806 4315099
1655671676428267686 4299205
1655671676632970305 4286107
1655671676837472949 4059885
1655671677043199618 5381399
1655671677251489600 6694761
1655671677455313043 3119615
1655671677658976099 3362461
1655671677862306771 2947772
1655671678066279763 3049011
1655671678270252514 3495543
1655671678473785898 3044575
1655671678677125805 2884916
1655671678881055133 3099290
1655671679085662963 3883486
1655671679290716620 4128551
1655671679495276076 3892962
1655671679703131495 5095383
1655671679908042041 3299754
1655671680113466262 3713721
1655671680317521140 3559429
1655671680523825005 4821350
1655671680731252935 4712248
1655671680939437016 7176194
1655671681147579099 6366043
1655671681355067569 6375076
1655671681562450578 6499252
1655671681767471749 4679605
1655671681977963159 6968380
1655671682190863328 12588903
1655671682398315089 4482965
1655671682605252585 6291631
1655671682811523077 5070363
1655671683017368491 4011984
1655671683239116904 18083425
1655671683447504400 7098975
1655671683655016046 6180531
1655671683866122670 10379096
1655671684080728335 12753826
1655671684285601214 4478500
1655671684491863202 4812085
1655671684699127811 6384001
1655671684904619167 5194238
1655671685110477149 5185086
1655671685315704732 4849254
1655671685518622194 2688046
1655671685722572063 3577610
1655671685925687705 2752348
1655671686129079030 3133729
1655671686348117913 18694921
1655671686553064661 4702269
1655671686758818976 4974957
1655671686971681348 11900620
1655671687178968081 6016464
1655671687385642331 5733985
1655671687591820726 5727691
1655671687799377546 7239688
1655671688007275869 7571433
1655671688214130751 6518316
1655671688420476648 6051599
1655671688627537396 6744349
1655671688835478395 7351347
1655671689042683549 6868328
1655671689250559323 7104801
1655671689457561460 6596312
1655671689665339730 7357158
1655671689873995592 8016317
1655671690081102010 6163630
1655671690288449229 6178309
1655671690495219431 6367994
1655671690700610524 4810552
