1655670220876578847 84074159
1655670221081522277 4027275
1655670221285566284 3725740
1655670221489525133 3501859
1655670221694536708 4423846
1655670221898631355 3333661
1655670222102435860 3434587
1655670222306153994 3363894
1655670222510072145 3546127
1655670222713948439 3397706
1655670222918036378 3739508
1655670223122576607 4081170
1655670223327326764 3777802
1655670223531469691 3634350
1655670223736042066 3768067
1655670223944167387 4211858
1655670224147862170 3327122
1655670224351821841 3537328
1655670224555550857 3373888
1655670224759631085 3385168
1655670224963618194 3474920
1655670225167687557 3462266
1655670225371421708 3479428
1655670225575326240 3478098
1655670225779080935 3414822
1655670225982785433 3372068
1655670226186548497 3415424
1655670226390331919 3409005
1655670226594012054 3349710
1655670226797647104 3312604
1655670227001327762 3334272
1655670227205171106 3487116
1655670227408725914 3238488
1655670227613676786 4479435
1655670227817421965 3421828
1655670228021051337 3295357
1655670228224737863 3339379
1655670228428518042 3461156
1655670228632496022 3462136
1655670228837411603 4489694
1655670229041265258 3505386
1655670229244983170 3373482
1655670229448599846 3304909
1655670229652200557 3248564
1655670229855770253 3215926
1655670230059612471 3462944
1655670230263650158 3653901
1655670230467581713 3455849
1655670230677813094 8343482
1655670230881721017 3519831
1655670231085643410 3435276
1655670231289260626 3302214
1655670231492857355 3255504
1655670231697394474 4175551
1655670231901510756 3593628
1655670232105494377 3644582
1655670232309186874 3388798
1655670232512814910 3293810
1655670232716551838 3296454
1655670232920406638 3493008
1655670233125387419 4540006
1655670233329164849 3365094
1655670233532829578 3315266
1655670233736516705 3288191
1655670233940268004 3334051
1655670234144073742 3449637
1655670234347711413 3207894
1655670234551489084 3263190
1655670234755472813 3648249
1655670234959308779 3492705
1655670235163166901 3517785
1655670235366765141 3249050
1655670235570632067 3428831
1655670235774541722 3595517
1655670235978431567 3492854
1655670236182410465 3605250
1655670236386463184 3698712
1655670236590160304 3359111
1655670236794079469 3472632
1655670236998598555 4174551
1655670237203577360 4598834
1655670237407503672 3583471
1655670237611393028 3440474
1655670237815154268 3328474
1655670238019178399 3576488
1655670238222981985 3371648
1655670238426566044 3274418
1655670238630318683 3415595
1655670238834146615 3459321
1655670239037908635 3425372
1655670239241669695 3391977
1655670239445539656 3483672
1655670239649492172 3569854
1655670239853477569 3561142
1655670240058005096 3987619
1655670240261849126 3521362
1655670240465730084 3496338
1655670240669444467 3390312
1655670240873334534 3546379
1655670241077176983 3515064
1655670241281068271 3534429
1655670241484808337 3393218
1655670241689175701 3816885
1655670241893154629 3500197
1655670242097043697 3563984
1655670242300724865 3352739
1655670242504388690 3384115
1655670242708413287 3516606
1655670242912416856 3429879
1655670243116210541 3444272
1655670243320070705 3354203
1655670243524040549 3513899
1655670243727846155 3338443
1655670243931573415 3375128
1655670244135635978 3398610
1655670244339303694 3352104
1655670244543376250 3575038
1655670244747077889 3341595
1655670244950742663 3317074
1655670245154118151 3170465
1655670245358106753 3540143
1655670245561759067 3307771
1655670245765611756 3364491
1655670245969530414 3472929
1655670246173096035 3211145
1655670246376916798 3472460
1655670246580686728 3409941
1655670246784706853 3310126
1655670246988566955 3622689
1655670247192354652 3422252
1655670247396023710 3358435
1655670247599726682 3357149
1655670247803691975 3462775
1655670248007389128 3378852
1655670248211244957 3520287
1655670248415122756 3560024
1655670248619177259 3634993
1655670248822847265 3324813
1655670249027244008 3496881
1655670249231242005 3448108
1655670249434929392 3335002
1655670249638790375 3442072
1655670249842611175 3341454
1655670250046633787 3604696
1655670250250479357 3482525
1655670250454187890 3373613
1655670250658074736 3537831
1655670250862026435 3630625
1655670251066098174 3725840
1655670251269812930 3353882
1655670251473379231 3434363
1655670251677356159 3461162
1655670251883165734 5348774
1655670252087585991 4079114
1655670252291457841 3426786
1655670252495296747 3493790
1655670252698962962 3330727
1655670252902979637 3524028
1655670253106704024 3387118
1655670253310566577 3302504
1655670253514293087 3384129
1655670253717831931 3218476
1655670253921461740 3263156
1655670254125621448 3826102
1655670254329489038 3448349
1655670254533223914 3379991
1655670254737035657 3292523
1655670254940639610 3249662
1655670255144329539 3347667
1655670255348106071 3313374
1655670255551757703 3231548
1655670255755509831 3302606
1655670255959220943 3247523
1655670256163040272 3380420
1655670256366783975 3295519
1655670256571378440 4265528
1655670256776738426 4319854
1655670256981379728 3426544
1655670257185205857 3493531
1655670257389084383 3535997
1655670257592997837 3479237
1655670257796810567 3372277
1655670258000629312 3502187
1655670258204440040 3334972
1655670258408450074 3518282
1655670258612249457 3333205
1655670258816428626 3749621
1655670259020104897 3331042
1655670259223861715 3395942
1655670259427817737 3515062
1655670259631531220 3279368
1655670259835351554 3431699
1655670260039323636 3482757
1655670260243015398 3337681
1655670260447058829 3647244
1655670260650629340 3217675
1655670260855461264 4461849
1655670261059289130 3504114
1655670261263191193 3520089
1655670261467054178 3461895
1655670261670737712 3339218
1655670261874706009 3433888
1655670262078434566 3492154
1655670262283214340 4526922
1655670262486794780 3273373
1655670262690712560 3606806
1655670262894521447 3468327
1655670263098439556 3556529
1655670263302423623 3401169
1655670263506370570 3460217
1655670263710226052 3486119
1655670263914769735 3964962
1655670264118839700 3621619
1655670264322646058 3423225
1655670264526993115 3773602
1655670264731264417 3896621
1655670264935282510 3615422
1655670265139211542 3457080
1655670265343605060 3547854
1655670265547705501 3467675
1655670265751555149 3517115
1655670265955417422 3370561
1655670266159019615 3268902
1655670266362612457 3271832
1655670266566357721 3396161
1655670266771079206 4382283
1655670266975061036 3667606
1655670267178721422 3314177
1655670267382423263 3389177
1655670267586231403 3419401
1655670267790465841 3517649
1655670267994504882 3375801
1655670268198457285 3544918
1655670268402136701 3328175
1655670268605682984 3194639
1655670268809498457 3360629
1655670269013538082 3708842
1655670269217560764 3349530
1655670269421396907 3379410
1655670269625008121 3268192
1655670269828666650 3277997
1655670270032435619 3339492
1655670270236203166 3416192
1655670270440167990 3600064
1655670270644143253 3465407
1655670270847978579 3399590
1655670271051524921 3150634
1655670271255439555 3462932
1655670271459186265 3368015
1655670271662752166 3230132
1655670271867692680 4456801
1655670272074166127 4193150
1655670272278451046 3497697
1655670272482200324 3405567
1655670272686098896 3399226
1655670272889950503 3512636
1655670273093936474 3601912
1655670273298238246 3511519
1655670273502126867 3549261
1655670273705924316 3435478
1655670273909849323 3604218
1655670274113859028 3571115
1655670274317604591 3278728
1655670274521257987 3187589
1655670274725176308 3407269
1655670274928904314 3232085
1655670275132520208 3305319
1655670275336387099 3359941
1655670275540013932 3273228
1655670275743806992 3304724
1655670275947310915 3170870
1655670276150724512 2982608
1655670276354345951 3169637
1655670276557711293 3018856
1655670276761267759 3108499
1655670276965013457 3261818
1655670277169797264 4480832
1655670277373526385 3407469
1655670277577160505 3229030
1655670277781116930 3589972
1655670277984619800 3190716
1655670278188266526 3307917
1655670278391726854 3148476
1655670278595576109 3351979
1655670278799510773 3579556
1655670279003332355 3343385
1655670279206999742 3232216
1655670279410585743 3161576
1655670279614141333 3204586
1655670279817714825 3159745
1655670280021473981 3304499
1655670280225104870 3165179
1655670280428535665 2957548
1655670280632699406 3703575
1655670280836000038 2968618
1655670281039386926 3010876
1655670281242790264 3110002
1655670281446121252 2920550
1655670281649703495 3162907
1655670281853330848 3100553
1655670282056604493 2848419
1655670282260031119 2986791
1655670282464319451 3934918
1655670282672307542 6597665
1655670282877488235 3527389
1655670283082417655 4463988
1655670283288804904 5189732
1655670283493606216 4602668
1655670283700714834 5267170
1655670283906898469 5667653
1655670284113724732 6415141
1655670284320253212 4012920
1655670284525330153 4730709
1655670284731108063 5002953
1655670284937544216 5296733
1655670285143429386 5583383
1655670285347765831 4012778
1655670285552746138 4406015
1655670285758143484 5217584
1655670285963294045 4856719
1655670286168456294 4836383
1655670286374680946 5001310
1655670286580167541 5095175
1655670286785050064 4446166
1655670286990588513 4952599
1655670287195835876 4894647
1655670287401556678 5361428
1655670287606476396 4568817
1655670287812245467 4818024
1655670288018213151 5502965
1655670288223494077 4504173
1655670288428718826 4575195
1655670288634371618 4522281
1655670288840512522 5570177
1655670289045475507 4575481
1655670289250430932 4442436
1655670289455261016 4487466
1655670289660357968 4563519
1655670289865554506 4562130
1655670290071576081 5668608
1655670290276969299 4484849
1655670290483336170 5940286
1655670290688519315 4100413
1655670290893400660 4092931
1655670291098920722 5009228
1655670291303419803 3585943
1655670291508744264 4931813
1655670291713567457 3836273
1655670291918710714 4108388
1655670292124102249 4701804
1655670292329162540 4148704
1655670292534031692 4195750
1655670292739109457 4172084
1655670292944254169 4315990
1655670293148834460 3980613
1655670293354055029 4314901
1655670293559035350 4175052
1655670293764021602 4373562
1655670293969244352 4265227
1655670294174227363 3842445
1655670294379165908 4363277
1655670294584160080 4043224
1655670294789012909 3712610
1655670294994051817 3865036
1655670295199278158 4744147
1655670295404183041 3922253
1655670295609109736 3690040
1655670295814165702 4068615
1655670296020505067 4217590
1655670296225630786 3688119
1655670296429909389 3947824
1655670296635594398 5353758
1655670296842289893 6338255
1655670297047202255 4388493
1655670297252054745 4296542
1655670297457624307 5230800
1655670297662572328 4610760
1655670297867383451 4431729
1655670298078896480 5431737
1655670298285567287 5379123
1655670298489847365 3939796
1655670298696332920 6156946
1655670298900662928 3980014
1655670299105665574 4647903
1655670299311584572 5498502
1655670299516556442 4532353
1655670299722923731 5657983
1655670299928683287 4716252
1655670300134641736 4950373
1655670300339810080 4847318
1655670300545047082 4833445
1655670300750729565 5080530
1655670300955810299 4699073
1655670301161248552 4921933
1655670301366544633 4919594
1655670301571796989 4688544
1655670301778333793 5873278
1655670301983535441 4550647
1655670302189175001 4583691
1655670302394256741 4720768
1655670302599420760 4701569
1655670302805077920 4555069
1655670303009975491 3987527
1655670303218542816 6849868
1655670303423213448 3598020
1655670303627790638 3429487
1655670303832952158 3969169
1655670304037252725 3670622
1655670304242349776 3791861
1655670304447339123 4132506
1655670304652506422 4837939
1655670304857653520 4664175
1655670305062538661 4560724
1655670305269108514 5879271
1655670305473776991 3609621
1655670305678989975 4029225
1655670305884204862 4230874
1655670306089497043 4138711
1655670306294116269 3864952
1655670306498992998 3718252
1655670306704243281 4281322
1655670306912517844 5588585
1655670307117637930 4778209
1655670307322619890 4681061
1655670307528048574 5109507
1655670307733001704 4024381
1655670307938138430 4145079
1655670308143051839 4579718
1655670308348146274 4765527
1655670308553932222 3935494
1655670308759657451 4849209
1655670308964744329 3555666
1655670309169853427 3860434
1655670309374546361 3903741
1655670309579597716 4300546
1655670309784262507 4291073
1655670309989700313 4903870
1655670310194813453 4863688
1655670310400542141 5212942
1655670310605602689 4701423
