time,operation,name,city
1653844736386287081,INSERT,uierst,aught
1653844736386313176,INSERT,aiss,uild
1653844736386321036,INSERT,eolly,outy
1653844736386327010,INSERT,iy,eert
1653844736386332426,INSERT,oosp,eusts
1653844736386337919,INSERT,ids,iaotch
1653844736386342974,INSERT,uads,uonds
1653844736386347896,INSERT,ub,eiff
1653844736386352789,INSERT,ously,aunt
1653844736386357730,INSERT,uops,ust
1653844736386362591,INSERT,aioly,oiarth
1653844736386367488,INSERT,iesly,oev
1653844736386372403,INSERT,uarts,olt
1653844736386385068,INSERT,ieuch,auerry
1653844736386401341,INSERT,eaug,ioum
1653844736386406247,INSERT,eopp,urk
1653844736386420139,INSERT,auems,oosm
1653844736386428000,INSERT,uam,isp
1653844736386432811,INSERT,oush,iish
1653844736386437622,INSERT,eaks,ieuss
1653844736386442461,INSERT,iaok,auesly
1653844736386447367,INSERT,ok,ably
1653844736386452092,INSERT,eunn,uord
1653844736386456804,INSERT,ouds,aetz
1653844736386461510,INSERT,oiatt,ieub
1653844736386466391,INSERT,oepp,ouhn
1653844736386484946,INSERT,oes,aong
1653844736386491122,INSERT,eeys,ook
1653844736386495937,INSERT,iach,eiaw
1653844736386500658,INSERT,eauf,aerd
1653844736386505407,INSERT,iounk,auch
1653844736386510201,INSERT,uiesh,eols
1653844736386514840,INSERT,eass,iuft
1653844736386519725,INSERT,ooth,aiopt
1653844736386524640,INSERT,ieft,iaoly
1653844736386529496,INSERT,iaom,entz
1653844736386544036,INSERT,osp,oiath
1653844736386550230,INSERT,auerly,aerly
1653844736386555076,INSERT,uecy,ioff
1653844736386559885,INSERT,uis,eash
1653844736386564639,INSERT,ack,eigs
1653844736386569302,INSERT,ooh,ect
1653844736386574079,INSERT,aity,engs
1653844736386578794,INSERT,iouts,aat
1653844736386583518,INSERT,uax,aick
1653844736386588150,INSERT,aueft,iounn
1653844736386593010,INSERT,uaft,ut
1653844736386597874,INSERT,iingly,eiacks
1653844736386602703,INSERT,iists,aock
1653844736386607420,INSERT,iert,aiot
1653844737099857846,INSERT,oands,oeks
1653844737099917172,INSERT,aesh,and
1653844737099926619,INSERT,ausly,iags
1653844737099932334,INSERT,aeft,aey
1653844737099937410,INSERT,ioul,eantly
1653844737099943391,INSERT,aionds,eitch
1653844737099949223,INSERT,ioutz,ealls
1653844737099954416,INSERT,aows,eipt
1653844737099959485,INSERT,uays,auess
1653844737099972073,INSERT,aiacks,iics
1653844737099978632,INSERT,ietts,uants
1653844737099983509,INSERT,auem,auec
1653844737099988346,INSERT,aioks,iour
1653844737099993277,INSERT,aionts,iorf
1653844737099998116,INSERT,oab,eent
1653844737100003043,INSERT,oiks,uath
1653844737100016547,INSERT,iuch,aus
1653844737100021766,INSERT,oow,oud
1653844737100035531,INSERT,eently,aemp
1653844737100040694,INSERT,aems,iow
1653844737100045565,INSERT,air,auects
1653844737100050368,INSERT,eiarn,eiand
1653844737100055138,INSERT,aiant,iaon
1653844737100059882,INSERT,auhn,aet
1653844737100064664,INSERT,euys,aons
1653844737100069483,INSERT,iect,euys
1653844737100089167,INSERT,err,aills
1653844737100095650,INSERT,uogs,ood
1653844737100100451,INSERT,uov,iouns
1653844737100105176,INSERT,eiaws,aeght
1653844737100109997,INSERT,oams,oan
1653844737100114679,INSERT,ieys,uiks
1653844737100119507,INSERT,ecks,unk
1653844737100124260,INSERT,ic,ierk
1653844737100129062,INSERT,auents,uk
1653844737100133800,INSERT,aedy,iump
1653844737100145582,INSERT,eaurk,uiems
1653844737100151783,INSERT,ok,ans
1653844737100156625,INSERT,aiosly,eauss
1653844737100161493,INSERT,euds,eern
1653844737100166343,INSERT,eauf,uerf
1653844737100171030,INSERT,ogh,eg
1653844737100175679,INSERT,eard,ern
1653844737100180379,INSERT,oibly,airr
1653844737100185214,INSERT,uierth,oez
1653844737100189987,INSERT,oosk,eengly
1653844737100204441,INSERT,aogs,oow
1653844737100209987,INSERT,iunn,eith
1653844737100214803,INSERT,iuw,uiegh
1653844737100219572,INSERT,iefy,uofy
1653844738589134300,INSERT,iaoct,eaury
1653844738589220790,INSERT,eaux,iogs
1653844738589243894,INSERT,aels,iout
1653844738589266878,INSERT,uosts,iurly
1653844738589277286,INSERT,uty,uant
1653844738589286818,INSERT,aands,iully
1653844738589296226,INSERT,iorry,eubs
1653844738589305309,INSERT,uict,aond
1653844738589313987,INSERT,eif,irds
1653844738589342749,INSERT,oably,oerr
1653844738589353792,INSERT,aity,iourt
1653844738589362477,INSERT,eecks,airly
1653844738589373534,INSERT,aantly,oehn
1653844738589383134,INSERT,urry,ailly
1653844738589402539,INSERT,ueb,oidly
1653844738589411285,INSERT,og,aold
1653844738589419583,INSERT,uch,aiold
1653844738589427674,INSERT,ioty,uiep
1653844738589446995,INSERT,aots,oist
1653844738589454854,INSERT,eiants,irg
1653844738589462686,INSERT,at,ainds
1653844738589470254,INSERT,iob,eauns
1653844738589477958,INSERT,eibs,ioms
1653844738589485984,INSERT,eebly,iuds
1653844738589494385,INSERT,eiart,oorth
1653844738589502639,INSERT,aurd,uob
1653844738589533079,INSERT,aaw,abs
1653844738589544146,INSERT,ioux,ioucts
1653844738589553644,INSERT,ietz,uielly
1653844738589561741,INSERT,eez,uac
1653844738589570022,INSERT,aady,oiass
1653844738589578935,INSERT,ietz,aarry
1653844738589587426,INSERT,uef,aird
1653844738589606853,INSERT,oorty,eerg
1653844738589614573,INSERT,eorg,ioury
1653844738589632831,INSERT,aett,oedy
1653844738589676429,INSERT,uierty,ood
1653844738589683243,INSERT,aobly,aiosh
1653844738589688113,INSERT,iort,iaoft
1653844738589693032,INSERT,eiaz,eaty
1653844738589698154,INSERT,uony,ulls
1653844738589702828,INSERT,aingly,oapp
1653844738589707591,INSERT,auerty,iox
1653844738589712359,INSERT,ioupp,iit
1653844738589717000,INSERT,eof,eaubs
1653844738589721569,INSERT,iunts,uell
1653844738589726290,INSERT,aecks,aey
1653844738589731101,INSERT,eausk,eantly
1653844738589735978,INSERT,eetch,uon
1653844738589740729,INSERT,eully,uiery
1653844739476183289,INSERT,aisk,eonts
1653844739476266722,INSERT,aurly,oidy
1653844739476279837,INSERT,eerg,ieult
1653844739476289557,INSERT,oorr,eoc
1653844739476298200,INSERT,eurm,uirts
1653844739476307176,INSERT,aacy,ourt
1653844739476315125,INSERT,aow,iold
1653844739476322921,INSERT,aight,eiays
1653844739476332230,INSERT,iult,osch
1653844739476352265,INSERT,uirr,iaont
1653844739476362912,INSERT,aerf,iudly
1653844739476382410,INSERT,iarty,onk
1653844739476391720,INSERT,uiens,urth
1653844739476399191,INSERT,oobly,uelly
1653844739476406535,INSERT,oett,oib
1653844739476429026,INSERT,oash,aiark
1653844739476436749,INSERT,aueks,uorly
1653844739476445669,INSERT,eecs,eimp
1653844739476453099,INSERT,aam,iuwn
1653844739476460816,INSERT,iepp,own
1653844739476468478,INSERT,airm,iers
1653844739476476310,INSERT,oesm,oirs
1653844739476483967,INSERT,iucs,aerm
1653844739476491626,INSERT,uien,iousts
1653844739476501815,INSERT,uilt,uly
1653844739476509528,INSERT,ouck,auntz
1653844739476538315,INSERT,uils,airry
1653844739476548196,INSERT,uecks,uos
1653844739476555614,INSERT,eaunn,eauws
1653844739476563664,INSERT,eials,ietz
1653844739476580565,INSERT,iown,oiably
1653844739476587936,INSERT,eesk,eaung
1653844739476604941,INSERT,iar,iaort
1653844739476612171,INSERT,uany,uiecks
1653844739476619439,INSERT,euft,auds
1653844739476627215,INSERT,aiz,iab
1653844739476665317,INSERT,iews,iorr
1653844739476674842,INSERT,ieuncy,uiv
1653844739476683595,INSERT,oiad,eeny
1653844739476691412,INSERT,uid,oak
1653844739476699835,INSERT,eauws,ieusch
1653844739476708953,INSERT,aen,eep
1653844739476716824,INSERT,aest,ealls
1653844739476725107,INSERT,eurm,eann
1653844739476732620,INSERT,ac,aiofy
1653844739476740864,INSERT,outt,eaunk
1653844739476749131,INSERT,ax,ioc
1653844739476757171,INSERT,ied,aiods
1653844739476764613,INSERT,om,aiobs
1653844739476772311,INSERT,uints,iarty
1653844740500175746,INSERT,aiop,een
1653844740500245129,INSERT,aosm,iaorg
1653844740500257835,INSERT,otch,uorst
1653844740500267057,INSERT,ioung,eld
1653844740500277957,INSERT,euch,euly
1653844740500287181,INSERT,eirm,ouv
1653844740500294805,INSERT,oiangly,oully
1653844740500305953,INSERT,iuk,eam
1653844740500314970,INSERT,ais,iaords
1653844740500335530,INSERT,ieur,iaof
1653844740500345845,INSERT,aews,eart
1653844740500354352,INSERT,uod,aicy
1653844740500362849,INSERT,eisk,ort
1653844740500374421,INSERT,iaft,asly
1653844740500382423,INSERT,uieh,uorf
1653844740500390344,INSERT,emp,uash
1653844740500398638,INSERT,oety,aab
1653844740500406878,INSERT,ors,oilly
1653844740500415640,INSERT,oax,ooss
1653844740500423964,INSERT,eiack,aiody
1653844740500432542,INSERT,iaongs,iaoy
1653844740500441263,INSERT,oust,eeds
1653844740500450270,INSERT,iitz,iurty
1653844740500459264,INSERT,ieusm,aadly
1653844740500467113,INSERT,aionds,erty
1653844740500475622,INSERT,iasm,iely
1653844740500502482,INSERT,iech,oiald
1653844740500513315,INSERT,eaurk,az
1653844740500524503,INSERT,aunk,all
1653844740500533317,INSERT,aosts,aiob
1653844740500544662,INSERT,augy,iaort
1653844740500552803,INSERT,ioucy,aect
1653844740500561522,INSERT,eaurds,uaps
1653844740500569885,INSERT,uz,eiark
1653844740500577821,INSERT,iahn,auets
1653844740500586232,INSERT,aiond,iaonn
1653844740500604122,INSERT,eausk,uk
1653844740500614364,INSERT,urd,ueft
1653844740500622849,INSERT,aiorg,ieubly
1653844740500631463,INSERT,ieh,oisk
1653844740500668089,INSERT,oed,oult
1653844740500676442,INSERT,eerf,iett
1653844740500685693,INSERT,ound,aogy
1653844740500693687,INSERT,iatz,iidly
1653844740500701770,INSERT,uorf,uink
1653844740500710202,INSERT,oihl,uink
1653844740500718257,INSERT,as,engs
1653844740500727070,INSERT,uebs,eirn
1653844740500735287,INSERT,ieucts,aogh
1653844740500743452,INSERT,ov,ear
1653844747294119238,INSERT,iutts,iaft
1653844747294197547,INSERT,oind,iirth
1653844747294220021,INSERT,eeys,iort
1653844747294229788,INSERT,aiaw,aurr
1653844747294238729,INSERT,oords,iil
1653844747294247039,INSERT,iecy,atz
1653844747294258015,INSERT,aism,aonts
1653844747294266836,INSERT,oech,auerth
1653844747294275990,INSERT,ieurm,eauty
1653844747294292883,INSERT,eand,eorf
1653844747294303172,INSERT,uac,eawn
1653844747294311356,INSERT,uiept,oells
1653844747294319839,INSERT,aosm,iots
1653844747294328123,INSERT,aus,am
1653844747294337024,INSERT,eaulls,aocts
1653844747294345982,INSERT,iach,eiacts
1653844747294354094,INSERT,aioft,aueps
1653844747294374474,INSERT,uiev,ieump
1653844747294382852,INSERT,aups,ients
1653844747294402705,INSERT,aop,eiady
1653844747294410561,INSERT,eorst,esh
1653844747294646452,INSERT,aink,oork
1653844747294686449,INSERT,uir,ud
1653844747294695293,INSERT,uosly,oorr
1653844747294702711,INSERT,uiefy,ead
1653844747294710088,INSERT,eetz,uiwn
1653844747294737945,INSERT,uz,eitz
1653844747294751863,INSERT,ent,aeld
1653844747294760067,INSERT,eady,iuly
1653844747294768183,INSERT,eontly,ourd
1653844747294777395,INSERT,iuls,aurth
1653844747294785074,INSERT,iank,eerds
1653844747294792515,INSERT,aiock,uield
1653844747294801499,INSERT,eany,uists
1653844747294810198,INSERT,aueft,oiams
1653844747294817919,INSERT,oiangs,uard
1653844747294849328,INSERT,aibly,uosh
1653844747294860658,INSERT,uit,aueg
1653844747294869091,INSERT,aicts,oery
1653844747294878671,INSERT,eefy,aoz
1653844747294887176,INSERT,eils,uagh
1653844747294894607,INSERT,uengs,aish
1653844747294901950,INSERT,uiel,uarts
1653844747294909587,INSERT,ioncy,ionds
1653844747294916766,INSERT,earts,oaps
1653844747294923965,INSERT,iasm,eiawn
1653844747294931219,INSERT,arf,ubly
1653844747294939017,INSERT,uiws,urt
1653844747294947519,INSERT,eown,uehn
1653844747294967740,INSERT,ehn,oiaps
1653844752293416299,INSERT,ualt,aiay
1653844752293493285,INSERT,aiory,aotch
1653844752293507733,INSERT,iiss,uierst
1653844752293526938,INSERT,eialls,eocy
1653844752293535877,INSERT,urm,iets
1653844752293544914,INSERT,aos,uewn
1653844752293553717,INSERT,aenn,ept
1653844752293562257,INSERT,ocy,easts
1653844752293571257,INSERT,eisly,aobly
1653844752293588875,INSERT,ieurts,aueg
1653844752293599250,INSERT,oosch,eeld
1653844752293607936,INSERT,eocts,ousp
1653844752293616940,INSERT,auev,ecs
1653844752293625281,INSERT,eeb,uns
1653844752293633439,INSERT,oobs,ouv
1653844752293689258,INSERT,uiens,eomp
1653844752293699335,INSERT,eapp,aafy
1653844752293720777,INSERT,uiey,oong
1653844752293729771,INSERT,auen,eauts
1653844752293739171,INSERT,eontz,ooys
1653844752293747504,INSERT,aok,aum
1653844752293756141,INSERT,oarry,eagh
1653844752293764283,INSERT,uany,iedy
1653844752293772543,INSERT,oiahn,oum
1653844752293781054,INSERT,ush,aarr
1653844752293789574,INSERT,erst,ix
1653844752293821950,INSERT,ult,aueld
1653844752293832176,INSERT,ieurds,uart
1653844752293840880,INSERT,iets,aibs
1653844752293848981,INSERT,aam,uient
1653844752293857288,INSERT,iaolt,auen
1653844752293865978,INSERT,uicts,iousm
1653844752293874336,INSERT,eaws,uiens
1653844752293882769,INSERT,aurth,earts
1653844752293890674,INSERT,aorst,ouz
1653844752293899969,INSERT,uaght,uirn
1653844752293917586,INSERT,aaght,eety
1653844752293929140,INSERT,aonts,eiaws
1653844752293937412,INSERT,eiagy,oict
1653844752293945213,INSERT,ioh,uierds
1653844752293952713,INSERT,iiys,euty
1653844752293960163,INSERT,iarly,aiords
1653844752293967499,INSERT,aewn,uarth
1653844752293974837,INSERT,eec,oands
1653844752293982170,INSERT,oufy,oet
1653844752293989348,INSERT,ory,iuss
1653844752293996321,INSERT,eurk,oiagy
1653844752294013524,INSERT,uews,uony
1653844752294020899,INSERT,iurs,oom
1653844752294028045,INSERT,ups,aocts
1653844753017163034,INSERT,erf,oolls
1653844753017256520,INSERT,ieuwn,oosh
1653844753017266311,INSERT,uient,ieb
1653844753017272094,INSERT,oux,eiatch
1653844753017277873,INSERT,oght,auends
1653844753017283445,INSERT,auegh,oafy
1653844753017288576,INSERT,eums,uincy
1653844753017293840,INSERT,uiks,eosts
1653844753017308467,INSERT,eisly,aubs
1653844753017320747,INSERT,ieth,oar
1653844753017327290,INSERT,ooh,aiantly
1653844753017332236,INSERT,eongly,iak
1653844753017337165,INSERT,uox,iungly
1653844753017341924,INSERT,oopt,eiw
1653844753017346703,INSERT,oiad,ieurm
1653844753017351391,INSERT,ieufy,urr
1653844753017356284,INSERT,eel,uirr
1653844753017369313,INSERT,aap,oiasly
1653844753017374458,INSERT,uards,uard
1653844753017390888,INSERT,ieurry,aot
1653844753017395818,INSERT,erts,etch
1653844753017400589,INSERT,aiosly,ioct
1653844753017405493,INSERT,iogh,ions
1653844753017410230,INSERT,uath,et
1653844753017415033,INSERT,iapp,ioungly
1653844753017420134,INSERT,aery,eiatt
1653844753017432633,INSERT,oun,irts
1653844753017438776,INSERT,uont,ioungly
1653844753017443830,INSERT,iucy,aurth
1653844753017448803,INSERT,eaufy,eess
1653844753017453694,INSERT,auerry,uef
1653844753017458433,INSERT,ohn,inds
1653844753017463104,INSERT,eegy,uards
1653844753017467822,INSERT,aank,orts
1653844753017472605,INSERT,uiesk,uern
1653844753017477476,INSERT,uont,iaty
1653844753017489633,INSERT,aik,ums
1653844753017495682,INSERT,uerst,uiev
1653844753017500663,INSERT,eengly,eutt
1653844753017505882,INSERT,iings,oorg
1653844753017510847,INSERT,uieght,uorly
1653844753017515691,INSERT,aobly,eably
1653844753017520463,INSERT,aett,iul
1653844753017525390,INSERT,ion,iarr
1653844753017530155,INSERT,uint,iey
1653844753017534747,INSERT,eicks,iuff
1653844753017539470,INSERT,aim,oal
1653844753017544347,INSERT,aups,uiehl
1653844753017548978,INSERT,antz,aets
1653844753017563371,INSERT,oaff,uert
1653844762993514887,INSERT,auests,eiarth
1653844762993592273,INSERT,iungly,auntly
1653844762993613165,INSERT,aiont,iorg
1653844762993623283,INSERT,eaurst,eutz
1653844762993631889,INSERT,uiesm,iiy
1653844762993663864,INSERT,auesk,uamp
1653844762993673064,INSERT,oily,osly
1653844762993680400,INSERT,aialy,uiecs
1653844762993688348,INSERT,oiasch,aiaw
1653844762993715596,INSERT,ieb,oet
1653844762993725839,INSERT,iatts,aiarts
1653844762993737061,INSERT,oontly,uants
1653844762993745600,INSERT,iold,eaudly
1653844762993754500,INSERT,iaors,eacts
1653844762993762911,INSERT,ioup,uenk
1653844762993782301,INSERT,uarr,uongs
1653844762993790880,INSERT,ierr,uosk
1653844762993812534,INSERT,euhl,eog
1653844762993821674,INSERT,oipp,eahn
1653844762993829903,INSERT,eiark,oews
1653844762993838339,INSERT,ilt,uierm
1653844762993846852,INSERT,uert,uomp
1653844762993855080,INSERT,ioutz,iaks
1653844762993863784,INSERT,iouv,aiorts
1653844762993872466,INSERT,een,oiak
1653844762993880978,INSERT,aiorth,ieuct
1653844762993909591,INSERT,aiarn,aiosch
1653844762993920460,INSERT,airry,aalt
1653844762993929147,INSERT,eirly,eurk
1653844762993945403,INSERT,uosp,aarn
1653844762993957776,INSERT,iantz,eirf
1653844762993966713,INSERT,aonn,iobly
1653844762993976015,INSERT,uiesk,ic
1653844762993984123,INSERT,aony,ound
1653844762993992855,INSERT,iaogs,aucy
1653844762994000969,INSERT,uohn,oomp
1653844762994017074,INSERT,oogy,auedy
1653844762994026980,INSERT,uietts,oett
1653844762994035473,INSERT,iouff,oiac
1653844762994043856,INSERT,ouc,aunk
1653844762994052118,INSERT,iisch,uelly
1653844762994060941,INSERT,uoff,iards
1653844762994069488,INSERT,airf,eodly
1653844762994077808,INSERT,aiask,iars
1653844762994086053,INSERT,iouc,eums
1653844762994094453,INSERT,iupt,eust
1653844762994102207,INSERT,auety,uirth
1653844762994122697,INSERT,uofy,uird
1653844762994132065,INSERT,airk,oiasch
1653844762994140200,INSERT,aiock,aoms
1653844763096109253,INSERT,uags,oihn
1653844763096186846,INSERT,aisk,iald
1653844763096200716,INSERT,aics,ients
1653844763096224815,INSERT,eol,aays
1653844763096234224,INSERT,oodly,eirly
1653844763096245688,INSERT,ieult,eery
1653844763096255403,INSERT,eents,iny
1653844763096263865,INSERT,any,utz
1653844763096272866,INSERT,oiask,eoc
1653844763096302986,INSERT,eesp,auenn
1653844763096313585,INSERT,iaok,iorn
1653844763096334187,INSERT,ors,ooght
1653844763096342906,INSERT,aaght,ics
1653844763096351144,INSERT,oask,eaully
1653844763096359768,INSERT,eentz,aiols
1653844763096367648,INSERT,airy,ieudy
1653844763096375800,INSERT,eerr,aiost
1653844763096384495,INSERT,uncy,auegy
1653844763096392475,INSERT,aueng,eut
1653844763096400219,INSERT,arm,oeps
1653844763096408159,INSERT,oak,eards
1653844763096428690,INSERT,oag,iourg
1653844763096438955,INSERT,uief,auncy
1653844763096446965,INSERT,iews,eiab
1653844763096455462,INSERT,iounds,irk
1653844763096464874,INSERT,iax,ieurds
1653844763096494794,INSERT,uesk,iaory
1653844763096505904,INSERT,oasly,eemp
1653844763096514863,INSERT,uoll,uiers
1653844763096523834,INSERT,oiasp,ings
1653844763096533143,INSERT,oings,ingly
1653844763096541424,INSERT,ueds,eatt
1653844763096549988,INSERT,earg,uarts
1653844763096558283,INSERT,uobly,oond
1653844763096567773,INSERT,uiency,iutch
1653844763096576554,INSERT,uilt,iotch
1653844763096594499,INSERT,auesp,aocs
1653844763096605407,INSERT,uatch,uitz
1653844763096614577,INSERT,uog,ieut
1653844763096623275,INSERT,oahl,auehl
1653844763096632019,INSERT,oerf,eors
1653844763096681154,INSERT,eocks,ieks
1653844763096697211,INSERT,iink,aorly
1653844763096705703,INSERT,uld,egs
1653844763096713833,INSERT,eutch,oins
1653844763096722972,INSERT,ieuly,ioush
1653844763096731076,INSERT,ooght,ieurr
1653844763096740963,INSERT,uals,uws
1653844763096749902,INSERT,iah,oend
1653844763096757737,INSERT,uerry,ioums
1653844763693776869,INSERT,iouck,eaurr
1653844763693938472,INSERT,oiark,aont
1653844763693957134,INSERT,uety,oiaff
1653844763693969338,INSERT,ioth,uiests
1653844763693980506,INSERT,eiw,iours
1653844763693991797,INSERT,eipp,auhn
1653844763694001909,INSERT,ands,ieud
1653844763694013290,INSERT,ieurly,eency
1653844763694023887,INSERT,iish,oacy
1653844763694167054,INSERT,eatts,uomp
1653844763694184938,INSERT,eoly,oeld
1653844763694195650,INSERT,uiegs,uebly
1653844763694206801,INSERT,aiod,aems
1653844763694217727,INSERT,iurly,uieck
1653844763694344339,INSERT,iift,uck
1653844763694359574,INSERT,earry,eudy
1653844763694370789,INSERT,uoch,eav
1653844763694382046,INSERT,uems,aes
1653844763694391949,INSERT,aeth,oex
1653844763694402191,INSERT,ucy,oiann
1653844763694412673,INSERT,oex,ior
1653844763694423656,INSERT,aarry,auz
1653844763694434589,INSERT,euhn,aiolly
1653844763694444707,INSERT,uopt,aepp
1653844763694463520,INSERT,ieuth,aioy
1653844763694515156,INSERT,ow,uiev
1653844763694555542,INSERT,or,iaohl
1653844763694569810,INSERT,uief,aimp
1653844763694580128,INSERT,otz,erst
1653844763694590723,INSERT,oaws,iisk
1653844763694601565,INSERT,eontz,ioz
1653844763694612474,INSERT,oent,eoys
1653844763694623110,INSERT,aiort,aorts
1653844763694633342,INSERT,aght,ouch
1653844763701717277,INSERT,eaun,uoys
1653844763701777280,INSERT,ieully,aory
1653844763701809876,INSERT,iad,aell
1653844763701822614,INSERT,iatch,eim
1653844763701833117,INSERT,eety,eent
1653844763701842978,INSERT,ably,iiys
1653844763701853013,INSERT,oobs,uady
1653844763701863357,INSERT,oiangly,oh
1653844763701873644,INSERT,eons,iay
1653844763701887779,INSERT,uort,iuncy
1653844763701898046,INSERT,iogh,eangs
1653844763701908464,INSERT,aiosly,osk
1653844763701918263,INSERT,ieux,eing
1653844763701928508,INSERT,aucs,airk
1653844763701938218,INSERT,agy,eerts
1653844763701948674,INSERT,auely,iisch
1653844765699024597,INSERT,aently,iaoft
1653844765699082970,INSERT,eusm,uisp
1653844765699091884,INSERT,eobs,eal
1653844765699097946,INSERT,aoss,uieb
1653844765699103502,INSERT,eiss,eubs
1653844765699108558,INSERT,aurn,euss
1653844765699113794,INSERT,uiech,iutts
1653844765699118907,INSERT,aioys,iiwn
1653844765699123978,INSERT,iibs,in
1653844765699136101,INSERT,iich,iand
1653844765699142438,INSERT,afy,aongly
1653844765699148024,INSERT,oels,uirf
1653844765699153404,INSERT,eud,oant
1653844765699158754,INSERT,eutch,eurg
1653844765699172110,INSERT,aurst,aeps
1653844765699177059,INSERT,eausm,auerd
1653844765699181975,INSERT,uils,eop
1653844765699186923,INSERT,uns,er
1653844765699191708,INSERT,ears,uism
1653844765699196568,INSERT,eow,iouts
1653844765699201412,INSERT,uof,iast
1653844765699206196,INSERT,eards,iew
1653844765699211019,INSERT,oen,ioul
1653844765699225967,INSERT,aards,auerly
1653844765699230984,INSERT,aux,uierts
1653844765699235828,INSERT,eupp,ould
1653844765699248040,INSERT,ieubly,eiahl
1653844765699254292,INSERT,auerr,augh
1653844765699259158,INSERT,awn,aoz
1653844765699263821,INSERT,uaty,aiomp
1653844765699268654,INSERT,am,oirn
1653844765699273474,INSERT,aeng,ios
1653844765699278232,INSERT,ucts,iusts
1653844765699283126,INSERT,oantly,aerf
1653844765699287965,INSERT,euts,eacs
1653844765699292782,INSERT,euny,oild
1653844765699304426,INSERT,oiwn,iofy
1653844765699310460,INSERT,oogy,asch
1653844765699315183,INSERT,aut,ucts
1653844765699320374,INSERT,aibly,erst
1653844765699325142,INSERT,auz,uitch
1653844765699339495,INSERT,aip,iend
1653844765699344359,INSERT,uew,eity
1653844765699349123,INSERT,ams,eawn
1653844765699353798,INSERT,urth,eoll
1653844765699358496,INSERT,auefy,oenn
1653844765699363182,INSERT,ept,aionds
1653844765699368101,INSERT,oify,oudy
1653844765699372830,INSERT,aants,ouwn
1653844765699377557,INSERT,irn,uieght
1653844766478327963,INSERT,eings,uts
1653844766478389304,INSERT,iaork,oups
1653844766478398169,INSERT,oof,asch
1653844766478404156,INSERT,aend,aulls
1653844766478409634,INSERT,iaors,oeps
1653844766478414996,INSERT,ieys,ieury
1653844766478420082,INSERT,eiav,aecs
1653844766478425157,INSERT,iis,aav
1653844766478430199,INSERT,iect,ely
1653844766478443279,INSERT,ally,eegy
1653844766478449519,INSERT,eurs,oorn
1653844766478462760,INSERT,ieurts,ich
1653844766478467919,INSERT,aioz,iinn
1653844766478472940,INSERT,aam,uarg
1653844766478477883,INSERT,eaz,iurm
1653844766478482697,INSERT,ieug,aands
1653844766478487511,INSERT,iasp,oerg
1653844766478492655,INSERT,eus,ieusch
1653844766478497628,INSERT,aongs,uib
1653844766478502429,INSERT,ooly,aarth
1653844766478515747,INSERT,ent,erk
1653844766478520761,INSERT,oeks,uielly
1653844766478525947,INSERT,iatz,iounk
1653844766478530946,INSERT,oeft,uirk
1653844766478535872,INSERT,aink,aetz
1653844766478540739,INSERT,ooz,iaory
1653844766478559815,INSERT,airy,aiapp
1653844766478566187,INSERT,ond,ioung
1653844766478571096,INSERT,uaks,aiol
1653844766478575857,INSERT,ept,auedly
1653844766478580849,INSERT,uefy,ueh
1653844766478585612,INSERT,aasch,eon
1653844766478590540,INSERT,aobs,eech
1653844766478595412,INSERT,airty,aior
1653844766478600254,INSERT,oongly,uofy
1653844766478605045,INSERT,iuck,iarry
1653844766478616872,INSERT,iountz,eoth
1653844766478623072,INSERT,aacs,earf
1653844766478665426,INSERT,ooc,oen
1653844766478672145,INSERT,eiarts,oongs
1653844766478677734,INSERT,iocy,alt
1653844766478682629,INSERT,oacs,auent
1653844766478687635,INSERT,iaosp,euft
1653844766478692657,INSERT,auck,eialls
1653844766478697693,INSERT,ioc,eenk
1653844766478702473,INSERT,uosm,ieps
1653844766478707241,INSERT,iics,oerth
1653844766478712247,INSERT,iss,aacks
1653844766478717545,INSERT,ius,uierds
1653844766478722665,INSERT,uiecks,eusts
1653844766810022546,INSERT,iirg,iow
1653844766810080997,INSERT,aiorg,aocy
1653844766810092455,INSERT,oocy,ith
1653844766810098504,INSERT,eiard,aiontz
1653844766810104407,INSERT,en,auenk
1653844766810109632,INSERT,uig,ieung
1653844766810122898,INSERT,eerm,entz
1653844766810128221,INSERT,iily,aors
1653844766810135581,INSERT,iis,aecks
1653844766810151967,INSERT,ientz,eapp
1653844766810157451,INSERT,ift,eids
1653844766810162903,INSERT,oenk,eibly
1653844766810167918,INSERT,eirry,aungly
1653844766810173103,INSERT,ill,oiany
1653844766810178226,INSERT,iouhn,iouns
1653844766810183277,INSERT,iaons,uerly
1653844766810188347,INSERT,in,eiants
1653844766810193924,INSERT,ieurn,at
1653844766810198889,INSERT,uik,eings
1653844766810204004,INSERT,iaosp,oncy
1653844766810209471,INSERT,aald,eems
1653844766810214474,INSERT,iecs,eiack
1653844766810227449,INSERT,ich,eass
1653844766810232824,INSERT,oerg,aiatch
1653844766810238011,INSERT,aioght,iarry
1653844766810245174,INSERT,aest,iogy
1653844766810257886,INSERT,auef,east
1653844766810264073,INSERT,uas,aiarry
1653844766810269179,INSERT,eisly,auests
1653844766810274098,INSERT,eabs,aioght
1653844766810279020,INSERT,iorn,ieuth
1653844766810283848,INSERT,eod,aiords
1653844766810288625,INSERT,oirf,aond
1653844766810293389,INSERT,oott,iaoh
1653844766810298232,INSERT,iod,unn
1653844766810303084,INSERT,eith,auebs
1653844766810314918,INSERT,ait,ierry
1653844766810321204,INSERT,aarm,eosh
1653844766810326333,INSERT,eung,uich
1653844766810331267,INSERT,ails,eably
1653844766810336311,INSERT,eick,oiads
1653844766810341327,INSERT,eicks,aaw
1653844766810346372,INSERT,aosm,aoz
1653844766810351271,INSERT,uiss,uoms
1653844766810356054,INSERT,aimp,ouv
1653844766810360847,INSERT,ueth,oialt
1653844766810365711,INSERT,aet,uand
1653844766810370569,INSERT,eepp,aolly
1653844766810375335,INSERT,uenk,oad
1653844766810380015,INSERT,aany,oys
1653844767901037164,INSERT,uith,ugh
1653844767901113172,INSERT,oeks,ourst
1653844767901137900,INSERT,oirds,aind
1653844767901147702,INSERT,adly,eiagy
1653844767901156412,INSERT,iourts,ain
1653844767901165275,INSERT,arst,uieth
1653844767901174136,INSERT,elt,aitz
1653844767901182355,INSERT,iabs,aibly
1653844767901191525,INSERT,eauct,aells
1653844767901218550,INSERT,iuly,aort
1653844767901229987,INSERT,aohn,aians
1653844767901238717,INSERT,angs,aerry
1653844767901247283,INSERT,iarly,oacy
1653844767901255976,INSERT,iach,eauny
1653844767901276096,INSERT,aell,oecy
1653844767901285690,INSERT,ieutts,oup
1653844767901293886,INSERT,aiacts,oerd
1653844767901305602,INSERT,eiax,unn
1653844767901313969,INSERT,eedy,aonn
1653844767901333779,INSERT,ecks,iork
1653844767901342393,INSERT,eurn,oip
1653844767901350102,INSERT,uarn,ieucs
1653844767901358311,INSERT,iotch,aock
1653844767901367155,INSERT,uiets,iuks
1653844767901375047,INSERT,aantly,iaoll
1653844767901384328,INSERT,iend,aupt
1653844767901414169,INSERT,ausp,oev
1653844767901424816,INSERT,ell,oind
1653844767901433083,INSERT,ieuhl,eich
1653844767901441962,INSERT,iocks,iancy
1653844767901450437,INSERT,iasly,aands
1653844767901459262,INSERT,aacts,aarr
1653844767901467733,INSERT,aarst,iirg
1653844767901476071,INSERT,iaorth,euds
1653844767901483703,INSERT,eank,ency
1653844767901492094,INSERT,eot,uam
1653844767901510323,INSERT,eiangs,iam
1653844767901519943,INSERT,uengs,oirm
1653844767901529391,INSERT,iour,irn
1653844767901537721,INSERT,uilly,uns
1653844767901545639,INSERT,aerts,ouls
1653844767901553785,INSERT,iedy,irly
1653844767901561776,INSERT,oust,eedly
1653844767901570117,INSERT,eald,auw
1653844767901578887,INSERT,eoms,iodly
1653844767901587035,INSERT,iapp,auez
1653844767901594707,INSERT,uerly,oisk
1653844767901603181,INSERT,eaur,oiark
1653844767901611487,INSERT,ank,aily
1653844767901619638,INSERT,ieurr,iirst
1653844769393044426,INSERT,iaotch,iaoh
1653844769393108721,INSERT,uact,euns
1653844769393117393,INSERT,uiek,eaurly
1653844769393123520,INSERT,eiantly,uiert
1653844769393129397,INSERT,iotch,iant
1653844769393134706,INSERT,eaws,iogh
1653844769393139890,INSERT,aiamp,aerf
1653844769393145097,INSERT,als,einy
1653844769393153333,INSERT,oesk,auef
1653844769393164412,INSERT,aioss,up
1653844769393170606,INSERT,oiars,uidy
1653844769393175893,INSERT,arts,eauv
1653844769393180952,INSERT,earry,oont
1653844769393185901,INSERT,uoh,ieudy
1653844769393201299,INSERT,auth,iour
1653844769393206315,INSERT,old,oult
1653844769393211241,INSERT,aul,ieudy
1653844769393224256,INSERT,iouys,iaoz
1653844769393229150,INSERT,obly,iat
1653844769393233855,INSERT,oocts,uoz
1653844769393240857,INSERT,alt,airth
1653844769393245757,INSERT,ully,acs
1653844769393250861,INSERT,iouch,iith
1653844769393255655,INSERT,iig,uods
1653844769393260670,INSERT,eaucs,aoff
1653844769393265625,INSERT,aionk,ourds
1653844769393284205,INSERT,uiet,aed
1653844769393290557,INSERT,aorly,eamp
1653844769393295394,INSERT,aegs,aird
1653844769393300285,INSERT,est,aorf
1653844769393305066,INSERT,orr,eirm
1653844769393309676,INSERT,uiss,oiags
1653844769393314554,INSERT,eewn,eors
1653844769393329677,INSERT,aach,aupp
1653844769393334678,INSERT,aueff,uz
1653844769393339316,INSERT,ieunds,eaubly
1653844769393350985,INSERT,oidy,iouck
1653844769393357177,INSERT,od,auew
1653844769393361835,INSERT,uorty,eims
1653844769393366937,INSERT,uieps,uef
1653844769393371681,INSERT,eaurg,ieuv
1653844769393376503,INSERT,eong,aiay
1653844769393381261,INSERT,oirds,oady
1653844769393386112,INSERT,orn,oiancy
1653844769393391357,INSERT,easch,uiet
1653844769393396244,INSERT,ioury,auepp
1653844769393401143,INSERT,iaoh,uoncy
1653844769393406160,INSERT,aull,oll
1653844769393411058,INSERT,oett,ib
1653844769393415788,INSERT,iuts,eiarr
1653844770192022342,INSERT,aosp,ierds
1653844770192082845,INSERT,ingly,uorf
1653844770192091934,INSERT,oenk,oarm
1653844770192097855,INSERT,iaps,auc
1653844770192112287,INSERT,oown,aet
1653844770192117651,INSERT,eerty,oirth
1653844770192122911,INSERT,aall,eusly
1653844770192127931,INSERT,aegs,oept
1653844770192133258,INSERT,oont,uiemp
1653844770192151203,INSERT,oiask,eints
1653844770192156511,INSERT,ieuv,auks
1653844770192161432,INSERT,oibs,eias
1653844770192166360,INSERT,oarst,eault
1653844770192171454,INSERT,easch,eurts
1653844770192176467,INSERT,eark,orty
1653844770192181267,INSERT,aox,ious
1653844770192186154,INSERT,uatt,eiards
1653844770192191305,INSERT,ears,ieuct
1653844770192204278,INSERT,iask,aioth
1653844770192209241,INSERT,iontly,eebly
1653844770192214195,INSERT,ooly,ooght
1653844770192221057,INSERT,oams,aind
1653844770192225995,INSERT,iuntz,airf
1653844770192230932,INSERT,oubs,uc
1653844770192235924,INSERT,uell,iaor
1653844770192240855,INSERT,oably,eaunds
1653844770192260200,INSERT,eops,uimp
1653844770192266423,INSERT,ouws,eiay
1653844770192271551,INSERT,ieung,iops
1653844770192276498,INSERT,aiols,aann
1653844770192281355,INSERT,eils,aerst
1653844770192286291,INSERT,eeny,aept
1653844770192291108,INSERT,uarth,oodly
1653844770192296242,INSERT,ills,uef
1653844770192301180,INSERT,euty,ard
1653844770192305979,INSERT,eiapt,aiant
1653844770192317576,INSERT,isk,oiacs
1653844770192333563,INSERT,oong,oegs
1653844770192338453,INSERT,aiolt,aac
1653844770192343071,INSERT,aioct,uon
1653844770192347812,INSERT,oitt,iancy
1653844770192352638,INSERT,iond,aasch
1653844770192357519,INSERT,igs,ack
1653844770192362235,INSERT,eiands,um
1653844770192366957,INSERT,aueds,oirs
1653844770192371661,INSERT,oerr,uiets
1653844770192376403,INSERT,iaord,auety
1653844770192381633,INSERT,iourts,uops
1653844770192386614,INSERT,eurr,eaury
1653844770192391554,INSERT,aioll,uer
1653844771086104003,INSERT,iats,ouc
1653844771086206255,INSERT,eauhl,iepp
1653844771086224639,INSERT,eelly,oac
1653844771086236870,INSERT,ieush,uesly
1653844771086247112,INSERT,oarts,ierd
1653844771086256969,INSERT,iaorts,oiap
1653844771086265318,INSERT,eiash,auly
1653844771086274035,INSERT,oop,oibly
1653844771086282043,INSERT,iaty,eorry
1653844771086303071,INSERT,eld,iely
1653844771086315778,INSERT,iaok,eiards
1653844771086324140,INSERT,uienn,iiy
1653844771086332745,INSERT,eills,uip
1653844771086340878,INSERT,eauch,aipt
1653844771086349270,INSERT,uics,oass
1653844771086357855,INSERT,iests,ird
1653844771086383011,INSERT,iils,aiorly
1653844771086421757,INSERT,ory,aiarr
1653844771086430473,INSERT,eust,iodly
1653844771086439371,INSERT,aiaw,eght
1653844771086446882,INSERT,iult,iark
1653844771086454740,INSERT,ers,im
1653844771086463163,INSERT,oirm,oim
1653844771086471801,INSERT,eantz,iaoncy
1653844771086508831,INSERT,eiarts,eiah
1653844771086517123,INSERT,aems,uinds
1653844771086545141,INSERT,eorr,eab
1653844771086554848,INSERT,iingly,uon
1653844771086588635,INSERT,an,aarth
1653844771086599418,INSERT,uihn,oisk
1653844771086607886,INSERT,auesch,uoly
1653844771086617559,INSERT,iaorry,ieurg
1653844771086661743,INSERT,uaps,oiats
1653844771086671698,INSERT,eop,aif
1653844771086680062,INSERT,oiads,ioully
1653844771086688838,INSERT,eing,eesly
1653844771086706804,INSERT,eeh,aud
1653844771086717370,INSERT,iint,oelly
1653844771086726165,INSERT,igs,oahn
1653844771086748057,INSERT,eact,oiantz
1653844771086756724,INSERT,aiodly,epp
1653844771086777702,INSERT,aow,eulls
1653844771086786010,INSERT,iaoks,oams
1653844771086793793,INSERT,eauz,iey
1653844771086801723,INSERT,aiosts,eaun
1653844771086809666,INSERT,iosly,oos
1653844771086842671,INSERT,oth,oocks
1653844771086851510,INSERT,oept,aiohl
1653844771086859642,INSERT,idy,ias
1653844771086869047,INSERT,oigy,iog
1653844771285017658,INSERT,adly,oob
1653844771285091820,INSERT,eirm,uons
1653844771285101177,INSERT,eals,uag
1653844771285106907,INSERT,ot,iaords
1653844771285112388,INSERT,aiacy,auct
1653844771285117616,INSERT,oiask,oerry
1653844771285123087,INSERT,aongs,isp
1653844771285128453,INSERT,uarry,iutch
1653844771285133621,INSERT,oov,ieut
1653844771285145447,INSERT,eings,aep
1653844771285151713,INSERT,eaucks,iaong
1653844771285156732,INSERT,ibs,ual
1653844771285161631,INSERT,ieugh,uirly
1653844771285168782,INSERT,aerg,aaly
1653844771285173758,INSERT,eeb,oott
1653844771285178716,INSERT,oll,auel
1653844771285191777,INSERT,iusk,oeght
1653844771285199149,INSERT,auns,uiech
1653844771285212324,INSERT,aiocts,ieut
1653844771285217543,INSERT,aungly,uof
1653844771285238256,INSERT,uirds,eiantz
1653844771285243375,INSERT,ens,iin
1653844771285248131,INSERT,eaucy,aow
1653844771285262076,INSERT,eiapt,aelly
1653844771285267098,INSERT,uoll,uif
1653844771285280359,INSERT,aes,air
1653844771285299559,INSERT,aom,ooss
1653844771285305863,INSERT,oiys,uiel
1653844771285310811,INSERT,ods,eed
1653844771285315752,INSERT,uact,aonds
1653844771285329290,INSERT,iett,aiasp
1653844771285334574,INSERT,ons,eauws
1653844771285339340,INSERT,iaolt,eincy
1653844771285345058,INSERT,orm,iecs
1653844771285353116,INSERT,uff,as
1653844771285361109,INSERT,aosp,uik
1653844771285377769,INSERT,eusly,eith
1653844771285387895,INSERT,aeps,iugs
1653844771285396214,INSERT,aiangs,ieult
1653844771285404499,INSERT,aefy,oasch
1653844771285412656,INSERT,eiars,iews
1653844771285421011,INSERT,itt,aasly
1653844771285428144,INSERT,oof,iands
1653844771285435920,INSERT,oially,eull
1653844771285443394,INSERT,eudy,aiant
1653844771285451346,INSERT,auend,oatz
1653844771285458707,INSERT,iawn,aank
1653844771285465825,INSERT,ioup,iez
1653844771285473242,INSERT,uoys,eaws
1653844771285480543,INSERT,aiow,aords
1653844772399090032,INSERT,uits,eog
1653844772399172008,INSERT,ougs,aubs
1653844772399197255,INSERT,oigs,ift
1653844772399207658,INSERT,uec,oul
1653844772399230032,INSERT,ells,elly
1653844772399240225,INSERT,oiabs,iup
1653844772399248854,INSERT,ioz,eahl
1653844772399257324,INSERT,iuly,oalt
1653844772399265783,INSERT,uier,ierth
1653844772399292381,INSERT,ably,augy
1653844772399303042,INSERT,aency,iaos
1653844772399312375,INSERT,aad,aiobs
1653844772399321129,INSERT,uonk,eaurf
1653844772399329838,INSERT,aangs,uans
1653844772399338566,INSERT,uft,oong
1653844772399348785,INSERT,aarr,oegy
1653844772399357735,INSERT,iouty,oands
1653844772399367880,INSERT,iiss,iigs
1653844772399377288,INSERT,iang,uiebs
1653844772399386329,INSERT,oents,oast
1653844772399394962,INSERT,ially,auew
1653844772399403979,INSERT,ands,oild
1653844772399412674,INSERT,uhn,aiolly
1653844772399421519,INSERT,uan,ioul
1653844772399429101,INSERT,aiort,aontz
1653844772399437605,INSERT,uiny,oeys
1653844772399461804,INSERT,oors,ains
1653844772399470244,INSERT,iefy,iacts
1653844772399477870,INSERT,auerm,autt
1653844772399486997,INSERT,uelt,euntz
1653844772399495816,INSERT,auty,efy
1653844772399503255,INSERT,iintly,outs
1653844772399512327,INSERT,iaorts,arg
1653844772399520869,INSERT,iitz,aall
1653844772399529782,INSERT,aony,ooys
1653844772399546814,INSERT,oaty,oias
1653844772399563477,INSERT,oons,uess
1653844772399572147,INSERT,eund,oig
1653844772399579487,INSERT,aed,ily
1653844772399586692,INSERT,aiosk,aeght
1653844772399594580,INSERT,oally,eocts
1653844772399604029,INSERT,aeys,iaocs
1653844772399612837,INSERT,uests,iirds
1653844772399621165,INSERT,uenn,od
1653844772399629237,INSERT,iuz,ourly
1653844772399694239,INSERT,oiarg,uems
1653844772399707815,INSERT,ualls,uoff
1653844772399717990,INSERT,uans,aeys
1653844772399727264,INSERT,ath,uicks
1653844772399748049,INSERT,uocs,ont
1653844772610077983,INSERT,aet,iaol
1653844772610151025,INSERT,oiats,ieunn
1653844772610164273,INSERT,outy,oiarm
1653844772610173923,INSERT,eels,oards
1653844772610182234,INSERT,eimp,aett
1653844772610190748,INSERT,uen,uerk
1653844772610208873,INSERT,uis,auwn
1653844772610217136,INSERT,ibly,aiys
1653844772610226786,INSERT,aopp,ount
1653844772610243984,INSERT,oond,egs
1653844772610254333,INSERT,uobs,oing
1653844772610263358,INSERT,ious,eaun
1653844772610272241,INSERT,aiong,uobs
1653844772610281114,INSERT,eauls,auerm
1653844772610290734,INSERT,oiac,eauwn
1653844772610299737,INSERT,aueks,eency
1653844772610310277,INSERT,iys,iohn
1653844772610328744,INSERT,iah,eem
1653844772610337571,INSERT,uierts,uiells
1653844772610346844,INSERT,aiaw,ent
1653844772610355557,INSERT,aany,eic
1653844772610364416,INSERT,aaght,oiart
1653844772610373074,INSERT,iaoh,auend
1653844772610382298,INSERT,aark,oncy
1653844772610392102,INSERT,aarty,aial
1653844772610401204,INSERT,oiarm,unds
1653844772610426004,INSERT,urf,eiags
1653844772610436084,INSERT,aiann,eicks
1653844772610444290,INSERT,aob,iink
1653844772610452006,INSERT,iem,eab
1653844772610460261,INSERT,oib,eaw
1653844772610469027,INSERT,uapt,ewn
1653844772610487944,INSERT,aek,aox
1653844772610495817,INSERT,iaorg,aiax
1653844772610503480,INSERT,iiy,uafy
1653844772610511676,INSERT,oirry,ueb
1653844772610527813,INSERT,uecy,aok
1653844772610537512,INSERT,oov,uicy
1653844772610545830,INSERT,oials,aueft
1653844772610554834,INSERT,einy,ioty
1653844772610563281,INSERT,eaubly,aost
1653844772610571385,INSERT,oitz,iebly
1653844772610579103,INSERT,iech,oip
1653844772610587405,INSERT,aiosk,oigs
1653844772610595396,INSERT,uorth,uops
1653844772610603221,INSERT,oisk,aiant
1653844772610611362,INSERT,iosh,uons
1653844772610621097,INSERT,aaws,ecy
1653844772610632621,INSERT,atts,aash
1653844772610661901,INSERT,ourds,oiay
1653844774103580448,INSERT,eaur,ief
1653844774104891231,INSERT,eend,iocs
1653844774104913361,INSERT,iasly,aiog
1653844774104923577,INSERT,iung,uieny
1653844774104933266,INSERT,uiells,euys
1653844774104944156,INSERT,ieuks,ounts
1653844774104952984,INSERT,aelly,eods
1653844774104962295,INSERT,iouwn,ind
1653844774104984519,INSERT,iic,aor
1653844774105003239,INSERT,aeys,iul
1653844774105013543,INSERT,ieugh,iish
1653844774105022845,INSERT,oess,oond
1653844774105043895,INSERT,oonk,eeft
1653844774105052730,INSERT,eaugs,oist
1653844774105061206,INSERT,eungs,osh
1653844774105070002,INSERT,ealt,ald
1653844774105078894,INSERT,iaonds,ects
1653844774105089470,INSERT,outh,aib
1653844774105098133,INSERT,oef,uengly
1653844774105105869,INSERT,eenk,ues
1653844774105113348,INSERT,uass,aorm
1653844774105121197,INSERT,iousts,uick
1653844774105128904,INSERT,auch,uients
1653844774105136387,INSERT,eust,imp
1653844774105144012,INSERT,urt,iort
1653844774105151452,INSERT,airf,aob
1653844774105167789,INSERT,uand,aues
1653844774105176690,INSERT,easch,ierk
1653844774105184563,INSERT,ioungly,oorry
1653844774105192314,INSERT,aid,iaosm
1653844774105199984,INSERT,eopp,eiard
1653844774105207373,INSERT,aagh,oigs
1653844774105214840,INSERT,uiev,ueck
1653844774105222468,INSERT,aacks,iory
1653844774105230170,INSERT,ian,iuts
1653844774105237903,INSERT,off,ieng
1653844774105253123,INSERT,eetch,auewn
1653844774105262270,INSERT,eoll,eeb
1653844774105280474,INSERT,oiamp,aions
1653844774105288372,INSERT,aial,uierd
1653844774105296528,INSERT,aiorf,uly
1653844774105304006,INSERT,iousk,iuc
1653844774105311424,INSERT,ioupp,iory
1653844774105318946,INSERT,uecs,uatt
1653844774105326746,INSERT,eialls,ieusk
1653844774105334925,INSERT,oott,aork
1653844774105342352,INSERT,ieck,iatt
1653844774105349846,INSERT,aohn,oiays
1653844774105357842,INSERT,ill,ords
1653844774105365521,INSERT,oll,eubly
1653844777097109828,INSERT,aald,uon
1653844777097192030,INSERT,aiosm,uel
1653844777097207290,INSERT,ick,aiotz
1653844777097217269,INSERT,iourd,ieuf
1653844777097226959,INSERT,ecy,ully
1653844777097236162,INSERT,iusch,eintz
1653844777097246400,INSERT,oesp,oah
1653844777097255063,INSERT,aiav,uems
1653844777097263483,INSERT,eals,iefy
1653844777097282547,INSERT,oah,uns
1653844777097293325,INSERT,aiols,uieng
1653844777097302239,INSERT,aiok,engs
1653844777097322944,INSERT,iast,aard
1653844777097331759,INSERT,earth,uenn
1653844777097340011,INSERT,uotz,ity
1653844777097348719,INSERT,aiov,iack
1653844777097367174,INSERT,eirm,uiey
1653844777097375768,INSERT,urd,oism
1653844777097384604,INSERT,old,aens
1653844777097393798,INSERT,iofy,eob
1653844777097402258,INSERT,ieunds,aimp
1653844777097410846,INSERT,easm,ip
1653844777097419368,INSERT,aiocy,iaorg
1653844777097427933,INSERT,oects,iucts
1653844777097436134,INSERT,iig,uery
1653844777097444725,INSERT,eenn,iy
1653844777097482394,INSERT,iarry,ioh
1653844777097493023,INSERT,aebs,ieuty
1653844777097501388,INSERT,ug,iouny
1653844777097509942,INSERT,aarst,uany
1653844777097518658,INSERT,oengly,auz
1653844777097526594,INSERT,earst,eiawn
1653844777097535196,INSERT,uierst,eaux
1653844777097543466,INSERT,oiacks,uopt
1653844777097551119,INSERT,uex,oerr
1653844777097559015,INSERT,eing,aat
1653844777097578158,INSERT,aaps,iops
1653844777097588719,INSERT,uiety,iourts
1653844777097596759,INSERT,oihn,iomp
1653844777097605008,INSERT,ioutch,uotts
1653844777097614248,INSERT,ourst,auv
1653844777097622668,INSERT,ointly,ooth
1653844777097672486,INSERT,auey,aild
1653844777097681756,INSERT,octs,aock
1653844777097690014,INSERT,eocy,end
1653844777097699013,INSERT,ieft,aacy
1653844777097707088,INSERT,ieurg,uiels
1653844777097715476,INSERT,ioums,oight
1653844777097723618,INSERT,osh,eax
1653844777097731539,INSERT,eints,ehn
1653844777432072344,INSERT,erm,oiz
1653844777432135098,INSERT,eably,ieny
1653844777432147411,INSERT,ioudly,iosch
1653844777432157773,INSERT,iurr,iux
1653844777432166945,INSERT,eov,aect
1653844777432175801,INSERT,irn,iows
1653844777432187152,INSERT,eisk,iuss
1653844777432195846,INSERT,uilly,aings
1653844777432204721,INSERT,aiox,eintly
1653844777432221298,INSERT,ucy,auent
1653844777432234054,INSERT,iarf,iosly
1653844777432242552,INSERT,iiws,auerd
1653844777432250817,INSERT,orn,uks
1653844777432258901,INSERT,eaulls,iourly
1653844777432267205,INSERT,aup,eiam
1653844777432275342,INSERT,ioh,earm
1653844777432283258,INSERT,earg,iells
1653844777432291498,INSERT,uients,ils
1653844777432299596,INSERT,uoch,euck
1653844777432307173,INSERT,uofy,eump
1653844777432315459,INSERT,eisk,iufy
1653844777432323200,INSERT,iatch,eaully
1653844777432331786,INSERT,ourly,ueft
1653844777432340114,INSERT,ept,eolls
1653844777432347810,INSERT,iaorn,iects
1653844777432355801,INSERT,uoly,ouff
1653844777432375506,INSERT,aests,oads
1653844777432384616,INSERT,uiewn,uiex
1653844777432393066,INSERT,oents,eong
1653844777432401000,INSERT,ieudy,eany
1653844777432409002,INSERT,aws,eaucs
1653844777432417185,INSERT,ieuts,iaolls
1653844777432425806,INSERT,aat,ieuk
1653844777432433708,INSERT,auerly,eoncy
1653844777432441993,INSERT,oss,iorry
1653844777432450461,INSERT,ah,eks
1653844777432468624,INSERT,iorth,iisly
1653844777432478668,INSERT,ois,aiants
1653844777432487147,INSERT,iobly,oably
1653844777432495122,INSERT,iank,ass
1653844777432503893,INSERT,eary,aemp
1653844777432512305,INSERT,eenk,aiars
1653844777432520976,INSERT,uaght,aohl
1653844777432529080,INSERT,eapp,iecy
1653844777432537614,INSERT,iouks,oaps
1653844777432545660,INSERT,ioy,ioucks
1653844777432554250,INSERT,aiz,aetch
1653844777432562765,INSERT,aentz,iug
1653844777432571834,INSERT,id,uiert
1653844777432579478,INSERT,aiontz,iady
1653844780010275606,INSERT,oub,uerly
1653844780010346012,INSERT,oeth,ins
1653844780010359634,INSERT,aiobs,uny
1653844780010383034,INSERT,aesh,eag
1653844780010391626,INSERT,iath,iaors
1653844780010399735,INSERT,iogs,arth
1653844780010409379,INSERT,eond,eak
1653844780010417838,INSERT,ety,auly
1653844780010426700,INSERT,ieutch,ountz
1653844780010443655,INSERT,if,eiav
1653844780010453432,INSERT,uord,eiancy
1653844780010462726,INSERT,auks,eacy
1653844780010480541,INSERT,iv,eub
1653844780010488544,INSERT,eiry,im
1653844780010496547,INSERT,oirth,iags
1653844780010505738,INSERT,iord,oontz
1653844780010524173,INSERT,eit,oins
1653844780010532754,INSERT,iism,ieurm
1653844780010540436,INSERT,iitt,aiat
1653844780010548651,INSERT,oiadly,eiaw
1653844780010556354,INSERT,oogh,aiantz
1653844780010564278,INSERT,aiort,iucy
1653844780010572895,INSERT,oialt,oask
1653844780010581736,INSERT,iaorly,uietts
1653844780010591113,INSERT,iaf,uihn
1653844780010600013,INSERT,uoc,udly
1653844780010618153,INSERT,iaows,ends
1653844780010628445,INSERT,iih,ualy
1653844780022821054,INSERT,aably,aorth
1653844780022847409,INSERT,aial,uash
1653844780022857446,INSERT,aontz,iourts
1653844780022867557,INSERT,ouh,oin
1653844780022876579,INSERT,aay,oorty
1653844780022884229,INSERT,uond,eully
1653844780022892023,INSERT,eiarts,ept
1653844780022900289,INSERT,aes,ualt
1653844780022921126,INSERT,obly,oars
1653844780022932601,INSERT,aaly,eiag
1653844780022940724,INSERT,oicy,eiar
1653844780022949573,INSERT,iotch,iars
1653844780022959026,INSERT,uks,auengly
1653844780022967980,INSERT,aity,aiands
1653844780022979605,INSERT,ierf,uirds
1653844780022988146,INSERT,irry,eirm
1653844780022996785,INSERT,eirg,oiancy
1653844780023005652,INSERT,uiws,iuhn
1653844780023014165,INSERT,usm,oiam
1653844780023023337,INSERT,erds,aug
1653844780023032257,INSERT,uiegy,eld
1653844780023041507,INSERT,ooll,uk
1653844780415007028,INSERT,aask,iax
1653844780415062653,INSERT,aaws,aos
1653844780415071579,INSERT,iocs,uorr
1653844780415077723,INSERT,iatts,own
1653844780415082900,INSERT,aiold,uably
1653844780415088550,INSERT,aah,ans
1653844780415094023,INSERT,ieufy,aeb
1653844780415099087,INSERT,ash,oecs
1653844780415113553,INSERT,eamp,iags
1653844780415125787,INSERT,iuch,aoks
1653844780415132487,INSERT,aiantly,uer
1653844780415137872,INSERT,eauntly,eausk
1653844780415151653,INSERT,aiarty,oiarg
1653844780415157049,INSERT,eass,auety
1653844780415162265,INSERT,iaop,iopp
1653844780415167871,INSERT,uoys,einds
1653844780415173135,INSERT,eaurry,uemp
1653844780415178249,INSERT,aans,ouls
1653844780415183294,INSERT,ioug,eiacks
1653844780415188192,INSERT,oolls,uengly
1653844780415193202,INSERT,ams,ok
1653844780415198163,INSERT,uibs,oecs
1653844780415203025,INSERT,uantly,uirly
1653844780415207889,INSERT,iats,iiny
1653844780415213144,INSERT,eetch,iups
1653844780415218207,INSERT,arn,ieudly
1653844780415230785,INSERT,iab,oatt
1653844780415237175,INSERT,ierf,aints
1653844780415242115,INSERT,urg,oirk
1653844780415246963,INSERT,iub,eaucy
1653844780415251790,INSERT,oibs,euncy
1653844780415256664,INSERT,ouncy,eirm
1653844780415261428,INSERT,ueld,aery
1653844780415266228,INSERT,uell,arm
1653844780415271285,INSERT,aend,opp
1653844780415275950,INSERT,ool,eill
1653844780415289819,INSERT,oerst,eurth
1653844780415296214,INSERT,oupt,aorf
1653844780415309644,INSERT,aued,eb
1653844780415314541,INSERT,iix,aacks
1653844780415319679,INSERT,eof,ols
1653844780415324717,INSERT,ourk,aarf
1653844780415330239,INSERT,iuys,uerm
1653844780415334973,INSERT,aany,oins
1653844780415339845,INSERT,iongs,uony
1653844780415344831,INSERT,iurm,iack
1653844780415349697,INSERT,eelt,iaft
1653844780415354505,INSERT,in,uobly
1653844780415359339,INSERT,auez,uonts
1653844780415364146,INSERT,atts,iadly
1653844781396145541,INSERT,iirm,ooy
1653844781396253655,INSERT,uoct,uamp
1653844781396268585,INSERT,uocts,oiaks
1653844781396278842,INSERT,aih,es
1653844781396288171,INSERT,uiesch,irm
1653844781396297565,INSERT,iex,aass
1653844781396306452,INSERT,eert,ens
1653844781396315059,INSERT,aarg,aks
1653844781396336752,INSERT,uieys,ueff
1653844781396357594,INSERT,ieurty,eiav
1653844781396369650,INSERT,iily,iords
1653844781396378271,INSERT,eaury,oorg
1653844781396400115,INSERT,iourts,oel
1653844781396408457,INSERT,ack,aict
1653844781396417769,INSERT,aofy,auls
1653844781396426514,INSERT,all,aasm
1653844781396435305,INSERT,aez,ipp
1653844781396444298,INSERT,ahn,iawn
1653844781396452841,INSERT,uash,uop
1653844781396462153,INSERT,oiacy,aotz
1653844781396470855,INSERT,oitt,iour
1653844781396479561,INSERT,eohn,aasp
1653844781396487988,INSERT,eonk,als
1653844781396496894,INSERT,aells,eusly
1653844781396505119,INSERT,aict,out
1653844781396513743,INSERT,oid,ol
1653844781396544041,INSERT,iebly,ooth
1653844781396555055,INSERT,eurst,eegs
1653844781396563852,INSERT,aally,uocks
1653844781396571556,INSERT,iums,oll
1653844781396579792,INSERT,aocts,aump
1653844781396588621,INSERT,eecs,eaump
1653844781396597554,INSERT,ouw,ourd
1653844781396604763,INSERT,aerf,iaory
1653844781396613493,INSERT,aangs,eeft
1653844781396621883,INSERT,uenn,uids
1653844781396659635,INSERT,oesly,ez
1653844781396679221,INSERT,uiv,eauntly
1653844781396700409,INSERT,iaok,ourr
1653844781396709273,INSERT,eith,uess
1653844781396717790,INSERT,uiend,iects
1653844781396726668,INSERT,or,uierm
1653844781396734995,INSERT,ahn,ieutz
1653844781396743525,INSERT,iark,aiantly
1653844781396752327,INSERT,eirg,uam
1653844781396760452,INSERT,iirg,iuns
1653844781396768581,INSERT,auef,iny
1653844781396777612,INSERT,oott,aegs
1653844781396785802,INSERT,iurr,iosp
1653844781396794201,INSERT,iotts,eath
1653844781792119202,INSERT,eag,auency
1653844781792213719,INSERT,oory,ieugy
1653844781792227775,INSERT,aety,aarf
1653844781792248270,INSERT,usp,iorr
1653844781792257023,INSERT,orly,euws
1653844781792266318,INSERT,uiez,aorg
1653844781792274727,INSERT,aup,aoy
1653844781792283224,INSERT,eold,aorts
1653844781792292239,INSERT,eift,iedly
1653844781792311971,INSERT,aiopt,eiarn
1653844781792323191,INSERT,aubs,eiacts
1653844781792332178,INSERT,iaorn,octs
1653844781792341526,INSERT,eiams,aihn
1653844781792365827,INSERT,uch,ieubly
1653844781792374895,INSERT,uesm,iubly
1653844781792382685,INSERT,uasch,eums
1653844781792391081,INSERT,uays,iouc
1653844781792399411,INSERT,oib,uontz
1653844781792420655,INSERT,eind,erk
1653844781792429522,INSERT,ost,iutt
1653844781792438400,INSERT,oiancy,ieuls
1653844781792447150,INSERT,uopp,iouk
1653844781792456359,INSERT,uienk,ound
1653844781792465184,INSERT,aiosh,oum
1653844781792473779,INSERT,oiact,urst
1653844781792482969,INSERT,iit,its
1653844781792512461,INSERT,ieunt,urts
1653844781792523574,INSERT,uepp,ooll
1653844781792532494,INSERT,eusly,aonn
1653844781792540747,INSERT,eon,ieult
1653844781792549360,INSERT,ious,earf
1653844781792557426,INSERT,ucy,iaohl
1653844781792565483,INSERT,oerly,oow
1653844781792573739,INSERT,iubs,ism
1653844781792582351,INSERT,auerd,oich
1653844781792590608,INSERT,aonts,eancy
1653844781792607616,INSERT,oipp,eully
1653844781792618114,INSERT,oory,iught
1653844781792627128,INSERT,uix,oz
1653844781792653596,INSERT,ioh,aueys
1653844781792663404,INSERT,earry,eaugs
1653844781792672488,INSERT,iounts,iah
1653844781792682035,INSERT,aaws,oir
1653844781792690203,INSERT,ioucks,eirds
1653844781792712467,INSERT,aorst,iudly
1653844781792722472,INSERT,iac,osk
1653844781792731111,INSERT,eow,iasly
1653844781792740065,INSERT,ietz,iouk
1653844781792748837,INSERT,euys,aucks
1653844781792757428,INSERT,eeth,iusm
1653844782198855119,INSERT,ucts,uiects
1653844782198943885,INSERT,oiays,oury
1653844782198955658,INSERT,eews,eik
1653844782198963499,INSERT,oeb,uards
1653844782198971247,INSERT,ieurm,aons
1653844782198979302,INSERT,uantly,ists
1653844782198987467,INSERT,aur,eiard
1653844782198995924,INSERT,oac,ouch
1653844782199004254,INSERT,oeds,eiarr
1653844782199021844,INSERT,ieb,ieuds
1653844782199031799,INSERT,airn,iourly
1653844782199039947,INSERT,eiatch,uord
1653844782199047975,INSERT,iops,iy
1653844782199055460,INSERT,oamp,eian
1653844782199063187,INSERT,iry,ics
1653844782199070966,INSERT,aucts,aiof
1653844782199080231,INSERT,iuny,eows
1653844782199088914,INSERT,oorty,ucy
1653844782199107115,INSERT,oiw,urst
1653844782199115425,INSERT,iaorts,eantly
1653844782199124981,INSERT,iirm,aiopp
1653844782199134565,INSERT,ioncy,ufy
1653844782199144095,INSERT,ointz,uintz
1653844782199152860,INSERT,aiand,oich
1653844782199171648,INSERT,oocks,uosh
1653844782199180650,INSERT,oays,irg
1653844782199206082,INSERT,ients,aiarf
1653844782199216385,INSERT,is,uetts
1653844782199225530,INSERT,oiax,uts
1653844782199234145,INSERT,eirf,ady
1653844782199243078,INSERT,uierd,eeght
1653844782199251637,INSERT,uids,aarr
1653844782199260478,INSERT,eirly,uieng
1653844782199269186,INSERT,oct,aory
1653844782199278422,INSERT,irds,iek
1653844782199287165,INSERT,aong,iosp
1653844782199303820,INSERT,ian,ieuntz
1653844782199314044,INSERT,eiat,ings
1653844782199332411,INSERT,iik,aost
1653844782199341584,INSERT,iuft,antly
1653844782199349443,INSERT,iorty,uery
1653844782199357496,INSERT,eik,eey
1653844782199364751,INSERT,aurs,aiatch
1653844782199372689,INSERT,iobs,east
1653844782199380512,INSERT,iuv,aot
1653844782199388185,INSERT,auetts,aiohn
1653844782199397989,INSERT,aiatts,und
1653844782199406685,INSERT,aiong,aem
1653844782199415231,INSERT,airst,ac
1653844782199423925,INSERT,ieny,iaorry
1653844785440143112,INSERT,ok,iaorth
1653844785440216715,INSERT,iutz,eiarr
1653844785440229437,INSERT,aesk,iigh
1653844785440239052,INSERT,iecks,esk
1653844785440247271,INSERT,aish,auz
1653844785440255624,INSERT,oask,ek
1653844785440264663,INSERT,uierry,uierm
1653844785440273858,INSERT,iaott,oacts
1653844785440282119,INSERT,aiorm,uids
1653844785440300982,INSERT,uietch,iunn
1653844785440312534,INSERT,aior,ierts
1653844785440321332,INSERT,iirg,oially
1653844785440330166,INSERT,oul,eff
1653844785440338973,INSERT,uiecs,uecs
1653844785440348042,INSERT,eurly,ugh
1653844785440356631,INSERT,oonts,iourt
1653844785440365430,INSERT,auebly,oaz
1653844785440374275,INSERT,auerg,eaght
1653844785440382530,INSERT,eintly,iaosm
1653844785440391548,INSERT,iuwn,oits
1653844785440400154,INSERT,eick,euck
1653844785440409102,INSERT,ead,uarty
1653844785440417302,INSERT,ionk,eucs
1653844785440425079,INSERT,uiesk,oap
1653844785440433534,INSERT,uohn,iaong
1653844785440441728,INSERT,auw,uk
1653844785440460247,INSERT,arts,ark
1653844785440471040,INSERT,aact,og
1653844785440480038,INSERT,oorts,aiads
1653844785440488591,INSERT,iouws,iuch
1653844785440497291,INSERT,aez,uengly
1653844785440505739,INSERT,oerth,aac
1653844785440514363,INSERT,uiegs,aitz
1653844785440523391,INSERT,eontz,ack
1653844785440531828,INSERT,uoch,orry
1653844785440539415,INSERT,iott,aiosp
1653844785440558372,INSERT,aally,uix
1653844785440569819,INSERT,aab,iurg
1653844785440578654,INSERT,iuns,eatts
1653844785440587911,INSERT,iand,eght
1653844785440596436,INSERT,eaubly,iax
1653844785440604711,INSERT,aih,iews
1653844785440612638,INSERT,iuns,uict
1653844785440621749,INSERT,eabs,iug
1653844785440630464,INSERT,eips,oirr
1653844785440658044,INSERT,aiatch,uds
1653844785440666861,INSERT,eonn,aask
1653844785440675971,INSERT,eug,aog
1653844785440685124,INSERT,uebs,aerry
1653844785440697113,INSERT,ufy,eest
1653844785730079654,INSERT,aiangs,eauv
1653844785730148047,INSERT,aiosly,uarry
1653844785730160934,INSERT,oenk,eks
1653844785730170842,INSERT,euts,aiatt
1653844785730180264,INSERT,eaully,oork
1653844785730189814,INSERT,eahn,euck
1653844785730199157,INSERT,aofy,ep
1653844785730208094,INSERT,aect,aiaws
1653844785730217036,INSERT,oor,iiz
1653844785730237754,INSERT,iaorty,iaorn
1653844785730248469,INSERT,uond,oip
1653844785730256959,INSERT,aurds,oawn
1653844785730266134,INSERT,uox,uerty
1653844785730275003,INSERT,eany,obs
1653844785730284274,INSERT,uasly,iicy
1653844785730293447,INSERT,oipp,auc
1653844785730302429,INSERT,aoncy,iaold
1653844785730311348,INSERT,oiahn,aiath
1653844785730329239,INSERT,ail,iolls
1653844785730338933,INSERT,ams,aebly
1653844785730347402,INSERT,aet,ety
1653844785730355883,INSERT,uang,aings
1653844785730364447,INSERT,uohl,uak
1653844785730373378,INSERT,oft,uerts
1653844785730382933,INSERT,iaty,eautts
1653844785730392015,INSERT,oiaght,eept
1653844785730409723,INSERT,uords,uiety
1653844785730419576,INSERT,iaorr,oims
1653844785730428623,INSERT,uiesp,aicks
1653844785730436634,INSERT,ouss,afy
1653844785730444534,INSERT,aerk,aiar
1653844785730453978,INSERT,oars,aingly
1653844785730463206,INSERT,iiny,oarf
1653844785730472293,INSERT,ild,oz
1653844785730480560,INSERT,eds,oiags
1653844785730489887,INSERT,aully,iul
1653844785730506355,INSERT,aedy,eod
1653844785730517413,INSERT,isk,ionts
1653844785730526178,INSERT,ausm,oesm
1653844785730535225,INSERT,uac,aioct
1653844785730544157,INSERT,irty,uielt
1653844785730553182,INSERT,aintz,aedy
1653844785730562295,INSERT,aupp,eiah
1653844785730570132,INSERT,iunds,ord
1653844785730578588,INSERT,aiass,uls
1653844785730587187,INSERT,uern,iuwn
1653844785730607262,INSERT,uierg,ios
1653844785730615717,INSERT,edly,ing
1653844785730624912,INSERT,eiawn,oancy
1653844785730634122,INSERT,aiam,uiks
1653844786313081906,INSERT,oarry,engs
1653844786313164185,INSERT,iusk,oiacts
1653844786313178159,INSERT,eiz,aior
1653844786313188026,INSERT,eic,iouts
1653844786313196977,INSERT,uils,auck
1653844786313206459,INSERT,aolls,otz
1653844786313215154,INSERT,iomp,aiatt
1653844786313224207,INSERT,aty,iatz
1653844786313233024,INSERT,ied,uiebs
1653844786313252465,INSERT,uieps,eecy
1653844786313264126,INSERT,ootz,ueg
1653844786313272530,INSERT,ett,iost
1653844786313280262,INSERT,eebly,iaols
1653844786313288714,INSERT,oisk,aals
1653844786313297437,INSERT,iouns,iutts
1653844786313305550,INSERT,aax,aept
1653844786313314406,INSERT,iency,eacts
1653844786313323836,INSERT,iahl,autch
1653844786313333057,INSERT,aiop,oct
1653844786313341352,INSERT,aurr,ieudy
1653844786313350888,INSERT,aoz,iaob
1653844786313360053,INSERT,oiads,ids
1653844786313368825,INSERT,iird,aetts
1653844786313377730,INSERT,aiacy,uentz
1653844786313386526,INSERT,aps,euc
1653844786313395999,INSERT,aiards,ieds
1653844786313418474,INSERT,ierty,iils
1653844786313429677,INSERT,oiab,al
1653844786313438419,INSERT,oats,eony
1653844786313447384,INSERT,eiars,auerf
1653844786313456258,INSERT,auld,uiend
1653844786313463843,INSERT,aists,iurts
1653844786313471603,INSERT,iaogh,oiapp
1653844786313480249,INSERT,uw,oudy
1653844786313489102,INSERT,iox,aiosm
1653844786313497416,INSERT,oially,iut
1653844786313514930,INSERT,aesm,iands
1653844786313525833,INSERT,ocs,ees
1653844786313534580,INSERT,aueght,eon
1653844786313542960,INSERT,uin,iisk
1653844786313551662,INSERT,iick,euk
1653844786313560715,INSERT,aueps,aety
1653844786313569309,INSERT,aiok,oisch
1653844786313578279,INSERT,aeng,ul
1653844786313599046,INSERT,eil,aen
1653844786313608372,INSERT,aaly,un
1653844786313617213,INSERT,aiangs,oint
1653844786313626757,INSERT,oiaz,ieurr
1653844786313774193,INSERT,iitch,uect
1653844786313789868,INSERT,oid,uams
1653844788528384397,INSERT,eor,aiosly
1653844788528470429,INSERT,iaoff,etz
1653844788528485360,INSERT,oigy,eiys
1653844788528496512,INSERT,oasts,iaol
1653844788528506922,INSERT,eols,aiany
1653844788528516902,INSERT,iaopp,ieurg
1653844788528526999,INSERT,oert,ang
1653844788528536552,INSERT,iung,arry
1653844788528545433,INSERT,uws,aohl
1653844788528563613,INSERT,euts,iex
1653844788528574691,INSERT,eind,iouwn
1653844788528582757,INSERT,uitts,eitt
1653844788528591509,INSERT,uh,isly
1653844788528599860,INSERT,aiams,oens
1653844788528608254,INSERT,oux,aecks
1653844788528616966,INSERT,otts,eisp
1653844788528625901,INSERT,uoft,inn
1653844788530694605,INSERT,iif,iiwn
1653844788530727897,INSERT,err,iert
1653844788530738553,INSERT,oeff,eects
1653844788530748545,INSERT,auetz,aueth
1653844788530757660,INSERT,aofy,aels
1653844788530767264,INSERT,eetts,ams
1653844788530776163,INSERT,ierd,uiesp
1653844788530785620,INSERT,ends,iept
1653844788530794692,INSERT,oontz,uts
1653844788530817997,INSERT,all,eaun
1653844788530829088,INSERT,iz,uolls
1653844788530845447,INSERT,iesp,eods
1653844788530853651,INSERT,iirry,iurst
1653844788530861812,INSERT,aiort,aiz
1653844788530870917,INSERT,oosts,ury
1653844788530880342,INSERT,iord,arty
1653844788530889286,INSERT,eiks,ood
1653844788530897698,INSERT,oiay,irn
1653844788530906993,INSERT,aengs,uitt
1653844788530924292,INSERT,aorst,ourds
1653844788530934681,INSERT,eewn,iik
1653844788530943447,INSERT,oed,aiom
1653844788530952312,INSERT,ieust,aiang
1653844788530961460,INSERT,aap,uix
1653844788530970186,INSERT,aioncy,eauff
1653844788530979505,INSERT,eusk,eulls
1653844788530997437,INSERT,ocs,iath
1653844788531006337,INSERT,eoh,eel
1653844788531015462,INSERT,iunk,aiarm
1653844788531024784,INSERT,eobs,iugh
1653844788531034056,INSERT,uict,aosp
1653844788531043793,INSERT,iaosts,ioucks
1653844788531053435,INSERT,eedy,uatch
1653844790047277048,INSERT,eight,iouw
1653844790047371571,INSERT,aory,oeps
1653844790047386282,INSERT,ently,iuth
1653844790047397103,INSERT,eaucs,uiel
1653844790047406591,INSERT,ieb,uoss
1653844790047416447,INSERT,aost,ouc
1653844790047426178,INSERT,iorn,oeny
1653844790047435381,INSERT,ooch,aueft
1653844790047444742,INSERT,oapt,oid
1653844790047464894,INSERT,ors,eong
1653844790047476250,INSERT,aiorg,iart
1653844790047486733,INSERT,aay,ierry
1653844790047496106,INSERT,iim,uisp
1653844790047505693,INSERT,uiely,uahl
1653844790047515914,INSERT,oungly,eird
1653844790047525558,INSERT,eably,esk
1653844790047535068,INSERT,oerth,oerth
1653844790047543653,INSERT,uight,aiotz
1653844790047553052,INSERT,aiort,iuys
1653844790047561954,INSERT,iuny,uels
1653844790047570953,INSERT,eentz,oialy
1653844790047579872,INSERT,aonk,ueys
1653844790047588630,INSERT,ary,auec
1653844790047597550,INSERT,iouch,ink
1653844790047606349,INSERT,onk,iands
1653844790047630066,INSERT,oiaty,aigh
1653844790050720229,INSERT,oiady,iihn
1653844790050757291,INSERT,iaps,iuz
1653844790050768297,INSERT,ieups,aolls
1653844790050777250,INSERT,eauls,iesm
1653844790050786894,INSERT,iouf,aosp
1653844790050795463,INSERT,aarly,eiad
1653844790051251306,INSERT,aiadly,iaors
1653844790051263710,INSERT,aocs,oetz
1653844790051273402,INSERT,aory,unt
1653844790051294690,INSERT,aiocts,uagy
1653844790051314797,INSERT,ailt,iang
1653844790051336538,INSERT,iaoth,iarty
1653844790051345464,INSERT,ieung,eauls
1653844790051353890,INSERT,ials,eims
1653844790051362438,INSERT,ouwn,oall
1653844790051371004,INSERT,aiald,ainn
1653844790051378820,INSERT,uocks,ion
1653844790051387805,INSERT,oongly,aiath
1653844790051397019,INSERT,audly,uietts
1653844790051406169,INSERT,eeng,uingly
1653844790051415689,INSERT,oih,aory
1653844790051426633,INSERT,uams,eiasm
1653844790051434990,INSERT,uz,iv
1653844790051443505,INSERT,uid,aialls
1653844790632275042,INSERT,iets,iaff
1653844790632333506,INSERT,eesp,aald
1653844790632342722,INSERT,ieuft,eubs
1653844790632348665,INSERT,uetch,eaz
1653844790632354469,INSERT,iougy,iaorr
1653844790632360111,INSERT,aay,eitt
1653844790632365365,INSERT,eausk,oak
1653844790632370545,INSERT,iorn,eett
1653844790632375609,INSERT,aub,uiect
1653844790632387834,INSERT,eibs,uaps
1653844790632394509,INSERT,auct,uiend
1653844790632399520,INSERT,iaots,iouy
1653844790632404365,INSERT,eehl,eim
1653844790632409119,INSERT,ud,auect
1653844790632413989,INSERT,ieunn,uncy
1653844790632418961,INSERT,ocy,uiesly
1653844790632423865,INSERT,ans,auerry
1653844790632429147,INSERT,ick,uish
1653844790632434290,INSERT,eedy,iusk
1653844790632439073,INSERT,uom,eibs
1653844790632443724,INSERT,auerr,eerm
1653844790632448449,INSERT,az,iaorg
1653844790632453262,INSERT,oiaks,itch
1653844790632458195,INSERT,oohl,aosm
1653844790632462956,INSERT,auek,eny
1653844790632467733,INSERT,aly,aintz
1653844790632482126,INSERT,uoys,uips
1653844790632488433,INSERT,oiarry,aangs
1653844790632493434,INSERT,eung,eiarst
1653844790632498499,INSERT,iarg,ioull
1653844790632503260,INSERT,iily,aok
1653844790632508014,INSERT,ourm,oudy
1653844790632512784,INSERT,ioump,auntly
1653844790632517610,INSERT,eaurly,iaolly
1653844790632522398,INSERT,aiown,oils
1653844790632527132,INSERT,aefy,urty
1653844790632539162,INSERT,aild,oer
1653844790632545495,INSERT,ouck,aiass
1653844790632558850,INSERT,auess,uonts
1653844790632563776,INSERT,oiahn,eict
1653844790632568608,INSERT,ieff,ough
1653844790632573157,INSERT,eils,uem
1653844790632577963,INSERT,itt,aept
1653844790632582540,INSERT,oink,eirk
1653844790632587254,INSERT,iong,iouz
1653844790632591834,INSERT,uorty,iout
1653844790632596593,INSERT,uitz,ieups
1653844790632601558,INSERT,uify,asp
1653844790632606548,INSERT,ioupp,eev
1653844790632611533,INSERT,oiak,oancy
1653844790911165452,INSERT,ieurds,aarr
1653844790911248075,INSERT,und,iegh
1653844790911262779,INSERT,oups,oiarth
1653844790911273221,INSERT,euld,iarty
1653844790911282500,INSERT,aax,ept
1653844790911291940,INSERT,irly,iaot
1653844790911301665,INSERT,aorst,ieurt
1653844790911311328,INSERT,iords,iuc
1653844790911335598,INSERT,iiss,uigs
1653844790911356821,INSERT,eops,aests
1653844790911368122,INSERT,aur,iays
1653844790911377252,INSERT,eaufy,uys
1653844790911385385,INSERT,uofy,isp
1653844790911394147,INSERT,eiary,ongs
1653844790911403282,INSERT,oody,utch
1653844790911412681,INSERT,uoss,oorth
1653844790911421357,INSERT,ioum,ioly
1653844790911430402,INSERT,ieutt,eauth
1653844790911438801,INSERT,uieh,oin
1653844790911447597,INSERT,aty,oerty
1653844790911455972,INSERT,iing,aiact
1653844790911464613,INSERT,iups,eucs
1653844790911473538,INSERT,uor,ill
1653844790911481775,INSERT,iony,erg
1653844790911490329,INSERT,aiart,eugs
1653844790911498882,INSERT,as,uelly
1653844790911516431,INSERT,uitz,uern
1653844790911527904,INSERT,iouny,aiogs
1653844790911536841,INSERT,arg,aiasly
1653844790911545050,INSERT,aiorth,eiaws
1653844790911553788,INSERT,eocks,eiac
1653844790911562024,INSERT,aingly,urry
1653844790911571526,INSERT,iasch,uirn
1653844790911580668,INSERT,auedy,aey
1653844790911588672,INSERT,auntz,ooy
1653844790911609817,INSERT,eing,ouncy
1653844790911628110,INSERT,ealy,eorly
1653844790911656922,INSERT,ur,eausm
1653844790911665916,INSERT,oably,ed
1653844790911674948,INSERT,uall,eog
1653844790911684241,INSERT,eaupt,auefy
1653844790911693160,INSERT,oests,aent
1653844790911701065,INSERT,uarr,oob
1653844790911709205,INSERT,eegh,ump
1653844790911718312,INSERT,uedy,iump
1653844790911726951,INSERT,oott,aionn
1653844790911735467,INSERT,oll,eiarn
1653844790911744510,INSERT,old,eax
1653844790911752617,INSERT,uects,ob
1653844790911761555,INSERT,iirt,ells
1653844792402128571,INSERT,uirst,oitts
1653844792402207553,INSERT,ails,aar
1653844792402225411,INSERT,eorry,ioum
1653844792402235127,INSERT,iaords,eiants
1653844792402244511,INSERT,augh,igs
1653844792402253275,INSERT,uapp,iaogy
1653844792402262214,INSERT,iov,oes
1653844792402270595,INSERT,uogy,ioungly
1653844792402279441,INSERT,oeys,aiontly
1653844792402298647,INSERT,oiags,uod
1653844792402309434,INSERT,onk,iaords
1653844792402318135,INSERT,aiatz,eiys
1653844792402326797,INSERT,eiab,iesly
1653844792402335627,INSERT,iewn,airm
1653844792402344120,INSERT,eent,ugy
1653844792402352710,INSERT,iupt,aiands
1653844792402361433,INSERT,uebs,oosh
1653844792402370285,INSERT,irts,oosk
1653844792402378915,INSERT,aiorty,eops
1653844792402387390,INSERT,ualy,uos
1653844792402395946,INSERT,oiafy,iins
1653844792402405020,INSERT,iaoct,auell
1653844792402413886,INSERT,aians,eags
1653844792402422769,INSERT,aiogs,ity
1653844792402430785,INSERT,oiapt,iouk
1653844792402439316,INSERT,iech,auek
1653844792402458689,INSERT,aop,eacs
1653844792402469473,INSERT,aotch,oorts
1653844792402477878,INSERT,iam,eengly
1653844792402486476,INSERT,oory,uish
1653844792402507361,INSERT,ieb,ioght
1653844792402515996,INSERT,iaz,oiays
1653844792402524872,INSERT,iangly,uact
1653844792402533791,INSERT,aiobly,eeny
1653844792402542686,INSERT,iuff,eiaps
1653844792402551898,INSERT,aor,eiarf
1653844792402572200,INSERT,iss,aibly
1653844792402583006,INSERT,aiary,iec
1653844792402591351,INSERT,iouhn,uots
1653844792402599785,INSERT,eed,aialt
1653844792402607938,INSERT,aont,euts
1653844792402616795,INSERT,aify,aatt
1653844792402625215,INSERT,iory,uirry
1653844792402633516,INSERT,ects,aems
1653844792402661525,INSERT,iuhl,arly
1653844792402669447,INSERT,eiax,uients
1653844792402678831,INSERT,oeg,euds
1653844792402687945,INSERT,ioubs,oipp
1653844792402696117,INSERT,aury,aoz
1653844792402703999,INSERT,uiecs,uath
1653844792706268392,INSERT,ioutch,eiays
1653844792706338921,INSERT,ioucks,oiangly
1653844792706352511,INSERT,ions,eiwn
1653844792706360869,INSERT,oerts,oins
1653844792706369929,INSERT,aiac,ieunk
1653844792706379046,INSERT,unds,aiady
1653844792706386886,INSERT,uesly,oip
1653844792706396043,INSERT,iov,outh
1653844792706486079,INSERT,ests,ieks
1653844792706522306,INSERT,eetz,eells
1653844792706534085,INSERT,iaks,otch
1653844792706542422,INSERT,ouh,ours
1653844792706550689,INSERT,iust,ountz
1653844792706559163,INSERT,uift,eintly
1653844792706568200,INSERT,os,uieft
1653844792706576513,INSERT,arm,ioubs
1653844792706585287,INSERT,uith,uink
1653844792706596268,INSERT,aiarr,ieun
1653844792706604647,INSERT,aety,uiects
1653844792706612956,INSERT,uilt,eaugy
1653844792706622177,INSERT,oow,oiacs
1653844792706630777,INSERT,iex,uant
1653844792706664433,INSERT,am,uask
1653844792706673489,INSERT,oerd,ausly
1653844792706682330,INSERT,iush,eongs
1653844792706691263,INSERT,iogs,uiew
1653844792706709696,INSERT,iify,oarg
1653844792706720565,INSERT,ionk,airds
1653844792706728922,INSERT,ees,eiart
1653844792706737619,INSERT,aiaft,iiys
1653844792706746965,INSERT,eorr,eot
1653844792706755576,INSERT,eiarry,eidly
1653844792706764259,INSERT,uill,aiags
1653844792706772832,INSERT,ieurk,aionds
1653844792706781333,INSERT,osm,an
1653844792706789324,INSERT,oick,erty
1653844792706806640,INSERT,as,urt
1653844792706816749,INSERT,eeh,utt
1653844792706837311,INSERT,uirf,eopp
1653844792706845888,INSERT,aiabs,ier
1653844792706853537,INSERT,oiacks,oedy
1653844792706861867,INSERT,uecks,eak
1653844792706871061,INSERT,ueg,iuc
1653844792706881724,INSERT,eiants,oly
1653844792706890408,INSERT,old,eatt
1653844792706899044,INSERT,itch,ins
1653844792706906376,INSERT,eob,euly
1653844792706915138,INSERT,oords,eiatch
1653844792706925352,INSERT,ouv,oiy
1653844792706933640,INSERT,eobly,aify
1653844795589270227,INSERT,iohl,uity
1653844795589343658,INSERT,aers,aiams
1653844795589357690,INSERT,orst,ood
1653844795589367358,INSERT,ioft,oerly
1653844795589376402,INSERT,eady,aerts
1653844795589385853,INSERT,irly,aty
1653844795589395159,INSERT,iew,oums
1653844795589403800,INSERT,ieusk,aesch
1653844795589412575,INSERT,oidly,ev
1653844795589430886,INSERT,iaory,aiy
1653844795589442270,INSERT,oerf,eaush
1653844795589451319,INSERT,eorm,uiert
1653844795589459002,INSERT,ieys,oith
1653844795589467802,INSERT,uad,ually
1653844795589476504,INSERT,orst,iaorst
1653844795589485002,INSERT,aorn,aiaght
1653844795589493640,INSERT,ieut,eind
1653844795589502249,INSERT,uands,oidly
1653844795589510652,INSERT,eets,iunds
1653844795589519200,INSERT,eam,uentz
1653844795589527757,INSERT,aly,oesch
1653844795589549517,INSERT,aiody,uienn
1653844795589558094,INSERT,uirts,auc
1653844795589578915,INSERT,iorm,iads
1653844795589587644,INSERT,erth,aiarts
1653844795589596509,INSERT,easm,aon
1653844795589615399,INSERT,uift,aitch
1653844795589626270,INSERT,uierr,ieusk
1653844795589656246,INSERT,aaly,oind
1653844795589678983,INSERT,utts,eh
1653844795589687787,INSERT,aiangly,ierry
1653844795589695409,INSERT,iry,uely
1653844795589703959,INSERT,iorty,uefy
1653844795589712570,INSERT,auem,aarly
1653844795589720497,INSERT,uiry,eauws
1653844795589728641,INSERT,oups,uet
1653844795589746479,INSERT,earm,aiark
1653844795589758018,INSERT,amp,aiants
1653844795589766759,INSERT,aem,aond
1653844795589775192,INSERT,eiat,ueff
1653844795589784493,INSERT,eauhl,eaur
1653844795589792899,INSERT,aebly,en
1653844795589802058,INSERT,airs,iaolt
1653844795589811635,INSERT,aong,eauys
1653844795589827541,INSERT,ouh,oert
1653844795589836666,INSERT,iahn,eitt
1653844795589845379,INSERT,eiabs,oip
1653844795589855638,INSERT,iogy,ointly
1653844795589865298,INSERT,oasch,iaons
1653844795589874807,INSERT,oosp,ootts
1653844796110480237,INSERT,aehl,ienk
1653844796110560041,INSERT,eups,uoy
1653844796110574889,INSERT,ear,eauff
1653844796110584909,INSERT,iurn,iaos
1653844796110594106,INSERT,uesp,euff
1653844796110603533,INSERT,aiosh,eaus
1653844796110613033,INSERT,aets,aarty
1653844796110621434,INSERT,aatz,aox
1653844796110630119,INSERT,eapp,uody
1653844796110674615,INSERT,uiens,iif
1653844796110686340,INSERT,uerth,oett
1653844796110694596,INSERT,euwn,ouy
1653844796110702874,INSERT,aents,aocts
1653844796110712290,INSERT,oibly,ousts
1653844796110720908,INSERT,eauff,iudly
1653844796110729895,INSERT,uih,eucy
1653844796110738864,INSERT,oiarr,eays
1653844796110747264,INSERT,iaocks,ieusm
1653844796110767896,INSERT,aoy,iants
1653844796110776172,INSERT,iends,ais
1653844796110796409,INSERT,iaobly,oac
1653844796110806147,INSERT,iurr,ur
1653844796110814976,INSERT,uiess,ioch
1653844796110823273,INSERT,aabs,uiems
1653844796110832106,INSERT,ault,urf
1653844796110840620,INSERT,oots,oiks
1653844796110872832,INSERT,uiys,ioud
1653844796110883648,INSERT,aiamp,ieuty
1653844796110891201,INSERT,iards,ietch
1653844796110898868,INSERT,aiaz,ierg
1653844796110906428,INSERT,iugs,ieusly
1653844796110914139,INSERT,eiady,aiact
1653844796110922950,INSERT,auety,uek
1653844796110930657,INSERT,eauh,uins
1653844796110938085,INSERT,ught,iim
1653844796110946788,INSERT,ieuhn,irty
1653844796110966098,INSERT,ounn,ars
1653844796110977433,INSERT,ieugh,aur
1653844796110985392,INSERT,aords,ex
1653844796110993247,INSERT,aems,aioght
1653844796111001729,INSERT,ass,ioutch
1653844796111010294,INSERT,iasm,oosts
1653844796111018489,INSERT,ieudy,oacks
1653844796111027453,INSERT,eask,oirm
1653844796111035878,INSERT,uony,uacks
1653844796111044360,INSERT,ooys,aoc
1653844796111052529,INSERT,aomp,aiops
1653844796111061604,INSERT,eialt,iesch
1653844796111070176,INSERT,eng,aiap
1653844796111078520,INSERT,oiably,iewn
1653844797284155402,INSERT,ieps,iip
1653844797284216801,INSERT,iim,aiap
1653844797284225370,INSERT,ound,iobly
1653844797284231340,INSERT,easch,oict
1653844797284244857,INSERT,eits,euks
1653844797284250574,INSERT,eerm,iaft
1653844797284256100,INSERT,aiof,aints
1653844797284261399,INSERT,uedly,oiaf
1653844797284267027,INSERT,iaoys,uerty
1653844797284281140,INSERT,uity,uok
1653844797284287827,INSERT,uem,aaks
1653844797284293149,INSERT,aoc,uiems
1653844797284298023,INSERT,eiary,aesp
1653844797284303071,INSERT,aully,aiagh
1653844797284307969,INSERT,eong,iount
1653844797284312887,INSERT,aur,eirr
1653844797284317817,INSERT,eill,eott
1653844797284322977,INSERT,eogh,oiahn
1653844797284327914,INSERT,ioght,ords
1653844797284341969,INSERT,iungly,aurts
1653844797284347282,INSERT,iely,oosh
1653844797284361947,INSERT,uopp,oif
1653844797284366899,INSERT,ieurt,uantly
1653844797284372023,INSERT,aks,uecs
1653844797284376918,INSERT,oially,auesm
1653844797284381800,INSERT,iirk,uipt
1653844797284394199,INSERT,ow,uohn
1653844797284408069,INSERT,iubs,aiocs
1653844797284413465,INSERT,eutt,iicy
1653844797284418507,INSERT,ouft,oorst
1653844797284423522,INSERT,uarg,uilt
1653844797284428400,INSERT,eosh,eapt
1653844797284433441,INSERT,iant,eetts
1653844797284438494,INSERT,orm,uncy
1653844797284443362,INSERT,iuhn,oop
1653844797284448202,INSERT,ierf,iech
1653844797284460329,INSERT,iecy,oufy
1653844797284466389,INSERT,oury,eaty
1653844797284471279,INSERT,eaufy,ault
1653844797284476054,INSERT,uns,eidly
1653844797284481030,INSERT,ualls,ull
1653844797284485910,INSERT,easts,eauntz
1653844797284491158,INSERT,oamp,uatz
1653844797284496314,INSERT,ausk,iest
1653844797284501430,INSERT,uely,iws
1653844797284506439,INSERT,ierk,erly
1653844797284511427,INSERT,iuch,early
1653844797284516327,INSERT,ieunk,oiast
1653844797284521217,INSERT,uinn,eotts
1653844797284526188,INSERT,aords,oops
1653844797813089510,INSERT,eight,oebs
1653844797813178285,INSERT,antz,ainy
1653844797813193643,INSERT,eish,act
1653844797813203400,INSERT,iony,iert
1653844797813212381,INSERT,eeys,uons
1653844797813221774,INSERT,iwn,aitch
1653844797813230318,INSERT,ieug,auends
1653844797813239409,INSERT,iasp,ieurm
1653844797813248410,INSERT,aiads,urly
1653844797813267467,INSERT,oant,aisk
1653844797813278278,INSERT,aiorts,uong
1653844797813287346,INSERT,eort,iry
1653844797813296370,INSERT,uesp,euhl
1653844797813318115,INSERT,ials,ally
1653844797813337358,INSERT,aith,aed
1653844797813358154,INSERT,orty,aitts
1653844797813367491,INSERT,oalls,oift
1653844797813376958,INSERT,oenk,uify
1653844797813385504,INSERT,uss,oagy
1653844797813393751,INSERT,eink,oists
1653844797813402738,INSERT,oewn,ieungs
1653844797813424210,INSERT,iouty,ought
1653844797813432876,INSERT,eians,aintz
1653844797813442082,INSERT,ieudly,ieuntly
1653844797813450901,INSERT,uint,eogs
1653844797813459374,INSERT,aioys,ealt
1653844797813472382,INSERT,aight,eeds
1653844797813481602,INSERT,int,oew
1653844797813489695,INSERT,iuhn,oicts
1653844797813498692,INSERT,ieuc,eiams
1653844797813507782,INSERT,uably,ims
1653844797813516297,INSERT,aocs,iurd
1653844797813524275,INSERT,aars,iaorth
1653844797813533112,INSERT,uonk,eands
1653844797813541795,INSERT,aorth,auedly
1653844797813551048,INSERT,aiaf,aiams
1653844797813569362,INSERT,oims,uett
1653844797813580492,INSERT,oth,eulls
1653844797813588568,INSERT,eeght,oorty
1653844797813597283,INSERT,eods,auell
1653844797813606338,INSERT,end,oesch
1653844797813614662,INSERT,audy,oev
1653844797813622826,INSERT,eiard,oawn
1653844797813631026,INSERT,oatch,aias
1653844797813658365,INSERT,eengs,auec
1653844797813668105,INSERT,iouncy,eurs
1653844797813676591,INSERT,aiafy,ogh
1653844797813685789,INSERT,uisly,eaug
1653844797813695139,INSERT,eacs,iisly
1653844797813704121,INSERT,ists,irth
1653844797905140940,INSERT,uiec,airn
1653844797905236052,INSERT,oorr,iery
1653844797905251582,INSERT,uient,aiads
1653844797905261965,INSERT,uocts,aass
1653844797905271182,INSERT,ips,urth
1653844797905292722,INSERT,oup,eaug
1653844797905302193,INSERT,aft,oatz
1653844797905311253,INSERT,oantz,ounts
1653844797905320198,INSERT,eils,ootts
1653844797905339262,INSERT,eusts,eill
1653844797905350802,INSERT,ilt,iists
1653844797905360800,INSERT,ieusm,ol
1653844797905369669,INSERT,uac,ety
1653844797905378272,INSERT,iaony,ougs
1653844797905386838,INSERT,uoll,iaft
1653844797905395695,INSERT,iild,iaons
1653844797905403901,INSERT,eacs,ask
1653844797905412791,INSERT,uony,agy
1653844797905420988,INSERT,aetch,iusch
1653844797905429893,INSERT,ac,uith
1653844797905437837,INSERT,aec,oiarm
1653844797905446031,INSERT,eorth,uarry
1653844797905454397,INSERT,iast,ioy
1653844797905463601,INSERT,ieunn,uesch
1653844797905471965,INSERT,usly,eerst
1653844797905480222,INSERT,uafy,oew
1653844797905508993,INSERT,iaorry,iaond
1653844797905520998,INSERT,eurth,aiotch
1653844797905530202,INSERT,aump,iong
1653844797905538431,INSERT,aants,oiacts
1653844797905546625,INSERT,oonk,oaly
1653844797905555337,INSERT,eel,aiors
1653844797905563966,INSERT,eauth,iev
1653844797905572318,INSERT,ialt,aills
1653844797905580344,INSERT,eol,euwn
1653844797905589177,INSERT,ood,iord
1653844797905607849,INSERT,eurt,eedly
1653844797905618572,INSERT,ier,aetz
1653844797905627318,INSERT,ings,iawn
1653844797906110587,INSERT,ourts,uenk
1653844797906201351,INSERT,uiek,oitts
1653844797906219510,INSERT,iigy,ieuws
1653844797906229074,INSERT,ieurly,iurt
1653844797906238893,INSERT,iost,aed
1653844797906247127,INSERT,iaolly,ioust
1653844797906255962,INSERT,oipt,aueny
1653844797906264455,INSERT,iurly,iews
1653844797906273776,INSERT,eat,eil
1653844797906282778,INSERT,ioups,oott
1653844797906291184,INSERT,ioull,eests
1653844798396068900,INSERT,eaurm,uown
1653844798396146591,INSERT,auency,ueh
1653844798396159866,INSERT,uamp,iaoncy
1653844798396170654,INSERT,auert,aucks
1653844798396189082,INSERT,ioump,eiws
1653844798396198963,INSERT,oebly,erk
1653844798396208936,INSERT,iengs,eauns
1653844798396218388,INSERT,oem,uarf
1653844798396228227,INSERT,eust,eiask
1653844798396245957,INSERT,aush,aiams
1653844798396256585,INSERT,eaup,aels
1653844798396265955,INSERT,acy,ious
1653844798396282053,INSERT,uoss,eiss
1653844798396291043,INSERT,eecy,ualy
1653844798396299340,INSERT,oary,igs
1653844798396307380,INSERT,ourts,eauty
1653844798396315647,INSERT,oiry,iasch
1653844798396324329,INSERT,aiody,urk
1653844798396333695,INSERT,uolly,iudy
1653844798396343479,INSERT,uonts,uorry
1653844798396352014,INSERT,uach,eid
1653844798396361175,INSERT,awn,uem
1653844798396370170,INSERT,iills,ieuls
1653844798396378366,INSERT,aify,ouck
1653844798396387481,INSERT,oabs,eon
1653844798396396381,INSERT,eohn,iirly
1653844798396420659,INSERT,oeny,aosly
1653844798396431213,INSERT,aett,ueny
1653844798396441137,INSERT,aiods,oeth
1653844798396448953,INSERT,airk,earst
1653844798396457007,INSERT,eern,oeps
1653844798396465034,INSERT,uidly,iirts
1653844798396473219,INSERT,oews,oam
1653844798396482209,INSERT,ent,oently
1653844798396490877,INSERT,iof,ionts
1653844798396499832,INSERT,ooms,eps
1653844798396516406,INSERT,ast,eiam
1653844798396526576,INSERT,aonk,uedly
1653844798396535094,INSERT,uink,iaolly
1653844798396544243,INSERT,oully,auet
1653844798396560115,INSERT,iuf,elly
1653844798396569092,INSERT,aioy,iand
1653844798396577215,INSERT,oirry,eusk
1653844798396586600,INSERT,aiatz,ool
1653844798396596639,INSERT,aioft,osh
1653844798396605536,INSERT,eety,ouft
1653844798396613666,INSERT,eiat,aiaty
1653844798396622786,INSERT,eubs,ieuch
1653844798396631981,INSERT,eatch,uart
1653844798396656488,INSERT,ieugy,iousk
1653844799004114394,INSERT,ios,eim
1653844799004210166,INSERT,oint,uarn
1653844799004225510,INSERT,oosk,ebly
1653844799004234983,INSERT,org,uobs
1653844799004243900,INSERT,uehn,eusch
1653844799004253883,INSERT,eiand,uirr
1653844799004262607,INSERT,eart,eirk
1653844799004270891,INSERT,ueng,iaob
1653844799004278709,INSERT,iings,onds
1653844799004300935,INSERT,aiah,oial
1653844799004312409,INSERT,uasch,irn
1653844799004321463,INSERT,iem,eausch
1653844799004330471,INSERT,uieck,ebly
1653844799004338867,INSERT,aiarth,uec
1653844799004358321,INSERT,eiaps,eal
1653844799004367043,INSERT,uorg,aark
1653844799004375592,INSERT,apt,iecy
1653844799004385311,INSERT,oeh,earn
1653844799004393515,INSERT,ueg,eiably
1653844799004402046,INSERT,uiett,ucy
1653844799004410029,INSERT,eaups,aiond
1653844799004419192,INSERT,augy,ut
1653844799004435353,INSERT,uoms,iull
1653844799004448285,INSERT,ieully,uins
1653844799004456763,INSERT,ict,eancy
1653844799004474650,INSERT,ieff,iigh
1653844799004499979,INSERT,auerly,aif
1653844799004510538,INSERT,uierk,uost
1653844799004518871,INSERT,iight,aus
1653844799004527093,INSERT,oims,iists
1653844799004535332,INSERT,ild,aucks
1653844799004543373,INSERT,oif,uasp
1653844799004552285,INSERT,eocts,uon
1653844799004560702,INSERT,eec,oucks
1653844799004569371,INSERT,airn,ousch
1653844799004577952,INSERT,aufy,iincy
1653844799004595375,INSERT,eown,uieng
1653844799004606468,INSERT,iuf,uedy
1653844799004615043,INSERT,uitt,earg
1653844799004623046,INSERT,eod,iwn
1653844799004631468,INSERT,oiangs,iuld
1653844799004665298,INSERT,iaoft,iolly
1653844799004674370,INSERT,auelt,as
1653844799004682382,INSERT,eords,own
1653844799004690860,INSERT,iotch,oust
1653844799004699314,INSERT,iaov,iuhn
1653844799004707250,INSERT,ills,uiny
1653844799004716194,INSERT,ean,uest
1653844799004724304,INSERT,oent,eucks
1653844799004732843,INSERT,oots,oops
1653844799905361334,INSERT,ourth,aald
1653844799905430992,INSERT,ielt,aift
1653844799905444138,INSERT,iaorg,uiepp
1653844799905453547,INSERT,eacs,uon
1653844799905462503,INSERT,iaosk,iasch
1653844799905471768,INSERT,oiax,oegy
1653844799905479983,INSERT,aop,iosh
1653844799905497440,INSERT,oost,aemp
1653844799905506888,INSERT,eotz,oirds
1653844799905523493,INSERT,aiady,uem
1653844799905532747,INSERT,oenn,ols
1653844799905541417,INSERT,eomp,aands
1653844799905559720,INSERT,ausm,uarty
1653844799905568822,INSERT,oolly,oontz
1653844799905577968,INSERT,uink,iaks
1653844799905596991,INSERT,oops,ill
1653844799905606072,INSERT,uy,aild
1653844799905615195,INSERT,oarly,als
1653844799905624086,INSERT,uem,ieught
1653844799905633395,INSERT,uesm,iaosts
1653844799905665239,INSERT,eurm,aav
1653844799905673892,INSERT,aoy,uiegs
1653844799905682116,INSERT,aons,ooct
1653844799905690523,INSERT,eugh,oecy
1653844799905699089,INSERT,eel,outh
1653844799905707563,INSERT,iagy,iofy
1653844799905756775,INSERT,aek,eomp
1653844799905771054,INSERT,eiarst,iiwn
1653844799905780524,INSERT,uiks,uiebs
1653844799905788959,INSERT,oesch,aatt
1653844799905797384,INSERT,eiars,ourty
1653844799905805976,INSERT,ims,eow
1653844799905814866,INSERT,eett,aiows
1653844799905858104,INSERT,uigh,oirs
1653844799905869495,INSERT,uens,ats
1653844799905878116,INSERT,iecy,oalt
1653844799905897867,INSERT,aiard,ueb
1653844799905908918,INSERT,ebs,outs
1653844799905942001,INSERT,illy,ointly
1653844799905952402,INSERT,oix,oards
1653844799905961178,INSERT,iug,uill
1653844799905969752,INSERT,ios,aion
1653844799905978633,INSERT,irts,eiasts
1653844799905986896,INSERT,eoz,aorly
1653844799905995823,INSERT,aung,aufy
1653844799906030458,INSERT,euts,oiagh
1653844799906041081,INSERT,aiws,eums
1653844799906053086,INSERT,ait,uirm
1653844799906061340,INSERT,arf,eengs
1653844799906069617,INSERT,uang,aud
