1653864024704102895	1
1653864025717123329	2
1653864025894667119	3
1653864025900112448	4
1653864026095134969	5
1653864026413082642	6
1653864026424114356	7
1653864026430071377	8
1653864026614005521	9
1653864026620001975	10
1653864026787123723	11
1653864026909096825	12
1653864027157013826	13
1653864027233995838	14
1653864027508192219	15
1653864027509468851	16
1653864027697875697	17
1653864027889124774	18
1653864028001110982	19
1653864028120016077	20
1653864028122011962	21
1653864028650117463	22
1653864028658995432	23
1653864028663042580	24
1653864028667104305	25
1653864028903060907	26
1653864028990219751	27
1653864029110391604	28
1653864029115760186	29
1653864029213081696	30
1653864029294103480	31
1653864029314065721	32
1653864029495548684	33
1653864029509131573	34
1653864029589681838	35
1653864029661055677	36
1653864029699106091	37
1653864029810159767	38
1653864029818132778	39
1653864029855332552	40
1653864029905086498	41
1653864030102130702	42
1653864030103067429	43
1653864030221027178	44
1653864030228201049	45
1653864030233016338	46
1653864030306073813	47
1653864030318117142	48
1653864030500095534	49
1653864030507026402	50
1653864030655015841	51
1653864030660999778	52
1653864030814106489	53
1653864030824124397	54
1653864030856124185	55
1653864030867491254	56
1653864030907003302	57
1653864030992241398	58
1653864031118182084	59
1653864031127062832	60
1653864031133818953	61
1653864031255142055	62
1653864031261928032	63
1653864031266025252	64
1653864031293596512	65
1653864031589102251	66
1653864031595026754	67
1653864031612885985	68
1653864031622006176	69
1653864031624039561	70
1653864031695515786	71
1653864031701207278	72
1653864031794170391	73
1653864031802043952	74
1653864031820172475	75
1653864031832200550	76
1653864031835891764	77
1653864031871166067	78
1653864031903130534	79
1653864031905307799	80
1653864031981101987	81
1653864032014406520	82
1653864032081290518	83
1653864032104171845	84
1653864032107237092	85
1653864032367286765	86
1653864032374184429	87
1653864032506266521	88
1653864032516440409	89
1653864032522021623	90
1653864032713218133	91
1653864032732032452	92
1653864032876043846	93
1653864032984203040	94
1653864033061078008	95
1653864033062152172	96
1653864033098038513	97
1653864033119234495	98
1653864033197201296	99
1653864033207194761	100
1653864033215364242	101
1653864033339501327	102
1653864033359205956	103
1653864033384240127	104
1653864033387387533	105
1653864033471923823	106
1653864033600351911	107
1653864033605229173	108
1653864033616035447	109
1653864033618041885	110
1653864033623028551	111
1653864033630059138	112
1653864033782310890	113
1653864033800847808	114
1653864033807143975	115
1653864033863745585	116
1653864033871086088	117
1653864033884486042	118
1653864033901122939	119
1653864033907049765	120
1653864033967105102	121
1653864034010237658	122
1653864034076463807	123
1653864034212073681	124
1653864034311064627	125
1653864034322070533	126
1653864034405067053	127
1653864034497299303	128
1653864034600281127	129
1653864034713562042	130
1653864034720083163	131
1653864034899298405	132
1653864035113340288	133
1653864035116241897	134
1653864035124167562	135
1653864035127107140	136
1653864035207277723	137
1653864035255225087	138
1653864035308309226	139
1653864035380446202	140
1653864035388300574	141
1653864035397214232	142
1653864035477677068	143
1653864035492301435	144
1653864035493603413	145
1653864035506235514	146
1653864035694435045	147
1653864035946109784	148
1653864036065112461	149
1653864036082032014	150
1653864036126835384	151
1653864036152421307	152
1653864036162265876	153
1653864036254113014	154
1653864036400107942	155
1653864036508837012	156
1653864036510254842	157
1653864036582403898	158
1653864036605185242	159
1653864036617128609	160
1653864036622843773	161
1653864036860306899	162
1653864036956191623	163
1653864036996436752	164
1653864037009943220	165
1653864037014921101	166
1653864037060514730	167
1653864037157764522	168
1653864037280523887	169
1653864037295429425	170
1653864037303349931	171
1653864037324073876	172
1653864037384260050	173
1653864037478162514	174
1653864037493389468	175
1653864037509722716	176
1653864037593346009	177
1653864037655100239	178
1653864037963326941	179
1653864037968295798	180
1653864038110315209	181
1653864038116316182	182
1653864038124135610	183
1653864038132310981	184
1653864038136521379	185
1653864038141144717	186
1653864038145133985	187
1653864038212086621	188
1653864038217303177	189
1653864038268280330	190
1653864038270150998	191
1653864038423160472	192
1653864038492333309	193
1653864038507327286	194
1653864038515304422	195
1653864038518145638	196
1653864038655336335	197
1653864038656372466	198
1653864038662129457	199
1653864038668443294	200
1653864038674451575	201
1653864038732146164	202
1653864038735135063	203
1653864038859164259	204
1653864038864136998	205
1653864038973450922	206
1653864038978734446	207
1653864039017406528	208
1653864039054331270	209
1653864039099363505	210
1653864039123398471	211
1653864039128546241	212
1653864039209463079	213
1653864039292368141	214
1653864039318300149	215
1653864039320135558	215
1653864039502351707	216
1653864039613876804	217
1653864039619254272	218
1653864039627192799	219
1653864039634200347	220
1653864039639152417	221
1653864039954284636	222
1653864039959132322	223
1653864039963932619	224
1653864039974806807	225
1653864039995421865	226
1653864040033403748	227
1653864040037421260	228
1653864040043220812	229
1653864040047208016	230
1653864040059342323	231
1653864040134558149	232
1653864040222830801	233
1653864040228569834	234
1653864040231480310	235
1653864040236435500	236
1653864040323197456	237
1653864040325172715	238
1653864040490479717	239
1653864040595669837	240
1653864040664440336	241
1653864040671744463	242
1653864040698668780	243
1653864040723937672	244
1653864040919373055	245
1653864040934496935	246
1653864040936148278	247
1653864040974432636	248
1653864040987545117	249
1653864041154203195	250
1653864041159166210	251
1653864041164170888	252
1653864041179000174	253
1653864041233418667	254
1653864041235768971	255
1653864041241402918	256
1653864041297185922	257
1653864041317313138	258
1653864041321173214	259
1653864041400137357	260
1653864041519417814	261
1653864041528410841	262
1653864041610465940	263
1653864041629433679	264
1653864041639187890	265
1653864041646480216	266
1653864041742195620	267
1653864041831472546	268
1653864041890139006	269
1653864041891585518	270
1653864041909021896	271
1653864041918557612	272
1653864041954514764	273
1653864042079609242	274
1653864042101493000	275
1653864042117482712	276
1653864042127210344	277
1653864042219561922	278
1653864042230464881	279
1653864042233006109	280
1653864042236496304	281
1653864042243188741	282
1653864042284110867	283
1653864042357876950	284
1653864042371199347	285
1653864042371166822	285
1653864042376731084	286
1653864042409619532	287
1653864042446292158	288
1653864042481805611	289
1653864042519220249	290
1653864042535349323	291
1653864042537244715	292
1653864042654341918	293
1653864042662233352	294
1653864042723997557	295
1653864042732470264	296
1653864042883555134	297
1653864042921549192	298
1653864042933496855	299
1653864042962267443	300
1653864043009534865	301
1653864043115474138	302
1653864043232759205	303
1653864043238255918	304
1653864043302514897	305
1653864043699570099	306
1653864043708538092	307
1653864043720886059	308
1653864043737314051	309
1653864043739243355	310
1653864043746293806	311
1653864043750245315	312
1653864043802605190	313
1653864043818487861	314
1653864043822940098	315
1653864043910561604	316
1653864043914302121	317
1653864044050264521	318
1653864044055243892	319
1653864044116564243	320
1653864044126248260	321
1653864044189521746	322
1653864044199577246	323
1653864044207930082	324
1653864044211569060	325
1653864044216288476	326
1653864044389813080	327
1653864044415432977	328
1653864044420242222	329
1653864044426257628	330
1653864044431242994	331
1653864044436223767	332
1653864044440227275	333
1653864044453095291	334
1653864044489560858	335
1653864044508571458	336
1653864044580447912	337
1653864044605665513	338
1653864044624321486	339
1653864044685053932	340
1653864044703472071	341
1653864044783950888	342
1653864044790232347	343
1653864044808559129	344
1653864044809549758	345
1653864045091838477	346
1653864045095299191	347
1653864045469579938	348
1653864045491617609	349
1653864045507585405	350
1653864045510599991	351
1653864045595607301	352
1653864045613609113	353
1653864045807586260	354
1653864045891606910	355
1653864045893590114	356
1653864046016288424	357
1653864046178350338	358
1653864046183306199	359
1653864046248049398	360
1653864046252954448	361
1653864046257330267	362
1653864046292844411	363
1653864046372570560	364
1653864046467903125	365
1653864046474561485	366
1653864046518606295	367
1653864046525670413	368
1653864046527622581	369
1653864046601776152	370
1653864046601776155	370
1653864046606591172	371
1653864046806733929	372
1653864046813459674	373
1653864046817389183	374
1653864046911941417	375
1653864046924460780	376
1653864046990688259	377
1653864047005427314	378
1653864047122415992	379
1653864047126396112	380
1653864047131353834	381
1653864047136315096	382
1653864047301776594	383
1653864047312678936	384
1653864047388607780	385
1653864047408624435	386
1653864047415631408	387
1653864047418670397	388
1653864047510371582	389
1653864047621615987	390
1653864047713415004	391
1653864047796615653	392
1653864047917317776	393
1653864048402697038	394
1653864048411336409	395
1653864048423197679	396
1653864048425333717	397
1653864048429359741	398
1653864048436365092	399
1653864048441325459	400
1653864048596558009	401
1653864048610771455	402
1653864048614728365	403
1653864048688653782	404
1653864048690604188	405
1653864048695363018	406
1653864048702350532	407
1653864048794402345	408
1653864048801406375	409
1653864048877733034	410
1653864048881918095	411
1653864048904826971	412
1653864049158421636	413
1653864049164374650	414
1653864049169371915	415
1653864049178101863	416
1653864049219311751	417
1653864049283756283	418
1653864049300023603	419
1653864049315369267	420
1653864049362970934	421
1653864049528612491	422
1653864049679301054	423
1653864049894212867	424
1653864049900219553	425
1653864050459042174	426
1653864050462765343	427
1653864050465627821	428
1653864050470589733	429
1653864050475356945	430
1653864050483029160	431
1653864050534796029	432
1653864050539331095	433
1653864050602531302	434
1653864050812716772	435
1653864050813861824	436
1653864050911810103	437
1653864051001890162	438
1653864051010358989	439
1653864051023408818	440
1653864051107250396	441
1653864051195824313	442
1653864051305796354	443
1653864051361136855	444
1653864051447825060	445
1653864051452826024	446
1653864051498716534	447
1653864051532570470	448
1653864051613226435	449
1653864051683517152	450
1653864051759857228	451
1653864051959829393	452
1653864051964164390	453
1653864051970083261	454
1653864051974811901	455
1653864052080784856	456
1653864052089554178	457
1653864052095811275	458
1653864052116421217	459
1653864052193238853	460
1653864052201801661	461
1653864052203838610	462
1653864052317562018	463
1653864052367765426	464
1653864052398770291	465
1653864052519158169	466
1653864052650964082	467
1653864052657416704	468
1653864052664371846	469
1653864052681810471	470
1653864052757432294	471
1653864052788969553	472
1653864052804347701	473
1653864052817665221	474
1653864052968496909	475
1653864052973486701	476
1653864052983359916	477
1653864052999577581	478
1653864053089936737	479
1653864053122418042	480
1653864053178494292	481
1653864053289860776	482
1653864053349047201	483
1653864053354386839	484
1653864053360386968	485
1653864053506930935	486
1653864053530820427	487
1653864053546271206	488
1653864053556754102	489
1653864053560408512	490
1653864053617006363	491
1653864053683469789	492
1653864053704472442	493
1653864053710498087	494
1653864053714603770	495
1653864053890851568	496
1653864054206857853	497
1653864054211938598	498
1653864054305792148	499
1653864054317466808	500
1653864054320418924	501
1653864054494247353	502
1653864054498439812	503
1653864054586315490	504
1653864054609966844	505
1653864054619261523	506
1653864054625468022	507
1653864054633625981	508
1653864054716087811	509
1653864054876857315	510
1653864054930779964	511
1653864054928250674	511
1653864054937460283	512
1653864055093871714	513
1653864055099978596	514
1653864055123849401	515
1653864055145410715	516
1653864055185118010	517
1653864055190876046	518
1653864055200222105	519
1653864055207833276	520
1653864055233768922	521
1653864055238850955	522
1653864055860523539	523
1653864055873686979	524
1653864055888628572	525
1653864055946841666	526
1653864055959191242	527
1653864055970855271	528
1653864055985659739	529
1653864055992448269	530
1653864056028397373	531
1653864056039888515	532
1653864056074448945	533
1653864056079435044	534
1653864056117874820	535
1653864056138929486	536
1653864056152833778	537
1653864056168489978	538
1653864056178976378	539
1653864056185083327	540
1653864056299045050	541
1653864056317221922	542
1653864056326059988	543
1653864056341970374	544
1653864056365073989	545
1653864056373244158	546
1653864056412148470	547
1653864056416026635	548
1653864056497102436	549
1653864056512971655	550
1653864056525562937	551
1653864056526823415	552
1653864056530514325	553
1653864056594108010	554
1653864056610041635	555
1653864056619985026	556
1653864056630013975	557
1653864056749183882	558
1653864056754020937	559
1653864056762996022	560
1653864056830045303	561
1653864056837790794	562
1653864056779454929	561
1653864056840310018	562
1653864056902022725	563
1653864056971507793	564
1653864056986725158	565
1653864056995044582	566
1653864056997284588	567
1653864057035983166	568
1653864057111021950	569
1653864057135032071	570
1653864057139240116	571
1653864057203118206	572
1653864057213040367	573
1653864057311112663	574
1653864057386409071	575
1653864057456383976	576
1653864057462440658	577
1653864057563983840	578
1653864057570867488	579
1653864057597084004	580
1653864057629559543	581
1653864057641172475	582
1653864057644614942	583
1653864057680096682	584
1653864057697140338	585
1653864057707001672	586
1653864057733546967	587
1653864057743742731	588
1653864057748131550	589
1653864057759095907	590
1653864057773250562	591
1653864057900692799	592
1653864058047120693	593
1653864058053378285	594
1653864058058571257	595
1653864058068563542	596
1653864058141061007	597
1653864058189198346	598
1653864058207154871	599
1653864058225753708	600
1653864058354447836	601
1653864058373686489	602
1653864058386142634	603
1653864058429359693	604
1653864058430070864	605
1653864058438863559	606
1653864058445067273	607
1653864058447211077	608
1653864058529396819	609
1653864058532116251	610
1653864058533037158	611
1653864058603164793	612
1653864058751533079	613
1653864058770725382	614
1653864058777123887	615
1653864058779416799	616
1653864058833324354	617
1653864058837764326	618
1653864058844608323	619
1653864058859173101	620
1653864058953783808	621
1653864059030158454	622
1653864059038222169	623
1653864059039786496	624
1653864059093893922	625
1653864059130159831	626
1653864059155211144	627
1653864059175214771	628
1653864059201167537	629
1653864059231277960	630
1653864059257285737	631
1653864059287289922	632
1653864059291111756	633
1653864059313243704	634
1653864059332878943	635
1653864059350372352	636
1653864059359152351	637
1653864059367200320	638
1653864059430798992	639
1653864059442748241	640
1653864059443626218	641
1653864059449566278	642
1653864059455160774	643
1653864059465485807	644
1653864059554364300	645
1653864059572648017	646
1653864059664152957	647
1653864059728952614	648
1653864059730151955	649
1653864059730517023	649
1653864059781277410	650
1653864059787652252	650
1653864059878309883	651
1653864059898184405	652
1653864059906345765	653
1653864059936264127	654
1653864059951266449	655
1653864059954156976	656
1653864059964239268	657
1653864059969228196	658
1653864060037260879	659
1653864060060621333	660
1653864060070321424	661
1653864060081174008	662
1653864060150367477	663
1653864060159199694	664
1653864060182258961	665
1653864060199279229	666
1653864060202338660	667
1653864060242005575	668
1653864060301262136	669
1653864060318223863	670
1653864060344413874	671
1653864060366283200	672
1653864060406012608	673
1653864060411479424	674
1653864060436957805	675
1653864060508917021	676
1653864060528269461	677
1653864060538758772	678
1653864060546217612	679
1653864060551219181	680
1653864060566352932	681
1653864060591836548	682
1653864060633312907	683
1653864060635220014	684
1653864060648800928	685
1653864060646446365	685
1653864060661078284	686
1653864060691094475	687
1653864060771539079	688
1653864060787477571	689
1653864060837316981	690
1653864060839701317	691
1653864060846559484	692
1653864060887342138	693
1653864060896443158	694
1653864060984607639	695
1653864061001313268	696
1653864061015571463	697
1653864061067370953	698
1653864061068098230	699
1653864061079356437	700
1653864061140722476	701
1653864061171431602	702
1653864061268266262	703
1653864061294098532	704
1653864061309323064	705
1653864061330259749	706
1653864061355427419	707
1653864061380364824	708
1653864061390459675	709
1653864061429543910	710
1653864061450379352	711
1653864061485129177	712
1653864061515842004	713
1653864061522309028	714
1653864061552329465	715
1653864061590321759	716
1653864061634229840	717
1653864061689321373	718
1653864061707397642	719
1653864061734316242	720
1653864061803333515	721
1653864061812356907	722
1653864061824669607	723
1653864061863354739	724
1653864061867203653	725
1653864061888049622	726
1653864061921665518	727
1653864061945479077	728
1653864061955297238	729
1653864061965588688	730
1653864062019340121	731
1653864062026725488	732
1653864062043112650	733
1653864062185070327	734
1653864062214347564	735
1653864062234802905	736
1653864062252391731	737
1653864062267353956	738
1653864062321368584	739
1653864062326386659	740
1653864062351194746	741
1653864062381675177	742
1653864062390368590	743
1653864062411280257	744
1653864062442761728	745
1653864062431616151	745
1653864062530351376	746
1653864062535406138	747
1653864062620188519	748
1653864062625914559	749
1653864062634077992	750
1653864062640304807	751
1653864062678585523	752
1653864062681038994	752
1653864062729496027	753
1653864062806828102	754
1653864062811963706	755
1653864062859385988	756
1653864062900598450	757
1653864062908814590	758
1653864062975395812	759
1653864063026988923	760
1653864063041440565	761
1653864063088700001	762
1653864063104471562	763
1653864063131380626	764
1653864063200336548	765
1653864063230376510	766
1653864063231965526	767
1653864063234282485	768
1653864063316366678	769
1653864063317900923	770
1653864063326821198	771
1653864063333212588	772
1653864063339383295	773
1653864063402376566	774
1653864063441444636	775
1653864063468001203	776
1653864063480339967	777
1653864063490411732	778
1653864063490432826	778
1653864063602424703	779
1653864063661460143	780
1653864063709420188	781
1653864063718410482	782
1653864063747818373	783
1653864063756741990	784
1653864063769699814	785
1653864063778798710	786
1653864063814170223	787
1653864063862441179	788
1653864063903341798	789
1653864063967032756	790
1653864063979500879	791
1653864063999454464	792
1653864064032424042	793
1653864064082307044	794
1653864064098935560	795
1653864064110398604	796
1653864064117882489	797
1653864064132872601	798
1653864064154598675	799
1653864064171008910	800
1653864064206828170	801
1653864064217902411	802
1653864064246776099	803
1653864064266149771	804
1653864064326472533	805
1653864064466534799	806
1653864064519477062	807
1653864064522828141	808
1653864064534453481	809
1653864064566717929	810
1653864064701488459	811
1653864064706449190	811
1653864064730484675	812
1653864064734455732	813
1653864064741065238	814
1653864064744445212	815
1653864064787818403	816
1653864064803778104	817
1653864064916155812	818
1653864064918247819	819
1653864064921847996	820
1653864065029271847	821
1653864065035785121	822
1653864065039283091	821
1653864065043525157	822
1653864065047450205	823
1653864065149393933	824
1653864065135545093	824
1653864065202424098	825
1653864065200271869	825
1653864065314857709	826
1653864065335480598	827
1653864065370618987	828
1653864065411488242	829
1653864065475931737	830
1653864065507897526	831
1653864065511483148	832
1653864065572682417	833
1653864065601512080	834
1653864065615741324	835
1653864065622826641	836
1653864065723537789	837
1653864065733593060	838
1653864065743739676	839
1653864065752724214	840
1653864065754035576	840
1653864065772439235	841
1653864065841098451	842
1653864065906239058	843
1653864065985504469	844
1653864065998520802	845
1653864066041468884	846
1653864066051515793	847
1653864066056433656	848
1653864066067220384	849
1653864066068509073	850
1653864066174243887	851
1653864066233796062	852
1653864066230540271	852
1653864066253839157	853
1653864066261852240	854
1653864066283993277	855
1653864066286573460	856
1653864066338530261	857
1653864066341853016	857
1653864066358052682	858
1653864066388521846	859
1653864066377190007	859
1653864066442143846	860
1653864066447568992	861
1653864066534615245	862
1653864066541680352	862
1653864066582685580	863
1653864066604806330	864
1653864066600605537	864
1653864066653556023	865
1653864066703101310	866
1653864066798521719	867
1653864066807842611	867
1653864066821010684	868
1653864066835565540	869
1653864066861567477	870
1653864066883600216	871
1653864066906604422	872
1653864066931624590	873
1653864067087906543	874
1653864067109057593	875
1653864067105626560	875
1653864067136591694	876
1653864067147578975	877
1653864067154512923	878
1653864067164536958	879
1653864067173518123	880
1653864067178671025	881
1653864067295748185	882
1653864067330355642	883
1653864067334658582	884
1653864067350555678	885
1653864067367572653	886
1653864067386865333	887
1653864067433356736	888
1653864067464592429	889
1653864067478955997	890
1653864067483394642	891
1653864067503562761	892
1653864067530595148	893
1653864067548564407	894
1653864067574117586	895
1653864067581246776	896
1653864067640539326	897
1653864067638546131	897
1653864067713003417	898
1653864067748518591	899
1653864067768147840	900
1653864067796689046	901
1653864067826891709	902
1653864067906474473	903
1653864067966467469	904
1653864067989828399	905
1653864068000163339	906
1653864068016583407	907
1653864068021021292	908
1653864068031687657	909
1653864068092578909	910
1653864068126497548	911
1653864068153767161	912
1653864068162604675	913
1653864068189196320	914
1653864068244387599	915
1653864068248797694	916
1653864068266909292	917
1653864068278897198	918
1653864068337537969	919
1653864068337816743	919
1653864068385709898	920
1653864068403505064	921
1653864068414617716	922
1653864068430007435	923
1653864068482182469	924
1653864068500381924	925
1653864068528242343	926
1653864068551720409	927
1653864068602196626	928
1653864068621735466	929
1653864068639558499	930
1653864068678679877	931
1653864068664606188	931
1653864068695436453	932
1653864068793009389	933
1653864068874334676	934
1653864068895633274	935
1653864068910664586	936
1653864068926003683	937
1653864068933903279	938
1653864068990349412	939
1653864069046616555	940
1653864069060026339	941
1653864069107624245	942
1653864069108612985	942
1653864069177913001	943
1653864069306847423	944
1653864069321091787	945
1653864069323945584	944
1653864069338229017	945
1653864069348606188	946
1653864069399129187	947
1653864069413992359	948
1653864069450345247	949
1653864069458084353	950
1653864069473765325	951
1653864069484892974	952
1653864069513299077	953
1653864069579760815	954
1653864069599951429	955
1653864069736207918	956
1653864069737699643	957
1653864069757329830	958
1653864069771836541	959
1653864069798373449	960
1653864069816728733	961
1653864069828711692	961
1653864069833934592	962
1653864069861019875	963
1653864069883006526	964
1653864069892998691	965
1653864069938488881	966
1653864069962897405	967
1653864069979904872	968
1653864070030031504	969
1653864070032744070	970
1653864070057851278	971
1653864070103033205	972
1653864070130455573	973
1653864070162550144	974
1653864070172432901	975
1653864070199679232	976
1653864070218134287	977
1653864070236782447	978
1653864070256491453	979
1653864070274764232	980
1653864070294892148	981
1653864070332117320	982
1653864070341793095	983
1653864070379690992	984
1653864070398023833	985
1653864070437414174	986
1653864070446888710	986
1653864070533699175	987
1653864070535542341	987
1653864070566982576	988
1653864070570774553	988
1653864070630233968	989
1653864070639041614	990
1653864070643851475	990
1653864070646953562	991
1653864070659922469	992
1653864070671577262	993
1653864070679771648	994
1653864070682698595	995
1653864070756740251	996
1653864070757995092	996
1653864070781999005	997
1653864070847926817	998
1653864070890392687	999
1653864070902824062	999
1653864070964913323	1000
1653864070971734379	1000
1653864070973347610	1001
1653864070996427317	1002
1653864071003727128	1003
1653864071045838923	1004
1653864071061860877	1005
1653864071063809261	1005
1653864071178319897	1006
1653864071193290556	1007
1653864071193470177	1006
1653864071233920206	1007
1653864071250043417	1008
1653864071286098492	1009
1653864071334822879	1010
1653864071372845434	1011
1653864071384851914	1012
1653864071418342577	1013
1653864071448956829	1014
1653864071480822140	1015
1653864071484577237	1016
1653864071493125847	1017
1653864071524823270	1018
1653864071567880556	1019
1653864071602990507	1020
1653864071639841966	1021
1653864071667913799	1022
1653864071741237217	1023
1653864071742662087	1024
1653864071746812016	1023
1653864071748806418	1023
1653864071756304483	1024
1653864071774672850	1025
1653864071806875734	1026
1653864071876750643	1027
1653864071905918676	1028
1653864071922798763	1029
1653864071946202088	1030
1653864071994381339	1031
1653864072022913597	1032
1653864072030949847	1033
1653864072101756669	1034
1653864072135439815	1035
1653864072139745207	1035
1653864072166004381	1036
1653864072215066870	1037
1653864072221827763	1038
1653864072267250878	1039
1653864072270290573	1039
1653864072273796698	1040
1653864072303972756	1041
1653864072341875106	1042
1653864072349025341	1043
1653864072377375067	1044
1653864072392392451	1045
1653864072466764436	1046
1653864072530666650	1047
1653864072558878860	1048
1653864072586307743	1049
1653864072602722259	1050
1653864072698714569	1051
1653864072715989142	1052
1653864072733617792	1053
1653864072736309188	1051
1653864072739999765	1052
1653864072731630768	1053
1653864072792544114	1054
1653864072820772833	1055
1653864072849052219	1056
1653864072895132968	1057
1653864072899952928	1058
1653864072914878819	1059
1653864072940393861	1060
1653864072977190578	1061
1653864073024116687	1062
1653864073040542362	1063
1653864073052003647	1064
1653864073075008420	1065
1653864073134874870	1066
1653864073135968116	1067
1653864073161704385	1068
1653864073188952725	1069
1653864073230983328	1070
1653864073274052092	1071
1653864073275285189	1072
1653864073337958203	1073
1653864073355329054	1074
1653864073357357582	1074
1653864073367247205	1075
1653864073420082753	1076
1653864073432096669	1077
1653864073449960571	1078
1653864073460872119	1079
1653864073462904857	1080
1653864073531653492	1081
1653864073532964445	1082
1653864073555895236	1083
1653864073561900734	1084
1653864073630185784	1085
1653864073638228262	1086
1653864073668075105	1087
1653864073756628889	1088
1653864073763951882	1089
1653864073799797088	1090
1653864073831248663	1091
1653864073848706257	1092
1653864073858909486	1093
1653864073871952172	1094
1653864073951069742	1095
1653864073966984985	1096
1653864073985083631	1097
1653864074007720432	1098
1653864074018936795	1099
1653864074056446955	1100
1653864074059915050	1101
1653864074065237159	1102
1653864074083949563	1103
1653864074142558921	1104
1653864074163501076	1105
1653864074182096510	1106
1653864074208952806	1107
1653864074236368401	1108
1653864074251049208	1109
1653864074276318899	1110
1653864074333883751	1111
1653864074349837486	1112
1653864074353489940	1113
1653864074385865583	1114
1653864074391971929	1115
1653864074394816209	1114
1653864074445227473	1115
1653864074475561054	1116
1653864074482757910	1117
1653864074541044047	1118
1653864074543412907	1119
1653864074549176829	1120
1653864074567085754	1121
1653864074635735450	1122
1653864074643013348	1123
1653864074645572559	1124
1653864074649330023	1125
1653864074656902748	1126
1653864074754827420	1127
1653864074769354899	1128
1653864074773364346	1129
1653864074802671066	1130
1653864074835097737	1131
1653864074839191200	1132
1653864074855083297	1133
1653864074937050939	1134
1653864074937068794	1134
1653864075029926145	1135
1653864075101025921	1136
1653864075103976376	1137
1653864075133191257	1138
1653864075141109266	1139
1653864075161060678	1140
1653864075257611879	1141
1653864075370893406	1142
1653864075428918118	1143
1653864075495248418	1144
1653864075520982572	1145
1653864075588073317	1146
1653864075600900905	1147
1653864075606811956	1148
1653864075608796768	1149
1653864075656891999	1150
1653864075661119565	1151
1653864075703408058	1152
1653864075721181602	1153
1653864075815360740	1154
1653864075863979288	1155
1653864075872149521	1156
1653864076002394741	1157
1653864076010773609	1158
1653864076013412539	1159
1653864076069056038	1160
1653864076116570274	1161
1653864076212464322	1162
1653864076218083958	1163
1653864076229204049	1164
1653864076322986537	1165
1653864076373384659	1166
1653864076384917402	1167
1653864076391498042	1168
1653864076397023031	1169
1653864076437079071	1170
1653864076563175611	1171
1653864076608163270	1172
1653864076670213674	1173
1653864076752223153	1174
1653864076772273281	1175
1653864076787239294	1176
1653864076854481015	1177
1653864076858913428	1178
1653864076891255859	1179
1653864076980712038	1180
1653864076986149296	1181
1653864077008589204	1182
1653864077013046901	1183
1653864077099366356	1184
1653864077168389735	1185
1653864077229387739	1186
1653864077233507452	1187
1653864077235968348	1188
1653864077289219012	1189
1653864077337157881	1190
1653864077397714429	1191
1653864077419080274	1192
1653864077470143555	1193
1653864077576185672	1194
1653864077586116369	1195
1653864077590013402	1196
1653864077715021254	1197
1653864077737334518	1198
1653864077747249539	1199
1653864077783415695	1200
1653864077793388632	1201
1653864077810122294	1202
1653864077871475310	1203
1653864077934133635	1204
1653864077937722498	1205
1653864077940595927	1206
1653864078012226209	1207
1653864078029899941	1208
1653864078027815572	1208
1653864078044061026	1209
1653864078156449447	1210
1653864078160352671	1211
1653864078161982369	1210
1653864078176902489	1211
1653864078180369102	1212
1653864078240338514	1213
1653864078254822193	1214
1653864078286441452	1215
1653864078301620781	1216
1653864078361114839	1217
1653864078381091762	1218
1653864078393105187	1219
1653864078423071105	1220
1653864078450193453	1221
1653864078467463295	1222
1653864078483711297	1223
1653864078557101909	1224
1653864078562218582	1225
1653864078688252776	1226
1653864078693029882	1227
1653864078700281837	1228
1653864078690628842	1227
1653864078732953206	1228
1653864078745168622	1229
1653864078830371036	1230
1653864078897351733	1231
1653864078901711467	1231
1653864078936584370	1232
1653864078965121905	1233
1653864078975066111	1234
1653864079009505547	1235
1653864079046956814	1236
1653864079067063883	1237
1653864079071163580	1238
1653864079064471029	1237
1653864079135051533	1238
1653864079229070889	1239
1653864079237076503	1240
1653864079243270962	1241
1653864079244339977	1242
1653864079247025765	1243
1653864079250253288	1244
1653864079341766250	1245
1653864079353602083	1246
1653864079423512629	1247
1653864079438900686	1248
1653864079472127614	1249
1653864079512440932	1250
1653864079543375857	1251
1653864079553272049	1252
1653864079589146360	1253
1653864079595148345	1254
1653864079601248976	1255
1653864079617337929	1256
1653864079644269357	1257
1653864079674131512	1258
1653864079691147842	1259
1653864079730983986	1258
1653864079779077904	1259
1653864079779561246	1259
1653864079785266963	1260
1653864079787756704	1260
1653864079841525947	1261
1653864079851633392	1262
1653864079896223590	1263
1653864079901033277	1264
1653864079919945111	1265
1653864079960391825	1266
1653864079993327006	1267
1653864080052307938	1268
1653864080053961769	1269
1653864080065112022	1270
1653864080066096710	1271
1653864080135478975	1272
1653864080143353870	1273
1653864080150132023	1274
1653864080151219850	1274
1653864080157368402	1275
1653864080159703308	1276
1653864080266299319	1277
1653864080286324372	1278
1653864080293498464	1279
1653864080376427195	1280
1653864080410096260	1281
1653864080432772371	1282
1653864080450452013	1283
1653864080464240286	1284
1653864080477482054	1285
1653864080498933117	1286
1653864080543216049	1287
1653864080568877951	1288
1653864080614899874	1289
1653864080658236895	1290
1653864080667874928	1291
1653864080698223871	1292
1653864080749970062	1293
1653864080806166445	1294
1653864080816281925	1295
1653864080831313756	1296
1653864080874744007	1297
1653864080889189318	1298
1653864080920201822	1299
1653864080946127211	1300
1653864081027201364	1301
1653864081081685289	1302
1653864081096321867	1303
1653864081114776957	1304
1653864081388669826	1305
1653864081394246273	1306
1653864081512398854	1307
1653864081518442779	1308
1653864081549383072	1309
1653864081551770175	1310
1653864081548515626	1309
1653864081590492052	1310
1653864081627080233	1311
1653864081706282656	1312
1653864081758924389	1313
1653864081902314711	1314
1653864081915057958	1315
1653864081932391562	1316
1653864081951613579	1317
1653864081963380235	1318
1653864081976250325	1319
1653864082086433042	1320
1653864082114167451	1321
1653864082170375207	1322
1653864082230803993	1323
1653864082271508901	1324
1653864082319317135	1325
1653864082321423566	1326
1653864082328845991	1327
1653864082339780346	1328
1653864082410426225	1329
1653864082421296665	1330
1653864082433976627	1331
1653864082435656896	1332
1653864082446501817	1333
1653864082474905671	1334
1653864082543718177	1335
1653864082561669538	1336
1653864082570481872	1337
1653864082582222996	1338
1653864082649345509	1339
1653864082665476023	1340
1653864082805887420	1341
1653864082914100994	1342
1653864083069406209	1343
1653864083104496308	1344
1653864083194618567	1345
1653864083217263190	1346
1653864083244503713	1347
1653864083263310314	1348
1653864083299755423	1349
1653864083325340175	1350
1653864083383909967	1351
1653864083399758794	1352
1653864083506406157	1353
1653864083532304605	1354
1653864083535339531	1355
1653864083623764859	1356
1653864083725287523	1357
1653864083840541224	1358
1653864083944472644	1359
1653864084155342955	1360
1653864084212518293	1361
1653864084214237589	1362
1653864084223708958	1363
1653864084288900944	1364
1653864084319960528	1365
1653864084409393906	1366
1653864084414348252	1367
1653864084421313109	1368
1653864084514990611	1369
1653864084596699387	1370
1653864084696865021	1371
1653864084816672486	1372
1653864084864207133	1373
1653864084889144320	1374
1653864084909140099	1375
1653864084959498246	1376
1653864085028722143	1377
1653864085269006051	1378
1653864085271765362	1378
1653864085271579647	1379
1653864085386951584	1380
1653864085401458345	1381
1653864085507584527	1382
1653864085686272042	1383
1653864085793239546	1384
1653864085810475834	1385
1653864085819427819	1386
1653864085973025675	1387
1653864085985507103	1388
1653864086103901673	1389
1653864086106172853	1390
1653864086238189008	1391
1653864086291735992	1392
1653864086300379705	1393
1653864086307274539	1394
1653864086450542465	1395
1653864086491182816	1396
1653864086519473906	1397
1653864086659944726	1398
1653864086712856246	1399
1653864086728109107	1400
1653864086739362611	1401
1653864086766592193	1402
1653864086808395169	1403
1653864086821272279	1404
1653864086826412981	1405
1653864086861843107	1406
1653864086862931718	1407
1653864086929909930	1408
1653864087081358739	1409
1653864087088575159	1410
1653864087226480253	1411
1653864087256203728	1412
1653864087276362940	1413
1653864087281772043	1414
1653864087339309053	1415
1653864087384952186	1416
1653864087403852046	1417
1653864087414449593	1418
1653864087425597670	1419
1653864087470612975	1420
1653864087526457066	1421
1653864087569529026	1422
1653864087675477962	1423
1653864087791353184	1424
1653864087804511881	1425
1653864087915953127	1426
1653864087919599599	1427
1653864087931270346	1428
1653864087956109973	1429
1653864087960700559	1430
1653864087976325639	1431
1653864088030523782	1432
1653864088037347220	1433
1653864088118532283	1434
1653864088121585114	1435
1653864088129705454	1436
1653864088131744619	1436
1653864088142370768	1437
1653864088149398972	1438
1653864088152316625	1439
1653864088173406336	1440
1653864088409423290	1441
1653864088495379475	1442
1653864088531454998	1443
1653864088598464887	1444
1653864088618330820	1445
1653864088626677790	1446
1653864088633413372	1447
1653864088767106089	1448
1653864088780198367	1449
1653864088789992014	1450
1653864088806466472	1451
1653864088831479396	1452
1653864088849384072	1453
1653864088856691758	1454
1653864088892003459	1455
1653864088913074922	1456
1653864088998340307	1457
1653864089003470454	1458
1653864089030922041	1459
1653864089063503106	1460
1653864089133354842	1461
1653864089131591763	1461
1653864089145931145	1462
1653864089169424186	1463
1653864089231626971	1464
1653864089232406346	1465
1653864089236121246	1466
1653864089240354608	1467
1653864089352551209	1468
1653864089359516050	1469
1653864089488913205	1470
1653864089516566031	1471
1653864089541033250	1472
1653864089541504596	1473
1653864089580034874	1474
1653864089666352632	1475
1653864089681625719	1476
1653864089708308112	1477
1653864089718053937	1478
1653864089734381633	1479
1653864089741219107	1480
1653864089743977815	1481
1653864089831287586	1482
1653864089971466543	1483
1653864089987671294	1484
1653864089997006831	1485
1653864090023078298	1486
1653864090057154458	1487
1653864090067854773	1488
1653864090071396527	1489
1653864090084606433	1490
1653864090148197208	1491
1653864090149465098	1492
1653864090159848937	1493
1653864090171870594	1494
1653864090253427424	1495
1653864090263551933	1496
1653864090269544841	1497
1653864090274736919	1498
1653864090341209586	1499
1653864090342034049	1500
1653864090436177130	1501
1653864090436932564	1501
1653864090565883727	1502
1653864090568758382	1503
1653864090574469953	1504
1653864090613433997	1505
1653864090641067870	1506
1653864090665480691	1507
1653864090733288188	1508
1653864090788540862	1509
1653864090826694873	1510
1653864090828263195	1510
1653864090830897370	1510
1653864090839445591	1511
1653864090850677636	1512
1653864090853704091	1512
1653864090862124933	1513
1653864090873560275	1514
1653864090878152263	1515
1653864091012911074	1516
1653864091030424692	1517
1653864091179523890	1518
1653864091184369833	1519
1653864091195239033	1520
1653864091293661013	1521
1653864091296975113	1522
1653864091312343115	1523
1653864091316377787	1524
1653864091375994463	1525
1653864091388036476	1526
1653864091398004431	1527
1653864091431256837	1528
1653864091493298046	1529
1653864091509375104	1530
1653864091515459797	1531
1653864091542700761	1532
1653864091607542673	1533
1653864091689439591	1534
1653864091831968138	1535
1653864091895863184	1536
1653864091922067121	1537
1653864091935593168	1538
1653864091937807632	1539
