1655672830195857458 177182301
1655672830419942177 5516417
1655672830625065961 2868095
1655672830830220463 2951187
1655672831036089350 3188324
1655672831244470857 4562785
1655672831458416816 5706417
1655672831675312913 8131606
1655672831887988967 4051314
1655672832098749604 4824516
1655672832311409090 6128613
1655672832522109730 4691774
1655672832732317044 3203277
1655672832942090849 3894968
1655672833151196260 4886546
1655672833364233167 3651981
1655672833577965123 6465200
1655672833788219081 5123058
1655672833996819606 4788553
1655672834208542809 3891619
1655672834418764328 4920740
1655672834630276551 3656523
1655672834841267743 3641710
1655672835049103892 4332061
1655672835260690439 8748332
1655672835472478466 9247445
1655672835685521643 10798682
1655672835897573566 7955938
1655672836110546366 6005914
1655672836323751274 6566997
1655672836536667582 6277806
1655672836750088474 4029950
1655672836962654588 6454202
1655672837171364314 4808535
1655672837382932776 8640521
1655672837593926755 7654438
1655672837804641858 3638056
1655672838014110878 3507352
1655672838223285929 3609847
1655672838432308238 3945783
1655672838642233515 3083207
1655672838852563648 4665824
1655672839062406461 3160125
1655672839270111528 4023883
1655672839480681318 3151225
1655672839688710109 4223406
1655672839898507572 3428506
1655672840106202149 4176858
1655672840317280458 6721391
1655672840529285172 5506129
1655672840742755706 10550082
1655672840956501633 3825527
1655672841169219754 4999762
1655672841382997514 4907404
1655672841597719424 7590239
1655672841811813479 7250103
1655672842028698656 6904020
1655672842251203377 9560817
1655672842473778476 15311168
1655672842698042383 14629798
1655672842923994083 11973441
1655672843142842900 7856590
1655672843358142832 4556913
1655672843572960848 5141911
1655672843782905820 5063519
1655672843996048407 4717989
1655672844205092660 4954065
1655672844419191723 8821348
1655672844629862407 8481005
1655672844839511225 7416807
1655672845051779145 9814987
1655672845262479357 8065067
1655672845474679001 9062693
1655672845694324749 12140106
1655672845902332860 3743105
1655672846108996114 3233949
1655672846317092694 3425023
1655672846524204804 3690874
1655672846731470134 3818974
1655672846939949867 4662443
1655672847147153718 3566275
1655672847365890817 8704261
1655672847583978434 4170534
1655672847795697719 7374382
1655672848008049332 6022344
1655672848216525562 4571134
1655672848425697288 3873006
1655672848634344968 4595836
1655672848841268729 3090658
1655672849049547412 4574397
1655672849258470177 4752242
1655672849470200002 4252897
1655672849689750042 16252122
1655672849908210376 9135662
1655672850114725830 4210076
1655672850322361554 3308887
1655672850528067237 3383459
1655672850733857370 3420208
1655672850939449621 3316021
1655672851146423320 3898150
1655672851352396269 3753846
1655672851558286850 3494665
1655672851763499419 2870180
1655672851971687630 4861012
1655672852187330962 9249277
1655672852404185590 8538086
1655672852619507239 4480336
1655672852835836864 6126913
1655672853050490050 5160201
1655672853265695614 8209358
1655672853480489025 6891751
1655672853694813221 8378488
1655672853901120491 3404228
1655672854107184293 3244946
1655672854313014573 3241346
1655672854519064818 3432461
1655672854770450805 48802098
1655672854976218692 3522997
1655672855181625467 3084312
1655672855387185998 3334663
1655672855593666415 3671969
1655672855799568926 2817776
1655672856007104897 3671454
1655672856269792478 57887997
1655672856477723108 4041165
1655672856690467933 4933473
1655672856902348120 5887140
1655672857114214093 4604135
1655672857327135734 6366935
1655672857537040019 4343421
1655672857750834773 10987319
1655672857965772055 11986361
1655672858171399012 3547079
1655672858395738572 14259543
1655672858607697081 7788464
1655672858812890087 3058130
1655672859022583568 4527024
1655672859235976621 6819949
1655672859449163606 6924821
1655672859658689556 5768719
1655672859872616720 10835431
1655672860086702439 7407634
1655672860293758353 4996654
1655672860499535532 3408951
1655672860705031403 3270015
1655672860910795512 3367244
1655672861116203652 3107892
1655672861321697484 3057473
1655672861527401239 2995812
1655672861738259593 3916450
1655672861951267148 5933952
1655672862171377654 10083112
1655672862387203686 9157118
1655672862601783338 5060494
1655672862820736343 8713433
1655672863039942725 9753661
1655672863252677728 5026334
1655672863471396560 6814610
1655672863688476502 10092132
1655672863902818200 4573242
1655672864120263776 3809318
1655672864333060609 4351060
1655672864546581348 6105492
1655672864760914886 6664877
1655672864977526833 8031448
1655672865206386670 13943182
1655672865430394840 4176969
1655672865652619299 4515659
1655672865871067269 7092926
1655672866085630320 8339963
1655672866302100427 7891013
1655672866516494682 8194504
1655672866731612846 9052365
1655672866944670600 8145543
1655672867157777147 7892479
1655672867371707726 7610070
1655672867586067584 8326378
1655672867799900018 8072231
1655672868016191453 13739435
1655672868233908839 6729336
1655672868448522991 8182157
1655672868663338268 7728454
1655672868883109879 11824586
1655672869095953986 6106788
1655672869309018600 6222785
1655672869522931370 4736810
1655672869735909059 3726539
1655672869947215970 4679432
1655672870160727287 9620400
1655672870373786384 5413050
1655672870586121799 6598393
1655672870801109984 6862550
1655672871014694215 5988926
1655672871228791120 10731413
1655672871446425136 9947708
1655672871665859601 7530568
1655672871882159886 4905038
1655672872096807733 3701473
1655672872313676698 3900251
1655672872523522700 4577424
1655672872735761992 3788866
1655672872946049318 3902723
1655672873157991176 4045012
1655672873374606822 11598809
1655672873584984430 7057824
1655672873793564981 4834629
1655672874009485832 13623525
1655672874226213793 13418641
1655672874441565241 8066339
1655672874655493779 4470963
1655672874870630108 11105871
1655672875085511746 8229168
1655672875299726396 9887777
1655672875518191716 14541647
1655672875733464886 5382028
1655672875976099704 29850450
1655672876191672410 4997871
1655672876415784406 16150387
1655672876640864918 16313117
1655672876862692571 11996132
1655672877101771759 9346504
1655672877331637493 19374313
1655672877552747503 17897189
1655672877758263344 3054697
1655672877963615457 3115787
1655672878168777430 2910762
1655672878374843306 2700218
1655672878583806659 5425328
1655672878795658550 7467739
1655672879007760546 8811787
1655672879223630273 12848728
1655672879430074940 3492672
1655672879635536548 3247413
1655672879841236782 3385880
1655672880046864247 3349677
1655672880252488762 3345418
1655672880457998280 3240193
1655672880663581736 3288795
1655672880873518236 3325836
1655672881080176122 3655349
1655672881287710799 3726583
1655672881496791574 5230805
1655672881716661009 5018505
1655672882992637778 1061078047
1655672883217745325 15134875
1655672883429589118 7005191
1655672883643331595 8450013
1655672883857339920 7791228
1655672884072414005 8195282
1655672884285748588 6219111
1655672884500777529 6143022
1655672884715193785 7833708
1655672884931197678 4861003
1655672885145447093 6078419
1655672885360446580 7912450
1655672885577159226 7154504
1655672885793160729 4876691
1655672886008020333 8730712
1655672886224052665 4828008
1655672886439154491 8634066
1655672886655048598 5491001
1655672886871772589 10172371
1655672887095901692 8791199
1655672887311527350 5506868
1655672887524287480 4318984
1655672887749220457 4760789
1655672887957116396 4446516
1655672888170634726 6112883
1655672888384354100 6002680
1655672888591910981 3909187
1655672888802802542 5903577
1655672889014146927 4354078
1655672889222099008 4330459
1655672889433072754 5575389
1655672889641893858 4503666
1655672889851802767 5776725
1655672890079482805 10152374
1655672890294337859 6140982
1655672890508541385 6462530
1655672890724655308 3733585
1655672890939863734 7294097
1655672891158426486 10042198
1655672891375820524 14490524
1655672891587447664 7392917
1655672891793844608 3515709
1655672891999694618 3131359
1655672892212669079 6649611
1655672892431830202 12451206
1655672892641709840 7334292
1655672892847592007 3484982
1655672893053294050 3450180
1655672893259607738 3798120
1655672893465615653 3361028
1655672893671821909 3601004
1655672893877663843 3554652
1655672894083539431 3418097
1655672894289148729 3347448
1655672894494623545 3216809
1655672894700136310 3250658
1655672894905212862 2752689
1655672895120679172 7115276
1655672895341795917 7858581
1655672895557794609 3615762
1655672895784645843 20034512
1655672895998137795 10206929
1655672896214852474 6015104
1655672896426717498 4191995
1655672896636751411 6411411
1655672896873383416 26075790
1655672897089818671 5694478
1655672897304533805 10306975
1655672897519574954 7000551
1655672897755338782 11243762
1655672897966793015 4832019
1655672898179309829 8211419
1655672898394719128 10404956
1655672898614629094 7450634
1655672898829275453 10297574
1655672899035069949 3463577
1655672899240840988 3434276
1655672899447162532 3390820
1655672899654712853 4028247
1655672899870632516 11376712
1655672900100784487 11786070
1655672900323466138 8610330
1655672900547001531 11909464
1655672900771371423 16061013
1655672901008257684 22969246
1655672901221327424 6838574
1655672901434205917 6920027
1655672901645670180 4989685
1655672901858813022 6388884
1655672902073484756 8029701
1655672902289516921 7607675
1655672902500652499 5474246
1655672902713171381 4798652
1655672902924074574 6886237
1655672903133721975 5745500
1655672903343999185 6190243
1655672903551699860 3356813
1655672903758297798 3216097
1655672903964105686 3481207
1655672904171743233 5072828
1655672904378124972 3350375
1655672904584099230 3834584
1655672904789865549 3340549
1655672904995601979 3420175
1655672905200806413 2979927
1655672905406742397 2890247
1655672905615564684 4671700
1655672905829056300 4481278
1655672906041657372 7379273
1655672906258610610 5988304
1655672906473705423 7918356
1655672906689210796 3605114
1655672906905368143 9674215
1655672907121487056 10021774
1655672907341247230 12935999
1655672907563266562 4367798
1655672907777764978 7334105
1655672907996468621 5650551
1655672908211377138 7951087
1655672908426357456 10972331
1655672908647673565 10611442
1655672908868710418 8359313
1655672909098246153 22879763
1655672909320265761 5766213
1655672909537311584 8880593
1655672909768751568 15093683
1655672909988608761 6618230
1655672910200670403 6445492
1655672910408042476 3314725
1655672910613954232 2878626
1655672910820290659 4098763
1655672911027707516 3755436
1655672911235435214 3224293
1655672911442671315 3704900
1655672911649732420 3627199
1655672911858703749 3164778
1655672912072570804 6341718
1655672912287372359 8988941
1655672912502767963 11557910
1655672912719569376 14243874
1655672912936076438 6842312
1655672913149083490 5094831
1655672913361553195 4420046
1655672913572741633 7310142
1655672913785118448 7326906
1655672913996970223 9208797
1655672914204976510 5388588
1655672914412269280 4165629
1655672914620198391 4533056
1655672914826552595 4132674
1655672915033683383 4846236
1655672915240735376 4759402
1655672915451315890 7947118
1655672915661539280 7609731
1655672915876624819 6872654
1655672916088220462 3880807
1655672916298908424 6769522
1655672916512179517 6633463
1655672916725588211 9394249
1655672916937149552 6497526
1655672917149669338 10325565
1655672917363719832 4774617
1655672917590747866 4674473
1655672917800371522 2974834
1655672918007507749 3498877
1655672918216641348 5505278
1655672918427445494 5528772
1655672918638093824 3508552
1655672918846625439 4913108
1655672919055195018 4012453
1655672919263660974 4751225
1655672919472743814 4985976
1655672919683093886 7433705
1655672919895446718 8568248
