1656031825507956774 0
1656031826509513330 0
1656031827510634232 0
1656031828511780142 0
1656031829512841472 0
1656031830514020404 0
1656031831515168372 0
1656031832516290176 0
1656031833517411847 0
1656031834517837179 0
1656031835518971054 11
1656031836520077305 50
1656031837521193564 49
1656031838521824675 48
1656031839522815803 46
1656031840524396915 50
1656031841525513403 47
1656031842526638139 43
1656031843527781911 50
1656031844528928580 50
1656031845529817122 50
1656031846530922243 43
1656031847531838691 47
1656031848532958082 50
1656031849534095020 50
1656031850535356213 50
1656031851536466148 45
1656031852537575280 48
1656031853538683216 47
1656031854539811567 50
1656031855540806262 50
1656031856541910734 46
1656031857542818430 50
1656031858544019052 47
1656031859545131901 47
1656031860546331329 50
1656031861547522200 47
1656031862548906455 49
1656031863550018329 50
1656031864550825644 45
1656031865552075358 49
1656031866553171773 50
1656031867554259565 48
1656031868555501588 49
1656031869556601541 49
1656031870557815615 47
1656031871558920612 47
1656031872560042028 50
1656031873561141294 50
1656031874562252116 48
1656031875562814771 49
1656031876563825566 47
1656031877564833895 47
1656031878565873689 49
1656031879566821618 50
1656031880567820791 50
1656031881568820904 44
1656031882569935577 50
1656031883571041296 47
1656031884572150085 50
1656031885573261491 49
1656031886574088719 50
1656031887575287636 44
1656031888575817083 50
1656031889576922889 47
1656031890578176947 50
1656031891579381043 44
1656031892580499468 50
1656031893581814757 50
1656031894582933306 41
1656031895584168670 49
1656031896585279780 50
1656031897586387278 50
1656031898586818782 50
1656031899588375468 46
1656031900588802810 47
1656031901589900061 48
1656031902591018409 49
1656031903592129697 50
1656031904593254518 50
1656031905593837522 48
1656031906594954756 45
1656031907596062752 48
1656031908597453036 50
1656031909598711236 49
1656031910599990103 45
1656031911601127359 50
1656031912602242942 48
1656031913603380623 48
1656031914604505478 46
1656031915605628200 50
1656031916606465522 48
1656031917606823452 50
1656031918607308623 50
1656031919608411354 43
1656031920609624685 49
1656031921610843636 50
1656031922612067115 50
1656031923613300334 44
1656031924614417317 30
