1656032813963894444 0
1656032814965037495 0
1656032815966179208 0
1656032816967294066 0
1656032817968431685 0
1656032818969551193 0
1656032819970665543 0
1656032820971788457 0
1656032821972898298 0
1656032822974025576 0
1656032823975135526 114
1656032824976321004 82
1656032825977422315 138
1656032826978678562 115
1656032827979800424 137
1656032828980809408 120
1656032829981941156 112
1656032830983159555 163
1656032831984404101 137
1656032832984813761 118
1656032833985829674 80
1656032834986822436 54
1656032835987998976 80
1656032836989237660 152
1656032837990524254 146
1656032838990826356 134
1656032839991953531 97
1656032840993157040 161
1656032841994524414 119
1656032842995817290 91
1656032843996825924 122
1656032844998040330 108
1656032845999148654 113
1656032847000397598 217
1656032848000833060 135
1656032849002546696 115
1656032850002823409 88
1656032851003807888 131
1656032852005041063 177
1656032853006305509 127
1656032854007422241 109
1656032855008541532 155
1656032856009648179 137
1656032857010606564 98
1656032858011961215 105
1656032859012838197 178
1656032860014105840 126
1656032861015238531 94
1656032862016378698 72
1656032863016841824 196
1656032864017811010 150
1656032865018937713 106
1656032866019831892 119
1656032867020832908 134
1656032868021945514 219
1656032869022850654 182
1656032870024232686 138
1656032871024811922 151
1656032872025975453 106
1656032873026825667 157
1656032874027828086 102
1656032875028816917 160
1656032876029944909 141
1656032877031066562 86
1656032878032300833 143
1656032879033652109 120
1656032880034954269 103
1656032881035819627 215
1656032882037113296 148
1656032883038838999 128
1656032884040537793 38
1656032885041839744 76
1656032886042980324 106
1656032887044270746 124
1656032888045589709 112
1656032889045810788 151
1656032890046872762 164
1656032891047975713 80
1656032892049125455 116
1656032893049852271 107
1656032894050840961 110
1656032895052827455 142
1656032896053879612 128
1656032897054818235 128
1656032898056039278 127
1656032899057237076 139
1656032900058541587 101
1656032901059844944 88
1656032902060821175 143
1656032903062168612 151
1656032904063286317 92
1656032905063840779 106
1656032906064825336 125
1656032907065942151 90
1656032908067063996 154
1656032909068172385 161
1656032910068817345 137
1656032911070099040 58
1656032912071332233 97
