1656032936184655262 0
1656032937186219519 0
1656032938186846334 0
1656032939187965166 0
1656032940189082553 0
1656032941190191163 0
1656032942191315279 0
1656032943192427253 0
1656032944192828416 0
1656032945193833719 41
1656032946195044695 72
1656032947195819595 80
1656032948197067099 93
1656032949198169238 117
1656032950198819555 81
1656032951200845474 117
1656032952201817972 111
1656032953202938466 91
1656032954203677716 101
1656032955204096971 109
1656032956205224928 119
1656032957206340438 83
1656032958207554683 110
1656032959208687277 67
1656032960209911132 88
1656032961211154683 129
1656032962212607884 98
1656032963213727053 84
1656032964215025706 107
1656032965216142306 118
1656032966216815094 119
1656032967217924047 79
1656032968219062280 156
1656032969220174636 165
1656032970220812840 125
1656032971221097506 115
1656032972222327236 41
1656032973223703403 121
1656032974224811901 206
1656032975226044558 81
1656032976226803578 118
1656032977227906481 106
1656032978228807288 158
1656032979229817846 158
1656032980231436532 153
1656032981232653699 130
1656032982232837698 162
1656032983234042481 207
1656032984235262966 186
1656032985236670609 155
1656032986237801426 123
1656032987238932201 109
1656032988239850631 158
1656032989241139994 203
1656032990241814242 195
1656032991242924750 114
1656032992243856465 165
1656032993245131500 97
1656032994246429656 112
1656032995246825497 160
1656032996247964870 144
1656032997249208831 131
1656032998250449323 99
1656032999251731424 177
1656033000252824887 116
1656033001253936568 105
1656033002254839137 195
1656033003255821998 205
1656033004256826504 137
1656033005257933658 161
1656033006258839715 139
1656033007259959783 129
1656033008260815442 138
1656033009262166451 147
1656033010262913946 143
1656033011264593762 61
1656033012265696630 83
1656033013266945091 160
1656033014268177548 140
1656033015269416772 133
1656033016270699424 121
1656033017271840632 129
1656033018273003106 126
1656033019274200277 150
1656033020274809455 185
1656033021275934159 193
1656033022277082812 71
1656033023278359574 63
1656033024278830092 108
1656033025279824468 143
1656033026281269598 128
1656033027282419139 166
1656033028283541354 149
1656033029284387764 116
1656033030285666627 117
1656033031286940619 108
1656033032288088469 81
1656033033289424407 139
1656033034290682653 141
