1656033058605573514 0
1656033059606464794 0
1656033060606829775 0
1656033061607814033 0
1656033062608932289 0
1656033063609823033 0
1656033064610835836 0
1656033065611952621 0
1656033066613098998 0
1656033067614222078 4
1656033068615355571 91
1656033069616688293 107
1656033070617804473 147
1656033071619274096 107
1656033072620713157 96
1656033073621947187 139
1656033074622828173 137
1656033075624028107 88
1656033076625121230 163
1656033077626237034 175
1656033078627370263 125
1656033079628641562 97
1656033080629736001 120
1656033081630873622 125
1656033082631820644 148
1656033083632919738 190
1656033084634170663 123
1656033085635627413 107
1656033086636736685 72
1656033087637817200 118
1656033088638923244 193
1656033089639808684 128
1656033090640813018 119
1656033091641809282 94
1656033092643362388 117
1656033093643822949 136
1656033094645398862 113
1656033095646616862 107
1656033096647850125 130
1656033097649137113 96
1656033098650600401 105
1656033099650841660 142
1656033100651970661 141
1656033101653100413 124
1656033102654230141 150
1656033103655377552 191
1656033104657131983 102
1656033105658369182 135
1656033106659473240 172
1656033107660589617 91
1656033108660826900 99
1656033109662819319 89
1656033110663928940 70
1656033111665071424 117
1656033112666340955 96
1656033113667905889 118
1656033114668845478 103
1656033115669953698 202
1656033116671065866 114
1656033117671827340 121
1656033118672980410 115
1656033119673809991 85
1656033120674966044 110
1656033121675815739 100
1656033122676836213 139
1656033123678074230 136
1656033124679335350 94
1656033125680619674 156
1656033126681798830 131
1656033127682821830 138
1656033128684063434 79
1656033129684820589 122
1656033130686054602 131
1656033131687450165 94
1656033132688601988 94
1656033133689899913 119
1656033134691217405 165
1656033135691825868 96
1656033136692966202 74
1656033137694070288 115
1656033138695407325 119
1656033139695831700 113
1656033140696941816 100
1656033141698142049 165
1656033142699379091 138
1656033143699819295 149
1656033144701036068 123
1656033145702398725 131
1656033146703520577 154
1656033147704729454 160
1656033148705929420 137
1656033149706828583 117
1656033150707978768 126
1656033151708835510 200
1656033152709830733 134
1656033153711036272 95
1656033154712243390 105
1656033155713513983 91
1656033156714941357 149
