1656033181768297326 0
1656033182769907116 0
1656033183771005350 0
1656033184772242306 0
1656033185773387652 0
1656033186774554559 0
1656033187774865260 0
1656033188775992166 0
1656033189777167986 0
1656033190778332836 0
1656033191779459516 68
1656033192780673097 108
1656033193782007976 115
1656033194782874705 188
1656033195783810627 138
1656033196785069178 126
1656033197786219981 140
1656033198786833736 79
1656033199788636316 104
1656033200789824325 76
1656033201790946724 102
1656033202792163484 82
1656033203793327600 98
1656033204793832209 130
1656033205794972278 69
1656033206795827683 116
1656033207796953298 209
1656033208798095070 222
1656033209799252434 147
1656033210800547921 67
1656033211800797477 79
1656033212801813140 156
1656033213803083319 178
1656033214804664539 195
1656033215805936968 184
1656033216806800466 140
1656033217807799193 92
1656033218808813173 143
1656033219809918540 137
1656033220811038123 86
1656033221812181287 96
1656033222813399024 79
1656033223813805731 124
1656033224815071246 93
1656033225816332062 86
1656033226817446197 93
1656033227817799413 184
1656033228818987777 84
1656033229820190461 139
1656033230821459023 116
1656033231822658131 185
1656033232823970774 173
1656033233825211503 124
1656033234826513947 114
1656033235827895223 128
1656033236828822371 136
1656033237829934563 54
1656033238831095453 100
1656033239831814667 161
1656033240833006173 69
1656033241834108788 37
1656033242835203833 58
1656033243836325149 134
1656033244836811527 133
1656033245838040854 83
1656033246839251350 121
1656033247840367543 128
1656033248841561553 127
1656033249842818623 156
1656033250843954742 97
1656033251845154545 77
1656033252846407750 116
1656033253847511497 107
1656033254848735598 82
1656033255849816777 101
1656033256850924655 129
1656033257851835112 184
1656033258853069106 177
1656033259854232881 112
1656033260855368922 91
1656033261856573457 142
1656033262857901263 199
1656033263858815056 151
1656033264859914736 175
1656033265860827642 129
1656033266861830937 83
1656033267862832238 156
1656033268863840608 94
1656033269865064890 130
1656033270866158936 106
1656033271867512731 120
1656033272868897658 121
1656033273869826678 164
1656033274871036786 124
1656033275872356701 110
1656033276872817373 117
1656033277873938296 104
1656033278875151233 115
1656033279875816610 184
