1656031948705883221 0
1656031949706829097 0
1656031950707974464 0
1656031951709096159 0
1656031952710216953 0
1656031953711330391 0
1656031954712449386 0
1656031955713567455 0
1656031956714678386 0
1656031957714806330 4
1656031958715930552 72
1656031959716927655 70
1656031960717803931 75
1656031961718921275 67
1656031962719831363 73
1656031963721072707 69
1656031964722255693 60
1656031965723402716 75
1656031966724817807 73
1656031967725926435 69
1656031968727127112 70
1656031969727854691 74
1656031970729130238 74
1656031971729809282 75
1656031972730773285 66
1656031973731825538 72
1656031974732813970 75
1656031975733916989 69
1656031976734815825 73
1656031977735861171 73
1656031978737140057 75
1656031979738343511 71
1656031980738827597 71
1656031981739944469 73
1656031982740819770 75
1656031983741815025 70
1656031984742926051 75
1656031985744048195 72
1656031986745161431 70
1656031987746701829 73
1656031988747833277 74
1656031989748832299 71
1656031990749949335 75
1656031991750833046 72
1656031992752055215 69
1656031993752832704 75
1656031994754095662 71
1656031995754820711 69
1656031996755935247 74
1656031997757206515 68
1656031998758401710 60
1656031999759526921 68
1656032000760833186 75
1656032001761935761 74
1656032002762849104 71
1656032003764067855 72
1656032004765289100 68
1656032005766422924 75
1656032006766809742 62
1656032007767842351 61
1656032008768994394 69
1656032009770206415 68
1656032010771319956 66
1656032011772436104 74
1656032012773498082 75
1656032013773831724 71
1656032014774928036 74
1656032015776044299 65
1656032016777276943 65
1656032017777818619 68
1656032018779262766 66
1656032019779814135 75
1656032020780967996 72
1656032021782082775 70
1656032022783614002 74
1656032023784816546 73
1656032024786421658 71
1656032025786833997 72
1656032026787953747 72
1656032027789210793 74
1656032028790443791 74
1656032029791551455 68
1656032030792742608 75
1656032031793853526 72
1656032032795028816 65
1656032033796251357 75
1656032034796821699 72
1656032035797917891 70
1656032036798813548 72
1656032037799908641 72
1656032038800841981 75
1656032039802060904 72
1656032040803271663 70
1656032041804386134 75
1656032042805608451 72
1656032043806816080 74
1656032044808017755 69
1656032045808812488 75
1656032046809910246 70
1656032047811027266 58
