1656031579191901917 0
1656031580193070132 0
1656031581194217274 0
1656031582194652741 0
1656031583194836492 0
1656031584195818973 0
1656031585196819337 0
1656031586197960776 0
1656031587199068835 0
1656031588200182959 0
1656031589201231690 8
1656031590201818683 10
1656031591202826915 10
1656031592203844526 10
1656031593204948936 8
1656031594206063006 10
1656031595207169343 10
1656031596208310301 10
1656031597209417331 10
1656031598210513002 10
1656031599211924569 8
1656031600213063486 10
1656031601214185384 10
1656031602215298434 10
1656031603216415752 10
1656031604217522800 10
1656031605218653710 8
1656031606219791264 10
1656031607220925606 10
1656031608222037412 10
1656031609223145029 10
1656031610223820370 10
1656031611224806709 10
1656031612225925857 8
1656031613227034363 10
1656031614228141659 10
1656031615229256058 10
1656031616230358845 10
1656031617231454978 10
1656031618231810253 8
1656031619232919197 10
1656031620234056688 10
1656031621235288537 10
1656031622236405636 10
1656031623237509662 10
1656031624238604256 10
1656031625239701422 8
1656031626239985753 10
1656031627241091640 10
1656031628242205361 10
1656031629243311382 10
1656031630243811924 10
1656031631244933935 8
1656031632246052010 10
1656031633247159701 10
1656031634248277037 10
1656031635249382586 10
1656031636250491911 10
1656031637250816415 10
1656031638252005629 8
1656031639253134734 10
1656031640254276098 10
1656031641255396067 10
1656031642256537175 10
1656031643257645418 10
1656031644257829443 8
1656031645258953486 10
1656031646260091071 10
1656031647261227154 10
1656031648262288832 10
1656031649262821564 10
1656031650264215918 8
1656031651265810212 10
1656031652266937064 10
1656031653268058953 10
1656031654269174675 10
1656031655270282545 10
1656031656271379968 10
1656031657272493109 8
1656031658273612547 10
1656031659274747390 10
1656031660275912218 10
1656031661277029169 10
1656031662278158567 10
1656031663279281910 8
1656031664280407755 10
1656031665281630984 10
1656031666282742754 10
1656031667283871841 10
1656031668285001540 10
1656031669285808990 10
1656031670286923506 8
1656031671288051447 10
1656031672289167446 10
1656031673290297722 10
1656031674291403276 10
1656031675292556592 10
1656031676293679913 8
1656031677294816910 10
