1656032072478366887 0
1656032073479540621 0
1656032074480661920 0
1656032075481801169 0
1656032076482921364 0
1656032077484051803 0
1656032078485088240 0
1656032079486204789 0
1656032080487372820 0
1656032081488531802 0
1656032082488803909 53
1656032083489913117 79
1656032084491504686 69
1656032085492606712 92
1656032086494159059 91
1656032087494831633 99
1656032088496042212 95
1656032089496809648 93
1656032090498450148 97
1656032091498816605 95
1656032092499948677 95
1656032093501814055 95
1656032094503108586 97
1656032095503807882 99
1656032096504812799 90
1656032097505949390 99
1656032098507072576 95
1656032099508178315 97
1656032100509757279 95
1656032101510800914 97
1656032102511900140 92
1656032103513010649 93
1656032104514226759 100
1656032105515507220 94
1656032106516730459 90
1656032107517883655 100
1656032108519532851 91
1656032109520833540 100
1656032110521947662 92
1656032111523256977 90
1656032112523809877 100
1656032113524932415 92
1656032114526145017 99
1656032115527379579 90
1656032116528605347 99
1656032117529727798 92
1656032118530912612 100
1656032119532069367 90
1656032120532805780 100
1656032121534328122 94
1656032122535816910 98
1656032123536922021 93
1656032124538333617 100
1656032125539429807 91
1656032126540808915 99
1656032127542220612 98
1656032128543436609 95
1656032129544539482 99
1656032130545824166 95
1656032131546846222 94
1656032132548039090 95
1656032133549253644 99
1656032134550289836 92
1656032135550818437 97
1656032136552138345 90
1656032137553232042 98
1656032138553808889 93
1656032139554914720 96
1656032140556033990 99
1656032141557137731 90
1656032142558393601 99
1656032143559574316 98
1656032144559826671 96
1656032145560831480 95
1656032146562115506 92
1656032147562850885 100
1656032148563832277 94
1656032149564829102 77
1656032150566036527 70
1656032151566835603 93
1656032152567810724 94
1656032153568822364 95
1656032154569814677 100
1656032155571075232 91
1656032156571875241 94
1656032157572977775 100
1656032158574175729 96
1656032159574807686 97
1656032160575810101 94
1656032161576818856 99
1656032162578014787 95
1656032163579373817 82
1656032164580592020 68
1656032165581695781 88
1656032166582814889 100
1656032167583802472 95
1656032168584907719 94
1656032169586004768 97
1656032170587109194 98
