1656032195705882458 0
1656032196707307230 0
1656032197708422295 0
1656032198709622212 0
1656032199710844429 0
1656032200711966191 0
1656032201713076426 0
1656032202714193566 0
1656032203715300938 0
1656032204715856145 0
1656032205716986059 53
1656032206718249565 118
1656032207719434735 113
1656032208721031252 117
1656032209721807148 122
1656032210723412684 119
1656032211724664683 120
1656032212725023153 117
1656032213726123597 117
1656032214726807702 123
1656032215727801713 121
1656032216728801433 121
1656032217729816996 118
1656032218730837634 115
1656032219731811231 123
1656032220732910921 117
1656032221734089275 121
1656032222735071976 119
1656032223735805750 119
1656032224736802446 115
1656032225737803992 116
1656032226738913317 112
1656032227740307576 121
1656032228741827218 120
1656032229742825936 118
1656032230743936951 117
1656032231744810367 122
1656032232745912661 120
1656032233747117957 118
1656032234748698637 123
1656032235750243833 113
1656032236750810658 118
1656032237752334334 105
1656032238752804612 117
1656032239753806511 111
1656032240754816119 123
1656032241755807657 119
1656032242756911725 121
1656032243758023854 119
1656032244758802422 121
1656032245759927910 118
1656032246760841065 120
1656032247761823276 114
1656032248762112485 119
1656032249763207430 118
1656032250763748790 108
1656032251764816504 115
1656032252765802576 101
1656032253766967581 117
1656032254768102362 118
1656032255768817755 122
1656032256769802114 118
1656032257770824946 123
1656032258772012307 115
1656032259773582746 123
1656032260774849914 115
1656032261776090617 113
1656032262776860362 120
1656032263778077161 117
1656032264778804217 120
1656032265780371203 116
1656032266781906551 112
1656032267783025157 112
1656032268784269083 116
1656032269785887988 117
1656032270787075331 116
1656032271787840301 123
1656032272788937639 115
1656032273789829652 123
1656032274790800729 117
1656032275791908228 122
1656032276792804309 121
1656032277793905921 119
1656032278794834881 121
1656032279796078063 117
1656032280797286810 119
1656032281798902309 117
1656032282800025331 115
1656032283801341914 115
1656032284802528874 114
1656032285803730154 115
1656032286804897259 117
1656032287805540118 118
1656032288806722297 120
1656032289807923008 118
1656032290809021022 124
1656032291810204671 116
1656032292811317532 123
1656032293811910939 121
