1656032319308903061 0
1656032320310066326 0
1656032321311211239 0
1656032322312355027 0
1656032323313490434 0
1656032324314618540 0
1656032325315750812 0
1656032326316912671 0
1656032327318075492 0
1656032328318816171 9
1656032329319853355 83
1656032330321366742 157
1656032331322600246 137
1656032332323716303 120
1656032333324993257 118
1656032334326210140 97
1656032335327593862 77
1656032336328725154 71
1656032337329811776 88
1656032338330800562 194
1656032339331811128 86
1656032340333025800 97
1656032341334403275 81
1656032342335540075 106
1656032343336642316 98
1656032344337853323 116
1656032345338817386 181
1656032346339835222 207
1656032347340816987 226
1656032348342178966 147
1656032349343321761 83
1656032350344495884 72
1656032351345860583 125
1656032352346803144 227
1656032353348033223 202
1656032354348805617 203
1656032355349808543 226
1656032356351028385 143
1656032357351800536 122
1656032358352813945 142
1656032359354015045 118
1656032360355255700 210
1656032361356351963 216
1656032362357567722 227
1656032363358881323 175
1656032364359812699 83
1656032365360822199 116
1656032366362641629 118
1656032367363959873 190
1656032368364819944 78
1656032369365946252 97
1656032370367065890 95
1656032371368352386 82
1656032372369612568 144
1656032373369815481 72
1656032374370924002 164
1656032375372223475 98
1656032376373338743 82
1656032377374453852 104
1656032378374836072 124
1656032379376067388 176
1656032380377287573 218
1656032381378442482 238
1656032382379594711 183
1656032383380701063 131
1656032384380832706 144
1656032385382019572 103
1656032386383138456 73
1656032387384429592 135
1656032388385547497 134
1656032389386777694 124
1656032390387813365 108
1656032391389003183 123
1656032392390316837 187
1656032393390823715 83
1656032394391822422 56
1656032395393030580 137
1656032396394223855 107
1656032397394818055 94
1656032398395949634 144
1656032399397076474 107
1656032400398533443 126
1656032401398815236 124
1656032402399833909 98
1656032403400894636 94
1656032404401848261 101
1656032405402828169 78
1656032406404050594 117
1656032407404844726 207
1656032408405846312 217
1656032409406986122 84
1656032410407807225 93
1656032411408828410 156
1656032412410137969 195
1656032413411256495 179
1656032414412472203 68
1656032415413691378 98
1656032416414814695 177
1656032417415825321 215
