1656032442295879581 0
1656032443297019431 0
1656032444298417126 0
1656032445299542421 0
1656032446300450394 0
1656032447301587832 0
1656032448302694225 0
1656032449303805572 0
1656032450305096531 0
1656032451306193187 0
1656032452307305789 97
1656032453308936374 167
1656032454310061277 163
1656032455311277711 135
1656032456312518044 120
1656032457313831359 143
1656032458314943024 71
1656032459315804265 140
1656032460316921933 133
1656032461318041906 97
1656032462319156554 101
1656032463320352643 119
1656032464321784566 126
1656032465322885040 119
1656032466324170928 88
1656032467324824301 86
1656032468325807010 109
1656032469327248377 115
1656032470328356955 111
1656032471329466997 107
1656032472330582409 133
1656032473331697864 116
1656032474332850558 53
1656032475333831126 124
1656032476335063467 120
1656032477335833290 96
1656032478336935187 118
1656032479338168377 108
1656032480338821793 121
1656032481340105623 94
1656032482341224844 87
1656032483341914258 80
1656032484343036667 133
1656032485344161138 163
1656032486344834003 109
1656032487345819599 201
1656032488347238667 94
1656032489347829465 88
1656032490348807074 163
1656032491349822724 197
1656032492351054037 145
1656032493352461974 114
1656032494353725282 109
1656032495355020348 79
1656032496355812893 186
1656032497356821190 106
1656032498358028144 108
1656032499359293245 70
1656032500360409622 124
1656032501361685566 104
1656032502362796574 84
1656032503363832608 114
1656032504365050298 187
1656032505366284588 145
1656032506366863349 143
1656032507368077572 118
1656032508369286856 102
1656032509369823469 98
1656032510370925266 233
1656032511371813989 210
1656032512373116387 199
1656032513373942371 155
1656032514374810463 137
1656032515375922858 192
1656032516377018914 201
1656032517378577517 178
1656032518379855282 78
1656032519381188366 89
1656032520381807742 164
1656032521383027454 163
1656032522384304178 115
1656032523385416893 122
1656032524386649649 91
1656032525388041377 87
1656032526389167791 129
1656032527390398193 129
1656032528391530711 127
1656032529392678064 87
1656032530393948028 166
1656032531394858424 90
1656032532395961740 100
1656032533397282758 39
1656032534397818690 156
1656032535399614492 238
1656032536400828782 181
1656032537401830427 189
1656032538402831865 139
1656032539403946769 116
1656032540404853004 113
