1656032566408925808 0
1656032567410086841 0
1656032568411208559 0
1656032569412322323 0
1656032570413450781 0
1656032571414577808 0
1656032572414834864 0
1656032573415992805 0
1656032574417238038 0
1656032575417820443 51
1656032576418850387 134
1656032577419992471 159
1656032578420815458 100
1656032579422115925 75
1656032580423409639 92
1656032581424818020 199
1656032582425948411 217
1656032583426825018 203
1656032584427804859 229
1656032585428818505 153
1656032586429951166 141
1656032587430820617 107
1656032588431942464 115
1656032589432874630 208
1656032590434423222 95
1656032591434809129 123
1656032592436165402 97
1656032593437292356 94
1656032594437827564 108
1656032595438967411 58
1656032596440065400 100
1656032597440820386 130
1656032598442031463 112
1656032599443132574 91
1656032600444337126 120
1656032601445563133 111
1656032602446697719 108
1656032603447803968 72
1656032604449189573 118
1656032605449824490 81
1656032606450940784 86
1656032607452040483 188
1656032608452829927 219
1656032609453937710 108
1656032610455562299 105
1656032611457325964 75
1656032612458473179 166
1656032613459842136 181
1656032614460977193 89
1656032615461839349 124
1656032616462820828 106
1656032617463810078 70
1656032618465018495 111
1656032619465809020 117
1656032620466919940 103
1656032621468128777 105
1656032622469400558 89
1656032623470516436 119
1656032624471828512 89
1656032625472817280 87
1656032626473822364 110
1656032627475051586 79
1656032628475828328 73
1656032629476948326 115
1656032630478573807 204
1656032631479927334 158
1656032632481092017 90
1656032633481852357 133
1656032634483025571 195
1656032635484429091 58
1656032636485830491 131
1656032637487059618 107
1656032638488171604 85
1656032639489306255 81
1656032640490519231 181
1656032641490810584 225
1656032642492048561 196
1656032643493699011 120
1656032644494821623 84
1656032645495852413 149
1656032646496957591 200
1656032647498131291 76
1656032648499376210 122
1656032649500657191 122
1656032650501843563 117
1656032651503257645 113
1656032652504483344 110
1656032653505601081 111
1656032654505828626 60
1656032655506824702 90
1656032656508452266 116
1656032657509686340 119
1656032658510962538 162
1656032659512160037 186
1656032660513307747 197
1656032661514679044 60
1656032662515851052 118
1656032663516811242 94
1656032664518055569 113
