1656032689008642917 0
1656032690010248288 0
1656032691011387608 0
1656032692011837454 0
1656032693012964004 0
1656032694014080785 0
1656032695015519399 0
1656032696016643818 0
1656032697017775074 0
1656032698018854520 0
1656032699019818131 6
1656032700020928694 80
1656032701021814841 151
1656032702023055383 69
1656032703024195844 120
1656032704025444508 79
1656032705026804693 84
1656032706028024104 94
1656032707028817775 94
1656032708029966274 96
1656032709030822543 139
1656032710032410102 161
1656032711033628906 156
1656032712034832800 120
1656032713036065679 79
1656032714036897570 119
1656032715037807009 163
1656032716039014232 137
1656032717040269255 103
1656032718041394837 139
1656032719042512605 108
1656032720043795851 75
1656032721045144703 78
1656032722045818433 128
1656032723046816660 222
1656032724048281462 152
1656032725048828798 124
1656032726050245338 168
1656032727051670228 145
1656032728052823866 159
1656032729053958464 141
1656032730054830381 150
1656032731055835144 90
1656032732057153338 87
1656032733058321970 89
1656032734059565819 88
1656032735061194253 105
1656032736062390580 143
1656032737062805880 212
1656032738063805527 137
1656032739065084726 197
1656032740065938776 160
1656032741067055086 85
1656032742068179269 134
1656032743068823866 149
1656032744070215316 122
1656032745071417347 134
1656032746072646623 102
1656032747073812742 106
1656032748074950151 169
1656032749076054352 94
1656032750077233967 104
1656032751078643394 141
1656032752079972595 132
1656032753080835631 66
1656032754082489718 139
1656032755083740627 136
1656032756084897715 75
1656032757086043409 85
1656032758087312418 131
1656032759088464012 115
1656032760088827140 119
1656032761090198059 160
1656032762091426727 186
1656032763092718035 134
1656032764093853088 114
1656032765094969942 102
1656032766095807201 149
1656032767096948820 214
1656032768098280245 115
1656032769099410999 105
1656032770100641639 104
1656032771101833869 124
1656032772103093168 89
1656032773104348880 148
1656032774104824657 102
1656032775106415416 106
1656032776107417820 102
1656032777108545543 117
1656032778109743251 98
1656032779110910417 104
1656032780112222635 110
1656032781113563257 138
1656032782114899599 124
1656032783116134228 148
1656032784116559635 136
1656032785116863670 150
1656032786118160650 112
1656032787119375711 76
1656032788119849553 175
